# EXPLAIN JSON Export - Q9 All Seeds

**Generated:** 2025-11-07 23:10:53

**Total Queries:** 150

---

## 1. Q9_100_seed_812199069.sql

**File Path:** `/Users/brunowinter2000/Documents/Thesis/2025_2026/Plan-Level/Generated_Queries/Q9/Q9_100_seed_812199069.sql`

### EXPLAIN JSON

```json
[
  {
    "Plan": {
      "Node Type": "Sort",
      "Parallel Aware": false,
      "Async Capable": false,
      "Startup Cost": 215550.82,
      "Total Cost": 215701.2,
      "Plan Rows": 60150,
      "Plan Width": 168,
      "Output": [
        "nation.n_name",
        "(EXTRACT(year FROM orders.o_orderdate))",
        "(sum(((lineitem.l_extendedprice * ('1'::numeric - lineitem.l_discount)) - (partsupp.ps_supplycost * lineitem.l_quantity))))"
      ],
      "Sort Key": [
        "nation.n_name",
        "(EXTRACT(year FROM orders.o_orderdate)) DESC"
      ],
      "Plans": [
        {
          "Node Type": "Aggregate",
          "Strategy": "Hashed",
          "Partial Mode": "Finalize",
          "Parent Relationship": "Outer",
          "Parallel Aware": false,
          "Async Capable": false,
          "Startup Cost": 209873.78,
          "Total Cost": 210776.03,
          "Plan Rows": 60150,
          "Plan Width": 168,
          "Output": [
            "nation.n_name",
            "(EXTRACT(year FROM orders.o_orderdate))",
            "sum(((lineitem.l_extendedprice * ('1'::numeric - lineitem.l_discount)) - (partsupp.ps_supplycost * lineitem.l_quantity)))"
          ],
          "Group Key": [
            "nation.n_name",
            "(EXTRACT(year FROM orders.o_orderdate))"
          ],
          "Planned Partitions": 0,
          "Plans": [
            {
              "Node Type": "Gather",
              "Parent Relationship": "Outer",
              "Parallel Aware": false,
              "Async Capable": false,
              "Startup Cost": 189122.03,
              "Total Cost": 208069.28,
              "Plan Rows": 180450,
              "Plan Width": 168,
              "Output": [
                "nation.n_name",
                "(EXTRACT(year FROM orders.o_orderdate))",
                "(PARTIAL sum(((lineitem.l_extendedprice * ('1'::numeric - lineitem.l_discount)) - (partsupp.ps_supplycost * lineitem.l_quantity))))"
              ],
              "Workers Planned": 3,
              "Single Copy": false,
              "Plans": [
                {
                  "Node Type": "Aggregate",
                  "Strategy": "Hashed",
                  "Partial Mode": "Partial",
                  "Parent Relationship": "Outer",
                  "Parallel Aware": false,
                  "Async Capable": false,
                  "Startup Cost": 188122.03,
                  "Total Cost": 189024.28,
                  "Plan Rows": 60150,
                  "Plan Width": 168,
                  "Output": [
                    "nation.n_name",
                    "(EXTRACT(year FROM orders.o_orderdate))",
                    "PARTIAL sum(((lineitem.l_extendedprice * ('1'::numeric - lineitem.l_discount)) - (partsupp.ps_supplycost * lineitem.l_quantity)))"
                  ],
                  "Group Key": [
                    "nation.n_name",
                    "EXTRACT(year FROM orders.o_orderdate)"
                  ],
                  "Planned Partitions": 0,
                  "Plans": [
                    {
                      "Node Type": "Hash Join",
                      "Parent Relationship": "Outer",
                      "Parallel Aware": true,
                      "Async Capable": false,
                      "Join Type": "Inner",
                      "Startup Cost": 151918.84,
                      "Total Cost": 185406.38,
                      "Plan Rows": 155180,
                      "Plan Width": 159,
                      "Output": [
                        "nation.n_name",
                        "EXTRACT(year FROM orders.o_orderdate)",
                        "lineitem.l_extendedprice",
                        "lineitem.l_discount",
                        "partsupp.ps_supplycost",
                        "lineitem.l_quantity"
                      ],
                      "Inner Unique": false,
                      "Hash Cond": "(orders.o_orderkey = lineitem.l_orderkey)",
                      "Plans": [
                        {
                          "Node Type": "Seq Scan",
                          "Parent Relationship": "Outer",
                          "Parallel Aware": true,
                          "Async Capable": false,
                          "Relation Name": "orders",
                          "Schema": "public",
                          "Alias": "orders",
                          "Startup Cost": 0.0,
                          "Total Cost": 30974.71,
                          "Plan Rows": 483871,
                          "Plan Width": 8,
                          "Output": [
                            "orders.o_orderkey",
                            "orders.o_custkey",
                            "orders.o_orderstatus",
                            "orders.o_totalprice",
                            "orders.o_orderdate",
                            "orders.o_orderpriority",
                            "orders.o_clerk",
                            "orders.o_shippriority",
                            "orders.o_comment"
                          ]
                        },
                        {
                          "Node Type": "Hash",
                          "Parent Relationship": "Inner",
                          "Parallel Aware": true,
                          "Async Capable": false,
                          "Startup Cost": 150716.21,
                          "Total Cost": 150716.21,
                          "Plan Rows": 96211,
                          "Plan Width": 131,
                          "Output": [
                            "lineitem.l_extendedprice",
                            "lineitem.l_discount",
                            "lineitem.l_quantity",
                            "lineitem.l_orderkey",
                            "partsupp.ps_supplycost",
                            "nation.n_name"
                          ],
                          "Plans": [
                            {
                              "Node Type": "Hash Join",
                              "Parent Relationship": "Outer",
                              "Parallel Aware": true,
                              "Async Capable": false,
                              "Join Type": "Inner",
                              "Startup Cost": 17111.79,
                              "Total Cost": 150716.21,
                              "Plan Rows": 96211,
                              "Plan Width": 131,
                              "Output": [
                                "lineitem.l_extendedprice",
                                "lineitem.l_discount",
                                "lineitem.l_quantity",
                                "lineitem.l_orderkey",
                                "partsupp.ps_supplycost",
                                "nation.n_name"
                              ],
                              "Inner Unique": false,
                              "Hash Cond": "((lineitem.l_suppkey = supplier.s_suppkey) AND (lineitem.l_partkey = partsupp.ps_partkey))",
                              "Plans": [
                                {
                                  "Node Type": "Seq Scan",
                                  "Parent Relationship": "Outer",
                                  "Parallel Aware": true,
                                  "Async Capable": false,
                                  "Relation Name": "lineitem",
                                  "Schema": "public",
                                  "Alias": "lineitem",
                                  "Startup Cost": 0.0,
                                  "Total Cost": 124602.43,
                                  "Plan Rows": 1200243,
                                  "Plan Width": 29,
                                  "Output": [
                                    "lineitem.l_orderkey",
                                    "lineitem.l_partkey",
                                    "lineitem.l_suppkey",
                                    "lineitem.l_linenumber",
                                    "lineitem.l_quantity",
                                    "lineitem.l_extendedprice",
                                    "lineitem.l_discount",
                                    "lineitem.l_tax",
                                    "lineitem.l_returnflag",
                                    "lineitem.l_linestatus",
                                    "lineitem.l_shipdate",
                                    "lineitem.l_commitdate",
                                    "lineitem.l_receiptdate",
                                    "lineitem.l_shipinstruct",
                                    "lineitem.l_shipmode",
                                    "lineitem.l_comment"
                                  ]
                                },
                                {
                                  "Node Type": "Hash",
                                  "Parent Relationship": "Inner",
                                  "Parallel Aware": true,
                                  "Async Capable": false,
                                  "Startup Cost": 16710.99,
                                  "Total Cost": 16710.99,
                                  "Plan Rows": 26720,
                                  "Plan Width": 126,
                                  "Output": [
                                    "part.p_partkey",
                                    "partsupp.ps_supplycost",
                                    "partsupp.ps_suppkey",
                                    "partsupp.ps_partkey",
                                    "supplier.s_suppkey",
                                    "nation.n_name"
                                  ],
                                  "Plans": [
                                    {
                                      "Node Type": "Hash Join",
                                      "Parent Relationship": "Outer",
                                      "Parallel Aware": false,
                                      "Async Capable": false,
                                      "Join Type": "Inner",
                                      "Startup Cost": 449.99,
                                      "Total Cost": 16710.99,
                                      "Plan Rows": 26720,
                                      "Plan Width": 126,
                                      "Output": [
                                        "part.p_partkey",
                                        "partsupp.ps_supplycost",
                                        "partsupp.ps_suppkey",
                                        "partsupp.ps_partkey",
                                        "supplier.s_suppkey",
                                        "nation.n_name"
                                      ],
                                      "Inner Unique": true,
                                      "Hash Cond": "(supplier.s_nationkey = nation.n_nationkey)",
                                      "Plans": [
                                        {
                                          "Node Type": "Hash Join",
                                          "Parent Relationship": "Outer",
                                          "Parallel Aware": false,
                                          "Async Capable": false,
                                          "Join Type": "Inner",
                                          "Startup Cost": 448.43,
                                          "Total Cost": 16627.4,
                                          "Plan Rows": 26720,
                                          "Plan Width": 26,
                                          "Output": [
                                            "part.p_partkey",
                                            "partsupp.ps_supplycost",
                                            "partsupp.ps_suppkey",
                                            "partsupp.ps_partkey",
                                            "supplier.s_suppkey",
                                            "supplier.s_nationkey"
                                          ],
                                          "Inner Unique": true,
                                          "Hash Cond": "(partsupp.ps_suppkey = supplier.s_suppkey)",
                                          "Plans": [
                                            {
                                              "Node Type": "Nested Loop",
                                              "Parent Relationship": "Outer",
                                              "Parallel Aware": false,
                                              "Async Capable": false,
                                              "Join Type": "Inner",
                                              "Startup Cost": 0.42,
                                              "Total Cost": 16109.23,
                                              "Plan Rows": 26720,
                                              "Plan Width": 18,
                                              "Output": [
                                                "part.p_partkey",
                                                "partsupp.ps_supplycost",
                                                "partsupp.ps_suppkey",
                                                "partsupp.ps_partkey"
                                              ],
                                              "Inner Unique": false,
                                              "Plans": [
                                                {
                                                  "Node Type": "Seq Scan",
                                                  "Parent Relationship": "Outer",
                                                  "Parallel Aware": true,
                                                  "Async Capable": false,
                                                  "Relation Name": "part",
                                                  "Schema": "public",
                                                  "Alias": "part",
                                                  "Startup Cost": 0.0,
                                                  "Total Cost": 5169.67,
                                                  "Plan Rows": 6680,
                                                  "Plan Width": 4,
                                                  "Output": [
                                                    "part.p_partkey",
                                                    "part.p_name",
                                                    "part.p_mfgr",
                                                    "part.p_brand",
                                                    "part.p_type",
                                                    "part.p_size",
                                                    "part.p_container",
                                                    "part.p_retailprice",
                                                    "part.p_comment"
                                                  ],
                                                  "Filter": "((part.p_name)::text ~~ '%snow%'::text)"
                                                },
                                                {
                                                  "Node Type": "Index Scan",
                                                  "Parent Relationship": "Inner",
                                                  "Parallel Aware": false,
                                                  "Async Capable": false,
                                                  "Scan Direction": "Forward",
                                                  "Index Name": "partsupp_pkey",
                                                  "Relation Name": "partsupp",
                                                  "Schema": "public",
                                                  "Alias": "partsupp",
                                                  "Startup Cost": 0.42,
                                                  "Total Cost": 1.6,
                                                  "Plan Rows": 4,
                                                  "Plan Width": 14,
                                                  "Output": [
                                                    "partsupp.ps_partkey",
                                                    "partsupp.ps_suppkey",
                                                    "partsupp.ps_availqty",
                                                    "partsupp.ps_supplycost",
                                                    "partsupp.ps_comment"
                                                  ],
                                                  "Index Cond": "(partsupp.ps_partkey = part.p_partkey)"
                                                }
                                              ]
                                            },
                                            {
                                              "Node Type": "Hash",
                                              "Parent Relationship": "Inner",
                                              "Parallel Aware": false,
                                              "Async Capable": false,
                                              "Startup Cost": 323.0,
                                              "Total Cost": 323.0,
                                              "Plan Rows": 10000,
                                              "Plan Width": 8,
                                              "Output": [
                                                "supplier.s_suppkey",
                                                "supplier.s_nationkey"
                                              ],
                                              "Plans": [
                                                {
                                                  "Node Type": "Seq Scan",
                                                  "Parent Relationship": "Outer",
                                                  "Parallel Aware": false,
                                                  "Async Capable": false,
                                                  "Relation Name": "supplier",
                                                  "Schema": "public",
                                                  "Alias": "supplier",
                                                  "Startup Cost": 0.0,
                                                  "Total Cost": 323.0,
                                                  "Plan Rows": 10000,
                                                  "Plan Width": 8,
                                                  "Output": [
                                                    "supplier.s_suppkey",
                                                    "supplier.s_nationkey"
                                                  ]
                                                }
                                              ]
                                            }
                                          ]
                                        },
                                        {
                                          "Node Type": "Hash",
                                          "Parent Relationship": "Inner",
                                          "Parallel Aware": false,
                                          "Async Capable": false,
                                          "Startup Cost": 1.25,
                                          "Total Cost": 1.25,
                                          "Plan Rows": 25,
                                          "Plan Width": 108,
                                          "Output": [
                                            "nation.n_name",
                                            "nation.n_nationkey"
                                          ],
                                          "Plans": [
                                            {
                                              "Node Type": "Seq Scan",
                                              "Parent Relationship": "Outer",
                                              "Parallel Aware": false,
                                              "Async Capable": false,
                                              "Relation Name": "nation",
                                              "Schema": "public",
                                              "Alias": "nation",
                                              "Startup Cost": 0.0,
                                              "Total Cost": 1.25,
                                              "Plan Rows": 25,
                                              "Plan Width": 108,
                                              "Output": [
                                                "nation.n_name",
                                                "nation.n_nationkey"
                                              ]
                                            }
                                          ]
                                        }
                                      ]
                                    }
                                  ]
                                }
                              ]
                            }
                          ]
                        }
                      ]
                    }
                  ]
                }
              ]
            }
          ]
        }
      ]
    },
    "JIT": {
      "Functions": 48,
      "Options": {
        "Inlining": false,
        "Optimization": false,
        "Expressions": true,
        "Deforming": true
      }
    }
  }
]
```

---

## 2. Q9_101_seed_820403100.sql

**File Path:** `/Users/brunowinter2000/Documents/Thesis/2025_2026/Plan-Level/Generated_Queries/Q9/Q9_101_seed_820403100.sql`

### EXPLAIN JSON

```json
[
  {
    "Plan": {
      "Node Type": "Sort",
      "Parallel Aware": false,
      "Async Capable": false,
      "Startup Cost": 219890.98,
      "Total Cost": 220041.36,
      "Plan Rows": 60150,
      "Plan Width": 168,
      "Output": [
        "nation.n_name",
        "(EXTRACT(year FROM orders.o_orderdate))",
        "(sum(((lineitem.l_extendedprice * ('1'::numeric - lineitem.l_discount)) - (partsupp.ps_supplycost * lineitem.l_quantity))))"
      ],
      "Sort Key": [
        "nation.n_name",
        "(EXTRACT(year FROM orders.o_orderdate)) DESC"
      ],
      "Plans": [
        {
          "Node Type": "Aggregate",
          "Strategy": "Hashed",
          "Partial Mode": "Finalize",
          "Parent Relationship": "Outer",
          "Parallel Aware": false,
          "Async Capable": false,
          "Startup Cost": 214213.94,
          "Total Cost": 215116.19,
          "Plan Rows": 60150,
          "Plan Width": 168,
          "Output": [
            "nation.n_name",
            "(EXTRACT(year FROM orders.o_orderdate))",
            "sum(((lineitem.l_extendedprice * ('1'::numeric - lineitem.l_discount)) - (partsupp.ps_supplycost * lineitem.l_quantity)))"
          ],
          "Group Key": [
            "nation.n_name",
            "(EXTRACT(year FROM orders.o_orderdate))"
          ],
          "Planned Partitions": 0,
          "Plans": [
            {
              "Node Type": "Gather",
              "Parent Relationship": "Outer",
              "Parallel Aware": false,
              "Async Capable": false,
              "Startup Cost": 180229.19,
              "Total Cost": 211206.44,
              "Plan Rows": 300750,
              "Plan Width": 168,
              "Output": [
                "nation.n_name",
                "(EXTRACT(year FROM orders.o_orderdate))",
                "(PARTIAL sum(((lineitem.l_extendedprice * ('1'::numeric - lineitem.l_discount)) - (partsupp.ps_supplycost * lineitem.l_quantity))))"
              ],
              "Workers Planned": 5,
              "Single Copy": false,
              "Plans": [
                {
                  "Node Type": "Aggregate",
                  "Strategy": "Hashed",
                  "Partial Mode": "Partial",
                  "Parent Relationship": "Outer",
                  "Parallel Aware": false,
                  "Async Capable": false,
                  "Startup Cost": 179229.19,
                  "Total Cost": 180131.44,
                  "Plan Rows": 60150,
                  "Plan Width": 168,
                  "Output": [
                    "nation.n_name",
                    "(EXTRACT(year FROM orders.o_orderdate))",
                    "PARTIAL sum(((lineitem.l_extendedprice * ('1'::numeric - lineitem.l_discount)) - (partsupp.ps_supplycost * lineitem.l_quantity)))"
                  ],
                  "Group Key": [
                    "nation.n_name",
                    "EXTRACT(year FROM orders.o_orderdate)"
                  ],
                  "Planned Partitions": 0,
                  "Plans": [
                    {
                      "Node Type": "Nested Loop",
                      "Parent Relationship": "Outer",
                      "Parallel Aware": false,
                      "Async Capable": false,
                      "Join Type": "Inner",
                      "Startup Cost": 15065.71,
                      "Total Cost": 178092.65,
                      "Plan Rows": 64945,
                      "Plan Width": 159,
                      "Output": [
                        "nation.n_name",
                        "EXTRACT(year FROM orders.o_orderdate)",
                        "lineitem.l_extendedprice",
                        "lineitem.l_discount",
                        "partsupp.ps_supplycost",
                        "lineitem.l_quantity"
                      ],
                      "Inner Unique": true,
                      "Plans": [
                        {
                          "Node Type": "Hash Join",
                          "Parent Relationship": "Outer",
                          "Parallel Aware": true,
                          "Async Capable": false,
                          "Join Type": "Inner",
                          "Startup Cost": 15065.28,
                          "Total Cost": 148669.64,
                          "Plan Rows": 64945,
                          "Plan Width": 131,
                          "Output": [
                            "lineitem.l_extendedprice",
                            "lineitem.l_discount",
                            "lineitem.l_quantity",
                            "lineitem.l_orderkey",
                            "partsupp.ps_supplycost",
                            "nation.n_name"
                          ],
                          "Inner Unique": false,
                          "Hash Cond": "((lineitem.l_suppkey = supplier.s_suppkey) AND (lineitem.l_partkey = partsupp.ps_partkey))",
                          "Plans": [
                            {
                              "Node Type": "Seq Scan",
                              "Parent Relationship": "Outer",
                              "Parallel Aware": true,
                              "Async Capable": false,
                              "Relation Name": "lineitem",
                              "Schema": "public",
                              "Alias": "lineitem",
                              "Startup Cost": 0.0,
                              "Total Cost": 124602.43,
                              "Plan Rows": 1200243,
                              "Plan Width": 29,
                              "Output": [
                                "lineitem.l_orderkey",
                                "lineitem.l_partkey",
                                "lineitem.l_suppkey",
                                "lineitem.l_linenumber",
                                "lineitem.l_quantity",
                                "lineitem.l_extendedprice",
                                "lineitem.l_discount",
                                "lineitem.l_tax",
                                "lineitem.l_returnflag",
                                "lineitem.l_linestatus",
                                "lineitem.l_shipdate",
                                "lineitem.l_commitdate",
                                "lineitem.l_receiptdate",
                                "lineitem.l_shipinstruct",
                                "lineitem.l_shipmode",
                                "lineitem.l_comment"
                              ]
                            },
                            {
                              "Node Type": "Hash",
                              "Parent Relationship": "Inner",
                              "Parallel Aware": true,
                              "Async Capable": false,
                              "Startup Cost": 14794.72,
                              "Total Cost": 14794.72,
                              "Plan Rows": 18037,
                              "Plan Width": 126,
                              "Output": [
                                "part.p_partkey",
                                "partsupp.ps_supplycost",
                                "partsupp.ps_suppkey",
                                "partsupp.ps_partkey",
                                "supplier.s_suppkey",
                                "nation.n_name"
                              ],
                              "Plans": [
                                {
                                  "Node Type": "Hash Join",
                                  "Parent Relationship": "Outer",
                                  "Parallel Aware": false,
                                  "Async Capable": false,
                                  "Join Type": "Inner",
                                  "Startup Cost": 449.99,
                                  "Total Cost": 14794.72,
                                  "Plan Rows": 18037,
                                  "Plan Width": 126,
                                  "Output": [
                                    "part.p_partkey",
                                    "partsupp.ps_supplycost",
                                    "partsupp.ps_suppkey",
                                    "partsupp.ps_partkey",
                                    "supplier.s_suppkey",
                                    "nation.n_name"
                                  ],
                                  "Inner Unique": true,
                                  "Hash Cond": "(supplier.s_nationkey = nation.n_nationkey)",
                                  "Plans": [
                                    {
                                      "Node Type": "Hash Join",
                                      "Parent Relationship": "Outer",
                                      "Parallel Aware": false,
                                      "Async Capable": false,
                                      "Join Type": "Inner",
                                      "Startup Cost": 448.43,
                                      "Total Cost": 14737.79,
                                      "Plan Rows": 18037,
                                      "Plan Width": 26,
                                      "Output": [
                                        "part.p_partkey",
                                        "partsupp.ps_supplycost",
                                        "partsupp.ps_suppkey",
                                        "partsupp.ps_partkey",
                                        "supplier.s_suppkey",
                                        "supplier.s_nationkey"
                                      ],
                                      "Inner Unique": true,
                                      "Hash Cond": "(partsupp.ps_suppkey = supplier.s_suppkey)",
                                      "Plans": [
                                        {
                                          "Node Type": "Nested Loop",
                                          "Parent Relationship": "Outer",
                                          "Parallel Aware": false,
                                          "Async Capable": false,
                                          "Join Type": "Inner",
                                          "Startup Cost": 0.42,
                                          "Total Cost": 14242.42,
                                          "Plan Rows": 18037,
                                          "Plan Width": 18,
                                          "Output": [
                                            "part.p_partkey",
                                            "partsupp.ps_supplycost",
                                            "partsupp.ps_suppkey",
                                            "partsupp.ps_partkey"
                                          ],
                                          "Inner Unique": false,
                                          "Plans": [
                                            {
                                              "Node Type": "Seq Scan",
                                              "Parent Relationship": "Outer",
                                              "Parallel Aware": true,
                                              "Async Capable": false,
                                              "Relation Name": "part",
                                              "Schema": "public",
                                              "Alias": "part",
                                              "Startup Cost": 0.0,
                                              "Total Cost": 5169.67,
                                              "Plan Rows": 4509,
                                              "Plan Width": 4,
                                              "Output": [
                                                "part.p_partkey",
                                                "part.p_name",
                                                "part.p_mfgr",
                                                "part.p_brand",
                                                "part.p_type",
                                                "part.p_size",
                                                "part.p_container",
                                                "part.p_retailprice",
                                                "part.p_comment"
                                              ],
                                              "Filter": "((part.p_name)::text ~~ '%grey%'::text)"
                                            },
                                            {
                                              "Node Type": "Index Scan",
                                              "Parent Relationship": "Inner",
                                              "Parallel Aware": false,
                                              "Async Capable": false,
                                              "Scan Direction": "Forward",
                                              "Index Name": "partsupp_pkey",
                                              "Relation Name": "partsupp",
                                              "Schema": "public",
                                              "Alias": "partsupp",
                                              "Startup Cost": 0.42,
                                              "Total Cost": 1.97,
                                              "Plan Rows": 4,
                                              "Plan Width": 14,
                                              "Output": [
                                                "partsupp.ps_partkey",
                                                "partsupp.ps_suppkey",
                                                "partsupp.ps_availqty",
                                                "partsupp.ps_supplycost",
                                                "partsupp.ps_comment"
                                              ],
                                              "Index Cond": "(partsupp.ps_partkey = part.p_partkey)"
                                            }
                                          ]
                                        },
                                        {
                                          "Node Type": "Hash",
                                          "Parent Relationship": "Inner",
                                          "Parallel Aware": false,
                                          "Async Capable": false,
                                          "Startup Cost": 323.0,
                                          "Total Cost": 323.0,
                                          "Plan Rows": 10000,
                                          "Plan Width": 8,
                                          "Output": [
                                            "supplier.s_suppkey",
                                            "supplier.s_nationkey"
                                          ],
                                          "Plans": [
                                            {
                                              "Node Type": "Seq Scan",
                                              "Parent Relationship": "Outer",
                                              "Parallel Aware": false,
                                              "Async Capable": false,
                                              "Relation Name": "supplier",
                                              "Schema": "public",
                                              "Alias": "supplier",
                                              "Startup Cost": 0.0,
                                              "Total Cost": 323.0,
                                              "Plan Rows": 10000,
                                              "Plan Width": 8,
                                              "Output": [
                                                "supplier.s_suppkey",
                                                "supplier.s_nationkey"
                                              ]
                                            }
                                          ]
                                        }
                                      ]
                                    },
                                    {
                                      "Node Type": "Hash",
                                      "Parent Relationship": "Inner",
                                      "Parallel Aware": false,
                                      "Async Capable": false,
                                      "Startup Cost": 1.25,
                                      "Total Cost": 1.25,
                                      "Plan Rows": 25,
                                      "Plan Width": 108,
                                      "Output": [
                                        "nation.n_name",
                                        "nation.n_nationkey"
                                      ],
                                      "Plans": [
                                        {
                                          "Node Type": "Seq Scan",
                                          "Parent Relationship": "Outer",
                                          "Parallel Aware": false,
                                          "Async Capable": false,
                                          "Relation Name": "nation",
                                          "Schema": "public",
                                          "Alias": "nation",
                                          "Startup Cost": 0.0,
                                          "Total Cost": 1.25,
                                          "Plan Rows": 25,
                                          "Plan Width": 108,
                                          "Output": [
                                            "nation.n_name",
                                            "nation.n_nationkey"
                                          ]
                                        }
                                      ]
                                    }
                                  ]
                                }
                              ]
                            }
                          ]
                        },
                        {
                          "Node Type": "Index Scan",
                          "Parent Relationship": "Inner",
                          "Parallel Aware": false,
                          "Async Capable": false,
                          "Scan Direction": "Forward",
                          "Index Name": "orders_pkey",
                          "Relation Name": "orders",
                          "Schema": "public",
                          "Alias": "orders",
                          "Startup Cost": 0.43,
                          "Total Cost": 0.45,
                          "Plan Rows": 1,
                          "Plan Width": 8,
                          "Output": [
                            "orders.o_orderkey",
                            "orders.o_custkey",
                            "orders.o_orderstatus",
                            "orders.o_totalprice",
                            "orders.o_orderdate",
                            "orders.o_orderpriority",
                            "orders.o_clerk",
                            "orders.o_shippriority",
                            "orders.o_comment"
                          ],
                          "Index Cond": "(orders.o_orderkey = lineitem.l_orderkey)"
                        }
                      ]
                    }
                  ]
                }
              ]
            }
          ]
        }
      ]
    },
    "JIT": {
      "Functions": 43,
      "Options": {
        "Inlining": false,
        "Optimization": false,
        "Expressions": true,
        "Deforming": true
      }
    }
  }
]
```

---

## 3. Q9_102_seed_828607131.sql

**File Path:** `/Users/brunowinter2000/Documents/Thesis/2025_2026/Plan-Level/Generated_Queries/Q9/Q9_102_seed_828607131.sql`

### EXPLAIN JSON

```json
[
  {
    "Plan": {
      "Node Type": "Sort",
      "Parallel Aware": false,
      "Async Capable": false,
      "Startup Cost": 225063.73,
      "Total Cost": 225214.11,
      "Plan Rows": 60150,
      "Plan Width": 168,
      "Output": [
        "nation.n_name",
        "(EXTRACT(year FROM orders.o_orderdate))",
        "(sum(((lineitem.l_extendedprice * ('1'::numeric - lineitem.l_discount)) - (partsupp.ps_supplycost * lineitem.l_quantity))))"
      ],
      "Sort Key": [
        "nation.n_name",
        "(EXTRACT(year FROM orders.o_orderdate)) DESC"
      ],
      "Plans": [
        {
          "Node Type": "Aggregate",
          "Strategy": "Hashed",
          "Partial Mode": "Finalize",
          "Parent Relationship": "Outer",
          "Parallel Aware": false,
          "Async Capable": false,
          "Startup Cost": 219386.69,
          "Total Cost": 220288.94,
          "Plan Rows": 60150,
          "Plan Width": 168,
          "Output": [
            "nation.n_name",
            "(EXTRACT(year FROM orders.o_orderdate))",
            "sum(((lineitem.l_extendedprice * ('1'::numeric - lineitem.l_discount)) - (partsupp.ps_supplycost * lineitem.l_quantity)))"
          ],
          "Group Key": [
            "nation.n_name",
            "(EXTRACT(year FROM orders.o_orderdate))"
          ],
          "Planned Partitions": 0,
          "Plans": [
            {
              "Node Type": "Gather",
              "Parent Relationship": "Outer",
              "Parallel Aware": false,
              "Async Capable": false,
              "Startup Cost": 185401.94,
              "Total Cost": 216379.19,
              "Plan Rows": 300750,
              "Plan Width": 168,
              "Output": [
                "nation.n_name",
                "(EXTRACT(year FROM orders.o_orderdate))",
                "(PARTIAL sum(((lineitem.l_extendedprice * ('1'::numeric - lineitem.l_discount)) - (partsupp.ps_supplycost * lineitem.l_quantity))))"
              ],
              "Workers Planned": 5,
              "Single Copy": false,
              "Plans": [
                {
                  "Node Type": "Aggregate",
                  "Strategy": "Hashed",
                  "Partial Mode": "Partial",
                  "Parent Relationship": "Outer",
                  "Parallel Aware": false,
                  "Async Capable": false,
                  "Startup Cost": 184401.94,
                  "Total Cost": 185304.19,
                  "Plan Rows": 60150,
                  "Plan Width": 168,
                  "Output": [
                    "nation.n_name",
                    "(EXTRACT(year FROM orders.o_orderdate))",
                    "PARTIAL sum(((lineitem.l_extendedprice * ('1'::numeric - lineitem.l_discount)) - (partsupp.ps_supplycost * lineitem.l_quantity)))"
                  ],
                  "Group Key": [
                    "nation.n_name",
                    "EXTRACT(year FROM orders.o_orderdate)"
                  ],
                  "Planned Partitions": 0,
                  "Plans": [
                    {
                      "Node Type": "Nested Loop",
                      "Parent Relationship": "Outer",
                      "Parallel Aware": false,
                      "Async Capable": false,
                      "Join Type": "Inner",
                      "Startup Cost": 15711.8,
                      "Total Cost": 183097.06,
                      "Plan Rows": 74565,
                      "Plan Width": 159,
                      "Output": [
                        "nation.n_name",
                        "EXTRACT(year FROM orders.o_orderdate)",
                        "lineitem.l_extendedprice",
                        "lineitem.l_discount",
                        "partsupp.ps_supplycost",
                        "lineitem.l_quantity"
                      ],
                      "Inner Unique": true,
                      "Plans": [
                        {
                          "Node Type": "Hash Join",
                          "Parent Relationship": "Outer",
                          "Parallel Aware": true,
                          "Async Capable": false,
                          "Join Type": "Inner",
                          "Startup Cost": 15711.38,
                          "Total Cost": 149315.75,
                          "Plan Rows": 74565,
                          "Plan Width": 131,
                          "Output": [
                            "lineitem.l_extendedprice",
                            "lineitem.l_discount",
                            "lineitem.l_quantity",
                            "lineitem.l_orderkey",
                            "partsupp.ps_supplycost",
                            "nation.n_name"
                          ],
                          "Inner Unique": false,
                          "Hash Cond": "((lineitem.l_suppkey = supplier.s_suppkey) AND (lineitem.l_partkey = partsupp.ps_partkey))",
                          "Plans": [
                            {
                              "Node Type": "Seq Scan",
                              "Parent Relationship": "Outer",
                              "Parallel Aware": true,
                              "Async Capable": false,
                              "Relation Name": "lineitem",
                              "Schema": "public",
                              "Alias": "lineitem",
                              "Startup Cost": 0.0,
                              "Total Cost": 124602.43,
                              "Plan Rows": 1200243,
                              "Plan Width": 29,
                              "Output": [
                                "lineitem.l_orderkey",
                                "lineitem.l_partkey",
                                "lineitem.l_suppkey",
                                "lineitem.l_linenumber",
                                "lineitem.l_quantity",
                                "lineitem.l_extendedprice",
                                "lineitem.l_discount",
                                "lineitem.l_tax",
                                "lineitem.l_returnflag",
                                "lineitem.l_linestatus",
                                "lineitem.l_shipdate",
                                "lineitem.l_commitdate",
                                "lineitem.l_receiptdate",
                                "lineitem.l_shipinstruct",
                                "lineitem.l_shipmode",
                                "lineitem.l_comment"
                              ]
                            },
                            {
                              "Node Type": "Hash",
                              "Parent Relationship": "Inner",
                              "Parallel Aware": true,
                              "Async Capable": false,
                              "Startup Cost": 15400.76,
                              "Total Cost": 15400.76,
                              "Plan Rows": 20708,
                              "Plan Width": 126,
                              "Output": [
                                "part.p_partkey",
                                "partsupp.ps_supplycost",
                                "partsupp.ps_suppkey",
                                "partsupp.ps_partkey",
                                "supplier.s_suppkey",
                                "nation.n_name"
                              ],
                              "Plans": [
                                {
                                  "Node Type": "Hash Join",
                                  "Parent Relationship": "Outer",
                                  "Parallel Aware": false,
                                  "Async Capable": false,
                                  "Join Type": "Inner",
                                  "Startup Cost": 449.99,
                                  "Total Cost": 15400.76,
                                  "Plan Rows": 20708,
                                  "Plan Width": 126,
                                  "Output": [
                                    "part.p_partkey",
                                    "partsupp.ps_supplycost",
                                    "partsupp.ps_suppkey",
                                    "partsupp.ps_partkey",
                                    "supplier.s_suppkey",
                                    "nation.n_name"
                                  ],
                                  "Inner Unique": true,
                                  "Hash Cond": "(supplier.s_nationkey = nation.n_nationkey)",
                                  "Plans": [
                                    {
                                      "Node Type": "Hash Join",
                                      "Parent Relationship": "Outer",
                                      "Parallel Aware": false,
                                      "Async Capable": false,
                                      "Join Type": "Inner",
                                      "Startup Cost": 448.43,
                                      "Total Cost": 15335.62,
                                      "Plan Rows": 20708,
                                      "Plan Width": 26,
                                      "Output": [
                                        "part.p_partkey",
                                        "partsupp.ps_supplycost",
                                        "partsupp.ps_suppkey",
                                        "partsupp.ps_partkey",
                                        "supplier.s_suppkey",
                                        "supplier.s_nationkey"
                                      ],
                                      "Inner Unique": true,
                                      "Hash Cond": "(partsupp.ps_suppkey = supplier.s_suppkey)",
                                      "Plans": [
                                        {
                                          "Node Type": "Nested Loop",
                                          "Parent Relationship": "Outer",
                                          "Parallel Aware": false,
                                          "Async Capable": false,
                                          "Join Type": "Inner",
                                          "Startup Cost": 0.42,
                                          "Total Cost": 14833.24,
                                          "Plan Rows": 20708,
                                          "Plan Width": 18,
                                          "Output": [
                                            "part.p_partkey",
                                            "partsupp.ps_supplycost",
                                            "partsupp.ps_suppkey",
                                            "partsupp.ps_partkey"
                                          ],
                                          "Inner Unique": false,
                                          "Plans": [
                                            {
                                              "Node Type": "Seq Scan",
                                              "Parent Relationship": "Outer",
                                              "Parallel Aware": true,
                                              "Async Capable": false,
                                              "Relation Name": "part",
                                              "Schema": "public",
                                              "Alias": "part",
                                              "Startup Cost": 0.0,
                                              "Total Cost": 5169.67,
                                              "Plan Rows": 5177,
                                              "Plan Width": 4,
                                              "Output": [
                                                "part.p_partkey",
                                                "part.p_name",
                                                "part.p_mfgr",
                                                "part.p_brand",
                                                "part.p_type",
                                                "part.p_size",
                                                "part.p_container",
                                                "part.p_retailprice",
                                                "part.p_comment"
                                              ],
                                              "Filter": "((part.p_name)::text ~~ '%smoke%'::text)"
                                            },
                                            {
                                              "Node Type": "Index Scan",
                                              "Parent Relationship": "Inner",
                                              "Parallel Aware": false,
                                              "Async Capable": false,
                                              "Scan Direction": "Forward",
                                              "Index Name": "partsupp_pkey",
                                              "Relation Name": "partsupp",
                                              "Schema": "public",
                                              "Alias": "partsupp",
                                              "Startup Cost": 0.42,
                                              "Total Cost": 1.83,
                                              "Plan Rows": 4,
                                              "Plan Width": 14,
                                              "Output": [
                                                "partsupp.ps_partkey",
                                                "partsupp.ps_suppkey",
                                                "partsupp.ps_availqty",
                                                "partsupp.ps_supplycost",
                                                "partsupp.ps_comment"
                                              ],
                                              "Index Cond": "(partsupp.ps_partkey = part.p_partkey)"
                                            }
                                          ]
                                        },
                                        {
                                          "Node Type": "Hash",
                                          "Parent Relationship": "Inner",
                                          "Parallel Aware": false,
                                          "Async Capable": false,
                                          "Startup Cost": 323.0,
                                          "Total Cost": 323.0,
                                          "Plan Rows": 10000,
                                          "Plan Width": 8,
                                          "Output": [
                                            "supplier.s_suppkey",
                                            "supplier.s_nationkey"
                                          ],
                                          "Plans": [
                                            {
                                              "Node Type": "Seq Scan",
                                              "Parent Relationship": "Outer",
                                              "Parallel Aware": false,
                                              "Async Capable": false,
                                              "Relation Name": "supplier",
                                              "Schema": "public",
                                              "Alias": "supplier",
                                              "Startup Cost": 0.0,
                                              "Total Cost": 323.0,
                                              "Plan Rows": 10000,
                                              "Plan Width": 8,
                                              "Output": [
                                                "supplier.s_suppkey",
                                                "supplier.s_nationkey"
                                              ]
                                            }
                                          ]
                                        }
                                      ]
                                    },
                                    {
                                      "Node Type": "Hash",
                                      "Parent Relationship": "Inner",
                                      "Parallel Aware": false,
                                      "Async Capable": false,
                                      "Startup Cost": 1.25,
                                      "Total Cost": 1.25,
                                      "Plan Rows": 25,
                                      "Plan Width": 108,
                                      "Output": [
                                        "nation.n_name",
                                        "nation.n_nationkey"
                                      ],
                                      "Plans": [
                                        {
                                          "Node Type": "Seq Scan",
                                          "Parent Relationship": "Outer",
                                          "Parallel Aware": false,
                                          "Async Capable": false,
                                          "Relation Name": "nation",
                                          "Schema": "public",
                                          "Alias": "nation",
                                          "Startup Cost": 0.0,
                                          "Total Cost": 1.25,
                                          "Plan Rows": 25,
                                          "Plan Width": 108,
                                          "Output": [
                                            "nation.n_name",
                                            "nation.n_nationkey"
                                          ]
                                        }
                                      ]
                                    }
                                  ]
                                }
                              ]
                            }
                          ]
                        },
                        {
                          "Node Type": "Index Scan",
                          "Parent Relationship": "Inner",
                          "Parallel Aware": false,
                          "Async Capable": false,
                          "Scan Direction": "Forward",
                          "Index Name": "orders_pkey",
                          "Relation Name": "orders",
                          "Schema": "public",
                          "Alias": "orders",
                          "Startup Cost": 0.43,
                          "Total Cost": 0.45,
                          "Plan Rows": 1,
                          "Plan Width": 8,
                          "Output": [
                            "orders.o_orderkey",
                            "orders.o_custkey",
                            "orders.o_orderstatus",
                            "orders.o_totalprice",
                            "orders.o_orderdate",
                            "orders.o_orderpriority",
                            "orders.o_clerk",
                            "orders.o_shippriority",
                            "orders.o_comment"
                          ],
                          "Index Cond": "(orders.o_orderkey = lineitem.l_orderkey)"
                        }
                      ]
                    }
                  ]
                }
              ]
            }
          ]
        }
      ]
    },
    "JIT": {
      "Functions": 43,
      "Options": {
        "Inlining": false,
        "Optimization": false,
        "Expressions": true,
        "Deforming": true
      }
    }
  }
]
```

---

## 4. Q9_103_seed_836811162.sql

**File Path:** `/Users/brunowinter2000/Documents/Thesis/2025_2026/Plan-Level/Generated_Queries/Q9/Q9_103_seed_836811162.sql`

### EXPLAIN JSON

```json
[
  {
    "Plan": {
      "Node Type": "Sort",
      "Parallel Aware": false,
      "Async Capable": false,
      "Startup Cost": 211969.48,
      "Total Cost": 212119.85,
      "Plan Rows": 60150,
      "Plan Width": 168,
      "Output": [
        "nation.n_name",
        "(EXTRACT(year FROM orders.o_orderdate))",
        "(sum(((lineitem.l_extendedprice * ('1'::numeric - lineitem.l_discount)) - (partsupp.ps_supplycost * lineitem.l_quantity))))"
      ],
      "Sort Key": [
        "nation.n_name",
        "(EXTRACT(year FROM orders.o_orderdate)) DESC"
      ],
      "Plans": [
        {
          "Node Type": "Aggregate",
          "Strategy": "Hashed",
          "Partial Mode": "Finalize",
          "Parent Relationship": "Outer",
          "Parallel Aware": false,
          "Async Capable": false,
          "Startup Cost": 206292.44,
          "Total Cost": 207194.69,
          "Plan Rows": 60150,
          "Plan Width": 168,
          "Output": [
            "nation.n_name",
            "(EXTRACT(year FROM orders.o_orderdate))",
            "sum(((lineitem.l_extendedprice * ('1'::numeric - lineitem.l_discount)) - (partsupp.ps_supplycost * lineitem.l_quantity)))"
          ],
          "Group Key": [
            "nation.n_name",
            "(EXTRACT(year FROM orders.o_orderdate))"
          ],
          "Planned Partitions": 0,
          "Plans": [
            {
              "Node Type": "Gather",
              "Parent Relationship": "Outer",
              "Parallel Aware": false,
              "Async Capable": false,
              "Startup Cost": 175037.2,
              "Total Cost": 203526.49,
              "Plan Rows": 276595,
              "Plan Width": 168,
              "Output": [
                "nation.n_name",
                "(EXTRACT(year FROM orders.o_orderdate))",
                "(PARTIAL sum(((lineitem.l_extendedprice * ('1'::numeric - lineitem.l_discount)) - (partsupp.ps_supplycost * lineitem.l_quantity))))"
              ],
              "Workers Planned": 5,
              "Single Copy": false,
              "Plans": [
                {
                  "Node Type": "Aggregate",
                  "Strategy": "Hashed",
                  "Partial Mode": "Partial",
                  "Parent Relationship": "Outer",
                  "Parallel Aware": false,
                  "Async Capable": false,
                  "Startup Cost": 174037.2,
                  "Total Cost": 174866.99,
                  "Plan Rows": 55319,
                  "Plan Width": 168,
                  "Output": [
                    "nation.n_name",
                    "(EXTRACT(year FROM orders.o_orderdate))",
                    "PARTIAL sum(((lineitem.l_extendedprice * ('1'::numeric - lineitem.l_discount)) - (partsupp.ps_supplycost * lineitem.l_quantity)))"
                  ],
                  "Group Key": [
                    "nation.n_name",
                    "EXTRACT(year FROM orders.o_orderdate)"
                  ],
                  "Planned Partitions": 0,
                  "Plans": [
                    {
                      "Node Type": "Nested Loop",
                      "Parent Relationship": "Outer",
                      "Parallel Aware": false,
                      "Async Capable": false,
                      "Join Type": "Inner",
                      "Startup Cost": 14403.2,
                      "Total Cost": 173069.12,
                      "Plan Rows": 55319,
                      "Plan Width": 159,
                      "Output": [
                        "nation.n_name",
                        "EXTRACT(year FROM orders.o_orderdate)",
                        "lineitem.l_extendedprice",
                        "lineitem.l_discount",
                        "partsupp.ps_supplycost",
                        "lineitem.l_quantity"
                      ],
                      "Inner Unique": true,
                      "Plans": [
                        {
                          "Node Type": "Hash Join",
                          "Parent Relationship": "Outer",
                          "Parallel Aware": true,
                          "Async Capable": false,
                          "Join Type": "Inner",
                          "Startup Cost": 14402.78,
                          "Total Cost": 148007.12,
                          "Plan Rows": 55319,
                          "Plan Width": 131,
                          "Output": [
                            "lineitem.l_extendedprice",
                            "lineitem.l_discount",
                            "lineitem.l_quantity",
                            "lineitem.l_orderkey",
                            "partsupp.ps_supplycost",
                            "nation.n_name"
                          ],
                          "Inner Unique": false,
                          "Hash Cond": "((lineitem.l_suppkey = supplier.s_suppkey) AND (lineitem.l_partkey = partsupp.ps_partkey))",
                          "Plans": [
                            {
                              "Node Type": "Seq Scan",
                              "Parent Relationship": "Outer",
                              "Parallel Aware": true,
                              "Async Capable": false,
                              "Relation Name": "lineitem",
                              "Schema": "public",
                              "Alias": "lineitem",
                              "Startup Cost": 0.0,
                              "Total Cost": 124602.43,
                              "Plan Rows": 1200243,
                              "Plan Width": 29,
                              "Output": [
                                "lineitem.l_orderkey",
                                "lineitem.l_partkey",
                                "lineitem.l_suppkey",
                                "lineitem.l_linenumber",
                                "lineitem.l_quantity",
                                "lineitem.l_extendedprice",
                                "lineitem.l_discount",
                                "lineitem.l_tax",
                                "lineitem.l_returnflag",
                                "lineitem.l_linestatus",
                                "lineitem.l_shipdate",
                                "lineitem.l_commitdate",
                                "lineitem.l_receiptdate",
                                "lineitem.l_shipinstruct",
                                "lineitem.l_shipmode",
                                "lineitem.l_comment"
                              ]
                            },
                            {
                              "Node Type": "Hash",
                              "Parent Relationship": "Inner",
                              "Parallel Aware": true,
                              "Async Capable": false,
                              "Startup Cost": 14172.33,
                              "Total Cost": 14172.33,
                              "Plan Rows": 15363,
                              "Plan Width": 126,
                              "Output": [
                                "part.p_partkey",
                                "partsupp.ps_supplycost",
                                "partsupp.ps_suppkey",
                                "partsupp.ps_partkey",
                                "supplier.s_suppkey",
                                "nation.n_name"
                              ],
                              "Plans": [
                                {
                                  "Node Type": "Hash Join",
                                  "Parent Relationship": "Outer",
                                  "Parallel Aware": false,
                                  "Async Capable": false,
                                  "Join Type": "Inner",
                                  "Startup Cost": 449.99,
                                  "Total Cost": 14172.33,
                                  "Plan Rows": 15363,
                                  "Plan Width": 126,
                                  "Output": [
                                    "part.p_partkey",
                                    "partsupp.ps_supplycost",
                                    "partsupp.ps_suppkey",
                                    "partsupp.ps_partkey",
                                    "supplier.s_suppkey",
                                    "nation.n_name"
                                  ],
                                  "Inner Unique": true,
                                  "Hash Cond": "(supplier.s_nationkey = nation.n_nationkey)",
                                  "Plans": [
                                    {
                                      "Node Type": "Hash Join",
                                      "Parent Relationship": "Outer",
                                      "Parallel Aware": false,
                                      "Async Capable": false,
                                      "Join Type": "Inner",
                                      "Startup Cost": 448.43,
                                      "Total Cost": 14123.6,
                                      "Plan Rows": 15363,
                                      "Plan Width": 26,
                                      "Output": [
                                        "part.p_partkey",
                                        "partsupp.ps_supplycost",
                                        "partsupp.ps_suppkey",
                                        "partsupp.ps_partkey",
                                        "supplier.s_suppkey",
                                        "supplier.s_nationkey"
                                      ],
                                      "Inner Unique": true,
                                      "Hash Cond": "(partsupp.ps_suppkey = supplier.s_suppkey)",
                                      "Plans": [
                                        {
                                          "Node Type": "Nested Loop",
                                          "Parent Relationship": "Outer",
                                          "Parallel Aware": false,
                                          "Async Capable": false,
                                          "Join Type": "Inner",
                                          "Startup Cost": 0.42,
                                          "Total Cost": 13635.25,
                                          "Plan Rows": 15363,
                                          "Plan Width": 18,
                                          "Output": [
                                            "part.p_partkey",
                                            "partsupp.ps_supplycost",
                                            "partsupp.ps_suppkey",
                                            "partsupp.ps_partkey"
                                          ],
                                          "Inner Unique": false,
                                          "Plans": [
                                            {
                                              "Node Type": "Seq Scan",
                                              "Parent Relationship": "Outer",
                                              "Parallel Aware": true,
                                              "Async Capable": false,
                                              "Relation Name": "part",
                                              "Schema": "public",
                                              "Alias": "part",
                                              "Startup Cost": 0.0,
                                              "Total Cost": 5169.67,
                                              "Plan Rows": 3841,
                                              "Plan Width": 4,
                                              "Output": [
                                                "part.p_partkey",
                                                "part.p_name",
                                                "part.p_mfgr",
                                                "part.p_brand",
                                                "part.p_type",
                                                "part.p_size",
                                                "part.p_container",
                                                "part.p_retailprice",
                                                "part.p_comment"
                                              ],
                                              "Filter": "((part.p_name)::text ~~ '%green%'::text)"
                                            },
                                            {
                                              "Node Type": "Index Scan",
                                              "Parent Relationship": "Inner",
                                              "Parallel Aware": false,
                                              "Async Capable": false,
                                              "Scan Direction": "Forward",
                                              "Index Name": "partsupp_pkey",
                                              "Relation Name": "partsupp",
                                              "Schema": "public",
                                              "Alias": "partsupp",
                                              "Startup Cost": 0.42,
                                              "Total Cost": 2.16,
                                              "Plan Rows": 4,
                                              "Plan Width": 14,
                                              "Output": [
                                                "partsupp.ps_partkey",
                                                "partsupp.ps_suppkey",
                                                "partsupp.ps_availqty",
                                                "partsupp.ps_supplycost",
                                                "partsupp.ps_comment"
                                              ],
                                              "Index Cond": "(partsupp.ps_partkey = part.p_partkey)"
                                            }
                                          ]
                                        },
                                        {
                                          "Node Type": "Hash",
                                          "Parent Relationship": "Inner",
                                          "Parallel Aware": false,
                                          "Async Capable": false,
                                          "Startup Cost": 323.0,
                                          "Total Cost": 323.0,
                                          "Plan Rows": 10000,
                                          "Plan Width": 8,
                                          "Output": [
                                            "supplier.s_suppkey",
                                            "supplier.s_nationkey"
                                          ],
                                          "Plans": [
                                            {
                                              "Node Type": "Seq Scan",
                                              "Parent Relationship": "Outer",
                                              "Parallel Aware": false,
                                              "Async Capable": false,
                                              "Relation Name": "supplier",
                                              "Schema": "public",
                                              "Alias": "supplier",
                                              "Startup Cost": 0.0,
                                              "Total Cost": 323.0,
                                              "Plan Rows": 10000,
                                              "Plan Width": 8,
                                              "Output": [
                                                "supplier.s_suppkey",
                                                "supplier.s_nationkey"
                                              ]
                                            }
                                          ]
                                        }
                                      ]
                                    },
                                    {
                                      "Node Type": "Hash",
                                      "Parent Relationship": "Inner",
                                      "Parallel Aware": false,
                                      "Async Capable": false,
                                      "Startup Cost": 1.25,
                                      "Total Cost": 1.25,
                                      "Plan Rows": 25,
                                      "Plan Width": 108,
                                      "Output": [
                                        "nation.n_name",
                                        "nation.n_nationkey"
                                      ],
                                      "Plans": [
                                        {
                                          "Node Type": "Seq Scan",
                                          "Parent Relationship": "Outer",
                                          "Parallel Aware": false,
                                          "Async Capable": false,
                                          "Relation Name": "nation",
                                          "Schema": "public",
                                          "Alias": "nation",
                                          "Startup Cost": 0.0,
                                          "Total Cost": 1.25,
                                          "Plan Rows": 25,
                                          "Plan Width": 108,
                                          "Output": [
                                            "nation.n_name",
                                            "nation.n_nationkey"
                                          ]
                                        }
                                      ]
                                    }
                                  ]
                                }
                              ]
                            }
                          ]
                        },
                        {
                          "Node Type": "Index Scan",
                          "Parent Relationship": "Inner",
                          "Parallel Aware": false,
                          "Async Capable": false,
                          "Scan Direction": "Forward",
                          "Index Name": "orders_pkey",
                          "Relation Name": "orders",
                          "Schema": "public",
                          "Alias": "orders",
                          "Startup Cost": 0.43,
                          "Total Cost": 0.45,
                          "Plan Rows": 1,
                          "Plan Width": 8,
                          "Output": [
                            "orders.o_orderkey",
                            "orders.o_custkey",
                            "orders.o_orderstatus",
                            "orders.o_totalprice",
                            "orders.o_orderdate",
                            "orders.o_orderpriority",
                            "orders.o_clerk",
                            "orders.o_shippriority",
                            "orders.o_comment"
                          ],
                          "Index Cond": "(orders.o_orderkey = lineitem.l_orderkey)"
                        }
                      ]
                    }
                  ]
                }
              ]
            }
          ]
        }
      ]
    },
    "JIT": {
      "Functions": 43,
      "Options": {
        "Inlining": false,
        "Optimization": false,
        "Expressions": true,
        "Deforming": true
      }
    }
  }
]
```

---

## 5. Q9_104_seed_845015193.sql

**File Path:** `/Users/brunowinter2000/Documents/Thesis/2025_2026/Plan-Level/Generated_Queries/Q9/Q9_104_seed_845015193.sql`

### EXPLAIN JSON

```json
[
  {
    "Plan": {
      "Node Type": "Sort",
      "Parallel Aware": false,
      "Async Capable": false,
      "Startup Cost": 203830.47,
      "Total Cost": 203980.85,
      "Plan Rows": 60150,
      "Plan Width": 168,
      "Output": [
        "nation.n_name",
        "(EXTRACT(year FROM orders.o_orderdate))",
        "(sum(((lineitem.l_extendedprice * ('1'::numeric - lineitem.l_discount)) - (partsupp.ps_supplycost * lineitem.l_quantity))))"
      ],
      "Sort Key": [
        "nation.n_name",
        "(EXTRACT(year FROM orders.o_orderdate)) DESC"
      ],
      "Plans": [
        {
          "Node Type": "Aggregate",
          "Strategy": "Hashed",
          "Partial Mode": "Finalize",
          "Parent Relationship": "Outer",
          "Parallel Aware": false,
          "Async Capable": false,
          "Startup Cost": 198153.43,
          "Total Cost": 199055.68,
          "Plan Rows": 60150,
          "Plan Width": 168,
          "Output": [
            "nation.n_name",
            "(EXTRACT(year FROM orders.o_orderdate))",
            "sum(((lineitem.l_extendedprice * ('1'::numeric - lineitem.l_discount)) - (partsupp.ps_supplycost * lineitem.l_quantity)))"
          ],
          "Group Key": [
            "nation.n_name",
            "(EXTRACT(year FROM orders.o_orderdate))"
          ],
          "Planned Partitions": 0,
          "Plans": [
            {
              "Node Type": "Gather",
              "Parent Relationship": "Outer",
              "Parallel Aware": false,
              "Async Capable": false,
              "Startup Cost": 170973.54,
              "Total Cost": 195748.13,
              "Plan Rows": 240530,
              "Plan Width": 168,
              "Output": [
                "nation.n_name",
                "(EXTRACT(year FROM orders.o_orderdate))",
                "(PARTIAL sum(((lineitem.l_extendedprice * ('1'::numeric - lineitem.l_discount)) - (partsupp.ps_supplycost * lineitem.l_quantity))))"
              ],
              "Workers Planned": 5,
              "Single Copy": false,
              "Plans": [
                {
                  "Node Type": "Aggregate",
                  "Strategy": "Hashed",
                  "Partial Mode": "Partial",
                  "Parent Relationship": "Outer",
                  "Parallel Aware": false,
                  "Async Capable": false,
                  "Startup Cost": 169973.54,
                  "Total Cost": 170695.13,
                  "Plan Rows": 48106,
                  "Plan Width": 168,
                  "Output": [
                    "nation.n_name",
                    "(EXTRACT(year FROM orders.o_orderdate))",
                    "PARTIAL sum(((lineitem.l_extendedprice * ('1'::numeric - lineitem.l_discount)) - (partsupp.ps_supplycost * lineitem.l_quantity)))"
                  ],
                  "Group Key": [
                    "nation.n_name",
                    "EXTRACT(year FROM orders.o_orderdate)"
                  ],
                  "Planned Partitions": 0,
                  "Plans": [
                    {
                      "Node Type": "Nested Loop",
                      "Parent Relationship": "Outer",
                      "Parallel Aware": false,
                      "Async Capable": false,
                      "Join Type": "Inner",
                      "Startup Cost": 13733.6,
                      "Total Cost": 169131.69,
                      "Plan Rows": 48106,
                      "Plan Width": 159,
                      "Output": [
                        "nation.n_name",
                        "EXTRACT(year FROM orders.o_orderdate)",
                        "lineitem.l_extendedprice",
                        "lineitem.l_discount",
                        "partsupp.ps_supplycost",
                        "lineitem.l_quantity"
                      ],
                      "Inner Unique": true,
                      "Plans": [
                        {
                          "Node Type": "Hash Join",
                          "Parent Relationship": "Outer",
                          "Parallel Aware": true,
                          "Async Capable": false,
                          "Join Type": "Inner",
                          "Startup Cost": 13733.17,
                          "Total Cost": 147337.5,
                          "Plan Rows": 48106,
                          "Plan Width": 131,
                          "Output": [
                            "lineitem.l_extendedprice",
                            "lineitem.l_discount",
                            "lineitem.l_quantity",
                            "lineitem.l_orderkey",
                            "partsupp.ps_supplycost",
                            "nation.n_name"
                          ],
                          "Inner Unique": false,
                          "Hash Cond": "((lineitem.l_suppkey = supplier.s_suppkey) AND (lineitem.l_partkey = partsupp.ps_partkey))",
                          "Plans": [
                            {
                              "Node Type": "Seq Scan",
                              "Parent Relationship": "Outer",
                              "Parallel Aware": true,
                              "Async Capable": false,
                              "Relation Name": "lineitem",
                              "Schema": "public",
                              "Alias": "lineitem",
                              "Startup Cost": 0.0,
                              "Total Cost": 124602.43,
                              "Plan Rows": 1200243,
                              "Plan Width": 29,
                              "Output": [
                                "lineitem.l_orderkey",
                                "lineitem.l_partkey",
                                "lineitem.l_suppkey",
                                "lineitem.l_linenumber",
                                "lineitem.l_quantity",
                                "lineitem.l_extendedprice",
                                "lineitem.l_discount",
                                "lineitem.l_tax",
                                "lineitem.l_returnflag",
                                "lineitem.l_linestatus",
                                "lineitem.l_shipdate",
                                "lineitem.l_commitdate",
                                "lineitem.l_receiptdate",
                                "lineitem.l_shipinstruct",
                                "lineitem.l_shipmode",
                                "lineitem.l_comment"
                              ]
                            },
                            {
                              "Node Type": "Hash",
                              "Parent Relationship": "Inner",
                              "Parallel Aware": true,
                              "Async Capable": false,
                              "Startup Cost": 13532.77,
                              "Total Cost": 13532.77,
                              "Plan Rows": 13360,
                              "Plan Width": 126,
                              "Output": [
                                "part.p_partkey",
                                "partsupp.ps_supplycost",
                                "partsupp.ps_suppkey",
                                "partsupp.ps_partkey",
                                "supplier.s_suppkey",
                                "nation.n_name"
                              ],
                              "Plans": [
                                {
                                  "Node Type": "Hash Join",
                                  "Parent Relationship": "Outer",
                                  "Parallel Aware": false,
                                  "Async Capable": false,
                                  "Join Type": "Inner",
                                  "Startup Cost": 449.99,
                                  "Total Cost": 13532.77,
                                  "Plan Rows": 13360,
                                  "Plan Width": 126,
                                  "Output": [
                                    "part.p_partkey",
                                    "partsupp.ps_supplycost",
                                    "partsupp.ps_suppkey",
                                    "partsupp.ps_partkey",
                                    "supplier.s_suppkey",
                                    "nation.n_name"
                                  ],
                                  "Inner Unique": true,
                                  "Hash Cond": "(supplier.s_nationkey = nation.n_nationkey)",
                                  "Plans": [
                                    {
                                      "Node Type": "Hash Join",
                                      "Parent Relationship": "Outer",
                                      "Parallel Aware": false,
                                      "Async Capable": false,
                                      "Join Type": "Inner",
                                      "Startup Cost": 448.43,
                                      "Total Cost": 13490.2,
                                      "Plan Rows": 13360,
                                      "Plan Width": 26,
                                      "Output": [
                                        "part.p_partkey",
                                        "partsupp.ps_supplycost",
                                        "partsupp.ps_suppkey",
                                        "partsupp.ps_partkey",
                                        "supplier.s_suppkey",
                                        "supplier.s_nationkey"
                                      ],
                                      "Inner Unique": true,
                                      "Hash Cond": "(partsupp.ps_suppkey = supplier.s_suppkey)",
                                      "Plans": [
                                        {
                                          "Node Type": "Nested Loop",
                                          "Parent Relationship": "Outer",
                                          "Parallel Aware": false,
                                          "Async Capable": false,
                                          "Join Type": "Inner",
                                          "Startup Cost": 0.42,
                                          "Total Cost": 13007.12,
                                          "Plan Rows": 13360,
                                          "Plan Width": 18,
                                          "Output": [
                                            "part.p_partkey",
                                            "partsupp.ps_supplycost",
                                            "partsupp.ps_suppkey",
                                            "partsupp.ps_partkey"
                                          ],
                                          "Inner Unique": false,
                                          "Plans": [
                                            {
                                              "Node Type": "Seq Scan",
                                              "Parent Relationship": "Outer",
                                              "Parallel Aware": true,
                                              "Async Capable": false,
                                              "Relation Name": "part",
                                              "Schema": "public",
                                              "Alias": "part",
                                              "Startup Cost": 0.0,
                                              "Total Cost": 5169.67,
                                              "Plan Rows": 3340,
                                              "Plan Width": 4,
                                              "Output": [
                                                "part.p_partkey",
                                                "part.p_name",
                                                "part.p_mfgr",
                                                "part.p_brand",
                                                "part.p_type",
                                                "part.p_size",
                                                "part.p_container",
                                                "part.p_retailprice",
                                                "part.p_comment"
                                              ],
                                              "Filter": "((part.p_name)::text ~~ '%slate%'::text)"
                                            },
                                            {
                                              "Node Type": "Index Scan",
                                              "Parent Relationship": "Inner",
                                              "Parallel Aware": false,
                                              "Async Capable": false,
                                              "Scan Direction": "Forward",
                                              "Index Name": "partsupp_pkey",
                                              "Relation Name": "partsupp",
                                              "Schema": "public",
                                              "Alias": "partsupp",
                                              "Startup Cost": 0.42,
                                              "Total Cost": 2.31,
                                              "Plan Rows": 4,
                                              "Plan Width": 14,
                                              "Output": [
                                                "partsupp.ps_partkey",
                                                "partsupp.ps_suppkey",
                                                "partsupp.ps_availqty",
                                                "partsupp.ps_supplycost",
                                                "partsupp.ps_comment"
                                              ],
                                              "Index Cond": "(partsupp.ps_partkey = part.p_partkey)"
                                            }
                                          ]
                                        },
                                        {
                                          "Node Type": "Hash",
                                          "Parent Relationship": "Inner",
                                          "Parallel Aware": false,
                                          "Async Capable": false,
                                          "Startup Cost": 323.0,
                                          "Total Cost": 323.0,
                                          "Plan Rows": 10000,
                                          "Plan Width": 8,
                                          "Output": [
                                            "supplier.s_suppkey",
                                            "supplier.s_nationkey"
                                          ],
                                          "Plans": [
                                            {
                                              "Node Type": "Seq Scan",
                                              "Parent Relationship": "Outer",
                                              "Parallel Aware": false,
                                              "Async Capable": false,
                                              "Relation Name": "supplier",
                                              "Schema": "public",
                                              "Alias": "supplier",
                                              "Startup Cost": 0.0,
                                              "Total Cost": 323.0,
                                              "Plan Rows": 10000,
                                              "Plan Width": 8,
                                              "Output": [
                                                "supplier.s_suppkey",
                                                "supplier.s_nationkey"
                                              ]
                                            }
                                          ]
                                        }
                                      ]
                                    },
                                    {
                                      "Node Type": "Hash",
                                      "Parent Relationship": "Inner",
                                      "Parallel Aware": false,
                                      "Async Capable": false,
                                      "Startup Cost": 1.25,
                                      "Total Cost": 1.25,
                                      "Plan Rows": 25,
                                      "Plan Width": 108,
                                      "Output": [
                                        "nation.n_name",
                                        "nation.n_nationkey"
                                      ],
                                      "Plans": [
                                        {
                                          "Node Type": "Seq Scan",
                                          "Parent Relationship": "Outer",
                                          "Parallel Aware": false,
                                          "Async Capable": false,
                                          "Relation Name": "nation",
                                          "Schema": "public",
                                          "Alias": "nation",
                                          "Startup Cost": 0.0,
                                          "Total Cost": 1.25,
                                          "Plan Rows": 25,
                                          "Plan Width": 108,
                                          "Output": [
                                            "nation.n_name",
                                            "nation.n_nationkey"
                                          ]
                                        }
                                      ]
                                    }
                                  ]
                                }
                              ]
                            }
                          ]
                        },
                        {
                          "Node Type": "Index Scan",
                          "Parent Relationship": "Inner",
                          "Parallel Aware": false,
                          "Async Capable": false,
                          "Scan Direction": "Forward",
                          "Index Name": "orders_pkey",
                          "Relation Name": "orders",
                          "Schema": "public",
                          "Alias": "orders",
                          "Startup Cost": 0.43,
                          "Total Cost": 0.45,
                          "Plan Rows": 1,
                          "Plan Width": 8,
                          "Output": [
                            "orders.o_orderkey",
                            "orders.o_custkey",
                            "orders.o_orderstatus",
                            "orders.o_totalprice",
                            "orders.o_orderdate",
                            "orders.o_orderpriority",
                            "orders.o_clerk",
                            "orders.o_shippriority",
                            "orders.o_comment"
                          ],
                          "Index Cond": "(orders.o_orderkey = lineitem.l_orderkey)"
                        }
                      ]
                    }
                  ]
                }
              ]
            }
          ]
        }
      ]
    },
    "JIT": {
      "Functions": 43,
      "Options": {
        "Inlining": false,
        "Optimization": false,
        "Expressions": true,
        "Deforming": true
      }
    }
  }
]
```

---

## 6. Q9_105_seed_853219224.sql

**File Path:** `/Users/brunowinter2000/Documents/Thesis/2025_2026/Plan-Level/Generated_Queries/Q9/Q9_105_seed_853219224.sql`

### EXPLAIN JSON

```json
[
  {
    "Plan": {
      "Node Type": "Sort",
      "Parallel Aware": false,
      "Async Capable": false,
      "Startup Cost": 214629.27,
      "Total Cost": 214779.65,
      "Plan Rows": 60150,
      "Plan Width": 168,
      "Output": [
        "nation.n_name",
        "(EXTRACT(year FROM orders.o_orderdate))",
        "(sum(((lineitem.l_extendedprice * ('1'::numeric - lineitem.l_discount)) - (partsupp.ps_supplycost * lineitem.l_quantity))))"
      ],
      "Sort Key": [
        "nation.n_name",
        "(EXTRACT(year FROM orders.o_orderdate)) DESC"
      ],
      "Plans": [
        {
          "Node Type": "Aggregate",
          "Strategy": "Hashed",
          "Partial Mode": "Finalize",
          "Parent Relationship": "Outer",
          "Parallel Aware": false,
          "Async Capable": false,
          "Startup Cost": 208952.23,
          "Total Cost": 209854.48,
          "Plan Rows": 60150,
          "Plan Width": 168,
          "Output": [
            "nation.n_name",
            "(EXTRACT(year FROM orders.o_orderdate))",
            "sum(((lineitem.l_extendedprice * ('1'::numeric - lineitem.l_discount)) - (partsupp.ps_supplycost * lineitem.l_quantity)))"
          ],
          "Group Key": [
            "nation.n_name",
            "(EXTRACT(year FROM orders.o_orderdate))"
          ],
          "Planned Partitions": 0,
          "Plans": [
            {
              "Node Type": "Gather",
              "Parent Relationship": "Outer",
              "Parallel Aware": false,
              "Async Capable": false,
              "Startup Cost": 176337.04,
              "Total Cost": 206065.93,
              "Plan Rows": 288630,
              "Plan Width": 168,
              "Output": [
                "nation.n_name",
                "(EXTRACT(year FROM orders.o_orderdate))",
                "(PARTIAL sum(((lineitem.l_extendedprice * ('1'::numeric - lineitem.l_discount)) - (partsupp.ps_supplycost * lineitem.l_quantity))))"
              ],
              "Workers Planned": 5,
              "Single Copy": false,
              "Plans": [
                {
                  "Node Type": "Aggregate",
                  "Strategy": "Hashed",
                  "Partial Mode": "Partial",
                  "Parent Relationship": "Outer",
                  "Parallel Aware": false,
                  "Async Capable": false,
                  "Startup Cost": 175337.04,
                  "Total Cost": 176202.93,
                  "Plan Rows": 57726,
                  "Plan Width": 168,
                  "Output": [
                    "nation.n_name",
                    "(EXTRACT(year FROM orders.o_orderdate))",
                    "PARTIAL sum(((lineitem.l_extendedprice * ('1'::numeric - lineitem.l_discount)) - (partsupp.ps_supplycost * lineitem.l_quantity)))"
                  ],
                  "Group Key": [
                    "nation.n_name",
                    "EXTRACT(year FROM orders.o_orderdate)"
                  ],
                  "Planned Partitions": 0,
                  "Plans": [
                    {
                      "Node Type": "Nested Loop",
                      "Parent Relationship": "Outer",
                      "Parallel Aware": false,
                      "Async Capable": false,
                      "Join Type": "Inner",
                      "Startup Cost": 14570.43,
                      "Total Cost": 174326.84,
                      "Plan Rows": 57726,
                      "Plan Width": 159,
                      "Output": [
                        "nation.n_name",
                        "EXTRACT(year FROM orders.o_orderdate)",
                        "lineitem.l_extendedprice",
                        "lineitem.l_discount",
                        "partsupp.ps_supplycost",
                        "lineitem.l_quantity"
                      ],
                      "Inner Unique": true,
                      "Plans": [
                        {
                          "Node Type": "Hash Join",
                          "Parent Relationship": "Outer",
                          "Parallel Aware": true,
                          "Async Capable": false,
                          "Join Type": "Inner",
                          "Startup Cost": 14570.01,
                          "Total Cost": 148174.36,
                          "Plan Rows": 57726,
                          "Plan Width": 131,
                          "Output": [
                            "lineitem.l_extendedprice",
                            "lineitem.l_discount",
                            "lineitem.l_quantity",
                            "lineitem.l_orderkey",
                            "partsupp.ps_supplycost",
                            "nation.n_name"
                          ],
                          "Inner Unique": false,
                          "Hash Cond": "((lineitem.l_suppkey = supplier.s_suppkey) AND (lineitem.l_partkey = partsupp.ps_partkey))",
                          "Plans": [
                            {
                              "Node Type": "Seq Scan",
                              "Parent Relationship": "Outer",
                              "Parallel Aware": true,
                              "Async Capable": false,
                              "Relation Name": "lineitem",
                              "Schema": "public",
                              "Alias": "lineitem",
                              "Startup Cost": 0.0,
                              "Total Cost": 124602.43,
                              "Plan Rows": 1200243,
                              "Plan Width": 29,
                              "Output": [
                                "lineitem.l_orderkey",
                                "lineitem.l_partkey",
                                "lineitem.l_suppkey",
                                "lineitem.l_linenumber",
                                "lineitem.l_quantity",
                                "lineitem.l_extendedprice",
                                "lineitem.l_discount",
                                "lineitem.l_tax",
                                "lineitem.l_returnflag",
                                "lineitem.l_linestatus",
                                "lineitem.l_shipdate",
                                "lineitem.l_commitdate",
                                "lineitem.l_receiptdate",
                                "lineitem.l_shipinstruct",
                                "lineitem.l_shipmode",
                                "lineitem.l_comment"
                              ]
                            },
                            {
                              "Node Type": "Hash",
                              "Parent Relationship": "Inner",
                              "Parallel Aware": true,
                              "Async Capable": false,
                              "Startup Cost": 14329.53,
                              "Total Cost": 14329.53,
                              "Plan Rows": 16032,
                              "Plan Width": 126,
                              "Output": [
                                "part.p_partkey",
                                "partsupp.ps_supplycost",
                                "partsupp.ps_suppkey",
                                "partsupp.ps_partkey",
                                "supplier.s_suppkey",
                                "nation.n_name"
                              ],
                              "Plans": [
                                {
                                  "Node Type": "Hash Join",
                                  "Parent Relationship": "Outer",
                                  "Parallel Aware": false,
                                  "Async Capable": false,
                                  "Join Type": "Inner",
                                  "Startup Cost": 449.99,
                                  "Total Cost": 14329.53,
                                  "Plan Rows": 16032,
                                  "Plan Width": 126,
                                  "Output": [
                                    "part.p_partkey",
                                    "partsupp.ps_supplycost",
                                    "partsupp.ps_suppkey",
                                    "partsupp.ps_partkey",
                                    "supplier.s_suppkey",
                                    "nation.n_name"
                                  ],
                                  "Inner Unique": true,
                                  "Hash Cond": "(supplier.s_nationkey = nation.n_nationkey)",
                                  "Plans": [
                                    {
                                      "Node Type": "Hash Join",
                                      "Parent Relationship": "Outer",
                                      "Parallel Aware": false,
                                      "Async Capable": false,
                                      "Join Type": "Inner",
                                      "Startup Cost": 448.43,
                                      "Total Cost": 14278.75,
                                      "Plan Rows": 16032,
                                      "Plan Width": 26,
                                      "Output": [
                                        "part.p_partkey",
                                        "partsupp.ps_supplycost",
                                        "partsupp.ps_suppkey",
                                        "partsupp.ps_partkey",
                                        "supplier.s_suppkey",
                                        "supplier.s_nationkey"
                                      ],
                                      "Inner Unique": true,
                                      "Hash Cond": "(partsupp.ps_suppkey = supplier.s_suppkey)",
                                      "Plans": [
                                        {
                                          "Node Type": "Nested Loop",
                                          "Parent Relationship": "Outer",
                                          "Parallel Aware": false,
                                          "Async Capable": false,
                                          "Join Type": "Inner",
                                          "Startup Cost": 0.42,
                                          "Total Cost": 13788.64,
                                          "Plan Rows": 16032,
                                          "Plan Width": 18,
                                          "Output": [
                                            "part.p_partkey",
                                            "partsupp.ps_supplycost",
                                            "partsupp.ps_suppkey",
                                            "partsupp.ps_partkey"
                                          ],
                                          "Inner Unique": false,
                                          "Plans": [
                                            {
                                              "Node Type": "Seq Scan",
                                              "Parent Relationship": "Outer",
                                              "Parallel Aware": true,
                                              "Async Capable": false,
                                              "Relation Name": "part",
                                              "Schema": "public",
                                              "Alias": "part",
                                              "Startup Cost": 0.0,
                                              "Total Cost": 5169.67,
                                              "Plan Rows": 4008,
                                              "Plan Width": 4,
                                              "Output": [
                                                "part.p_partkey",
                                                "part.p_name",
                                                "part.p_mfgr",
                                                "part.p_brand",
                                                "part.p_type",
                                                "part.p_size",
                                                "part.p_container",
                                                "part.p_retailprice",
                                                "part.p_comment"
                                              ],
                                              "Filter": "((part.p_name)::text ~~ '%goldenrod%'::text)"
                                            },
                                            {
                                              "Node Type": "Index Scan",
                                              "Parent Relationship": "Inner",
                                              "Parallel Aware": false,
                                              "Async Capable": false,
                                              "Scan Direction": "Forward",
                                              "Index Name": "partsupp_pkey",
                                              "Relation Name": "partsupp",
                                              "Schema": "public",
                                              "Alias": "partsupp",
                                              "Startup Cost": 0.42,
                                              "Total Cost": 2.11,
                                              "Plan Rows": 4,
                                              "Plan Width": 14,
                                              "Output": [
                                                "partsupp.ps_partkey",
                                                "partsupp.ps_suppkey",
                                                "partsupp.ps_availqty",
                                                "partsupp.ps_supplycost",
                                                "partsupp.ps_comment"
                                              ],
                                              "Index Cond": "(partsupp.ps_partkey = part.p_partkey)"
                                            }
                                          ]
                                        },
                                        {
                                          "Node Type": "Hash",
                                          "Parent Relationship": "Inner",
                                          "Parallel Aware": false,
                                          "Async Capable": false,
                                          "Startup Cost": 323.0,
                                          "Total Cost": 323.0,
                                          "Plan Rows": 10000,
                                          "Plan Width": 8,
                                          "Output": [
                                            "supplier.s_suppkey",
                                            "supplier.s_nationkey"
                                          ],
                                          "Plans": [
                                            {
                                              "Node Type": "Seq Scan",
                                              "Parent Relationship": "Outer",
                                              "Parallel Aware": false,
                                              "Async Capable": false,
                                              "Relation Name": "supplier",
                                              "Schema": "public",
                                              "Alias": "supplier",
                                              "Startup Cost": 0.0,
                                              "Total Cost": 323.0,
                                              "Plan Rows": 10000,
                                              "Plan Width": 8,
                                              "Output": [
                                                "supplier.s_suppkey",
                                                "supplier.s_nationkey"
                                              ]
                                            }
                                          ]
                                        }
                                      ]
                                    },
                                    {
                                      "Node Type": "Hash",
                                      "Parent Relationship": "Inner",
                                      "Parallel Aware": false,
                                      "Async Capable": false,
                                      "Startup Cost": 1.25,
                                      "Total Cost": 1.25,
                                      "Plan Rows": 25,
                                      "Plan Width": 108,
                                      "Output": [
                                        "nation.n_name",
                                        "nation.n_nationkey"
                                      ],
                                      "Plans": [
                                        {
                                          "Node Type": "Seq Scan",
                                          "Parent Relationship": "Outer",
                                          "Parallel Aware": false,
                                          "Async Capable": false,
                                          "Relation Name": "nation",
                                          "Schema": "public",
                                          "Alias": "nation",
                                          "Startup Cost": 0.0,
                                          "Total Cost": 1.25,
                                          "Plan Rows": 25,
                                          "Plan Width": 108,
                                          "Output": [
                                            "nation.n_name",
                                            "nation.n_nationkey"
                                          ]
                                        }
                                      ]
                                    }
                                  ]
                                }
                              ]
                            }
                          ]
                        },
                        {
                          "Node Type": "Index Scan",
                          "Parent Relationship": "Inner",
                          "Parallel Aware": false,
                          "Async Capable": false,
                          "Scan Direction": "Forward",
                          "Index Name": "orders_pkey",
                          "Relation Name": "orders",
                          "Schema": "public",
                          "Alias": "orders",
                          "Startup Cost": 0.43,
                          "Total Cost": 0.45,
                          "Plan Rows": 1,
                          "Plan Width": 8,
                          "Output": [
                            "orders.o_orderkey",
                            "orders.o_custkey",
                            "orders.o_orderstatus",
                            "orders.o_totalprice",
                            "orders.o_orderdate",
                            "orders.o_orderpriority",
                            "orders.o_clerk",
                            "orders.o_shippriority",
                            "orders.o_comment"
                          ],
                          "Index Cond": "(orders.o_orderkey = lineitem.l_orderkey)"
                        }
                      ]
                    }
                  ]
                }
              ]
            }
          ]
        }
      ]
    },
    "JIT": {
      "Functions": 43,
      "Options": {
        "Inlining": false,
        "Optimization": false,
        "Expressions": true,
        "Deforming": true
      }
    }
  }
]
```

---

## 7. Q9_106_seed_861423255.sql

**File Path:** `/Users/brunowinter2000/Documents/Thesis/2025_2026/Plan-Level/Generated_Queries/Q9/Q9_106_seed_861423255.sql`

### EXPLAIN JSON

```json
[
  {
    "Plan": {
      "Node Type": "Sort",
      "Parallel Aware": false,
      "Async Capable": false,
      "Startup Cost": 222478.18,
      "Total Cost": 222628.55,
      "Plan Rows": 60150,
      "Plan Width": 168,
      "Output": [
        "nation.n_name",
        "(EXTRACT(year FROM orders.o_orderdate))",
        "(sum(((lineitem.l_extendedprice * ('1'::numeric - lineitem.l_discount)) - (partsupp.ps_supplycost * lineitem.l_quantity))))"
      ],
      "Sort Key": [
        "nation.n_name",
        "(EXTRACT(year FROM orders.o_orderdate)) DESC"
      ],
      "Plans": [
        {
          "Node Type": "Aggregate",
          "Strategy": "Hashed",
          "Partial Mode": "Finalize",
          "Parent Relationship": "Outer",
          "Parallel Aware": false,
          "Async Capable": false,
          "Startup Cost": 216801.14,
          "Total Cost": 217703.39,
          "Plan Rows": 60150,
          "Plan Width": 168,
          "Output": [
            "nation.n_name",
            "(EXTRACT(year FROM orders.o_orderdate))",
            "sum(((lineitem.l_extendedprice * ('1'::numeric - lineitem.l_discount)) - (partsupp.ps_supplycost * lineitem.l_quantity)))"
          ],
          "Group Key": [
            "nation.n_name",
            "(EXTRACT(year FROM orders.o_orderdate))"
          ],
          "Planned Partitions": 0,
          "Plans": [
            {
              "Node Type": "Gather",
              "Parent Relationship": "Outer",
              "Parallel Aware": false,
              "Async Capable": false,
              "Startup Cost": 182816.39,
              "Total Cost": 213793.64,
              "Plan Rows": 300750,
              "Plan Width": 168,
              "Output": [
                "nation.n_name",
                "(EXTRACT(year FROM orders.o_orderdate))",
                "(PARTIAL sum(((lineitem.l_extendedprice * ('1'::numeric - lineitem.l_discount)) - (partsupp.ps_supplycost * lineitem.l_quantity))))"
              ],
              "Workers Planned": 5,
              "Single Copy": false,
              "Plans": [
                {
                  "Node Type": "Aggregate",
                  "Strategy": "Hashed",
                  "Partial Mode": "Partial",
                  "Parent Relationship": "Outer",
                  "Parallel Aware": false,
                  "Async Capable": false,
                  "Startup Cost": 181816.39,
                  "Total Cost": 182718.64,
                  "Plan Rows": 60150,
                  "Plan Width": 168,
                  "Output": [
                    "nation.n_name",
                    "(EXTRACT(year FROM orders.o_orderdate))",
                    "PARTIAL sum(((lineitem.l_extendedprice * ('1'::numeric - lineitem.l_discount)) - (partsupp.ps_supplycost * lineitem.l_quantity)))"
                  ],
                  "Group Key": [
                    "nation.n_name",
                    "EXTRACT(year FROM orders.o_orderdate)"
                  ],
                  "Planned Partitions": 0,
                  "Plans": [
                    {
                      "Node Type": "Nested Loop",
                      "Parent Relationship": "Outer",
                      "Parallel Aware": false,
                      "Async Capable": false,
                      "Join Type": "Inner",
                      "Startup Cost": 15390.98,
                      "Total Cost": 180595.73,
                      "Plan Rows": 69752,
                      "Plan Width": 159,
                      "Output": [
                        "nation.n_name",
                        "EXTRACT(year FROM orders.o_orderdate)",
                        "lineitem.l_extendedprice",
                        "lineitem.l_discount",
                        "partsupp.ps_supplycost",
                        "lineitem.l_quantity"
                      ],
                      "Inner Unique": true,
                      "Plans": [
                        {
                          "Node Type": "Hash Join",
                          "Parent Relationship": "Outer",
                          "Parallel Aware": true,
                          "Async Capable": false,
                          "Join Type": "Inner",
                          "Startup Cost": 15390.55,
                          "Total Cost": 148994.93,
                          "Plan Rows": 69752,
                          "Plan Width": 131,
                          "Output": [
                            "lineitem.l_extendedprice",
                            "lineitem.l_discount",
                            "lineitem.l_quantity",
                            "lineitem.l_orderkey",
                            "partsupp.ps_supplycost",
                            "nation.n_name"
                          ],
                          "Inner Unique": false,
                          "Hash Cond": "((lineitem.l_suppkey = supplier.s_suppkey) AND (lineitem.l_partkey = partsupp.ps_partkey))",
                          "Plans": [
                            {
                              "Node Type": "Seq Scan",
                              "Parent Relationship": "Outer",
                              "Parallel Aware": true,
                              "Async Capable": false,
                              "Relation Name": "lineitem",
                              "Schema": "public",
                              "Alias": "lineitem",
                              "Startup Cost": 0.0,
                              "Total Cost": 124602.43,
                              "Plan Rows": 1200243,
                              "Plan Width": 29,
                              "Output": [
                                "lineitem.l_orderkey",
                                "lineitem.l_partkey",
                                "lineitem.l_suppkey",
                                "lineitem.l_linenumber",
                                "lineitem.l_quantity",
                                "lineitem.l_extendedprice",
                                "lineitem.l_discount",
                                "lineitem.l_tax",
                                "lineitem.l_returnflag",
                                "lineitem.l_linestatus",
                                "lineitem.l_shipdate",
                                "lineitem.l_commitdate",
                                "lineitem.l_receiptdate",
                                "lineitem.l_shipinstruct",
                                "lineitem.l_shipmode",
                                "lineitem.l_comment"
                              ]
                            },
                            {
                              "Node Type": "Hash",
                              "Parent Relationship": "Inner",
                              "Parallel Aware": true,
                              "Async Capable": false,
                              "Startup Cost": 15099.97,
                              "Total Cost": 15099.97,
                              "Plan Rows": 19372,
                              "Plan Width": 126,
                              "Output": [
                                "part.p_partkey",
                                "partsupp.ps_supplycost",
                                "partsupp.ps_suppkey",
                                "partsupp.ps_partkey",
                                "supplier.s_suppkey",
                                "nation.n_name"
                              ],
                              "Plans": [
                                {
                                  "Node Type": "Hash Join",
                                  "Parent Relationship": "Outer",
                                  "Parallel Aware": false,
                                  "Async Capable": false,
                                  "Join Type": "Inner",
                                  "Startup Cost": 449.99,
                                  "Total Cost": 15099.97,
                                  "Plan Rows": 19372,
                                  "Plan Width": 126,
                                  "Output": [
                                    "part.p_partkey",
                                    "partsupp.ps_supplycost",
                                    "partsupp.ps_suppkey",
                                    "partsupp.ps_partkey",
                                    "supplier.s_suppkey",
                                    "nation.n_name"
                                  ],
                                  "Inner Unique": true,
                                  "Hash Cond": "(supplier.s_nationkey = nation.n_nationkey)",
                                  "Plans": [
                                    {
                                      "Node Type": "Hash Join",
                                      "Parent Relationship": "Outer",
                                      "Parallel Aware": false,
                                      "Async Capable": false,
                                      "Join Type": "Inner",
                                      "Startup Cost": 448.43,
                                      "Total Cost": 15038.94,
                                      "Plan Rows": 19372,
                                      "Plan Width": 26,
                                      "Output": [
                                        "part.p_partkey",
                                        "partsupp.ps_supplycost",
                                        "partsupp.ps_suppkey",
                                        "partsupp.ps_partkey",
                                        "supplier.s_suppkey",
                                        "supplier.s_nationkey"
                                      ],
                                      "Inner Unique": true,
                                      "Hash Cond": "(partsupp.ps_suppkey = supplier.s_suppkey)",
                                      "Plans": [
                                        {
                                          "Node Type": "Nested Loop",
                                          "Parent Relationship": "Outer",
                                          "Parallel Aware": false,
                                          "Async Capable": false,
                                          "Join Type": "Inner",
                                          "Startup Cost": 0.42,
                                          "Total Cost": 14540.06,
                                          "Plan Rows": 19372,
                                          "Plan Width": 18,
                                          "Output": [
                                            "part.p_partkey",
                                            "partsupp.ps_supplycost",
                                            "partsupp.ps_suppkey",
                                            "partsupp.ps_partkey"
                                          ],
                                          "Inner Unique": false,
                                          "Plans": [
                                            {
                                              "Node Type": "Seq Scan",
                                              "Parent Relationship": "Outer",
                                              "Parallel Aware": true,
                                              "Async Capable": false,
                                              "Relation Name": "part",
                                              "Schema": "public",
                                              "Alias": "part",
                                              "Startup Cost": 0.0,
                                              "Total Cost": 5169.67,
                                              "Plan Rows": 4843,
                                              "Plan Width": 4,
                                              "Output": [
                                                "part.p_partkey",
                                                "part.p_name",
                                                "part.p_mfgr",
                                                "part.p_brand",
                                                "part.p_type",
                                                "part.p_size",
                                                "part.p_container",
                                                "part.p_retailprice",
                                                "part.p_comment"
                                              ],
                                              "Filter": "((part.p_name)::text ~~ '%sienna%'::text)"
                                            },
                                            {
                                              "Node Type": "Index Scan",
                                              "Parent Relationship": "Inner",
                                              "Parallel Aware": false,
                                              "Async Capable": false,
                                              "Scan Direction": "Forward",
                                              "Index Name": "partsupp_pkey",
                                              "Relation Name": "partsupp",
                                              "Schema": "public",
                                              "Alias": "partsupp",
                                              "Startup Cost": 0.42,
                                              "Total Cost": 1.89,
                                              "Plan Rows": 4,
                                              "Plan Width": 14,
                                              "Output": [
                                                "partsupp.ps_partkey",
                                                "partsupp.ps_suppkey",
                                                "partsupp.ps_availqty",
                                                "partsupp.ps_supplycost",
                                                "partsupp.ps_comment"
                                              ],
                                              "Index Cond": "(partsupp.ps_partkey = part.p_partkey)"
                                            }
                                          ]
                                        },
                                        {
                                          "Node Type": "Hash",
                                          "Parent Relationship": "Inner",
                                          "Parallel Aware": false,
                                          "Async Capable": false,
                                          "Startup Cost": 323.0,
                                          "Total Cost": 323.0,
                                          "Plan Rows": 10000,
                                          "Plan Width": 8,
                                          "Output": [
                                            "supplier.s_suppkey",
                                            "supplier.s_nationkey"
                                          ],
                                          "Plans": [
                                            {
                                              "Node Type": "Seq Scan",
                                              "Parent Relationship": "Outer",
                                              "Parallel Aware": false,
                                              "Async Capable": false,
                                              "Relation Name": "supplier",
                                              "Schema": "public",
                                              "Alias": "supplier",
                                              "Startup Cost": 0.0,
                                              "Total Cost": 323.0,
                                              "Plan Rows": 10000,
                                              "Plan Width": 8,
                                              "Output": [
                                                "supplier.s_suppkey",
                                                "supplier.s_nationkey"
                                              ]
                                            }
                                          ]
                                        }
                                      ]
                                    },
                                    {
                                      "Node Type": "Hash",
                                      "Parent Relationship": "Inner",
                                      "Parallel Aware": false,
                                      "Async Capable": false,
                                      "Startup Cost": 1.25,
                                      "Total Cost": 1.25,
                                      "Plan Rows": 25,
                                      "Plan Width": 108,
                                      "Output": [
                                        "nation.n_name",
                                        "nation.n_nationkey"
                                      ],
                                      "Plans": [
                                        {
                                          "Node Type": "Seq Scan",
                                          "Parent Relationship": "Outer",
                                          "Parallel Aware": false,
                                          "Async Capable": false,
                                          "Relation Name": "nation",
                                          "Schema": "public",
                                          "Alias": "nation",
                                          "Startup Cost": 0.0,
                                          "Total Cost": 1.25,
                                          "Plan Rows": 25,
                                          "Plan Width": 108,
                                          "Output": [
                                            "nation.n_name",
                                            "nation.n_nationkey"
                                          ]
                                        }
                                      ]
                                    }
                                  ]
                                }
                              ]
                            }
                          ]
                        },
                        {
                          "Node Type": "Index Scan",
                          "Parent Relationship": "Inner",
                          "Parallel Aware": false,
                          "Async Capable": false,
                          "Scan Direction": "Forward",
                          "Index Name": "orders_pkey",
                          "Relation Name": "orders",
                          "Schema": "public",
                          "Alias": "orders",
                          "Startup Cost": 0.43,
                          "Total Cost": 0.45,
                          "Plan Rows": 1,
                          "Plan Width": 8,
                          "Output": [
                            "orders.o_orderkey",
                            "orders.o_custkey",
                            "orders.o_orderstatus",
                            "orders.o_totalprice",
                            "orders.o_orderdate",
                            "orders.o_orderpriority",
                            "orders.o_clerk",
                            "orders.o_shippriority",
                            "orders.o_comment"
                          ],
                          "Index Cond": "(orders.o_orderkey = lineitem.l_orderkey)"
                        }
                      ]
                    }
                  ]
                }
              ]
            }
          ]
        }
      ]
    },
    "JIT": {
      "Functions": 43,
      "Options": {
        "Inlining": false,
        "Optimization": false,
        "Expressions": true,
        "Deforming": true
      }
    }
  }
]
```

---

## 8. Q9_107_seed_869627286.sql

**File Path:** `/Users/brunowinter2000/Documents/Thesis/2025_2026/Plan-Level/Generated_Queries/Q9/Q9_107_seed_869627286.sql`

### EXPLAIN JSON

```json
[
  {
    "Plan": {
      "Node Type": "Sort",
      "Parallel Aware": false,
      "Async Capable": false,
      "Startup Cost": 223771.84,
      "Total Cost": 223922.21,
      "Plan Rows": 60150,
      "Plan Width": 168,
      "Output": [
        "nation.n_name",
        "(EXTRACT(year FROM orders.o_orderdate))",
        "(sum(((lineitem.l_extendedprice * ('1'::numeric - lineitem.l_discount)) - (partsupp.ps_supplycost * lineitem.l_quantity))))"
      ],
      "Sort Key": [
        "nation.n_name",
        "(EXTRACT(year FROM orders.o_orderdate)) DESC"
      ],
      "Plans": [
        {
          "Node Type": "Aggregate",
          "Strategy": "Hashed",
          "Partial Mode": "Finalize",
          "Parent Relationship": "Outer",
          "Parallel Aware": false,
          "Async Capable": false,
          "Startup Cost": 218094.8,
          "Total Cost": 218997.05,
          "Plan Rows": 60150,
          "Plan Width": 168,
          "Output": [
            "nation.n_name",
            "(EXTRACT(year FROM orders.o_orderdate))",
            "sum(((lineitem.l_extendedprice * ('1'::numeric - lineitem.l_discount)) - (partsupp.ps_supplycost * lineitem.l_quantity)))"
          ],
          "Group Key": [
            "nation.n_name",
            "(EXTRACT(year FROM orders.o_orderdate))"
          ],
          "Planned Partitions": 0,
          "Plans": [
            {
              "Node Type": "Gather",
              "Parent Relationship": "Outer",
              "Parallel Aware": false,
              "Async Capable": false,
              "Startup Cost": 184110.05,
              "Total Cost": 215087.3,
              "Plan Rows": 300750,
              "Plan Width": 168,
              "Output": [
                "nation.n_name",
                "(EXTRACT(year FROM orders.o_orderdate))",
                "(PARTIAL sum(((lineitem.l_extendedprice * ('1'::numeric - lineitem.l_discount)) - (partsupp.ps_supplycost * lineitem.l_quantity))))"
              ],
              "Workers Planned": 5,
              "Single Copy": false,
              "Plans": [
                {
                  "Node Type": "Aggregate",
                  "Strategy": "Hashed",
                  "Partial Mode": "Partial",
                  "Parent Relationship": "Outer",
                  "Parallel Aware": false,
                  "Async Capable": false,
                  "Startup Cost": 183110.05,
                  "Total Cost": 184012.3,
                  "Plan Rows": 60150,
                  "Plan Width": 168,
                  "Output": [
                    "nation.n_name",
                    "(EXTRACT(year FROM orders.o_orderdate))",
                    "PARTIAL sum(((lineitem.l_extendedprice * ('1'::numeric - lineitem.l_discount)) - (partsupp.ps_supplycost * lineitem.l_quantity)))"
                  ],
                  "Group Key": [
                    "nation.n_name",
                    "EXTRACT(year FROM orders.o_orderdate)"
                  ],
                  "Planned Partitions": 0,
                  "Plans": [
                    {
                      "Node Type": "Nested Loop",
                      "Parent Relationship": "Outer",
                      "Parallel Aware": false,
                      "Async Capable": false,
                      "Join Type": "Inner",
                      "Startup Cost": 15552.04,
                      "Total Cost": 181847.26,
                      "Plan Rows": 72159,
                      "Plan Width": 159,
                      "Output": [
                        "nation.n_name",
                        "EXTRACT(year FROM orders.o_orderdate)",
                        "lineitem.l_extendedprice",
                        "lineitem.l_discount",
                        "partsupp.ps_supplycost",
                        "lineitem.l_quantity"
                      ],
                      "Inner Unique": true,
                      "Plans": [
                        {
                          "Node Type": "Hash Join",
                          "Parent Relationship": "Outer",
                          "Parallel Aware": true,
                          "Async Capable": false,
                          "Join Type": "Inner",
                          "Startup Cost": 15551.61,
                          "Total Cost": 149155.98,
                          "Plan Rows": 72159,
                          "Plan Width": 131,
                          "Output": [
                            "lineitem.l_extendedprice",
                            "lineitem.l_discount",
                            "lineitem.l_quantity",
                            "lineitem.l_orderkey",
                            "partsupp.ps_supplycost",
                            "nation.n_name"
                          ],
                          "Inner Unique": false,
                          "Hash Cond": "((lineitem.l_suppkey = supplier.s_suppkey) AND (lineitem.l_partkey = partsupp.ps_partkey))",
                          "Plans": [
                            {
                              "Node Type": "Seq Scan",
                              "Parent Relationship": "Outer",
                              "Parallel Aware": true,
                              "Async Capable": false,
                              "Relation Name": "lineitem",
                              "Schema": "public",
                              "Alias": "lineitem",
                              "Startup Cost": 0.0,
                              "Total Cost": 124602.43,
                              "Plan Rows": 1200243,
                              "Plan Width": 29,
                              "Output": [
                                "lineitem.l_orderkey",
                                "lineitem.l_partkey",
                                "lineitem.l_suppkey",
                                "lineitem.l_linenumber",
                                "lineitem.l_quantity",
                                "lineitem.l_extendedprice",
                                "lineitem.l_discount",
                                "lineitem.l_tax",
                                "lineitem.l_returnflag",
                                "lineitem.l_linestatus",
                                "lineitem.l_shipdate",
                                "lineitem.l_commitdate",
                                "lineitem.l_receiptdate",
                                "lineitem.l_shipinstruct",
                                "lineitem.l_shipmode",
                                "lineitem.l_comment"
                              ]
                            },
                            {
                              "Node Type": "Hash",
                              "Parent Relationship": "Inner",
                              "Parallel Aware": true,
                              "Async Capable": false,
                              "Startup Cost": 15251.01,
                              "Total Cost": 15251.01,
                              "Plan Rows": 20040,
                              "Plan Width": 126,
                              "Output": [
                                "part.p_partkey",
                                "partsupp.ps_supplycost",
                                "partsupp.ps_suppkey",
                                "partsupp.ps_partkey",
                                "supplier.s_suppkey",
                                "nation.n_name"
                              ],
                              "Plans": [
                                {
                                  "Node Type": "Hash Join",
                                  "Parent Relationship": "Outer",
                                  "Parallel Aware": false,
                                  "Async Capable": false,
                                  "Join Type": "Inner",
                                  "Startup Cost": 449.99,
                                  "Total Cost": 15251.01,
                                  "Plan Rows": 20040,
                                  "Plan Width": 126,
                                  "Output": [
                                    "part.p_partkey",
                                    "partsupp.ps_supplycost",
                                    "partsupp.ps_suppkey",
                                    "partsupp.ps_partkey",
                                    "supplier.s_suppkey",
                                    "nation.n_name"
                                  ],
                                  "Inner Unique": true,
                                  "Hash Cond": "(supplier.s_nationkey = nation.n_nationkey)",
                                  "Plans": [
                                    {
                                      "Node Type": "Hash Join",
                                      "Parent Relationship": "Outer",
                                      "Parallel Aware": false,
                                      "Async Capable": false,
                                      "Join Type": "Inner",
                                      "Startup Cost": 448.43,
                                      "Total Cost": 15187.92,
                                      "Plan Rows": 20040,
                                      "Plan Width": 26,
                                      "Output": [
                                        "part.p_partkey",
                                        "partsupp.ps_supplycost",
                                        "partsupp.ps_suppkey",
                                        "partsupp.ps_partkey",
                                        "supplier.s_suppkey",
                                        "supplier.s_nationkey"
                                      ],
                                      "Inner Unique": true,
                                      "Hash Cond": "(partsupp.ps_suppkey = supplier.s_suppkey)",
                                      "Plans": [
                                        {
                                          "Node Type": "Nested Loop",
                                          "Parent Relationship": "Outer",
                                          "Parallel Aware": false,
                                          "Async Capable": false,
                                          "Join Type": "Inner",
                                          "Startup Cost": 0.42,
                                          "Total Cost": 14687.3,
                                          "Plan Rows": 20040,
                                          "Plan Width": 18,
                                          "Output": [
                                            "part.p_partkey",
                                            "partsupp.ps_supplycost",
                                            "partsupp.ps_suppkey",
                                            "partsupp.ps_partkey"
                                          ],
                                          "Inner Unique": false,
                                          "Plans": [
                                            {
                                              "Node Type": "Seq Scan",
                                              "Parent Relationship": "Outer",
                                              "Parallel Aware": true,
                                              "Async Capable": false,
                                              "Relation Name": "part",
                                              "Schema": "public",
                                              "Alias": "part",
                                              "Startup Cost": 0.0,
                                              "Total Cost": 5169.67,
                                              "Plan Rows": 5010,
                                              "Plan Width": 4,
                                              "Output": [
                                                "part.p_partkey",
                                                "part.p_name",
                                                "part.p_mfgr",
                                                "part.p_brand",
                                                "part.p_type",
                                                "part.p_size",
                                                "part.p_container",
                                                "part.p_retailprice",
                                                "part.p_comment"
                                              ],
                                              "Filter": "((part.p_name)::text ~~ '%ghost%'::text)"
                                            },
                                            {
                                              "Node Type": "Index Scan",
                                              "Parent Relationship": "Inner",
                                              "Parallel Aware": false,
                                              "Async Capable": false,
                                              "Scan Direction": "Forward",
                                              "Index Name": "partsupp_pkey",
                                              "Relation Name": "partsupp",
                                              "Schema": "public",
                                              "Alias": "partsupp",
                                              "Startup Cost": 0.42,
                                              "Total Cost": 1.86,
                                              "Plan Rows": 4,
                                              "Plan Width": 14,
                                              "Output": [
                                                "partsupp.ps_partkey",
                                                "partsupp.ps_suppkey",
                                                "partsupp.ps_availqty",
                                                "partsupp.ps_supplycost",
                                                "partsupp.ps_comment"
                                              ],
                                              "Index Cond": "(partsupp.ps_partkey = part.p_partkey)"
                                            }
                                          ]
                                        },
                                        {
                                          "Node Type": "Hash",
                                          "Parent Relationship": "Inner",
                                          "Parallel Aware": false,
                                          "Async Capable": false,
                                          "Startup Cost": 323.0,
                                          "Total Cost": 323.0,
                                          "Plan Rows": 10000,
                                          "Plan Width": 8,
                                          "Output": [
                                            "supplier.s_suppkey",
                                            "supplier.s_nationkey"
                                          ],
                                          "Plans": [
                                            {
                                              "Node Type": "Seq Scan",
                                              "Parent Relationship": "Outer",
                                              "Parallel Aware": false,
                                              "Async Capable": false,
                                              "Relation Name": "supplier",
                                              "Schema": "public",
                                              "Alias": "supplier",
                                              "Startup Cost": 0.0,
                                              "Total Cost": 323.0,
                                              "Plan Rows": 10000,
                                              "Plan Width": 8,
                                              "Output": [
                                                "supplier.s_suppkey",
                                                "supplier.s_nationkey"
                                              ]
                                            }
                                          ]
                                        }
                                      ]
                                    },
                                    {
                                      "Node Type": "Hash",
                                      "Parent Relationship": "Inner",
                                      "Parallel Aware": false,
                                      "Async Capable": false,
                                      "Startup Cost": 1.25,
                                      "Total Cost": 1.25,
                                      "Plan Rows": 25,
                                      "Plan Width": 108,
                                      "Output": [
                                        "nation.n_name",
                                        "nation.n_nationkey"
                                      ],
                                      "Plans": [
                                        {
                                          "Node Type": "Seq Scan",
                                          "Parent Relationship": "Outer",
                                          "Parallel Aware": false,
                                          "Async Capable": false,
                                          "Relation Name": "nation",
                                          "Schema": "public",
                                          "Alias": "nation",
                                          "Startup Cost": 0.0,
                                          "Total Cost": 1.25,
                                          "Plan Rows": 25,
                                          "Plan Width": 108,
                                          "Output": [
                                            "nation.n_name",
                                            "nation.n_nationkey"
                                          ]
                                        }
                                      ]
                                    }
                                  ]
                                }
                              ]
                            }
                          ]
                        },
                        {
                          "Node Type": "Index Scan",
                          "Parent Relationship": "Inner",
                          "Parallel Aware": false,
                          "Async Capable": false,
                          "Scan Direction": "Forward",
                          "Index Name": "orders_pkey",
                          "Relation Name": "orders",
                          "Schema": "public",
                          "Alias": "orders",
                          "Startup Cost": 0.43,
                          "Total Cost": 0.45,
                          "Plan Rows": 1,
                          "Plan Width": 8,
                          "Output": [
                            "orders.o_orderkey",
                            "orders.o_custkey",
                            "orders.o_orderstatus",
                            "orders.o_totalprice",
                            "orders.o_orderdate",
                            "orders.o_orderpriority",
                            "orders.o_clerk",
                            "orders.o_shippriority",
                            "orders.o_comment"
                          ],
                          "Index Cond": "(orders.o_orderkey = lineitem.l_orderkey)"
                        }
                      ]
                    }
                  ]
                }
              ]
            }
          ]
        }
      ]
    },
    "JIT": {
      "Functions": 43,
      "Options": {
        "Inlining": false,
        "Optimization": false,
        "Expressions": true,
        "Deforming": true
      }
    }
  }
]
```

---

## 9. Q9_108_seed_877831317.sql

**File Path:** `/Users/brunowinter2000/Documents/Thesis/2025_2026/Plan-Level/Generated_Queries/Q9/Q9_108_seed_877831317.sql`

### EXPLAIN JSON

```json
[
  {
    "Plan": {
      "Node Type": "Sort",
      "Parallel Aware": false,
      "Async Capable": false,
      "Startup Cost": 223771.84,
      "Total Cost": 223922.21,
      "Plan Rows": 60150,
      "Plan Width": 168,
      "Output": [
        "nation.n_name",
        "(EXTRACT(year FROM orders.o_orderdate))",
        "(sum(((lineitem.l_extendedprice * ('1'::numeric - lineitem.l_discount)) - (partsupp.ps_supplycost * lineitem.l_quantity))))"
      ],
      "Sort Key": [
        "nation.n_name",
        "(EXTRACT(year FROM orders.o_orderdate)) DESC"
      ],
      "Plans": [
        {
          "Node Type": "Aggregate",
          "Strategy": "Hashed",
          "Partial Mode": "Finalize",
          "Parent Relationship": "Outer",
          "Parallel Aware": false,
          "Async Capable": false,
          "Startup Cost": 218094.8,
          "Total Cost": 218997.05,
          "Plan Rows": 60150,
          "Plan Width": 168,
          "Output": [
            "nation.n_name",
            "(EXTRACT(year FROM orders.o_orderdate))",
            "sum(((lineitem.l_extendedprice * ('1'::numeric - lineitem.l_discount)) - (partsupp.ps_supplycost * lineitem.l_quantity)))"
          ],
          "Group Key": [
            "nation.n_name",
            "(EXTRACT(year FROM orders.o_orderdate))"
          ],
          "Planned Partitions": 0,
          "Plans": [
            {
              "Node Type": "Gather",
              "Parent Relationship": "Outer",
              "Parallel Aware": false,
              "Async Capable": false,
              "Startup Cost": 184110.05,
              "Total Cost": 215087.3,
              "Plan Rows": 300750,
              "Plan Width": 168,
              "Output": [
                "nation.n_name",
                "(EXTRACT(year FROM orders.o_orderdate))",
                "(PARTIAL sum(((lineitem.l_extendedprice * ('1'::numeric - lineitem.l_discount)) - (partsupp.ps_supplycost * lineitem.l_quantity))))"
              ],
              "Workers Planned": 5,
              "Single Copy": false,
              "Plans": [
                {
                  "Node Type": "Aggregate",
                  "Strategy": "Hashed",
                  "Partial Mode": "Partial",
                  "Parent Relationship": "Outer",
                  "Parallel Aware": false,
                  "Async Capable": false,
                  "Startup Cost": 183110.05,
                  "Total Cost": 184012.3,
                  "Plan Rows": 60150,
                  "Plan Width": 168,
                  "Output": [
                    "nation.n_name",
                    "(EXTRACT(year FROM orders.o_orderdate))",
                    "PARTIAL sum(((lineitem.l_extendedprice * ('1'::numeric - lineitem.l_discount)) - (partsupp.ps_supplycost * lineitem.l_quantity)))"
                  ],
                  "Group Key": [
                    "nation.n_name",
                    "EXTRACT(year FROM orders.o_orderdate)"
                  ],
                  "Planned Partitions": 0,
                  "Plans": [
                    {
                      "Node Type": "Nested Loop",
                      "Parent Relationship": "Outer",
                      "Parallel Aware": false,
                      "Async Capable": false,
                      "Join Type": "Inner",
                      "Startup Cost": 15552.04,
                      "Total Cost": 181847.26,
                      "Plan Rows": 72159,
                      "Plan Width": 159,
                      "Output": [
                        "nation.n_name",
                        "EXTRACT(year FROM orders.o_orderdate)",
                        "lineitem.l_extendedprice",
                        "lineitem.l_discount",
                        "partsupp.ps_supplycost",
                        "lineitem.l_quantity"
                      ],
                      "Inner Unique": true,
                      "Plans": [
                        {
                          "Node Type": "Hash Join",
                          "Parent Relationship": "Outer",
                          "Parallel Aware": true,
                          "Async Capable": false,
                          "Join Type": "Inner",
                          "Startup Cost": 15551.61,
                          "Total Cost": 149155.98,
                          "Plan Rows": 72159,
                          "Plan Width": 131,
                          "Output": [
                            "lineitem.l_extendedprice",
                            "lineitem.l_discount",
                            "lineitem.l_quantity",
                            "lineitem.l_orderkey",
                            "partsupp.ps_supplycost",
                            "nation.n_name"
                          ],
                          "Inner Unique": false,
                          "Hash Cond": "((lineitem.l_suppkey = supplier.s_suppkey) AND (lineitem.l_partkey = partsupp.ps_partkey))",
                          "Plans": [
                            {
                              "Node Type": "Seq Scan",
                              "Parent Relationship": "Outer",
                              "Parallel Aware": true,
                              "Async Capable": false,
                              "Relation Name": "lineitem",
                              "Schema": "public",
                              "Alias": "lineitem",
                              "Startup Cost": 0.0,
                              "Total Cost": 124602.43,
                              "Plan Rows": 1200243,
                              "Plan Width": 29,
                              "Output": [
                                "lineitem.l_orderkey",
                                "lineitem.l_partkey",
                                "lineitem.l_suppkey",
                                "lineitem.l_linenumber",
                                "lineitem.l_quantity",
                                "lineitem.l_extendedprice",
                                "lineitem.l_discount",
                                "lineitem.l_tax",
                                "lineitem.l_returnflag",
                                "lineitem.l_linestatus",
                                "lineitem.l_shipdate",
                                "lineitem.l_commitdate",
                                "lineitem.l_receiptdate",
                                "lineitem.l_shipinstruct",
                                "lineitem.l_shipmode",
                                "lineitem.l_comment"
                              ]
                            },
                            {
                              "Node Type": "Hash",
                              "Parent Relationship": "Inner",
                              "Parallel Aware": true,
                              "Async Capable": false,
                              "Startup Cost": 15251.01,
                              "Total Cost": 15251.01,
                              "Plan Rows": 20040,
                              "Plan Width": 126,
                              "Output": [
                                "part.p_partkey",
                                "partsupp.ps_supplycost",
                                "partsupp.ps_suppkey",
                                "partsupp.ps_partkey",
                                "supplier.s_suppkey",
                                "nation.n_name"
                              ],
                              "Plans": [
                                {
                                  "Node Type": "Hash Join",
                                  "Parent Relationship": "Outer",
                                  "Parallel Aware": false,
                                  "Async Capable": false,
                                  "Join Type": "Inner",
                                  "Startup Cost": 449.99,
                                  "Total Cost": 15251.01,
                                  "Plan Rows": 20040,
                                  "Plan Width": 126,
                                  "Output": [
                                    "part.p_partkey",
                                    "partsupp.ps_supplycost",
                                    "partsupp.ps_suppkey",
                                    "partsupp.ps_partkey",
                                    "supplier.s_suppkey",
                                    "nation.n_name"
                                  ],
                                  "Inner Unique": true,
                                  "Hash Cond": "(supplier.s_nationkey = nation.n_nationkey)",
                                  "Plans": [
                                    {
                                      "Node Type": "Hash Join",
                                      "Parent Relationship": "Outer",
                                      "Parallel Aware": false,
                                      "Async Capable": false,
                                      "Join Type": "Inner",
                                      "Startup Cost": 448.43,
                                      "Total Cost": 15187.92,
                                      "Plan Rows": 20040,
                                      "Plan Width": 26,
                                      "Output": [
                                        "part.p_partkey",
                                        "partsupp.ps_supplycost",
                                        "partsupp.ps_suppkey",
                                        "partsupp.ps_partkey",
                                        "supplier.s_suppkey",
                                        "supplier.s_nationkey"
                                      ],
                                      "Inner Unique": true,
                                      "Hash Cond": "(partsupp.ps_suppkey = supplier.s_suppkey)",
                                      "Plans": [
                                        {
                                          "Node Type": "Nested Loop",
                                          "Parent Relationship": "Outer",
                                          "Parallel Aware": false,
                                          "Async Capable": false,
                                          "Join Type": "Inner",
                                          "Startup Cost": 0.42,
                                          "Total Cost": 14687.3,
                                          "Plan Rows": 20040,
                                          "Plan Width": 18,
                                          "Output": [
                                            "part.p_partkey",
                                            "partsupp.ps_supplycost",
                                            "partsupp.ps_suppkey",
                                            "partsupp.ps_partkey"
                                          ],
                                          "Inner Unique": false,
                                          "Plans": [
                                            {
                                              "Node Type": "Seq Scan",
                                              "Parent Relationship": "Outer",
                                              "Parallel Aware": true,
                                              "Async Capable": false,
                                              "Relation Name": "part",
                                              "Schema": "public",
                                              "Alias": "part",
                                              "Startup Cost": 0.0,
                                              "Total Cost": 5169.67,
                                              "Plan Rows": 5010,
                                              "Plan Width": 4,
                                              "Output": [
                                                "part.p_partkey",
                                                "part.p_name",
                                                "part.p_mfgr",
                                                "part.p_brand",
                                                "part.p_type",
                                                "part.p_size",
                                                "part.p_container",
                                                "part.p_retailprice",
                                                "part.p_comment"
                                              ],
                                              "Filter": "((part.p_name)::text ~~ '%seashell%'::text)"
                                            },
                                            {
                                              "Node Type": "Index Scan",
                                              "Parent Relationship": "Inner",
                                              "Parallel Aware": false,
                                              "Async Capable": false,
                                              "Scan Direction": "Forward",
                                              "Index Name": "partsupp_pkey",
                                              "Relation Name": "partsupp",
                                              "Schema": "public",
                                              "Alias": "partsupp",
                                              "Startup Cost": 0.42,
                                              "Total Cost": 1.86,
                                              "Plan Rows": 4,
                                              "Plan Width": 14,
                                              "Output": [
                                                "partsupp.ps_partkey",
                                                "partsupp.ps_suppkey",
                                                "partsupp.ps_availqty",
                                                "partsupp.ps_supplycost",
                                                "partsupp.ps_comment"
                                              ],
                                              "Index Cond": "(partsupp.ps_partkey = part.p_partkey)"
                                            }
                                          ]
                                        },
                                        {
                                          "Node Type": "Hash",
                                          "Parent Relationship": "Inner",
                                          "Parallel Aware": false,
                                          "Async Capable": false,
                                          "Startup Cost": 323.0,
                                          "Total Cost": 323.0,
                                          "Plan Rows": 10000,
                                          "Plan Width": 8,
                                          "Output": [
                                            "supplier.s_suppkey",
                                            "supplier.s_nationkey"
                                          ],
                                          "Plans": [
                                            {
                                              "Node Type": "Seq Scan",
                                              "Parent Relationship": "Outer",
                                              "Parallel Aware": false,
                                              "Async Capable": false,
                                              "Relation Name": "supplier",
                                              "Schema": "public",
                                              "Alias": "supplier",
                                              "Startup Cost": 0.0,
                                              "Total Cost": 323.0,
                                              "Plan Rows": 10000,
                                              "Plan Width": 8,
                                              "Output": [
                                                "supplier.s_suppkey",
                                                "supplier.s_nationkey"
                                              ]
                                            }
                                          ]
                                        }
                                      ]
                                    },
                                    {
                                      "Node Type": "Hash",
                                      "Parent Relationship": "Inner",
                                      "Parallel Aware": false,
                                      "Async Capable": false,
                                      "Startup Cost": 1.25,
                                      "Total Cost": 1.25,
                                      "Plan Rows": 25,
                                      "Plan Width": 108,
                                      "Output": [
                                        "nation.n_name",
                                        "nation.n_nationkey"
                                      ],
                                      "Plans": [
                                        {
                                          "Node Type": "Seq Scan",
                                          "Parent Relationship": "Outer",
                                          "Parallel Aware": false,
                                          "Async Capable": false,
                                          "Relation Name": "nation",
                                          "Schema": "public",
                                          "Alias": "nation",
                                          "Startup Cost": 0.0,
                                          "Total Cost": 1.25,
                                          "Plan Rows": 25,
                                          "Plan Width": 108,
                                          "Output": [
                                            "nation.n_name",
                                            "nation.n_nationkey"
                                          ]
                                        }
                                      ]
                                    }
                                  ]
                                }
                              ]
                            }
                          ]
                        },
                        {
                          "Node Type": "Index Scan",
                          "Parent Relationship": "Inner",
                          "Parallel Aware": false,
                          "Async Capable": false,
                          "Scan Direction": "Forward",
                          "Index Name": "orders_pkey",
                          "Relation Name": "orders",
                          "Schema": "public",
                          "Alias": "orders",
                          "Startup Cost": 0.43,
                          "Total Cost": 0.45,
                          "Plan Rows": 1,
                          "Plan Width": 8,
                          "Output": [
                            "orders.o_orderkey",
                            "orders.o_custkey",
                            "orders.o_orderstatus",
                            "orders.o_totalprice",
                            "orders.o_orderdate",
                            "orders.o_orderpriority",
                            "orders.o_clerk",
                            "orders.o_shippriority",
                            "orders.o_comment"
                          ],
                          "Index Cond": "(orders.o_orderkey = lineitem.l_orderkey)"
                        }
                      ]
                    }
                  ]
                }
              ]
            }
          ]
        }
      ]
    },
    "JIT": {
      "Functions": 43,
      "Options": {
        "Inlining": false,
        "Optimization": false,
        "Expressions": true,
        "Deforming": true
      }
    }
  }
]
```

---

## 10. Q9_109_seed_886035348.sql

**File Path:** `/Users/brunowinter2000/Documents/Thesis/2025_2026/Plan-Level/Generated_Queries/Q9/Q9_109_seed_886035348.sql`

### EXPLAIN JSON

```json
[
  {
    "Plan": {
      "Node Type": "Sort",
      "Parallel Aware": false,
      "Async Capable": false,
      "Startup Cost": 209315.24,
      "Total Cost": 209465.61,
      "Plan Rows": 60150,
      "Plan Width": 168,
      "Output": [
        "nation.n_name",
        "(EXTRACT(year FROM orders.o_orderdate))",
        "(sum(((lineitem.l_extendedprice * ('1'::numeric - lineitem.l_discount)) - (partsupp.ps_supplycost * lineitem.l_quantity))))"
      ],
      "Sort Key": [
        "nation.n_name",
        "(EXTRACT(year FROM orders.o_orderdate)) DESC"
      ],
      "Plans": [
        {
          "Node Type": "Aggregate",
          "Strategy": "Hashed",
          "Partial Mode": "Finalize",
          "Parent Relationship": "Outer",
          "Parallel Aware": false,
          "Async Capable": false,
          "Startup Cost": 203638.2,
          "Total Cost": 204540.45,
          "Plan Rows": 60150,
          "Plan Width": 168,
          "Output": [
            "nation.n_name",
            "(EXTRACT(year FROM orders.o_orderdate))",
            "sum(((lineitem.l_extendedprice * ('1'::numeric - lineitem.l_discount)) - (partsupp.ps_supplycost * lineitem.l_quantity)))"
          ],
          "Group Key": [
            "nation.n_name",
            "(EXTRACT(year FROM orders.o_orderdate))"
          ],
          "Planned Partitions": 0,
          "Plans": [
            {
              "Node Type": "Gather",
              "Parent Relationship": "Outer",
              "Parallel Aware": false,
              "Async Capable": false,
              "Startup Cost": 173738.96,
              "Total Cost": 200992.25,
              "Plan Rows": 264595,
              "Plan Width": 168,
              "Output": [
                "nation.n_name",
                "(EXTRACT(year FROM orders.o_orderdate))",
                "(PARTIAL sum(((lineitem.l_extendedprice * ('1'::numeric - lineitem.l_discount)) - (partsupp.ps_supplycost * lineitem.l_quantity))))"
              ],
              "Workers Planned": 5,
              "Single Copy": false,
              "Plans": [
                {
                  "Node Type": "Aggregate",
                  "Strategy": "Hashed",
                  "Partial Mode": "Partial",
                  "Parent Relationship": "Outer",
                  "Parallel Aware": false,
                  "Async Capable": false,
                  "Startup Cost": 172738.96,
                  "Total Cost": 173532.75,
                  "Plan Rows": 52919,
                  "Plan Width": 168,
                  "Output": [
                    "nation.n_name",
                    "(EXTRACT(year FROM orders.o_orderdate))",
                    "PARTIAL sum(((lineitem.l_extendedprice * ('1'::numeric - lineitem.l_discount)) - (partsupp.ps_supplycost * lineitem.l_quantity)))"
                  ],
                  "Group Key": [
                    "nation.n_name",
                    "EXTRACT(year FROM orders.o_orderdate)"
                  ],
                  "Planned Partitions": 0,
                  "Plans": [
                    {
                      "Node Type": "Nested Loop",
                      "Parent Relationship": "Outer",
                      "Parallel Aware": false,
                      "Async Capable": false,
                      "Join Type": "Inner",
                      "Startup Cost": 14234.27,
                      "Total Cost": 171812.88,
                      "Plan Rows": 52919,
                      "Plan Width": 159,
                      "Output": [
                        "nation.n_name",
                        "EXTRACT(year FROM orders.o_orderdate)",
                        "lineitem.l_extendedprice",
                        "lineitem.l_discount",
                        "partsupp.ps_supplycost",
                        "lineitem.l_quantity"
                      ],
                      "Inner Unique": true,
                      "Plans": [
                        {
                          "Node Type": "Hash Join",
                          "Parent Relationship": "Outer",
                          "Parallel Aware": true,
                          "Async Capable": false,
                          "Join Type": "Inner",
                          "Startup Cost": 14233.85,
                          "Total Cost": 147838.19,
                          "Plan Rows": 52919,
                          "Plan Width": 131,
                          "Output": [
                            "lineitem.l_extendedprice",
                            "lineitem.l_discount",
                            "lineitem.l_quantity",
                            "lineitem.l_orderkey",
                            "partsupp.ps_supplycost",
                            "nation.n_name"
                          ],
                          "Inner Unique": false,
                          "Hash Cond": "((lineitem.l_suppkey = supplier.s_suppkey) AND (lineitem.l_partkey = partsupp.ps_partkey))",
                          "Plans": [
                            {
                              "Node Type": "Seq Scan",
                              "Parent Relationship": "Outer",
                              "Parallel Aware": true,
                              "Async Capable": false,
                              "Relation Name": "lineitem",
                              "Schema": "public",
                              "Alias": "lineitem",
                              "Startup Cost": 0.0,
                              "Total Cost": 124602.43,
                              "Plan Rows": 1200243,
                              "Plan Width": 29,
                              "Output": [
                                "lineitem.l_orderkey",
                                "lineitem.l_partkey",
                                "lineitem.l_suppkey",
                                "lineitem.l_linenumber",
                                "lineitem.l_quantity",
                                "lineitem.l_extendedprice",
                                "lineitem.l_discount",
                                "lineitem.l_tax",
                                "lineitem.l_returnflag",
                                "lineitem.l_linestatus",
                                "lineitem.l_shipdate",
                                "lineitem.l_commitdate",
                                "lineitem.l_receiptdate",
                                "lineitem.l_shipinstruct",
                                "lineitem.l_shipmode",
                                "lineitem.l_comment"
                              ]
                            },
                            {
                              "Node Type": "Hash",
                              "Parent Relationship": "Inner",
                              "Parallel Aware": true,
                              "Async Capable": false,
                              "Startup Cost": 14013.39,
                              "Total Cost": 14013.39,
                              "Plan Rows": 14697,
                              "Plan Width": 126,
                              "Output": [
                                "part.p_partkey",
                                "partsupp.ps_supplycost",
                                "partsupp.ps_suppkey",
                                "partsupp.ps_partkey",
                                "supplier.s_suppkey",
                                "nation.n_name"
                              ],
                              "Plans": [
                                {
                                  "Node Type": "Hash Join",
                                  "Parent Relationship": "Outer",
                                  "Parallel Aware": false,
                                  "Async Capable": false,
                                  "Join Type": "Inner",
                                  "Startup Cost": 449.99,
                                  "Total Cost": 14013.39,
                                  "Plan Rows": 14697,
                                  "Plan Width": 126,
                                  "Output": [
                                    "part.p_partkey",
                                    "partsupp.ps_supplycost",
                                    "partsupp.ps_suppkey",
                                    "partsupp.ps_partkey",
                                    "supplier.s_suppkey",
                                    "nation.n_name"
                                  ],
                                  "Inner Unique": true,
                                  "Hash Cond": "(supplier.s_nationkey = nation.n_nationkey)",
                                  "Plans": [
                                    {
                                      "Node Type": "Hash Join",
                                      "Parent Relationship": "Outer",
                                      "Parallel Aware": false,
                                      "Async Capable": false,
                                      "Join Type": "Inner",
                                      "Startup Cost": 448.43,
                                      "Total Cost": 13966.71,
                                      "Plan Rows": 14697,
                                      "Plan Width": 26,
                                      "Output": [
                                        "part.p_partkey",
                                        "partsupp.ps_supplycost",
                                        "partsupp.ps_suppkey",
                                        "partsupp.ps_partkey",
                                        "supplier.s_suppkey",
                                        "supplier.s_nationkey"
                                      ],
                                      "Inner Unique": true,
                                      "Hash Cond": "(partsupp.ps_suppkey = supplier.s_suppkey)",
                                      "Plans": [
                                        {
                                          "Node Type": "Nested Loop",
                                          "Parent Relationship": "Outer",
                                          "Parallel Aware": false,
                                          "Async Capable": false,
                                          "Join Type": "Inner",
                                          "Startup Cost": 0.42,
                                          "Total Cost": 13480.12,
                                          "Plan Rows": 14697,
                                          "Plan Width": 18,
                                          "Output": [
                                            "part.p_partkey",
                                            "partsupp.ps_supplycost",
                                            "partsupp.ps_suppkey",
                                            "partsupp.ps_partkey"
                                          ],
                                          "Inner Unique": false,
                                          "Plans": [
                                            {
                                              "Node Type": "Seq Scan",
                                              "Parent Relationship": "Outer",
                                              "Parallel Aware": true,
                                              "Async Capable": false,
                                              "Relation Name": "part",
                                              "Schema": "public",
                                              "Alias": "part",
                                              "Startup Cost": 0.0,
                                              "Total Cost": 5169.67,
                                              "Plan Rows": 3674,
                                              "Plan Width": 4,
                                              "Output": [
                                                "part.p_partkey",
                                                "part.p_name",
                                                "part.p_mfgr",
                                                "part.p_brand",
                                                "part.p_type",
                                                "part.p_size",
                                                "part.p_container",
                                                "part.p_retailprice",
                                                "part.p_comment"
                                              ],
                                              "Filter": "((part.p_name)::text ~~ '%gainsboro%'::text)"
                                            },
                                            {
                                              "Node Type": "Index Scan",
                                              "Parent Relationship": "Inner",
                                              "Parallel Aware": false,
                                              "Async Capable": false,
                                              "Scan Direction": "Forward",
                                              "Index Name": "partsupp_pkey",
                                              "Relation Name": "partsupp",
                                              "Schema": "public",
                                              "Alias": "partsupp",
                                              "Startup Cost": 0.42,
                                              "Total Cost": 2.22,
                                              "Plan Rows": 4,
                                              "Plan Width": 14,
                                              "Output": [
                                                "partsupp.ps_partkey",
                                                "partsupp.ps_suppkey",
                                                "partsupp.ps_availqty",
                                                "partsupp.ps_supplycost",
                                                "partsupp.ps_comment"
                                              ],
                                              "Index Cond": "(partsupp.ps_partkey = part.p_partkey)"
                                            }
                                          ]
                                        },
                                        {
                                          "Node Type": "Hash",
                                          "Parent Relationship": "Inner",
                                          "Parallel Aware": false,
                                          "Async Capable": false,
                                          "Startup Cost": 323.0,
                                          "Total Cost": 323.0,
                                          "Plan Rows": 10000,
                                          "Plan Width": 8,
                                          "Output": [
                                            "supplier.s_suppkey",
                                            "supplier.s_nationkey"
                                          ],
                                          "Plans": [
                                            {
                                              "Node Type": "Seq Scan",
                                              "Parent Relationship": "Outer",
                                              "Parallel Aware": false,
                                              "Async Capable": false,
                                              "Relation Name": "supplier",
                                              "Schema": "public",
                                              "Alias": "supplier",
                                              "Startup Cost": 0.0,
                                              "Total Cost": 323.0,
                                              "Plan Rows": 10000,
                                              "Plan Width": 8,
                                              "Output": [
                                                "supplier.s_suppkey",
                                                "supplier.s_nationkey"
                                              ]
                                            }
                                          ]
                                        }
                                      ]
                                    },
                                    {
                                      "Node Type": "Hash",
                                      "Parent Relationship": "Inner",
                                      "Parallel Aware": false,
                                      "Async Capable": false,
                                      "Startup Cost": 1.25,
                                      "Total Cost": 1.25,
                                      "Plan Rows": 25,
                                      "Plan Width": 108,
                                      "Output": [
                                        "nation.n_name",
                                        "nation.n_nationkey"
                                      ],
                                      "Plans": [
                                        {
                                          "Node Type": "Seq Scan",
                                          "Parent Relationship": "Outer",
                                          "Parallel Aware": false,
                                          "Async Capable": false,
                                          "Relation Name": "nation",
                                          "Schema": "public",
                                          "Alias": "nation",
                                          "Startup Cost": 0.0,
                                          "Total Cost": 1.25,
                                          "Plan Rows": 25,
                                          "Plan Width": 108,
                                          "Output": [
                                            "nation.n_name",
                                            "nation.n_nationkey"
                                          ]
                                        }
                                      ]
                                    }
                                  ]
                                }
                              ]
                            }
                          ]
                        },
                        {
                          "Node Type": "Index Scan",
                          "Parent Relationship": "Inner",
                          "Parallel Aware": false,
                          "Async Capable": false,
                          "Scan Direction": "Forward",
                          "Index Name": "orders_pkey",
                          "Relation Name": "orders",
                          "Schema": "public",
                          "Alias": "orders",
                          "Startup Cost": 0.43,
                          "Total Cost": 0.45,
                          "Plan Rows": 1,
                          "Plan Width": 8,
                          "Output": [
                            "orders.o_orderkey",
                            "orders.o_custkey",
                            "orders.o_orderstatus",
                            "orders.o_totalprice",
                            "orders.o_orderdate",
                            "orders.o_orderpriority",
                            "orders.o_clerk",
                            "orders.o_shippriority",
                            "orders.o_comment"
                          ],
                          "Index Cond": "(orders.o_orderkey = lineitem.l_orderkey)"
                        }
                      ]
                    }
                  ]
                }
              ]
            }
          ]
        }
      ]
    },
    "JIT": {
      "Functions": 43,
      "Options": {
        "Inlining": false,
        "Optimization": false,
        "Expressions": true,
        "Deforming": true
      }
    }
  }
]
```

---

## 11. Q9_10_seed_73836279.sql

**File Path:** `/Users/brunowinter2000/Documents/Thesis/2025_2026/Plan-Level/Generated_Queries/Q9/Q9_10_seed_73836279.sql`

### EXPLAIN JSON

```json
[
  {
    "Plan": {
      "Node Type": "Sort",
      "Parallel Aware": false,
      "Async Capable": false,
      "Startup Cost": 195555.08,
      "Total Cost": 195705.45,
      "Plan Rows": 60150,
      "Plan Width": 168,
      "Output": [
        "nation.n_name",
        "(EXTRACT(year FROM orders.o_orderdate))",
        "(sum(((lineitem.l_extendedprice * ('1'::numeric - lineitem.l_discount)) - (partsupp.ps_supplycost * lineitem.l_quantity))))"
      ],
      "Sort Key": [
        "nation.n_name",
        "(EXTRACT(year FROM orders.o_orderdate)) DESC"
      ],
      "Plans": [
        {
          "Node Type": "Aggregate",
          "Strategy": "Hashed",
          "Partial Mode": "Finalize",
          "Parent Relationship": "Outer",
          "Parallel Aware": false,
          "Async Capable": false,
          "Startup Cost": 189878.04,
          "Total Cost": 190780.29,
          "Plan Rows": 60150,
          "Plan Width": 168,
          "Output": [
            "nation.n_name",
            "(EXTRACT(year FROM orders.o_orderdate))",
            "sum(((lineitem.l_extendedprice * ('1'::numeric - lineitem.l_discount)) - (partsupp.ps_supplycost * lineitem.l_quantity)))"
          ],
          "Group Key": [
            "nation.n_name",
            "(EXTRACT(year FROM orders.o_orderdate))"
          ],
          "Planned Partitions": 0,
          "Plans": [
            {
              "Node Type": "Gather",
              "Parent Relationship": "Outer",
              "Parallel Aware": false,
              "Async Capable": false,
              "Startup Cost": 166774.06,
              "Total Cost": 187833.44,
              "Plan Rows": 204460,
              "Plan Width": 168,
              "Output": [
                "nation.n_name",
                "(EXTRACT(year FROM orders.o_orderdate))",
                "(PARTIAL sum(((lineitem.l_extendedprice * ('1'::numeric - lineitem.l_discount)) - (partsupp.ps_supplycost * lineitem.l_quantity))))"
              ],
              "Workers Planned": 5,
              "Single Copy": false,
              "Plans": [
                {
                  "Node Type": "Aggregate",
                  "Strategy": "Hashed",
                  "Partial Mode": "Partial",
                  "Parent Relationship": "Outer",
                  "Parallel Aware": false,
                  "Async Capable": false,
                  "Startup Cost": 165774.06,
                  "Total Cost": 166387.44,
                  "Plan Rows": 40892,
                  "Plan Width": 168,
                  "Output": [
                    "nation.n_name",
                    "(EXTRACT(year FROM orders.o_orderdate))",
                    "PARTIAL sum(((lineitem.l_extendedprice * ('1'::numeric - lineitem.l_discount)) - (partsupp.ps_supplycost * lineitem.l_quantity)))"
                  ],
                  "Group Key": [
                    "nation.n_name",
                    "EXTRACT(year FROM orders.o_orderdate)"
                  ],
                  "Planned Partitions": 0,
                  "Plans": [
                    {
                      "Node Type": "Nested Loop",
                      "Parent Relationship": "Outer",
                      "Parallel Aware": false,
                      "Async Capable": false,
                      "Join Type": "Inner",
                      "Startup Cost": 12928.63,
                      "Total Cost": 165058.45,
                      "Plan Rows": 40892,
                      "Plan Width": 159,
                      "Output": [
                        "nation.n_name",
                        "EXTRACT(year FROM orders.o_orderdate)",
                        "lineitem.l_extendedprice",
                        "lineitem.l_discount",
                        "partsupp.ps_supplycost",
                        "lineitem.l_quantity"
                      ],
                      "Inner Unique": true,
                      "Plans": [
                        {
                          "Node Type": "Hash Join",
                          "Parent Relationship": "Outer",
                          "Parallel Aware": true,
                          "Async Capable": false,
                          "Join Type": "Inner",
                          "Startup Cost": 12928.2,
                          "Total Cost": 146532.53,
                          "Plan Rows": 40892,
                          "Plan Width": 131,
                          "Output": [
                            "lineitem.l_extendedprice",
                            "lineitem.l_discount",
                            "lineitem.l_quantity",
                            "lineitem.l_orderkey",
                            "partsupp.ps_supplycost",
                            "nation.n_name"
                          ],
                          "Inner Unique": false,
                          "Hash Cond": "((lineitem.l_suppkey = supplier.s_suppkey) AND (lineitem.l_partkey = partsupp.ps_partkey))",
                          "Plans": [
                            {
                              "Node Type": "Seq Scan",
                              "Parent Relationship": "Outer",
                              "Parallel Aware": true,
                              "Async Capable": false,
                              "Relation Name": "lineitem",
                              "Schema": "public",
                              "Alias": "lineitem",
                              "Startup Cost": 0.0,
                              "Total Cost": 124602.43,
                              "Plan Rows": 1200243,
                              "Plan Width": 29,
                              "Output": [
                                "lineitem.l_orderkey",
                                "lineitem.l_partkey",
                                "lineitem.l_suppkey",
                                "lineitem.l_linenumber",
                                "lineitem.l_quantity",
                                "lineitem.l_extendedprice",
                                "lineitem.l_discount",
                                "lineitem.l_tax",
                                "lineitem.l_returnflag",
                                "lineitem.l_linestatus",
                                "lineitem.l_shipdate",
                                "lineitem.l_commitdate",
                                "lineitem.l_receiptdate",
                                "lineitem.l_shipinstruct",
                                "lineitem.l_shipmode",
                                "lineitem.l_comment"
                              ]
                            },
                            {
                              "Node Type": "Hash",
                              "Parent Relationship": "Inner",
                              "Parallel Aware": true,
                              "Async Capable": false,
                              "Startup Cost": 12757.85,
                              "Total Cost": 12757.85,
                              "Plan Rows": 11357,
                              "Plan Width": 126,
                              "Output": [
                                "part.p_partkey",
                                "partsupp.ps_supplycost",
                                "partsupp.ps_suppkey",
                                "partsupp.ps_partkey",
                                "supplier.s_suppkey",
                                "nation.n_name"
                              ],
                              "Plans": [
                                {
                                  "Node Type": "Hash Join",
                                  "Parent Relationship": "Outer",
                                  "Parallel Aware": false,
                                  "Async Capable": false,
                                  "Join Type": "Inner",
                                  "Startup Cost": 449.99,
                                  "Total Cost": 12757.85,
                                  "Plan Rows": 11357,
                                  "Plan Width": 126,
                                  "Output": [
                                    "part.p_partkey",
                                    "partsupp.ps_supplycost",
                                    "partsupp.ps_suppkey",
                                    "partsupp.ps_partkey",
                                    "supplier.s_suppkey",
                                    "nation.n_name"
                                  ],
                                  "Inner Unique": true,
                                  "Hash Cond": "(supplier.s_nationkey = nation.n_nationkey)",
                                  "Plans": [
                                    {
                                      "Node Type": "Hash Join",
                                      "Parent Relationship": "Outer",
                                      "Parallel Aware": false,
                                      "Async Capable": false,
                                      "Join Type": "Inner",
                                      "Startup Cost": 448.43,
                                      "Total Cost": 12721.42,
                                      "Plan Rows": 11357,
                                      "Plan Width": 26,
                                      "Output": [
                                        "part.p_partkey",
                                        "partsupp.ps_supplycost",
                                        "partsupp.ps_suppkey",
                                        "partsupp.ps_partkey",
                                        "supplier.s_suppkey",
                                        "supplier.s_nationkey"
                                      ],
                                      "Inner Unique": true,
                                      "Hash Cond": "(partsupp.ps_suppkey = supplier.s_suppkey)",
                                      "Plans": [
                                        {
                                          "Node Type": "Nested Loop",
                                          "Parent Relationship": "Outer",
                                          "Parallel Aware": false,
                                          "Async Capable": false,
                                          "Join Type": "Inner",
                                          "Startup Cost": 0.42,
                                          "Total Cost": 12243.6,
                                          "Plan Rows": 11357,
                                          "Plan Width": 18,
                                          "Output": [
                                            "part.p_partkey",
                                            "partsupp.ps_supplycost",
                                            "partsupp.ps_suppkey",
                                            "partsupp.ps_partkey"
                                          ],
                                          "Inner Unique": false,
                                          "Plans": [
                                            {
                                              "Node Type": "Seq Scan",
                                              "Parent Relationship": "Outer",
                                              "Parallel Aware": true,
                                              "Async Capable": false,
                                              "Relation Name": "part",
                                              "Schema": "public",
                                              "Alias": "part",
                                              "Startup Cost": 0.0,
                                              "Total Cost": 5169.67,
                                              "Plan Rows": 2839,
                                              "Plan Width": 4,
                                              "Output": [
                                                "part.p_partkey",
                                                "part.p_name",
                                                "part.p_mfgr",
                                                "part.p_brand",
                                                "part.p_type",
                                                "part.p_size",
                                                "part.p_container",
                                                "part.p_retailprice",
                                                "part.p_comment"
                                              ],
                                              "Filter": "((part.p_name)::text ~~ '%lace%'::text)"
                                            },
                                            {
                                              "Node Type": "Index Scan",
                                              "Parent Relationship": "Inner",
                                              "Parallel Aware": false,
                                              "Async Capable": false,
                                              "Scan Direction": "Forward",
                                              "Index Name": "partsupp_pkey",
                                              "Relation Name": "partsupp",
                                              "Schema": "public",
                                              "Alias": "partsupp",
                                              "Startup Cost": 0.42,
                                              "Total Cost": 2.45,
                                              "Plan Rows": 4,
                                              "Plan Width": 14,
                                              "Output": [
                                                "partsupp.ps_partkey",
                                                "partsupp.ps_suppkey",
                                                "partsupp.ps_availqty",
                                                "partsupp.ps_supplycost",
                                                "partsupp.ps_comment"
                                              ],
                                              "Index Cond": "(partsupp.ps_partkey = part.p_partkey)"
                                            }
                                          ]
                                        },
                                        {
                                          "Node Type": "Hash",
                                          "Parent Relationship": "Inner",
                                          "Parallel Aware": false,
                                          "Async Capable": false,
                                          "Startup Cost": 323.0,
                                          "Total Cost": 323.0,
                                          "Plan Rows": 10000,
                                          "Plan Width": 8,
                                          "Output": [
                                            "supplier.s_suppkey",
                                            "supplier.s_nationkey"
                                          ],
                                          "Plans": [
                                            {
                                              "Node Type": "Seq Scan",
                                              "Parent Relationship": "Outer",
                                              "Parallel Aware": false,
                                              "Async Capable": false,
                                              "Relation Name": "supplier",
                                              "Schema": "public",
                                              "Alias": "supplier",
                                              "Startup Cost": 0.0,
                                              "Total Cost": 323.0,
                                              "Plan Rows": 10000,
                                              "Plan Width": 8,
                                              "Output": [
                                                "supplier.s_suppkey",
                                                "supplier.s_nationkey"
                                              ]
                                            }
                                          ]
                                        }
                                      ]
                                    },
                                    {
                                      "Node Type": "Hash",
                                      "Parent Relationship": "Inner",
                                      "Parallel Aware": false,
                                      "Async Capable": false,
                                      "Startup Cost": 1.25,
                                      "Total Cost": 1.25,
                                      "Plan Rows": 25,
                                      "Plan Width": 108,
                                      "Output": [
                                        "nation.n_name",
                                        "nation.n_nationkey"
                                      ],
                                      "Plans": [
                                        {
                                          "Node Type": "Seq Scan",
                                          "Parent Relationship": "Outer",
                                          "Parallel Aware": false,
                                          "Async Capable": false,
                                          "Relation Name": "nation",
                                          "Schema": "public",
                                          "Alias": "nation",
                                          "Startup Cost": 0.0,
                                          "Total Cost": 1.25,
                                          "Plan Rows": 25,
                                          "Plan Width": 108,
                                          "Output": [
                                            "nation.n_name",
                                            "nation.n_nationkey"
                                          ]
                                        }
                                      ]
                                    }
                                  ]
                                }
                              ]
                            }
                          ]
                        },
                        {
                          "Node Type": "Index Scan",
                          "Parent Relationship": "Inner",
                          "Parallel Aware": false,
                          "Async Capable": false,
                          "Scan Direction": "Forward",
                          "Index Name": "orders_pkey",
                          "Relation Name": "orders",
                          "Schema": "public",
                          "Alias": "orders",
                          "Startup Cost": 0.43,
                          "Total Cost": 0.45,
                          "Plan Rows": 1,
                          "Plan Width": 8,
                          "Output": [
                            "orders.o_orderkey",
                            "orders.o_custkey",
                            "orders.o_orderstatus",
                            "orders.o_totalprice",
                            "orders.o_orderdate",
                            "orders.o_orderpriority",
                            "orders.o_clerk",
                            "orders.o_shippriority",
                            "orders.o_comment"
                          ],
                          "Index Cond": "(orders.o_orderkey = lineitem.l_orderkey)"
                        }
                      ]
                    }
                  ]
                }
              ]
            }
          ]
        }
      ]
    },
    "JIT": {
      "Functions": 43,
      "Options": {
        "Inlining": false,
        "Optimization": false,
        "Expressions": true,
        "Deforming": true
      }
    }
  }
]
```

---

## 12. Q9_110_seed_894239379.sql

**File Path:** `/Users/brunowinter2000/Documents/Thesis/2025_2026/Plan-Level/Generated_Queries/Q9/Q9_110_seed_894239379.sql`

### EXPLAIN JSON

```json
[
  {
    "Plan": {
      "Node Type": "Sort",
      "Parallel Aware": false,
      "Async Capable": false,
      "Startup Cost": 225063.73,
      "Total Cost": 225214.11,
      "Plan Rows": 60150,
      "Plan Width": 168,
      "Output": [
        "nation.n_name",
        "(EXTRACT(year FROM orders.o_orderdate))",
        "(sum(((lineitem.l_extendedprice * ('1'::numeric - lineitem.l_discount)) - (partsupp.ps_supplycost * lineitem.l_quantity))))"
      ],
      "Sort Key": [
        "nation.n_name",
        "(EXTRACT(year FROM orders.o_orderdate)) DESC"
      ],
      "Plans": [
        {
          "Node Type": "Aggregate",
          "Strategy": "Hashed",
          "Partial Mode": "Finalize",
          "Parent Relationship": "Outer",
          "Parallel Aware": false,
          "Async Capable": false,
          "Startup Cost": 219386.69,
          "Total Cost": 220288.94,
          "Plan Rows": 60150,
          "Plan Width": 168,
          "Output": [
            "nation.n_name",
            "(EXTRACT(year FROM orders.o_orderdate))",
            "sum(((lineitem.l_extendedprice * ('1'::numeric - lineitem.l_discount)) - (partsupp.ps_supplycost * lineitem.l_quantity)))"
          ],
          "Group Key": [
            "nation.n_name",
            "(EXTRACT(year FROM orders.o_orderdate))"
          ],
          "Planned Partitions": 0,
          "Plans": [
            {
              "Node Type": "Gather",
              "Parent Relationship": "Outer",
              "Parallel Aware": false,
              "Async Capable": false,
              "Startup Cost": 185401.94,
              "Total Cost": 216379.19,
              "Plan Rows": 300750,
              "Plan Width": 168,
              "Output": [
                "nation.n_name",
                "(EXTRACT(year FROM orders.o_orderdate))",
                "(PARTIAL sum(((lineitem.l_extendedprice * ('1'::numeric - lineitem.l_discount)) - (partsupp.ps_supplycost * lineitem.l_quantity))))"
              ],
              "Workers Planned": 5,
              "Single Copy": false,
              "Plans": [
                {
                  "Node Type": "Aggregate",
                  "Strategy": "Hashed",
                  "Partial Mode": "Partial",
                  "Parent Relationship": "Outer",
                  "Parallel Aware": false,
                  "Async Capable": false,
                  "Startup Cost": 184401.94,
                  "Total Cost": 185304.19,
                  "Plan Rows": 60150,
                  "Plan Width": 168,
                  "Output": [
                    "nation.n_name",
                    "(EXTRACT(year FROM orders.o_orderdate))",
                    "PARTIAL sum(((lineitem.l_extendedprice * ('1'::numeric - lineitem.l_discount)) - (partsupp.ps_supplycost * lineitem.l_quantity)))"
                  ],
                  "Group Key": [
                    "nation.n_name",
                    "EXTRACT(year FROM orders.o_orderdate)"
                  ],
                  "Planned Partitions": 0,
                  "Plans": [
                    {
                      "Node Type": "Nested Loop",
                      "Parent Relationship": "Outer",
                      "Parallel Aware": false,
                      "Async Capable": false,
                      "Join Type": "Inner",
                      "Startup Cost": 15711.8,
                      "Total Cost": 183097.06,
                      "Plan Rows": 74565,
                      "Plan Width": 159,
                      "Output": [
                        "nation.n_name",
                        "EXTRACT(year FROM orders.o_orderdate)",
                        "lineitem.l_extendedprice",
                        "lineitem.l_discount",
                        "partsupp.ps_supplycost",
                        "lineitem.l_quantity"
                      ],
                      "Inner Unique": true,
                      "Plans": [
                        {
                          "Node Type": "Hash Join",
                          "Parent Relationship": "Outer",
                          "Parallel Aware": true,
                          "Async Capable": false,
                          "Join Type": "Inner",
                          "Startup Cost": 15711.38,
                          "Total Cost": 149315.75,
                          "Plan Rows": 74565,
                          "Plan Width": 131,
                          "Output": [
                            "lineitem.l_extendedprice",
                            "lineitem.l_discount",
                            "lineitem.l_quantity",
                            "lineitem.l_orderkey",
                            "partsupp.ps_supplycost",
                            "nation.n_name"
                          ],
                          "Inner Unique": false,
                          "Hash Cond": "((lineitem.l_suppkey = supplier.s_suppkey) AND (lineitem.l_partkey = partsupp.ps_partkey))",
                          "Plans": [
                            {
                              "Node Type": "Seq Scan",
                              "Parent Relationship": "Outer",
                              "Parallel Aware": true,
                              "Async Capable": false,
                              "Relation Name": "lineitem",
                              "Schema": "public",
                              "Alias": "lineitem",
                              "Startup Cost": 0.0,
                              "Total Cost": 124602.43,
                              "Plan Rows": 1200243,
                              "Plan Width": 29,
                              "Output": [
                                "lineitem.l_orderkey",
                                "lineitem.l_partkey",
                                "lineitem.l_suppkey",
                                "lineitem.l_linenumber",
                                "lineitem.l_quantity",
                                "lineitem.l_extendedprice",
                                "lineitem.l_discount",
                                "lineitem.l_tax",
                                "lineitem.l_returnflag",
                                "lineitem.l_linestatus",
                                "lineitem.l_shipdate",
                                "lineitem.l_commitdate",
                                "lineitem.l_receiptdate",
                                "lineitem.l_shipinstruct",
                                "lineitem.l_shipmode",
                                "lineitem.l_comment"
                              ]
                            },
                            {
                              "Node Type": "Hash",
                              "Parent Relationship": "Inner",
                              "Parallel Aware": true,
                              "Async Capable": false,
                              "Startup Cost": 15400.76,
                              "Total Cost": 15400.76,
                              "Plan Rows": 20708,
                              "Plan Width": 126,
                              "Output": [
                                "part.p_partkey",
                                "partsupp.ps_supplycost",
                                "partsupp.ps_suppkey",
                                "partsupp.ps_partkey",
                                "supplier.s_suppkey",
                                "nation.n_name"
                              ],
                              "Plans": [
                                {
                                  "Node Type": "Hash Join",
                                  "Parent Relationship": "Outer",
                                  "Parallel Aware": false,
                                  "Async Capable": false,
                                  "Join Type": "Inner",
                                  "Startup Cost": 449.99,
                                  "Total Cost": 15400.76,
                                  "Plan Rows": 20708,
                                  "Plan Width": 126,
                                  "Output": [
                                    "part.p_partkey",
                                    "partsupp.ps_supplycost",
                                    "partsupp.ps_suppkey",
                                    "partsupp.ps_partkey",
                                    "supplier.s_suppkey",
                                    "nation.n_name"
                                  ],
                                  "Inner Unique": true,
                                  "Hash Cond": "(supplier.s_nationkey = nation.n_nationkey)",
                                  "Plans": [
                                    {
                                      "Node Type": "Hash Join",
                                      "Parent Relationship": "Outer",
                                      "Parallel Aware": false,
                                      "Async Capable": false,
                                      "Join Type": "Inner",
                                      "Startup Cost": 448.43,
                                      "Total Cost": 15335.62,
                                      "Plan Rows": 20708,
                                      "Plan Width": 26,
                                      "Output": [
                                        "part.p_partkey",
                                        "partsupp.ps_supplycost",
                                        "partsupp.ps_suppkey",
                                        "partsupp.ps_partkey",
                                        "supplier.s_suppkey",
                                        "supplier.s_nationkey"
                                      ],
                                      "Inner Unique": true,
                                      "Hash Cond": "(partsupp.ps_suppkey = supplier.s_suppkey)",
                                      "Plans": [
                                        {
                                          "Node Type": "Nested Loop",
                                          "Parent Relationship": "Outer",
                                          "Parallel Aware": false,
                                          "Async Capable": false,
                                          "Join Type": "Inner",
                                          "Startup Cost": 0.42,
                                          "Total Cost": 14833.24,
                                          "Plan Rows": 20708,
                                          "Plan Width": 18,
                                          "Output": [
                                            "part.p_partkey",
                                            "partsupp.ps_supplycost",
                                            "partsupp.ps_suppkey",
                                            "partsupp.ps_partkey"
                                          ],
                                          "Inner Unique": false,
                                          "Plans": [
                                            {
                                              "Node Type": "Seq Scan",
                                              "Parent Relationship": "Outer",
                                              "Parallel Aware": true,
                                              "Async Capable": false,
                                              "Relation Name": "part",
                                              "Schema": "public",
                                              "Alias": "part",
                                              "Startup Cost": 0.0,
                                              "Total Cost": 5169.67,
                                              "Plan Rows": 5177,
                                              "Plan Width": 4,
                                              "Output": [
                                                "part.p_partkey",
                                                "part.p_name",
                                                "part.p_mfgr",
                                                "part.p_brand",
                                                "part.p_type",
                                                "part.p_size",
                                                "part.p_container",
                                                "part.p_retailprice",
                                                "part.p_comment"
                                              ],
                                              "Filter": "((part.p_name)::text ~~ '%sandy%'::text)"
                                            },
                                            {
                                              "Node Type": "Index Scan",
                                              "Parent Relationship": "Inner",
                                              "Parallel Aware": false,
                                              "Async Capable": false,
                                              "Scan Direction": "Forward",
                                              "Index Name": "partsupp_pkey",
                                              "Relation Name": "partsupp",
                                              "Schema": "public",
                                              "Alias": "partsupp",
                                              "Startup Cost": 0.42,
                                              "Total Cost": 1.83,
                                              "Plan Rows": 4,
                                              "Plan Width": 14,
                                              "Output": [
                                                "partsupp.ps_partkey",
                                                "partsupp.ps_suppkey",
                                                "partsupp.ps_availqty",
                                                "partsupp.ps_supplycost",
                                                "partsupp.ps_comment"
                                              ],
                                              "Index Cond": "(partsupp.ps_partkey = part.p_partkey)"
                                            }
                                          ]
                                        },
                                        {
                                          "Node Type": "Hash",
                                          "Parent Relationship": "Inner",
                                          "Parallel Aware": false,
                                          "Async Capable": false,
                                          "Startup Cost": 323.0,
                                          "Total Cost": 323.0,
                                          "Plan Rows": 10000,
                                          "Plan Width": 8,
                                          "Output": [
                                            "supplier.s_suppkey",
                                            "supplier.s_nationkey"
                                          ],
                                          "Plans": [
                                            {
                                              "Node Type": "Seq Scan",
                                              "Parent Relationship": "Outer",
                                              "Parallel Aware": false,
                                              "Async Capable": false,
                                              "Relation Name": "supplier",
                                              "Schema": "public",
                                              "Alias": "supplier",
                                              "Startup Cost": 0.0,
                                              "Total Cost": 323.0,
                                              "Plan Rows": 10000,
                                              "Plan Width": 8,
                                              "Output": [
                                                "supplier.s_suppkey",
                                                "supplier.s_nationkey"
                                              ]
                                            }
                                          ]
                                        }
                                      ]
                                    },
                                    {
                                      "Node Type": "Hash",
                                      "Parent Relationship": "Inner",
                                      "Parallel Aware": false,
                                      "Async Capable": false,
                                      "Startup Cost": 1.25,
                                      "Total Cost": 1.25,
                                      "Plan Rows": 25,
                                      "Plan Width": 108,
                                      "Output": [
                                        "nation.n_name",
                                        "nation.n_nationkey"
                                      ],
                                      "Plans": [
                                        {
                                          "Node Type": "Seq Scan",
                                          "Parent Relationship": "Outer",
                                          "Parallel Aware": false,
                                          "Async Capable": false,
                                          "Relation Name": "nation",
                                          "Schema": "public",
                                          "Alias": "nation",
                                          "Startup Cost": 0.0,
                                          "Total Cost": 1.25,
                                          "Plan Rows": 25,
                                          "Plan Width": 108,
                                          "Output": [
                                            "nation.n_name",
                                            "nation.n_nationkey"
                                          ]
                                        }
                                      ]
                                    }
                                  ]
                                }
                              ]
                            }
                          ]
                        },
                        {
                          "Node Type": "Index Scan",
                          "Parent Relationship": "Inner",
                          "Parallel Aware": false,
                          "Async Capable": false,
                          "Scan Direction": "Forward",
                          "Index Name": "orders_pkey",
                          "Relation Name": "orders",
                          "Schema": "public",
                          "Alias": "orders",
                          "Startup Cost": 0.43,
                          "Total Cost": 0.45,
                          "Plan Rows": 1,
                          "Plan Width": 8,
                          "Output": [
                            "orders.o_orderkey",
                            "orders.o_custkey",
                            "orders.o_orderstatus",
                            "orders.o_totalprice",
                            "orders.o_orderdate",
                            "orders.o_orderpriority",
                            "orders.o_clerk",
                            "orders.o_shippriority",
                            "orders.o_comment"
                          ],
                          "Index Cond": "(orders.o_orderkey = lineitem.l_orderkey)"
                        }
                      ]
                    }
                  ]
                }
              ]
            }
          ]
        }
      ]
    },
    "JIT": {
      "Functions": 43,
      "Options": {
        "Inlining": false,
        "Optimization": false,
        "Expressions": true,
        "Deforming": true
      }
    }
  }
]
```

---

## 13. Q9_111_seed_902443410.sql

**File Path:** `/Users/brunowinter2000/Documents/Thesis/2025_2026/Plan-Level/Generated_Queries/Q9/Q9_111_seed_902443410.sql`

### EXPLAIN JSON

```json
[
  {
    "Plan": {
      "Node Type": "Sort",
      "Parallel Aware": false,
      "Async Capable": false,
      "Startup Cost": 213932.55,
      "Total Cost": 214082.93,
      "Plan Rows": 60150,
      "Plan Width": 168,
      "Output": [
        "nation.n_name",
        "(EXTRACT(year FROM orders.o_orderdate))",
        "(sum(((lineitem.l_extendedprice * ('1'::numeric - lineitem.l_discount)) - (partsupp.ps_supplycost * lineitem.l_quantity))))"
      ],
      "Sort Key": [
        "nation.n_name",
        "(EXTRACT(year FROM orders.o_orderdate)) DESC"
      ],
      "Plans": [
        {
          "Node Type": "Aggregate",
          "Strategy": "Hashed",
          "Partial Mode": "Finalize",
          "Parent Relationship": "Outer",
          "Parallel Aware": false,
          "Async Capable": false,
          "Startup Cost": 208255.51,
          "Total Cost": 209157.76,
          "Plan Rows": 60150,
          "Plan Width": 168,
          "Output": [
            "nation.n_name",
            "(EXTRACT(year FROM orders.o_orderdate))",
            "sum(((lineitem.l_extendedprice * ('1'::numeric - lineitem.l_discount)) - (partsupp.ps_supplycost * lineitem.l_quantity)))"
          ],
          "Group Key": [
            "nation.n_name",
            "(EXTRACT(year FROM orders.o_orderdate))"
          ],
          "Planned Partitions": 0,
          "Plans": [
            {
              "Node Type": "Gather",
              "Parent Relationship": "Outer",
              "Parallel Aware": false,
              "Async Capable": false,
              "Startup Cost": 187503.76,
              "Total Cost": 206451.01,
              "Plan Rows": 180450,
              "Plan Width": 168,
              "Output": [
                "nation.n_name",
                "(EXTRACT(year FROM orders.o_orderdate))",
                "(PARTIAL sum(((lineitem.l_extendedprice * ('1'::numeric - lineitem.l_discount)) - (partsupp.ps_supplycost * lineitem.l_quantity))))"
              ],
              "Workers Planned": 3,
              "Single Copy": false,
              "Plans": [
                {
                  "Node Type": "Aggregate",
                  "Strategy": "Hashed",
                  "Partial Mode": "Partial",
                  "Parent Relationship": "Outer",
                  "Parallel Aware": false,
                  "Async Capable": false,
                  "Startup Cost": 186503.76,
                  "Total Cost": 187406.01,
                  "Plan Rows": 60150,
                  "Plan Width": 168,
                  "Output": [
                    "nation.n_name",
                    "(EXTRACT(year FROM orders.o_orderdate))",
                    "PARTIAL sum(((lineitem.l_extendedprice * ('1'::numeric - lineitem.l_discount)) - (partsupp.ps_supplycost * lineitem.l_quantity)))"
                  ],
                  "Group Key": [
                    "nation.n_name",
                    "EXTRACT(year FROM orders.o_orderdate)"
                  ],
                  "Planned Partitions": 0,
                  "Plans": [
                    {
                      "Node Type": "Hash Join",
                      "Parent Relationship": "Outer",
                      "Parallel Aware": true,
                      "Async Capable": false,
                      "Join Type": "Inner",
                      "Startup Cost": 150812.72,
                      "Total Cost": 184195.5,
                      "Plan Rows": 131901,
                      "Plan Width": 159,
                      "Output": [
                        "nation.n_name",
                        "EXTRACT(year FROM orders.o_orderdate)",
                        "lineitem.l_extendedprice",
                        "lineitem.l_discount",
                        "partsupp.ps_supplycost",
                        "lineitem.l_quantity"
                      ],
                      "Inner Unique": false,
                      "Hash Cond": "(orders.o_orderkey = lineitem.l_orderkey)",
                      "Plans": [
                        {
                          "Node Type": "Seq Scan",
                          "Parent Relationship": "Outer",
                          "Parallel Aware": true,
                          "Async Capable": false,
                          "Relation Name": "orders",
                          "Schema": "public",
                          "Alias": "orders",
                          "Startup Cost": 0.0,
                          "Total Cost": 30974.71,
                          "Plan Rows": 483871,
                          "Plan Width": 8,
                          "Output": [
                            "orders.o_orderkey",
                            "orders.o_custkey",
                            "orders.o_orderstatus",
                            "orders.o_totalprice",
                            "orders.o_orderdate",
                            "orders.o_orderpriority",
                            "orders.o_clerk",
                            "orders.o_shippriority",
                            "orders.o_comment"
                          ]
                        },
                        {
                          "Node Type": "Hash",
                          "Parent Relationship": "Inner",
                          "Parallel Aware": true,
                          "Async Capable": false,
                          "Startup Cost": 149790.48,
                          "Total Cost": 149790.48,
                          "Plan Rows": 81779,
                          "Plan Width": 131,
                          "Output": [
                            "lineitem.l_extendedprice",
                            "lineitem.l_discount",
                            "lineitem.l_quantity",
                            "lineitem.l_orderkey",
                            "partsupp.ps_supplycost",
                            "nation.n_name"
                          ],
                          "Plans": [
                            {
                              "Node Type": "Hash Join",
                              "Parent Relationship": "Outer",
                              "Parallel Aware": true,
                              "Async Capable": false,
                              "Join Type": "Inner",
                              "Startup Cost": 16186.09,
                              "Total Cost": 149790.48,
                              "Plan Rows": 81779,
                              "Plan Width": 131,
                              "Output": [
                                "lineitem.l_extendedprice",
                                "lineitem.l_discount",
                                "lineitem.l_quantity",
                                "lineitem.l_orderkey",
                                "partsupp.ps_supplycost",
                                "nation.n_name"
                              ],
                              "Inner Unique": false,
                              "Hash Cond": "((lineitem.l_suppkey = supplier.s_suppkey) AND (lineitem.l_partkey = partsupp.ps_partkey))",
                              "Plans": [
                                {
                                  "Node Type": "Seq Scan",
                                  "Parent Relationship": "Outer",
                                  "Parallel Aware": true,
                                  "Async Capable": false,
                                  "Relation Name": "lineitem",
                                  "Schema": "public",
                                  "Alias": "lineitem",
                                  "Startup Cost": 0.0,
                                  "Total Cost": 124602.43,
                                  "Plan Rows": 1200243,
                                  "Plan Width": 29,
                                  "Output": [
                                    "lineitem.l_orderkey",
                                    "lineitem.l_partkey",
                                    "lineitem.l_suppkey",
                                    "lineitem.l_linenumber",
                                    "lineitem.l_quantity",
                                    "lineitem.l_extendedprice",
                                    "lineitem.l_discount",
                                    "lineitem.l_tax",
                                    "lineitem.l_returnflag",
                                    "lineitem.l_linestatus",
                                    "lineitem.l_shipdate",
                                    "lineitem.l_commitdate",
                                    "lineitem.l_receiptdate",
                                    "lineitem.l_shipinstruct",
                                    "lineitem.l_shipmode",
                                    "lineitem.l_comment"
                                  ]
                                },
                                {
                                  "Node Type": "Hash",
                                  "Parent Relationship": "Inner",
                                  "Parallel Aware": true,
                                  "Async Capable": false,
                                  "Startup Cost": 15845.41,
                                  "Total Cost": 15845.41,
                                  "Plan Rows": 22712,
                                  "Plan Width": 126,
                                  "Output": [
                                    "part.p_partkey",
                                    "partsupp.ps_supplycost",
                                    "partsupp.ps_suppkey",
                                    "partsupp.ps_partkey",
                                    "supplier.s_suppkey",
                                    "nation.n_name"
                                  ],
                                  "Plans": [
                                    {
                                      "Node Type": "Hash Join",
                                      "Parent Relationship": "Outer",
                                      "Parallel Aware": false,
                                      "Async Capable": false,
                                      "Join Type": "Inner",
                                      "Startup Cost": 449.99,
                                      "Total Cost": 15845.41,
                                      "Plan Rows": 22712,
                                      "Plan Width": 126,
                                      "Output": [
                                        "part.p_partkey",
                                        "partsupp.ps_supplycost",
                                        "partsupp.ps_suppkey",
                                        "partsupp.ps_partkey",
                                        "supplier.s_suppkey",
                                        "nation.n_name"
                                      ],
                                      "Inner Unique": true,
                                      "Hash Cond": "(supplier.s_nationkey = nation.n_nationkey)",
                                      "Plans": [
                                        {
                                          "Node Type": "Hash Join",
                                          "Parent Relationship": "Outer",
                                          "Parallel Aware": false,
                                          "Async Capable": false,
                                          "Join Type": "Inner",
                                          "Startup Cost": 448.43,
                                          "Total Cost": 15774.12,
                                          "Plan Rows": 22712,
                                          "Plan Width": 26,
                                          "Output": [
                                            "part.p_partkey",
                                            "partsupp.ps_supplycost",
                                            "partsupp.ps_suppkey",
                                            "partsupp.ps_partkey",
                                            "supplier.s_suppkey",
                                            "supplier.s_nationkey"
                                          ],
                                          "Inner Unique": true,
                                          "Hash Cond": "(partsupp.ps_suppkey = supplier.s_suppkey)",
                                          "Plans": [
                                            {
                                              "Node Type": "Nested Loop",
                                              "Parent Relationship": "Outer",
                                              "Parallel Aware": false,
                                              "Async Capable": false,
                                              "Join Type": "Inner",
                                              "Startup Cost": 0.42,
                                              "Total Cost": 15266.48,
                                              "Plan Rows": 22712,
                                              "Plan Width": 18,
                                              "Output": [
                                                "part.p_partkey",
                                                "partsupp.ps_supplycost",
                                                "partsupp.ps_suppkey",
                                                "partsupp.ps_partkey"
                                              ],
                                              "Inner Unique": false,
                                              "Plans": [
                                                {
                                                  "Node Type": "Seq Scan",
                                                  "Parent Relationship": "Outer",
                                                  "Parallel Aware": true,
                                                  "Async Capable": false,
                                                  "Relation Name": "part",
                                                  "Schema": "public",
                                                  "Alias": "part",
                                                  "Startup Cost": 0.0,
                                                  "Total Cost": 5169.67,
                                                  "Plan Rows": 5678,
                                                  "Plan Width": 4,
                                                  "Output": [
                                                    "part.p_partkey",
                                                    "part.p_name",
                                                    "part.p_mfgr",
                                                    "part.p_brand",
                                                    "part.p_type",
                                                    "part.p_size",
                                                    "part.p_container",
                                                    "part.p_retailprice",
                                                    "part.p_comment"
                                                  ],
                                                  "Filter": "((part.p_name)::text ~~ '%frosted%'::text)"
                                                },
                                                {
                                                  "Node Type": "Index Scan",
                                                  "Parent Relationship": "Inner",
                                                  "Parallel Aware": false,
                                                  "Async Capable": false,
                                                  "Scan Direction": "Forward",
                                                  "Index Name": "partsupp_pkey",
                                                  "Relation Name": "partsupp",
                                                  "Schema": "public",
                                                  "Alias": "partsupp",
                                                  "Startup Cost": 0.42,
                                                  "Total Cost": 1.74,
                                                  "Plan Rows": 4,
                                                  "Plan Width": 14,
                                                  "Output": [
                                                    "partsupp.ps_partkey",
                                                    "partsupp.ps_suppkey",
                                                    "partsupp.ps_availqty",
                                                    "partsupp.ps_supplycost",
                                                    "partsupp.ps_comment"
                                                  ],
                                                  "Index Cond": "(partsupp.ps_partkey = part.p_partkey)"
                                                }
                                              ]
                                            },
                                            {
                                              "Node Type": "Hash",
                                              "Parent Relationship": "Inner",
                                              "Parallel Aware": false,
                                              "Async Capable": false,
                                              "Startup Cost": 323.0,
                                              "Total Cost": 323.0,
                                              "Plan Rows": 10000,
                                              "Plan Width": 8,
                                              "Output": [
                                                "supplier.s_suppkey",
                                                "supplier.s_nationkey"
                                              ],
                                              "Plans": [
                                                {
                                                  "Node Type": "Seq Scan",
                                                  "Parent Relationship": "Outer",
                                                  "Parallel Aware": false,
                                                  "Async Capable": false,
                                                  "Relation Name": "supplier",
                                                  "Schema": "public",
                                                  "Alias": "supplier",
                                                  "Startup Cost": 0.0,
                                                  "Total Cost": 323.0,
                                                  "Plan Rows": 10000,
                                                  "Plan Width": 8,
                                                  "Output": [
                                                    "supplier.s_suppkey",
                                                    "supplier.s_nationkey"
                                                  ]
                                                }
                                              ]
                                            }
                                          ]
                                        },
                                        {
                                          "Node Type": "Hash",
                                          "Parent Relationship": "Inner",
                                          "Parallel Aware": false,
                                          "Async Capable": false,
                                          "Startup Cost": 1.25,
                                          "Total Cost": 1.25,
                                          "Plan Rows": 25,
                                          "Plan Width": 108,
                                          "Output": [
                                            "nation.n_name",
                                            "nation.n_nationkey"
                                          ],
                                          "Plans": [
                                            {
                                              "Node Type": "Seq Scan",
                                              "Parent Relationship": "Outer",
                                              "Parallel Aware": false,
                                              "Async Capable": false,
                                              "Relation Name": "nation",
                                              "Schema": "public",
                                              "Alias": "nation",
                                              "Startup Cost": 0.0,
                                              "Total Cost": 1.25,
                                              "Plan Rows": 25,
                                              "Plan Width": 108,
                                              "Output": [
                                                "nation.n_name",
                                                "nation.n_nationkey"
                                              ]
                                            }
                                          ]
                                        }
                                      ]
                                    }
                                  ]
                                }
                              ]
                            }
                          ]
                        }
                      ]
                    }
                  ]
                }
              ]
            }
          ]
        }
      ]
    },
    "JIT": {
      "Functions": 48,
      "Options": {
        "Inlining": false,
        "Optimization": false,
        "Expressions": true,
        "Deforming": true
      }
    }
  }
]
```

---

## 14. Q9_112_seed_910647441.sql

**File Path:** `/Users/brunowinter2000/Documents/Thesis/2025_2026/Plan-Level/Generated_Queries/Q9/Q9_112_seed_910647441.sql`

### EXPLAIN JSON

```json
[
  {
    "Plan": {
      "Node Type": "Sort",
      "Parallel Aware": false,
      "Async Capable": false,
      "Startup Cost": 221184.19,
      "Total Cost": 221334.56,
      "Plan Rows": 60150,
      "Plan Width": 168,
      "Output": [
        "nation.n_name",
        "(EXTRACT(year FROM orders.o_orderdate))",
        "(sum(((lineitem.l_extendedprice * ('1'::numeric - lineitem.l_discount)) - (partsupp.ps_supplycost * lineitem.l_quantity))))"
      ],
      "Sort Key": [
        "nation.n_name",
        "(EXTRACT(year FROM orders.o_orderdate)) DESC"
      ],
      "Plans": [
        {
          "Node Type": "Aggregate",
          "Strategy": "Hashed",
          "Partial Mode": "Finalize",
          "Parent Relationship": "Outer",
          "Parallel Aware": false,
          "Async Capable": false,
          "Startup Cost": 215507.15,
          "Total Cost": 216409.4,
          "Plan Rows": 60150,
          "Plan Width": 168,
          "Output": [
            "nation.n_name",
            "(EXTRACT(year FROM orders.o_orderdate))",
            "sum(((lineitem.l_extendedprice * ('1'::numeric - lineitem.l_discount)) - (partsupp.ps_supplycost * lineitem.l_quantity)))"
          ],
          "Group Key": [
            "nation.n_name",
            "(EXTRACT(year FROM orders.o_orderdate))"
          ],
          "Planned Partitions": 0,
          "Plans": [
            {
              "Node Type": "Gather",
              "Parent Relationship": "Outer",
              "Parallel Aware": false,
              "Async Capable": false,
              "Startup Cost": 181522.4,
              "Total Cost": 212499.65,
              "Plan Rows": 300750,
              "Plan Width": 168,
              "Output": [
                "nation.n_name",
                "(EXTRACT(year FROM orders.o_orderdate))",
                "(PARTIAL sum(((lineitem.l_extendedprice * ('1'::numeric - lineitem.l_discount)) - (partsupp.ps_supplycost * lineitem.l_quantity))))"
              ],
              "Workers Planned": 5,
              "Single Copy": false,
              "Plans": [
                {
                  "Node Type": "Aggregate",
                  "Strategy": "Hashed",
                  "Partial Mode": "Partial",
                  "Parent Relationship": "Outer",
                  "Parallel Aware": false,
                  "Async Capable": false,
                  "Startup Cost": 180522.4,
                  "Total Cost": 181424.65,
                  "Plan Rows": 60150,
                  "Plan Width": 168,
                  "Output": [
                    "nation.n_name",
                    "(EXTRACT(year FROM orders.o_orderdate))",
                    "PARTIAL sum(((lineitem.l_extendedprice * ('1'::numeric - lineitem.l_discount)) - (partsupp.ps_supplycost * lineitem.l_quantity)))"
                  ],
                  "Group Key": [
                    "nation.n_name",
                    "EXTRACT(year FROM orders.o_orderdate)"
                  ],
                  "Planned Partitions": 0,
                  "Plans": [
                    {
                      "Node Type": "Nested Loop",
                      "Parent Relationship": "Outer",
                      "Parallel Aware": false,
                      "Async Capable": false,
                      "Join Type": "Inner",
                      "Startup Cost": 15229.13,
                      "Total Cost": 179343.84,
                      "Plan Rows": 67346,
                      "Plan Width": 159,
                      "Output": [
                        "nation.n_name",
                        "EXTRACT(year FROM orders.o_orderdate)",
                        "lineitem.l_extendedprice",
                        "lineitem.l_discount",
                        "partsupp.ps_supplycost",
                        "lineitem.l_quantity"
                      ],
                      "Inner Unique": true,
                      "Plans": [
                        {
                          "Node Type": "Hash Join",
                          "Parent Relationship": "Outer",
                          "Parallel Aware": true,
                          "Async Capable": false,
                          "Join Type": "Inner",
                          "Startup Cost": 15228.71,
                          "Total Cost": 148833.07,
                          "Plan Rows": 67346,
                          "Plan Width": 131,
                          "Output": [
                            "lineitem.l_extendedprice",
                            "lineitem.l_discount",
                            "lineitem.l_quantity",
                            "lineitem.l_orderkey",
                            "partsupp.ps_supplycost",
                            "nation.n_name"
                          ],
                          "Inner Unique": false,
                          "Hash Cond": "((lineitem.l_suppkey = supplier.s_suppkey) AND (lineitem.l_partkey = partsupp.ps_partkey))",
                          "Plans": [
                            {
                              "Node Type": "Seq Scan",
                              "Parent Relationship": "Outer",
                              "Parallel Aware": true,
                              "Async Capable": false,
                              "Relation Name": "lineitem",
                              "Schema": "public",
                              "Alias": "lineitem",
                              "Startup Cost": 0.0,
                              "Total Cost": 124602.43,
                              "Plan Rows": 1200243,
                              "Plan Width": 29,
                              "Output": [
                                "lineitem.l_orderkey",
                                "lineitem.l_partkey",
                                "lineitem.l_suppkey",
                                "lineitem.l_linenumber",
                                "lineitem.l_quantity",
                                "lineitem.l_extendedprice",
                                "lineitem.l_discount",
                                "lineitem.l_tax",
                                "lineitem.l_returnflag",
                                "lineitem.l_linestatus",
                                "lineitem.l_shipdate",
                                "lineitem.l_commitdate",
                                "lineitem.l_receiptdate",
                                "lineitem.l_shipinstruct",
                                "lineitem.l_shipmode",
                                "lineitem.l_comment"
                              ]
                            },
                            {
                              "Node Type": "Hash",
                              "Parent Relationship": "Inner",
                              "Parallel Aware": true,
                              "Async Capable": false,
                              "Startup Cost": 14948.16,
                              "Total Cost": 14948.16,
                              "Plan Rows": 18703,
                              "Plan Width": 126,
                              "Output": [
                                "part.p_partkey",
                                "partsupp.ps_supplycost",
                                "partsupp.ps_suppkey",
                                "partsupp.ps_partkey",
                                "supplier.s_suppkey",
                                "nation.n_name"
                              ],
                              "Plans": [
                                {
                                  "Node Type": "Hash Join",
                                  "Parent Relationship": "Outer",
                                  "Parallel Aware": false,
                                  "Async Capable": false,
                                  "Join Type": "Inner",
                                  "Startup Cost": 449.99,
                                  "Total Cost": 14948.16,
                                  "Plan Rows": 18703,
                                  "Plan Width": 126,
                                  "Output": [
                                    "part.p_partkey",
                                    "partsupp.ps_supplycost",
                                    "partsupp.ps_suppkey",
                                    "partsupp.ps_partkey",
                                    "supplier.s_suppkey",
                                    "nation.n_name"
                                  ],
                                  "Inner Unique": true,
                                  "Hash Cond": "(supplier.s_nationkey = nation.n_nationkey)",
                                  "Plans": [
                                    {
                                      "Node Type": "Hash Join",
                                      "Parent Relationship": "Outer",
                                      "Parallel Aware": false,
                                      "Async Capable": false,
                                      "Join Type": "Inner",
                                      "Startup Cost": 448.43,
                                      "Total Cost": 14889.18,
                                      "Plan Rows": 18703,
                                      "Plan Width": 26,
                                      "Output": [
                                        "part.p_partkey",
                                        "partsupp.ps_supplycost",
                                        "partsupp.ps_suppkey",
                                        "partsupp.ps_partkey",
                                        "supplier.s_suppkey",
                                        "supplier.s_nationkey"
                                      ],
                                      "Inner Unique": true,
                                      "Hash Cond": "(partsupp.ps_suppkey = supplier.s_suppkey)",
                                      "Plans": [
                                        {
                                          "Node Type": "Nested Loop",
                                          "Parent Relationship": "Outer",
                                          "Parallel Aware": false,
                                          "Async Capable": false,
                                          "Join Type": "Inner",
                                          "Startup Cost": 0.42,
                                          "Total Cost": 14392.06,
                                          "Plan Rows": 18703,
                                          "Plan Width": 18,
                                          "Output": [
                                            "part.p_partkey",
                                            "partsupp.ps_supplycost",
                                            "partsupp.ps_suppkey",
                                            "partsupp.ps_partkey"
                                          ],
                                          "Inner Unique": false,
                                          "Plans": [
                                            {
                                              "Node Type": "Seq Scan",
                                              "Parent Relationship": "Outer",
                                              "Parallel Aware": true,
                                              "Async Capable": false,
                                              "Relation Name": "part",
                                              "Schema": "public",
                                              "Alias": "part",
                                              "Startup Cost": 0.0,
                                              "Total Cost": 5169.67,
                                              "Plan Rows": 4676,
                                              "Plan Width": 4,
                                              "Output": [
                                                "part.p_partkey",
                                                "part.p_name",
                                                "part.p_mfgr",
                                                "part.p_brand",
                                                "part.p_type",
                                                "part.p_size",
                                                "part.p_container",
                                                "part.p_retailprice",
                                                "part.p_comment"
                                              ],
                                              "Filter": "((part.p_name)::text ~~ '%salmon%'::text)"
                                            },
                                            {
                                              "Node Type": "Index Scan",
                                              "Parent Relationship": "Inner",
                                              "Parallel Aware": false,
                                              "Async Capable": false,
                                              "Scan Direction": "Forward",
                                              "Index Name": "partsupp_pkey",
                                              "Relation Name": "partsupp",
                                              "Schema": "public",
                                              "Alias": "partsupp",
                                              "Startup Cost": 0.42,
                                              "Total Cost": 1.93,
                                              "Plan Rows": 4,
                                              "Plan Width": 14,
                                              "Output": [
                                                "partsupp.ps_partkey",
                                                "partsupp.ps_suppkey",
                                                "partsupp.ps_availqty",
                                                "partsupp.ps_supplycost",
                                                "partsupp.ps_comment"
                                              ],
                                              "Index Cond": "(partsupp.ps_partkey = part.p_partkey)"
                                            }
                                          ]
                                        },
                                        {
                                          "Node Type": "Hash",
                                          "Parent Relationship": "Inner",
                                          "Parallel Aware": false,
                                          "Async Capable": false,
                                          "Startup Cost": 323.0,
                                          "Total Cost": 323.0,
                                          "Plan Rows": 10000,
                                          "Plan Width": 8,
                                          "Output": [
                                            "supplier.s_suppkey",
                                            "supplier.s_nationkey"
                                          ],
                                          "Plans": [
                                            {
                                              "Node Type": "Seq Scan",
                                              "Parent Relationship": "Outer",
                                              "Parallel Aware": false,
                                              "Async Capable": false,
                                              "Relation Name": "supplier",
                                              "Schema": "public",
                                              "Alias": "supplier",
                                              "Startup Cost": 0.0,
                                              "Total Cost": 323.0,
                                              "Plan Rows": 10000,
                                              "Plan Width": 8,
                                              "Output": [
                                                "supplier.s_suppkey",
                                                "supplier.s_nationkey"
                                              ]
                                            }
                                          ]
                                        }
                                      ]
                                    },
                                    {
                                      "Node Type": "Hash",
                                      "Parent Relationship": "Inner",
                                      "Parallel Aware": false,
                                      "Async Capable": false,
                                      "Startup Cost": 1.25,
                                      "Total Cost": 1.25,
                                      "Plan Rows": 25,
                                      "Plan Width": 108,
                                      "Output": [
                                        "nation.n_name",
                                        "nation.n_nationkey"
                                      ],
                                      "Plans": [
                                        {
                                          "Node Type": "Seq Scan",
                                          "Parent Relationship": "Outer",
                                          "Parallel Aware": false,
                                          "Async Capable": false,
                                          "Relation Name": "nation",
                                          "Schema": "public",
                                          "Alias": "nation",
                                          "Startup Cost": 0.0,
                                          "Total Cost": 1.25,
                                          "Plan Rows": 25,
                                          "Plan Width": 108,
                                          "Output": [
                                            "nation.n_name",
                                            "nation.n_nationkey"
                                          ]
                                        }
                                      ]
                                    }
                                  ]
                                }
                              ]
                            }
                          ]
                        },
                        {
                          "Node Type": "Index Scan",
                          "Parent Relationship": "Inner",
                          "Parallel Aware": false,
                          "Async Capable": false,
                          "Scan Direction": "Forward",
                          "Index Name": "orders_pkey",
                          "Relation Name": "orders",
                          "Schema": "public",
                          "Alias": "orders",
                          "Startup Cost": 0.43,
                          "Total Cost": 0.45,
                          "Plan Rows": 1,
                          "Plan Width": 8,
                          "Output": [
                            "orders.o_orderkey",
                            "orders.o_custkey",
                            "orders.o_orderstatus",
                            "orders.o_totalprice",
                            "orders.o_orderdate",
                            "orders.o_orderpriority",
                            "orders.o_clerk",
                            "orders.o_shippriority",
                            "orders.o_comment"
                          ],
                          "Index Cond": "(orders.o_orderkey = lineitem.l_orderkey)"
                        }
                      ]
                    }
                  ]
                }
              ]
            }
          ]
        }
      ]
    },
    "JIT": {
      "Functions": 43,
      "Options": {
        "Inlining": false,
        "Optimization": false,
        "Expressions": true,
        "Deforming": true
      }
    }
  }
]
```

---

## 15. Q9_113_seed_918851472.sql

**File Path:** `/Users/brunowinter2000/Documents/Thesis/2025_2026/Plan-Level/Generated_Queries/Q9/Q9_113_seed_918851472.sql`

### EXPLAIN JSON

```json
[
  {
    "Plan": {
      "Node Type": "Sort",
      "Parallel Aware": false,
      "Async Capable": false,
      "Startup Cost": 218594.94,
      "Total Cost": 218745.31,
      "Plan Rows": 60150,
      "Plan Width": 168,
      "Output": [
        "nation.n_name",
        "(EXTRACT(year FROM orders.o_orderdate))",
        "(sum(((lineitem.l_extendedprice * ('1'::numeric - lineitem.l_discount)) - (partsupp.ps_supplycost * lineitem.l_quantity))))"
      ],
      "Sort Key": [
        "nation.n_name",
        "(EXTRACT(year FROM orders.o_orderdate)) DESC"
      ],
      "Plans": [
        {
          "Node Type": "Aggregate",
          "Strategy": "Hashed",
          "Partial Mode": "Finalize",
          "Parent Relationship": "Outer",
          "Parallel Aware": false,
          "Async Capable": false,
          "Startup Cost": 212917.9,
          "Total Cost": 213820.15,
          "Plan Rows": 60150,
          "Plan Width": 168,
          "Output": [
            "nation.n_name",
            "(EXTRACT(year FROM orders.o_orderdate))",
            "sum(((lineitem.l_extendedprice * ('1'::numeric - lineitem.l_discount)) - (partsupp.ps_supplycost * lineitem.l_quantity)))"
          ],
          "Group Key": [
            "nation.n_name",
            "(EXTRACT(year FROM orders.o_orderdate))"
          ],
          "Planned Partitions": 0,
          "Plans": [
            {
              "Node Type": "Gather",
              "Parent Relationship": "Outer",
              "Parallel Aware": false,
              "Async Capable": false,
              "Startup Cost": 178933.15,
              "Total Cost": 209910.4,
              "Plan Rows": 300750,
              "Plan Width": 168,
              "Output": [
                "nation.n_name",
                "(EXTRACT(year FROM orders.o_orderdate))",
                "(PARTIAL sum(((lineitem.l_extendedprice * ('1'::numeric - lineitem.l_discount)) - (partsupp.ps_supplycost * lineitem.l_quantity))))"
              ],
              "Workers Planned": 5,
              "Single Copy": false,
              "Plans": [
                {
                  "Node Type": "Aggregate",
                  "Strategy": "Hashed",
                  "Partial Mode": "Partial",
                  "Parent Relationship": "Outer",
                  "Parallel Aware": false,
                  "Async Capable": false,
                  "Startup Cost": 177933.15,
                  "Total Cost": 178835.4,
                  "Plan Rows": 60150,
                  "Plan Width": 168,
                  "Output": [
                    "nation.n_name",
                    "(EXTRACT(year FROM orders.o_orderdate))",
                    "PARTIAL sum(((lineitem.l_extendedprice * ('1'::numeric - lineitem.l_discount)) - (partsupp.ps_supplycost * lineitem.l_quantity)))"
                  ],
                  "Group Key": [
                    "nation.n_name",
                    "EXTRACT(year FROM orders.o_orderdate)"
                  ],
                  "Planned Partitions": 0,
                  "Plans": [
                    {
                      "Node Type": "Nested Loop",
                      "Parent Relationship": "Outer",
                      "Parallel Aware": false,
                      "Async Capable": false,
                      "Join Type": "Inner",
                      "Startup Cost": 14901.81,
                      "Total Cost": 176838.72,
                      "Plan Rows": 62539,
                      "Plan Width": 159,
                      "Output": [
                        "nation.n_name",
                        "EXTRACT(year FROM orders.o_orderdate)",
                        "lineitem.l_extendedprice",
                        "lineitem.l_discount",
                        "partsupp.ps_supplycost",
                        "lineitem.l_quantity"
                      ],
                      "Inner Unique": true,
                      "Plans": [
                        {
                          "Node Type": "Hash Join",
                          "Parent Relationship": "Outer",
                          "Parallel Aware": true,
                          "Async Capable": false,
                          "Join Type": "Inner",
                          "Startup Cost": 14901.38,
                          "Total Cost": 148505.73,
                          "Plan Rows": 62539,
                          "Plan Width": 131,
                          "Output": [
                            "lineitem.l_extendedprice",
                            "lineitem.l_discount",
                            "lineitem.l_quantity",
                            "lineitem.l_orderkey",
                            "partsupp.ps_supplycost",
                            "nation.n_name"
                          ],
                          "Inner Unique": false,
                          "Hash Cond": "((lineitem.l_suppkey = supplier.s_suppkey) AND (lineitem.l_partkey = partsupp.ps_partkey))",
                          "Plans": [
                            {
                              "Node Type": "Seq Scan",
                              "Parent Relationship": "Outer",
                              "Parallel Aware": true,
                              "Async Capable": false,
                              "Relation Name": "lineitem",
                              "Schema": "public",
                              "Alias": "lineitem",
                              "Startup Cost": 0.0,
                              "Total Cost": 124602.43,
                              "Plan Rows": 1200243,
                              "Plan Width": 29,
                              "Output": [
                                "lineitem.l_orderkey",
                                "lineitem.l_partkey",
                                "lineitem.l_suppkey",
                                "lineitem.l_linenumber",
                                "lineitem.l_quantity",
                                "lineitem.l_extendedprice",
                                "lineitem.l_discount",
                                "lineitem.l_tax",
                                "lineitem.l_returnflag",
                                "lineitem.l_linestatus",
                                "lineitem.l_shipdate",
                                "lineitem.l_commitdate",
                                "lineitem.l_receiptdate",
                                "lineitem.l_shipinstruct",
                                "lineitem.l_shipmode",
                                "lineitem.l_comment"
                              ]
                            },
                            {
                              "Node Type": "Hash",
                              "Parent Relationship": "Inner",
                              "Parallel Aware": true,
                              "Async Capable": false,
                              "Startup Cost": 14640.86,
                              "Total Cost": 14640.86,
                              "Plan Rows": 17368,
                              "Plan Width": 126,
                              "Output": [
                                "part.p_partkey",
                                "partsupp.ps_supplycost",
                                "partsupp.ps_suppkey",
                                "partsupp.ps_partkey",
                                "supplier.s_suppkey",
                                "nation.n_name"
                              ],
                              "Plans": [
                                {
                                  "Node Type": "Hash Join",
                                  "Parent Relationship": "Outer",
                                  "Parallel Aware": false,
                                  "Async Capable": false,
                                  "Join Type": "Inner",
                                  "Startup Cost": 449.99,
                                  "Total Cost": 14640.86,
                                  "Plan Rows": 17368,
                                  "Plan Width": 126,
                                  "Output": [
                                    "part.p_partkey",
                                    "partsupp.ps_supplycost",
                                    "partsupp.ps_suppkey",
                                    "partsupp.ps_partkey",
                                    "supplier.s_suppkey",
                                    "nation.n_name"
                                  ],
                                  "Inner Unique": true,
                                  "Hash Cond": "(supplier.s_nationkey = nation.n_nationkey)",
                                  "Plans": [
                                    {
                                      "Node Type": "Hash Join",
                                      "Parent Relationship": "Outer",
                                      "Parallel Aware": false,
                                      "Async Capable": false,
                                      "Join Type": "Inner",
                                      "Startup Cost": 448.43,
                                      "Total Cost": 14585.97,
                                      "Plan Rows": 17368,
                                      "Plan Width": 26,
                                      "Output": [
                                        "part.p_partkey",
                                        "partsupp.ps_supplycost",
                                        "partsupp.ps_suppkey",
                                        "partsupp.ps_partkey",
                                        "supplier.s_suppkey",
                                        "supplier.s_nationkey"
                                      ],
                                      "Inner Unique": true,
                                      "Hash Cond": "(partsupp.ps_suppkey = supplier.s_suppkey)",
                                      "Plans": [
                                        {
                                          "Node Type": "Nested Loop",
                                          "Parent Relationship": "Outer",
                                          "Parallel Aware": false,
                                          "Async Capable": false,
                                          "Join Type": "Inner",
                                          "Startup Cost": 0.42,
                                          "Total Cost": 14092.36,
                                          "Plan Rows": 17368,
                                          "Plan Width": 18,
                                          "Output": [
                                            "part.p_partkey",
                                            "partsupp.ps_supplycost",
                                            "partsupp.ps_suppkey",
                                            "partsupp.ps_partkey"
                                          ],
                                          "Inner Unique": false,
                                          "Plans": [
                                            {
                                              "Node Type": "Seq Scan",
                                              "Parent Relationship": "Outer",
                                              "Parallel Aware": true,
                                              "Async Capable": false,
                                              "Relation Name": "part",
                                              "Schema": "public",
                                              "Alias": "part",
                                              "Startup Cost": 0.0,
                                              "Total Cost": 5169.67,
                                              "Plan Rows": 4342,
                                              "Plan Width": 4,
                                              "Output": [
                                                "part.p_partkey",
                                                "part.p_name",
                                                "part.p_mfgr",
                                                "part.p_brand",
                                                "part.p_type",
                                                "part.p_size",
                                                "part.p_container",
                                                "part.p_retailprice",
                                                "part.p_comment"
                                              ],
                                              "Filter": "((part.p_name)::text ~~ '%floral%'::text)"
                                            },
                                            {
                                              "Node Type": "Index Scan",
                                              "Parent Relationship": "Inner",
                                              "Parallel Aware": false,
                                              "Async Capable": false,
                                              "Scan Direction": "Forward",
                                              "Index Name": "partsupp_pkey",
                                              "Relation Name": "partsupp",
                                              "Schema": "public",
                                              "Alias": "partsupp",
                                              "Startup Cost": 0.42,
                                              "Total Cost": 2.01,
                                              "Plan Rows": 4,
                                              "Plan Width": 14,
                                              "Output": [
                                                "partsupp.ps_partkey",
                                                "partsupp.ps_suppkey",
                                                "partsupp.ps_availqty",
                                                "partsupp.ps_supplycost",
                                                "partsupp.ps_comment"
                                              ],
                                              "Index Cond": "(partsupp.ps_partkey = part.p_partkey)"
                                            }
                                          ]
                                        },
                                        {
                                          "Node Type": "Hash",
                                          "Parent Relationship": "Inner",
                                          "Parallel Aware": false,
                                          "Async Capable": false,
                                          "Startup Cost": 323.0,
                                          "Total Cost": 323.0,
                                          "Plan Rows": 10000,
                                          "Plan Width": 8,
                                          "Output": [
                                            "supplier.s_suppkey",
                                            "supplier.s_nationkey"
                                          ],
                                          "Plans": [
                                            {
                                              "Node Type": "Seq Scan",
                                              "Parent Relationship": "Outer",
                                              "Parallel Aware": false,
                                              "Async Capable": false,
                                              "Relation Name": "supplier",
                                              "Schema": "public",
                                              "Alias": "supplier",
                                              "Startup Cost": 0.0,
                                              "Total Cost": 323.0,
                                              "Plan Rows": 10000,
                                              "Plan Width": 8,
                                              "Output": [
                                                "supplier.s_suppkey",
                                                "supplier.s_nationkey"
                                              ]
                                            }
                                          ]
                                        }
                                      ]
                                    },
                                    {
                                      "Node Type": "Hash",
                                      "Parent Relationship": "Inner",
                                      "Parallel Aware": false,
                                      "Async Capable": false,
                                      "Startup Cost": 1.25,
                                      "Total Cost": 1.25,
                                      "Plan Rows": 25,
                                      "Plan Width": 108,
                                      "Output": [
                                        "nation.n_name",
                                        "nation.n_nationkey"
                                      ],
                                      "Plans": [
                                        {
                                          "Node Type": "Seq Scan",
                                          "Parent Relationship": "Outer",
                                          "Parallel Aware": false,
                                          "Async Capable": false,
                                          "Relation Name": "nation",
                                          "Schema": "public",
                                          "Alias": "nation",
                                          "Startup Cost": 0.0,
                                          "Total Cost": 1.25,
                                          "Plan Rows": 25,
                                          "Plan Width": 108,
                                          "Output": [
                                            "nation.n_name",
                                            "nation.n_nationkey"
                                          ]
                                        }
                                      ]
                                    }
                                  ]
                                }
                              ]
                            }
                          ]
                        },
                        {
                          "Node Type": "Index Scan",
                          "Parent Relationship": "Inner",
                          "Parallel Aware": false,
                          "Async Capable": false,
                          "Scan Direction": "Forward",
                          "Index Name": "orders_pkey",
                          "Relation Name": "orders",
                          "Schema": "public",
                          "Alias": "orders",
                          "Startup Cost": 0.43,
                          "Total Cost": 0.45,
                          "Plan Rows": 1,
                          "Plan Width": 8,
                          "Output": [
                            "orders.o_orderkey",
                            "orders.o_custkey",
                            "orders.o_orderstatus",
                            "orders.o_totalprice",
                            "orders.o_orderdate",
                            "orders.o_orderpriority",
                            "orders.o_clerk",
                            "orders.o_shippriority",
                            "orders.o_comment"
                          ],
                          "Index Cond": "(orders.o_orderkey = lineitem.l_orderkey)"
                        }
                      ]
                    }
                  ]
                }
              ]
            }
          ]
        }
      ]
    },
    "JIT": {
      "Functions": 43,
      "Options": {
        "Inlining": false,
        "Optimization": false,
        "Expressions": true,
        "Deforming": true
      }
    }
  }
]
```

---

## 16. Q9_114_seed_927055503.sql

**File Path:** `/Users/brunowinter2000/Documents/Thesis/2025_2026/Plan-Level/Generated_Queries/Q9/Q9_114_seed_927055503.sql`

### EXPLAIN JSON

```json
[
  {
    "Plan": {
      "Node Type": "Sort",
      "Parallel Aware": false,
      "Async Capable": false,
      "Startup Cost": 203830.47,
      "Total Cost": 203980.85,
      "Plan Rows": 60150,
      "Plan Width": 168,
      "Output": [
        "nation.n_name",
        "(EXTRACT(year FROM orders.o_orderdate))",
        "(sum(((lineitem.l_extendedprice * ('1'::numeric - lineitem.l_discount)) - (partsupp.ps_supplycost * lineitem.l_quantity))))"
      ],
      "Sort Key": [
        "nation.n_name",
        "(EXTRACT(year FROM orders.o_orderdate)) DESC"
      ],
      "Plans": [
        {
          "Node Type": "Aggregate",
          "Strategy": "Hashed",
          "Partial Mode": "Finalize",
          "Parent Relationship": "Outer",
          "Parallel Aware": false,
          "Async Capable": false,
          "Startup Cost": 198153.43,
          "Total Cost": 199055.68,
          "Plan Rows": 60150,
          "Plan Width": 168,
          "Output": [
            "nation.n_name",
            "(EXTRACT(year FROM orders.o_orderdate))",
            "sum(((lineitem.l_extendedprice * ('1'::numeric - lineitem.l_discount)) - (partsupp.ps_supplycost * lineitem.l_quantity)))"
          ],
          "Group Key": [
            "nation.n_name",
            "(EXTRACT(year FROM orders.o_orderdate))"
          ],
          "Planned Partitions": 0,
          "Plans": [
            {
              "Node Type": "Gather",
              "Parent Relationship": "Outer",
              "Parallel Aware": false,
              "Async Capable": false,
              "Startup Cost": 170973.54,
              "Total Cost": 195748.13,
              "Plan Rows": 240530,
              "Plan Width": 168,
              "Output": [
                "nation.n_name",
                "(EXTRACT(year FROM orders.o_orderdate))",
                "(PARTIAL sum(((lineitem.l_extendedprice * ('1'::numeric - lineitem.l_discount)) - (partsupp.ps_supplycost * lineitem.l_quantity))))"
              ],
              "Workers Planned": 5,
              "Single Copy": false,
              "Plans": [
                {
                  "Node Type": "Aggregate",
                  "Strategy": "Hashed",
                  "Partial Mode": "Partial",
                  "Parent Relationship": "Outer",
                  "Parallel Aware": false,
                  "Async Capable": false,
                  "Startup Cost": 169973.54,
                  "Total Cost": 170695.13,
                  "Plan Rows": 48106,
                  "Plan Width": 168,
                  "Output": [
                    "nation.n_name",
                    "(EXTRACT(year FROM orders.o_orderdate))",
                    "PARTIAL sum(((lineitem.l_extendedprice * ('1'::numeric - lineitem.l_discount)) - (partsupp.ps_supplycost * lineitem.l_quantity)))"
                  ],
                  "Group Key": [
                    "nation.n_name",
                    "EXTRACT(year FROM orders.o_orderdate)"
                  ],
                  "Planned Partitions": 0,
                  "Plans": [
                    {
                      "Node Type": "Nested Loop",
                      "Parent Relationship": "Outer",
                      "Parallel Aware": false,
                      "Async Capable": false,
                      "Join Type": "Inner",
                      "Startup Cost": 13733.6,
                      "Total Cost": 169131.69,
                      "Plan Rows": 48106,
                      "Plan Width": 159,
                      "Output": [
                        "nation.n_name",
                        "EXTRACT(year FROM orders.o_orderdate)",
                        "lineitem.l_extendedprice",
                        "lineitem.l_discount",
                        "partsupp.ps_supplycost",
                        "lineitem.l_quantity"
                      ],
                      "Inner Unique": true,
                      "Plans": [
                        {
                          "Node Type": "Hash Join",
                          "Parent Relationship": "Outer",
                          "Parallel Aware": true,
                          "Async Capable": false,
                          "Join Type": "Inner",
                          "Startup Cost": 13733.17,
                          "Total Cost": 147337.5,
                          "Plan Rows": 48106,
                          "Plan Width": 131,
                          "Output": [
                            "lineitem.l_extendedprice",
                            "lineitem.l_discount",
                            "lineitem.l_quantity",
                            "lineitem.l_orderkey",
                            "partsupp.ps_supplycost",
                            "nation.n_name"
                          ],
                          "Inner Unique": false,
                          "Hash Cond": "((lineitem.l_suppkey = supplier.s_suppkey) AND (lineitem.l_partkey = partsupp.ps_partkey))",
                          "Plans": [
                            {
                              "Node Type": "Seq Scan",
                              "Parent Relationship": "Outer",
                              "Parallel Aware": true,
                              "Async Capable": false,
                              "Relation Name": "lineitem",
                              "Schema": "public",
                              "Alias": "lineitem",
                              "Startup Cost": 0.0,
                              "Total Cost": 124602.43,
                              "Plan Rows": 1200243,
                              "Plan Width": 29,
                              "Output": [
                                "lineitem.l_orderkey",
                                "lineitem.l_partkey",
                                "lineitem.l_suppkey",
                                "lineitem.l_linenumber",
                                "lineitem.l_quantity",
                                "lineitem.l_extendedprice",
                                "lineitem.l_discount",
                                "lineitem.l_tax",
                                "lineitem.l_returnflag",
                                "lineitem.l_linestatus",
                                "lineitem.l_shipdate",
                                "lineitem.l_commitdate",
                                "lineitem.l_receiptdate",
                                "lineitem.l_shipinstruct",
                                "lineitem.l_shipmode",
                                "lineitem.l_comment"
                              ]
                            },
                            {
                              "Node Type": "Hash",
                              "Parent Relationship": "Inner",
                              "Parallel Aware": true,
                              "Async Capable": false,
                              "Startup Cost": 13532.77,
                              "Total Cost": 13532.77,
                              "Plan Rows": 13360,
                              "Plan Width": 126,
                              "Output": [
                                "part.p_partkey",
                                "partsupp.ps_supplycost",
                                "partsupp.ps_suppkey",
                                "partsupp.ps_partkey",
                                "supplier.s_suppkey",
                                "nation.n_name"
                              ],
                              "Plans": [
                                {
                                  "Node Type": "Hash Join",
                                  "Parent Relationship": "Outer",
                                  "Parallel Aware": false,
                                  "Async Capable": false,
                                  "Join Type": "Inner",
                                  "Startup Cost": 449.99,
                                  "Total Cost": 13532.77,
                                  "Plan Rows": 13360,
                                  "Plan Width": 126,
                                  "Output": [
                                    "part.p_partkey",
                                    "partsupp.ps_supplycost",
                                    "partsupp.ps_suppkey",
                                    "partsupp.ps_partkey",
                                    "supplier.s_suppkey",
                                    "nation.n_name"
                                  ],
                                  "Inner Unique": true,
                                  "Hash Cond": "(supplier.s_nationkey = nation.n_nationkey)",
                                  "Plans": [
                                    {
                                      "Node Type": "Hash Join",
                                      "Parent Relationship": "Outer",
                                      "Parallel Aware": false,
                                      "Async Capable": false,
                                      "Join Type": "Inner",
                                      "Startup Cost": 448.43,
                                      "Total Cost": 13490.2,
                                      "Plan Rows": 13360,
                                      "Plan Width": 26,
                                      "Output": [
                                        "part.p_partkey",
                                        "partsupp.ps_supplycost",
                                        "partsupp.ps_suppkey",
                                        "partsupp.ps_partkey",
                                        "supplier.s_suppkey",
                                        "supplier.s_nationkey"
                                      ],
                                      "Inner Unique": true,
                                      "Hash Cond": "(partsupp.ps_suppkey = supplier.s_suppkey)",
                                      "Plans": [
                                        {
                                          "Node Type": "Nested Loop",
                                          "Parent Relationship": "Outer",
                                          "Parallel Aware": false,
                                          "Async Capable": false,
                                          "Join Type": "Inner",
                                          "Startup Cost": 0.42,
                                          "Total Cost": 13007.12,
                                          "Plan Rows": 13360,
                                          "Plan Width": 18,
                                          "Output": [
                                            "part.p_partkey",
                                            "partsupp.ps_supplycost",
                                            "partsupp.ps_suppkey",
                                            "partsupp.ps_partkey"
                                          ],
                                          "Inner Unique": false,
                                          "Plans": [
                                            {
                                              "Node Type": "Seq Scan",
                                              "Parent Relationship": "Outer",
                                              "Parallel Aware": true,
                                              "Async Capable": false,
                                              "Relation Name": "part",
                                              "Schema": "public",
                                              "Alias": "part",
                                              "Startup Cost": 0.0,
                                              "Total Cost": 5169.67,
                                              "Plan Rows": 3340,
                                              "Plan Width": 4,
                                              "Output": [
                                                "part.p_partkey",
                                                "part.p_name",
                                                "part.p_mfgr",
                                                "part.p_brand",
                                                "part.p_type",
                                                "part.p_size",
                                                "part.p_container",
                                                "part.p_retailprice",
                                                "part.p_comment"
                                              ],
                                              "Filter": "((part.p_name)::text ~~ '%saddle%'::text)"
                                            },
                                            {
                                              "Node Type": "Index Scan",
                                              "Parent Relationship": "Inner",
                                              "Parallel Aware": false,
                                              "Async Capable": false,
                                              "Scan Direction": "Forward",
                                              "Index Name": "partsupp_pkey",
                                              "Relation Name": "partsupp",
                                              "Schema": "public",
                                              "Alias": "partsupp",
                                              "Startup Cost": 0.42,
                                              "Total Cost": 2.31,
                                              "Plan Rows": 4,
                                              "Plan Width": 14,
                                              "Output": [
                                                "partsupp.ps_partkey",
                                                "partsupp.ps_suppkey",
                                                "partsupp.ps_availqty",
                                                "partsupp.ps_supplycost",
                                                "partsupp.ps_comment"
                                              ],
                                              "Index Cond": "(partsupp.ps_partkey = part.p_partkey)"
                                            }
                                          ]
                                        },
                                        {
                                          "Node Type": "Hash",
                                          "Parent Relationship": "Inner",
                                          "Parallel Aware": false,
                                          "Async Capable": false,
                                          "Startup Cost": 323.0,
                                          "Total Cost": 323.0,
                                          "Plan Rows": 10000,
                                          "Plan Width": 8,
                                          "Output": [
                                            "supplier.s_suppkey",
                                            "supplier.s_nationkey"
                                          ],
                                          "Plans": [
                                            {
                                              "Node Type": "Seq Scan",
                                              "Parent Relationship": "Outer",
                                              "Parallel Aware": false,
                                              "Async Capable": false,
                                              "Relation Name": "supplier",
                                              "Schema": "public",
                                              "Alias": "supplier",
                                              "Startup Cost": 0.0,
                                              "Total Cost": 323.0,
                                              "Plan Rows": 10000,
                                              "Plan Width": 8,
                                              "Output": [
                                                "supplier.s_suppkey",
                                                "supplier.s_nationkey"
                                              ]
                                            }
                                          ]
                                        }
                                      ]
                                    },
                                    {
                                      "Node Type": "Hash",
                                      "Parent Relationship": "Inner",
                                      "Parallel Aware": false,
                                      "Async Capable": false,
                                      "Startup Cost": 1.25,
                                      "Total Cost": 1.25,
                                      "Plan Rows": 25,
                                      "Plan Width": 108,
                                      "Output": [
                                        "nation.n_name",
                                        "nation.n_nationkey"
                                      ],
                                      "Plans": [
                                        {
                                          "Node Type": "Seq Scan",
                                          "Parent Relationship": "Outer",
                                          "Parallel Aware": false,
                                          "Async Capable": false,
                                          "Relation Name": "nation",
                                          "Schema": "public",
                                          "Alias": "nation",
                                          "Startup Cost": 0.0,
                                          "Total Cost": 1.25,
                                          "Plan Rows": 25,
                                          "Plan Width": 108,
                                          "Output": [
                                            "nation.n_name",
                                            "nation.n_nationkey"
                                          ]
                                        }
                                      ]
                                    }
                                  ]
                                }
                              ]
                            }
                          ]
                        },
                        {
                          "Node Type": "Index Scan",
                          "Parent Relationship": "Inner",
                          "Parallel Aware": false,
                          "Async Capable": false,
                          "Scan Direction": "Forward",
                          "Index Name": "orders_pkey",
                          "Relation Name": "orders",
                          "Schema": "public",
                          "Alias": "orders",
                          "Startup Cost": 0.43,
                          "Total Cost": 0.45,
                          "Plan Rows": 1,
                          "Plan Width": 8,
                          "Output": [
                            "orders.o_orderkey",
                            "orders.o_custkey",
                            "orders.o_orderstatus",
                            "orders.o_totalprice",
                            "orders.o_orderdate",
                            "orders.o_orderpriority",
                            "orders.o_clerk",
                            "orders.o_shippriority",
                            "orders.o_comment"
                          ],
                          "Index Cond": "(orders.o_orderkey = lineitem.l_orderkey)"
                        }
                      ]
                    }
                  ]
                }
              ]
            }
          ]
        }
      ]
    },
    "JIT": {
      "Functions": 43,
      "Options": {
        "Inlining": false,
        "Optimization": false,
        "Expressions": true,
        "Deforming": true
      }
    }
  }
]
```

---

## 17. Q9_115_seed_935259534.sql

**File Path:** `/Users/brunowinter2000/Documents/Thesis/2025_2026/Plan-Level/Generated_Queries/Q9/Q9_115_seed_935259534.sql`

### EXPLAIN JSON

```json
[
  {
    "Plan": {
      "Node Type": "Sort",
      "Parallel Aware": false,
      "Async Capable": false,
      "Startup Cost": 213386.21,
      "Total Cost": 213536.59,
      "Plan Rows": 60150,
      "Plan Width": 168,
      "Output": [
        "nation.n_name",
        "(EXTRACT(year FROM orders.o_orderdate))",
        "(sum(((lineitem.l_extendedprice * ('1'::numeric - lineitem.l_discount)) - (partsupp.ps_supplycost * lineitem.l_quantity))))"
      ],
      "Sort Key": [
        "nation.n_name",
        "(EXTRACT(year FROM orders.o_orderdate)) DESC"
      ],
      "Plans": [
        {
          "Node Type": "Aggregate",
          "Strategy": "Hashed",
          "Partial Mode": "Finalize",
          "Parent Relationship": "Outer",
          "Parallel Aware": false,
          "Async Capable": false,
          "Startup Cost": 207709.17,
          "Total Cost": 208611.42,
          "Plan Rows": 60150,
          "Plan Width": 168,
          "Output": [
            "nation.n_name",
            "(EXTRACT(year FROM orders.o_orderdate))",
            "sum(((lineitem.l_extendedprice * ('1'::numeric - lineitem.l_discount)) - (partsupp.ps_supplycost * lineitem.l_quantity)))"
          ],
          "Group Key": [
            "nation.n_name",
            "(EXTRACT(year FROM orders.o_orderdate))"
          ],
          "Planned Partitions": 0,
          "Plans": [
            {
              "Node Type": "Gather",
              "Parent Relationship": "Outer",
              "Parallel Aware": false,
              "Async Capable": false,
              "Startup Cost": 186957.42,
              "Total Cost": 205904.67,
              "Plan Rows": 180450,
              "Plan Width": 168,
              "Output": [
                "nation.n_name",
                "(EXTRACT(year FROM orders.o_orderdate))",
                "(PARTIAL sum(((lineitem.l_extendedprice * ('1'::numeric - lineitem.l_discount)) - (partsupp.ps_supplycost * lineitem.l_quantity))))"
              ],
              "Workers Planned": 3,
              "Single Copy": false,
              "Plans": [
                {
                  "Node Type": "Aggregate",
                  "Strategy": "Hashed",
                  "Partial Mode": "Partial",
                  "Parent Relationship": "Outer",
                  "Parallel Aware": false,
                  "Async Capable": false,
                  "Startup Cost": 185957.42,
                  "Total Cost": 186859.67,
                  "Plan Rows": 60150,
                  "Plan Width": 168,
                  "Output": [
                    "nation.n_name",
                    "(EXTRACT(year FROM orders.o_orderdate))",
                    "PARTIAL sum(((lineitem.l_extendedprice * ('1'::numeric - lineitem.l_discount)) - (partsupp.ps_supplycost * lineitem.l_quantity)))"
                  ],
                  "Group Key": [
                    "nation.n_name",
                    "EXTRACT(year FROM orders.o_orderdate)"
                  ],
                  "Planned Partitions": 0,
                  "Plans": [
                    {
                      "Node Type": "Hash Join",
                      "Parent Relationship": "Outer",
                      "Parallel Aware": true,
                      "Async Capable": false,
                      "Join Type": "Inner",
                      "Startup Cost": 150436.94,
                      "Total Cost": 183784.83,
                      "Plan Rows": 124148,
                      "Plan Width": 159,
                      "Output": [
                        "nation.n_name",
                        "EXTRACT(year FROM orders.o_orderdate)",
                        "lineitem.l_extendedprice",
                        "lineitem.l_discount",
                        "partsupp.ps_supplycost",
                        "lineitem.l_quantity"
                      ],
                      "Inner Unique": false,
                      "Hash Cond": "(orders.o_orderkey = lineitem.l_orderkey)",
                      "Plans": [
                        {
                          "Node Type": "Seq Scan",
                          "Parent Relationship": "Outer",
                          "Parallel Aware": true,
                          "Async Capable": false,
                          "Relation Name": "orders",
                          "Schema": "public",
                          "Alias": "orders",
                          "Startup Cost": 0.0,
                          "Total Cost": 30974.71,
                          "Plan Rows": 483871,
                          "Plan Width": 8,
                          "Output": [
                            "orders.o_orderkey",
                            "orders.o_custkey",
                            "orders.o_orderstatus",
                            "orders.o_totalprice",
                            "orders.o_orderdate",
                            "orders.o_orderpriority",
                            "orders.o_clerk",
                            "orders.o_shippriority",
                            "orders.o_comment"
                          ]
                        },
                        {
                          "Node Type": "Hash",
                          "Parent Relationship": "Inner",
                          "Parallel Aware": true,
                          "Async Capable": false,
                          "Startup Cost": 149474.79,
                          "Total Cost": 149474.79,
                          "Plan Rows": 76972,
                          "Plan Width": 131,
                          "Output": [
                            "lineitem.l_extendedprice",
                            "lineitem.l_discount",
                            "lineitem.l_quantity",
                            "lineitem.l_orderkey",
                            "partsupp.ps_supplycost",
                            "nation.n_name"
                          ],
                          "Plans": [
                            {
                              "Node Type": "Hash Join",
                              "Parent Relationship": "Outer",
                              "Parallel Aware": true,
                              "Async Capable": false,
                              "Join Type": "Inner",
                              "Startup Cost": 15870.41,
                              "Total Cost": 149474.79,
                              "Plan Rows": 76972,
                              "Plan Width": 131,
                              "Output": [
                                "lineitem.l_extendedprice",
                                "lineitem.l_discount",
                                "lineitem.l_quantity",
                                "lineitem.l_orderkey",
                                "partsupp.ps_supplycost",
                                "nation.n_name"
                              ],
                              "Inner Unique": false,
                              "Hash Cond": "((lineitem.l_suppkey = supplier.s_suppkey) AND (lineitem.l_partkey = partsupp.ps_partkey))",
                              "Plans": [
                                {
                                  "Node Type": "Seq Scan",
                                  "Parent Relationship": "Outer",
                                  "Parallel Aware": true,
                                  "Async Capable": false,
                                  "Relation Name": "lineitem",
                                  "Schema": "public",
                                  "Alias": "lineitem",
                                  "Startup Cost": 0.0,
                                  "Total Cost": 124602.43,
                                  "Plan Rows": 1200243,
                                  "Plan Width": 29,
                                  "Output": [
                                    "lineitem.l_orderkey",
                                    "lineitem.l_partkey",
                                    "lineitem.l_suppkey",
                                    "lineitem.l_linenumber",
                                    "lineitem.l_quantity",
                                    "lineitem.l_extendedprice",
                                    "lineitem.l_discount",
                                    "lineitem.l_tax",
                                    "lineitem.l_returnflag",
                                    "lineitem.l_linestatus",
                                    "lineitem.l_shipdate",
                                    "lineitem.l_commitdate",
                                    "lineitem.l_receiptdate",
                                    "lineitem.l_shipinstruct",
                                    "lineitem.l_shipmode",
                                    "lineitem.l_comment"
                                  ]
                                },
                                {
                                  "Node Type": "Hash",
                                  "Parent Relationship": "Inner",
                                  "Parallel Aware": true,
                                  "Async Capable": false,
                                  "Startup Cost": 15549.75,
                                  "Total Cost": 15549.75,
                                  "Plan Rows": 21377,
                                  "Plan Width": 126,
                                  "Output": [
                                    "part.p_partkey",
                                    "partsupp.ps_supplycost",
                                    "partsupp.ps_suppkey",
                                    "partsupp.ps_partkey",
                                    "supplier.s_suppkey",
                                    "nation.n_name"
                                  ],
                                  "Plans": [
                                    {
                                      "Node Type": "Hash Join",
                                      "Parent Relationship": "Outer",
                                      "Parallel Aware": false,
                                      "Async Capable": false,
                                      "Join Type": "Inner",
                                      "Startup Cost": 449.99,
                                      "Total Cost": 15549.75,
                                      "Plan Rows": 21377,
                                      "Plan Width": 126,
                                      "Output": [
                                        "part.p_partkey",
                                        "partsupp.ps_supplycost",
                                        "partsupp.ps_suppkey",
                                        "partsupp.ps_partkey",
                                        "supplier.s_suppkey",
                                        "nation.n_name"
                                      ],
                                      "Inner Unique": true,
                                      "Hash Cond": "(supplier.s_nationkey = nation.n_nationkey)",
                                      "Plans": [
                                        {
                                          "Node Type": "Hash Join",
                                          "Parent Relationship": "Outer",
                                          "Parallel Aware": false,
                                          "Async Capable": false,
                                          "Join Type": "Inner",
                                          "Startup Cost": 448.43,
                                          "Total Cost": 15482.56,
                                          "Plan Rows": 21377,
                                          "Plan Width": 26,
                                          "Output": [
                                            "part.p_partkey",
                                            "partsupp.ps_supplycost",
                                            "partsupp.ps_suppkey",
                                            "partsupp.ps_partkey",
                                            "supplier.s_suppkey",
                                            "supplier.s_nationkey"
                                          ],
                                          "Inner Unique": true,
                                          "Hash Cond": "(partsupp.ps_suppkey = supplier.s_suppkey)",
                                          "Plans": [
                                            {
                                              "Node Type": "Nested Loop",
                                              "Parent Relationship": "Outer",
                                              "Parallel Aware": false,
                                              "Async Capable": false,
                                              "Join Type": "Inner",
                                              "Startup Cost": 0.42,
                                              "Total Cost": 14978.42,
                                              "Plan Rows": 21377,
                                              "Plan Width": 18,
                                              "Output": [
                                                "part.p_partkey",
                                                "partsupp.ps_supplycost",
                                                "partsupp.ps_suppkey",
                                                "partsupp.ps_partkey"
                                              ],
                                              "Inner Unique": false,
                                              "Plans": [
                                                {
                                                  "Node Type": "Seq Scan",
                                                  "Parent Relationship": "Outer",
                                                  "Parallel Aware": true,
                                                  "Async Capable": false,
                                                  "Relation Name": "part",
                                                  "Schema": "public",
                                                  "Alias": "part",
                                                  "Startup Cost": 0.0,
                                                  "Total Cost": 5169.67,
                                                  "Plan Rows": 5344,
                                                  "Plan Width": 4,
                                                  "Output": [
                                                    "part.p_partkey",
                                                    "part.p_name",
                                                    "part.p_mfgr",
                                                    "part.p_brand",
                                                    "part.p_type",
                                                    "part.p_size",
                                                    "part.p_container",
                                                    "part.p_retailprice",
                                                    "part.p_comment"
                                                  ],
                                                  "Filter": "((part.p_name)::text ~~ '%firebrick%'::text)"
                                                },
                                                {
                                                  "Node Type": "Index Scan",
                                                  "Parent Relationship": "Inner",
                                                  "Parallel Aware": false,
                                                  "Async Capable": false,
                                                  "Scan Direction": "Forward",
                                                  "Index Name": "partsupp_pkey",
                                                  "Relation Name": "partsupp",
                                                  "Schema": "public",
                                                  "Alias": "partsupp",
                                                  "Startup Cost": 0.42,
                                                  "Total Cost": 1.8,
                                                  "Plan Rows": 4,
                                                  "Plan Width": 14,
                                                  "Output": [
                                                    "partsupp.ps_partkey",
                                                    "partsupp.ps_suppkey",
                                                    "partsupp.ps_availqty",
                                                    "partsupp.ps_supplycost",
                                                    "partsupp.ps_comment"
                                                  ],
                                                  "Index Cond": "(partsupp.ps_partkey = part.p_partkey)"
                                                }
                                              ]
                                            },
                                            {
                                              "Node Type": "Hash",
                                              "Parent Relationship": "Inner",
                                              "Parallel Aware": false,
                                              "Async Capable": false,
                                              "Startup Cost": 323.0,
                                              "Total Cost": 323.0,
                                              "Plan Rows": 10000,
                                              "Plan Width": 8,
                                              "Output": [
                                                "supplier.s_suppkey",
                                                "supplier.s_nationkey"
                                              ],
                                              "Plans": [
                                                {
                                                  "Node Type": "Seq Scan",
                                                  "Parent Relationship": "Outer",
                                                  "Parallel Aware": false,
                                                  "Async Capable": false,
                                                  "Relation Name": "supplier",
                                                  "Schema": "public",
                                                  "Alias": "supplier",
                                                  "Startup Cost": 0.0,
                                                  "Total Cost": 323.0,
                                                  "Plan Rows": 10000,
                                                  "Plan Width": 8,
                                                  "Output": [
                                                    "supplier.s_suppkey",
                                                    "supplier.s_nationkey"
                                                  ]
                                                }
                                              ]
                                            }
                                          ]
                                        },
                                        {
                                          "Node Type": "Hash",
                                          "Parent Relationship": "Inner",
                                          "Parallel Aware": false,
                                          "Async Capable": false,
                                          "Startup Cost": 1.25,
                                          "Total Cost": 1.25,
                                          "Plan Rows": 25,
                                          "Plan Width": 108,
                                          "Output": [
                                            "nation.n_name",
                                            "nation.n_nationkey"
                                          ],
                                          "Plans": [
                                            {
                                              "Node Type": "Seq Scan",
                                              "Parent Relationship": "Outer",
                                              "Parallel Aware": false,
                                              "Async Capable": false,
                                              "Relation Name": "nation",
                                              "Schema": "public",
                                              "Alias": "nation",
                                              "Startup Cost": 0.0,
                                              "Total Cost": 1.25,
                                              "Plan Rows": 25,
                                              "Plan Width": 108,
                                              "Output": [
                                                "nation.n_name",
                                                "nation.n_nationkey"
                                              ]
                                            }
                                          ]
                                        }
                                      ]
                                    }
                                  ]
                                }
                              ]
                            }
                          ]
                        }
                      ]
                    }
                  ]
                }
              ]
            }
          ]
        }
      ]
    },
    "JIT": {
      "Functions": 48,
      "Options": {
        "Inlining": false,
        "Optimization": false,
        "Expressions": true,
        "Deforming": true
      }
    }
  }
]
```

---

## 18. Q9_116_seed_943463565.sql

**File Path:** `/Users/brunowinter2000/Documents/Thesis/2025_2026/Plan-Level/Generated_Queries/Q9/Q9_116_seed_943463565.sql`

### EXPLAIN JSON

```json
[
  {
    "Plan": {
      "Node Type": "Sort",
      "Parallel Aware": false,
      "Async Capable": false,
      "Startup Cost": 214629.27,
      "Total Cost": 214779.65,
      "Plan Rows": 60150,
      "Plan Width": 168,
      "Output": [
        "nation.n_name",
        "(EXTRACT(year FROM orders.o_orderdate))",
        "(sum(((lineitem.l_extendedprice * ('1'::numeric - lineitem.l_discount)) - (partsupp.ps_supplycost * lineitem.l_quantity))))"
      ],
      "Sort Key": [
        "nation.n_name",
        "(EXTRACT(year FROM orders.o_orderdate)) DESC"
      ],
      "Plans": [
        {
          "Node Type": "Aggregate",
          "Strategy": "Hashed",
          "Partial Mode": "Finalize",
          "Parent Relationship": "Outer",
          "Parallel Aware": false,
          "Async Capable": false,
          "Startup Cost": 208952.23,
          "Total Cost": 209854.48,
          "Plan Rows": 60150,
          "Plan Width": 168,
          "Output": [
            "nation.n_name",
            "(EXTRACT(year FROM orders.o_orderdate))",
            "sum(((lineitem.l_extendedprice * ('1'::numeric - lineitem.l_discount)) - (partsupp.ps_supplycost * lineitem.l_quantity)))"
          ],
          "Group Key": [
            "nation.n_name",
            "(EXTRACT(year FROM orders.o_orderdate))"
          ],
          "Planned Partitions": 0,
          "Plans": [
            {
              "Node Type": "Gather",
              "Parent Relationship": "Outer",
              "Parallel Aware": false,
              "Async Capable": false,
              "Startup Cost": 176337.04,
              "Total Cost": 206065.93,
              "Plan Rows": 288630,
              "Plan Width": 168,
              "Output": [
                "nation.n_name",
                "(EXTRACT(year FROM orders.o_orderdate))",
                "(PARTIAL sum(((lineitem.l_extendedprice * ('1'::numeric - lineitem.l_discount)) - (partsupp.ps_supplycost * lineitem.l_quantity))))"
              ],
              "Workers Planned": 5,
              "Single Copy": false,
              "Plans": [
                {
                  "Node Type": "Aggregate",
                  "Strategy": "Hashed",
                  "Partial Mode": "Partial",
                  "Parent Relationship": "Outer",
                  "Parallel Aware": false,
                  "Async Capable": false,
                  "Startup Cost": 175337.04,
                  "Total Cost": 176202.93,
                  "Plan Rows": 57726,
                  "Plan Width": 168,
                  "Output": [
                    "nation.n_name",
                    "(EXTRACT(year FROM orders.o_orderdate))",
                    "PARTIAL sum(((lineitem.l_extendedprice * ('1'::numeric - lineitem.l_discount)) - (partsupp.ps_supplycost * lineitem.l_quantity)))"
                  ],
                  "Group Key": [
                    "nation.n_name",
                    "EXTRACT(year FROM orders.o_orderdate)"
                  ],
                  "Planned Partitions": 0,
                  "Plans": [
                    {
                      "Node Type": "Nested Loop",
                      "Parent Relationship": "Outer",
                      "Parallel Aware": false,
                      "Async Capable": false,
                      "Join Type": "Inner",
                      "Startup Cost": 14570.43,
                      "Total Cost": 174326.84,
                      "Plan Rows": 57726,
                      "Plan Width": 159,
                      "Output": [
                        "nation.n_name",
                        "EXTRACT(year FROM orders.o_orderdate)",
                        "lineitem.l_extendedprice",
                        "lineitem.l_discount",
                        "partsupp.ps_supplycost",
                        "lineitem.l_quantity"
                      ],
                      "Inner Unique": true,
                      "Plans": [
                        {
                          "Node Type": "Hash Join",
                          "Parent Relationship": "Outer",
                          "Parallel Aware": true,
                          "Async Capable": false,
                          "Join Type": "Inner",
                          "Startup Cost": 14570.01,
                          "Total Cost": 148174.36,
                          "Plan Rows": 57726,
                          "Plan Width": 131,
                          "Output": [
                            "lineitem.l_extendedprice",
                            "lineitem.l_discount",
                            "lineitem.l_quantity",
                            "lineitem.l_orderkey",
                            "partsupp.ps_supplycost",
                            "nation.n_name"
                          ],
                          "Inner Unique": false,
                          "Hash Cond": "((lineitem.l_suppkey = supplier.s_suppkey) AND (lineitem.l_partkey = partsupp.ps_partkey))",
                          "Plans": [
                            {
                              "Node Type": "Seq Scan",
                              "Parent Relationship": "Outer",
                              "Parallel Aware": true,
                              "Async Capable": false,
                              "Relation Name": "lineitem",
                              "Schema": "public",
                              "Alias": "lineitem",
                              "Startup Cost": 0.0,
                              "Total Cost": 124602.43,
                              "Plan Rows": 1200243,
                              "Plan Width": 29,
                              "Output": [
                                "lineitem.l_orderkey",
                                "lineitem.l_partkey",
                                "lineitem.l_suppkey",
                                "lineitem.l_linenumber",
                                "lineitem.l_quantity",
                                "lineitem.l_extendedprice",
                                "lineitem.l_discount",
                                "lineitem.l_tax",
                                "lineitem.l_returnflag",
                                "lineitem.l_linestatus",
                                "lineitem.l_shipdate",
                                "lineitem.l_commitdate",
                                "lineitem.l_receiptdate",
                                "lineitem.l_shipinstruct",
                                "lineitem.l_shipmode",
                                "lineitem.l_comment"
                              ]
                            },
                            {
                              "Node Type": "Hash",
                              "Parent Relationship": "Inner",
                              "Parallel Aware": true,
                              "Async Capable": false,
                              "Startup Cost": 14329.53,
                              "Total Cost": 14329.53,
                              "Plan Rows": 16032,
                              "Plan Width": 126,
                              "Output": [
                                "part.p_partkey",
                                "partsupp.ps_supplycost",
                                "partsupp.ps_suppkey",
                                "partsupp.ps_partkey",
                                "supplier.s_suppkey",
                                "nation.n_name"
                              ],
                              "Plans": [
                                {
                                  "Node Type": "Hash Join",
                                  "Parent Relationship": "Outer",
                                  "Parallel Aware": false,
                                  "Async Capable": false,
                                  "Join Type": "Inner",
                                  "Startup Cost": 449.99,
                                  "Total Cost": 14329.53,
                                  "Plan Rows": 16032,
                                  "Plan Width": 126,
                                  "Output": [
                                    "part.p_partkey",
                                    "partsupp.ps_supplycost",
                                    "partsupp.ps_suppkey",
                                    "partsupp.ps_partkey",
                                    "supplier.s_suppkey",
                                    "nation.n_name"
                                  ],
                                  "Inner Unique": true,
                                  "Hash Cond": "(supplier.s_nationkey = nation.n_nationkey)",
                                  "Plans": [
                                    {
                                      "Node Type": "Hash Join",
                                      "Parent Relationship": "Outer",
                                      "Parallel Aware": false,
                                      "Async Capable": false,
                                      "Join Type": "Inner",
                                      "Startup Cost": 448.43,
                                      "Total Cost": 14278.75,
                                      "Plan Rows": 16032,
                                      "Plan Width": 26,
                                      "Output": [
                                        "part.p_partkey",
                                        "partsupp.ps_supplycost",
                                        "partsupp.ps_suppkey",
                                        "partsupp.ps_partkey",
                                        "supplier.s_suppkey",
                                        "supplier.s_nationkey"
                                      ],
                                      "Inner Unique": true,
                                      "Hash Cond": "(partsupp.ps_suppkey = supplier.s_suppkey)",
                                      "Plans": [
                                        {
                                          "Node Type": "Nested Loop",
                                          "Parent Relationship": "Outer",
                                          "Parallel Aware": false,
                                          "Async Capable": false,
                                          "Join Type": "Inner",
                                          "Startup Cost": 0.42,
                                          "Total Cost": 13788.64,
                                          "Plan Rows": 16032,
                                          "Plan Width": 18,
                                          "Output": [
                                            "part.p_partkey",
                                            "partsupp.ps_supplycost",
                                            "partsupp.ps_suppkey",
                                            "partsupp.ps_partkey"
                                          ],
                                          "Inner Unique": false,
                                          "Plans": [
                                            {
                                              "Node Type": "Seq Scan",
                                              "Parent Relationship": "Outer",
                                              "Parallel Aware": true,
                                              "Async Capable": false,
                                              "Relation Name": "part",
                                              "Schema": "public",
                                              "Alias": "part",
                                              "Startup Cost": 0.0,
                                              "Total Cost": 5169.67,
                                              "Plan Rows": 4008,
                                              "Plan Width": 4,
                                              "Output": [
                                                "part.p_partkey",
                                                "part.p_name",
                                                "part.p_mfgr",
                                                "part.p_brand",
                                                "part.p_type",
                                                "part.p_size",
                                                "part.p_container",
                                                "part.p_retailprice",
                                                "part.p_comment"
                                              ],
                                              "Filter": "((part.p_name)::text ~~ '%royal%'::text)"
                                            },
                                            {
                                              "Node Type": "Index Scan",
                                              "Parent Relationship": "Inner",
                                              "Parallel Aware": false,
                                              "Async Capable": false,
                                              "Scan Direction": "Forward",
                                              "Index Name": "partsupp_pkey",
                                              "Relation Name": "partsupp",
                                              "Schema": "public",
                                              "Alias": "partsupp",
                                              "Startup Cost": 0.42,
                                              "Total Cost": 2.11,
                                              "Plan Rows": 4,
                                              "Plan Width": 14,
                                              "Output": [
                                                "partsupp.ps_partkey",
                                                "partsupp.ps_suppkey",
                                                "partsupp.ps_availqty",
                                                "partsupp.ps_supplycost",
                                                "partsupp.ps_comment"
                                              ],
                                              "Index Cond": "(partsupp.ps_partkey = part.p_partkey)"
                                            }
                                          ]
                                        },
                                        {
                                          "Node Type": "Hash",
                                          "Parent Relationship": "Inner",
                                          "Parallel Aware": false,
                                          "Async Capable": false,
                                          "Startup Cost": 323.0,
                                          "Total Cost": 323.0,
                                          "Plan Rows": 10000,
                                          "Plan Width": 8,
                                          "Output": [
                                            "supplier.s_suppkey",
                                            "supplier.s_nationkey"
                                          ],
                                          "Plans": [
                                            {
                                              "Node Type": "Seq Scan",
                                              "Parent Relationship": "Outer",
                                              "Parallel Aware": false,
                                              "Async Capable": false,
                                              "Relation Name": "supplier",
                                              "Schema": "public",
                                              "Alias": "supplier",
                                              "Startup Cost": 0.0,
                                              "Total Cost": 323.0,
                                              "Plan Rows": 10000,
                                              "Plan Width": 8,
                                              "Output": [
                                                "supplier.s_suppkey",
                                                "supplier.s_nationkey"
                                              ]
                                            }
                                          ]
                                        }
                                      ]
                                    },
                                    {
                                      "Node Type": "Hash",
                                      "Parent Relationship": "Inner",
                                      "Parallel Aware": false,
                                      "Async Capable": false,
                                      "Startup Cost": 1.25,
                                      "Total Cost": 1.25,
                                      "Plan Rows": 25,
                                      "Plan Width": 108,
                                      "Output": [
                                        "nation.n_name",
                                        "nation.n_nationkey"
                                      ],
                                      "Plans": [
                                        {
                                          "Node Type": "Seq Scan",
                                          "Parent Relationship": "Outer",
                                          "Parallel Aware": false,
                                          "Async Capable": false,
                                          "Relation Name": "nation",
                                          "Schema": "public",
                                          "Alias": "nation",
                                          "Startup Cost": 0.0,
                                          "Total Cost": 1.25,
                                          "Plan Rows": 25,
                                          "Plan Width": 108,
                                          "Output": [
                                            "nation.n_name",
                                            "nation.n_nationkey"
                                          ]
                                        }
                                      ]
                                    }
                                  ]
                                }
                              ]
                            }
                          ]
                        },
                        {
                          "Node Type": "Index Scan",
                          "Parent Relationship": "Inner",
                          "Parallel Aware": false,
                          "Async Capable": false,
                          "Scan Direction": "Forward",
                          "Index Name": "orders_pkey",
                          "Relation Name": "orders",
                          "Schema": "public",
                          "Alias": "orders",
                          "Startup Cost": 0.43,
                          "Total Cost": 0.45,
                          "Plan Rows": 1,
                          "Plan Width": 8,
                          "Output": [
                            "orders.o_orderkey",
                            "orders.o_custkey",
                            "orders.o_orderstatus",
                            "orders.o_totalprice",
                            "orders.o_orderdate",
                            "orders.o_orderpriority",
                            "orders.o_clerk",
                            "orders.o_shippriority",
                            "orders.o_comment"
                          ],
                          "Index Cond": "(orders.o_orderkey = lineitem.l_orderkey)"
                        }
                      ]
                    }
                  ]
                }
              ]
            }
          ]
        }
      ]
    },
    "JIT": {
      "Functions": 43,
      "Options": {
        "Inlining": false,
        "Optimization": false,
        "Expressions": true,
        "Deforming": true
      }
    }
  }
]
```

---

## 19. Q9_117_seed_951667596.sql

**File Path:** `/Users/brunowinter2000/Documents/Thesis/2025_2026/Plan-Level/Generated_Queries/Q9/Q9_117_seed_951667596.sql`

### EXPLAIN JSON

```json
[
  {
    "Plan": {
      "Node Type": "Sort",
      "Parallel Aware": false,
      "Async Capable": false,
      "Startup Cost": 219890.98,
      "Total Cost": 220041.36,
      "Plan Rows": 60150,
      "Plan Width": 168,
      "Output": [
        "nation.n_name",
        "(EXTRACT(year FROM orders.o_orderdate))",
        "(sum(((lineitem.l_extendedprice * ('1'::numeric - lineitem.l_discount)) - (partsupp.ps_supplycost * lineitem.l_quantity))))"
      ],
      "Sort Key": [
        "nation.n_name",
        "(EXTRACT(year FROM orders.o_orderdate)) DESC"
      ],
      "Plans": [
        {
          "Node Type": "Aggregate",
          "Strategy": "Hashed",
          "Partial Mode": "Finalize",
          "Parent Relationship": "Outer",
          "Parallel Aware": false,
          "Async Capable": false,
          "Startup Cost": 214213.94,
          "Total Cost": 215116.19,
          "Plan Rows": 60150,
          "Plan Width": 168,
          "Output": [
            "nation.n_name",
            "(EXTRACT(year FROM orders.o_orderdate))",
            "sum(((lineitem.l_extendedprice * ('1'::numeric - lineitem.l_discount)) - (partsupp.ps_supplycost * lineitem.l_quantity)))"
          ],
          "Group Key": [
            "nation.n_name",
            "(EXTRACT(year FROM orders.o_orderdate))"
          ],
          "Planned Partitions": 0,
          "Plans": [
            {
              "Node Type": "Gather",
              "Parent Relationship": "Outer",
              "Parallel Aware": false,
              "Async Capable": false,
              "Startup Cost": 180229.19,
              "Total Cost": 211206.44,
              "Plan Rows": 300750,
              "Plan Width": 168,
              "Output": [
                "nation.n_name",
                "(EXTRACT(year FROM orders.o_orderdate))",
                "(PARTIAL sum(((lineitem.l_extendedprice * ('1'::numeric - lineitem.l_discount)) - (partsupp.ps_supplycost * lineitem.l_quantity))))"
              ],
              "Workers Planned": 5,
              "Single Copy": false,
              "Plans": [
                {
                  "Node Type": "Aggregate",
                  "Strategy": "Hashed",
                  "Partial Mode": "Partial",
                  "Parent Relationship": "Outer",
                  "Parallel Aware": false,
                  "Async Capable": false,
                  "Startup Cost": 179229.19,
                  "Total Cost": 180131.44,
                  "Plan Rows": 60150,
                  "Plan Width": 168,
                  "Output": [
                    "nation.n_name",
                    "(EXTRACT(year FROM orders.o_orderdate))",
                    "PARTIAL sum(((lineitem.l_extendedprice * ('1'::numeric - lineitem.l_discount)) - (partsupp.ps_supplycost * lineitem.l_quantity)))"
                  ],
                  "Group Key": [
                    "nation.n_name",
                    "EXTRACT(year FROM orders.o_orderdate)"
                  ],
                  "Planned Partitions": 0,
                  "Plans": [
                    {
                      "Node Type": "Nested Loop",
                      "Parent Relationship": "Outer",
                      "Parallel Aware": false,
                      "Async Capable": false,
                      "Join Type": "Inner",
                      "Startup Cost": 15065.71,
                      "Total Cost": 178092.65,
                      "Plan Rows": 64945,
                      "Plan Width": 159,
                      "Output": [
                        "nation.n_name",
                        "EXTRACT(year FROM orders.o_orderdate)",
                        "lineitem.l_extendedprice",
                        "lineitem.l_discount",
                        "partsupp.ps_supplycost",
                        "lineitem.l_quantity"
                      ],
                      "Inner Unique": true,
                      "Plans": [
                        {
                          "Node Type": "Hash Join",
                          "Parent Relationship": "Outer",
                          "Parallel Aware": true,
                          "Async Capable": false,
                          "Join Type": "Inner",
                          "Startup Cost": 15065.28,
                          "Total Cost": 148669.64,
                          "Plan Rows": 64945,
                          "Plan Width": 131,
                          "Output": [
                            "lineitem.l_extendedprice",
                            "lineitem.l_discount",
                            "lineitem.l_quantity",
                            "lineitem.l_orderkey",
                            "partsupp.ps_supplycost",
                            "nation.n_name"
                          ],
                          "Inner Unique": false,
                          "Hash Cond": "((lineitem.l_suppkey = supplier.s_suppkey) AND (lineitem.l_partkey = partsupp.ps_partkey))",
                          "Plans": [
                            {
                              "Node Type": "Seq Scan",
                              "Parent Relationship": "Outer",
                              "Parallel Aware": true,
                              "Async Capable": false,
                              "Relation Name": "lineitem",
                              "Schema": "public",
                              "Alias": "lineitem",
                              "Startup Cost": 0.0,
                              "Total Cost": 124602.43,
                              "Plan Rows": 1200243,
                              "Plan Width": 29,
                              "Output": [
                                "lineitem.l_orderkey",
                                "lineitem.l_partkey",
                                "lineitem.l_suppkey",
                                "lineitem.l_linenumber",
                                "lineitem.l_quantity",
                                "lineitem.l_extendedprice",
                                "lineitem.l_discount",
                                "lineitem.l_tax",
                                "lineitem.l_returnflag",
                                "lineitem.l_linestatus",
                                "lineitem.l_shipdate",
                                "lineitem.l_commitdate",
                                "lineitem.l_receiptdate",
                                "lineitem.l_shipinstruct",
                                "lineitem.l_shipmode",
                                "lineitem.l_comment"
                              ]
                            },
                            {
                              "Node Type": "Hash",
                              "Parent Relationship": "Inner",
                              "Parallel Aware": true,
                              "Async Capable": false,
                              "Startup Cost": 14794.72,
                              "Total Cost": 14794.72,
                              "Plan Rows": 18037,
                              "Plan Width": 126,
                              "Output": [
                                "part.p_partkey",
                                "partsupp.ps_supplycost",
                                "partsupp.ps_suppkey",
                                "partsupp.ps_partkey",
                                "supplier.s_suppkey",
                                "nation.n_name"
                              ],
                              "Plans": [
                                {
                                  "Node Type": "Hash Join",
                                  "Parent Relationship": "Outer",
                                  "Parallel Aware": false,
                                  "Async Capable": false,
                                  "Join Type": "Inner",
                                  "Startup Cost": 449.99,
                                  "Total Cost": 14794.72,
                                  "Plan Rows": 18037,
                                  "Plan Width": 126,
                                  "Output": [
                                    "part.p_partkey",
                                    "partsupp.ps_supplycost",
                                    "partsupp.ps_suppkey",
                                    "partsupp.ps_partkey",
                                    "supplier.s_suppkey",
                                    "nation.n_name"
                                  ],
                                  "Inner Unique": true,
                                  "Hash Cond": "(supplier.s_nationkey = nation.n_nationkey)",
                                  "Plans": [
                                    {
                                      "Node Type": "Hash Join",
                                      "Parent Relationship": "Outer",
                                      "Parallel Aware": false,
                                      "Async Capable": false,
                                      "Join Type": "Inner",
                                      "Startup Cost": 448.43,
                                      "Total Cost": 14737.79,
                                      "Plan Rows": 18037,
                                      "Plan Width": 26,
                                      "Output": [
                                        "part.p_partkey",
                                        "partsupp.ps_supplycost",
                                        "partsupp.ps_suppkey",
                                        "partsupp.ps_partkey",
                                        "supplier.s_suppkey",
                                        "supplier.s_nationkey"
                                      ],
                                      "Inner Unique": true,
                                      "Hash Cond": "(partsupp.ps_suppkey = supplier.s_suppkey)",
                                      "Plans": [
                                        {
                                          "Node Type": "Nested Loop",
                                          "Parent Relationship": "Outer",
                                          "Parallel Aware": false,
                                          "Async Capable": false,
                                          "Join Type": "Inner",
                                          "Startup Cost": 0.42,
                                          "Total Cost": 14242.42,
                                          "Plan Rows": 18037,
                                          "Plan Width": 18,
                                          "Output": [
                                            "part.p_partkey",
                                            "partsupp.ps_supplycost",
                                            "partsupp.ps_suppkey",
                                            "partsupp.ps_partkey"
                                          ],
                                          "Inner Unique": false,
                                          "Plans": [
                                            {
                                              "Node Type": "Seq Scan",
                                              "Parent Relationship": "Outer",
                                              "Parallel Aware": true,
                                              "Async Capable": false,
                                              "Relation Name": "part",
                                              "Schema": "public",
                                              "Alias": "part",
                                              "Startup Cost": 0.0,
                                              "Total Cost": 5169.67,
                                              "Plan Rows": 4509,
                                              "Plan Width": 4,
                                              "Output": [
                                                "part.p_partkey",
                                                "part.p_name",
                                                "part.p_mfgr",
                                                "part.p_brand",
                                                "part.p_type",
                                                "part.p_size",
                                                "part.p_container",
                                                "part.p_retailprice",
                                                "part.p_comment"
                                              ],
                                              "Filter": "((part.p_name)::text ~~ '%drab%'::text)"
                                            },
                                            {
                                              "Node Type": "Index Scan",
                                              "Parent Relationship": "Inner",
                                              "Parallel Aware": false,
                                              "Async Capable": false,
                                              "Scan Direction": "Forward",
                                              "Index Name": "partsupp_pkey",
                                              "Relation Name": "partsupp",
                                              "Schema": "public",
                                              "Alias": "partsupp",
                                              "Startup Cost": 0.42,
                                              "Total Cost": 1.97,
                                              "Plan Rows": 4,
                                              "Plan Width": 14,
                                              "Output": [
                                                "partsupp.ps_partkey",
                                                "partsupp.ps_suppkey",
                                                "partsupp.ps_availqty",
                                                "partsupp.ps_supplycost",
                                                "partsupp.ps_comment"
                                              ],
                                              "Index Cond": "(partsupp.ps_partkey = part.p_partkey)"
                                            }
                                          ]
                                        },
                                        {
                                          "Node Type": "Hash",
                                          "Parent Relationship": "Inner",
                                          "Parallel Aware": false,
                                          "Async Capable": false,
                                          "Startup Cost": 323.0,
                                          "Total Cost": 323.0,
                                          "Plan Rows": 10000,
                                          "Plan Width": 8,
                                          "Output": [
                                            "supplier.s_suppkey",
                                            "supplier.s_nationkey"
                                          ],
                                          "Plans": [
                                            {
                                              "Node Type": "Seq Scan",
                                              "Parent Relationship": "Outer",
                                              "Parallel Aware": false,
                                              "Async Capable": false,
                                              "Relation Name": "supplier",
                                              "Schema": "public",
                                              "Alias": "supplier",
                                              "Startup Cost": 0.0,
                                              "Total Cost": 323.0,
                                              "Plan Rows": 10000,
                                              "Plan Width": 8,
                                              "Output": [
                                                "supplier.s_suppkey",
                                                "supplier.s_nationkey"
                                              ]
                                            }
                                          ]
                                        }
                                      ]
                                    },
                                    {
                                      "Node Type": "Hash",
                                      "Parent Relationship": "Inner",
                                      "Parallel Aware": false,
                                      "Async Capable": false,
                                      "Startup Cost": 1.25,
                                      "Total Cost": 1.25,
                                      "Plan Rows": 25,
                                      "Plan Width": 108,
                                      "Output": [
                                        "nation.n_name",
                                        "nation.n_nationkey"
                                      ],
                                      "Plans": [
                                        {
                                          "Node Type": "Seq Scan",
                                          "Parent Relationship": "Outer",
                                          "Parallel Aware": false,
                                          "Async Capable": false,
                                          "Relation Name": "nation",
                                          "Schema": "public",
                                          "Alias": "nation",
                                          "Startup Cost": 0.0,
                                          "Total Cost": 1.25,
                                          "Plan Rows": 25,
                                          "Plan Width": 108,
                                          "Output": [
                                            "nation.n_name",
                                            "nation.n_nationkey"
                                          ]
                                        }
                                      ]
                                    }
                                  ]
                                }
                              ]
                            }
                          ]
                        },
                        {
                          "Node Type": "Index Scan",
                          "Parent Relationship": "Inner",
                          "Parallel Aware": false,
                          "Async Capable": false,
                          "Scan Direction": "Forward",
                          "Index Name": "orders_pkey",
                          "Relation Name": "orders",
                          "Schema": "public",
                          "Alias": "orders",
                          "Startup Cost": 0.43,
                          "Total Cost": 0.45,
                          "Plan Rows": 1,
                          "Plan Width": 8,
                          "Output": [
                            "orders.o_orderkey",
                            "orders.o_custkey",
                            "orders.o_orderstatus",
                            "orders.o_totalprice",
                            "orders.o_orderdate",
                            "orders.o_orderpriority",
                            "orders.o_clerk",
                            "orders.o_shippriority",
                            "orders.o_comment"
                          ],
                          "Index Cond": "(orders.o_orderkey = lineitem.l_orderkey)"
                        }
                      ]
                    }
                  ]
                }
              ]
            }
          ]
        }
      ]
    },
    "JIT": {
      "Functions": 43,
      "Options": {
        "Inlining": false,
        "Optimization": false,
        "Expressions": true,
        "Deforming": true
      }
    }
  }
]
```

---

## 20. Q9_118_seed_959871627.sql

**File Path:** `/Users/brunowinter2000/Documents/Thesis/2025_2026/Plan-Level/Generated_Queries/Q9/Q9_118_seed_959871627.sql`

### EXPLAIN JSON

```json
[
  {
    "Plan": {
      "Node Type": "Sort",
      "Parallel Aware": false,
      "Async Capable": false,
      "Startup Cost": 221184.19,
      "Total Cost": 221334.56,
      "Plan Rows": 60150,
      "Plan Width": 168,
      "Output": [
        "nation.n_name",
        "(EXTRACT(year FROM orders.o_orderdate))",
        "(sum(((lineitem.l_extendedprice * ('1'::numeric - lineitem.l_discount)) - (partsupp.ps_supplycost * lineitem.l_quantity))))"
      ],
      "Sort Key": [
        "nation.n_name",
        "(EXTRACT(year FROM orders.o_orderdate)) DESC"
      ],
      "Plans": [
        {
          "Node Type": "Aggregate",
          "Strategy": "Hashed",
          "Partial Mode": "Finalize",
          "Parent Relationship": "Outer",
          "Parallel Aware": false,
          "Async Capable": false,
          "Startup Cost": 215507.15,
          "Total Cost": 216409.4,
          "Plan Rows": 60150,
          "Plan Width": 168,
          "Output": [
            "nation.n_name",
            "(EXTRACT(year FROM orders.o_orderdate))",
            "sum(((lineitem.l_extendedprice * ('1'::numeric - lineitem.l_discount)) - (partsupp.ps_supplycost * lineitem.l_quantity)))"
          ],
          "Group Key": [
            "nation.n_name",
            "(EXTRACT(year FROM orders.o_orderdate))"
          ],
          "Planned Partitions": 0,
          "Plans": [
            {
              "Node Type": "Gather",
              "Parent Relationship": "Outer",
              "Parallel Aware": false,
              "Async Capable": false,
              "Startup Cost": 181522.4,
              "Total Cost": 212499.65,
              "Plan Rows": 300750,
              "Plan Width": 168,
              "Output": [
                "nation.n_name",
                "(EXTRACT(year FROM orders.o_orderdate))",
                "(PARTIAL sum(((lineitem.l_extendedprice * ('1'::numeric - lineitem.l_discount)) - (partsupp.ps_supplycost * lineitem.l_quantity))))"
              ],
              "Workers Planned": 5,
              "Single Copy": false,
              "Plans": [
                {
                  "Node Type": "Aggregate",
                  "Strategy": "Hashed",
                  "Partial Mode": "Partial",
                  "Parent Relationship": "Outer",
                  "Parallel Aware": false,
                  "Async Capable": false,
                  "Startup Cost": 180522.4,
                  "Total Cost": 181424.65,
                  "Plan Rows": 60150,
                  "Plan Width": 168,
                  "Output": [
                    "nation.n_name",
                    "(EXTRACT(year FROM orders.o_orderdate))",
                    "PARTIAL sum(((lineitem.l_extendedprice * ('1'::numeric - lineitem.l_discount)) - (partsupp.ps_supplycost * lineitem.l_quantity)))"
                  ],
                  "Group Key": [
                    "nation.n_name",
                    "EXTRACT(year FROM orders.o_orderdate)"
                  ],
                  "Planned Partitions": 0,
                  "Plans": [
                    {
                      "Node Type": "Nested Loop",
                      "Parent Relationship": "Outer",
                      "Parallel Aware": false,
                      "Async Capable": false,
                      "Join Type": "Inner",
                      "Startup Cost": 15229.13,
                      "Total Cost": 179343.84,
                      "Plan Rows": 67346,
                      "Plan Width": 159,
                      "Output": [
                        "nation.n_name",
                        "EXTRACT(year FROM orders.o_orderdate)",
                        "lineitem.l_extendedprice",
                        "lineitem.l_discount",
                        "partsupp.ps_supplycost",
                        "lineitem.l_quantity"
                      ],
                      "Inner Unique": true,
                      "Plans": [
                        {
                          "Node Type": "Hash Join",
                          "Parent Relationship": "Outer",
                          "Parallel Aware": true,
                          "Async Capable": false,
                          "Join Type": "Inner",
                          "Startup Cost": 15228.71,
                          "Total Cost": 148833.07,
                          "Plan Rows": 67346,
                          "Plan Width": 131,
                          "Output": [
                            "lineitem.l_extendedprice",
                            "lineitem.l_discount",
                            "lineitem.l_quantity",
                            "lineitem.l_orderkey",
                            "partsupp.ps_supplycost",
                            "nation.n_name"
                          ],
                          "Inner Unique": false,
                          "Hash Cond": "((lineitem.l_suppkey = supplier.s_suppkey) AND (lineitem.l_partkey = partsupp.ps_partkey))",
                          "Plans": [
                            {
                              "Node Type": "Seq Scan",
                              "Parent Relationship": "Outer",
                              "Parallel Aware": true,
                              "Async Capable": false,
                              "Relation Name": "lineitem",
                              "Schema": "public",
                              "Alias": "lineitem",
                              "Startup Cost": 0.0,
                              "Total Cost": 124602.43,
                              "Plan Rows": 1200243,
                              "Plan Width": 29,
                              "Output": [
                                "lineitem.l_orderkey",
                                "lineitem.l_partkey",
                                "lineitem.l_suppkey",
                                "lineitem.l_linenumber",
                                "lineitem.l_quantity",
                                "lineitem.l_extendedprice",
                                "lineitem.l_discount",
                                "lineitem.l_tax",
                                "lineitem.l_returnflag",
                                "lineitem.l_linestatus",
                                "lineitem.l_shipdate",
                                "lineitem.l_commitdate",
                                "lineitem.l_receiptdate",
                                "lineitem.l_shipinstruct",
                                "lineitem.l_shipmode",
                                "lineitem.l_comment"
                              ]
                            },
                            {
                              "Node Type": "Hash",
                              "Parent Relationship": "Inner",
                              "Parallel Aware": true,
                              "Async Capable": false,
                              "Startup Cost": 14948.16,
                              "Total Cost": 14948.16,
                              "Plan Rows": 18703,
                              "Plan Width": 126,
                              "Output": [
                                "part.p_partkey",
                                "partsupp.ps_supplycost",
                                "partsupp.ps_suppkey",
                                "partsupp.ps_partkey",
                                "supplier.s_suppkey",
                                "nation.n_name"
                              ],
                              "Plans": [
                                {
                                  "Node Type": "Hash Join",
                                  "Parent Relationship": "Outer",
                                  "Parallel Aware": false,
                                  "Async Capable": false,
                                  "Join Type": "Inner",
                                  "Startup Cost": 449.99,
                                  "Total Cost": 14948.16,
                                  "Plan Rows": 18703,
                                  "Plan Width": 126,
                                  "Output": [
                                    "part.p_partkey",
                                    "partsupp.ps_supplycost",
                                    "partsupp.ps_suppkey",
                                    "partsupp.ps_partkey",
                                    "supplier.s_suppkey",
                                    "nation.n_name"
                                  ],
                                  "Inner Unique": true,
                                  "Hash Cond": "(supplier.s_nationkey = nation.n_nationkey)",
                                  "Plans": [
                                    {
                                      "Node Type": "Hash Join",
                                      "Parent Relationship": "Outer",
                                      "Parallel Aware": false,
                                      "Async Capable": false,
                                      "Join Type": "Inner",
                                      "Startup Cost": 448.43,
                                      "Total Cost": 14889.18,
                                      "Plan Rows": 18703,
                                      "Plan Width": 26,
                                      "Output": [
                                        "part.p_partkey",
                                        "partsupp.ps_supplycost",
                                        "partsupp.ps_suppkey",
                                        "partsupp.ps_partkey",
                                        "supplier.s_suppkey",
                                        "supplier.s_nationkey"
                                      ],
                                      "Inner Unique": true,
                                      "Hash Cond": "(partsupp.ps_suppkey = supplier.s_suppkey)",
                                      "Plans": [
                                        {
                                          "Node Type": "Nested Loop",
                                          "Parent Relationship": "Outer",
                                          "Parallel Aware": false,
                                          "Async Capable": false,
                                          "Join Type": "Inner",
                                          "Startup Cost": 0.42,
                                          "Total Cost": 14392.06,
                                          "Plan Rows": 18703,
                                          "Plan Width": 18,
                                          "Output": [
                                            "part.p_partkey",
                                            "partsupp.ps_supplycost",
                                            "partsupp.ps_suppkey",
                                            "partsupp.ps_partkey"
                                          ],
                                          "Inner Unique": false,
                                          "Plans": [
                                            {
                                              "Node Type": "Seq Scan",
                                              "Parent Relationship": "Outer",
                                              "Parallel Aware": true,
                                              "Async Capable": false,
                                              "Relation Name": "part",
                                              "Schema": "public",
                                              "Alias": "part",
                                              "Startup Cost": 0.0,
                                              "Total Cost": 5169.67,
                                              "Plan Rows": 4676,
                                              "Plan Width": 4,
                                              "Output": [
                                                "part.p_partkey",
                                                "part.p_name",
                                                "part.p_mfgr",
                                                "part.p_brand",
                                                "part.p_type",
                                                "part.p_size",
                                                "part.p_container",
                                                "part.p_retailprice",
                                                "part.p_comment"
                                              ],
                                              "Filter": "((part.p_name)::text ~~ '%rosy%'::text)"
                                            },
                                            {
                                              "Node Type": "Index Scan",
                                              "Parent Relationship": "Inner",
                                              "Parallel Aware": false,
                                              "Async Capable": false,
                                              "Scan Direction": "Forward",
                                              "Index Name": "partsupp_pkey",
                                              "Relation Name": "partsupp",
                                              "Schema": "public",
                                              "Alias": "partsupp",
                                              "Startup Cost": 0.42,
                                              "Total Cost": 1.93,
                                              "Plan Rows": 4,
                                              "Plan Width": 14,
                                              "Output": [
                                                "partsupp.ps_partkey",
                                                "partsupp.ps_suppkey",
                                                "partsupp.ps_availqty",
                                                "partsupp.ps_supplycost",
                                                "partsupp.ps_comment"
                                              ],
                                              "Index Cond": "(partsupp.ps_partkey = part.p_partkey)"
                                            }
                                          ]
                                        },
                                        {
                                          "Node Type": "Hash",
                                          "Parent Relationship": "Inner",
                                          "Parallel Aware": false,
                                          "Async Capable": false,
                                          "Startup Cost": 323.0,
                                          "Total Cost": 323.0,
                                          "Plan Rows": 10000,
                                          "Plan Width": 8,
                                          "Output": [
                                            "supplier.s_suppkey",
                                            "supplier.s_nationkey"
                                          ],
                                          "Plans": [
                                            {
                                              "Node Type": "Seq Scan",
                                              "Parent Relationship": "Outer",
                                              "Parallel Aware": false,
                                              "Async Capable": false,
                                              "Relation Name": "supplier",
                                              "Schema": "public",
                                              "Alias": "supplier",
                                              "Startup Cost": 0.0,
                                              "Total Cost": 323.0,
                                              "Plan Rows": 10000,
                                              "Plan Width": 8,
                                              "Output": [
                                                "supplier.s_suppkey",
                                                "supplier.s_nationkey"
                                              ]
                                            }
                                          ]
                                        }
                                      ]
                                    },
                                    {
                                      "Node Type": "Hash",
                                      "Parent Relationship": "Inner",
                                      "Parallel Aware": false,
                                      "Async Capable": false,
                                      "Startup Cost": 1.25,
                                      "Total Cost": 1.25,
                                      "Plan Rows": 25,
                                      "Plan Width": 108,
                                      "Output": [
                                        "nation.n_name",
                                        "nation.n_nationkey"
                                      ],
                                      "Plans": [
                                        {
                                          "Node Type": "Seq Scan",
                                          "Parent Relationship": "Outer",
                                          "Parallel Aware": false,
                                          "Async Capable": false,
                                          "Relation Name": "nation",
                                          "Schema": "public",
                                          "Alias": "nation",
                                          "Startup Cost": 0.0,
                                          "Total Cost": 1.25,
                                          "Plan Rows": 25,
                                          "Plan Width": 108,
                                          "Output": [
                                            "nation.n_name",
                                            "nation.n_nationkey"
                                          ]
                                        }
                                      ]
                                    }
                                  ]
                                }
                              ]
                            }
                          ]
                        },
                        {
                          "Node Type": "Index Scan",
                          "Parent Relationship": "Inner",
                          "Parallel Aware": false,
                          "Async Capable": false,
                          "Scan Direction": "Forward",
                          "Index Name": "orders_pkey",
                          "Relation Name": "orders",
                          "Schema": "public",
                          "Alias": "orders",
                          "Startup Cost": 0.43,
                          "Total Cost": 0.45,
                          "Plan Rows": 1,
                          "Plan Width": 8,
                          "Output": [
                            "orders.o_orderkey",
                            "orders.o_custkey",
                            "orders.o_orderstatus",
                            "orders.o_totalprice",
                            "orders.o_orderdate",
                            "orders.o_orderpriority",
                            "orders.o_clerk",
                            "orders.o_shippriority",
                            "orders.o_comment"
                          ],
                          "Index Cond": "(orders.o_orderkey = lineitem.l_orderkey)"
                        }
                      ]
                    }
                  ]
                }
              ]
            }
          ]
        }
      ]
    },
    "JIT": {
      "Functions": 43,
      "Options": {
        "Inlining": false,
        "Optimization": false,
        "Expressions": true,
        "Deforming": true
      }
    }
  }
]
```

---

## 21. Q9_119_seed_968075658.sql

**File Path:** `/Users/brunowinter2000/Documents/Thesis/2025_2026/Plan-Level/Generated_Queries/Q9/Q9_119_seed_968075658.sql`

### EXPLAIN JSON

```json
[
  {
    "Plan": {
      "Node Type": "Sort",
      "Parallel Aware": false,
      "Async Capable": false,
      "Startup Cost": 219890.98,
      "Total Cost": 220041.36,
      "Plan Rows": 60150,
      "Plan Width": 168,
      "Output": [
        "nation.n_name",
        "(EXTRACT(year FROM orders.o_orderdate))",
        "(sum(((lineitem.l_extendedprice * ('1'::numeric - lineitem.l_discount)) - (partsupp.ps_supplycost * lineitem.l_quantity))))"
      ],
      "Sort Key": [
        "nation.n_name",
        "(EXTRACT(year FROM orders.o_orderdate)) DESC"
      ],
      "Plans": [
        {
          "Node Type": "Aggregate",
          "Strategy": "Hashed",
          "Partial Mode": "Finalize",
          "Parent Relationship": "Outer",
          "Parallel Aware": false,
          "Async Capable": false,
          "Startup Cost": 214213.94,
          "Total Cost": 215116.19,
          "Plan Rows": 60150,
          "Plan Width": 168,
          "Output": [
            "nation.n_name",
            "(EXTRACT(year FROM orders.o_orderdate))",
            "sum(((lineitem.l_extendedprice * ('1'::numeric - lineitem.l_discount)) - (partsupp.ps_supplycost * lineitem.l_quantity)))"
          ],
          "Group Key": [
            "nation.n_name",
            "(EXTRACT(year FROM orders.o_orderdate))"
          ],
          "Planned Partitions": 0,
          "Plans": [
            {
              "Node Type": "Gather",
              "Parent Relationship": "Outer",
              "Parallel Aware": false,
              "Async Capable": false,
              "Startup Cost": 180229.19,
              "Total Cost": 211206.44,
              "Plan Rows": 300750,
              "Plan Width": 168,
              "Output": [
                "nation.n_name",
                "(EXTRACT(year FROM orders.o_orderdate))",
                "(PARTIAL sum(((lineitem.l_extendedprice * ('1'::numeric - lineitem.l_discount)) - (partsupp.ps_supplycost * lineitem.l_quantity))))"
              ],
              "Workers Planned": 5,
              "Single Copy": false,
              "Plans": [
                {
                  "Node Type": "Aggregate",
                  "Strategy": "Hashed",
                  "Partial Mode": "Partial",
                  "Parent Relationship": "Outer",
                  "Parallel Aware": false,
                  "Async Capable": false,
                  "Startup Cost": 179229.19,
                  "Total Cost": 180131.44,
                  "Plan Rows": 60150,
                  "Plan Width": 168,
                  "Output": [
                    "nation.n_name",
                    "(EXTRACT(year FROM orders.o_orderdate))",
                    "PARTIAL sum(((lineitem.l_extendedprice * ('1'::numeric - lineitem.l_discount)) - (partsupp.ps_supplycost * lineitem.l_quantity)))"
                  ],
                  "Group Key": [
                    "nation.n_name",
                    "EXTRACT(year FROM orders.o_orderdate)"
                  ],
                  "Planned Partitions": 0,
                  "Plans": [
                    {
                      "Node Type": "Nested Loop",
                      "Parent Relationship": "Outer",
                      "Parallel Aware": false,
                      "Async Capable": false,
                      "Join Type": "Inner",
                      "Startup Cost": 15065.71,
                      "Total Cost": 178092.65,
                      "Plan Rows": 64945,
                      "Plan Width": 159,
                      "Output": [
                        "nation.n_name",
                        "EXTRACT(year FROM orders.o_orderdate)",
                        "lineitem.l_extendedprice",
                        "lineitem.l_discount",
                        "partsupp.ps_supplycost",
                        "lineitem.l_quantity"
                      ],
                      "Inner Unique": true,
                      "Plans": [
                        {
                          "Node Type": "Hash Join",
                          "Parent Relationship": "Outer",
                          "Parallel Aware": true,
                          "Async Capable": false,
                          "Join Type": "Inner",
                          "Startup Cost": 15065.28,
                          "Total Cost": 148669.64,
                          "Plan Rows": 64945,
                          "Plan Width": 131,
                          "Output": [
                            "lineitem.l_extendedprice",
                            "lineitem.l_discount",
                            "lineitem.l_quantity",
                            "lineitem.l_orderkey",
                            "partsupp.ps_supplycost",
                            "nation.n_name"
                          ],
                          "Inner Unique": false,
                          "Hash Cond": "((lineitem.l_suppkey = supplier.s_suppkey) AND (lineitem.l_partkey = partsupp.ps_partkey))",
                          "Plans": [
                            {
                              "Node Type": "Seq Scan",
                              "Parent Relationship": "Outer",
                              "Parallel Aware": true,
                              "Async Capable": false,
                              "Relation Name": "lineitem",
                              "Schema": "public",
                              "Alias": "lineitem",
                              "Startup Cost": 0.0,
                              "Total Cost": 124602.43,
                              "Plan Rows": 1200243,
                              "Plan Width": 29,
                              "Output": [
                                "lineitem.l_orderkey",
                                "lineitem.l_partkey",
                                "lineitem.l_suppkey",
                                "lineitem.l_linenumber",
                                "lineitem.l_quantity",
                                "lineitem.l_extendedprice",
                                "lineitem.l_discount",
                                "lineitem.l_tax",
                                "lineitem.l_returnflag",
                                "lineitem.l_linestatus",
                                "lineitem.l_shipdate",
                                "lineitem.l_commitdate",
                                "lineitem.l_receiptdate",
                                "lineitem.l_shipinstruct",
                                "lineitem.l_shipmode",
                                "lineitem.l_comment"
                              ]
                            },
                            {
                              "Node Type": "Hash",
                              "Parent Relationship": "Inner",
                              "Parallel Aware": true,
                              "Async Capable": false,
                              "Startup Cost": 14794.72,
                              "Total Cost": 14794.72,
                              "Plan Rows": 18037,
                              "Plan Width": 126,
                              "Output": [
                                "part.p_partkey",
                                "partsupp.ps_supplycost",
                                "partsupp.ps_suppkey",
                                "partsupp.ps_partkey",
                                "supplier.s_suppkey",
                                "nation.n_name"
                              ],
                              "Plans": [
                                {
                                  "Node Type": "Hash Join",
                                  "Parent Relationship": "Outer",
                                  "Parallel Aware": false,
                                  "Async Capable": false,
                                  "Join Type": "Inner",
                                  "Startup Cost": 449.99,
                                  "Total Cost": 14794.72,
                                  "Plan Rows": 18037,
                                  "Plan Width": 126,
                                  "Output": [
                                    "part.p_partkey",
                                    "partsupp.ps_supplycost",
                                    "partsupp.ps_suppkey",
                                    "partsupp.ps_partkey",
                                    "supplier.s_suppkey",
                                    "nation.n_name"
                                  ],
                                  "Inner Unique": true,
                                  "Hash Cond": "(supplier.s_nationkey = nation.n_nationkey)",
                                  "Plans": [
                                    {
                                      "Node Type": "Hash Join",
                                      "Parent Relationship": "Outer",
                                      "Parallel Aware": false,
                                      "Async Capable": false,
                                      "Join Type": "Inner",
                                      "Startup Cost": 448.43,
                                      "Total Cost": 14737.79,
                                      "Plan Rows": 18037,
                                      "Plan Width": 26,
                                      "Output": [
                                        "part.p_partkey",
                                        "partsupp.ps_supplycost",
                                        "partsupp.ps_suppkey",
                                        "partsupp.ps_partkey",
                                        "supplier.s_suppkey",
                                        "supplier.s_nationkey"
                                      ],
                                      "Inner Unique": true,
                                      "Hash Cond": "(partsupp.ps_suppkey = supplier.s_suppkey)",
                                      "Plans": [
                                        {
                                          "Node Type": "Nested Loop",
                                          "Parent Relationship": "Outer",
                                          "Parallel Aware": false,
                                          "Async Capable": false,
                                          "Join Type": "Inner",
                                          "Startup Cost": 0.42,
                                          "Total Cost": 14242.42,
                                          "Plan Rows": 18037,
                                          "Plan Width": 18,
                                          "Output": [
                                            "part.p_partkey",
                                            "partsupp.ps_supplycost",
                                            "partsupp.ps_suppkey",
                                            "partsupp.ps_partkey"
                                          ],
                                          "Inner Unique": false,
                                          "Plans": [
                                            {
                                              "Node Type": "Seq Scan",
                                              "Parent Relationship": "Outer",
                                              "Parallel Aware": true,
                                              "Async Capable": false,
                                              "Relation Name": "part",
                                              "Schema": "public",
                                              "Alias": "part",
                                              "Startup Cost": 0.0,
                                              "Total Cost": 5169.67,
                                              "Plan Rows": 4509,
                                              "Plan Width": 4,
                                              "Output": [
                                                "part.p_partkey",
                                                "part.p_name",
                                                "part.p_mfgr",
                                                "part.p_brand",
                                                "part.p_type",
                                                "part.p_size",
                                                "part.p_container",
                                                "part.p_retailprice",
                                                "part.p_comment"
                                              ],
                                              "Filter": "((part.p_name)::text ~~ '%dodger%'::text)"
                                            },
                                            {
                                              "Node Type": "Index Scan",
                                              "Parent Relationship": "Inner",
                                              "Parallel Aware": false,
                                              "Async Capable": false,
                                              "Scan Direction": "Forward",
                                              "Index Name": "partsupp_pkey",
                                              "Relation Name": "partsupp",
                                              "Schema": "public",
                                              "Alias": "partsupp",
                                              "Startup Cost": 0.42,
                                              "Total Cost": 1.97,
                                              "Plan Rows": 4,
                                              "Plan Width": 14,
                                              "Output": [
                                                "partsupp.ps_partkey",
                                                "partsupp.ps_suppkey",
                                                "partsupp.ps_availqty",
                                                "partsupp.ps_supplycost",
                                                "partsupp.ps_comment"
                                              ],
                                              "Index Cond": "(partsupp.ps_partkey = part.p_partkey)"
                                            }
                                          ]
                                        },
                                        {
                                          "Node Type": "Hash",
                                          "Parent Relationship": "Inner",
                                          "Parallel Aware": false,
                                          "Async Capable": false,
                                          "Startup Cost": 323.0,
                                          "Total Cost": 323.0,
                                          "Plan Rows": 10000,
                                          "Plan Width": 8,
                                          "Output": [
                                            "supplier.s_suppkey",
                                            "supplier.s_nationkey"
                                          ],
                                          "Plans": [
                                            {
                                              "Node Type": "Seq Scan",
                                              "Parent Relationship": "Outer",
                                              "Parallel Aware": false,
                                              "Async Capable": false,
                                              "Relation Name": "supplier",
                                              "Schema": "public",
                                              "Alias": "supplier",
                                              "Startup Cost": 0.0,
                                              "Total Cost": 323.0,
                                              "Plan Rows": 10000,
                                              "Plan Width": 8,
                                              "Output": [
                                                "supplier.s_suppkey",
                                                "supplier.s_nationkey"
                                              ]
                                            }
                                          ]
                                        }
                                      ]
                                    },
                                    {
                                      "Node Type": "Hash",
                                      "Parent Relationship": "Inner",
                                      "Parallel Aware": false,
                                      "Async Capable": false,
                                      "Startup Cost": 1.25,
                                      "Total Cost": 1.25,
                                      "Plan Rows": 25,
                                      "Plan Width": 108,
                                      "Output": [
                                        "nation.n_name",
                                        "nation.n_nationkey"
                                      ],
                                      "Plans": [
                                        {
                                          "Node Type": "Seq Scan",
                                          "Parent Relationship": "Outer",
                                          "Parallel Aware": false,
                                          "Async Capable": false,
                                          "Relation Name": "nation",
                                          "Schema": "public",
                                          "Alias": "nation",
                                          "Startup Cost": 0.0,
                                          "Total Cost": 1.25,
                                          "Plan Rows": 25,
                                          "Plan Width": 108,
                                          "Output": [
                                            "nation.n_name",
                                            "nation.n_nationkey"
                                          ]
                                        }
                                      ]
                                    }
                                  ]
                                }
                              ]
                            }
                          ]
                        },
                        {
                          "Node Type": "Index Scan",
                          "Parent Relationship": "Inner",
                          "Parallel Aware": false,
                          "Async Capable": false,
                          "Scan Direction": "Forward",
                          "Index Name": "orders_pkey",
                          "Relation Name": "orders",
                          "Schema": "public",
                          "Alias": "orders",
                          "Startup Cost": 0.43,
                          "Total Cost": 0.45,
                          "Plan Rows": 1,
                          "Plan Width": 8,
                          "Output": [
                            "orders.o_orderkey",
                            "orders.o_custkey",
                            "orders.o_orderstatus",
                            "orders.o_totalprice",
                            "orders.o_orderdate",
                            "orders.o_orderpriority",
                            "orders.o_clerk",
                            "orders.o_shippriority",
                            "orders.o_comment"
                          ],
                          "Index Cond": "(orders.o_orderkey = lineitem.l_orderkey)"
                        }
                      ]
                    }
                  ]
                }
              ]
            }
          ]
        }
      ]
    },
    "JIT": {
      "Functions": 43,
      "Options": {
        "Inlining": false,
        "Optimization": false,
        "Expressions": true,
        "Deforming": true
      }
    }
  }
]
```

---

## 22. Q9_11_seed_82040310.sql

**File Path:** `/Users/brunowinter2000/Documents/Thesis/2025_2026/Plan-Level/Generated_Queries/Q9/Q9_11_seed_82040310.sql`

### EXPLAIN JSON

```json
[
  {
    "Plan": {
      "Node Type": "Sort",
      "Parallel Aware": false,
      "Async Capable": false,
      "Startup Cost": 209315.24,
      "Total Cost": 209465.61,
      "Plan Rows": 60150,
      "Plan Width": 168,
      "Output": [
        "nation.n_name",
        "(EXTRACT(year FROM orders.o_orderdate))",
        "(sum(((lineitem.l_extendedprice * ('1'::numeric - lineitem.l_discount)) - (partsupp.ps_supplycost * lineitem.l_quantity))))"
      ],
      "Sort Key": [
        "nation.n_name",
        "(EXTRACT(year FROM orders.o_orderdate)) DESC"
      ],
      "Plans": [
        {
          "Node Type": "Aggregate",
          "Strategy": "Hashed",
          "Partial Mode": "Finalize",
          "Parent Relationship": "Outer",
          "Parallel Aware": false,
          "Async Capable": false,
          "Startup Cost": 203638.2,
          "Total Cost": 204540.45,
          "Plan Rows": 60150,
          "Plan Width": 168,
          "Output": [
            "nation.n_name",
            "(EXTRACT(year FROM orders.o_orderdate))",
            "sum(((lineitem.l_extendedprice * ('1'::numeric - lineitem.l_discount)) - (partsupp.ps_supplycost * lineitem.l_quantity)))"
          ],
          "Group Key": [
            "nation.n_name",
            "(EXTRACT(year FROM orders.o_orderdate))"
          ],
          "Planned Partitions": 0,
          "Plans": [
            {
              "Node Type": "Gather",
              "Parent Relationship": "Outer",
              "Parallel Aware": false,
              "Async Capable": false,
              "Startup Cost": 173738.96,
              "Total Cost": 200992.25,
              "Plan Rows": 264595,
              "Plan Width": 168,
              "Output": [
                "nation.n_name",
                "(EXTRACT(year FROM orders.o_orderdate))",
                "(PARTIAL sum(((lineitem.l_extendedprice * ('1'::numeric - lineitem.l_discount)) - (partsupp.ps_supplycost * lineitem.l_quantity))))"
              ],
              "Workers Planned": 5,
              "Single Copy": false,
              "Plans": [
                {
                  "Node Type": "Aggregate",
                  "Strategy": "Hashed",
                  "Partial Mode": "Partial",
                  "Parent Relationship": "Outer",
                  "Parallel Aware": false,
                  "Async Capable": false,
                  "Startup Cost": 172738.96,
                  "Total Cost": 173532.75,
                  "Plan Rows": 52919,
                  "Plan Width": 168,
                  "Output": [
                    "nation.n_name",
                    "(EXTRACT(year FROM orders.o_orderdate))",
                    "PARTIAL sum(((lineitem.l_extendedprice * ('1'::numeric - lineitem.l_discount)) - (partsupp.ps_supplycost * lineitem.l_quantity)))"
                  ],
                  "Group Key": [
                    "nation.n_name",
                    "EXTRACT(year FROM orders.o_orderdate)"
                  ],
                  "Planned Partitions": 0,
                  "Plans": [
                    {
                      "Node Type": "Nested Loop",
                      "Parent Relationship": "Outer",
                      "Parallel Aware": false,
                      "Async Capable": false,
                      "Join Type": "Inner",
                      "Startup Cost": 14234.27,
                      "Total Cost": 171812.88,
                      "Plan Rows": 52919,
                      "Plan Width": 159,
                      "Output": [
                        "nation.n_name",
                        "EXTRACT(year FROM orders.o_orderdate)",
                        "lineitem.l_extendedprice",
                        "lineitem.l_discount",
                        "partsupp.ps_supplycost",
                        "lineitem.l_quantity"
                      ],
                      "Inner Unique": true,
                      "Plans": [
                        {
                          "Node Type": "Hash Join",
                          "Parent Relationship": "Outer",
                          "Parallel Aware": true,
                          "Async Capable": false,
                          "Join Type": "Inner",
                          "Startup Cost": 14233.85,
                          "Total Cost": 147838.19,
                          "Plan Rows": 52919,
                          "Plan Width": 131,
                          "Output": [
                            "lineitem.l_extendedprice",
                            "lineitem.l_discount",
                            "lineitem.l_quantity",
                            "lineitem.l_orderkey",
                            "partsupp.ps_supplycost",
                            "nation.n_name"
                          ],
                          "Inner Unique": false,
                          "Hash Cond": "((lineitem.l_suppkey = supplier.s_suppkey) AND (lineitem.l_partkey = partsupp.ps_partkey))",
                          "Plans": [
                            {
                              "Node Type": "Seq Scan",
                              "Parent Relationship": "Outer",
                              "Parallel Aware": true,
                              "Async Capable": false,
                              "Relation Name": "lineitem",
                              "Schema": "public",
                              "Alias": "lineitem",
                              "Startup Cost": 0.0,
                              "Total Cost": 124602.43,
                              "Plan Rows": 1200243,
                              "Plan Width": 29,
                              "Output": [
                                "lineitem.l_orderkey",
                                "lineitem.l_partkey",
                                "lineitem.l_suppkey",
                                "lineitem.l_linenumber",
                                "lineitem.l_quantity",
                                "lineitem.l_extendedprice",
                                "lineitem.l_discount",
                                "lineitem.l_tax",
                                "lineitem.l_returnflag",
                                "lineitem.l_linestatus",
                                "lineitem.l_shipdate",
                                "lineitem.l_commitdate",
                                "lineitem.l_receiptdate",
                                "lineitem.l_shipinstruct",
                                "lineitem.l_shipmode",
                                "lineitem.l_comment"
                              ]
                            },
                            {
                              "Node Type": "Hash",
                              "Parent Relationship": "Inner",
                              "Parallel Aware": true,
                              "Async Capable": false,
                              "Startup Cost": 14013.39,
                              "Total Cost": 14013.39,
                              "Plan Rows": 14697,
                              "Plan Width": 126,
                              "Output": [
                                "part.p_partkey",
                                "partsupp.ps_supplycost",
                                "partsupp.ps_suppkey",
                                "partsupp.ps_partkey",
                                "supplier.s_suppkey",
                                "nation.n_name"
                              ],
                              "Plans": [
                                {
                                  "Node Type": "Hash Join",
                                  "Parent Relationship": "Outer",
                                  "Parallel Aware": false,
                                  "Async Capable": false,
                                  "Join Type": "Inner",
                                  "Startup Cost": 449.99,
                                  "Total Cost": 14013.39,
                                  "Plan Rows": 14697,
                                  "Plan Width": 126,
                                  "Output": [
                                    "part.p_partkey",
                                    "partsupp.ps_supplycost",
                                    "partsupp.ps_suppkey",
                                    "partsupp.ps_partkey",
                                    "supplier.s_suppkey",
                                    "nation.n_name"
                                  ],
                                  "Inner Unique": true,
                                  "Hash Cond": "(supplier.s_nationkey = nation.n_nationkey)",
                                  "Plans": [
                                    {
                                      "Node Type": "Hash Join",
                                      "Parent Relationship": "Outer",
                                      "Parallel Aware": false,
                                      "Async Capable": false,
                                      "Join Type": "Inner",
                                      "Startup Cost": 448.43,
                                      "Total Cost": 13966.71,
                                      "Plan Rows": 14697,
                                      "Plan Width": 26,
                                      "Output": [
                                        "part.p_partkey",
                                        "partsupp.ps_supplycost",
                                        "partsupp.ps_suppkey",
                                        "partsupp.ps_partkey",
                                        "supplier.s_suppkey",
                                        "supplier.s_nationkey"
                                      ],
                                      "Inner Unique": true,
                                      "Hash Cond": "(partsupp.ps_suppkey = supplier.s_suppkey)",
                                      "Plans": [
                                        {
                                          "Node Type": "Nested Loop",
                                          "Parent Relationship": "Outer",
                                          "Parallel Aware": false,
                                          "Async Capable": false,
                                          "Join Type": "Inner",
                                          "Startup Cost": 0.42,
                                          "Total Cost": 13480.12,
                                          "Plan Rows": 14697,
                                          "Plan Width": 18,
                                          "Output": [
                                            "part.p_partkey",
                                            "partsupp.ps_supplycost",
                                            "partsupp.ps_suppkey",
                                            "partsupp.ps_partkey"
                                          ],
                                          "Inner Unique": false,
                                          "Plans": [
                                            {
                                              "Node Type": "Seq Scan",
                                              "Parent Relationship": "Outer",
                                              "Parallel Aware": true,
                                              "Async Capable": false,
                                              "Relation Name": "part",
                                              "Schema": "public",
                                              "Alias": "part",
                                              "Startup Cost": 0.0,
                                              "Total Cost": 5169.67,
                                              "Plan Rows": 3674,
                                              "Plan Width": 4,
                                              "Output": [
                                                "part.p_partkey",
                                                "part.p_name",
                                                "part.p_mfgr",
                                                "part.p_brand",
                                                "part.p_type",
                                                "part.p_size",
                                                "part.p_container",
                                                "part.p_retailprice",
                                                "part.p_comment"
                                              ],
                                              "Filter": "((part.p_name)::text ~~ '%tomato%'::text)"
                                            },
                                            {
                                              "Node Type": "Index Scan",
                                              "Parent Relationship": "Inner",
                                              "Parallel Aware": false,
                                              "Async Capable": false,
                                              "Scan Direction": "Forward",
                                              "Index Name": "partsupp_pkey",
                                              "Relation Name": "partsupp",
                                              "Schema": "public",
                                              "Alias": "partsupp",
                                              "Startup Cost": 0.42,
                                              "Total Cost": 2.22,
                                              "Plan Rows": 4,
                                              "Plan Width": 14,
                                              "Output": [
                                                "partsupp.ps_partkey",
                                                "partsupp.ps_suppkey",
                                                "partsupp.ps_availqty",
                                                "partsupp.ps_supplycost",
                                                "partsupp.ps_comment"
                                              ],
                                              "Index Cond": "(partsupp.ps_partkey = part.p_partkey)"
                                            }
                                          ]
                                        },
                                        {
                                          "Node Type": "Hash",
                                          "Parent Relationship": "Inner",
                                          "Parallel Aware": false,
                                          "Async Capable": false,
                                          "Startup Cost": 323.0,
                                          "Total Cost": 323.0,
                                          "Plan Rows": 10000,
                                          "Plan Width": 8,
                                          "Output": [
                                            "supplier.s_suppkey",
                                            "supplier.s_nationkey"
                                          ],
                                          "Plans": [
                                            {
                                              "Node Type": "Seq Scan",
                                              "Parent Relationship": "Outer",
                                              "Parallel Aware": false,
                                              "Async Capable": false,
                                              "Relation Name": "supplier",
                                              "Schema": "public",
                                              "Alias": "supplier",
                                              "Startup Cost": 0.0,
                                              "Total Cost": 323.0,
                                              "Plan Rows": 10000,
                                              "Plan Width": 8,
                                              "Output": [
                                                "supplier.s_suppkey",
                                                "supplier.s_nationkey"
                                              ]
                                            }
                                          ]
                                        }
                                      ]
                                    },
                                    {
                                      "Node Type": "Hash",
                                      "Parent Relationship": "Inner",
                                      "Parallel Aware": false,
                                      "Async Capable": false,
                                      "Startup Cost": 1.25,
                                      "Total Cost": 1.25,
                                      "Plan Rows": 25,
                                      "Plan Width": 108,
                                      "Output": [
                                        "nation.n_name",
                                        "nation.n_nationkey"
                                      ],
                                      "Plans": [
                                        {
                                          "Node Type": "Seq Scan",
                                          "Parent Relationship": "Outer",
                                          "Parallel Aware": false,
                                          "Async Capable": false,
                                          "Relation Name": "nation",
                                          "Schema": "public",
                                          "Alias": "nation",
                                          "Startup Cost": 0.0,
                                          "Total Cost": 1.25,
                                          "Plan Rows": 25,
                                          "Plan Width": 108,
                                          "Output": [
                                            "nation.n_name",
                                            "nation.n_nationkey"
                                          ]
                                        }
                                      ]
                                    }
                                  ]
                                }
                              ]
                            }
                          ]
                        },
                        {
                          "Node Type": "Index Scan",
                          "Parent Relationship": "Inner",
                          "Parallel Aware": false,
                          "Async Capable": false,
                          "Scan Direction": "Forward",
                          "Index Name": "orders_pkey",
                          "Relation Name": "orders",
                          "Schema": "public",
                          "Alias": "orders",
                          "Startup Cost": 0.43,
                          "Total Cost": 0.45,
                          "Plan Rows": 1,
                          "Plan Width": 8,
                          "Output": [
                            "orders.o_orderkey",
                            "orders.o_custkey",
                            "orders.o_orderstatus",
                            "orders.o_totalprice",
                            "orders.o_orderdate",
                            "orders.o_orderpriority",
                            "orders.o_clerk",
                            "orders.o_shippriority",
                            "orders.o_comment"
                          ],
                          "Index Cond": "(orders.o_orderkey = lineitem.l_orderkey)"
                        }
                      ]
                    }
                  ]
                }
              ]
            }
          ]
        }
      ]
    },
    "JIT": {
      "Functions": 43,
      "Options": {
        "Inlining": false,
        "Optimization": false,
        "Expressions": true,
        "Deforming": true
      }
    }
  }
]
```

---

## 23. Q9_120_seed_976279689.sql

**File Path:** `/Users/brunowinter2000/Documents/Thesis/2025_2026/Plan-Level/Generated_Queries/Q9/Q9_120_seed_976279689.sql`

### EXPLAIN JSON

```json
[
  {
    "Plan": {
      "Node Type": "Sort",
      "Parallel Aware": false,
      "Async Capable": false,
      "Startup Cost": 217286.99,
      "Total Cost": 217437.37,
      "Plan Rows": 60150,
      "Plan Width": 168,
      "Output": [
        "nation.n_name",
        "(EXTRACT(year FROM orders.o_orderdate))",
        "(sum(((lineitem.l_extendedprice * ('1'::numeric - lineitem.l_discount)) - (partsupp.ps_supplycost * lineitem.l_quantity))))"
      ],
      "Sort Key": [
        "nation.n_name",
        "(EXTRACT(year FROM orders.o_orderdate)) DESC"
      ],
      "Plans": [
        {
          "Node Type": "Aggregate",
          "Strategy": "Hashed",
          "Partial Mode": "Finalize",
          "Parent Relationship": "Outer",
          "Parallel Aware": false,
          "Async Capable": false,
          "Startup Cost": 211609.95,
          "Total Cost": 212512.2,
          "Plan Rows": 60150,
          "Plan Width": 168,
          "Output": [
            "nation.n_name",
            "(EXTRACT(year FROM orders.o_orderdate))",
            "sum(((lineitem.l_extendedprice * ('1'::numeric - lineitem.l_discount)) - (partsupp.ps_supplycost * lineitem.l_quantity)))"
          ],
          "Group Key": [
            "nation.n_name",
            "(EXTRACT(year FROM orders.o_orderdate))"
          ],
          "Planned Partitions": 0,
          "Plans": [
            {
              "Node Type": "Gather",
              "Parent Relationship": "Outer",
              "Parallel Aware": false,
              "Async Capable": false,
              "Startup Cost": 177635.37,
              "Total Cost": 208603.35,
              "Plan Rows": 300660,
              "Plan Width": 168,
              "Output": [
                "nation.n_name",
                "(EXTRACT(year FROM orders.o_orderdate))",
                "(PARTIAL sum(((lineitem.l_extendedprice * ('1'::numeric - lineitem.l_discount)) - (partsupp.ps_supplycost * lineitem.l_quantity))))"
              ],
              "Workers Planned": 5,
              "Single Copy": false,
              "Plans": [
                {
                  "Node Type": "Aggregate",
                  "Strategy": "Hashed",
                  "Partial Mode": "Partial",
                  "Parent Relationship": "Outer",
                  "Parallel Aware": false,
                  "Async Capable": false,
                  "Startup Cost": 176635.37,
                  "Total Cost": 177537.35,
                  "Plan Rows": 60132,
                  "Plan Width": 168,
                  "Output": [
                    "nation.n_name",
                    "(EXTRACT(year FROM orders.o_orderdate))",
                    "PARTIAL sum(((lineitem.l_extendedprice * ('1'::numeric - lineitem.l_discount)) - (partsupp.ps_supplycost * lineitem.l_quantity)))"
                  ],
                  "Group Key": [
                    "nation.n_name",
                    "EXTRACT(year FROM orders.o_orderdate)"
                  ],
                  "Planned Partitions": 0,
                  "Plans": [
                    {
                      "Node Type": "Nested Loop",
                      "Parent Relationship": "Outer",
                      "Parallel Aware": false,
                      "Async Capable": false,
                      "Join Type": "Inner",
                      "Startup Cost": 14736.63,
                      "Total Cost": 175583.06,
                      "Plan Rows": 60132,
                      "Plan Width": 159,
                      "Output": [
                        "nation.n_name",
                        "EXTRACT(year FROM orders.o_orderdate)",
                        "lineitem.l_extendedprice",
                        "lineitem.l_discount",
                        "partsupp.ps_supplycost",
                        "lineitem.l_quantity"
                      ],
                      "Inner Unique": true,
                      "Plans": [
                        {
                          "Node Type": "Hash Join",
                          "Parent Relationship": "Outer",
                          "Parallel Aware": true,
                          "Async Capable": false,
                          "Join Type": "Inner",
                          "Startup Cost": 14736.2,
                          "Total Cost": 148340.56,
                          "Plan Rows": 60132,
                          "Plan Width": 131,
                          "Output": [
                            "lineitem.l_extendedprice",
                            "lineitem.l_discount",
                            "lineitem.l_quantity",
                            "lineitem.l_orderkey",
                            "partsupp.ps_supplycost",
                            "nation.n_name"
                          ],
                          "Inner Unique": false,
                          "Hash Cond": "((lineitem.l_suppkey = supplier.s_suppkey) AND (lineitem.l_partkey = partsupp.ps_partkey))",
                          "Plans": [
                            {
                              "Node Type": "Seq Scan",
                              "Parent Relationship": "Outer",
                              "Parallel Aware": true,
                              "Async Capable": false,
                              "Relation Name": "lineitem",
                              "Schema": "public",
                              "Alias": "lineitem",
                              "Startup Cost": 0.0,
                              "Total Cost": 124602.43,
                              "Plan Rows": 1200243,
                              "Plan Width": 29,
                              "Output": [
                                "lineitem.l_orderkey",
                                "lineitem.l_partkey",
                                "lineitem.l_suppkey",
                                "lineitem.l_linenumber",
                                "lineitem.l_quantity",
                                "lineitem.l_extendedprice",
                                "lineitem.l_discount",
                                "lineitem.l_tax",
                                "lineitem.l_returnflag",
                                "lineitem.l_linestatus",
                                "lineitem.l_shipdate",
                                "lineitem.l_commitdate",
                                "lineitem.l_receiptdate",
                                "lineitem.l_shipinstruct",
                                "lineitem.l_shipmode",
                                "lineitem.l_comment"
                              ]
                            },
                            {
                              "Node Type": "Hash",
                              "Parent Relationship": "Inner",
                              "Parallel Aware": true,
                              "Async Capable": false,
                              "Startup Cost": 14485.7,
                              "Total Cost": 14485.7,
                              "Plan Rows": 16700,
                              "Plan Width": 126,
                              "Output": [
                                "part.p_partkey",
                                "partsupp.ps_supplycost",
                                "partsupp.ps_suppkey",
                                "partsupp.ps_partkey",
                                "supplier.s_suppkey",
                                "nation.n_name"
                              ],
                              "Plans": [
                                {
                                  "Node Type": "Hash Join",
                                  "Parent Relationship": "Outer",
                                  "Parallel Aware": false,
                                  "Async Capable": false,
                                  "Join Type": "Inner",
                                  "Startup Cost": 449.99,
                                  "Total Cost": 14485.7,
                                  "Plan Rows": 16700,
                                  "Plan Width": 126,
                                  "Output": [
                                    "part.p_partkey",
                                    "partsupp.ps_supplycost",
                                    "partsupp.ps_suppkey",
                                    "partsupp.ps_partkey",
                                    "supplier.s_suppkey",
                                    "nation.n_name"
                                  ],
                                  "Inner Unique": true,
                                  "Hash Cond": "(supplier.s_nationkey = nation.n_nationkey)",
                                  "Plans": [
                                    {
                                      "Node Type": "Hash Join",
                                      "Parent Relationship": "Outer",
                                      "Parallel Aware": false,
                                      "Async Capable": false,
                                      "Join Type": "Inner",
                                      "Startup Cost": 448.43,
                                      "Total Cost": 14432.87,
                                      "Plan Rows": 16700,
                                      "Plan Width": 26,
                                      "Output": [
                                        "part.p_partkey",
                                        "partsupp.ps_supplycost",
                                        "partsupp.ps_suppkey",
                                        "partsupp.ps_partkey",
                                        "supplier.s_suppkey",
                                        "supplier.s_nationkey"
                                      ],
                                      "Inner Unique": true,
                                      "Hash Cond": "(partsupp.ps_suppkey = supplier.s_suppkey)",
                                      "Plans": [
                                        {
                                          "Node Type": "Nested Loop",
                                          "Parent Relationship": "Outer",
                                          "Parallel Aware": false,
                                          "Async Capable": false,
                                          "Join Type": "Inner",
                                          "Startup Cost": 0.42,
                                          "Total Cost": 13941.01,
                                          "Plan Rows": 16700,
                                          "Plan Width": 18,
                                          "Output": [
                                            "part.p_partkey",
                                            "partsupp.ps_supplycost",
                                            "partsupp.ps_suppkey",
                                            "partsupp.ps_partkey"
                                          ],
                                          "Inner Unique": false,
                                          "Plans": [
                                            {
                                              "Node Type": "Seq Scan",
                                              "Parent Relationship": "Outer",
                                              "Parallel Aware": true,
                                              "Async Capable": false,
                                              "Relation Name": "part",
                                              "Schema": "public",
                                              "Alias": "part",
                                              "Startup Cost": 0.0,
                                              "Total Cost": 5169.67,
                                              "Plan Rows": 4175,
                                              "Plan Width": 4,
                                              "Output": [
                                                "part.p_partkey",
                                                "part.p_name",
                                                "part.p_mfgr",
                                                "part.p_brand",
                                                "part.p_type",
                                                "part.p_size",
                                                "part.p_container",
                                                "part.p_retailprice",
                                                "part.p_comment"
                                              ],
                                              "Filter": "((part.p_name)::text ~~ '%red%'::text)"
                                            },
                                            {
                                              "Node Type": "Index Scan",
                                              "Parent Relationship": "Inner",
                                              "Parallel Aware": false,
                                              "Async Capable": false,
                                              "Scan Direction": "Forward",
                                              "Index Name": "partsupp_pkey",
                                              "Relation Name": "partsupp",
                                              "Schema": "public",
                                              "Alias": "partsupp",
                                              "Startup Cost": 0.42,
                                              "Total Cost": 2.06,
                                              "Plan Rows": 4,
                                              "Plan Width": 14,
                                              "Output": [
                                                "partsupp.ps_partkey",
                                                "partsupp.ps_suppkey",
                                                "partsupp.ps_availqty",
                                                "partsupp.ps_supplycost",
                                                "partsupp.ps_comment"
                                              ],
                                              "Index Cond": "(partsupp.ps_partkey = part.p_partkey)"
                                            }
                                          ]
                                        },
                                        {
                                          "Node Type": "Hash",
                                          "Parent Relationship": "Inner",
                                          "Parallel Aware": false,
                                          "Async Capable": false,
                                          "Startup Cost": 323.0,
                                          "Total Cost": 323.0,
                                          "Plan Rows": 10000,
                                          "Plan Width": 8,
                                          "Output": [
                                            "supplier.s_suppkey",
                                            "supplier.s_nationkey"
                                          ],
                                          "Plans": [
                                            {
                                              "Node Type": "Seq Scan",
                                              "Parent Relationship": "Outer",
                                              "Parallel Aware": false,
                                              "Async Capable": false,
                                              "Relation Name": "supplier",
                                              "Schema": "public",
                                              "Alias": "supplier",
                                              "Startup Cost": 0.0,
                                              "Total Cost": 323.0,
                                              "Plan Rows": 10000,
                                              "Plan Width": 8,
                                              "Output": [
                                                "supplier.s_suppkey",
                                                "supplier.s_nationkey"
                                              ]
                                            }
                                          ]
                                        }
                                      ]
                                    },
                                    {
                                      "Node Type": "Hash",
                                      "Parent Relationship": "Inner",
                                      "Parallel Aware": false,
                                      "Async Capable": false,
                                      "Startup Cost": 1.25,
                                      "Total Cost": 1.25,
                                      "Plan Rows": 25,
                                      "Plan Width": 108,
                                      "Output": [
                                        "nation.n_name",
                                        "nation.n_nationkey"
                                      ],
                                      "Plans": [
                                        {
                                          "Node Type": "Seq Scan",
                                          "Parent Relationship": "Outer",
                                          "Parallel Aware": false,
                                          "Async Capable": false,
                                          "Relation Name": "nation",
                                          "Schema": "public",
                                          "Alias": "nation",
                                          "Startup Cost": 0.0,
                                          "Total Cost": 1.25,
                                          "Plan Rows": 25,
                                          "Plan Width": 108,
                                          "Output": [
                                            "nation.n_name",
                                            "nation.n_nationkey"
                                          ]
                                        }
                                      ]
                                    }
                                  ]
                                }
                              ]
                            }
                          ]
                        },
                        {
                          "Node Type": "Index Scan",
                          "Parent Relationship": "Inner",
                          "Parallel Aware": false,
                          "Async Capable": false,
                          "Scan Direction": "Forward",
                          "Index Name": "orders_pkey",
                          "Relation Name": "orders",
                          "Schema": "public",
                          "Alias": "orders",
                          "Startup Cost": 0.43,
                          "Total Cost": 0.45,
                          "Plan Rows": 1,
                          "Plan Width": 8,
                          "Output": [
                            "orders.o_orderkey",
                            "orders.o_custkey",
                            "orders.o_orderstatus",
                            "orders.o_totalprice",
                            "orders.o_orderdate",
                            "orders.o_orderpriority",
                            "orders.o_clerk",
                            "orders.o_shippriority",
                            "orders.o_comment"
                          ],
                          "Index Cond": "(orders.o_orderkey = lineitem.l_orderkey)"
                        }
                      ]
                    }
                  ]
                }
              ]
            }
          ]
        }
      ]
    },
    "JIT": {
      "Functions": 43,
      "Options": {
        "Inlining": false,
        "Optimization": false,
        "Expressions": true,
        "Deforming": true
      }
    }
  }
]
```

---

## 24. Q9_121_seed_984483720.sql

**File Path:** `/Users/brunowinter2000/Documents/Thesis/2025_2026/Plan-Level/Generated_Queries/Q9/Q9_121_seed_984483720.sql`

### EXPLAIN JSON

```json
[
  {
    "Plan": {
      "Node Type": "Sort",
      "Parallel Aware": false,
      "Async Capable": false,
      "Startup Cost": 223771.84,
      "Total Cost": 223922.21,
      "Plan Rows": 60150,
      "Plan Width": 168,
      "Output": [
        "nation.n_name",
        "(EXTRACT(year FROM orders.o_orderdate))",
        "(sum(((lineitem.l_extendedprice * ('1'::numeric - lineitem.l_discount)) - (partsupp.ps_supplycost * lineitem.l_quantity))))"
      ],
      "Sort Key": [
        "nation.n_name",
        "(EXTRACT(year FROM orders.o_orderdate)) DESC"
      ],
      "Plans": [
        {
          "Node Type": "Aggregate",
          "Strategy": "Hashed",
          "Partial Mode": "Finalize",
          "Parent Relationship": "Outer",
          "Parallel Aware": false,
          "Async Capable": false,
          "Startup Cost": 218094.8,
          "Total Cost": 218997.05,
          "Plan Rows": 60150,
          "Plan Width": 168,
          "Output": [
            "nation.n_name",
            "(EXTRACT(year FROM orders.o_orderdate))",
            "sum(((lineitem.l_extendedprice * ('1'::numeric - lineitem.l_discount)) - (partsupp.ps_supplycost * lineitem.l_quantity)))"
          ],
          "Group Key": [
            "nation.n_name",
            "(EXTRACT(year FROM orders.o_orderdate))"
          ],
          "Planned Partitions": 0,
          "Plans": [
            {
              "Node Type": "Gather",
              "Parent Relationship": "Outer",
              "Parallel Aware": false,
              "Async Capable": false,
              "Startup Cost": 184110.05,
              "Total Cost": 215087.3,
              "Plan Rows": 300750,
              "Plan Width": 168,
              "Output": [
                "nation.n_name",
                "(EXTRACT(year FROM orders.o_orderdate))",
                "(PARTIAL sum(((lineitem.l_extendedprice * ('1'::numeric - lineitem.l_discount)) - (partsupp.ps_supplycost * lineitem.l_quantity))))"
              ],
              "Workers Planned": 5,
              "Single Copy": false,
              "Plans": [
                {
                  "Node Type": "Aggregate",
                  "Strategy": "Hashed",
                  "Partial Mode": "Partial",
                  "Parent Relationship": "Outer",
                  "Parallel Aware": false,
                  "Async Capable": false,
                  "Startup Cost": 183110.05,
                  "Total Cost": 184012.3,
                  "Plan Rows": 60150,
                  "Plan Width": 168,
                  "Output": [
                    "nation.n_name",
                    "(EXTRACT(year FROM orders.o_orderdate))",
                    "PARTIAL sum(((lineitem.l_extendedprice * ('1'::numeric - lineitem.l_discount)) - (partsupp.ps_supplycost * lineitem.l_quantity)))"
                  ],
                  "Group Key": [
                    "nation.n_name",
                    "EXTRACT(year FROM orders.o_orderdate)"
                  ],
                  "Planned Partitions": 0,
                  "Plans": [
                    {
                      "Node Type": "Nested Loop",
                      "Parent Relationship": "Outer",
                      "Parallel Aware": false,
                      "Async Capable": false,
                      "Join Type": "Inner",
                      "Startup Cost": 15552.04,
                      "Total Cost": 181847.26,
                      "Plan Rows": 72159,
                      "Plan Width": 159,
                      "Output": [
                        "nation.n_name",
                        "EXTRACT(year FROM orders.o_orderdate)",
                        "lineitem.l_extendedprice",
                        "lineitem.l_discount",
                        "partsupp.ps_supplycost",
                        "lineitem.l_quantity"
                      ],
                      "Inner Unique": true,
                      "Plans": [
                        {
                          "Node Type": "Hash Join",
                          "Parent Relationship": "Outer",
                          "Parallel Aware": true,
                          "Async Capable": false,
                          "Join Type": "Inner",
                          "Startup Cost": 15551.61,
                          "Total Cost": 149155.98,
                          "Plan Rows": 72159,
                          "Plan Width": 131,
                          "Output": [
                            "lineitem.l_extendedprice",
                            "lineitem.l_discount",
                            "lineitem.l_quantity",
                            "lineitem.l_orderkey",
                            "partsupp.ps_supplycost",
                            "nation.n_name"
                          ],
                          "Inner Unique": false,
                          "Hash Cond": "((lineitem.l_suppkey = supplier.s_suppkey) AND (lineitem.l_partkey = partsupp.ps_partkey))",
                          "Plans": [
                            {
                              "Node Type": "Seq Scan",
                              "Parent Relationship": "Outer",
                              "Parallel Aware": true,
                              "Async Capable": false,
                              "Relation Name": "lineitem",
                              "Schema": "public",
                              "Alias": "lineitem",
                              "Startup Cost": 0.0,
                              "Total Cost": 124602.43,
                              "Plan Rows": 1200243,
                              "Plan Width": 29,
                              "Output": [
                                "lineitem.l_orderkey",
                                "lineitem.l_partkey",
                                "lineitem.l_suppkey",
                                "lineitem.l_linenumber",
                                "lineitem.l_quantity",
                                "lineitem.l_extendedprice",
                                "lineitem.l_discount",
                                "lineitem.l_tax",
                                "lineitem.l_returnflag",
                                "lineitem.l_linestatus",
                                "lineitem.l_shipdate",
                                "lineitem.l_commitdate",
                                "lineitem.l_receiptdate",
                                "lineitem.l_shipinstruct",
                                "lineitem.l_shipmode",
                                "lineitem.l_comment"
                              ]
                            },
                            {
                              "Node Type": "Hash",
                              "Parent Relationship": "Inner",
                              "Parallel Aware": true,
                              "Async Capable": false,
                              "Startup Cost": 15251.01,
                              "Total Cost": 15251.01,
                              "Plan Rows": 20040,
                              "Plan Width": 126,
                              "Output": [
                                "part.p_partkey",
                                "partsupp.ps_supplycost",
                                "partsupp.ps_suppkey",
                                "partsupp.ps_partkey",
                                "supplier.s_suppkey",
                                "nation.n_name"
                              ],
                              "Plans": [
                                {
                                  "Node Type": "Hash Join",
                                  "Parent Relationship": "Outer",
                                  "Parallel Aware": false,
                                  "Async Capable": false,
                                  "Join Type": "Inner",
                                  "Startup Cost": 449.99,
                                  "Total Cost": 15251.01,
                                  "Plan Rows": 20040,
                                  "Plan Width": 126,
                                  "Output": [
                                    "part.p_partkey",
                                    "partsupp.ps_supplycost",
                                    "partsupp.ps_suppkey",
                                    "partsupp.ps_partkey",
                                    "supplier.s_suppkey",
                                    "nation.n_name"
                                  ],
                                  "Inner Unique": true,
                                  "Hash Cond": "(supplier.s_nationkey = nation.n_nationkey)",
                                  "Plans": [
                                    {
                                      "Node Type": "Hash Join",
                                      "Parent Relationship": "Outer",
                                      "Parallel Aware": false,
                                      "Async Capable": false,
                                      "Join Type": "Inner",
                                      "Startup Cost": 448.43,
                                      "Total Cost": 15187.92,
                                      "Plan Rows": 20040,
                                      "Plan Width": 26,
                                      "Output": [
                                        "part.p_partkey",
                                        "partsupp.ps_supplycost",
                                        "partsupp.ps_suppkey",
                                        "partsupp.ps_partkey",
                                        "supplier.s_suppkey",
                                        "supplier.s_nationkey"
                                      ],
                                      "Inner Unique": true,
                                      "Hash Cond": "(partsupp.ps_suppkey = supplier.s_suppkey)",
                                      "Plans": [
                                        {
                                          "Node Type": "Nested Loop",
                                          "Parent Relationship": "Outer",
                                          "Parallel Aware": false,
                                          "Async Capable": false,
                                          "Join Type": "Inner",
                                          "Startup Cost": 0.42,
                                          "Total Cost": 14687.3,
                                          "Plan Rows": 20040,
                                          "Plan Width": 18,
                                          "Output": [
                                            "part.p_partkey",
                                            "partsupp.ps_supplycost",
                                            "partsupp.ps_suppkey",
                                            "partsupp.ps_partkey"
                                          ],
                                          "Inner Unique": false,
                                          "Plans": [
                                            {
                                              "Node Type": "Seq Scan",
                                              "Parent Relationship": "Outer",
                                              "Parallel Aware": true,
                                              "Async Capable": false,
                                              "Relation Name": "part",
                                              "Schema": "public",
                                              "Alias": "part",
                                              "Startup Cost": 0.0,
                                              "Total Cost": 5169.67,
                                              "Plan Rows": 5010,
                                              "Plan Width": 4,
                                              "Output": [
                                                "part.p_partkey",
                                                "part.p_name",
                                                "part.p_mfgr",
                                                "part.p_brand",
                                                "part.p_type",
                                                "part.p_size",
                                                "part.p_container",
                                                "part.p_retailprice",
                                                "part.p_comment"
                                              ],
                                              "Filter": "((part.p_name)::text ~~ '%dim%'::text)"
                                            },
                                            {
                                              "Node Type": "Index Scan",
                                              "Parent Relationship": "Inner",
                                              "Parallel Aware": false,
                                              "Async Capable": false,
                                              "Scan Direction": "Forward",
                                              "Index Name": "partsupp_pkey",
                                              "Relation Name": "partsupp",
                                              "Schema": "public",
                                              "Alias": "partsupp",
                                              "Startup Cost": 0.42,
                                              "Total Cost": 1.86,
                                              "Plan Rows": 4,
                                              "Plan Width": 14,
                                              "Output": [
                                                "partsupp.ps_partkey",
                                                "partsupp.ps_suppkey",
                                                "partsupp.ps_availqty",
                                                "partsupp.ps_supplycost",
                                                "partsupp.ps_comment"
                                              ],
                                              "Index Cond": "(partsupp.ps_partkey = part.p_partkey)"
                                            }
                                          ]
                                        },
                                        {
                                          "Node Type": "Hash",
                                          "Parent Relationship": "Inner",
                                          "Parallel Aware": false,
                                          "Async Capable": false,
                                          "Startup Cost": 323.0,
                                          "Total Cost": 323.0,
                                          "Plan Rows": 10000,
                                          "Plan Width": 8,
                                          "Output": [
                                            "supplier.s_suppkey",
                                            "supplier.s_nationkey"
                                          ],
                                          "Plans": [
                                            {
                                              "Node Type": "Seq Scan",
                                              "Parent Relationship": "Outer",
                                              "Parallel Aware": false,
                                              "Async Capable": false,
                                              "Relation Name": "supplier",
                                              "Schema": "public",
                                              "Alias": "supplier",
                                              "Startup Cost": 0.0,
                                              "Total Cost": 323.0,
                                              "Plan Rows": 10000,
                                              "Plan Width": 8,
                                              "Output": [
                                                "supplier.s_suppkey",
                                                "supplier.s_nationkey"
                                              ]
                                            }
                                          ]
                                        }
                                      ]
                                    },
                                    {
                                      "Node Type": "Hash",
                                      "Parent Relationship": "Inner",
                                      "Parallel Aware": false,
                                      "Async Capable": false,
                                      "Startup Cost": 1.25,
                                      "Total Cost": 1.25,
                                      "Plan Rows": 25,
                                      "Plan Width": 108,
                                      "Output": [
                                        "nation.n_name",
                                        "nation.n_nationkey"
                                      ],
                                      "Plans": [
                                        {
                                          "Node Type": "Seq Scan",
                                          "Parent Relationship": "Outer",
                                          "Parallel Aware": false,
                                          "Async Capable": false,
                                          "Relation Name": "nation",
                                          "Schema": "public",
                                          "Alias": "nation",
                                          "Startup Cost": 0.0,
                                          "Total Cost": 1.25,
                                          "Plan Rows": 25,
                                          "Plan Width": 108,
                                          "Output": [
                                            "nation.n_name",
                                            "nation.n_nationkey"
                                          ]
                                        }
                                      ]
                                    }
                                  ]
                                }
                              ]
                            }
                          ]
                        },
                        {
                          "Node Type": "Index Scan",
                          "Parent Relationship": "Inner",
                          "Parallel Aware": false,
                          "Async Capable": false,
                          "Scan Direction": "Forward",
                          "Index Name": "orders_pkey",
                          "Relation Name": "orders",
                          "Schema": "public",
                          "Alias": "orders",
                          "Startup Cost": 0.43,
                          "Total Cost": 0.45,
                          "Plan Rows": 1,
                          "Plan Width": 8,
                          "Output": [
                            "orders.o_orderkey",
                            "orders.o_custkey",
                            "orders.o_orderstatus",
                            "orders.o_totalprice",
                            "orders.o_orderdate",
                            "orders.o_orderpriority",
                            "orders.o_clerk",
                            "orders.o_shippriority",
                            "orders.o_comment"
                          ],
                          "Index Cond": "(orders.o_orderkey = lineitem.l_orderkey)"
                        }
                      ]
                    }
                  ]
                }
              ]
            }
          ]
        }
      ]
    },
    "JIT": {
      "Functions": 43,
      "Options": {
        "Inlining": false,
        "Optimization": false,
        "Expressions": true,
        "Deforming": true
      }
    }
  }
]
```

---

## 25. Q9_122_seed_992687751.sql

**File Path:** `/Users/brunowinter2000/Documents/Thesis/2025_2026/Plan-Level/Generated_Queries/Q9/Q9_122_seed_992687751.sql`

### EXPLAIN JSON

```json
[
  {
    "Plan": {
      "Node Type": "Sort",
      "Parallel Aware": false,
      "Async Capable": false,
      "Startup Cost": 221184.19,
      "Total Cost": 221334.56,
      "Plan Rows": 60150,
      "Plan Width": 168,
      "Output": [
        "nation.n_name",
        "(EXTRACT(year FROM orders.o_orderdate))",
        "(sum(((lineitem.l_extendedprice * ('1'::numeric - lineitem.l_discount)) - (partsupp.ps_supplycost * lineitem.l_quantity))))"
      ],
      "Sort Key": [
        "nation.n_name",
        "(EXTRACT(year FROM orders.o_orderdate)) DESC"
      ],
      "Plans": [
        {
          "Node Type": "Aggregate",
          "Strategy": "Hashed",
          "Partial Mode": "Finalize",
          "Parent Relationship": "Outer",
          "Parallel Aware": false,
          "Async Capable": false,
          "Startup Cost": 215507.15,
          "Total Cost": 216409.4,
          "Plan Rows": 60150,
          "Plan Width": 168,
          "Output": [
            "nation.n_name",
            "(EXTRACT(year FROM orders.o_orderdate))",
            "sum(((lineitem.l_extendedprice * ('1'::numeric - lineitem.l_discount)) - (partsupp.ps_supplycost * lineitem.l_quantity)))"
          ],
          "Group Key": [
            "nation.n_name",
            "(EXTRACT(year FROM orders.o_orderdate))"
          ],
          "Planned Partitions": 0,
          "Plans": [
            {
              "Node Type": "Gather",
              "Parent Relationship": "Outer",
              "Parallel Aware": false,
              "Async Capable": false,
              "Startup Cost": 181522.4,
              "Total Cost": 212499.65,
              "Plan Rows": 300750,
              "Plan Width": 168,
              "Output": [
                "nation.n_name",
                "(EXTRACT(year FROM orders.o_orderdate))",
                "(PARTIAL sum(((lineitem.l_extendedprice * ('1'::numeric - lineitem.l_discount)) - (partsupp.ps_supplycost * lineitem.l_quantity))))"
              ],
              "Workers Planned": 5,
              "Single Copy": false,
              "Plans": [
                {
                  "Node Type": "Aggregate",
                  "Strategy": "Hashed",
                  "Partial Mode": "Partial",
                  "Parent Relationship": "Outer",
                  "Parallel Aware": false,
                  "Async Capable": false,
                  "Startup Cost": 180522.4,
                  "Total Cost": 181424.65,
                  "Plan Rows": 60150,
                  "Plan Width": 168,
                  "Output": [
                    "nation.n_name",
                    "(EXTRACT(year FROM orders.o_orderdate))",
                    "PARTIAL sum(((lineitem.l_extendedprice * ('1'::numeric - lineitem.l_discount)) - (partsupp.ps_supplycost * lineitem.l_quantity)))"
                  ],
                  "Group Key": [
                    "nation.n_name",
                    "EXTRACT(year FROM orders.o_orderdate)"
                  ],
                  "Planned Partitions": 0,
                  "Plans": [
                    {
                      "Node Type": "Nested Loop",
                      "Parent Relationship": "Outer",
                      "Parallel Aware": false,
                      "Async Capable": false,
                      "Join Type": "Inner",
                      "Startup Cost": 15229.13,
                      "Total Cost": 179343.84,
                      "Plan Rows": 67346,
                      "Plan Width": 159,
                      "Output": [
                        "nation.n_name",
                        "EXTRACT(year FROM orders.o_orderdate)",
                        "lineitem.l_extendedprice",
                        "lineitem.l_discount",
                        "partsupp.ps_supplycost",
                        "lineitem.l_quantity"
                      ],
                      "Inner Unique": true,
                      "Plans": [
                        {
                          "Node Type": "Hash Join",
                          "Parent Relationship": "Outer",
                          "Parallel Aware": true,
                          "Async Capable": false,
                          "Join Type": "Inner",
                          "Startup Cost": 15228.71,
                          "Total Cost": 148833.07,
                          "Plan Rows": 67346,
                          "Plan Width": 131,
                          "Output": [
                            "lineitem.l_extendedprice",
                            "lineitem.l_discount",
                            "lineitem.l_quantity",
                            "lineitem.l_orderkey",
                            "partsupp.ps_supplycost",
                            "nation.n_name"
                          ],
                          "Inner Unique": false,
                          "Hash Cond": "((lineitem.l_suppkey = supplier.s_suppkey) AND (lineitem.l_partkey = partsupp.ps_partkey))",
                          "Plans": [
                            {
                              "Node Type": "Seq Scan",
                              "Parent Relationship": "Outer",
                              "Parallel Aware": true,
                              "Async Capable": false,
                              "Relation Name": "lineitem",
                              "Schema": "public",
                              "Alias": "lineitem",
                              "Startup Cost": 0.0,
                              "Total Cost": 124602.43,
                              "Plan Rows": 1200243,
                              "Plan Width": 29,
                              "Output": [
                                "lineitem.l_orderkey",
                                "lineitem.l_partkey",
                                "lineitem.l_suppkey",
                                "lineitem.l_linenumber",
                                "lineitem.l_quantity",
                                "lineitem.l_extendedprice",
                                "lineitem.l_discount",
                                "lineitem.l_tax",
                                "lineitem.l_returnflag",
                                "lineitem.l_linestatus",
                                "lineitem.l_shipdate",
                                "lineitem.l_commitdate",
                                "lineitem.l_receiptdate",
                                "lineitem.l_shipinstruct",
                                "lineitem.l_shipmode",
                                "lineitem.l_comment"
                              ]
                            },
                            {
                              "Node Type": "Hash",
                              "Parent Relationship": "Inner",
                              "Parallel Aware": true,
                              "Async Capable": false,
                              "Startup Cost": 14948.16,
                              "Total Cost": 14948.16,
                              "Plan Rows": 18703,
                              "Plan Width": 126,
                              "Output": [
                                "part.p_partkey",
                                "partsupp.ps_supplycost",
                                "partsupp.ps_suppkey",
                                "partsupp.ps_partkey",
                                "supplier.s_suppkey",
                                "nation.n_name"
                              ],
                              "Plans": [
                                {
                                  "Node Type": "Hash Join",
                                  "Parent Relationship": "Outer",
                                  "Parallel Aware": false,
                                  "Async Capable": false,
                                  "Join Type": "Inner",
                                  "Startup Cost": 449.99,
                                  "Total Cost": 14948.16,
                                  "Plan Rows": 18703,
                                  "Plan Width": 126,
                                  "Output": [
                                    "part.p_partkey",
                                    "partsupp.ps_supplycost",
                                    "partsupp.ps_suppkey",
                                    "partsupp.ps_partkey",
                                    "supplier.s_suppkey",
                                    "nation.n_name"
                                  ],
                                  "Inner Unique": true,
                                  "Hash Cond": "(supplier.s_nationkey = nation.n_nationkey)",
                                  "Plans": [
                                    {
                                      "Node Type": "Hash Join",
                                      "Parent Relationship": "Outer",
                                      "Parallel Aware": false,
                                      "Async Capable": false,
                                      "Join Type": "Inner",
                                      "Startup Cost": 448.43,
                                      "Total Cost": 14889.18,
                                      "Plan Rows": 18703,
                                      "Plan Width": 26,
                                      "Output": [
                                        "part.p_partkey",
                                        "partsupp.ps_supplycost",
                                        "partsupp.ps_suppkey",
                                        "partsupp.ps_partkey",
                                        "supplier.s_suppkey",
                                        "supplier.s_nationkey"
                                      ],
                                      "Inner Unique": true,
                                      "Hash Cond": "(partsupp.ps_suppkey = supplier.s_suppkey)",
                                      "Plans": [
                                        {
                                          "Node Type": "Nested Loop",
                                          "Parent Relationship": "Outer",
                                          "Parallel Aware": false,
                                          "Async Capable": false,
                                          "Join Type": "Inner",
                                          "Startup Cost": 0.42,
                                          "Total Cost": 14392.06,
                                          "Plan Rows": 18703,
                                          "Plan Width": 18,
                                          "Output": [
                                            "part.p_partkey",
                                            "partsupp.ps_supplycost",
                                            "partsupp.ps_suppkey",
                                            "partsupp.ps_partkey"
                                          ],
                                          "Inner Unique": false,
                                          "Plans": [
                                            {
                                              "Node Type": "Seq Scan",
                                              "Parent Relationship": "Outer",
                                              "Parallel Aware": true,
                                              "Async Capable": false,
                                              "Relation Name": "part",
                                              "Schema": "public",
                                              "Alias": "part",
                                              "Startup Cost": 0.0,
                                              "Total Cost": 5169.67,
                                              "Plan Rows": 4676,
                                              "Plan Width": 4,
                                              "Output": [
                                                "part.p_partkey",
                                                "part.p_name",
                                                "part.p_mfgr",
                                                "part.p_brand",
                                                "part.p_type",
                                                "part.p_size",
                                                "part.p_container",
                                                "part.p_retailprice",
                                                "part.p_comment"
                                              ],
                                              "Filter": "((part.p_name)::text ~~ '%purple%'::text)"
                                            },
                                            {
                                              "Node Type": "Index Scan",
                                              "Parent Relationship": "Inner",
                                              "Parallel Aware": false,
                                              "Async Capable": false,
                                              "Scan Direction": "Forward",
                                              "Index Name": "partsupp_pkey",
                                              "Relation Name": "partsupp",
                                              "Schema": "public",
                                              "Alias": "partsupp",
                                              "Startup Cost": 0.42,
                                              "Total Cost": 1.93,
                                              "Plan Rows": 4,
                                              "Plan Width": 14,
                                              "Output": [
                                                "partsupp.ps_partkey",
                                                "partsupp.ps_suppkey",
                                                "partsupp.ps_availqty",
                                                "partsupp.ps_supplycost",
                                                "partsupp.ps_comment"
                                              ],
                                              "Index Cond": "(partsupp.ps_partkey = part.p_partkey)"
                                            }
                                          ]
                                        },
                                        {
                                          "Node Type": "Hash",
                                          "Parent Relationship": "Inner",
                                          "Parallel Aware": false,
                                          "Async Capable": false,
                                          "Startup Cost": 323.0,
                                          "Total Cost": 323.0,
                                          "Plan Rows": 10000,
                                          "Plan Width": 8,
                                          "Output": [
                                            "supplier.s_suppkey",
                                            "supplier.s_nationkey"
                                          ],
                                          "Plans": [
                                            {
                                              "Node Type": "Seq Scan",
                                              "Parent Relationship": "Outer",
                                              "Parallel Aware": false,
                                              "Async Capable": false,
                                              "Relation Name": "supplier",
                                              "Schema": "public",
                                              "Alias": "supplier",
                                              "Startup Cost": 0.0,
                                              "Total Cost": 323.0,
                                              "Plan Rows": 10000,
                                              "Plan Width": 8,
                                              "Output": [
                                                "supplier.s_suppkey",
                                                "supplier.s_nationkey"
                                              ]
                                            }
                                          ]
                                        }
                                      ]
                                    },
                                    {
                                      "Node Type": "Hash",
                                      "Parent Relationship": "Inner",
                                      "Parallel Aware": false,
                                      "Async Capable": false,
                                      "Startup Cost": 1.25,
                                      "Total Cost": 1.25,
                                      "Plan Rows": 25,
                                      "Plan Width": 108,
                                      "Output": [
                                        "nation.n_name",
                                        "nation.n_nationkey"
                                      ],
                                      "Plans": [
                                        {
                                          "Node Type": "Seq Scan",
                                          "Parent Relationship": "Outer",
                                          "Parallel Aware": false,
                                          "Async Capable": false,
                                          "Relation Name": "nation",
                                          "Schema": "public",
                                          "Alias": "nation",
                                          "Startup Cost": 0.0,
                                          "Total Cost": 1.25,
                                          "Plan Rows": 25,
                                          "Plan Width": 108,
                                          "Output": [
                                            "nation.n_name",
                                            "nation.n_nationkey"
                                          ]
                                        }
                                      ]
                                    }
                                  ]
                                }
                              ]
                            }
                          ]
                        },
                        {
                          "Node Type": "Index Scan",
                          "Parent Relationship": "Inner",
                          "Parallel Aware": false,
                          "Async Capable": false,
                          "Scan Direction": "Forward",
                          "Index Name": "orders_pkey",
                          "Relation Name": "orders",
                          "Schema": "public",
                          "Alias": "orders",
                          "Startup Cost": 0.43,
                          "Total Cost": 0.45,
                          "Plan Rows": 1,
                          "Plan Width": 8,
                          "Output": [
                            "orders.o_orderkey",
                            "orders.o_custkey",
                            "orders.o_orderstatus",
                            "orders.o_totalprice",
                            "orders.o_orderdate",
                            "orders.o_orderpriority",
                            "orders.o_clerk",
                            "orders.o_shippriority",
                            "orders.o_comment"
                          ],
                          "Index Cond": "(orders.o_orderkey = lineitem.l_orderkey)"
                        }
                      ]
                    }
                  ]
                }
              ]
            }
          ]
        }
      ]
    },
    "JIT": {
      "Functions": 43,
      "Options": {
        "Inlining": false,
        "Optimization": false,
        "Expressions": true,
        "Deforming": true
      }
    }
  }
]
```

---

## 26. Q9_123_seed_1000891782.sql

**File Path:** `/Users/brunowinter2000/Documents/Thesis/2025_2026/Plan-Level/Generated_Queries/Q9/Q9_123_seed_1000891782.sql`

### EXPLAIN JSON

```json
[
  {
    "Plan": {
      "Node Type": "Sort",
      "Parallel Aware": false,
      "Async Capable": false,
      "Startup Cost": 223771.84,
      "Total Cost": 223922.21,
      "Plan Rows": 60150,
      "Plan Width": 168,
      "Output": [
        "nation.n_name",
        "(EXTRACT(year FROM orders.o_orderdate))",
        "(sum(((lineitem.l_extendedprice * ('1'::numeric - lineitem.l_discount)) - (partsupp.ps_supplycost * lineitem.l_quantity))))"
      ],
      "Sort Key": [
        "nation.n_name",
        "(EXTRACT(year FROM orders.o_orderdate)) DESC"
      ],
      "Plans": [
        {
          "Node Type": "Aggregate",
          "Strategy": "Hashed",
          "Partial Mode": "Finalize",
          "Parent Relationship": "Outer",
          "Parallel Aware": false,
          "Async Capable": false,
          "Startup Cost": 218094.8,
          "Total Cost": 218997.05,
          "Plan Rows": 60150,
          "Plan Width": 168,
          "Output": [
            "nation.n_name",
            "(EXTRACT(year FROM orders.o_orderdate))",
            "sum(((lineitem.l_extendedprice * ('1'::numeric - lineitem.l_discount)) - (partsupp.ps_supplycost * lineitem.l_quantity)))"
          ],
          "Group Key": [
            "nation.n_name",
            "(EXTRACT(year FROM orders.o_orderdate))"
          ],
          "Planned Partitions": 0,
          "Plans": [
            {
              "Node Type": "Gather",
              "Parent Relationship": "Outer",
              "Parallel Aware": false,
              "Async Capable": false,
              "Startup Cost": 184110.05,
              "Total Cost": 215087.3,
              "Plan Rows": 300750,
              "Plan Width": 168,
              "Output": [
                "nation.n_name",
                "(EXTRACT(year FROM orders.o_orderdate))",
                "(PARTIAL sum(((lineitem.l_extendedprice * ('1'::numeric - lineitem.l_discount)) - (partsupp.ps_supplycost * lineitem.l_quantity))))"
              ],
              "Workers Planned": 5,
              "Single Copy": false,
              "Plans": [
                {
                  "Node Type": "Aggregate",
                  "Strategy": "Hashed",
                  "Partial Mode": "Partial",
                  "Parent Relationship": "Outer",
                  "Parallel Aware": false,
                  "Async Capable": false,
                  "Startup Cost": 183110.05,
                  "Total Cost": 184012.3,
                  "Plan Rows": 60150,
                  "Plan Width": 168,
                  "Output": [
                    "nation.n_name",
                    "(EXTRACT(year FROM orders.o_orderdate))",
                    "PARTIAL sum(((lineitem.l_extendedprice * ('1'::numeric - lineitem.l_discount)) - (partsupp.ps_supplycost * lineitem.l_quantity)))"
                  ],
                  "Group Key": [
                    "nation.n_name",
                    "EXTRACT(year FROM orders.o_orderdate)"
                  ],
                  "Planned Partitions": 0,
                  "Plans": [
                    {
                      "Node Type": "Nested Loop",
                      "Parent Relationship": "Outer",
                      "Parallel Aware": false,
                      "Async Capable": false,
                      "Join Type": "Inner",
                      "Startup Cost": 15552.04,
                      "Total Cost": 181847.26,
                      "Plan Rows": 72159,
                      "Plan Width": 159,
                      "Output": [
                        "nation.n_name",
                        "EXTRACT(year FROM orders.o_orderdate)",
                        "lineitem.l_extendedprice",
                        "lineitem.l_discount",
                        "partsupp.ps_supplycost",
                        "lineitem.l_quantity"
                      ],
                      "Inner Unique": true,
                      "Plans": [
                        {
                          "Node Type": "Hash Join",
                          "Parent Relationship": "Outer",
                          "Parallel Aware": true,
                          "Async Capable": false,
                          "Join Type": "Inner",
                          "Startup Cost": 15551.61,
                          "Total Cost": 149155.98,
                          "Plan Rows": 72159,
                          "Plan Width": 131,
                          "Output": [
                            "lineitem.l_extendedprice",
                            "lineitem.l_discount",
                            "lineitem.l_quantity",
                            "lineitem.l_orderkey",
                            "partsupp.ps_supplycost",
                            "nation.n_name"
                          ],
                          "Inner Unique": false,
                          "Hash Cond": "((lineitem.l_suppkey = supplier.s_suppkey) AND (lineitem.l_partkey = partsupp.ps_partkey))",
                          "Plans": [
                            {
                              "Node Type": "Seq Scan",
                              "Parent Relationship": "Outer",
                              "Parallel Aware": true,
                              "Async Capable": false,
                              "Relation Name": "lineitem",
                              "Schema": "public",
                              "Alias": "lineitem",
                              "Startup Cost": 0.0,
                              "Total Cost": 124602.43,
                              "Plan Rows": 1200243,
                              "Plan Width": 29,
                              "Output": [
                                "lineitem.l_orderkey",
                                "lineitem.l_partkey",
                                "lineitem.l_suppkey",
                                "lineitem.l_linenumber",
                                "lineitem.l_quantity",
                                "lineitem.l_extendedprice",
                                "lineitem.l_discount",
                                "lineitem.l_tax",
                                "lineitem.l_returnflag",
                                "lineitem.l_linestatus",
                                "lineitem.l_shipdate",
                                "lineitem.l_commitdate",
                                "lineitem.l_receiptdate",
                                "lineitem.l_shipinstruct",
                                "lineitem.l_shipmode",
                                "lineitem.l_comment"
                              ]
                            },
                            {
                              "Node Type": "Hash",
                              "Parent Relationship": "Inner",
                              "Parallel Aware": true,
                              "Async Capable": false,
                              "Startup Cost": 15251.01,
                              "Total Cost": 15251.01,
                              "Plan Rows": 20040,
                              "Plan Width": 126,
                              "Output": [
                                "part.p_partkey",
                                "partsupp.ps_supplycost",
                                "partsupp.ps_suppkey",
                                "partsupp.ps_partkey",
                                "supplier.s_suppkey",
                                "nation.n_name"
                              ],
                              "Plans": [
                                {
                                  "Node Type": "Hash Join",
                                  "Parent Relationship": "Outer",
                                  "Parallel Aware": false,
                                  "Async Capable": false,
                                  "Join Type": "Inner",
                                  "Startup Cost": 449.99,
                                  "Total Cost": 15251.01,
                                  "Plan Rows": 20040,
                                  "Plan Width": 126,
                                  "Output": [
                                    "part.p_partkey",
                                    "partsupp.ps_supplycost",
                                    "partsupp.ps_suppkey",
                                    "partsupp.ps_partkey",
                                    "supplier.s_suppkey",
                                    "nation.n_name"
                                  ],
                                  "Inner Unique": true,
                                  "Hash Cond": "(supplier.s_nationkey = nation.n_nationkey)",
                                  "Plans": [
                                    {
                                      "Node Type": "Hash Join",
                                      "Parent Relationship": "Outer",
                                      "Parallel Aware": false,
                                      "Async Capable": false,
                                      "Join Type": "Inner",
                                      "Startup Cost": 448.43,
                                      "Total Cost": 15187.92,
                                      "Plan Rows": 20040,
                                      "Plan Width": 26,
                                      "Output": [
                                        "part.p_partkey",
                                        "partsupp.ps_supplycost",
                                        "partsupp.ps_suppkey",
                                        "partsupp.ps_partkey",
                                        "supplier.s_suppkey",
                                        "supplier.s_nationkey"
                                      ],
                                      "Inner Unique": true,
                                      "Hash Cond": "(partsupp.ps_suppkey = supplier.s_suppkey)",
                                      "Plans": [
                                        {
                                          "Node Type": "Nested Loop",
                                          "Parent Relationship": "Outer",
                                          "Parallel Aware": false,
                                          "Async Capable": false,
                                          "Join Type": "Inner",
                                          "Startup Cost": 0.42,
                                          "Total Cost": 14687.3,
                                          "Plan Rows": 20040,
                                          "Plan Width": 18,
                                          "Output": [
                                            "part.p_partkey",
                                            "partsupp.ps_supplycost",
                                            "partsupp.ps_suppkey",
                                            "partsupp.ps_partkey"
                                          ],
                                          "Inner Unique": false,
                                          "Plans": [
                                            {
                                              "Node Type": "Seq Scan",
                                              "Parent Relationship": "Outer",
                                              "Parallel Aware": true,
                                              "Async Capable": false,
                                              "Relation Name": "part",
                                              "Schema": "public",
                                              "Alias": "part",
                                              "Startup Cost": 0.0,
                                              "Total Cost": 5169.67,
                                              "Plan Rows": 5010,
                                              "Plan Width": 4,
                                              "Output": [
                                                "part.p_partkey",
                                                "part.p_name",
                                                "part.p_mfgr",
                                                "part.p_brand",
                                                "part.p_type",
                                                "part.p_size",
                                                "part.p_container",
                                                "part.p_retailprice",
                                                "part.p_comment"
                                              ],
                                              "Filter": "((part.p_name)::text ~~ '%deep%'::text)"
                                            },
                                            {
                                              "Node Type": "Index Scan",
                                              "Parent Relationship": "Inner",
                                              "Parallel Aware": false,
                                              "Async Capable": false,
                                              "Scan Direction": "Forward",
                                              "Index Name": "partsupp_pkey",
                                              "Relation Name": "partsupp",
                                              "Schema": "public",
                                              "Alias": "partsupp",
                                              "Startup Cost": 0.42,
                                              "Total Cost": 1.86,
                                              "Plan Rows": 4,
                                              "Plan Width": 14,
                                              "Output": [
                                                "partsupp.ps_partkey",
                                                "partsupp.ps_suppkey",
                                                "partsupp.ps_availqty",
                                                "partsupp.ps_supplycost",
                                                "partsupp.ps_comment"
                                              ],
                                              "Index Cond": "(partsupp.ps_partkey = part.p_partkey)"
                                            }
                                          ]
                                        },
                                        {
                                          "Node Type": "Hash",
                                          "Parent Relationship": "Inner",
                                          "Parallel Aware": false,
                                          "Async Capable": false,
                                          "Startup Cost": 323.0,
                                          "Total Cost": 323.0,
                                          "Plan Rows": 10000,
                                          "Plan Width": 8,
                                          "Output": [
                                            "supplier.s_suppkey",
                                            "supplier.s_nationkey"
                                          ],
                                          "Plans": [
                                            {
                                              "Node Type": "Seq Scan",
                                              "Parent Relationship": "Outer",
                                              "Parallel Aware": false,
                                              "Async Capable": false,
                                              "Relation Name": "supplier",
                                              "Schema": "public",
                                              "Alias": "supplier",
                                              "Startup Cost": 0.0,
                                              "Total Cost": 323.0,
                                              "Plan Rows": 10000,
                                              "Plan Width": 8,
                                              "Output": [
                                                "supplier.s_suppkey",
                                                "supplier.s_nationkey"
                                              ]
                                            }
                                          ]
                                        }
                                      ]
                                    },
                                    {
                                      "Node Type": "Hash",
                                      "Parent Relationship": "Inner",
                                      "Parallel Aware": false,
                                      "Async Capable": false,
                                      "Startup Cost": 1.25,
                                      "Total Cost": 1.25,
                                      "Plan Rows": 25,
                                      "Plan Width": 108,
                                      "Output": [
                                        "nation.n_name",
                                        "nation.n_nationkey"
                                      ],
                                      "Plans": [
                                        {
                                          "Node Type": "Seq Scan",
                                          "Parent Relationship": "Outer",
                                          "Parallel Aware": false,
                                          "Async Capable": false,
                                          "Relation Name": "nation",
                                          "Schema": "public",
                                          "Alias": "nation",
                                          "Startup Cost": 0.0,
                                          "Total Cost": 1.25,
                                          "Plan Rows": 25,
                                          "Plan Width": 108,
                                          "Output": [
                                            "nation.n_name",
                                            "nation.n_nationkey"
                                          ]
                                        }
                                      ]
                                    }
                                  ]
                                }
                              ]
                            }
                          ]
                        },
                        {
                          "Node Type": "Index Scan",
                          "Parent Relationship": "Inner",
                          "Parallel Aware": false,
                          "Async Capable": false,
                          "Scan Direction": "Forward",
                          "Index Name": "orders_pkey",
                          "Relation Name": "orders",
                          "Schema": "public",
                          "Alias": "orders",
                          "Startup Cost": 0.43,
                          "Total Cost": 0.45,
                          "Plan Rows": 1,
                          "Plan Width": 8,
                          "Output": [
                            "orders.o_orderkey",
                            "orders.o_custkey",
                            "orders.o_orderstatus",
                            "orders.o_totalprice",
                            "orders.o_orderdate",
                            "orders.o_orderpriority",
                            "orders.o_clerk",
                            "orders.o_shippriority",
                            "orders.o_comment"
                          ],
                          "Index Cond": "(orders.o_orderkey = lineitem.l_orderkey)"
                        }
                      ]
                    }
                  ]
                }
              ]
            }
          ]
        }
      ]
    },
    "JIT": {
      "Functions": 43,
      "Options": {
        "Inlining": false,
        "Optimization": false,
        "Expressions": true,
        "Deforming": true
      }
    }
  }
]
```

---

## 27. Q9_124_seed_1009095813.sql

**File Path:** `/Users/brunowinter2000/Documents/Thesis/2025_2026/Plan-Level/Generated_Queries/Q9/Q9_124_seed_1009095813.sql`

### EXPLAIN JSON

```json
[
  {
    "Plan": {
      "Node Type": "Sort",
      "Parallel Aware": false,
      "Async Capable": false,
      "Startup Cost": 211969.48,
      "Total Cost": 212119.85,
      "Plan Rows": 60150,
      "Plan Width": 168,
      "Output": [
        "nation.n_name",
        "(EXTRACT(year FROM orders.o_orderdate))",
        "(sum(((lineitem.l_extendedprice * ('1'::numeric - lineitem.l_discount)) - (partsupp.ps_supplycost * lineitem.l_quantity))))"
      ],
      "Sort Key": [
        "nation.n_name",
        "(EXTRACT(year FROM orders.o_orderdate)) DESC"
      ],
      "Plans": [
        {
          "Node Type": "Aggregate",
          "Strategy": "Hashed",
          "Partial Mode": "Finalize",
          "Parent Relationship": "Outer",
          "Parallel Aware": false,
          "Async Capable": false,
          "Startup Cost": 206292.44,
          "Total Cost": 207194.69,
          "Plan Rows": 60150,
          "Plan Width": 168,
          "Output": [
            "nation.n_name",
            "(EXTRACT(year FROM orders.o_orderdate))",
            "sum(((lineitem.l_extendedprice * ('1'::numeric - lineitem.l_discount)) - (partsupp.ps_supplycost * lineitem.l_quantity)))"
          ],
          "Group Key": [
            "nation.n_name",
            "(EXTRACT(year FROM orders.o_orderdate))"
          ],
          "Planned Partitions": 0,
          "Plans": [
            {
              "Node Type": "Gather",
              "Parent Relationship": "Outer",
              "Parallel Aware": false,
              "Async Capable": false,
              "Startup Cost": 175037.2,
              "Total Cost": 203526.49,
              "Plan Rows": 276595,
              "Plan Width": 168,
              "Output": [
                "nation.n_name",
                "(EXTRACT(year FROM orders.o_orderdate))",
                "(PARTIAL sum(((lineitem.l_extendedprice * ('1'::numeric - lineitem.l_discount)) - (partsupp.ps_supplycost * lineitem.l_quantity))))"
              ],
              "Workers Planned": 5,
              "Single Copy": false,
              "Plans": [
                {
                  "Node Type": "Aggregate",
                  "Strategy": "Hashed",
                  "Partial Mode": "Partial",
                  "Parent Relationship": "Outer",
                  "Parallel Aware": false,
                  "Async Capable": false,
                  "Startup Cost": 174037.2,
                  "Total Cost": 174866.99,
                  "Plan Rows": 55319,
                  "Plan Width": 168,
                  "Output": [
                    "nation.n_name",
                    "(EXTRACT(year FROM orders.o_orderdate))",
                    "PARTIAL sum(((lineitem.l_extendedprice * ('1'::numeric - lineitem.l_discount)) - (partsupp.ps_supplycost * lineitem.l_quantity)))"
                  ],
                  "Group Key": [
                    "nation.n_name",
                    "EXTRACT(year FROM orders.o_orderdate)"
                  ],
                  "Planned Partitions": 0,
                  "Plans": [
                    {
                      "Node Type": "Nested Loop",
                      "Parent Relationship": "Outer",
                      "Parallel Aware": false,
                      "Async Capable": false,
                      "Join Type": "Inner",
                      "Startup Cost": 14403.2,
                      "Total Cost": 173069.12,
                      "Plan Rows": 55319,
                      "Plan Width": 159,
                      "Output": [
                        "nation.n_name",
                        "EXTRACT(year FROM orders.o_orderdate)",
                        "lineitem.l_extendedprice",
                        "lineitem.l_discount",
                        "partsupp.ps_supplycost",
                        "lineitem.l_quantity"
                      ],
                      "Inner Unique": true,
                      "Plans": [
                        {
                          "Node Type": "Hash Join",
                          "Parent Relationship": "Outer",
                          "Parallel Aware": true,
                          "Async Capable": false,
                          "Join Type": "Inner",
                          "Startup Cost": 14402.78,
                          "Total Cost": 148007.12,
                          "Plan Rows": 55319,
                          "Plan Width": 131,
                          "Output": [
                            "lineitem.l_extendedprice",
                            "lineitem.l_discount",
                            "lineitem.l_quantity",
                            "lineitem.l_orderkey",
                            "partsupp.ps_supplycost",
                            "nation.n_name"
                          ],
                          "Inner Unique": false,
                          "Hash Cond": "((lineitem.l_suppkey = supplier.s_suppkey) AND (lineitem.l_partkey = partsupp.ps_partkey))",
                          "Plans": [
                            {
                              "Node Type": "Seq Scan",
                              "Parent Relationship": "Outer",
                              "Parallel Aware": true,
                              "Async Capable": false,
                              "Relation Name": "lineitem",
                              "Schema": "public",
                              "Alias": "lineitem",
                              "Startup Cost": 0.0,
                              "Total Cost": 124602.43,
                              "Plan Rows": 1200243,
                              "Plan Width": 29,
                              "Output": [
                                "lineitem.l_orderkey",
                                "lineitem.l_partkey",
                                "lineitem.l_suppkey",
                                "lineitem.l_linenumber",
                                "lineitem.l_quantity",
                                "lineitem.l_extendedprice",
                                "lineitem.l_discount",
                                "lineitem.l_tax",
                                "lineitem.l_returnflag",
                                "lineitem.l_linestatus",
                                "lineitem.l_shipdate",
                                "lineitem.l_commitdate",
                                "lineitem.l_receiptdate",
                                "lineitem.l_shipinstruct",
                                "lineitem.l_shipmode",
                                "lineitem.l_comment"
                              ]
                            },
                            {
                              "Node Type": "Hash",
                              "Parent Relationship": "Inner",
                              "Parallel Aware": true,
                              "Async Capable": false,
                              "Startup Cost": 14172.33,
                              "Total Cost": 14172.33,
                              "Plan Rows": 15363,
                              "Plan Width": 126,
                              "Output": [
                                "part.p_partkey",
                                "partsupp.ps_supplycost",
                                "partsupp.ps_suppkey",
                                "partsupp.ps_partkey",
                                "supplier.s_suppkey",
                                "nation.n_name"
                              ],
                              "Plans": [
                                {
                                  "Node Type": "Hash Join",
                                  "Parent Relationship": "Outer",
                                  "Parallel Aware": false,
                                  "Async Capable": false,
                                  "Join Type": "Inner",
                                  "Startup Cost": 449.99,
                                  "Total Cost": 14172.33,
                                  "Plan Rows": 15363,
                                  "Plan Width": 126,
                                  "Output": [
                                    "part.p_partkey",
                                    "partsupp.ps_supplycost",
                                    "partsupp.ps_suppkey",
                                    "partsupp.ps_partkey",
                                    "supplier.s_suppkey",
                                    "nation.n_name"
                                  ],
                                  "Inner Unique": true,
                                  "Hash Cond": "(supplier.s_nationkey = nation.n_nationkey)",
                                  "Plans": [
                                    {
                                      "Node Type": "Hash Join",
                                      "Parent Relationship": "Outer",
                                      "Parallel Aware": false,
                                      "Async Capable": false,
                                      "Join Type": "Inner",
                                      "Startup Cost": 448.43,
                                      "Total Cost": 14123.6,
                                      "Plan Rows": 15363,
                                      "Plan Width": 26,
                                      "Output": [
                                        "part.p_partkey",
                                        "partsupp.ps_supplycost",
                                        "partsupp.ps_suppkey",
                                        "partsupp.ps_partkey",
                                        "supplier.s_suppkey",
                                        "supplier.s_nationkey"
                                      ],
                                      "Inner Unique": true,
                                      "Hash Cond": "(partsupp.ps_suppkey = supplier.s_suppkey)",
                                      "Plans": [
                                        {
                                          "Node Type": "Nested Loop",
                                          "Parent Relationship": "Outer",
                                          "Parallel Aware": false,
                                          "Async Capable": false,
                                          "Join Type": "Inner",
                                          "Startup Cost": 0.42,
                                          "Total Cost": 13635.25,
                                          "Plan Rows": 15363,
                                          "Plan Width": 18,
                                          "Output": [
                                            "part.p_partkey",
                                            "partsupp.ps_supplycost",
                                            "partsupp.ps_suppkey",
                                            "partsupp.ps_partkey"
                                          ],
                                          "Inner Unique": false,
                                          "Plans": [
                                            {
                                              "Node Type": "Seq Scan",
                                              "Parent Relationship": "Outer",
                                              "Parallel Aware": true,
                                              "Async Capable": false,
                                              "Relation Name": "part",
                                              "Schema": "public",
                                              "Alias": "part",
                                              "Startup Cost": 0.0,
                                              "Total Cost": 5169.67,
                                              "Plan Rows": 3841,
                                              "Plan Width": 4,
                                              "Output": [
                                                "part.p_partkey",
                                                "part.p_name",
                                                "part.p_mfgr",
                                                "part.p_brand",
                                                "part.p_type",
                                                "part.p_size",
                                                "part.p_container",
                                                "part.p_retailprice",
                                                "part.p_comment"
                                              ],
                                              "Filter": "((part.p_name)::text ~~ '%puff%'::text)"
                                            },
                                            {
                                              "Node Type": "Index Scan",
                                              "Parent Relationship": "Inner",
                                              "Parallel Aware": false,
                                              "Async Capable": false,
                                              "Scan Direction": "Forward",
                                              "Index Name": "partsupp_pkey",
                                              "Relation Name": "partsupp",
                                              "Schema": "public",
                                              "Alias": "partsupp",
                                              "Startup Cost": 0.42,
                                              "Total Cost": 2.16,
                                              "Plan Rows": 4,
                                              "Plan Width": 14,
                                              "Output": [
                                                "partsupp.ps_partkey",
                                                "partsupp.ps_suppkey",
                                                "partsupp.ps_availqty",
                                                "partsupp.ps_supplycost",
                                                "partsupp.ps_comment"
                                              ],
                                              "Index Cond": "(partsupp.ps_partkey = part.p_partkey)"
                                            }
                                          ]
                                        },
                                        {
                                          "Node Type": "Hash",
                                          "Parent Relationship": "Inner",
                                          "Parallel Aware": false,
                                          "Async Capable": false,
                                          "Startup Cost": 323.0,
                                          "Total Cost": 323.0,
                                          "Plan Rows": 10000,
                                          "Plan Width": 8,
                                          "Output": [
                                            "supplier.s_suppkey",
                                            "supplier.s_nationkey"
                                          ],
                                          "Plans": [
                                            {
                                              "Node Type": "Seq Scan",
                                              "Parent Relationship": "Outer",
                                              "Parallel Aware": false,
                                              "Async Capable": false,
                                              "Relation Name": "supplier",
                                              "Schema": "public",
                                              "Alias": "supplier",
                                              "Startup Cost": 0.0,
                                              "Total Cost": 323.0,
                                              "Plan Rows": 10000,
                                              "Plan Width": 8,
                                              "Output": [
                                                "supplier.s_suppkey",
                                                "supplier.s_nationkey"
                                              ]
                                            }
                                          ]
                                        }
                                      ]
                                    },
                                    {
                                      "Node Type": "Hash",
                                      "Parent Relationship": "Inner",
                                      "Parallel Aware": false,
                                      "Async Capable": false,
                                      "Startup Cost": 1.25,
                                      "Total Cost": 1.25,
                                      "Plan Rows": 25,
                                      "Plan Width": 108,
                                      "Output": [
                                        "nation.n_name",
                                        "nation.n_nationkey"
                                      ],
                                      "Plans": [
                                        {
                                          "Node Type": "Seq Scan",
                                          "Parent Relationship": "Outer",
                                          "Parallel Aware": false,
                                          "Async Capable": false,
                                          "Relation Name": "nation",
                                          "Schema": "public",
                                          "Alias": "nation",
                                          "Startup Cost": 0.0,
                                          "Total Cost": 1.25,
                                          "Plan Rows": 25,
                                          "Plan Width": 108,
                                          "Output": [
                                            "nation.n_name",
                                            "nation.n_nationkey"
                                          ]
                                        }
                                      ]
                                    }
                                  ]
                                }
                              ]
                            }
                          ]
                        },
                        {
                          "Node Type": "Index Scan",
                          "Parent Relationship": "Inner",
                          "Parallel Aware": false,
                          "Async Capable": false,
                          "Scan Direction": "Forward",
                          "Index Name": "orders_pkey",
                          "Relation Name": "orders",
                          "Schema": "public",
                          "Alias": "orders",
                          "Startup Cost": 0.43,
                          "Total Cost": 0.45,
                          "Plan Rows": 1,
                          "Plan Width": 8,
                          "Output": [
                            "orders.o_orderkey",
                            "orders.o_custkey",
                            "orders.o_orderstatus",
                            "orders.o_totalprice",
                            "orders.o_orderdate",
                            "orders.o_orderpriority",
                            "orders.o_clerk",
                            "orders.o_shippriority",
                            "orders.o_comment"
                          ],
                          "Index Cond": "(orders.o_orderkey = lineitem.l_orderkey)"
                        }
                      ]
                    }
                  ]
                }
              ]
            }
          ]
        }
      ]
    },
    "JIT": {
      "Functions": 43,
      "Options": {
        "Inlining": false,
        "Optimization": false,
        "Expressions": true,
        "Deforming": true
      }
    }
  }
]
```

---

## 28. Q9_125_seed_1017299844.sql

**File Path:** `/Users/brunowinter2000/Documents/Thesis/2025_2026/Plan-Level/Generated_Queries/Q9/Q9_125_seed_1017299844.sql`

### EXPLAIN JSON

```json
[
  {
    "Plan": {
      "Node Type": "Sort",
      "Parallel Aware": false,
      "Async Capable": false,
      "Startup Cost": 219890.98,
      "Total Cost": 220041.36,
      "Plan Rows": 60150,
      "Plan Width": 168,
      "Output": [
        "nation.n_name",
        "(EXTRACT(year FROM orders.o_orderdate))",
        "(sum(((lineitem.l_extendedprice * ('1'::numeric - lineitem.l_discount)) - (partsupp.ps_supplycost * lineitem.l_quantity))))"
      ],
      "Sort Key": [
        "nation.n_name",
        "(EXTRACT(year FROM orders.o_orderdate)) DESC"
      ],
      "Plans": [
        {
          "Node Type": "Aggregate",
          "Strategy": "Hashed",
          "Partial Mode": "Finalize",
          "Parent Relationship": "Outer",
          "Parallel Aware": false,
          "Async Capable": false,
          "Startup Cost": 214213.94,
          "Total Cost": 215116.19,
          "Plan Rows": 60150,
          "Plan Width": 168,
          "Output": [
            "nation.n_name",
            "(EXTRACT(year FROM orders.o_orderdate))",
            "sum(((lineitem.l_extendedprice * ('1'::numeric - lineitem.l_discount)) - (partsupp.ps_supplycost * lineitem.l_quantity)))"
          ],
          "Group Key": [
            "nation.n_name",
            "(EXTRACT(year FROM orders.o_orderdate))"
          ],
          "Planned Partitions": 0,
          "Plans": [
            {
              "Node Type": "Gather",
              "Parent Relationship": "Outer",
              "Parallel Aware": false,
              "Async Capable": false,
              "Startup Cost": 180229.19,
              "Total Cost": 211206.44,
              "Plan Rows": 300750,
              "Plan Width": 168,
              "Output": [
                "nation.n_name",
                "(EXTRACT(year FROM orders.o_orderdate))",
                "(PARTIAL sum(((lineitem.l_extendedprice * ('1'::numeric - lineitem.l_discount)) - (partsupp.ps_supplycost * lineitem.l_quantity))))"
              ],
              "Workers Planned": 5,
              "Single Copy": false,
              "Plans": [
                {
                  "Node Type": "Aggregate",
                  "Strategy": "Hashed",
                  "Partial Mode": "Partial",
                  "Parent Relationship": "Outer",
                  "Parallel Aware": false,
                  "Async Capable": false,
                  "Startup Cost": 179229.19,
                  "Total Cost": 180131.44,
                  "Plan Rows": 60150,
                  "Plan Width": 168,
                  "Output": [
                    "nation.n_name",
                    "(EXTRACT(year FROM orders.o_orderdate))",
                    "PARTIAL sum(((lineitem.l_extendedprice * ('1'::numeric - lineitem.l_discount)) - (partsupp.ps_supplycost * lineitem.l_quantity)))"
                  ],
                  "Group Key": [
                    "nation.n_name",
                    "EXTRACT(year FROM orders.o_orderdate)"
                  ],
                  "Planned Partitions": 0,
                  "Plans": [
                    {
                      "Node Type": "Nested Loop",
                      "Parent Relationship": "Outer",
                      "Parallel Aware": false,
                      "Async Capable": false,
                      "Join Type": "Inner",
                      "Startup Cost": 15065.71,
                      "Total Cost": 178092.65,
                      "Plan Rows": 64945,
                      "Plan Width": 159,
                      "Output": [
                        "nation.n_name",
                        "EXTRACT(year FROM orders.o_orderdate)",
                        "lineitem.l_extendedprice",
                        "lineitem.l_discount",
                        "partsupp.ps_supplycost",
                        "lineitem.l_quantity"
                      ],
                      "Inner Unique": true,
                      "Plans": [
                        {
                          "Node Type": "Hash Join",
                          "Parent Relationship": "Outer",
                          "Parallel Aware": true,
                          "Async Capable": false,
                          "Join Type": "Inner",
                          "Startup Cost": 15065.28,
                          "Total Cost": 148669.64,
                          "Plan Rows": 64945,
                          "Plan Width": 131,
                          "Output": [
                            "lineitem.l_extendedprice",
                            "lineitem.l_discount",
                            "lineitem.l_quantity",
                            "lineitem.l_orderkey",
                            "partsupp.ps_supplycost",
                            "nation.n_name"
                          ],
                          "Inner Unique": false,
                          "Hash Cond": "((lineitem.l_suppkey = supplier.s_suppkey) AND (lineitem.l_partkey = partsupp.ps_partkey))",
                          "Plans": [
                            {
                              "Node Type": "Seq Scan",
                              "Parent Relationship": "Outer",
                              "Parallel Aware": true,
                              "Async Capable": false,
                              "Relation Name": "lineitem",
                              "Schema": "public",
                              "Alias": "lineitem",
                              "Startup Cost": 0.0,
                              "Total Cost": 124602.43,
                              "Plan Rows": 1200243,
                              "Plan Width": 29,
                              "Output": [
                                "lineitem.l_orderkey",
                                "lineitem.l_partkey",
                                "lineitem.l_suppkey",
                                "lineitem.l_linenumber",
                                "lineitem.l_quantity",
                                "lineitem.l_extendedprice",
                                "lineitem.l_discount",
                                "lineitem.l_tax",
                                "lineitem.l_returnflag",
                                "lineitem.l_linestatus",
                                "lineitem.l_shipdate",
                                "lineitem.l_commitdate",
                                "lineitem.l_receiptdate",
                                "lineitem.l_shipinstruct",
                                "lineitem.l_shipmode",
                                "lineitem.l_comment"
                              ]
                            },
                            {
                              "Node Type": "Hash",
                              "Parent Relationship": "Inner",
                              "Parallel Aware": true,
                              "Async Capable": false,
                              "Startup Cost": 14794.72,
                              "Total Cost": 14794.72,
                              "Plan Rows": 18037,
                              "Plan Width": 126,
                              "Output": [
                                "part.p_partkey",
                                "partsupp.ps_supplycost",
                                "partsupp.ps_suppkey",
                                "partsupp.ps_partkey",
                                "supplier.s_suppkey",
                                "nation.n_name"
                              ],
                              "Plans": [
                                {
                                  "Node Type": "Hash Join",
                                  "Parent Relationship": "Outer",
                                  "Parallel Aware": false,
                                  "Async Capable": false,
                                  "Join Type": "Inner",
                                  "Startup Cost": 449.99,
                                  "Total Cost": 14794.72,
                                  "Plan Rows": 18037,
                                  "Plan Width": 126,
                                  "Output": [
                                    "part.p_partkey",
                                    "partsupp.ps_supplycost",
                                    "partsupp.ps_suppkey",
                                    "partsupp.ps_partkey",
                                    "supplier.s_suppkey",
                                    "nation.n_name"
                                  ],
                                  "Inner Unique": true,
                                  "Hash Cond": "(supplier.s_nationkey = nation.n_nationkey)",
                                  "Plans": [
                                    {
                                      "Node Type": "Hash Join",
                                      "Parent Relationship": "Outer",
                                      "Parallel Aware": false,
                                      "Async Capable": false,
                                      "Join Type": "Inner",
                                      "Startup Cost": 448.43,
                                      "Total Cost": 14737.79,
                                      "Plan Rows": 18037,
                                      "Plan Width": 26,
                                      "Output": [
                                        "part.p_partkey",
                                        "partsupp.ps_supplycost",
                                        "partsupp.ps_suppkey",
                                        "partsupp.ps_partkey",
                                        "supplier.s_suppkey",
                                        "supplier.s_nationkey"
                                      ],
                                      "Inner Unique": true,
                                      "Hash Cond": "(partsupp.ps_suppkey = supplier.s_suppkey)",
                                      "Plans": [
                                        {
                                          "Node Type": "Nested Loop",
                                          "Parent Relationship": "Outer",
                                          "Parallel Aware": false,
                                          "Async Capable": false,
                                          "Join Type": "Inner",
                                          "Startup Cost": 0.42,
                                          "Total Cost": 14242.42,
                                          "Plan Rows": 18037,
                                          "Plan Width": 18,
                                          "Output": [
                                            "part.p_partkey",
                                            "partsupp.ps_supplycost",
                                            "partsupp.ps_suppkey",
                                            "partsupp.ps_partkey"
                                          ],
                                          "Inner Unique": false,
                                          "Plans": [
                                            {
                                              "Node Type": "Seq Scan",
                                              "Parent Relationship": "Outer",
                                              "Parallel Aware": true,
                                              "Async Capable": false,
                                              "Relation Name": "part",
                                              "Schema": "public",
                                              "Alias": "part",
                                              "Startup Cost": 0.0,
                                              "Total Cost": 5169.67,
                                              "Plan Rows": 4509,
                                              "Plan Width": 4,
                                              "Output": [
                                                "part.p_partkey",
                                                "part.p_name",
                                                "part.p_mfgr",
                                                "part.p_brand",
                                                "part.p_type",
                                                "part.p_size",
                                                "part.p_container",
                                                "part.p_retailprice",
                                                "part.p_comment"
                                              ],
                                              "Filter": "((part.p_name)::text ~~ '%dark%'::text)"
                                            },
                                            {
                                              "Node Type": "Index Scan",
                                              "Parent Relationship": "Inner",
                                              "Parallel Aware": false,
                                              "Async Capable": false,
                                              "Scan Direction": "Forward",
                                              "Index Name": "partsupp_pkey",
                                              "Relation Name": "partsupp",
                                              "Schema": "public",
                                              "Alias": "partsupp",
                                              "Startup Cost": 0.42,
                                              "Total Cost": 1.97,
                                              "Plan Rows": 4,
                                              "Plan Width": 14,
                                              "Output": [
                                                "partsupp.ps_partkey",
                                                "partsupp.ps_suppkey",
                                                "partsupp.ps_availqty",
                                                "partsupp.ps_supplycost",
                                                "partsupp.ps_comment"
                                              ],
                                              "Index Cond": "(partsupp.ps_partkey = part.p_partkey)"
                                            }
                                          ]
                                        },
                                        {
                                          "Node Type": "Hash",
                                          "Parent Relationship": "Inner",
                                          "Parallel Aware": false,
                                          "Async Capable": false,
                                          "Startup Cost": 323.0,
                                          "Total Cost": 323.0,
                                          "Plan Rows": 10000,
                                          "Plan Width": 8,
                                          "Output": [
                                            "supplier.s_suppkey",
                                            "supplier.s_nationkey"
                                          ],
                                          "Plans": [
                                            {
                                              "Node Type": "Seq Scan",
                                              "Parent Relationship": "Outer",
                                              "Parallel Aware": false,
                                              "Async Capable": false,
                                              "Relation Name": "supplier",
                                              "Schema": "public",
                                              "Alias": "supplier",
                                              "Startup Cost": 0.0,
                                              "Total Cost": 323.0,
                                              "Plan Rows": 10000,
                                              "Plan Width": 8,
                                              "Output": [
                                                "supplier.s_suppkey",
                                                "supplier.s_nationkey"
                                              ]
                                            }
                                          ]
                                        }
                                      ]
                                    },
                                    {
                                      "Node Type": "Hash",
                                      "Parent Relationship": "Inner",
                                      "Parallel Aware": false,
                                      "Async Capable": false,
                                      "Startup Cost": 1.25,
                                      "Total Cost": 1.25,
                                      "Plan Rows": 25,
                                      "Plan Width": 108,
                                      "Output": [
                                        "nation.n_name",
                                        "nation.n_nationkey"
                                      ],
                                      "Plans": [
                                        {
                                          "Node Type": "Seq Scan",
                                          "Parent Relationship": "Outer",
                                          "Parallel Aware": false,
                                          "Async Capable": false,
                                          "Relation Name": "nation",
                                          "Schema": "public",
                                          "Alias": "nation",
                                          "Startup Cost": 0.0,
                                          "Total Cost": 1.25,
                                          "Plan Rows": 25,
                                          "Plan Width": 108,
                                          "Output": [
                                            "nation.n_name",
                                            "nation.n_nationkey"
                                          ]
                                        }
                                      ]
                                    }
                                  ]
                                }
                              ]
                            }
                          ]
                        },
                        {
                          "Node Type": "Index Scan",
                          "Parent Relationship": "Inner",
                          "Parallel Aware": false,
                          "Async Capable": false,
                          "Scan Direction": "Forward",
                          "Index Name": "orders_pkey",
                          "Relation Name": "orders",
                          "Schema": "public",
                          "Alias": "orders",
                          "Startup Cost": 0.43,
                          "Total Cost": 0.45,
                          "Plan Rows": 1,
                          "Plan Width": 8,
                          "Output": [
                            "orders.o_orderkey",
                            "orders.o_custkey",
                            "orders.o_orderstatus",
                            "orders.o_totalprice",
                            "orders.o_orderdate",
                            "orders.o_orderpriority",
                            "orders.o_clerk",
                            "orders.o_shippriority",
                            "orders.o_comment"
                          ],
                          "Index Cond": "(orders.o_orderkey = lineitem.l_orderkey)"
                        }
                      ]
                    }
                  ]
                }
              ]
            }
          ]
        }
      ]
    },
    "JIT": {
      "Functions": 43,
      "Options": {
        "Inlining": false,
        "Optimization": false,
        "Expressions": true,
        "Deforming": true
      }
    }
  }
]
```

---

## 29. Q9_126_seed_1025503875.sql

**File Path:** `/Users/brunowinter2000/Documents/Thesis/2025_2026/Plan-Level/Generated_Queries/Q9/Q9_126_seed_1025503875.sql`

### EXPLAIN JSON

```json
[
  {
    "Plan": {
      "Node Type": "Sort",
      "Parallel Aware": false,
      "Async Capable": false,
      "Startup Cost": 222478.18,
      "Total Cost": 222628.55,
      "Plan Rows": 60150,
      "Plan Width": 168,
      "Output": [
        "nation.n_name",
        "(EXTRACT(year FROM orders.o_orderdate))",
        "(sum(((lineitem.l_extendedprice * ('1'::numeric - lineitem.l_discount)) - (partsupp.ps_supplycost * lineitem.l_quantity))))"
      ],
      "Sort Key": [
        "nation.n_name",
        "(EXTRACT(year FROM orders.o_orderdate)) DESC"
      ],
      "Plans": [
        {
          "Node Type": "Aggregate",
          "Strategy": "Hashed",
          "Partial Mode": "Finalize",
          "Parent Relationship": "Outer",
          "Parallel Aware": false,
          "Async Capable": false,
          "Startup Cost": 216801.14,
          "Total Cost": 217703.39,
          "Plan Rows": 60150,
          "Plan Width": 168,
          "Output": [
            "nation.n_name",
            "(EXTRACT(year FROM orders.o_orderdate))",
            "sum(((lineitem.l_extendedprice * ('1'::numeric - lineitem.l_discount)) - (partsupp.ps_supplycost * lineitem.l_quantity)))"
          ],
          "Group Key": [
            "nation.n_name",
            "(EXTRACT(year FROM orders.o_orderdate))"
          ],
          "Planned Partitions": 0,
          "Plans": [
            {
              "Node Type": "Gather",
              "Parent Relationship": "Outer",
              "Parallel Aware": false,
              "Async Capable": false,
              "Startup Cost": 182816.39,
              "Total Cost": 213793.64,
              "Plan Rows": 300750,
              "Plan Width": 168,
              "Output": [
                "nation.n_name",
                "(EXTRACT(year FROM orders.o_orderdate))",
                "(PARTIAL sum(((lineitem.l_extendedprice * ('1'::numeric - lineitem.l_discount)) - (partsupp.ps_supplycost * lineitem.l_quantity))))"
              ],
              "Workers Planned": 5,
              "Single Copy": false,
              "Plans": [
                {
                  "Node Type": "Aggregate",
                  "Strategy": "Hashed",
                  "Partial Mode": "Partial",
                  "Parent Relationship": "Outer",
                  "Parallel Aware": false,
                  "Async Capable": false,
                  "Startup Cost": 181816.39,
                  "Total Cost": 182718.64,
                  "Plan Rows": 60150,
                  "Plan Width": 168,
                  "Output": [
                    "nation.n_name",
                    "(EXTRACT(year FROM orders.o_orderdate))",
                    "PARTIAL sum(((lineitem.l_extendedprice * ('1'::numeric - lineitem.l_discount)) - (partsupp.ps_supplycost * lineitem.l_quantity)))"
                  ],
                  "Group Key": [
                    "nation.n_name",
                    "EXTRACT(year FROM orders.o_orderdate)"
                  ],
                  "Planned Partitions": 0,
                  "Plans": [
                    {
                      "Node Type": "Nested Loop",
                      "Parent Relationship": "Outer",
                      "Parallel Aware": false,
                      "Async Capable": false,
                      "Join Type": "Inner",
                      "Startup Cost": 15390.98,
                      "Total Cost": 180595.73,
                      "Plan Rows": 69752,
                      "Plan Width": 159,
                      "Output": [
                        "nation.n_name",
                        "EXTRACT(year FROM orders.o_orderdate)",
                        "lineitem.l_extendedprice",
                        "lineitem.l_discount",
                        "partsupp.ps_supplycost",
                        "lineitem.l_quantity"
                      ],
                      "Inner Unique": true,
                      "Plans": [
                        {
                          "Node Type": "Hash Join",
                          "Parent Relationship": "Outer",
                          "Parallel Aware": true,
                          "Async Capable": false,
                          "Join Type": "Inner",
                          "Startup Cost": 15390.55,
                          "Total Cost": 148994.93,
                          "Plan Rows": 69752,
                          "Plan Width": 131,
                          "Output": [
                            "lineitem.l_extendedprice",
                            "lineitem.l_discount",
                            "lineitem.l_quantity",
                            "lineitem.l_orderkey",
                            "partsupp.ps_supplycost",
                            "nation.n_name"
                          ],
                          "Inner Unique": false,
                          "Hash Cond": "((lineitem.l_suppkey = supplier.s_suppkey) AND (lineitem.l_partkey = partsupp.ps_partkey))",
                          "Plans": [
                            {
                              "Node Type": "Seq Scan",
                              "Parent Relationship": "Outer",
                              "Parallel Aware": true,
                              "Async Capable": false,
                              "Relation Name": "lineitem",
                              "Schema": "public",
                              "Alias": "lineitem",
                              "Startup Cost": 0.0,
                              "Total Cost": 124602.43,
                              "Plan Rows": 1200243,
                              "Plan Width": 29,
                              "Output": [
                                "lineitem.l_orderkey",
                                "lineitem.l_partkey",
                                "lineitem.l_suppkey",
                                "lineitem.l_linenumber",
                                "lineitem.l_quantity",
                                "lineitem.l_extendedprice",
                                "lineitem.l_discount",
                                "lineitem.l_tax",
                                "lineitem.l_returnflag",
                                "lineitem.l_linestatus",
                                "lineitem.l_shipdate",
                                "lineitem.l_commitdate",
                                "lineitem.l_receiptdate",
                                "lineitem.l_shipinstruct",
                                "lineitem.l_shipmode",
                                "lineitem.l_comment"
                              ]
                            },
                            {
                              "Node Type": "Hash",
                              "Parent Relationship": "Inner",
                              "Parallel Aware": true,
                              "Async Capable": false,
                              "Startup Cost": 15099.97,
                              "Total Cost": 15099.97,
                              "Plan Rows": 19372,
                              "Plan Width": 126,
                              "Output": [
                                "part.p_partkey",
                                "partsupp.ps_supplycost",
                                "partsupp.ps_suppkey",
                                "partsupp.ps_partkey",
                                "supplier.s_suppkey",
                                "nation.n_name"
                              ],
                              "Plans": [
                                {
                                  "Node Type": "Hash Join",
                                  "Parent Relationship": "Outer",
                                  "Parallel Aware": false,
                                  "Async Capable": false,
                                  "Join Type": "Inner",
                                  "Startup Cost": 449.99,
                                  "Total Cost": 15099.97,
                                  "Plan Rows": 19372,
                                  "Plan Width": 126,
                                  "Output": [
                                    "part.p_partkey",
                                    "partsupp.ps_supplycost",
                                    "partsupp.ps_suppkey",
                                    "partsupp.ps_partkey",
                                    "supplier.s_suppkey",
                                    "nation.n_name"
                                  ],
                                  "Inner Unique": true,
                                  "Hash Cond": "(supplier.s_nationkey = nation.n_nationkey)",
                                  "Plans": [
                                    {
                                      "Node Type": "Hash Join",
                                      "Parent Relationship": "Outer",
                                      "Parallel Aware": false,
                                      "Async Capable": false,
                                      "Join Type": "Inner",
                                      "Startup Cost": 448.43,
                                      "Total Cost": 15038.94,
                                      "Plan Rows": 19372,
                                      "Plan Width": 26,
                                      "Output": [
                                        "part.p_partkey",
                                        "partsupp.ps_supplycost",
                                        "partsupp.ps_suppkey",
                                        "partsupp.ps_partkey",
                                        "supplier.s_suppkey",
                                        "supplier.s_nationkey"
                                      ],
                                      "Inner Unique": true,
                                      "Hash Cond": "(partsupp.ps_suppkey = supplier.s_suppkey)",
                                      "Plans": [
                                        {
                                          "Node Type": "Nested Loop",
                                          "Parent Relationship": "Outer",
                                          "Parallel Aware": false,
                                          "Async Capable": false,
                                          "Join Type": "Inner",
                                          "Startup Cost": 0.42,
                                          "Total Cost": 14540.06,
                                          "Plan Rows": 19372,
                                          "Plan Width": 18,
                                          "Output": [
                                            "part.p_partkey",
                                            "partsupp.ps_supplycost",
                                            "partsupp.ps_suppkey",
                                            "partsupp.ps_partkey"
                                          ],
                                          "Inner Unique": false,
                                          "Plans": [
                                            {
                                              "Node Type": "Seq Scan",
                                              "Parent Relationship": "Outer",
                                              "Parallel Aware": true,
                                              "Async Capable": false,
                                              "Relation Name": "part",
                                              "Schema": "public",
                                              "Alias": "part",
                                              "Startup Cost": 0.0,
                                              "Total Cost": 5169.67,
                                              "Plan Rows": 4843,
                                              "Plan Width": 4,
                                              "Output": [
                                                "part.p_partkey",
                                                "part.p_name",
                                                "part.p_mfgr",
                                                "part.p_brand",
                                                "part.p_type",
                                                "part.p_size",
                                                "part.p_container",
                                                "part.p_retailprice",
                                                "part.p_comment"
                                              ],
                                              "Filter": "((part.p_name)::text ~~ '%powder%'::text)"
                                            },
                                            {
                                              "Node Type": "Index Scan",
                                              "Parent Relationship": "Inner",
                                              "Parallel Aware": false,
                                              "Async Capable": false,
                                              "Scan Direction": "Forward",
                                              "Index Name": "partsupp_pkey",
                                              "Relation Name": "partsupp",
                                              "Schema": "public",
                                              "Alias": "partsupp",
                                              "Startup Cost": 0.42,
                                              "Total Cost": 1.89,
                                              "Plan Rows": 4,
                                              "Plan Width": 14,
                                              "Output": [
                                                "partsupp.ps_partkey",
                                                "partsupp.ps_suppkey",
                                                "partsupp.ps_availqty",
                                                "partsupp.ps_supplycost",
                                                "partsupp.ps_comment"
                                              ],
                                              "Index Cond": "(partsupp.ps_partkey = part.p_partkey)"
                                            }
                                          ]
                                        },
                                        {
                                          "Node Type": "Hash",
                                          "Parent Relationship": "Inner",
                                          "Parallel Aware": false,
                                          "Async Capable": false,
                                          "Startup Cost": 323.0,
                                          "Total Cost": 323.0,
                                          "Plan Rows": 10000,
                                          "Plan Width": 8,
                                          "Output": [
                                            "supplier.s_suppkey",
                                            "supplier.s_nationkey"
                                          ],
                                          "Plans": [
                                            {
                                              "Node Type": "Seq Scan",
                                              "Parent Relationship": "Outer",
                                              "Parallel Aware": false,
                                              "Async Capable": false,
                                              "Relation Name": "supplier",
                                              "Schema": "public",
                                              "Alias": "supplier",
                                              "Startup Cost": 0.0,
                                              "Total Cost": 323.0,
                                              "Plan Rows": 10000,
                                              "Plan Width": 8,
                                              "Output": [
                                                "supplier.s_suppkey",
                                                "supplier.s_nationkey"
                                              ]
                                            }
                                          ]
                                        }
                                      ]
                                    },
                                    {
                                      "Node Type": "Hash",
                                      "Parent Relationship": "Inner",
                                      "Parallel Aware": false,
                                      "Async Capable": false,
                                      "Startup Cost": 1.25,
                                      "Total Cost": 1.25,
                                      "Plan Rows": 25,
                                      "Plan Width": 108,
                                      "Output": [
                                        "nation.n_name",
                                        "nation.n_nationkey"
                                      ],
                                      "Plans": [
                                        {
                                          "Node Type": "Seq Scan",
                                          "Parent Relationship": "Outer",
                                          "Parallel Aware": false,
                                          "Async Capable": false,
                                          "Relation Name": "nation",
                                          "Schema": "public",
                                          "Alias": "nation",
                                          "Startup Cost": 0.0,
                                          "Total Cost": 1.25,
                                          "Plan Rows": 25,
                                          "Plan Width": 108,
                                          "Output": [
                                            "nation.n_name",
                                            "nation.n_nationkey"
                                          ]
                                        }
                                      ]
                                    }
                                  ]
                                }
                              ]
                            }
                          ]
                        },
                        {
                          "Node Type": "Index Scan",
                          "Parent Relationship": "Inner",
                          "Parallel Aware": false,
                          "Async Capable": false,
                          "Scan Direction": "Forward",
                          "Index Name": "orders_pkey",
                          "Relation Name": "orders",
                          "Schema": "public",
                          "Alias": "orders",
                          "Startup Cost": 0.43,
                          "Total Cost": 0.45,
                          "Plan Rows": 1,
                          "Plan Width": 8,
                          "Output": [
                            "orders.o_orderkey",
                            "orders.o_custkey",
                            "orders.o_orderstatus",
                            "orders.o_totalprice",
                            "orders.o_orderdate",
                            "orders.o_orderpriority",
                            "orders.o_clerk",
                            "orders.o_shippriority",
                            "orders.o_comment"
                          ],
                          "Index Cond": "(orders.o_orderkey = lineitem.l_orderkey)"
                        }
                      ]
                    }
                  ]
                }
              ]
            }
          ]
        }
      ]
    },
    "JIT": {
      "Functions": 43,
      "Options": {
        "Inlining": false,
        "Optimization": false,
        "Expressions": true,
        "Deforming": true
      }
    }
  }
]
```

---

## 30. Q9_127_seed_1033707906.sql

**File Path:** `/Users/brunowinter2000/Documents/Thesis/2025_2026/Plan-Level/Generated_Queries/Q9/Q9_127_seed_1033707906.sql`

### EXPLAIN JSON

```json
[
  {
    "Plan": {
      "Node Type": "Sort",
      "Parallel Aware": false,
      "Async Capable": false,
      "Startup Cost": 219890.98,
      "Total Cost": 220041.36,
      "Plan Rows": 60150,
      "Plan Width": 168,
      "Output": [
        "nation.n_name",
        "(EXTRACT(year FROM orders.o_orderdate))",
        "(sum(((lineitem.l_extendedprice * ('1'::numeric - lineitem.l_discount)) - (partsupp.ps_supplycost * lineitem.l_quantity))))"
      ],
      "Sort Key": [
        "nation.n_name",
        "(EXTRACT(year FROM orders.o_orderdate)) DESC"
      ],
      "Plans": [
        {
          "Node Type": "Aggregate",
          "Strategy": "Hashed",
          "Partial Mode": "Finalize",
          "Parent Relationship": "Outer",
          "Parallel Aware": false,
          "Async Capable": false,
          "Startup Cost": 214213.94,
          "Total Cost": 215116.19,
          "Plan Rows": 60150,
          "Plan Width": 168,
          "Output": [
            "nation.n_name",
            "(EXTRACT(year FROM orders.o_orderdate))",
            "sum(((lineitem.l_extendedprice * ('1'::numeric - lineitem.l_discount)) - (partsupp.ps_supplycost * lineitem.l_quantity)))"
          ],
          "Group Key": [
            "nation.n_name",
            "(EXTRACT(year FROM orders.o_orderdate))"
          ],
          "Planned Partitions": 0,
          "Plans": [
            {
              "Node Type": "Gather",
              "Parent Relationship": "Outer",
              "Parallel Aware": false,
              "Async Capable": false,
              "Startup Cost": 180229.19,
              "Total Cost": 211206.44,
              "Plan Rows": 300750,
              "Plan Width": 168,
              "Output": [
                "nation.n_name",
                "(EXTRACT(year FROM orders.o_orderdate))",
                "(PARTIAL sum(((lineitem.l_extendedprice * ('1'::numeric - lineitem.l_discount)) - (partsupp.ps_supplycost * lineitem.l_quantity))))"
              ],
              "Workers Planned": 5,
              "Single Copy": false,
              "Plans": [
                {
                  "Node Type": "Aggregate",
                  "Strategy": "Hashed",
                  "Partial Mode": "Partial",
                  "Parent Relationship": "Outer",
                  "Parallel Aware": false,
                  "Async Capable": false,
                  "Startup Cost": 179229.19,
                  "Total Cost": 180131.44,
                  "Plan Rows": 60150,
                  "Plan Width": 168,
                  "Output": [
                    "nation.n_name",
                    "(EXTRACT(year FROM orders.o_orderdate))",
                    "PARTIAL sum(((lineitem.l_extendedprice * ('1'::numeric - lineitem.l_discount)) - (partsupp.ps_supplycost * lineitem.l_quantity)))"
                  ],
                  "Group Key": [
                    "nation.n_name",
                    "EXTRACT(year FROM orders.o_orderdate)"
                  ],
                  "Planned Partitions": 0,
                  "Plans": [
                    {
                      "Node Type": "Nested Loop",
                      "Parent Relationship": "Outer",
                      "Parallel Aware": false,
                      "Async Capable": false,
                      "Join Type": "Inner",
                      "Startup Cost": 15065.71,
                      "Total Cost": 178092.65,
                      "Plan Rows": 64945,
                      "Plan Width": 159,
                      "Output": [
                        "nation.n_name",
                        "EXTRACT(year FROM orders.o_orderdate)",
                        "lineitem.l_extendedprice",
                        "lineitem.l_discount",
                        "partsupp.ps_supplycost",
                        "lineitem.l_quantity"
                      ],
                      "Inner Unique": true,
                      "Plans": [
                        {
                          "Node Type": "Hash Join",
                          "Parent Relationship": "Outer",
                          "Parallel Aware": true,
                          "Async Capable": false,
                          "Join Type": "Inner",
                          "Startup Cost": 15065.28,
                          "Total Cost": 148669.64,
                          "Plan Rows": 64945,
                          "Plan Width": 131,
                          "Output": [
                            "lineitem.l_extendedprice",
                            "lineitem.l_discount",
                            "lineitem.l_quantity",
                            "lineitem.l_orderkey",
                            "partsupp.ps_supplycost",
                            "nation.n_name"
                          ],
                          "Inner Unique": false,
                          "Hash Cond": "((lineitem.l_suppkey = supplier.s_suppkey) AND (lineitem.l_partkey = partsupp.ps_partkey))",
                          "Plans": [
                            {
                              "Node Type": "Seq Scan",
                              "Parent Relationship": "Outer",
                              "Parallel Aware": true,
                              "Async Capable": false,
                              "Relation Name": "lineitem",
                              "Schema": "public",
                              "Alias": "lineitem",
                              "Startup Cost": 0.0,
                              "Total Cost": 124602.43,
                              "Plan Rows": 1200243,
                              "Plan Width": 29,
                              "Output": [
                                "lineitem.l_orderkey",
                                "lineitem.l_partkey",
                                "lineitem.l_suppkey",
                                "lineitem.l_linenumber",
                                "lineitem.l_quantity",
                                "lineitem.l_extendedprice",
                                "lineitem.l_discount",
                                "lineitem.l_tax",
                                "lineitem.l_returnflag",
                                "lineitem.l_linestatus",
                                "lineitem.l_shipdate",
                                "lineitem.l_commitdate",
                                "lineitem.l_receiptdate",
                                "lineitem.l_shipinstruct",
                                "lineitem.l_shipmode",
                                "lineitem.l_comment"
                              ]
                            },
                            {
                              "Node Type": "Hash",
                              "Parent Relationship": "Inner",
                              "Parallel Aware": true,
                              "Async Capable": false,
                              "Startup Cost": 14794.72,
                              "Total Cost": 14794.72,
                              "Plan Rows": 18037,
                              "Plan Width": 126,
                              "Output": [
                                "part.p_partkey",
                                "partsupp.ps_supplycost",
                                "partsupp.ps_suppkey",
                                "partsupp.ps_partkey",
                                "supplier.s_suppkey",
                                "nation.n_name"
                              ],
                              "Plans": [
                                {
                                  "Node Type": "Hash Join",
                                  "Parent Relationship": "Outer",
                                  "Parallel Aware": false,
                                  "Async Capable": false,
                                  "Join Type": "Inner",
                                  "Startup Cost": 449.99,
                                  "Total Cost": 14794.72,
                                  "Plan Rows": 18037,
                                  "Plan Width": 126,
                                  "Output": [
                                    "part.p_partkey",
                                    "partsupp.ps_supplycost",
                                    "partsupp.ps_suppkey",
                                    "partsupp.ps_partkey",
                                    "supplier.s_suppkey",
                                    "nation.n_name"
                                  ],
                                  "Inner Unique": true,
                                  "Hash Cond": "(supplier.s_nationkey = nation.n_nationkey)",
                                  "Plans": [
                                    {
                                      "Node Type": "Hash Join",
                                      "Parent Relationship": "Outer",
                                      "Parallel Aware": false,
                                      "Async Capable": false,
                                      "Join Type": "Inner",
                                      "Startup Cost": 448.43,
                                      "Total Cost": 14737.79,
                                      "Plan Rows": 18037,
                                      "Plan Width": 26,
                                      "Output": [
                                        "part.p_partkey",
                                        "partsupp.ps_supplycost",
                                        "partsupp.ps_suppkey",
                                        "partsupp.ps_partkey",
                                        "supplier.s_suppkey",
                                        "supplier.s_nationkey"
                                      ],
                                      "Inner Unique": true,
                                      "Hash Cond": "(partsupp.ps_suppkey = supplier.s_suppkey)",
                                      "Plans": [
                                        {
                                          "Node Type": "Nested Loop",
                                          "Parent Relationship": "Outer",
                                          "Parallel Aware": false,
                                          "Async Capable": false,
                                          "Join Type": "Inner",
                                          "Startup Cost": 0.42,
                                          "Total Cost": 14242.42,
                                          "Plan Rows": 18037,
                                          "Plan Width": 18,
                                          "Output": [
                                            "part.p_partkey",
                                            "partsupp.ps_supplycost",
                                            "partsupp.ps_suppkey",
                                            "partsupp.ps_partkey"
                                          ],
                                          "Inner Unique": false,
                                          "Plans": [
                                            {
                                              "Node Type": "Seq Scan",
                                              "Parent Relationship": "Outer",
                                              "Parallel Aware": true,
                                              "Async Capable": false,
                                              "Relation Name": "part",
                                              "Schema": "public",
                                              "Alias": "part",
                                              "Startup Cost": 0.0,
                                              "Total Cost": 5169.67,
                                              "Plan Rows": 4509,
                                              "Plan Width": 4,
                                              "Output": [
                                                "part.p_partkey",
                                                "part.p_name",
                                                "part.p_mfgr",
                                                "part.p_brand",
                                                "part.p_type",
                                                "part.p_size",
                                                "part.p_container",
                                                "part.p_retailprice",
                                                "part.p_comment"
                                              ],
                                              "Filter": "((part.p_name)::text ~~ '%cream%'::text)"
                                            },
                                            {
                                              "Node Type": "Index Scan",
                                              "Parent Relationship": "Inner",
                                              "Parallel Aware": false,
                                              "Async Capable": false,
                                              "Scan Direction": "Forward",
                                              "Index Name": "partsupp_pkey",
                                              "Relation Name": "partsupp",
                                              "Schema": "public",
                                              "Alias": "partsupp",
                                              "Startup Cost": 0.42,
                                              "Total Cost": 1.97,
                                              "Plan Rows": 4,
                                              "Plan Width": 14,
                                              "Output": [
                                                "partsupp.ps_partkey",
                                                "partsupp.ps_suppkey",
                                                "partsupp.ps_availqty",
                                                "partsupp.ps_supplycost",
                                                "partsupp.ps_comment"
                                              ],
                                              "Index Cond": "(partsupp.ps_partkey = part.p_partkey)"
                                            }
                                          ]
                                        },
                                        {
                                          "Node Type": "Hash",
                                          "Parent Relationship": "Inner",
                                          "Parallel Aware": false,
                                          "Async Capable": false,
                                          "Startup Cost": 323.0,
                                          "Total Cost": 323.0,
                                          "Plan Rows": 10000,
                                          "Plan Width": 8,
                                          "Output": [
                                            "supplier.s_suppkey",
                                            "supplier.s_nationkey"
                                          ],
                                          "Plans": [
                                            {
                                              "Node Type": "Seq Scan",
                                              "Parent Relationship": "Outer",
                                              "Parallel Aware": false,
                                              "Async Capable": false,
                                              "Relation Name": "supplier",
                                              "Schema": "public",
                                              "Alias": "supplier",
                                              "Startup Cost": 0.0,
                                              "Total Cost": 323.0,
                                              "Plan Rows": 10000,
                                              "Plan Width": 8,
                                              "Output": [
                                                "supplier.s_suppkey",
                                                "supplier.s_nationkey"
                                              ]
                                            }
                                          ]
                                        }
                                      ]
                                    },
                                    {
                                      "Node Type": "Hash",
                                      "Parent Relationship": "Inner",
                                      "Parallel Aware": false,
                                      "Async Capable": false,
                                      "Startup Cost": 1.25,
                                      "Total Cost": 1.25,
                                      "Plan Rows": 25,
                                      "Plan Width": 108,
                                      "Output": [
                                        "nation.n_name",
                                        "nation.n_nationkey"
                                      ],
                                      "Plans": [
                                        {
                                          "Node Type": "Seq Scan",
                                          "Parent Relationship": "Outer",
                                          "Parallel Aware": false,
                                          "Async Capable": false,
                                          "Relation Name": "nation",
                                          "Schema": "public",
                                          "Alias": "nation",
                                          "Startup Cost": 0.0,
                                          "Total Cost": 1.25,
                                          "Plan Rows": 25,
                                          "Plan Width": 108,
                                          "Output": [
                                            "nation.n_name",
                                            "nation.n_nationkey"
                                          ]
                                        }
                                      ]
                                    }
                                  ]
                                }
                              ]
                            }
                          ]
                        },
                        {
                          "Node Type": "Index Scan",
                          "Parent Relationship": "Inner",
                          "Parallel Aware": false,
                          "Async Capable": false,
                          "Scan Direction": "Forward",
                          "Index Name": "orders_pkey",
                          "Relation Name": "orders",
                          "Schema": "public",
                          "Alias": "orders",
                          "Startup Cost": 0.43,
                          "Total Cost": 0.45,
                          "Plan Rows": 1,
                          "Plan Width": 8,
                          "Output": [
                            "orders.o_orderkey",
                            "orders.o_custkey",
                            "orders.o_orderstatus",
                            "orders.o_totalprice",
                            "orders.o_orderdate",
                            "orders.o_orderpriority",
                            "orders.o_clerk",
                            "orders.o_shippriority",
                            "orders.o_comment"
                          ],
                          "Index Cond": "(orders.o_orderkey = lineitem.l_orderkey)"
                        }
                      ]
                    }
                  ]
                }
              ]
            }
          ]
        }
      ]
    },
    "JIT": {
      "Functions": 43,
      "Options": {
        "Inlining": false,
        "Optimization": false,
        "Expressions": true,
        "Deforming": true
      }
    }
  }
]
```

---

## 31. Q9_128_seed_1041911937.sql

**File Path:** `/Users/brunowinter2000/Documents/Thesis/2025_2026/Plan-Level/Generated_Queries/Q9/Q9_128_seed_1041911937.sql`

### EXPLAIN JSON

```json
[
  {
    "Plan": {
      "Node Type": "Sort",
      "Parallel Aware": false,
      "Async Capable": false,
      "Startup Cost": 203830.47,
      "Total Cost": 203980.85,
      "Plan Rows": 60150,
      "Plan Width": 168,
      "Output": [
        "nation.n_name",
        "(EXTRACT(year FROM orders.o_orderdate))",
        "(sum(((lineitem.l_extendedprice * ('1'::numeric - lineitem.l_discount)) - (partsupp.ps_supplycost * lineitem.l_quantity))))"
      ],
      "Sort Key": [
        "nation.n_name",
        "(EXTRACT(year FROM orders.o_orderdate)) DESC"
      ],
      "Plans": [
        {
          "Node Type": "Aggregate",
          "Strategy": "Hashed",
          "Partial Mode": "Finalize",
          "Parent Relationship": "Outer",
          "Parallel Aware": false,
          "Async Capable": false,
          "Startup Cost": 198153.43,
          "Total Cost": 199055.68,
          "Plan Rows": 60150,
          "Plan Width": 168,
          "Output": [
            "nation.n_name",
            "(EXTRACT(year FROM orders.o_orderdate))",
            "sum(((lineitem.l_extendedprice * ('1'::numeric - lineitem.l_discount)) - (partsupp.ps_supplycost * lineitem.l_quantity)))"
          ],
          "Group Key": [
            "nation.n_name",
            "(EXTRACT(year FROM orders.o_orderdate))"
          ],
          "Planned Partitions": 0,
          "Plans": [
            {
              "Node Type": "Gather",
              "Parent Relationship": "Outer",
              "Parallel Aware": false,
              "Async Capable": false,
              "Startup Cost": 170973.54,
              "Total Cost": 195748.13,
              "Plan Rows": 240530,
              "Plan Width": 168,
              "Output": [
                "nation.n_name",
                "(EXTRACT(year FROM orders.o_orderdate))",
                "(PARTIAL sum(((lineitem.l_extendedprice * ('1'::numeric - lineitem.l_discount)) - (partsupp.ps_supplycost * lineitem.l_quantity))))"
              ],
              "Workers Planned": 5,
              "Single Copy": false,
              "Plans": [
                {
                  "Node Type": "Aggregate",
                  "Strategy": "Hashed",
                  "Partial Mode": "Partial",
                  "Parent Relationship": "Outer",
                  "Parallel Aware": false,
                  "Async Capable": false,
                  "Startup Cost": 169973.54,
                  "Total Cost": 170695.13,
                  "Plan Rows": 48106,
                  "Plan Width": 168,
                  "Output": [
                    "nation.n_name",
                    "(EXTRACT(year FROM orders.o_orderdate))",
                    "PARTIAL sum(((lineitem.l_extendedprice * ('1'::numeric - lineitem.l_discount)) - (partsupp.ps_supplycost * lineitem.l_quantity)))"
                  ],
                  "Group Key": [
                    "nation.n_name",
                    "EXTRACT(year FROM orders.o_orderdate)"
                  ],
                  "Planned Partitions": 0,
                  "Plans": [
                    {
                      "Node Type": "Nested Loop",
                      "Parent Relationship": "Outer",
                      "Parallel Aware": false,
                      "Async Capable": false,
                      "Join Type": "Inner",
                      "Startup Cost": 13733.6,
                      "Total Cost": 169131.69,
                      "Plan Rows": 48106,
                      "Plan Width": 159,
                      "Output": [
                        "nation.n_name",
                        "EXTRACT(year FROM orders.o_orderdate)",
                        "lineitem.l_extendedprice",
                        "lineitem.l_discount",
                        "partsupp.ps_supplycost",
                        "lineitem.l_quantity"
                      ],
                      "Inner Unique": true,
                      "Plans": [
                        {
                          "Node Type": "Hash Join",
                          "Parent Relationship": "Outer",
                          "Parallel Aware": true,
                          "Async Capable": false,
                          "Join Type": "Inner",
                          "Startup Cost": 13733.17,
                          "Total Cost": 147337.5,
                          "Plan Rows": 48106,
                          "Plan Width": 131,
                          "Output": [
                            "lineitem.l_extendedprice",
                            "lineitem.l_discount",
                            "lineitem.l_quantity",
                            "lineitem.l_orderkey",
                            "partsupp.ps_supplycost",
                            "nation.n_name"
                          ],
                          "Inner Unique": false,
                          "Hash Cond": "((lineitem.l_suppkey = supplier.s_suppkey) AND (lineitem.l_partkey = partsupp.ps_partkey))",
                          "Plans": [
                            {
                              "Node Type": "Seq Scan",
                              "Parent Relationship": "Outer",
                              "Parallel Aware": true,
                              "Async Capable": false,
                              "Relation Name": "lineitem",
                              "Schema": "public",
                              "Alias": "lineitem",
                              "Startup Cost": 0.0,
                              "Total Cost": 124602.43,
                              "Plan Rows": 1200243,
                              "Plan Width": 29,
                              "Output": [
                                "lineitem.l_orderkey",
                                "lineitem.l_partkey",
                                "lineitem.l_suppkey",
                                "lineitem.l_linenumber",
                                "lineitem.l_quantity",
                                "lineitem.l_extendedprice",
                                "lineitem.l_discount",
                                "lineitem.l_tax",
                                "lineitem.l_returnflag",
                                "lineitem.l_linestatus",
                                "lineitem.l_shipdate",
                                "lineitem.l_commitdate",
                                "lineitem.l_receiptdate",
                                "lineitem.l_shipinstruct",
                                "lineitem.l_shipmode",
                                "lineitem.l_comment"
                              ]
                            },
                            {
                              "Node Type": "Hash",
                              "Parent Relationship": "Inner",
                              "Parallel Aware": true,
                              "Async Capable": false,
                              "Startup Cost": 13532.77,
                              "Total Cost": 13532.77,
                              "Plan Rows": 13360,
                              "Plan Width": 126,
                              "Output": [
                                "part.p_partkey",
                                "partsupp.ps_supplycost",
                                "partsupp.ps_suppkey",
                                "partsupp.ps_partkey",
                                "supplier.s_suppkey",
                                "nation.n_name"
                              ],
                              "Plans": [
                                {
                                  "Node Type": "Hash Join",
                                  "Parent Relationship": "Outer",
                                  "Parallel Aware": false,
                                  "Async Capable": false,
                                  "Join Type": "Inner",
                                  "Startup Cost": 449.99,
                                  "Total Cost": 13532.77,
                                  "Plan Rows": 13360,
                                  "Plan Width": 126,
                                  "Output": [
                                    "part.p_partkey",
                                    "partsupp.ps_supplycost",
                                    "partsupp.ps_suppkey",
                                    "partsupp.ps_partkey",
                                    "supplier.s_suppkey",
                                    "nation.n_name"
                                  ],
                                  "Inner Unique": true,
                                  "Hash Cond": "(supplier.s_nationkey = nation.n_nationkey)",
                                  "Plans": [
                                    {
                                      "Node Type": "Hash Join",
                                      "Parent Relationship": "Outer",
                                      "Parallel Aware": false,
                                      "Async Capable": false,
                                      "Join Type": "Inner",
                                      "Startup Cost": 448.43,
                                      "Total Cost": 13490.2,
                                      "Plan Rows": 13360,
                                      "Plan Width": 26,
                                      "Output": [
                                        "part.p_partkey",
                                        "partsupp.ps_supplycost",
                                        "partsupp.ps_suppkey",
                                        "partsupp.ps_partkey",
                                        "supplier.s_suppkey",
                                        "supplier.s_nationkey"
                                      ],
                                      "Inner Unique": true,
                                      "Hash Cond": "(partsupp.ps_suppkey = supplier.s_suppkey)",
                                      "Plans": [
                                        {
                                          "Node Type": "Nested Loop",
                                          "Parent Relationship": "Outer",
                                          "Parallel Aware": false,
                                          "Async Capable": false,
                                          "Join Type": "Inner",
                                          "Startup Cost": 0.42,
                                          "Total Cost": 13007.12,
                                          "Plan Rows": 13360,
                                          "Plan Width": 18,
                                          "Output": [
                                            "part.p_partkey",
                                            "partsupp.ps_supplycost",
                                            "partsupp.ps_suppkey",
                                            "partsupp.ps_partkey"
                                          ],
                                          "Inner Unique": false,
                                          "Plans": [
                                            {
                                              "Node Type": "Seq Scan",
                                              "Parent Relationship": "Outer",
                                              "Parallel Aware": true,
                                              "Async Capable": false,
                                              "Relation Name": "part",
                                              "Schema": "public",
                                              "Alias": "part",
                                              "Startup Cost": 0.0,
                                              "Total Cost": 5169.67,
                                              "Plan Rows": 3340,
                                              "Plan Width": 4,
                                              "Output": [
                                                "part.p_partkey",
                                                "part.p_name",
                                                "part.p_mfgr",
                                                "part.p_brand",
                                                "part.p_type",
                                                "part.p_size",
                                                "part.p_container",
                                                "part.p_retailprice",
                                                "part.p_comment"
                                              ],
                                              "Filter": "((part.p_name)::text ~~ '%plum%'::text)"
                                            },
                                            {
                                              "Node Type": "Index Scan",
                                              "Parent Relationship": "Inner",
                                              "Parallel Aware": false,
                                              "Async Capable": false,
                                              "Scan Direction": "Forward",
                                              "Index Name": "partsupp_pkey",
                                              "Relation Name": "partsupp",
                                              "Schema": "public",
                                              "Alias": "partsupp",
                                              "Startup Cost": 0.42,
                                              "Total Cost": 2.31,
                                              "Plan Rows": 4,
                                              "Plan Width": 14,
                                              "Output": [
                                                "partsupp.ps_partkey",
                                                "partsupp.ps_suppkey",
                                                "partsupp.ps_availqty",
                                                "partsupp.ps_supplycost",
                                                "partsupp.ps_comment"
                                              ],
                                              "Index Cond": "(partsupp.ps_partkey = part.p_partkey)"
                                            }
                                          ]
                                        },
                                        {
                                          "Node Type": "Hash",
                                          "Parent Relationship": "Inner",
                                          "Parallel Aware": false,
                                          "Async Capable": false,
                                          "Startup Cost": 323.0,
                                          "Total Cost": 323.0,
                                          "Plan Rows": 10000,
                                          "Plan Width": 8,
                                          "Output": [
                                            "supplier.s_suppkey",
                                            "supplier.s_nationkey"
                                          ],
                                          "Plans": [
                                            {
                                              "Node Type": "Seq Scan",
                                              "Parent Relationship": "Outer",
                                              "Parallel Aware": false,
                                              "Async Capable": false,
                                              "Relation Name": "supplier",
                                              "Schema": "public",
                                              "Alias": "supplier",
                                              "Startup Cost": 0.0,
                                              "Total Cost": 323.0,
                                              "Plan Rows": 10000,
                                              "Plan Width": 8,
                                              "Output": [
                                                "supplier.s_suppkey",
                                                "supplier.s_nationkey"
                                              ]
                                            }
                                          ]
                                        }
                                      ]
                                    },
                                    {
                                      "Node Type": "Hash",
                                      "Parent Relationship": "Inner",
                                      "Parallel Aware": false,
                                      "Async Capable": false,
                                      "Startup Cost": 1.25,
                                      "Total Cost": 1.25,
                                      "Plan Rows": 25,
                                      "Plan Width": 108,
                                      "Output": [
                                        "nation.n_name",
                                        "nation.n_nationkey"
                                      ],
                                      "Plans": [
                                        {
                                          "Node Type": "Seq Scan",
                                          "Parent Relationship": "Outer",
                                          "Parallel Aware": false,
                                          "Async Capable": false,
                                          "Relation Name": "nation",
                                          "Schema": "public",
                                          "Alias": "nation",
                                          "Startup Cost": 0.0,
                                          "Total Cost": 1.25,
                                          "Plan Rows": 25,
                                          "Plan Width": 108,
                                          "Output": [
                                            "nation.n_name",
                                            "nation.n_nationkey"
                                          ]
                                        }
                                      ]
                                    }
                                  ]
                                }
                              ]
                            }
                          ]
                        },
                        {
                          "Node Type": "Index Scan",
                          "Parent Relationship": "Inner",
                          "Parallel Aware": false,
                          "Async Capable": false,
                          "Scan Direction": "Forward",
                          "Index Name": "orders_pkey",
                          "Relation Name": "orders",
                          "Schema": "public",
                          "Alias": "orders",
                          "Startup Cost": 0.43,
                          "Total Cost": 0.45,
                          "Plan Rows": 1,
                          "Plan Width": 8,
                          "Output": [
                            "orders.o_orderkey",
                            "orders.o_custkey",
                            "orders.o_orderstatus",
                            "orders.o_totalprice",
                            "orders.o_orderdate",
                            "orders.o_orderpriority",
                            "orders.o_clerk",
                            "orders.o_shippriority",
                            "orders.o_comment"
                          ],
                          "Index Cond": "(orders.o_orderkey = lineitem.l_orderkey)"
                        }
                      ]
                    }
                  ]
                }
              ]
            }
          ]
        }
      ]
    },
    "JIT": {
      "Functions": 43,
      "Options": {
        "Inlining": false,
        "Optimization": false,
        "Expressions": true,
        "Deforming": true
      }
    }
  }
]
```

---

## 32. Q9_129_seed_1050115968.sql

**File Path:** `/Users/brunowinter2000/Documents/Thesis/2025_2026/Plan-Level/Generated_Queries/Q9/Q9_129_seed_1050115968.sql`

### EXPLAIN JSON

```json
[
  {
    "Plan": {
      "Node Type": "Sort",
      "Parallel Aware": false,
      "Async Capable": false,
      "Startup Cost": 213932.55,
      "Total Cost": 214082.93,
      "Plan Rows": 60150,
      "Plan Width": 168,
      "Output": [
        "nation.n_name",
        "(EXTRACT(year FROM orders.o_orderdate))",
        "(sum(((lineitem.l_extendedprice * ('1'::numeric - lineitem.l_discount)) - (partsupp.ps_supplycost * lineitem.l_quantity))))"
      ],
      "Sort Key": [
        "nation.n_name",
        "(EXTRACT(year FROM orders.o_orderdate)) DESC"
      ],
      "Plans": [
        {
          "Node Type": "Aggregate",
          "Strategy": "Hashed",
          "Partial Mode": "Finalize",
          "Parent Relationship": "Outer",
          "Parallel Aware": false,
          "Async Capable": false,
          "Startup Cost": 208255.51,
          "Total Cost": 209157.76,
          "Plan Rows": 60150,
          "Plan Width": 168,
          "Output": [
            "nation.n_name",
            "(EXTRACT(year FROM orders.o_orderdate))",
            "sum(((lineitem.l_extendedprice * ('1'::numeric - lineitem.l_discount)) - (partsupp.ps_supplycost * lineitem.l_quantity)))"
          ],
          "Group Key": [
            "nation.n_name",
            "(EXTRACT(year FROM orders.o_orderdate))"
          ],
          "Planned Partitions": 0,
          "Plans": [
            {
              "Node Type": "Gather",
              "Parent Relationship": "Outer",
              "Parallel Aware": false,
              "Async Capable": false,
              "Startup Cost": 187503.76,
              "Total Cost": 206451.01,
              "Plan Rows": 180450,
              "Plan Width": 168,
              "Output": [
                "nation.n_name",
                "(EXTRACT(year FROM orders.o_orderdate))",
                "(PARTIAL sum(((lineitem.l_extendedprice * ('1'::numeric - lineitem.l_discount)) - (partsupp.ps_supplycost * lineitem.l_quantity))))"
              ],
              "Workers Planned": 3,
              "Single Copy": false,
              "Plans": [
                {
                  "Node Type": "Aggregate",
                  "Strategy": "Hashed",
                  "Partial Mode": "Partial",
                  "Parent Relationship": "Outer",
                  "Parallel Aware": false,
                  "Async Capable": false,
                  "Startup Cost": 186503.76,
                  "Total Cost": 187406.01,
                  "Plan Rows": 60150,
                  "Plan Width": 168,
                  "Output": [
                    "nation.n_name",
                    "(EXTRACT(year FROM orders.o_orderdate))",
                    "PARTIAL sum(((lineitem.l_extendedprice * ('1'::numeric - lineitem.l_discount)) - (partsupp.ps_supplycost * lineitem.l_quantity)))"
                  ],
                  "Group Key": [
                    "nation.n_name",
                    "EXTRACT(year FROM orders.o_orderdate)"
                  ],
                  "Planned Partitions": 0,
                  "Plans": [
                    {
                      "Node Type": "Hash Join",
                      "Parent Relationship": "Outer",
                      "Parallel Aware": true,
                      "Async Capable": false,
                      "Join Type": "Inner",
                      "Startup Cost": 150812.72,
                      "Total Cost": 184195.5,
                      "Plan Rows": 131901,
                      "Plan Width": 159,
                      "Output": [
                        "nation.n_name",
                        "EXTRACT(year FROM orders.o_orderdate)",
                        "lineitem.l_extendedprice",
                        "lineitem.l_discount",
                        "partsupp.ps_supplycost",
                        "lineitem.l_quantity"
                      ],
                      "Inner Unique": false,
                      "Hash Cond": "(orders.o_orderkey = lineitem.l_orderkey)",
                      "Plans": [
                        {
                          "Node Type": "Seq Scan",
                          "Parent Relationship": "Outer",
                          "Parallel Aware": true,
                          "Async Capable": false,
                          "Relation Name": "orders",
                          "Schema": "public",
                          "Alias": "orders",
                          "Startup Cost": 0.0,
                          "Total Cost": 30974.71,
                          "Plan Rows": 483871,
                          "Plan Width": 8,
                          "Output": [
                            "orders.o_orderkey",
                            "orders.o_custkey",
                            "orders.o_orderstatus",
                            "orders.o_totalprice",
                            "orders.o_orderdate",
                            "orders.o_orderpriority",
                            "orders.o_clerk",
                            "orders.o_shippriority",
                            "orders.o_comment"
                          ]
                        },
                        {
                          "Node Type": "Hash",
                          "Parent Relationship": "Inner",
                          "Parallel Aware": true,
                          "Async Capable": false,
                          "Startup Cost": 149790.48,
                          "Total Cost": 149790.48,
                          "Plan Rows": 81779,
                          "Plan Width": 131,
                          "Output": [
                            "lineitem.l_extendedprice",
                            "lineitem.l_discount",
                            "lineitem.l_quantity",
                            "lineitem.l_orderkey",
                            "partsupp.ps_supplycost",
                            "nation.n_name"
                          ],
                          "Plans": [
                            {
                              "Node Type": "Hash Join",
                              "Parent Relationship": "Outer",
                              "Parallel Aware": true,
                              "Async Capable": false,
                              "Join Type": "Inner",
                              "Startup Cost": 16186.09,
                              "Total Cost": 149790.48,
                              "Plan Rows": 81779,
                              "Plan Width": 131,
                              "Output": [
                                "lineitem.l_extendedprice",
                                "lineitem.l_discount",
                                "lineitem.l_quantity",
                                "lineitem.l_orderkey",
                                "partsupp.ps_supplycost",
                                "nation.n_name"
                              ],
                              "Inner Unique": false,
                              "Hash Cond": "((lineitem.l_suppkey = supplier.s_suppkey) AND (lineitem.l_partkey = partsupp.ps_partkey))",
                              "Plans": [
                                {
                                  "Node Type": "Seq Scan",
                                  "Parent Relationship": "Outer",
                                  "Parallel Aware": true,
                                  "Async Capable": false,
                                  "Relation Name": "lineitem",
                                  "Schema": "public",
                                  "Alias": "lineitem",
                                  "Startup Cost": 0.0,
                                  "Total Cost": 124602.43,
                                  "Plan Rows": 1200243,
                                  "Plan Width": 29,
                                  "Output": [
                                    "lineitem.l_orderkey",
                                    "lineitem.l_partkey",
                                    "lineitem.l_suppkey",
                                    "lineitem.l_linenumber",
                                    "lineitem.l_quantity",
                                    "lineitem.l_extendedprice",
                                    "lineitem.l_discount",
                                    "lineitem.l_tax",
                                    "lineitem.l_returnflag",
                                    "lineitem.l_linestatus",
                                    "lineitem.l_shipdate",
                                    "lineitem.l_commitdate",
                                    "lineitem.l_receiptdate",
                                    "lineitem.l_shipinstruct",
                                    "lineitem.l_shipmode",
                                    "lineitem.l_comment"
                                  ]
                                },
                                {
                                  "Node Type": "Hash",
                                  "Parent Relationship": "Inner",
                                  "Parallel Aware": true,
                                  "Async Capable": false,
                                  "Startup Cost": 15845.41,
                                  "Total Cost": 15845.41,
                                  "Plan Rows": 22712,
                                  "Plan Width": 126,
                                  "Output": [
                                    "part.p_partkey",
                                    "partsupp.ps_supplycost",
                                    "partsupp.ps_suppkey",
                                    "partsupp.ps_partkey",
                                    "supplier.s_suppkey",
                                    "nation.n_name"
                                  ],
                                  "Plans": [
                                    {
                                      "Node Type": "Hash Join",
                                      "Parent Relationship": "Outer",
                                      "Parallel Aware": false,
                                      "Async Capable": false,
                                      "Join Type": "Inner",
                                      "Startup Cost": 449.99,
                                      "Total Cost": 15845.41,
                                      "Plan Rows": 22712,
                                      "Plan Width": 126,
                                      "Output": [
                                        "part.p_partkey",
                                        "partsupp.ps_supplycost",
                                        "partsupp.ps_suppkey",
                                        "partsupp.ps_partkey",
                                        "supplier.s_suppkey",
                                        "nation.n_name"
                                      ],
                                      "Inner Unique": true,
                                      "Hash Cond": "(supplier.s_nationkey = nation.n_nationkey)",
                                      "Plans": [
                                        {
                                          "Node Type": "Hash Join",
                                          "Parent Relationship": "Outer",
                                          "Parallel Aware": false,
                                          "Async Capable": false,
                                          "Join Type": "Inner",
                                          "Startup Cost": 448.43,
                                          "Total Cost": 15774.12,
                                          "Plan Rows": 22712,
                                          "Plan Width": 26,
                                          "Output": [
                                            "part.p_partkey",
                                            "partsupp.ps_supplycost",
                                            "partsupp.ps_suppkey",
                                            "partsupp.ps_partkey",
                                            "supplier.s_suppkey",
                                            "supplier.s_nationkey"
                                          ],
                                          "Inner Unique": true,
                                          "Hash Cond": "(partsupp.ps_suppkey = supplier.s_suppkey)",
                                          "Plans": [
                                            {
                                              "Node Type": "Nested Loop",
                                              "Parent Relationship": "Outer",
                                              "Parallel Aware": false,
                                              "Async Capable": false,
                                              "Join Type": "Inner",
                                              "Startup Cost": 0.42,
                                              "Total Cost": 15266.48,
                                              "Plan Rows": 22712,
                                              "Plan Width": 18,
                                              "Output": [
                                                "part.p_partkey",
                                                "partsupp.ps_supplycost",
                                                "partsupp.ps_suppkey",
                                                "partsupp.ps_partkey"
                                              ],
                                              "Inner Unique": false,
                                              "Plans": [
                                                {
                                                  "Node Type": "Seq Scan",
                                                  "Parent Relationship": "Outer",
                                                  "Parallel Aware": true,
                                                  "Async Capable": false,
                                                  "Relation Name": "part",
                                                  "Schema": "public",
                                                  "Alias": "part",
                                                  "Startup Cost": 0.0,
                                                  "Total Cost": 5169.67,
                                                  "Plan Rows": 5678,
                                                  "Plan Width": 4,
                                                  "Output": [
                                                    "part.p_partkey",
                                                    "part.p_name",
                                                    "part.p_mfgr",
                                                    "part.p_brand",
                                                    "part.p_type",
                                                    "part.p_size",
                                                    "part.p_container",
                                                    "part.p_retailprice",
                                                    "part.p_comment"
                                                  ],
                                                  "Filter": "((part.p_name)::text ~~ '%cornsilk%'::text)"
                                                },
                                                {
                                                  "Node Type": "Index Scan",
                                                  "Parent Relationship": "Inner",
                                                  "Parallel Aware": false,
                                                  "Async Capable": false,
                                                  "Scan Direction": "Forward",
                                                  "Index Name": "partsupp_pkey",
                                                  "Relation Name": "partsupp",
                                                  "Schema": "public",
                                                  "Alias": "partsupp",
                                                  "Startup Cost": 0.42,
                                                  "Total Cost": 1.74,
                                                  "Plan Rows": 4,
                                                  "Plan Width": 14,
                                                  "Output": [
                                                    "partsupp.ps_partkey",
                                                    "partsupp.ps_suppkey",
                                                    "partsupp.ps_availqty",
                                                    "partsupp.ps_supplycost",
                                                    "partsupp.ps_comment"
                                                  ],
                                                  "Index Cond": "(partsupp.ps_partkey = part.p_partkey)"
                                                }
                                              ]
                                            },
                                            {
                                              "Node Type": "Hash",
                                              "Parent Relationship": "Inner",
                                              "Parallel Aware": false,
                                              "Async Capable": false,
                                              "Startup Cost": 323.0,
                                              "Total Cost": 323.0,
                                              "Plan Rows": 10000,
                                              "Plan Width": 8,
                                              "Output": [
                                                "supplier.s_suppkey",
                                                "supplier.s_nationkey"
                                              ],
                                              "Plans": [
                                                {
                                                  "Node Type": "Seq Scan",
                                                  "Parent Relationship": "Outer",
                                                  "Parallel Aware": false,
                                                  "Async Capable": false,
                                                  "Relation Name": "supplier",
                                                  "Schema": "public",
                                                  "Alias": "supplier",
                                                  "Startup Cost": 0.0,
                                                  "Total Cost": 323.0,
                                                  "Plan Rows": 10000,
                                                  "Plan Width": 8,
                                                  "Output": [
                                                    "supplier.s_suppkey",
                                                    "supplier.s_nationkey"
                                                  ]
                                                }
                                              ]
                                            }
                                          ]
                                        },
                                        {
                                          "Node Type": "Hash",
                                          "Parent Relationship": "Inner",
                                          "Parallel Aware": false,
                                          "Async Capable": false,
                                          "Startup Cost": 1.25,
                                          "Total Cost": 1.25,
                                          "Plan Rows": 25,
                                          "Plan Width": 108,
                                          "Output": [
                                            "nation.n_name",
                                            "nation.n_nationkey"
                                          ],
                                          "Plans": [
                                            {
                                              "Node Type": "Seq Scan",
                                              "Parent Relationship": "Outer",
                                              "Parallel Aware": false,
                                              "Async Capable": false,
                                              "Relation Name": "nation",
                                              "Schema": "public",
                                              "Alias": "nation",
                                              "Startup Cost": 0.0,
                                              "Total Cost": 1.25,
                                              "Plan Rows": 25,
                                              "Plan Width": 108,
                                              "Output": [
                                                "nation.n_name",
                                                "nation.n_nationkey"
                                              ]
                                            }
                                          ]
                                        }
                                      ]
                                    }
                                  ]
                                }
                              ]
                            }
                          ]
                        }
                      ]
                    }
                  ]
                }
              ]
            }
          ]
        }
      ]
    },
    "JIT": {
      "Functions": 48,
      "Options": {
        "Inlining": false,
        "Optimization": false,
        "Expressions": true,
        "Deforming": true
      }
    }
  }
]
```

---

## 33. Q9_12_seed_90244341.sql

**File Path:** `/Users/brunowinter2000/Documents/Thesis/2025_2026/Plan-Level/Generated_Queries/Q9/Q9_12_seed_90244341.sql`

### EXPLAIN JSON

```json
[
  {
    "Plan": {
      "Node Type": "Sort",
      "Parallel Aware": false,
      "Async Capable": false,
      "Startup Cost": 219890.98,
      "Total Cost": 220041.36,
      "Plan Rows": 60150,
      "Plan Width": 168,
      "Output": [
        "nation.n_name",
        "(EXTRACT(year FROM orders.o_orderdate))",
        "(sum(((lineitem.l_extendedprice * ('1'::numeric - lineitem.l_discount)) - (partsupp.ps_supplycost * lineitem.l_quantity))))"
      ],
      "Sort Key": [
        "nation.n_name",
        "(EXTRACT(year FROM orders.o_orderdate)) DESC"
      ],
      "Plans": [
        {
          "Node Type": "Aggregate",
          "Strategy": "Hashed",
          "Partial Mode": "Finalize",
          "Parent Relationship": "Outer",
          "Parallel Aware": false,
          "Async Capable": false,
          "Startup Cost": 214213.94,
          "Total Cost": 215116.19,
          "Plan Rows": 60150,
          "Plan Width": 168,
          "Output": [
            "nation.n_name",
            "(EXTRACT(year FROM orders.o_orderdate))",
            "sum(((lineitem.l_extendedprice * ('1'::numeric - lineitem.l_discount)) - (partsupp.ps_supplycost * lineitem.l_quantity)))"
          ],
          "Group Key": [
            "nation.n_name",
            "(EXTRACT(year FROM orders.o_orderdate))"
          ],
          "Planned Partitions": 0,
          "Plans": [
            {
              "Node Type": "Gather",
              "Parent Relationship": "Outer",
              "Parallel Aware": false,
              "Async Capable": false,
              "Startup Cost": 180229.19,
              "Total Cost": 211206.44,
              "Plan Rows": 300750,
              "Plan Width": 168,
              "Output": [
                "nation.n_name",
                "(EXTRACT(year FROM orders.o_orderdate))",
                "(PARTIAL sum(((lineitem.l_extendedprice * ('1'::numeric - lineitem.l_discount)) - (partsupp.ps_supplycost * lineitem.l_quantity))))"
              ],
              "Workers Planned": 5,
              "Single Copy": false,
              "Plans": [
                {
                  "Node Type": "Aggregate",
                  "Strategy": "Hashed",
                  "Partial Mode": "Partial",
                  "Parent Relationship": "Outer",
                  "Parallel Aware": false,
                  "Async Capable": false,
                  "Startup Cost": 179229.19,
                  "Total Cost": 180131.44,
                  "Plan Rows": 60150,
                  "Plan Width": 168,
                  "Output": [
                    "nation.n_name",
                    "(EXTRACT(year FROM orders.o_orderdate))",
                    "PARTIAL sum(((lineitem.l_extendedprice * ('1'::numeric - lineitem.l_discount)) - (partsupp.ps_supplycost * lineitem.l_quantity)))"
                  ],
                  "Group Key": [
                    "nation.n_name",
                    "EXTRACT(year FROM orders.o_orderdate)"
                  ],
                  "Planned Partitions": 0,
                  "Plans": [
                    {
                      "Node Type": "Nested Loop",
                      "Parent Relationship": "Outer",
                      "Parallel Aware": false,
                      "Async Capable": false,
                      "Join Type": "Inner",
                      "Startup Cost": 15065.71,
                      "Total Cost": 178092.65,
                      "Plan Rows": 64945,
                      "Plan Width": 159,
                      "Output": [
                        "nation.n_name",
                        "EXTRACT(year FROM orders.o_orderdate)",
                        "lineitem.l_extendedprice",
                        "lineitem.l_discount",
                        "partsupp.ps_supplycost",
                        "lineitem.l_quantity"
                      ],
                      "Inner Unique": true,
                      "Plans": [
                        {
                          "Node Type": "Hash Join",
                          "Parent Relationship": "Outer",
                          "Parallel Aware": true,
                          "Async Capable": false,
                          "Join Type": "Inner",
                          "Startup Cost": 15065.28,
                          "Total Cost": 148669.64,
                          "Plan Rows": 64945,
                          "Plan Width": 131,
                          "Output": [
                            "lineitem.l_extendedprice",
                            "lineitem.l_discount",
                            "lineitem.l_quantity",
                            "lineitem.l_orderkey",
                            "partsupp.ps_supplycost",
                            "nation.n_name"
                          ],
                          "Inner Unique": false,
                          "Hash Cond": "((lineitem.l_suppkey = supplier.s_suppkey) AND (lineitem.l_partkey = partsupp.ps_partkey))",
                          "Plans": [
                            {
                              "Node Type": "Seq Scan",
                              "Parent Relationship": "Outer",
                              "Parallel Aware": true,
                              "Async Capable": false,
                              "Relation Name": "lineitem",
                              "Schema": "public",
                              "Alias": "lineitem",
                              "Startup Cost": 0.0,
                              "Total Cost": 124602.43,
                              "Plan Rows": 1200243,
                              "Plan Width": 29,
                              "Output": [
                                "lineitem.l_orderkey",
                                "lineitem.l_partkey",
                                "lineitem.l_suppkey",
                                "lineitem.l_linenumber",
                                "lineitem.l_quantity",
                                "lineitem.l_extendedprice",
                                "lineitem.l_discount",
                                "lineitem.l_tax",
                                "lineitem.l_returnflag",
                                "lineitem.l_linestatus",
                                "lineitem.l_shipdate",
                                "lineitem.l_commitdate",
                                "lineitem.l_receiptdate",
                                "lineitem.l_shipinstruct",
                                "lineitem.l_shipmode",
                                "lineitem.l_comment"
                              ]
                            },
                            {
                              "Node Type": "Hash",
                              "Parent Relationship": "Inner",
                              "Parallel Aware": true,
                              "Async Capable": false,
                              "Startup Cost": 14794.72,
                              "Total Cost": 14794.72,
                              "Plan Rows": 18037,
                              "Plan Width": 126,
                              "Output": [
                                "part.p_partkey",
                                "partsupp.ps_supplycost",
                                "partsupp.ps_suppkey",
                                "partsupp.ps_partkey",
                                "supplier.s_suppkey",
                                "nation.n_name"
                              ],
                              "Plans": [
                                {
                                  "Node Type": "Hash Join",
                                  "Parent Relationship": "Outer",
                                  "Parallel Aware": false,
                                  "Async Capable": false,
                                  "Join Type": "Inner",
                                  "Startup Cost": 449.99,
                                  "Total Cost": 14794.72,
                                  "Plan Rows": 18037,
                                  "Plan Width": 126,
                                  "Output": [
                                    "part.p_partkey",
                                    "partsupp.ps_supplycost",
                                    "partsupp.ps_suppkey",
                                    "partsupp.ps_partkey",
                                    "supplier.s_suppkey",
                                    "nation.n_name"
                                  ],
                                  "Inner Unique": true,
                                  "Hash Cond": "(supplier.s_nationkey = nation.n_nationkey)",
                                  "Plans": [
                                    {
                                      "Node Type": "Hash Join",
                                      "Parent Relationship": "Outer",
                                      "Parallel Aware": false,
                                      "Async Capable": false,
                                      "Join Type": "Inner",
                                      "Startup Cost": 448.43,
                                      "Total Cost": 14737.79,
                                      "Plan Rows": 18037,
                                      "Plan Width": 26,
                                      "Output": [
                                        "part.p_partkey",
                                        "partsupp.ps_supplycost",
                                        "partsupp.ps_suppkey",
                                        "partsupp.ps_partkey",
                                        "supplier.s_suppkey",
                                        "supplier.s_nationkey"
                                      ],
                                      "Inner Unique": true,
                                      "Hash Cond": "(partsupp.ps_suppkey = supplier.s_suppkey)",
                                      "Plans": [
                                        {
                                          "Node Type": "Nested Loop",
                                          "Parent Relationship": "Outer",
                                          "Parallel Aware": false,
                                          "Async Capable": false,
                                          "Join Type": "Inner",
                                          "Startup Cost": 0.42,
                                          "Total Cost": 14242.42,
                                          "Plan Rows": 18037,
                                          "Plan Width": 18,
                                          "Output": [
                                            "part.p_partkey",
                                            "partsupp.ps_supplycost",
                                            "partsupp.ps_suppkey",
                                            "partsupp.ps_partkey"
                                          ],
                                          "Inner Unique": false,
                                          "Plans": [
                                            {
                                              "Node Type": "Seq Scan",
                                              "Parent Relationship": "Outer",
                                              "Parallel Aware": true,
                                              "Async Capable": false,
                                              "Relation Name": "part",
                                              "Schema": "public",
                                              "Alias": "part",
                                              "Startup Cost": 0.0,
                                              "Total Cost": 5169.67,
                                              "Plan Rows": 4509,
                                              "Plan Width": 4,
                                              "Output": [
                                                "part.p_partkey",
                                                "part.p_name",
                                                "part.p_mfgr",
                                                "part.p_brand",
                                                "part.p_type",
                                                "part.p_size",
                                                "part.p_container",
                                                "part.p_retailprice",
                                                "part.p_comment"
                                              ],
                                              "Filter": "((part.p_name)::text ~~ '%khaki%'::text)"
                                            },
                                            {
                                              "Node Type": "Index Scan",
                                              "Parent Relationship": "Inner",
                                              "Parallel Aware": false,
                                              "Async Capable": false,
                                              "Scan Direction": "Forward",
                                              "Index Name": "partsupp_pkey",
                                              "Relation Name": "partsupp",
                                              "Schema": "public",
                                              "Alias": "partsupp",
                                              "Startup Cost": 0.42,
                                              "Total Cost": 1.97,
                                              "Plan Rows": 4,
                                              "Plan Width": 14,
                                              "Output": [
                                                "partsupp.ps_partkey",
                                                "partsupp.ps_suppkey",
                                                "partsupp.ps_availqty",
                                                "partsupp.ps_supplycost",
                                                "partsupp.ps_comment"
                                              ],
                                              "Index Cond": "(partsupp.ps_partkey = part.p_partkey)"
                                            }
                                          ]
                                        },
                                        {
                                          "Node Type": "Hash",
                                          "Parent Relationship": "Inner",
                                          "Parallel Aware": false,
                                          "Async Capable": false,
                                          "Startup Cost": 323.0,
                                          "Total Cost": 323.0,
                                          "Plan Rows": 10000,
                                          "Plan Width": 8,
                                          "Output": [
                                            "supplier.s_suppkey",
                                            "supplier.s_nationkey"
                                          ],
                                          "Plans": [
                                            {
                                              "Node Type": "Seq Scan",
                                              "Parent Relationship": "Outer",
                                              "Parallel Aware": false,
                                              "Async Capable": false,
                                              "Relation Name": "supplier",
                                              "Schema": "public",
                                              "Alias": "supplier",
                                              "Startup Cost": 0.0,
                                              "Total Cost": 323.0,
                                              "Plan Rows": 10000,
                                              "Plan Width": 8,
                                              "Output": [
                                                "supplier.s_suppkey",
                                                "supplier.s_nationkey"
                                              ]
                                            }
                                          ]
                                        }
                                      ]
                                    },
                                    {
                                      "Node Type": "Hash",
                                      "Parent Relationship": "Inner",
                                      "Parallel Aware": false,
                                      "Async Capable": false,
                                      "Startup Cost": 1.25,
                                      "Total Cost": 1.25,
                                      "Plan Rows": 25,
                                      "Plan Width": 108,
                                      "Output": [
                                        "nation.n_name",
                                        "nation.n_nationkey"
                                      ],
                                      "Plans": [
                                        {
                                          "Node Type": "Seq Scan",
                                          "Parent Relationship": "Outer",
                                          "Parallel Aware": false,
                                          "Async Capable": false,
                                          "Relation Name": "nation",
                                          "Schema": "public",
                                          "Alias": "nation",
                                          "Startup Cost": 0.0,
                                          "Total Cost": 1.25,
                                          "Plan Rows": 25,
                                          "Plan Width": 108,
                                          "Output": [
                                            "nation.n_name",
                                            "nation.n_nationkey"
                                          ]
                                        }
                                      ]
                                    }
                                  ]
                                }
                              ]
                            }
                          ]
                        },
                        {
                          "Node Type": "Index Scan",
                          "Parent Relationship": "Inner",
                          "Parallel Aware": false,
                          "Async Capable": false,
                          "Scan Direction": "Forward",
                          "Index Name": "orders_pkey",
                          "Relation Name": "orders",
                          "Schema": "public",
                          "Alias": "orders",
                          "Startup Cost": 0.43,
                          "Total Cost": 0.45,
                          "Plan Rows": 1,
                          "Plan Width": 8,
                          "Output": [
                            "orders.o_orderkey",
                            "orders.o_custkey",
                            "orders.o_orderstatus",
                            "orders.o_totalprice",
                            "orders.o_orderdate",
                            "orders.o_orderpriority",
                            "orders.o_clerk",
                            "orders.o_shippriority",
                            "orders.o_comment"
                          ],
                          "Index Cond": "(orders.o_orderkey = lineitem.l_orderkey)"
                        }
                      ]
                    }
                  ]
                }
              ]
            }
          ]
        }
      ]
    },
    "JIT": {
      "Functions": 43,
      "Options": {
        "Inlining": false,
        "Optimization": false,
        "Expressions": true,
        "Deforming": true
      }
    }
  }
]
```

---

## 34. Q9_130_seed_1058319999.sql

**File Path:** `/Users/brunowinter2000/Documents/Thesis/2025_2026/Plan-Level/Generated_Queries/Q9/Q9_130_seed_1058319999.sql`

### EXPLAIN JSON

```json
[
  {
    "Plan": {
      "Node Type": "Sort",
      "Parallel Aware": false,
      "Async Capable": false,
      "Startup Cost": 222478.18,
      "Total Cost": 222628.55,
      "Plan Rows": 60150,
      "Plan Width": 168,
      "Output": [
        "nation.n_name",
        "(EXTRACT(year FROM orders.o_orderdate))",
        "(sum(((lineitem.l_extendedprice * ('1'::numeric - lineitem.l_discount)) - (partsupp.ps_supplycost * lineitem.l_quantity))))"
      ],
      "Sort Key": [
        "nation.n_name",
        "(EXTRACT(year FROM orders.o_orderdate)) DESC"
      ],
      "Plans": [
        {
          "Node Type": "Aggregate",
          "Strategy": "Hashed",
          "Partial Mode": "Finalize",
          "Parent Relationship": "Outer",
          "Parallel Aware": false,
          "Async Capable": false,
          "Startup Cost": 216801.14,
          "Total Cost": 217703.39,
          "Plan Rows": 60150,
          "Plan Width": 168,
          "Output": [
            "nation.n_name",
            "(EXTRACT(year FROM orders.o_orderdate))",
            "sum(((lineitem.l_extendedprice * ('1'::numeric - lineitem.l_discount)) - (partsupp.ps_supplycost * lineitem.l_quantity)))"
          ],
          "Group Key": [
            "nation.n_name",
            "(EXTRACT(year FROM orders.o_orderdate))"
          ],
          "Planned Partitions": 0,
          "Plans": [
            {
              "Node Type": "Gather",
              "Parent Relationship": "Outer",
              "Parallel Aware": false,
              "Async Capable": false,
              "Startup Cost": 182816.39,
              "Total Cost": 213793.64,
              "Plan Rows": 300750,
              "Plan Width": 168,
              "Output": [
                "nation.n_name",
                "(EXTRACT(year FROM orders.o_orderdate))",
                "(PARTIAL sum(((lineitem.l_extendedprice * ('1'::numeric - lineitem.l_discount)) - (partsupp.ps_supplycost * lineitem.l_quantity))))"
              ],
              "Workers Planned": 5,
              "Single Copy": false,
              "Plans": [
                {
                  "Node Type": "Aggregate",
                  "Strategy": "Hashed",
                  "Partial Mode": "Partial",
                  "Parent Relationship": "Outer",
                  "Parallel Aware": false,
                  "Async Capable": false,
                  "Startup Cost": 181816.39,
                  "Total Cost": 182718.64,
                  "Plan Rows": 60150,
                  "Plan Width": 168,
                  "Output": [
                    "nation.n_name",
                    "(EXTRACT(year FROM orders.o_orderdate))",
                    "PARTIAL sum(((lineitem.l_extendedprice * ('1'::numeric - lineitem.l_discount)) - (partsupp.ps_supplycost * lineitem.l_quantity)))"
                  ],
                  "Group Key": [
                    "nation.n_name",
                    "EXTRACT(year FROM orders.o_orderdate)"
                  ],
                  "Planned Partitions": 0,
                  "Plans": [
                    {
                      "Node Type": "Nested Loop",
                      "Parent Relationship": "Outer",
                      "Parallel Aware": false,
                      "Async Capable": false,
                      "Join Type": "Inner",
                      "Startup Cost": 15390.98,
                      "Total Cost": 180595.73,
                      "Plan Rows": 69752,
                      "Plan Width": 159,
                      "Output": [
                        "nation.n_name",
                        "EXTRACT(year FROM orders.o_orderdate)",
                        "lineitem.l_extendedprice",
                        "lineitem.l_discount",
                        "partsupp.ps_supplycost",
                        "lineitem.l_quantity"
                      ],
                      "Inner Unique": true,
                      "Plans": [
                        {
                          "Node Type": "Hash Join",
                          "Parent Relationship": "Outer",
                          "Parallel Aware": true,
                          "Async Capable": false,
                          "Join Type": "Inner",
                          "Startup Cost": 15390.55,
                          "Total Cost": 148994.93,
                          "Plan Rows": 69752,
                          "Plan Width": 131,
                          "Output": [
                            "lineitem.l_extendedprice",
                            "lineitem.l_discount",
                            "lineitem.l_quantity",
                            "lineitem.l_orderkey",
                            "partsupp.ps_supplycost",
                            "nation.n_name"
                          ],
                          "Inner Unique": false,
                          "Hash Cond": "((lineitem.l_suppkey = supplier.s_suppkey) AND (lineitem.l_partkey = partsupp.ps_partkey))",
                          "Plans": [
                            {
                              "Node Type": "Seq Scan",
                              "Parent Relationship": "Outer",
                              "Parallel Aware": true,
                              "Async Capable": false,
                              "Relation Name": "lineitem",
                              "Schema": "public",
                              "Alias": "lineitem",
                              "Startup Cost": 0.0,
                              "Total Cost": 124602.43,
                              "Plan Rows": 1200243,
                              "Plan Width": 29,
                              "Output": [
                                "lineitem.l_orderkey",
                                "lineitem.l_partkey",
                                "lineitem.l_suppkey",
                                "lineitem.l_linenumber",
                                "lineitem.l_quantity",
                                "lineitem.l_extendedprice",
                                "lineitem.l_discount",
                                "lineitem.l_tax",
                                "lineitem.l_returnflag",
                                "lineitem.l_linestatus",
                                "lineitem.l_shipdate",
                                "lineitem.l_commitdate",
                                "lineitem.l_receiptdate",
                                "lineitem.l_shipinstruct",
                                "lineitem.l_shipmode",
                                "lineitem.l_comment"
                              ]
                            },
                            {
                              "Node Type": "Hash",
                              "Parent Relationship": "Inner",
                              "Parallel Aware": true,
                              "Async Capable": false,
                              "Startup Cost": 15099.97,
                              "Total Cost": 15099.97,
                              "Plan Rows": 19372,
                              "Plan Width": 126,
                              "Output": [
                                "part.p_partkey",
                                "partsupp.ps_supplycost",
                                "partsupp.ps_suppkey",
                                "partsupp.ps_partkey",
                                "supplier.s_suppkey",
                                "nation.n_name"
                              ],
                              "Plans": [
                                {
                                  "Node Type": "Hash Join",
                                  "Parent Relationship": "Outer",
                                  "Parallel Aware": false,
                                  "Async Capable": false,
                                  "Join Type": "Inner",
                                  "Startup Cost": 449.99,
                                  "Total Cost": 15099.97,
                                  "Plan Rows": 19372,
                                  "Plan Width": 126,
                                  "Output": [
                                    "part.p_partkey",
                                    "partsupp.ps_supplycost",
                                    "partsupp.ps_suppkey",
                                    "partsupp.ps_partkey",
                                    "supplier.s_suppkey",
                                    "nation.n_name"
                                  ],
                                  "Inner Unique": true,
                                  "Hash Cond": "(supplier.s_nationkey = nation.n_nationkey)",
                                  "Plans": [
                                    {
                                      "Node Type": "Hash Join",
                                      "Parent Relationship": "Outer",
                                      "Parallel Aware": false,
                                      "Async Capable": false,
                                      "Join Type": "Inner",
                                      "Startup Cost": 448.43,
                                      "Total Cost": 15038.94,
                                      "Plan Rows": 19372,
                                      "Plan Width": 26,
                                      "Output": [
                                        "part.p_partkey",
                                        "partsupp.ps_supplycost",
                                        "partsupp.ps_suppkey",
                                        "partsupp.ps_partkey",
                                        "supplier.s_suppkey",
                                        "supplier.s_nationkey"
                                      ],
                                      "Inner Unique": true,
                                      "Hash Cond": "(partsupp.ps_suppkey = supplier.s_suppkey)",
                                      "Plans": [
                                        {
                                          "Node Type": "Nested Loop",
                                          "Parent Relationship": "Outer",
                                          "Parallel Aware": false,
                                          "Async Capable": false,
                                          "Join Type": "Inner",
                                          "Startup Cost": 0.42,
                                          "Total Cost": 14540.06,
                                          "Plan Rows": 19372,
                                          "Plan Width": 18,
                                          "Output": [
                                            "part.p_partkey",
                                            "partsupp.ps_supplycost",
                                            "partsupp.ps_suppkey",
                                            "partsupp.ps_partkey"
                                          ],
                                          "Inner Unique": false,
                                          "Plans": [
                                            {
                                              "Node Type": "Seq Scan",
                                              "Parent Relationship": "Outer",
                                              "Parallel Aware": true,
                                              "Async Capable": false,
                                              "Relation Name": "part",
                                              "Schema": "public",
                                              "Alias": "part",
                                              "Startup Cost": 0.0,
                                              "Total Cost": 5169.67,
                                              "Plan Rows": 4843,
                                              "Plan Width": 4,
                                              "Output": [
                                                "part.p_partkey",
                                                "part.p_name",
                                                "part.p_mfgr",
                                                "part.p_brand",
                                                "part.p_type",
                                                "part.p_size",
                                                "part.p_container",
                                                "part.p_retailprice",
                                                "part.p_comment"
                                              ],
                                              "Filter": "((part.p_name)::text ~~ '%pink%'::text)"
                                            },
                                            {
                                              "Node Type": "Index Scan",
                                              "Parent Relationship": "Inner",
                                              "Parallel Aware": false,
                                              "Async Capable": false,
                                              "Scan Direction": "Forward",
                                              "Index Name": "partsupp_pkey",
                                              "Relation Name": "partsupp",
                                              "Schema": "public",
                                              "Alias": "partsupp",
                                              "Startup Cost": 0.42,
                                              "Total Cost": 1.89,
                                              "Plan Rows": 4,
                                              "Plan Width": 14,
                                              "Output": [
                                                "partsupp.ps_partkey",
                                                "partsupp.ps_suppkey",
                                                "partsupp.ps_availqty",
                                                "partsupp.ps_supplycost",
                                                "partsupp.ps_comment"
                                              ],
                                              "Index Cond": "(partsupp.ps_partkey = part.p_partkey)"
                                            }
                                          ]
                                        },
                                        {
                                          "Node Type": "Hash",
                                          "Parent Relationship": "Inner",
                                          "Parallel Aware": false,
                                          "Async Capable": false,
                                          "Startup Cost": 323.0,
                                          "Total Cost": 323.0,
                                          "Plan Rows": 10000,
                                          "Plan Width": 8,
                                          "Output": [
                                            "supplier.s_suppkey",
                                            "supplier.s_nationkey"
                                          ],
                                          "Plans": [
                                            {
                                              "Node Type": "Seq Scan",
                                              "Parent Relationship": "Outer",
                                              "Parallel Aware": false,
                                              "Async Capable": false,
                                              "Relation Name": "supplier",
                                              "Schema": "public",
                                              "Alias": "supplier",
                                              "Startup Cost": 0.0,
                                              "Total Cost": 323.0,
                                              "Plan Rows": 10000,
                                              "Plan Width": 8,
                                              "Output": [
                                                "supplier.s_suppkey",
                                                "supplier.s_nationkey"
                                              ]
                                            }
                                          ]
                                        }
                                      ]
                                    },
                                    {
                                      "Node Type": "Hash",
                                      "Parent Relationship": "Inner",
                                      "Parallel Aware": false,
                                      "Async Capable": false,
                                      "Startup Cost": 1.25,
                                      "Total Cost": 1.25,
                                      "Plan Rows": 25,
                                      "Plan Width": 108,
                                      "Output": [
                                        "nation.n_name",
                                        "nation.n_nationkey"
                                      ],
                                      "Plans": [
                                        {
                                          "Node Type": "Seq Scan",
                                          "Parent Relationship": "Outer",
                                          "Parallel Aware": false,
                                          "Async Capable": false,
                                          "Relation Name": "nation",
                                          "Schema": "public",
                                          "Alias": "nation",
                                          "Startup Cost": 0.0,
                                          "Total Cost": 1.25,
                                          "Plan Rows": 25,
                                          "Plan Width": 108,
                                          "Output": [
                                            "nation.n_name",
                                            "nation.n_nationkey"
                                          ]
                                        }
                                      ]
                                    }
                                  ]
                                }
                              ]
                            }
                          ]
                        },
                        {
                          "Node Type": "Index Scan",
                          "Parent Relationship": "Inner",
                          "Parallel Aware": false,
                          "Async Capable": false,
                          "Scan Direction": "Forward",
                          "Index Name": "orders_pkey",
                          "Relation Name": "orders",
                          "Schema": "public",
                          "Alias": "orders",
                          "Startup Cost": 0.43,
                          "Total Cost": 0.45,
                          "Plan Rows": 1,
                          "Plan Width": 8,
                          "Output": [
                            "orders.o_orderkey",
                            "orders.o_custkey",
                            "orders.o_orderstatus",
                            "orders.o_totalprice",
                            "orders.o_orderdate",
                            "orders.o_orderpriority",
                            "orders.o_clerk",
                            "orders.o_shippriority",
                            "orders.o_comment"
                          ],
                          "Index Cond": "(orders.o_orderkey = lineitem.l_orderkey)"
                        }
                      ]
                    }
                  ]
                }
              ]
            }
          ]
        }
      ]
    },
    "JIT": {
      "Functions": 43,
      "Options": {
        "Inlining": false,
        "Optimization": false,
        "Expressions": true,
        "Deforming": true
      }
    }
  }
]
```

---

## 35. Q9_131_seed_1066524030.sql

**File Path:** `/Users/brunowinter2000/Documents/Thesis/2025_2026/Plan-Level/Generated_Queries/Q9/Q9_131_seed_1066524030.sql`

### EXPLAIN JSON

```json
[
  {
    "Plan": {
      "Node Type": "Sort",
      "Parallel Aware": false,
      "Async Capable": false,
      "Startup Cost": 223771.84,
      "Total Cost": 223922.21,
      "Plan Rows": 60150,
      "Plan Width": 168,
      "Output": [
        "nation.n_name",
        "(EXTRACT(year FROM orders.o_orderdate))",
        "(sum(((lineitem.l_extendedprice * ('1'::numeric - lineitem.l_discount)) - (partsupp.ps_supplycost * lineitem.l_quantity))))"
      ],
      "Sort Key": [
        "nation.n_name",
        "(EXTRACT(year FROM orders.o_orderdate)) DESC"
      ],
      "Plans": [
        {
          "Node Type": "Aggregate",
          "Strategy": "Hashed",
          "Partial Mode": "Finalize",
          "Parent Relationship": "Outer",
          "Parallel Aware": false,
          "Async Capable": false,
          "Startup Cost": 218094.8,
          "Total Cost": 218997.05,
          "Plan Rows": 60150,
          "Plan Width": 168,
          "Output": [
            "nation.n_name",
            "(EXTRACT(year FROM orders.o_orderdate))",
            "sum(((lineitem.l_extendedprice * ('1'::numeric - lineitem.l_discount)) - (partsupp.ps_supplycost * lineitem.l_quantity)))"
          ],
          "Group Key": [
            "nation.n_name",
            "(EXTRACT(year FROM orders.o_orderdate))"
          ],
          "Planned Partitions": 0,
          "Plans": [
            {
              "Node Type": "Gather",
              "Parent Relationship": "Outer",
              "Parallel Aware": false,
              "Async Capable": false,
              "Startup Cost": 184110.05,
              "Total Cost": 215087.3,
              "Plan Rows": 300750,
              "Plan Width": 168,
              "Output": [
                "nation.n_name",
                "(EXTRACT(year FROM orders.o_orderdate))",
                "(PARTIAL sum(((lineitem.l_extendedprice * ('1'::numeric - lineitem.l_discount)) - (partsupp.ps_supplycost * lineitem.l_quantity))))"
              ],
              "Workers Planned": 5,
              "Single Copy": false,
              "Plans": [
                {
                  "Node Type": "Aggregate",
                  "Strategy": "Hashed",
                  "Partial Mode": "Partial",
                  "Parent Relationship": "Outer",
                  "Parallel Aware": false,
                  "Async Capable": false,
                  "Startup Cost": 183110.05,
                  "Total Cost": 184012.3,
                  "Plan Rows": 60150,
                  "Plan Width": 168,
                  "Output": [
                    "nation.n_name",
                    "(EXTRACT(year FROM orders.o_orderdate))",
                    "PARTIAL sum(((lineitem.l_extendedprice * ('1'::numeric - lineitem.l_discount)) - (partsupp.ps_supplycost * lineitem.l_quantity)))"
                  ],
                  "Group Key": [
                    "nation.n_name",
                    "EXTRACT(year FROM orders.o_orderdate)"
                  ],
                  "Planned Partitions": 0,
                  "Plans": [
                    {
                      "Node Type": "Nested Loop",
                      "Parent Relationship": "Outer",
                      "Parallel Aware": false,
                      "Async Capable": false,
                      "Join Type": "Inner",
                      "Startup Cost": 15552.04,
                      "Total Cost": 181847.26,
                      "Plan Rows": 72159,
                      "Plan Width": 159,
                      "Output": [
                        "nation.n_name",
                        "EXTRACT(year FROM orders.o_orderdate)",
                        "lineitem.l_extendedprice",
                        "lineitem.l_discount",
                        "partsupp.ps_supplycost",
                        "lineitem.l_quantity"
                      ],
                      "Inner Unique": true,
                      "Plans": [
                        {
                          "Node Type": "Hash Join",
                          "Parent Relationship": "Outer",
                          "Parallel Aware": true,
                          "Async Capable": false,
                          "Join Type": "Inner",
                          "Startup Cost": 15551.61,
                          "Total Cost": 149155.98,
                          "Plan Rows": 72159,
                          "Plan Width": 131,
                          "Output": [
                            "lineitem.l_extendedprice",
                            "lineitem.l_discount",
                            "lineitem.l_quantity",
                            "lineitem.l_orderkey",
                            "partsupp.ps_supplycost",
                            "nation.n_name"
                          ],
                          "Inner Unique": false,
                          "Hash Cond": "((lineitem.l_suppkey = supplier.s_suppkey) AND (lineitem.l_partkey = partsupp.ps_partkey))",
                          "Plans": [
                            {
                              "Node Type": "Seq Scan",
                              "Parent Relationship": "Outer",
                              "Parallel Aware": true,
                              "Async Capable": false,
                              "Relation Name": "lineitem",
                              "Schema": "public",
                              "Alias": "lineitem",
                              "Startup Cost": 0.0,
                              "Total Cost": 124602.43,
                              "Plan Rows": 1200243,
                              "Plan Width": 29,
                              "Output": [
                                "lineitem.l_orderkey",
                                "lineitem.l_partkey",
                                "lineitem.l_suppkey",
                                "lineitem.l_linenumber",
                                "lineitem.l_quantity",
                                "lineitem.l_extendedprice",
                                "lineitem.l_discount",
                                "lineitem.l_tax",
                                "lineitem.l_returnflag",
                                "lineitem.l_linestatus",
                                "lineitem.l_shipdate",
                                "lineitem.l_commitdate",
                                "lineitem.l_receiptdate",
                                "lineitem.l_shipinstruct",
                                "lineitem.l_shipmode",
                                "lineitem.l_comment"
                              ]
                            },
                            {
                              "Node Type": "Hash",
                              "Parent Relationship": "Inner",
                              "Parallel Aware": true,
                              "Async Capable": false,
                              "Startup Cost": 15251.01,
                              "Total Cost": 15251.01,
                              "Plan Rows": 20040,
                              "Plan Width": 126,
                              "Output": [
                                "part.p_partkey",
                                "partsupp.ps_supplycost",
                                "partsupp.ps_suppkey",
                                "partsupp.ps_partkey",
                                "supplier.s_suppkey",
                                "nation.n_name"
                              ],
                              "Plans": [
                                {
                                  "Node Type": "Hash Join",
                                  "Parent Relationship": "Outer",
                                  "Parallel Aware": false,
                                  "Async Capable": false,
                                  "Join Type": "Inner",
                                  "Startup Cost": 449.99,
                                  "Total Cost": 15251.01,
                                  "Plan Rows": 20040,
                                  "Plan Width": 126,
                                  "Output": [
                                    "part.p_partkey",
                                    "partsupp.ps_supplycost",
                                    "partsupp.ps_suppkey",
                                    "partsupp.ps_partkey",
                                    "supplier.s_suppkey",
                                    "nation.n_name"
                                  ],
                                  "Inner Unique": true,
                                  "Hash Cond": "(supplier.s_nationkey = nation.n_nationkey)",
                                  "Plans": [
                                    {
                                      "Node Type": "Hash Join",
                                      "Parent Relationship": "Outer",
                                      "Parallel Aware": false,
                                      "Async Capable": false,
                                      "Join Type": "Inner",
                                      "Startup Cost": 448.43,
                                      "Total Cost": 15187.92,
                                      "Plan Rows": 20040,
                                      "Plan Width": 26,
                                      "Output": [
                                        "part.p_partkey",
                                        "partsupp.ps_supplycost",
                                        "partsupp.ps_suppkey",
                                        "partsupp.ps_partkey",
                                        "supplier.s_suppkey",
                                        "supplier.s_nationkey"
                                      ],
                                      "Inner Unique": true,
                                      "Hash Cond": "(partsupp.ps_suppkey = supplier.s_suppkey)",
                                      "Plans": [
                                        {
                                          "Node Type": "Nested Loop",
                                          "Parent Relationship": "Outer",
                                          "Parallel Aware": false,
                                          "Async Capable": false,
                                          "Join Type": "Inner",
                                          "Startup Cost": 0.42,
                                          "Total Cost": 14687.3,
                                          "Plan Rows": 20040,
                                          "Plan Width": 18,
                                          "Output": [
                                            "part.p_partkey",
                                            "partsupp.ps_supplycost",
                                            "partsupp.ps_suppkey",
                                            "partsupp.ps_partkey"
                                          ],
                                          "Inner Unique": false,
                                          "Plans": [
                                            {
                                              "Node Type": "Seq Scan",
                                              "Parent Relationship": "Outer",
                                              "Parallel Aware": true,
                                              "Async Capable": false,
                                              "Relation Name": "part",
                                              "Schema": "public",
                                              "Alias": "part",
                                              "Startup Cost": 0.0,
                                              "Total Cost": 5169.67,
                                              "Plan Rows": 5010,
                                              "Plan Width": 4,
                                              "Output": [
                                                "part.p_partkey",
                                                "part.p_name",
                                                "part.p_mfgr",
                                                "part.p_brand",
                                                "part.p_type",
                                                "part.p_size",
                                                "part.p_container",
                                                "part.p_retailprice",
                                                "part.p_comment"
                                              ],
                                              "Filter": "((part.p_name)::text ~~ '%cornflower%'::text)"
                                            },
                                            {
                                              "Node Type": "Index Scan",
                                              "Parent Relationship": "Inner",
                                              "Parallel Aware": false,
                                              "Async Capable": false,
                                              "Scan Direction": "Forward",
                                              "Index Name": "partsupp_pkey",
                                              "Relation Name": "partsupp",
                                              "Schema": "public",
                                              "Alias": "partsupp",
                                              "Startup Cost": 0.42,
                                              "Total Cost": 1.86,
                                              "Plan Rows": 4,
                                              "Plan Width": 14,
                                              "Output": [
                                                "partsupp.ps_partkey",
                                                "partsupp.ps_suppkey",
                                                "partsupp.ps_availqty",
                                                "partsupp.ps_supplycost",
                                                "partsupp.ps_comment"
                                              ],
                                              "Index Cond": "(partsupp.ps_partkey = part.p_partkey)"
                                            }
                                          ]
                                        },
                                        {
                                          "Node Type": "Hash",
                                          "Parent Relationship": "Inner",
                                          "Parallel Aware": false,
                                          "Async Capable": false,
                                          "Startup Cost": 323.0,
                                          "Total Cost": 323.0,
                                          "Plan Rows": 10000,
                                          "Plan Width": 8,
                                          "Output": [
                                            "supplier.s_suppkey",
                                            "supplier.s_nationkey"
                                          ],
                                          "Plans": [
                                            {
                                              "Node Type": "Seq Scan",
                                              "Parent Relationship": "Outer",
                                              "Parallel Aware": false,
                                              "Async Capable": false,
                                              "Relation Name": "supplier",
                                              "Schema": "public",
                                              "Alias": "supplier",
                                              "Startup Cost": 0.0,
                                              "Total Cost": 323.0,
                                              "Plan Rows": 10000,
                                              "Plan Width": 8,
                                              "Output": [
                                                "supplier.s_suppkey",
                                                "supplier.s_nationkey"
                                              ]
                                            }
                                          ]
                                        }
                                      ]
                                    },
                                    {
                                      "Node Type": "Hash",
                                      "Parent Relationship": "Inner",
                                      "Parallel Aware": false,
                                      "Async Capable": false,
                                      "Startup Cost": 1.25,
                                      "Total Cost": 1.25,
                                      "Plan Rows": 25,
                                      "Plan Width": 108,
                                      "Output": [
                                        "nation.n_name",
                                        "nation.n_nationkey"
                                      ],
                                      "Plans": [
                                        {
                                          "Node Type": "Seq Scan",
                                          "Parent Relationship": "Outer",
                                          "Parallel Aware": false,
                                          "Async Capable": false,
                                          "Relation Name": "nation",
                                          "Schema": "public",
                                          "Alias": "nation",
                                          "Startup Cost": 0.0,
                                          "Total Cost": 1.25,
                                          "Plan Rows": 25,
                                          "Plan Width": 108,
                                          "Output": [
                                            "nation.n_name",
                                            "nation.n_nationkey"
                                          ]
                                        }
                                      ]
                                    }
                                  ]
                                }
                              ]
                            }
                          ]
                        },
                        {
                          "Node Type": "Index Scan",
                          "Parent Relationship": "Inner",
                          "Parallel Aware": false,
                          "Async Capable": false,
                          "Scan Direction": "Forward",
                          "Index Name": "orders_pkey",
                          "Relation Name": "orders",
                          "Schema": "public",
                          "Alias": "orders",
                          "Startup Cost": 0.43,
                          "Total Cost": 0.45,
                          "Plan Rows": 1,
                          "Plan Width": 8,
                          "Output": [
                            "orders.o_orderkey",
                            "orders.o_custkey",
                            "orders.o_orderstatus",
                            "orders.o_totalprice",
                            "orders.o_orderdate",
                            "orders.o_orderpriority",
                            "orders.o_clerk",
                            "orders.o_shippriority",
                            "orders.o_comment"
                          ],
                          "Index Cond": "(orders.o_orderkey = lineitem.l_orderkey)"
                        }
                      ]
                    }
                  ]
                }
              ]
            }
          ]
        }
      ]
    },
    "JIT": {
      "Functions": 43,
      "Options": {
        "Inlining": false,
        "Optimization": false,
        "Expressions": true,
        "Deforming": true
      }
    }
  }
]
```

---

## 36. Q9_132_seed_1074728061.sql

**File Path:** `/Users/brunowinter2000/Documents/Thesis/2025_2026/Plan-Level/Generated_Queries/Q9/Q9_132_seed_1074728061.sql`

### EXPLAIN JSON

```json
[
  {
    "Plan": {
      "Node Type": "Sort",
      "Parallel Aware": false,
      "Async Capable": false,
      "Startup Cost": 223771.84,
      "Total Cost": 223922.21,
      "Plan Rows": 60150,
      "Plan Width": 168,
      "Output": [
        "nation.n_name",
        "(EXTRACT(year FROM orders.o_orderdate))",
        "(sum(((lineitem.l_extendedprice * ('1'::numeric - lineitem.l_discount)) - (partsupp.ps_supplycost * lineitem.l_quantity))))"
      ],
      "Sort Key": [
        "nation.n_name",
        "(EXTRACT(year FROM orders.o_orderdate)) DESC"
      ],
      "Plans": [
        {
          "Node Type": "Aggregate",
          "Strategy": "Hashed",
          "Partial Mode": "Finalize",
          "Parent Relationship": "Outer",
          "Parallel Aware": false,
          "Async Capable": false,
          "Startup Cost": 218094.8,
          "Total Cost": 218997.05,
          "Plan Rows": 60150,
          "Plan Width": 168,
          "Output": [
            "nation.n_name",
            "(EXTRACT(year FROM orders.o_orderdate))",
            "sum(((lineitem.l_extendedprice * ('1'::numeric - lineitem.l_discount)) - (partsupp.ps_supplycost * lineitem.l_quantity)))"
          ],
          "Group Key": [
            "nation.n_name",
            "(EXTRACT(year FROM orders.o_orderdate))"
          ],
          "Planned Partitions": 0,
          "Plans": [
            {
              "Node Type": "Gather",
              "Parent Relationship": "Outer",
              "Parallel Aware": false,
              "Async Capable": false,
              "Startup Cost": 184110.05,
              "Total Cost": 215087.3,
              "Plan Rows": 300750,
              "Plan Width": 168,
              "Output": [
                "nation.n_name",
                "(EXTRACT(year FROM orders.o_orderdate))",
                "(PARTIAL sum(((lineitem.l_extendedprice * ('1'::numeric - lineitem.l_discount)) - (partsupp.ps_supplycost * lineitem.l_quantity))))"
              ],
              "Workers Planned": 5,
              "Single Copy": false,
              "Plans": [
                {
                  "Node Type": "Aggregate",
                  "Strategy": "Hashed",
                  "Partial Mode": "Partial",
                  "Parent Relationship": "Outer",
                  "Parallel Aware": false,
                  "Async Capable": false,
                  "Startup Cost": 183110.05,
                  "Total Cost": 184012.3,
                  "Plan Rows": 60150,
                  "Plan Width": 168,
                  "Output": [
                    "nation.n_name",
                    "(EXTRACT(year FROM orders.o_orderdate))",
                    "PARTIAL sum(((lineitem.l_extendedprice * ('1'::numeric - lineitem.l_discount)) - (partsupp.ps_supplycost * lineitem.l_quantity)))"
                  ],
                  "Group Key": [
                    "nation.n_name",
                    "EXTRACT(year FROM orders.o_orderdate)"
                  ],
                  "Planned Partitions": 0,
                  "Plans": [
                    {
                      "Node Type": "Nested Loop",
                      "Parent Relationship": "Outer",
                      "Parallel Aware": false,
                      "Async Capable": false,
                      "Join Type": "Inner",
                      "Startup Cost": 15552.04,
                      "Total Cost": 181847.26,
                      "Plan Rows": 72159,
                      "Plan Width": 159,
                      "Output": [
                        "nation.n_name",
                        "EXTRACT(year FROM orders.o_orderdate)",
                        "lineitem.l_extendedprice",
                        "lineitem.l_discount",
                        "partsupp.ps_supplycost",
                        "lineitem.l_quantity"
                      ],
                      "Inner Unique": true,
                      "Plans": [
                        {
                          "Node Type": "Hash Join",
                          "Parent Relationship": "Outer",
                          "Parallel Aware": true,
                          "Async Capable": false,
                          "Join Type": "Inner",
                          "Startup Cost": 15551.61,
                          "Total Cost": 149155.98,
                          "Plan Rows": 72159,
                          "Plan Width": 131,
                          "Output": [
                            "lineitem.l_extendedprice",
                            "lineitem.l_discount",
                            "lineitem.l_quantity",
                            "lineitem.l_orderkey",
                            "partsupp.ps_supplycost",
                            "nation.n_name"
                          ],
                          "Inner Unique": false,
                          "Hash Cond": "((lineitem.l_suppkey = supplier.s_suppkey) AND (lineitem.l_partkey = partsupp.ps_partkey))",
                          "Plans": [
                            {
                              "Node Type": "Seq Scan",
                              "Parent Relationship": "Outer",
                              "Parallel Aware": true,
                              "Async Capable": false,
                              "Relation Name": "lineitem",
                              "Schema": "public",
                              "Alias": "lineitem",
                              "Startup Cost": 0.0,
                              "Total Cost": 124602.43,
                              "Plan Rows": 1200243,
                              "Plan Width": 29,
                              "Output": [
                                "lineitem.l_orderkey",
                                "lineitem.l_partkey",
                                "lineitem.l_suppkey",
                                "lineitem.l_linenumber",
                                "lineitem.l_quantity",
                                "lineitem.l_extendedprice",
                                "lineitem.l_discount",
                                "lineitem.l_tax",
                                "lineitem.l_returnflag",
                                "lineitem.l_linestatus",
                                "lineitem.l_shipdate",
                                "lineitem.l_commitdate",
                                "lineitem.l_receiptdate",
                                "lineitem.l_shipinstruct",
                                "lineitem.l_shipmode",
                                "lineitem.l_comment"
                              ]
                            },
                            {
                              "Node Type": "Hash",
                              "Parent Relationship": "Inner",
                              "Parallel Aware": true,
                              "Async Capable": false,
                              "Startup Cost": 15251.01,
                              "Total Cost": 15251.01,
                              "Plan Rows": 20040,
                              "Plan Width": 126,
                              "Output": [
                                "part.p_partkey",
                                "partsupp.ps_supplycost",
                                "partsupp.ps_suppkey",
                                "partsupp.ps_partkey",
                                "supplier.s_suppkey",
                                "nation.n_name"
                              ],
                              "Plans": [
                                {
                                  "Node Type": "Hash Join",
                                  "Parent Relationship": "Outer",
                                  "Parallel Aware": false,
                                  "Async Capable": false,
                                  "Join Type": "Inner",
                                  "Startup Cost": 449.99,
                                  "Total Cost": 15251.01,
                                  "Plan Rows": 20040,
                                  "Plan Width": 126,
                                  "Output": [
                                    "part.p_partkey",
                                    "partsupp.ps_supplycost",
                                    "partsupp.ps_suppkey",
                                    "partsupp.ps_partkey",
                                    "supplier.s_suppkey",
                                    "nation.n_name"
                                  ],
                                  "Inner Unique": true,
                                  "Hash Cond": "(supplier.s_nationkey = nation.n_nationkey)",
                                  "Plans": [
                                    {
                                      "Node Type": "Hash Join",
                                      "Parent Relationship": "Outer",
                                      "Parallel Aware": false,
                                      "Async Capable": false,
                                      "Join Type": "Inner",
                                      "Startup Cost": 448.43,
                                      "Total Cost": 15187.92,
                                      "Plan Rows": 20040,
                                      "Plan Width": 26,
                                      "Output": [
                                        "part.p_partkey",
                                        "partsupp.ps_supplycost",
                                        "partsupp.ps_suppkey",
                                        "partsupp.ps_partkey",
                                        "supplier.s_suppkey",
                                        "supplier.s_nationkey"
                                      ],
                                      "Inner Unique": true,
                                      "Hash Cond": "(partsupp.ps_suppkey = supplier.s_suppkey)",
                                      "Plans": [
                                        {
                                          "Node Type": "Nested Loop",
                                          "Parent Relationship": "Outer",
                                          "Parallel Aware": false,
                                          "Async Capable": false,
                                          "Join Type": "Inner",
                                          "Startup Cost": 0.42,
                                          "Total Cost": 14687.3,
                                          "Plan Rows": 20040,
                                          "Plan Width": 18,
                                          "Output": [
                                            "part.p_partkey",
                                            "partsupp.ps_supplycost",
                                            "partsupp.ps_suppkey",
                                            "partsupp.ps_partkey"
                                          ],
                                          "Inner Unique": false,
                                          "Plans": [
                                            {
                                              "Node Type": "Seq Scan",
                                              "Parent Relationship": "Outer",
                                              "Parallel Aware": true,
                                              "Async Capable": false,
                                              "Relation Name": "part",
                                              "Schema": "public",
                                              "Alias": "part",
                                              "Startup Cost": 0.0,
                                              "Total Cost": 5169.67,
                                              "Plan Rows": 5010,
                                              "Plan Width": 4,
                                              "Output": [
                                                "part.p_partkey",
                                                "part.p_name",
                                                "part.p_mfgr",
                                                "part.p_brand",
                                                "part.p_type",
                                                "part.p_size",
                                                "part.p_container",
                                                "part.p_retailprice",
                                                "part.p_comment"
                                              ],
                                              "Filter": "((part.p_name)::text ~~ '%peru%'::text)"
                                            },
                                            {
                                              "Node Type": "Index Scan",
                                              "Parent Relationship": "Inner",
                                              "Parallel Aware": false,
                                              "Async Capable": false,
                                              "Scan Direction": "Forward",
                                              "Index Name": "partsupp_pkey",
                                              "Relation Name": "partsupp",
                                              "Schema": "public",
                                              "Alias": "partsupp",
                                              "Startup Cost": 0.42,
                                              "Total Cost": 1.86,
                                              "Plan Rows": 4,
                                              "Plan Width": 14,
                                              "Output": [
                                                "partsupp.ps_partkey",
                                                "partsupp.ps_suppkey",
                                                "partsupp.ps_availqty",
                                                "partsupp.ps_supplycost",
                                                "partsupp.ps_comment"
                                              ],
                                              "Index Cond": "(partsupp.ps_partkey = part.p_partkey)"
                                            }
                                          ]
                                        },
                                        {
                                          "Node Type": "Hash",
                                          "Parent Relationship": "Inner",
                                          "Parallel Aware": false,
                                          "Async Capable": false,
                                          "Startup Cost": 323.0,
                                          "Total Cost": 323.0,
                                          "Plan Rows": 10000,
                                          "Plan Width": 8,
                                          "Output": [
                                            "supplier.s_suppkey",
                                            "supplier.s_nationkey"
                                          ],
                                          "Plans": [
                                            {
                                              "Node Type": "Seq Scan",
                                              "Parent Relationship": "Outer",
                                              "Parallel Aware": false,
                                              "Async Capable": false,
                                              "Relation Name": "supplier",
                                              "Schema": "public",
                                              "Alias": "supplier",
                                              "Startup Cost": 0.0,
                                              "Total Cost": 323.0,
                                              "Plan Rows": 10000,
                                              "Plan Width": 8,
                                              "Output": [
                                                "supplier.s_suppkey",
                                                "supplier.s_nationkey"
                                              ]
                                            }
                                          ]
                                        }
                                      ]
                                    },
                                    {
                                      "Node Type": "Hash",
                                      "Parent Relationship": "Inner",
                                      "Parallel Aware": false,
                                      "Async Capable": false,
                                      "Startup Cost": 1.25,
                                      "Total Cost": 1.25,
                                      "Plan Rows": 25,
                                      "Plan Width": 108,
                                      "Output": [
                                        "nation.n_name",
                                        "nation.n_nationkey"
                                      ],
                                      "Plans": [
                                        {
                                          "Node Type": "Seq Scan",
                                          "Parent Relationship": "Outer",
                                          "Parallel Aware": false,
                                          "Async Capable": false,
                                          "Relation Name": "nation",
                                          "Schema": "public",
                                          "Alias": "nation",
                                          "Startup Cost": 0.0,
                                          "Total Cost": 1.25,
                                          "Plan Rows": 25,
                                          "Plan Width": 108,
                                          "Output": [
                                            "nation.n_name",
                                            "nation.n_nationkey"
                                          ]
                                        }
                                      ]
                                    }
                                  ]
                                }
                              ]
                            }
                          ]
                        },
                        {
                          "Node Type": "Index Scan",
                          "Parent Relationship": "Inner",
                          "Parallel Aware": false,
                          "Async Capable": false,
                          "Scan Direction": "Forward",
                          "Index Name": "orders_pkey",
                          "Relation Name": "orders",
                          "Schema": "public",
                          "Alias": "orders",
                          "Startup Cost": 0.43,
                          "Total Cost": 0.45,
                          "Plan Rows": 1,
                          "Plan Width": 8,
                          "Output": [
                            "orders.o_orderkey",
                            "orders.o_custkey",
                            "orders.o_orderstatus",
                            "orders.o_totalprice",
                            "orders.o_orderdate",
                            "orders.o_orderpriority",
                            "orders.o_clerk",
                            "orders.o_shippriority",
                            "orders.o_comment"
                          ],
                          "Index Cond": "(orders.o_orderkey = lineitem.l_orderkey)"
                        }
                      ]
                    }
                  ]
                }
              ]
            }
          ]
        }
      ]
    },
    "JIT": {
      "Functions": 43,
      "Options": {
        "Inlining": false,
        "Optimization": false,
        "Expressions": true,
        "Deforming": true
      }
    }
  }
]
```

---

## 37. Q9_133_seed_1082932092.sql

**File Path:** `/Users/brunowinter2000/Documents/Thesis/2025_2026/Plan-Level/Generated_Queries/Q9/Q9_133_seed_1082932092.sql`

### EXPLAIN JSON

```json
[
  {
    "Plan": {
      "Node Type": "Sort",
      "Parallel Aware": false,
      "Async Capable": false,
      "Startup Cost": 225063.73,
      "Total Cost": 225214.11,
      "Plan Rows": 60150,
      "Plan Width": 168,
      "Output": [
        "nation.n_name",
        "(EXTRACT(year FROM orders.o_orderdate))",
        "(sum(((lineitem.l_extendedprice * ('1'::numeric - lineitem.l_discount)) - (partsupp.ps_supplycost * lineitem.l_quantity))))"
      ],
      "Sort Key": [
        "nation.n_name",
        "(EXTRACT(year FROM orders.o_orderdate)) DESC"
      ],
      "Plans": [
        {
          "Node Type": "Aggregate",
          "Strategy": "Hashed",
          "Partial Mode": "Finalize",
          "Parent Relationship": "Outer",
          "Parallel Aware": false,
          "Async Capable": false,
          "Startup Cost": 219386.69,
          "Total Cost": 220288.94,
          "Plan Rows": 60150,
          "Plan Width": 168,
          "Output": [
            "nation.n_name",
            "(EXTRACT(year FROM orders.o_orderdate))",
            "sum(((lineitem.l_extendedprice * ('1'::numeric - lineitem.l_discount)) - (partsupp.ps_supplycost * lineitem.l_quantity)))"
          ],
          "Group Key": [
            "nation.n_name",
            "(EXTRACT(year FROM orders.o_orderdate))"
          ],
          "Planned Partitions": 0,
          "Plans": [
            {
              "Node Type": "Gather",
              "Parent Relationship": "Outer",
              "Parallel Aware": false,
              "Async Capable": false,
              "Startup Cost": 185401.94,
              "Total Cost": 216379.19,
              "Plan Rows": 300750,
              "Plan Width": 168,
              "Output": [
                "nation.n_name",
                "(EXTRACT(year FROM orders.o_orderdate))",
                "(PARTIAL sum(((lineitem.l_extendedprice * ('1'::numeric - lineitem.l_discount)) - (partsupp.ps_supplycost * lineitem.l_quantity))))"
              ],
              "Workers Planned": 5,
              "Single Copy": false,
              "Plans": [
                {
                  "Node Type": "Aggregate",
                  "Strategy": "Hashed",
                  "Partial Mode": "Partial",
                  "Parent Relationship": "Outer",
                  "Parallel Aware": false,
                  "Async Capable": false,
                  "Startup Cost": 184401.94,
                  "Total Cost": 185304.19,
                  "Plan Rows": 60150,
                  "Plan Width": 168,
                  "Output": [
                    "nation.n_name",
                    "(EXTRACT(year FROM orders.o_orderdate))",
                    "PARTIAL sum(((lineitem.l_extendedprice * ('1'::numeric - lineitem.l_discount)) - (partsupp.ps_supplycost * lineitem.l_quantity)))"
                  ],
                  "Group Key": [
                    "nation.n_name",
                    "EXTRACT(year FROM orders.o_orderdate)"
                  ],
                  "Planned Partitions": 0,
                  "Plans": [
                    {
                      "Node Type": "Nested Loop",
                      "Parent Relationship": "Outer",
                      "Parallel Aware": false,
                      "Async Capable": false,
                      "Join Type": "Inner",
                      "Startup Cost": 15711.8,
                      "Total Cost": 183097.06,
                      "Plan Rows": 74565,
                      "Plan Width": 159,
                      "Output": [
                        "nation.n_name",
                        "EXTRACT(year FROM orders.o_orderdate)",
                        "lineitem.l_extendedprice",
                        "lineitem.l_discount",
                        "partsupp.ps_supplycost",
                        "lineitem.l_quantity"
                      ],
                      "Inner Unique": true,
                      "Plans": [
                        {
                          "Node Type": "Hash Join",
                          "Parent Relationship": "Outer",
                          "Parallel Aware": true,
                          "Async Capable": false,
                          "Join Type": "Inner",
                          "Startup Cost": 15711.38,
                          "Total Cost": 149315.75,
                          "Plan Rows": 74565,
                          "Plan Width": 131,
                          "Output": [
                            "lineitem.l_extendedprice",
                            "lineitem.l_discount",
                            "lineitem.l_quantity",
                            "lineitem.l_orderkey",
                            "partsupp.ps_supplycost",
                            "nation.n_name"
                          ],
                          "Inner Unique": false,
                          "Hash Cond": "((lineitem.l_suppkey = supplier.s_suppkey) AND (lineitem.l_partkey = partsupp.ps_partkey))",
                          "Plans": [
                            {
                              "Node Type": "Seq Scan",
                              "Parent Relationship": "Outer",
                              "Parallel Aware": true,
                              "Async Capable": false,
                              "Relation Name": "lineitem",
                              "Schema": "public",
                              "Alias": "lineitem",
                              "Startup Cost": 0.0,
                              "Total Cost": 124602.43,
                              "Plan Rows": 1200243,
                              "Plan Width": 29,
                              "Output": [
                                "lineitem.l_orderkey",
                                "lineitem.l_partkey",
                                "lineitem.l_suppkey",
                                "lineitem.l_linenumber",
                                "lineitem.l_quantity",
                                "lineitem.l_extendedprice",
                                "lineitem.l_discount",
                                "lineitem.l_tax",
                                "lineitem.l_returnflag",
                                "lineitem.l_linestatus",
                                "lineitem.l_shipdate",
                                "lineitem.l_commitdate",
                                "lineitem.l_receiptdate",
                                "lineitem.l_shipinstruct",
                                "lineitem.l_shipmode",
                                "lineitem.l_comment"
                              ]
                            },
                            {
                              "Node Type": "Hash",
                              "Parent Relationship": "Inner",
                              "Parallel Aware": true,
                              "Async Capable": false,
                              "Startup Cost": 15400.76,
                              "Total Cost": 15400.76,
                              "Plan Rows": 20708,
                              "Plan Width": 126,
                              "Output": [
                                "part.p_partkey",
                                "partsupp.ps_supplycost",
                                "partsupp.ps_suppkey",
                                "partsupp.ps_partkey",
                                "supplier.s_suppkey",
                                "nation.n_name"
                              ],
                              "Plans": [
                                {
                                  "Node Type": "Hash Join",
                                  "Parent Relationship": "Outer",
                                  "Parallel Aware": false,
                                  "Async Capable": false,
                                  "Join Type": "Inner",
                                  "Startup Cost": 449.99,
                                  "Total Cost": 15400.76,
                                  "Plan Rows": 20708,
                                  "Plan Width": 126,
                                  "Output": [
                                    "part.p_partkey",
                                    "partsupp.ps_supplycost",
                                    "partsupp.ps_suppkey",
                                    "partsupp.ps_partkey",
                                    "supplier.s_suppkey",
                                    "nation.n_name"
                                  ],
                                  "Inner Unique": true,
                                  "Hash Cond": "(supplier.s_nationkey = nation.n_nationkey)",
                                  "Plans": [
                                    {
                                      "Node Type": "Hash Join",
                                      "Parent Relationship": "Outer",
                                      "Parallel Aware": false,
                                      "Async Capable": false,
                                      "Join Type": "Inner",
                                      "Startup Cost": 448.43,
                                      "Total Cost": 15335.62,
                                      "Plan Rows": 20708,
                                      "Plan Width": 26,
                                      "Output": [
                                        "part.p_partkey",
                                        "partsupp.ps_supplycost",
                                        "partsupp.ps_suppkey",
                                        "partsupp.ps_partkey",
                                        "supplier.s_suppkey",
                                        "supplier.s_nationkey"
                                      ],
                                      "Inner Unique": true,
                                      "Hash Cond": "(partsupp.ps_suppkey = supplier.s_suppkey)",
                                      "Plans": [
                                        {
                                          "Node Type": "Nested Loop",
                                          "Parent Relationship": "Outer",
                                          "Parallel Aware": false,
                                          "Async Capable": false,
                                          "Join Type": "Inner",
                                          "Startup Cost": 0.42,
                                          "Total Cost": 14833.24,
                                          "Plan Rows": 20708,
                                          "Plan Width": 18,
                                          "Output": [
                                            "part.p_partkey",
                                            "partsupp.ps_supplycost",
                                            "partsupp.ps_suppkey",
                                            "partsupp.ps_partkey"
                                          ],
                                          "Inner Unique": false,
                                          "Plans": [
                                            {
                                              "Node Type": "Seq Scan",
                                              "Parent Relationship": "Outer",
                                              "Parallel Aware": true,
                                              "Async Capable": false,
                                              "Relation Name": "part",
                                              "Schema": "public",
                                              "Alias": "part",
                                              "Startup Cost": 0.0,
                                              "Total Cost": 5169.67,
                                              "Plan Rows": 5177,
                                              "Plan Width": 4,
                                              "Output": [
                                                "part.p_partkey",
                                                "part.p_name",
                                                "part.p_mfgr",
                                                "part.p_brand",
                                                "part.p_type",
                                                "part.p_size",
                                                "part.p_container",
                                                "part.p_retailprice",
                                                "part.p_comment"
                                              ],
                                              "Filter": "((part.p_name)::text ~~ '%coral%'::text)"
                                            },
                                            {
                                              "Node Type": "Index Scan",
                                              "Parent Relationship": "Inner",
                                              "Parallel Aware": false,
                                              "Async Capable": false,
                                              "Scan Direction": "Forward",
                                              "Index Name": "partsupp_pkey",
                                              "Relation Name": "partsupp",
                                              "Schema": "public",
                                              "Alias": "partsupp",
                                              "Startup Cost": 0.42,
                                              "Total Cost": 1.83,
                                              "Plan Rows": 4,
                                              "Plan Width": 14,
                                              "Output": [
                                                "partsupp.ps_partkey",
                                                "partsupp.ps_suppkey",
                                                "partsupp.ps_availqty",
                                                "partsupp.ps_supplycost",
                                                "partsupp.ps_comment"
                                              ],
                                              "Index Cond": "(partsupp.ps_partkey = part.p_partkey)"
                                            }
                                          ]
                                        },
                                        {
                                          "Node Type": "Hash",
                                          "Parent Relationship": "Inner",
                                          "Parallel Aware": false,
                                          "Async Capable": false,
                                          "Startup Cost": 323.0,
                                          "Total Cost": 323.0,
                                          "Plan Rows": 10000,
                                          "Plan Width": 8,
                                          "Output": [
                                            "supplier.s_suppkey",
                                            "supplier.s_nationkey"
                                          ],
                                          "Plans": [
                                            {
                                              "Node Type": "Seq Scan",
                                              "Parent Relationship": "Outer",
                                              "Parallel Aware": false,
                                              "Async Capable": false,
                                              "Relation Name": "supplier",
                                              "Schema": "public",
                                              "Alias": "supplier",
                                              "Startup Cost": 0.0,
                                              "Total Cost": 323.0,
                                              "Plan Rows": 10000,
                                              "Plan Width": 8,
                                              "Output": [
                                                "supplier.s_suppkey",
                                                "supplier.s_nationkey"
                                              ]
                                            }
                                          ]
                                        }
                                      ]
                                    },
                                    {
                                      "Node Type": "Hash",
                                      "Parent Relationship": "Inner",
                                      "Parallel Aware": false,
                                      "Async Capable": false,
                                      "Startup Cost": 1.25,
                                      "Total Cost": 1.25,
                                      "Plan Rows": 25,
                                      "Plan Width": 108,
                                      "Output": [
                                        "nation.n_name",
                                        "nation.n_nationkey"
                                      ],
                                      "Plans": [
                                        {
                                          "Node Type": "Seq Scan",
                                          "Parent Relationship": "Outer",
                                          "Parallel Aware": false,
                                          "Async Capable": false,
                                          "Relation Name": "nation",
                                          "Schema": "public",
                                          "Alias": "nation",
                                          "Startup Cost": 0.0,
                                          "Total Cost": 1.25,
                                          "Plan Rows": 25,
                                          "Plan Width": 108,
                                          "Output": [
                                            "nation.n_name",
                                            "nation.n_nationkey"
                                          ]
                                        }
                                      ]
                                    }
                                  ]
                                }
                              ]
                            }
                          ]
                        },
                        {
                          "Node Type": "Index Scan",
                          "Parent Relationship": "Inner",
                          "Parallel Aware": false,
                          "Async Capable": false,
                          "Scan Direction": "Forward",
                          "Index Name": "orders_pkey",
                          "Relation Name": "orders",
                          "Schema": "public",
                          "Alias": "orders",
                          "Startup Cost": 0.43,
                          "Total Cost": 0.45,
                          "Plan Rows": 1,
                          "Plan Width": 8,
                          "Output": [
                            "orders.o_orderkey",
                            "orders.o_custkey",
                            "orders.o_orderstatus",
                            "orders.o_totalprice",
                            "orders.o_orderdate",
                            "orders.o_orderpriority",
                            "orders.o_clerk",
                            "orders.o_shippriority",
                            "orders.o_comment"
                          ],
                          "Index Cond": "(orders.o_orderkey = lineitem.l_orderkey)"
                        }
                      ]
                    }
                  ]
                }
              ]
            }
          ]
        }
      ]
    },
    "JIT": {
      "Functions": 43,
      "Options": {
        "Inlining": false,
        "Optimization": false,
        "Expressions": true,
        "Deforming": true
      }
    }
  }
]
```

---

## 38. Q9_134_seed_1091136123.sql

**File Path:** `/Users/brunowinter2000/Documents/Thesis/2025_2026/Plan-Level/Generated_Queries/Q9/Q9_134_seed_1091136123.sql`

### EXPLAIN JSON

```json
[
  {
    "Plan": {
      "Node Type": "Sort",
      "Parallel Aware": false,
      "Async Capable": false,
      "Startup Cost": 218594.94,
      "Total Cost": 218745.31,
      "Plan Rows": 60150,
      "Plan Width": 168,
      "Output": [
        "nation.n_name",
        "(EXTRACT(year FROM orders.o_orderdate))",
        "(sum(((lineitem.l_extendedprice * ('1'::numeric - lineitem.l_discount)) - (partsupp.ps_supplycost * lineitem.l_quantity))))"
      ],
      "Sort Key": [
        "nation.n_name",
        "(EXTRACT(year FROM orders.o_orderdate)) DESC"
      ],
      "Plans": [
        {
          "Node Type": "Aggregate",
          "Strategy": "Hashed",
          "Partial Mode": "Finalize",
          "Parent Relationship": "Outer",
          "Parallel Aware": false,
          "Async Capable": false,
          "Startup Cost": 212917.9,
          "Total Cost": 213820.15,
          "Plan Rows": 60150,
          "Plan Width": 168,
          "Output": [
            "nation.n_name",
            "(EXTRACT(year FROM orders.o_orderdate))",
            "sum(((lineitem.l_extendedprice * ('1'::numeric - lineitem.l_discount)) - (partsupp.ps_supplycost * lineitem.l_quantity)))"
          ],
          "Group Key": [
            "nation.n_name",
            "(EXTRACT(year FROM orders.o_orderdate))"
          ],
          "Planned Partitions": 0,
          "Plans": [
            {
              "Node Type": "Gather",
              "Parent Relationship": "Outer",
              "Parallel Aware": false,
              "Async Capable": false,
              "Startup Cost": 178933.15,
              "Total Cost": 209910.4,
              "Plan Rows": 300750,
              "Plan Width": 168,
              "Output": [
                "nation.n_name",
                "(EXTRACT(year FROM orders.o_orderdate))",
                "(PARTIAL sum(((lineitem.l_extendedprice * ('1'::numeric - lineitem.l_discount)) - (partsupp.ps_supplycost * lineitem.l_quantity))))"
              ],
              "Workers Planned": 5,
              "Single Copy": false,
              "Plans": [
                {
                  "Node Type": "Aggregate",
                  "Strategy": "Hashed",
                  "Partial Mode": "Partial",
                  "Parent Relationship": "Outer",
                  "Parallel Aware": false,
                  "Async Capable": false,
                  "Startup Cost": 177933.15,
                  "Total Cost": 178835.4,
                  "Plan Rows": 60150,
                  "Plan Width": 168,
                  "Output": [
                    "nation.n_name",
                    "(EXTRACT(year FROM orders.o_orderdate))",
                    "PARTIAL sum(((lineitem.l_extendedprice * ('1'::numeric - lineitem.l_discount)) - (partsupp.ps_supplycost * lineitem.l_quantity)))"
                  ],
                  "Group Key": [
                    "nation.n_name",
                    "EXTRACT(year FROM orders.o_orderdate)"
                  ],
                  "Planned Partitions": 0,
                  "Plans": [
                    {
                      "Node Type": "Nested Loop",
                      "Parent Relationship": "Outer",
                      "Parallel Aware": false,
                      "Async Capable": false,
                      "Join Type": "Inner",
                      "Startup Cost": 14901.81,
                      "Total Cost": 176838.72,
                      "Plan Rows": 62539,
                      "Plan Width": 159,
                      "Output": [
                        "nation.n_name",
                        "EXTRACT(year FROM orders.o_orderdate)",
                        "lineitem.l_extendedprice",
                        "lineitem.l_discount",
                        "partsupp.ps_supplycost",
                        "lineitem.l_quantity"
                      ],
                      "Inner Unique": true,
                      "Plans": [
                        {
                          "Node Type": "Hash Join",
                          "Parent Relationship": "Outer",
                          "Parallel Aware": true,
                          "Async Capable": false,
                          "Join Type": "Inner",
                          "Startup Cost": 14901.38,
                          "Total Cost": 148505.73,
                          "Plan Rows": 62539,
                          "Plan Width": 131,
                          "Output": [
                            "lineitem.l_extendedprice",
                            "lineitem.l_discount",
                            "lineitem.l_quantity",
                            "lineitem.l_orderkey",
                            "partsupp.ps_supplycost",
                            "nation.n_name"
                          ],
                          "Inner Unique": false,
                          "Hash Cond": "((lineitem.l_suppkey = supplier.s_suppkey) AND (lineitem.l_partkey = partsupp.ps_partkey))",
                          "Plans": [
                            {
                              "Node Type": "Seq Scan",
                              "Parent Relationship": "Outer",
                              "Parallel Aware": true,
                              "Async Capable": false,
                              "Relation Name": "lineitem",
                              "Schema": "public",
                              "Alias": "lineitem",
                              "Startup Cost": 0.0,
                              "Total Cost": 124602.43,
                              "Plan Rows": 1200243,
                              "Plan Width": 29,
                              "Output": [
                                "lineitem.l_orderkey",
                                "lineitem.l_partkey",
                                "lineitem.l_suppkey",
                                "lineitem.l_linenumber",
                                "lineitem.l_quantity",
                                "lineitem.l_extendedprice",
                                "lineitem.l_discount",
                                "lineitem.l_tax",
                                "lineitem.l_returnflag",
                                "lineitem.l_linestatus",
                                "lineitem.l_shipdate",
                                "lineitem.l_commitdate",
                                "lineitem.l_receiptdate",
                                "lineitem.l_shipinstruct",
                                "lineitem.l_shipmode",
                                "lineitem.l_comment"
                              ]
                            },
                            {
                              "Node Type": "Hash",
                              "Parent Relationship": "Inner",
                              "Parallel Aware": true,
                              "Async Capable": false,
                              "Startup Cost": 14640.86,
                              "Total Cost": 14640.86,
                              "Plan Rows": 17368,
                              "Plan Width": 126,
                              "Output": [
                                "part.p_partkey",
                                "partsupp.ps_supplycost",
                                "partsupp.ps_suppkey",
                                "partsupp.ps_partkey",
                                "supplier.s_suppkey",
                                "nation.n_name"
                              ],
                              "Plans": [
                                {
                                  "Node Type": "Hash Join",
                                  "Parent Relationship": "Outer",
                                  "Parallel Aware": false,
                                  "Async Capable": false,
                                  "Join Type": "Inner",
                                  "Startup Cost": 449.99,
                                  "Total Cost": 14640.86,
                                  "Plan Rows": 17368,
                                  "Plan Width": 126,
                                  "Output": [
                                    "part.p_partkey",
                                    "partsupp.ps_supplycost",
                                    "partsupp.ps_suppkey",
                                    "partsupp.ps_partkey",
                                    "supplier.s_suppkey",
                                    "nation.n_name"
                                  ],
                                  "Inner Unique": true,
                                  "Hash Cond": "(supplier.s_nationkey = nation.n_nationkey)",
                                  "Plans": [
                                    {
                                      "Node Type": "Hash Join",
                                      "Parent Relationship": "Outer",
                                      "Parallel Aware": false,
                                      "Async Capable": false,
                                      "Join Type": "Inner",
                                      "Startup Cost": 448.43,
                                      "Total Cost": 14585.97,
                                      "Plan Rows": 17368,
                                      "Plan Width": 26,
                                      "Output": [
                                        "part.p_partkey",
                                        "partsupp.ps_supplycost",
                                        "partsupp.ps_suppkey",
                                        "partsupp.ps_partkey",
                                        "supplier.s_suppkey",
                                        "supplier.s_nationkey"
                                      ],
                                      "Inner Unique": true,
                                      "Hash Cond": "(partsupp.ps_suppkey = supplier.s_suppkey)",
                                      "Plans": [
                                        {
                                          "Node Type": "Nested Loop",
                                          "Parent Relationship": "Outer",
                                          "Parallel Aware": false,
                                          "Async Capable": false,
                                          "Join Type": "Inner",
                                          "Startup Cost": 0.42,
                                          "Total Cost": 14092.36,
                                          "Plan Rows": 17368,
                                          "Plan Width": 18,
                                          "Output": [
                                            "part.p_partkey",
                                            "partsupp.ps_supplycost",
                                            "partsupp.ps_suppkey",
                                            "partsupp.ps_partkey"
                                          ],
                                          "Inner Unique": false,
                                          "Plans": [
                                            {
                                              "Node Type": "Seq Scan",
                                              "Parent Relationship": "Outer",
                                              "Parallel Aware": true,
                                              "Async Capable": false,
                                              "Relation Name": "part",
                                              "Schema": "public",
                                              "Alias": "part",
                                              "Startup Cost": 0.0,
                                              "Total Cost": 5169.67,
                                              "Plan Rows": 4342,
                                              "Plan Width": 4,
                                              "Output": [
                                                "part.p_partkey",
                                                "part.p_name",
                                                "part.p_mfgr",
                                                "part.p_brand",
                                                "part.p_type",
                                                "part.p_size",
                                                "part.p_container",
                                                "part.p_retailprice",
                                                "part.p_comment"
                                              ],
                                              "Filter": "((part.p_name)::text ~~ '%papaya%'::text)"
                                            },
                                            {
                                              "Node Type": "Index Scan",
                                              "Parent Relationship": "Inner",
                                              "Parallel Aware": false,
                                              "Async Capable": false,
                                              "Scan Direction": "Forward",
                                              "Index Name": "partsupp_pkey",
                                              "Relation Name": "partsupp",
                                              "Schema": "public",
                                              "Alias": "partsupp",
                                              "Startup Cost": 0.42,
                                              "Total Cost": 2.01,
                                              "Plan Rows": 4,
                                              "Plan Width": 14,
                                              "Output": [
                                                "partsupp.ps_partkey",
                                                "partsupp.ps_suppkey",
                                                "partsupp.ps_availqty",
                                                "partsupp.ps_supplycost",
                                                "partsupp.ps_comment"
                                              ],
                                              "Index Cond": "(partsupp.ps_partkey = part.p_partkey)"
                                            }
                                          ]
                                        },
                                        {
                                          "Node Type": "Hash",
                                          "Parent Relationship": "Inner",
                                          "Parallel Aware": false,
                                          "Async Capable": false,
                                          "Startup Cost": 323.0,
                                          "Total Cost": 323.0,
                                          "Plan Rows": 10000,
                                          "Plan Width": 8,
                                          "Output": [
                                            "supplier.s_suppkey",
                                            "supplier.s_nationkey"
                                          ],
                                          "Plans": [
                                            {
                                              "Node Type": "Seq Scan",
                                              "Parent Relationship": "Outer",
                                              "Parallel Aware": false,
                                              "Async Capable": false,
                                              "Relation Name": "supplier",
                                              "Schema": "public",
                                              "Alias": "supplier",
                                              "Startup Cost": 0.0,
                                              "Total Cost": 323.0,
                                              "Plan Rows": 10000,
                                              "Plan Width": 8,
                                              "Output": [
                                                "supplier.s_suppkey",
                                                "supplier.s_nationkey"
                                              ]
                                            }
                                          ]
                                        }
                                      ]
                                    },
                                    {
                                      "Node Type": "Hash",
                                      "Parent Relationship": "Inner",
                                      "Parallel Aware": false,
                                      "Async Capable": false,
                                      "Startup Cost": 1.25,
                                      "Total Cost": 1.25,
                                      "Plan Rows": 25,
                                      "Plan Width": 108,
                                      "Output": [
                                        "nation.n_name",
                                        "nation.n_nationkey"
                                      ],
                                      "Plans": [
                                        {
                                          "Node Type": "Seq Scan",
                                          "Parent Relationship": "Outer",
                                          "Parallel Aware": false,
                                          "Async Capable": false,
                                          "Relation Name": "nation",
                                          "Schema": "public",
                                          "Alias": "nation",
                                          "Startup Cost": 0.0,
                                          "Total Cost": 1.25,
                                          "Plan Rows": 25,
                                          "Plan Width": 108,
                                          "Output": [
                                            "nation.n_name",
                                            "nation.n_nationkey"
                                          ]
                                        }
                                      ]
                                    }
                                  ]
                                }
                              ]
                            }
                          ]
                        },
                        {
                          "Node Type": "Index Scan",
                          "Parent Relationship": "Inner",
                          "Parallel Aware": false,
                          "Async Capable": false,
                          "Scan Direction": "Forward",
                          "Index Name": "orders_pkey",
                          "Relation Name": "orders",
                          "Schema": "public",
                          "Alias": "orders",
                          "Startup Cost": 0.43,
                          "Total Cost": 0.45,
                          "Plan Rows": 1,
                          "Plan Width": 8,
                          "Output": [
                            "orders.o_orderkey",
                            "orders.o_custkey",
                            "orders.o_orderstatus",
                            "orders.o_totalprice",
                            "orders.o_orderdate",
                            "orders.o_orderpriority",
                            "orders.o_clerk",
                            "orders.o_shippriority",
                            "orders.o_comment"
                          ],
                          "Index Cond": "(orders.o_orderkey = lineitem.l_orderkey)"
                        }
                      ]
                    }
                  ]
                }
              ]
            }
          ]
        }
      ]
    },
    "JIT": {
      "Functions": 43,
      "Options": {
        "Inlining": false,
        "Optimization": false,
        "Expressions": true,
        "Deforming": true
      }
    }
  }
]
```

---

## 39. Q9_135_seed_1099340154.sql

**File Path:** `/Users/brunowinter2000/Documents/Thesis/2025_2026/Plan-Level/Generated_Queries/Q9/Q9_135_seed_1099340154.sql`

### EXPLAIN JSON

```json
[
  {
    "Plan": {
      "Node Type": "Sort",
      "Parallel Aware": false,
      "Async Capable": false,
      "Startup Cost": 222478.18,
      "Total Cost": 222628.55,
      "Plan Rows": 60150,
      "Plan Width": 168,
      "Output": [
        "nation.n_name",
        "(EXTRACT(year FROM orders.o_orderdate))",
        "(sum(((lineitem.l_extendedprice * ('1'::numeric - lineitem.l_discount)) - (partsupp.ps_supplycost * lineitem.l_quantity))))"
      ],
      "Sort Key": [
        "nation.n_name",
        "(EXTRACT(year FROM orders.o_orderdate)) DESC"
      ],
      "Plans": [
        {
          "Node Type": "Aggregate",
          "Strategy": "Hashed",
          "Partial Mode": "Finalize",
          "Parent Relationship": "Outer",
          "Parallel Aware": false,
          "Async Capable": false,
          "Startup Cost": 216801.14,
          "Total Cost": 217703.39,
          "Plan Rows": 60150,
          "Plan Width": 168,
          "Output": [
            "nation.n_name",
            "(EXTRACT(year FROM orders.o_orderdate))",
            "sum(((lineitem.l_extendedprice * ('1'::numeric - lineitem.l_discount)) - (partsupp.ps_supplycost * lineitem.l_quantity)))"
          ],
          "Group Key": [
            "nation.n_name",
            "(EXTRACT(year FROM orders.o_orderdate))"
          ],
          "Planned Partitions": 0,
          "Plans": [
            {
              "Node Type": "Gather",
              "Parent Relationship": "Outer",
              "Parallel Aware": false,
              "Async Capable": false,
              "Startup Cost": 182816.39,
              "Total Cost": 213793.64,
              "Plan Rows": 300750,
              "Plan Width": 168,
              "Output": [
                "nation.n_name",
                "(EXTRACT(year FROM orders.o_orderdate))",
                "(PARTIAL sum(((lineitem.l_extendedprice * ('1'::numeric - lineitem.l_discount)) - (partsupp.ps_supplycost * lineitem.l_quantity))))"
              ],
              "Workers Planned": 5,
              "Single Copy": false,
              "Plans": [
                {
                  "Node Type": "Aggregate",
                  "Strategy": "Hashed",
                  "Partial Mode": "Partial",
                  "Parent Relationship": "Outer",
                  "Parallel Aware": false,
                  "Async Capable": false,
                  "Startup Cost": 181816.39,
                  "Total Cost": 182718.64,
                  "Plan Rows": 60150,
                  "Plan Width": 168,
                  "Output": [
                    "nation.n_name",
                    "(EXTRACT(year FROM orders.o_orderdate))",
                    "PARTIAL sum(((lineitem.l_extendedprice * ('1'::numeric - lineitem.l_discount)) - (partsupp.ps_supplycost * lineitem.l_quantity)))"
                  ],
                  "Group Key": [
                    "nation.n_name",
                    "EXTRACT(year FROM orders.o_orderdate)"
                  ],
                  "Planned Partitions": 0,
                  "Plans": [
                    {
                      "Node Type": "Nested Loop",
                      "Parent Relationship": "Outer",
                      "Parallel Aware": false,
                      "Async Capable": false,
                      "Join Type": "Inner",
                      "Startup Cost": 15390.98,
                      "Total Cost": 180595.73,
                      "Plan Rows": 69752,
                      "Plan Width": 159,
                      "Output": [
                        "nation.n_name",
                        "EXTRACT(year FROM orders.o_orderdate)",
                        "lineitem.l_extendedprice",
                        "lineitem.l_discount",
                        "partsupp.ps_supplycost",
                        "lineitem.l_quantity"
                      ],
                      "Inner Unique": true,
                      "Plans": [
                        {
                          "Node Type": "Hash Join",
                          "Parent Relationship": "Outer",
                          "Parallel Aware": true,
                          "Async Capable": false,
                          "Join Type": "Inner",
                          "Startup Cost": 15390.55,
                          "Total Cost": 148994.93,
                          "Plan Rows": 69752,
                          "Plan Width": 131,
                          "Output": [
                            "lineitem.l_extendedprice",
                            "lineitem.l_discount",
                            "lineitem.l_quantity",
                            "lineitem.l_orderkey",
                            "partsupp.ps_supplycost",
                            "nation.n_name"
                          ],
                          "Inner Unique": false,
                          "Hash Cond": "((lineitem.l_suppkey = supplier.s_suppkey) AND (lineitem.l_partkey = partsupp.ps_partkey))",
                          "Plans": [
                            {
                              "Node Type": "Seq Scan",
                              "Parent Relationship": "Outer",
                              "Parallel Aware": true,
                              "Async Capable": false,
                              "Relation Name": "lineitem",
                              "Schema": "public",
                              "Alias": "lineitem",
                              "Startup Cost": 0.0,
                              "Total Cost": 124602.43,
                              "Plan Rows": 1200243,
                              "Plan Width": 29,
                              "Output": [
                                "lineitem.l_orderkey",
                                "lineitem.l_partkey",
                                "lineitem.l_suppkey",
                                "lineitem.l_linenumber",
                                "lineitem.l_quantity",
                                "lineitem.l_extendedprice",
                                "lineitem.l_discount",
                                "lineitem.l_tax",
                                "lineitem.l_returnflag",
                                "lineitem.l_linestatus",
                                "lineitem.l_shipdate",
                                "lineitem.l_commitdate",
                                "lineitem.l_receiptdate",
                                "lineitem.l_shipinstruct",
                                "lineitem.l_shipmode",
                                "lineitem.l_comment"
                              ]
                            },
                            {
                              "Node Type": "Hash",
                              "Parent Relationship": "Inner",
                              "Parallel Aware": true,
                              "Async Capable": false,
                              "Startup Cost": 15099.97,
                              "Total Cost": 15099.97,
                              "Plan Rows": 19372,
                              "Plan Width": 126,
                              "Output": [
                                "part.p_partkey",
                                "partsupp.ps_supplycost",
                                "partsupp.ps_suppkey",
                                "partsupp.ps_partkey",
                                "supplier.s_suppkey",
                                "nation.n_name"
                              ],
                              "Plans": [
                                {
                                  "Node Type": "Hash Join",
                                  "Parent Relationship": "Outer",
                                  "Parallel Aware": false,
                                  "Async Capable": false,
                                  "Join Type": "Inner",
                                  "Startup Cost": 449.99,
                                  "Total Cost": 15099.97,
                                  "Plan Rows": 19372,
                                  "Plan Width": 126,
                                  "Output": [
                                    "part.p_partkey",
                                    "partsupp.ps_supplycost",
                                    "partsupp.ps_suppkey",
                                    "partsupp.ps_partkey",
                                    "supplier.s_suppkey",
                                    "nation.n_name"
                                  ],
                                  "Inner Unique": true,
                                  "Hash Cond": "(supplier.s_nationkey = nation.n_nationkey)",
                                  "Plans": [
                                    {
                                      "Node Type": "Hash Join",
                                      "Parent Relationship": "Outer",
                                      "Parallel Aware": false,
                                      "Async Capable": false,
                                      "Join Type": "Inner",
                                      "Startup Cost": 448.43,
                                      "Total Cost": 15038.94,
                                      "Plan Rows": 19372,
                                      "Plan Width": 26,
                                      "Output": [
                                        "part.p_partkey",
                                        "partsupp.ps_supplycost",
                                        "partsupp.ps_suppkey",
                                        "partsupp.ps_partkey",
                                        "supplier.s_suppkey",
                                        "supplier.s_nationkey"
                                      ],
                                      "Inner Unique": true,
                                      "Hash Cond": "(partsupp.ps_suppkey = supplier.s_suppkey)",
                                      "Plans": [
                                        {
                                          "Node Type": "Nested Loop",
                                          "Parent Relationship": "Outer",
                                          "Parallel Aware": false,
                                          "Async Capable": false,
                                          "Join Type": "Inner",
                                          "Startup Cost": 0.42,
                                          "Total Cost": 14540.06,
                                          "Plan Rows": 19372,
                                          "Plan Width": 18,
                                          "Output": [
                                            "part.p_partkey",
                                            "partsupp.ps_supplycost",
                                            "partsupp.ps_suppkey",
                                            "partsupp.ps_partkey"
                                          ],
                                          "Inner Unique": false,
                                          "Plans": [
                                            {
                                              "Node Type": "Seq Scan",
                                              "Parent Relationship": "Outer",
                                              "Parallel Aware": true,
                                              "Async Capable": false,
                                              "Relation Name": "part",
                                              "Schema": "public",
                                              "Alias": "part",
                                              "Startup Cost": 0.0,
                                              "Total Cost": 5169.67,
                                              "Plan Rows": 4843,
                                              "Plan Width": 4,
                                              "Output": [
                                                "part.p_partkey",
                                                "part.p_name",
                                                "part.p_mfgr",
                                                "part.p_brand",
                                                "part.p_type",
                                                "part.p_size",
                                                "part.p_container",
                                                "part.p_retailprice",
                                                "part.p_comment"
                                              ],
                                              "Filter": "((part.p_name)::text ~~ '%chocolate%'::text)"
                                            },
                                            {
                                              "Node Type": "Index Scan",
                                              "Parent Relationship": "Inner",
                                              "Parallel Aware": false,
                                              "Async Capable": false,
                                              "Scan Direction": "Forward",
                                              "Index Name": "partsupp_pkey",
                                              "Relation Name": "partsupp",
                                              "Schema": "public",
                                              "Alias": "partsupp",
                                              "Startup Cost": 0.42,
                                              "Total Cost": 1.89,
                                              "Plan Rows": 4,
                                              "Plan Width": 14,
                                              "Output": [
                                                "partsupp.ps_partkey",
                                                "partsupp.ps_suppkey",
                                                "partsupp.ps_availqty",
                                                "partsupp.ps_supplycost",
                                                "partsupp.ps_comment"
                                              ],
                                              "Index Cond": "(partsupp.ps_partkey = part.p_partkey)"
                                            }
                                          ]
                                        },
                                        {
                                          "Node Type": "Hash",
                                          "Parent Relationship": "Inner",
                                          "Parallel Aware": false,
                                          "Async Capable": false,
                                          "Startup Cost": 323.0,
                                          "Total Cost": 323.0,
                                          "Plan Rows": 10000,
                                          "Plan Width": 8,
                                          "Output": [
                                            "supplier.s_suppkey",
                                            "supplier.s_nationkey"
                                          ],
                                          "Plans": [
                                            {
                                              "Node Type": "Seq Scan",
                                              "Parent Relationship": "Outer",
                                              "Parallel Aware": false,
                                              "Async Capable": false,
                                              "Relation Name": "supplier",
                                              "Schema": "public",
                                              "Alias": "supplier",
                                              "Startup Cost": 0.0,
                                              "Total Cost": 323.0,
                                              "Plan Rows": 10000,
                                              "Plan Width": 8,
                                              "Output": [
                                                "supplier.s_suppkey",
                                                "supplier.s_nationkey"
                                              ]
                                            }
                                          ]
                                        }
                                      ]
                                    },
                                    {
                                      "Node Type": "Hash",
                                      "Parent Relationship": "Inner",
                                      "Parallel Aware": false,
                                      "Async Capable": false,
                                      "Startup Cost": 1.25,
                                      "Total Cost": 1.25,
                                      "Plan Rows": 25,
                                      "Plan Width": 108,
                                      "Output": [
                                        "nation.n_name",
                                        "nation.n_nationkey"
                                      ],
                                      "Plans": [
                                        {
                                          "Node Type": "Seq Scan",
                                          "Parent Relationship": "Outer",
                                          "Parallel Aware": false,
                                          "Async Capable": false,
                                          "Relation Name": "nation",
                                          "Schema": "public",
                                          "Alias": "nation",
                                          "Startup Cost": 0.0,
                                          "Total Cost": 1.25,
                                          "Plan Rows": 25,
                                          "Plan Width": 108,
                                          "Output": [
                                            "nation.n_name",
                                            "nation.n_nationkey"
                                          ]
                                        }
                                      ]
                                    }
                                  ]
                                }
                              ]
                            }
                          ]
                        },
                        {
                          "Node Type": "Index Scan",
                          "Parent Relationship": "Inner",
                          "Parallel Aware": false,
                          "Async Capable": false,
                          "Scan Direction": "Forward",
                          "Index Name": "orders_pkey",
                          "Relation Name": "orders",
                          "Schema": "public",
                          "Alias": "orders",
                          "Startup Cost": 0.43,
                          "Total Cost": 0.45,
                          "Plan Rows": 1,
                          "Plan Width": 8,
                          "Output": [
                            "orders.o_orderkey",
                            "orders.o_custkey",
                            "orders.o_orderstatus",
                            "orders.o_totalprice",
                            "orders.o_orderdate",
                            "orders.o_orderpriority",
                            "orders.o_clerk",
                            "orders.o_shippriority",
                            "orders.o_comment"
                          ],
                          "Index Cond": "(orders.o_orderkey = lineitem.l_orderkey)"
                        }
                      ]
                    }
                  ]
                }
              ]
            }
          ]
        }
      ]
    },
    "JIT": {
      "Functions": 43,
      "Options": {
        "Inlining": false,
        "Optimization": false,
        "Expressions": true,
        "Deforming": true
      }
    }
  }
]
```

---

## 40. Q9_136_seed_1107544185.sql

**File Path:** `/Users/brunowinter2000/Documents/Thesis/2025_2026/Plan-Level/Generated_Queries/Q9/Q9_136_seed_1107544185.sql`

### EXPLAIN JSON

```json
[
  {
    "Plan": {
      "Node Type": "Sort",
      "Parallel Aware": false,
      "Async Capable": false,
      "Startup Cost": 211969.48,
      "Total Cost": 212119.85,
      "Plan Rows": 60150,
      "Plan Width": 168,
      "Output": [
        "nation.n_name",
        "(EXTRACT(year FROM orders.o_orderdate))",
        "(sum(((lineitem.l_extendedprice * ('1'::numeric - lineitem.l_discount)) - (partsupp.ps_supplycost * lineitem.l_quantity))))"
      ],
      "Sort Key": [
        "nation.n_name",
        "(EXTRACT(year FROM orders.o_orderdate)) DESC"
      ],
      "Plans": [
        {
          "Node Type": "Aggregate",
          "Strategy": "Hashed",
          "Partial Mode": "Finalize",
          "Parent Relationship": "Outer",
          "Parallel Aware": false,
          "Async Capable": false,
          "Startup Cost": 206292.44,
          "Total Cost": 207194.69,
          "Plan Rows": 60150,
          "Plan Width": 168,
          "Output": [
            "nation.n_name",
            "(EXTRACT(year FROM orders.o_orderdate))",
            "sum(((lineitem.l_extendedprice * ('1'::numeric - lineitem.l_discount)) - (partsupp.ps_supplycost * lineitem.l_quantity)))"
          ],
          "Group Key": [
            "nation.n_name",
            "(EXTRACT(year FROM orders.o_orderdate))"
          ],
          "Planned Partitions": 0,
          "Plans": [
            {
              "Node Type": "Gather",
              "Parent Relationship": "Outer",
              "Parallel Aware": false,
              "Async Capable": false,
              "Startup Cost": 175037.2,
              "Total Cost": 203526.49,
              "Plan Rows": 276595,
              "Plan Width": 168,
              "Output": [
                "nation.n_name",
                "(EXTRACT(year FROM orders.o_orderdate))",
                "(PARTIAL sum(((lineitem.l_extendedprice * ('1'::numeric - lineitem.l_discount)) - (partsupp.ps_supplycost * lineitem.l_quantity))))"
              ],
              "Workers Planned": 5,
              "Single Copy": false,
              "Plans": [
                {
                  "Node Type": "Aggregate",
                  "Strategy": "Hashed",
                  "Partial Mode": "Partial",
                  "Parent Relationship": "Outer",
                  "Parallel Aware": false,
                  "Async Capable": false,
                  "Startup Cost": 174037.2,
                  "Total Cost": 174866.99,
                  "Plan Rows": 55319,
                  "Plan Width": 168,
                  "Output": [
                    "nation.n_name",
                    "(EXTRACT(year FROM orders.o_orderdate))",
                    "PARTIAL sum(((lineitem.l_extendedprice * ('1'::numeric - lineitem.l_discount)) - (partsupp.ps_supplycost * lineitem.l_quantity)))"
                  ],
                  "Group Key": [
                    "nation.n_name",
                    "EXTRACT(year FROM orders.o_orderdate)"
                  ],
                  "Planned Partitions": 0,
                  "Plans": [
                    {
                      "Node Type": "Nested Loop",
                      "Parent Relationship": "Outer",
                      "Parallel Aware": false,
                      "Async Capable": false,
                      "Join Type": "Inner",
                      "Startup Cost": 14403.2,
                      "Total Cost": 173069.12,
                      "Plan Rows": 55319,
                      "Plan Width": 159,
                      "Output": [
                        "nation.n_name",
                        "EXTRACT(year FROM orders.o_orderdate)",
                        "lineitem.l_extendedprice",
                        "lineitem.l_discount",
                        "partsupp.ps_supplycost",
                        "lineitem.l_quantity"
                      ],
                      "Inner Unique": true,
                      "Plans": [
                        {
                          "Node Type": "Hash Join",
                          "Parent Relationship": "Outer",
                          "Parallel Aware": true,
                          "Async Capable": false,
                          "Join Type": "Inner",
                          "Startup Cost": 14402.78,
                          "Total Cost": 148007.12,
                          "Plan Rows": 55319,
                          "Plan Width": 131,
                          "Output": [
                            "lineitem.l_extendedprice",
                            "lineitem.l_discount",
                            "lineitem.l_quantity",
                            "lineitem.l_orderkey",
                            "partsupp.ps_supplycost",
                            "nation.n_name"
                          ],
                          "Inner Unique": false,
                          "Hash Cond": "((lineitem.l_suppkey = supplier.s_suppkey) AND (lineitem.l_partkey = partsupp.ps_partkey))",
                          "Plans": [
                            {
                              "Node Type": "Seq Scan",
                              "Parent Relationship": "Outer",
                              "Parallel Aware": true,
                              "Async Capable": false,
                              "Relation Name": "lineitem",
                              "Schema": "public",
                              "Alias": "lineitem",
                              "Startup Cost": 0.0,
                              "Total Cost": 124602.43,
                              "Plan Rows": 1200243,
                              "Plan Width": 29,
                              "Output": [
                                "lineitem.l_orderkey",
                                "lineitem.l_partkey",
                                "lineitem.l_suppkey",
                                "lineitem.l_linenumber",
                                "lineitem.l_quantity",
                                "lineitem.l_extendedprice",
                                "lineitem.l_discount",
                                "lineitem.l_tax",
                                "lineitem.l_returnflag",
                                "lineitem.l_linestatus",
                                "lineitem.l_shipdate",
                                "lineitem.l_commitdate",
                                "lineitem.l_receiptdate",
                                "lineitem.l_shipinstruct",
                                "lineitem.l_shipmode",
                                "lineitem.l_comment"
                              ]
                            },
                            {
                              "Node Type": "Hash",
                              "Parent Relationship": "Inner",
                              "Parallel Aware": true,
                              "Async Capable": false,
                              "Startup Cost": 14172.33,
                              "Total Cost": 14172.33,
                              "Plan Rows": 15363,
                              "Plan Width": 126,
                              "Output": [
                                "part.p_partkey",
                                "partsupp.ps_supplycost",
                                "partsupp.ps_suppkey",
                                "partsupp.ps_partkey",
                                "supplier.s_suppkey",
                                "nation.n_name"
                              ],
                              "Plans": [
                                {
                                  "Node Type": "Hash Join",
                                  "Parent Relationship": "Outer",
                                  "Parallel Aware": false,
                                  "Async Capable": false,
                                  "Join Type": "Inner",
                                  "Startup Cost": 449.99,
                                  "Total Cost": 14172.33,
                                  "Plan Rows": 15363,
                                  "Plan Width": 126,
                                  "Output": [
                                    "part.p_partkey",
                                    "partsupp.ps_supplycost",
                                    "partsupp.ps_suppkey",
                                    "partsupp.ps_partkey",
                                    "supplier.s_suppkey",
                                    "nation.n_name"
                                  ],
                                  "Inner Unique": true,
                                  "Hash Cond": "(supplier.s_nationkey = nation.n_nationkey)",
                                  "Plans": [
                                    {
                                      "Node Type": "Hash Join",
                                      "Parent Relationship": "Outer",
                                      "Parallel Aware": false,
                                      "Async Capable": false,
                                      "Join Type": "Inner",
                                      "Startup Cost": 448.43,
                                      "Total Cost": 14123.6,
                                      "Plan Rows": 15363,
                                      "Plan Width": 26,
                                      "Output": [
                                        "part.p_partkey",
                                        "partsupp.ps_supplycost",
                                        "partsupp.ps_suppkey",
                                        "partsupp.ps_partkey",
                                        "supplier.s_suppkey",
                                        "supplier.s_nationkey"
                                      ],
                                      "Inner Unique": true,
                                      "Hash Cond": "(partsupp.ps_suppkey = supplier.s_suppkey)",
                                      "Plans": [
                                        {
                                          "Node Type": "Nested Loop",
                                          "Parent Relationship": "Outer",
                                          "Parallel Aware": false,
                                          "Async Capable": false,
                                          "Join Type": "Inner",
                                          "Startup Cost": 0.42,
                                          "Total Cost": 13635.25,
                                          "Plan Rows": 15363,
                                          "Plan Width": 18,
                                          "Output": [
                                            "part.p_partkey",
                                            "partsupp.ps_supplycost",
                                            "partsupp.ps_suppkey",
                                            "partsupp.ps_partkey"
                                          ],
                                          "Inner Unique": false,
                                          "Plans": [
                                            {
                                              "Node Type": "Seq Scan",
                                              "Parent Relationship": "Outer",
                                              "Parallel Aware": true,
                                              "Async Capable": false,
                                              "Relation Name": "part",
                                              "Schema": "public",
                                              "Alias": "part",
                                              "Startup Cost": 0.0,
                                              "Total Cost": 5169.67,
                                              "Plan Rows": 3841,
                                              "Plan Width": 4,
                                              "Output": [
                                                "part.p_partkey",
                                                "part.p_name",
                                                "part.p_mfgr",
                                                "part.p_brand",
                                                "part.p_type",
                                                "part.p_size",
                                                "part.p_container",
                                                "part.p_retailprice",
                                                "part.p_comment"
                                              ],
                                              "Filter": "((part.p_name)::text ~~ '%pale%'::text)"
                                            },
                                            {
                                              "Node Type": "Index Scan",
                                              "Parent Relationship": "Inner",
                                              "Parallel Aware": false,
                                              "Async Capable": false,
                                              "Scan Direction": "Forward",
                                              "Index Name": "partsupp_pkey",
                                              "Relation Name": "partsupp",
                                              "Schema": "public",
                                              "Alias": "partsupp",
                                              "Startup Cost": 0.42,
                                              "Total Cost": 2.16,
                                              "Plan Rows": 4,
                                              "Plan Width": 14,
                                              "Output": [
                                                "partsupp.ps_partkey",
                                                "partsupp.ps_suppkey",
                                                "partsupp.ps_availqty",
                                                "partsupp.ps_supplycost",
                                                "partsupp.ps_comment"
                                              ],
                                              "Index Cond": "(partsupp.ps_partkey = part.p_partkey)"
                                            }
                                          ]
                                        },
                                        {
                                          "Node Type": "Hash",
                                          "Parent Relationship": "Inner",
                                          "Parallel Aware": false,
                                          "Async Capable": false,
                                          "Startup Cost": 323.0,
                                          "Total Cost": 323.0,
                                          "Plan Rows": 10000,
                                          "Plan Width": 8,
                                          "Output": [
                                            "supplier.s_suppkey",
                                            "supplier.s_nationkey"
                                          ],
                                          "Plans": [
                                            {
                                              "Node Type": "Seq Scan",
                                              "Parent Relationship": "Outer",
                                              "Parallel Aware": false,
                                              "Async Capable": false,
                                              "Relation Name": "supplier",
                                              "Schema": "public",
                                              "Alias": "supplier",
                                              "Startup Cost": 0.0,
                                              "Total Cost": 323.0,
                                              "Plan Rows": 10000,
                                              "Plan Width": 8,
                                              "Output": [
                                                "supplier.s_suppkey",
                                                "supplier.s_nationkey"
                                              ]
                                            }
                                          ]
                                        }
                                      ]
                                    },
                                    {
                                      "Node Type": "Hash",
                                      "Parent Relationship": "Inner",
                                      "Parallel Aware": false,
                                      "Async Capable": false,
                                      "Startup Cost": 1.25,
                                      "Total Cost": 1.25,
                                      "Plan Rows": 25,
                                      "Plan Width": 108,
                                      "Output": [
                                        "nation.n_name",
                                        "nation.n_nationkey"
                                      ],
                                      "Plans": [
                                        {
                                          "Node Type": "Seq Scan",
                                          "Parent Relationship": "Outer",
                                          "Parallel Aware": false,
                                          "Async Capable": false,
                                          "Relation Name": "nation",
                                          "Schema": "public",
                                          "Alias": "nation",
                                          "Startup Cost": 0.0,
                                          "Total Cost": 1.25,
                                          "Plan Rows": 25,
                                          "Plan Width": 108,
                                          "Output": [
                                            "nation.n_name",
                                            "nation.n_nationkey"
                                          ]
                                        }
                                      ]
                                    }
                                  ]
                                }
                              ]
                            }
                          ]
                        },
                        {
                          "Node Type": "Index Scan",
                          "Parent Relationship": "Inner",
                          "Parallel Aware": false,
                          "Async Capable": false,
                          "Scan Direction": "Forward",
                          "Index Name": "orders_pkey",
                          "Relation Name": "orders",
                          "Schema": "public",
                          "Alias": "orders",
                          "Startup Cost": 0.43,
                          "Total Cost": 0.45,
                          "Plan Rows": 1,
                          "Plan Width": 8,
                          "Output": [
                            "orders.o_orderkey",
                            "orders.o_custkey",
                            "orders.o_orderstatus",
                            "orders.o_totalprice",
                            "orders.o_orderdate",
                            "orders.o_orderpriority",
                            "orders.o_clerk",
                            "orders.o_shippriority",
                            "orders.o_comment"
                          ],
                          "Index Cond": "(orders.o_orderkey = lineitem.l_orderkey)"
                        }
                      ]
                    }
                  ]
                }
              ]
            }
          ]
        }
      ]
    },
    "JIT": {
      "Functions": 43,
      "Options": {
        "Inlining": false,
        "Optimization": false,
        "Expressions": true,
        "Deforming": true
      }
    }
  }
]
```

---

## 41. Q9_137_seed_1115748216.sql

**File Path:** `/Users/brunowinter2000/Documents/Thesis/2025_2026/Plan-Level/Generated_Queries/Q9/Q9_137_seed_1115748216.sql`

### EXPLAIN JSON

```json
[
  {
    "Plan": {
      "Node Type": "Sort",
      "Parallel Aware": false,
      "Async Capable": false,
      "Startup Cost": 209315.24,
      "Total Cost": 209465.61,
      "Plan Rows": 60150,
      "Plan Width": 168,
      "Output": [
        "nation.n_name",
        "(EXTRACT(year FROM orders.o_orderdate))",
        "(sum(((lineitem.l_extendedprice * ('1'::numeric - lineitem.l_discount)) - (partsupp.ps_supplycost * lineitem.l_quantity))))"
      ],
      "Sort Key": [
        "nation.n_name",
        "(EXTRACT(year FROM orders.o_orderdate)) DESC"
      ],
      "Plans": [
        {
          "Node Type": "Aggregate",
          "Strategy": "Hashed",
          "Partial Mode": "Finalize",
          "Parent Relationship": "Outer",
          "Parallel Aware": false,
          "Async Capable": false,
          "Startup Cost": 203638.2,
          "Total Cost": 204540.45,
          "Plan Rows": 60150,
          "Plan Width": 168,
          "Output": [
            "nation.n_name",
            "(EXTRACT(year FROM orders.o_orderdate))",
            "sum(((lineitem.l_extendedprice * ('1'::numeric - lineitem.l_discount)) - (partsupp.ps_supplycost * lineitem.l_quantity)))"
          ],
          "Group Key": [
            "nation.n_name",
            "(EXTRACT(year FROM orders.o_orderdate))"
          ],
          "Planned Partitions": 0,
          "Plans": [
            {
              "Node Type": "Gather",
              "Parent Relationship": "Outer",
              "Parallel Aware": false,
              "Async Capable": false,
              "Startup Cost": 173738.96,
              "Total Cost": 200992.25,
              "Plan Rows": 264595,
              "Plan Width": 168,
              "Output": [
                "nation.n_name",
                "(EXTRACT(year FROM orders.o_orderdate))",
                "(PARTIAL sum(((lineitem.l_extendedprice * ('1'::numeric - lineitem.l_discount)) - (partsupp.ps_supplycost * lineitem.l_quantity))))"
              ],
              "Workers Planned": 5,
              "Single Copy": false,
              "Plans": [
                {
                  "Node Type": "Aggregate",
                  "Strategy": "Hashed",
                  "Partial Mode": "Partial",
                  "Parent Relationship": "Outer",
                  "Parallel Aware": false,
                  "Async Capable": false,
                  "Startup Cost": 172738.96,
                  "Total Cost": 173532.75,
                  "Plan Rows": 52919,
                  "Plan Width": 168,
                  "Output": [
                    "nation.n_name",
                    "(EXTRACT(year FROM orders.o_orderdate))",
                    "PARTIAL sum(((lineitem.l_extendedprice * ('1'::numeric - lineitem.l_discount)) - (partsupp.ps_supplycost * lineitem.l_quantity)))"
                  ],
                  "Group Key": [
                    "nation.n_name",
                    "EXTRACT(year FROM orders.o_orderdate)"
                  ],
                  "Planned Partitions": 0,
                  "Plans": [
                    {
                      "Node Type": "Nested Loop",
                      "Parent Relationship": "Outer",
                      "Parallel Aware": false,
                      "Async Capable": false,
                      "Join Type": "Inner",
                      "Startup Cost": 14234.27,
                      "Total Cost": 171812.88,
                      "Plan Rows": 52919,
                      "Plan Width": 159,
                      "Output": [
                        "nation.n_name",
                        "EXTRACT(year FROM orders.o_orderdate)",
                        "lineitem.l_extendedprice",
                        "lineitem.l_discount",
                        "partsupp.ps_supplycost",
                        "lineitem.l_quantity"
                      ],
                      "Inner Unique": true,
                      "Plans": [
                        {
                          "Node Type": "Hash Join",
                          "Parent Relationship": "Outer",
                          "Parallel Aware": true,
                          "Async Capable": false,
                          "Join Type": "Inner",
                          "Startup Cost": 14233.85,
                          "Total Cost": 147838.19,
                          "Plan Rows": 52919,
                          "Plan Width": 131,
                          "Output": [
                            "lineitem.l_extendedprice",
                            "lineitem.l_discount",
                            "lineitem.l_quantity",
                            "lineitem.l_orderkey",
                            "partsupp.ps_supplycost",
                            "nation.n_name"
                          ],
                          "Inner Unique": false,
                          "Hash Cond": "((lineitem.l_suppkey = supplier.s_suppkey) AND (lineitem.l_partkey = partsupp.ps_partkey))",
                          "Plans": [
                            {
                              "Node Type": "Seq Scan",
                              "Parent Relationship": "Outer",
                              "Parallel Aware": true,
                              "Async Capable": false,
                              "Relation Name": "lineitem",
                              "Schema": "public",
                              "Alias": "lineitem",
                              "Startup Cost": 0.0,
                              "Total Cost": 124602.43,
                              "Plan Rows": 1200243,
                              "Plan Width": 29,
                              "Output": [
                                "lineitem.l_orderkey",
                                "lineitem.l_partkey",
                                "lineitem.l_suppkey",
                                "lineitem.l_linenumber",
                                "lineitem.l_quantity",
                                "lineitem.l_extendedprice",
                                "lineitem.l_discount",
                                "lineitem.l_tax",
                                "lineitem.l_returnflag",
                                "lineitem.l_linestatus",
                                "lineitem.l_shipdate",
                                "lineitem.l_commitdate",
                                "lineitem.l_receiptdate",
                                "lineitem.l_shipinstruct",
                                "lineitem.l_shipmode",
                                "lineitem.l_comment"
                              ]
                            },
                            {
                              "Node Type": "Hash",
                              "Parent Relationship": "Inner",
                              "Parallel Aware": true,
                              "Async Capable": false,
                              "Startup Cost": 14013.39,
                              "Total Cost": 14013.39,
                              "Plan Rows": 14697,
                              "Plan Width": 126,
                              "Output": [
                                "part.p_partkey",
                                "partsupp.ps_supplycost",
                                "partsupp.ps_suppkey",
                                "partsupp.ps_partkey",
                                "supplier.s_suppkey",
                                "nation.n_name"
                              ],
                              "Plans": [
                                {
                                  "Node Type": "Hash Join",
                                  "Parent Relationship": "Outer",
                                  "Parallel Aware": false,
                                  "Async Capable": false,
                                  "Join Type": "Inner",
                                  "Startup Cost": 449.99,
                                  "Total Cost": 14013.39,
                                  "Plan Rows": 14697,
                                  "Plan Width": 126,
                                  "Output": [
                                    "part.p_partkey",
                                    "partsupp.ps_supplycost",
                                    "partsupp.ps_suppkey",
                                    "partsupp.ps_partkey",
                                    "supplier.s_suppkey",
                                    "nation.n_name"
                                  ],
                                  "Inner Unique": true,
                                  "Hash Cond": "(supplier.s_nationkey = nation.n_nationkey)",
                                  "Plans": [
                                    {
                                      "Node Type": "Hash Join",
                                      "Parent Relationship": "Outer",
                                      "Parallel Aware": false,
                                      "Async Capable": false,
                                      "Join Type": "Inner",
                                      "Startup Cost": 448.43,
                                      "Total Cost": 13966.71,
                                      "Plan Rows": 14697,
                                      "Plan Width": 26,
                                      "Output": [
                                        "part.p_partkey",
                                        "partsupp.ps_supplycost",
                                        "partsupp.ps_suppkey",
                                        "partsupp.ps_partkey",
                                        "supplier.s_suppkey",
                                        "supplier.s_nationkey"
                                      ],
                                      "Inner Unique": true,
                                      "Hash Cond": "(partsupp.ps_suppkey = supplier.s_suppkey)",
                                      "Plans": [
                                        {
                                          "Node Type": "Nested Loop",
                                          "Parent Relationship": "Outer",
                                          "Parallel Aware": false,
                                          "Async Capable": false,
                                          "Join Type": "Inner",
                                          "Startup Cost": 0.42,
                                          "Total Cost": 13480.12,
                                          "Plan Rows": 14697,
                                          "Plan Width": 18,
                                          "Output": [
                                            "part.p_partkey",
                                            "partsupp.ps_supplycost",
                                            "partsupp.ps_suppkey",
                                            "partsupp.ps_partkey"
                                          ],
                                          "Inner Unique": false,
                                          "Plans": [
                                            {
                                              "Node Type": "Seq Scan",
                                              "Parent Relationship": "Outer",
                                              "Parallel Aware": true,
                                              "Async Capable": false,
                                              "Relation Name": "part",
                                              "Schema": "public",
                                              "Alias": "part",
                                              "Startup Cost": 0.0,
                                              "Total Cost": 5169.67,
                                              "Plan Rows": 3674,
                                              "Plan Width": 4,
                                              "Output": [
                                                "part.p_partkey",
                                                "part.p_name",
                                                "part.p_mfgr",
                                                "part.p_brand",
                                                "part.p_type",
                                                "part.p_size",
                                                "part.p_container",
                                                "part.p_retailprice",
                                                "part.p_comment"
                                              ],
                                              "Filter": "((part.p_name)::text ~~ '%chiffon%'::text)"
                                            },
                                            {
                                              "Node Type": "Index Scan",
                                              "Parent Relationship": "Inner",
                                              "Parallel Aware": false,
                                              "Async Capable": false,
                                              "Scan Direction": "Forward",
                                              "Index Name": "partsupp_pkey",
                                              "Relation Name": "partsupp",
                                              "Schema": "public",
                                              "Alias": "partsupp",
                                              "Startup Cost": 0.42,
                                              "Total Cost": 2.22,
                                              "Plan Rows": 4,
                                              "Plan Width": 14,
                                              "Output": [
                                                "partsupp.ps_partkey",
                                                "partsupp.ps_suppkey",
                                                "partsupp.ps_availqty",
                                                "partsupp.ps_supplycost",
                                                "partsupp.ps_comment"
                                              ],
                                              "Index Cond": "(partsupp.ps_partkey = part.p_partkey)"
                                            }
                                          ]
                                        },
                                        {
                                          "Node Type": "Hash",
                                          "Parent Relationship": "Inner",
                                          "Parallel Aware": false,
                                          "Async Capable": false,
                                          "Startup Cost": 323.0,
                                          "Total Cost": 323.0,
                                          "Plan Rows": 10000,
                                          "Plan Width": 8,
                                          "Output": [
                                            "supplier.s_suppkey",
                                            "supplier.s_nationkey"
                                          ],
                                          "Plans": [
                                            {
                                              "Node Type": "Seq Scan",
                                              "Parent Relationship": "Outer",
                                              "Parallel Aware": false,
                                              "Async Capable": false,
                                              "Relation Name": "supplier",
                                              "Schema": "public",
                                              "Alias": "supplier",
                                              "Startup Cost": 0.0,
                                              "Total Cost": 323.0,
                                              "Plan Rows": 10000,
                                              "Plan Width": 8,
                                              "Output": [
                                                "supplier.s_suppkey",
                                                "supplier.s_nationkey"
                                              ]
                                            }
                                          ]
                                        }
                                      ]
                                    },
                                    {
                                      "Node Type": "Hash",
                                      "Parent Relationship": "Inner",
                                      "Parallel Aware": false,
                                      "Async Capable": false,
                                      "Startup Cost": 1.25,
                                      "Total Cost": 1.25,
                                      "Plan Rows": 25,
                                      "Plan Width": 108,
                                      "Output": [
                                        "nation.n_name",
                                        "nation.n_nationkey"
                                      ],
                                      "Plans": [
                                        {
                                          "Node Type": "Seq Scan",
                                          "Parent Relationship": "Outer",
                                          "Parallel Aware": false,
                                          "Async Capable": false,
                                          "Relation Name": "nation",
                                          "Schema": "public",
                                          "Alias": "nation",
                                          "Startup Cost": 0.0,
                                          "Total Cost": 1.25,
                                          "Plan Rows": 25,
                                          "Plan Width": 108,
                                          "Output": [
                                            "nation.n_name",
                                            "nation.n_nationkey"
                                          ]
                                        }
                                      ]
                                    }
                                  ]
                                }
                              ]
                            }
                          ]
                        },
                        {
                          "Node Type": "Index Scan",
                          "Parent Relationship": "Inner",
                          "Parallel Aware": false,
                          "Async Capable": false,
                          "Scan Direction": "Forward",
                          "Index Name": "orders_pkey",
                          "Relation Name": "orders",
                          "Schema": "public",
                          "Alias": "orders",
                          "Startup Cost": 0.43,
                          "Total Cost": 0.45,
                          "Plan Rows": 1,
                          "Plan Width": 8,
                          "Output": [
                            "orders.o_orderkey",
                            "orders.o_custkey",
                            "orders.o_orderstatus",
                            "orders.o_totalprice",
                            "orders.o_orderdate",
                            "orders.o_orderpriority",
                            "orders.o_clerk",
                            "orders.o_shippriority",
                            "orders.o_comment"
                          ],
                          "Index Cond": "(orders.o_orderkey = lineitem.l_orderkey)"
                        }
                      ]
                    }
                  ]
                }
              ]
            }
          ]
        }
      ]
    },
    "JIT": {
      "Functions": 43,
      "Options": {
        "Inlining": false,
        "Optimization": false,
        "Expressions": true,
        "Deforming": true
      }
    }
  }
]
```

---

## 42. Q9_138_seed_1123952247.sql

**File Path:** `/Users/brunowinter2000/Documents/Thesis/2025_2026/Plan-Level/Generated_Queries/Q9/Q9_138_seed_1123952247.sql`

### EXPLAIN JSON

```json
[
  {
    "Plan": {
      "Node Type": "Sort",
      "Parallel Aware": false,
      "Async Capable": false,
      "Startup Cost": 223771.84,
      "Total Cost": 223922.21,
      "Plan Rows": 60150,
      "Plan Width": 168,
      "Output": [
        "nation.n_name",
        "(EXTRACT(year FROM orders.o_orderdate))",
        "(sum(((lineitem.l_extendedprice * ('1'::numeric - lineitem.l_discount)) - (partsupp.ps_supplycost * lineitem.l_quantity))))"
      ],
      "Sort Key": [
        "nation.n_name",
        "(EXTRACT(year FROM orders.o_orderdate)) DESC"
      ],
      "Plans": [
        {
          "Node Type": "Aggregate",
          "Strategy": "Hashed",
          "Partial Mode": "Finalize",
          "Parent Relationship": "Outer",
          "Parallel Aware": false,
          "Async Capable": false,
          "Startup Cost": 218094.8,
          "Total Cost": 218997.05,
          "Plan Rows": 60150,
          "Plan Width": 168,
          "Output": [
            "nation.n_name",
            "(EXTRACT(year FROM orders.o_orderdate))",
            "sum(((lineitem.l_extendedprice * ('1'::numeric - lineitem.l_discount)) - (partsupp.ps_supplycost * lineitem.l_quantity)))"
          ],
          "Group Key": [
            "nation.n_name",
            "(EXTRACT(year FROM orders.o_orderdate))"
          ],
          "Planned Partitions": 0,
          "Plans": [
            {
              "Node Type": "Gather",
              "Parent Relationship": "Outer",
              "Parallel Aware": false,
              "Async Capable": false,
              "Startup Cost": 184110.05,
              "Total Cost": 215087.3,
              "Plan Rows": 300750,
              "Plan Width": 168,
              "Output": [
                "nation.n_name",
                "(EXTRACT(year FROM orders.o_orderdate))",
                "(PARTIAL sum(((lineitem.l_extendedprice * ('1'::numeric - lineitem.l_discount)) - (partsupp.ps_supplycost * lineitem.l_quantity))))"
              ],
              "Workers Planned": 5,
              "Single Copy": false,
              "Plans": [
                {
                  "Node Type": "Aggregate",
                  "Strategy": "Hashed",
                  "Partial Mode": "Partial",
                  "Parent Relationship": "Outer",
                  "Parallel Aware": false,
                  "Async Capable": false,
                  "Startup Cost": 183110.05,
                  "Total Cost": 184012.3,
                  "Plan Rows": 60150,
                  "Plan Width": 168,
                  "Output": [
                    "nation.n_name",
                    "(EXTRACT(year FROM orders.o_orderdate))",
                    "PARTIAL sum(((lineitem.l_extendedprice * ('1'::numeric - lineitem.l_discount)) - (partsupp.ps_supplycost * lineitem.l_quantity)))"
                  ],
                  "Group Key": [
                    "nation.n_name",
                    "EXTRACT(year FROM orders.o_orderdate)"
                  ],
                  "Planned Partitions": 0,
                  "Plans": [
                    {
                      "Node Type": "Nested Loop",
                      "Parent Relationship": "Outer",
                      "Parallel Aware": false,
                      "Async Capable": false,
                      "Join Type": "Inner",
                      "Startup Cost": 15552.04,
                      "Total Cost": 181847.26,
                      "Plan Rows": 72159,
                      "Plan Width": 159,
                      "Output": [
                        "nation.n_name",
                        "EXTRACT(year FROM orders.o_orderdate)",
                        "lineitem.l_extendedprice",
                        "lineitem.l_discount",
                        "partsupp.ps_supplycost",
                        "lineitem.l_quantity"
                      ],
                      "Inner Unique": true,
                      "Plans": [
                        {
                          "Node Type": "Hash Join",
                          "Parent Relationship": "Outer",
                          "Parallel Aware": true,
                          "Async Capable": false,
                          "Join Type": "Inner",
                          "Startup Cost": 15551.61,
                          "Total Cost": 149155.98,
                          "Plan Rows": 72159,
                          "Plan Width": 131,
                          "Output": [
                            "lineitem.l_extendedprice",
                            "lineitem.l_discount",
                            "lineitem.l_quantity",
                            "lineitem.l_orderkey",
                            "partsupp.ps_supplycost",
                            "nation.n_name"
                          ],
                          "Inner Unique": false,
                          "Hash Cond": "((lineitem.l_suppkey = supplier.s_suppkey) AND (lineitem.l_partkey = partsupp.ps_partkey))",
                          "Plans": [
                            {
                              "Node Type": "Seq Scan",
                              "Parent Relationship": "Outer",
                              "Parallel Aware": true,
                              "Async Capable": false,
                              "Relation Name": "lineitem",
                              "Schema": "public",
                              "Alias": "lineitem",
                              "Startup Cost": 0.0,
                              "Total Cost": 124602.43,
                              "Plan Rows": 1200243,
                              "Plan Width": 29,
                              "Output": [
                                "lineitem.l_orderkey",
                                "lineitem.l_partkey",
                                "lineitem.l_suppkey",
                                "lineitem.l_linenumber",
                                "lineitem.l_quantity",
                                "lineitem.l_extendedprice",
                                "lineitem.l_discount",
                                "lineitem.l_tax",
                                "lineitem.l_returnflag",
                                "lineitem.l_linestatus",
                                "lineitem.l_shipdate",
                                "lineitem.l_commitdate",
                                "lineitem.l_receiptdate",
                                "lineitem.l_shipinstruct",
                                "lineitem.l_shipmode",
                                "lineitem.l_comment"
                              ]
                            },
                            {
                              "Node Type": "Hash",
                              "Parent Relationship": "Inner",
                              "Parallel Aware": true,
                              "Async Capable": false,
                              "Startup Cost": 15251.01,
                              "Total Cost": 15251.01,
                              "Plan Rows": 20040,
                              "Plan Width": 126,
                              "Output": [
                                "part.p_partkey",
                                "partsupp.ps_supplycost",
                                "partsupp.ps_suppkey",
                                "partsupp.ps_partkey",
                                "supplier.s_suppkey",
                                "nation.n_name"
                              ],
                              "Plans": [
                                {
                                  "Node Type": "Hash Join",
                                  "Parent Relationship": "Outer",
                                  "Parallel Aware": false,
                                  "Async Capable": false,
                                  "Join Type": "Inner",
                                  "Startup Cost": 449.99,
                                  "Total Cost": 15251.01,
                                  "Plan Rows": 20040,
                                  "Plan Width": 126,
                                  "Output": [
                                    "part.p_partkey",
                                    "partsupp.ps_supplycost",
                                    "partsupp.ps_suppkey",
                                    "partsupp.ps_partkey",
                                    "supplier.s_suppkey",
                                    "nation.n_name"
                                  ],
                                  "Inner Unique": true,
                                  "Hash Cond": "(supplier.s_nationkey = nation.n_nationkey)",
                                  "Plans": [
                                    {
                                      "Node Type": "Hash Join",
                                      "Parent Relationship": "Outer",
                                      "Parallel Aware": false,
                                      "Async Capable": false,
                                      "Join Type": "Inner",
                                      "Startup Cost": 448.43,
                                      "Total Cost": 15187.92,
                                      "Plan Rows": 20040,
                                      "Plan Width": 26,
                                      "Output": [
                                        "part.p_partkey",
                                        "partsupp.ps_supplycost",
                                        "partsupp.ps_suppkey",
                                        "partsupp.ps_partkey",
                                        "supplier.s_suppkey",
                                        "supplier.s_nationkey"
                                      ],
                                      "Inner Unique": true,
                                      "Hash Cond": "(partsupp.ps_suppkey = supplier.s_suppkey)",
                                      "Plans": [
                                        {
                                          "Node Type": "Nested Loop",
                                          "Parent Relationship": "Outer",
                                          "Parallel Aware": false,
                                          "Async Capable": false,
                                          "Join Type": "Inner",
                                          "Startup Cost": 0.42,
                                          "Total Cost": 14687.3,
                                          "Plan Rows": 20040,
                                          "Plan Width": 18,
                                          "Output": [
                                            "part.p_partkey",
                                            "partsupp.ps_supplycost",
                                            "partsupp.ps_suppkey",
                                            "partsupp.ps_partkey"
                                          ],
                                          "Inner Unique": false,
                                          "Plans": [
                                            {
                                              "Node Type": "Seq Scan",
                                              "Parent Relationship": "Outer",
                                              "Parallel Aware": true,
                                              "Async Capable": false,
                                              "Relation Name": "part",
                                              "Schema": "public",
                                              "Alias": "part",
                                              "Startup Cost": 0.0,
                                              "Total Cost": 5169.67,
                                              "Plan Rows": 5010,
                                              "Plan Width": 4,
                                              "Output": [
                                                "part.p_partkey",
                                                "part.p_name",
                                                "part.p_mfgr",
                                                "part.p_brand",
                                                "part.p_type",
                                                "part.p_size",
                                                "part.p_container",
                                                "part.p_retailprice",
                                                "part.p_comment"
                                              ],
                                              "Filter": "((part.p_name)::text ~~ '%orchid%'::text)"
                                            },
                                            {
                                              "Node Type": "Index Scan",
                                              "Parent Relationship": "Inner",
                                              "Parallel Aware": false,
                                              "Async Capable": false,
                                              "Scan Direction": "Forward",
                                              "Index Name": "partsupp_pkey",
                                              "Relation Name": "partsupp",
                                              "Schema": "public",
                                              "Alias": "partsupp",
                                              "Startup Cost": 0.42,
                                              "Total Cost": 1.86,
                                              "Plan Rows": 4,
                                              "Plan Width": 14,
                                              "Output": [
                                                "partsupp.ps_partkey",
                                                "partsupp.ps_suppkey",
                                                "partsupp.ps_availqty",
                                                "partsupp.ps_supplycost",
                                                "partsupp.ps_comment"
                                              ],
                                              "Index Cond": "(partsupp.ps_partkey = part.p_partkey)"
                                            }
                                          ]
                                        },
                                        {
                                          "Node Type": "Hash",
                                          "Parent Relationship": "Inner",
                                          "Parallel Aware": false,
                                          "Async Capable": false,
                                          "Startup Cost": 323.0,
                                          "Total Cost": 323.0,
                                          "Plan Rows": 10000,
                                          "Plan Width": 8,
                                          "Output": [
                                            "supplier.s_suppkey",
                                            "supplier.s_nationkey"
                                          ],
                                          "Plans": [
                                            {
                                              "Node Type": "Seq Scan",
                                              "Parent Relationship": "Outer",
                                              "Parallel Aware": false,
                                              "Async Capable": false,
                                              "Relation Name": "supplier",
                                              "Schema": "public",
                                              "Alias": "supplier",
                                              "Startup Cost": 0.0,
                                              "Total Cost": 323.0,
                                              "Plan Rows": 10000,
                                              "Plan Width": 8,
                                              "Output": [
                                                "supplier.s_suppkey",
                                                "supplier.s_nationkey"
                                              ]
                                            }
                                          ]
                                        }
                                      ]
                                    },
                                    {
                                      "Node Type": "Hash",
                                      "Parent Relationship": "Inner",
                                      "Parallel Aware": false,
                                      "Async Capable": false,
                                      "Startup Cost": 1.25,
                                      "Total Cost": 1.25,
                                      "Plan Rows": 25,
                                      "Plan Width": 108,
                                      "Output": [
                                        "nation.n_name",
                                        "nation.n_nationkey"
                                      ],
                                      "Plans": [
                                        {
                                          "Node Type": "Seq Scan",
                                          "Parent Relationship": "Outer",
                                          "Parallel Aware": false,
                                          "Async Capable": false,
                                          "Relation Name": "nation",
                                          "Schema": "public",
                                          "Alias": "nation",
                                          "Startup Cost": 0.0,
                                          "Total Cost": 1.25,
                                          "Plan Rows": 25,
                                          "Plan Width": 108,
                                          "Output": [
                                            "nation.n_name",
                                            "nation.n_nationkey"
                                          ]
                                        }
                                      ]
                                    }
                                  ]
                                }
                              ]
                            }
                          ]
                        },
                        {
                          "Node Type": "Index Scan",
                          "Parent Relationship": "Inner",
                          "Parallel Aware": false,
                          "Async Capable": false,
                          "Scan Direction": "Forward",
                          "Index Name": "orders_pkey",
                          "Relation Name": "orders",
                          "Schema": "public",
                          "Alias": "orders",
                          "Startup Cost": 0.43,
                          "Total Cost": 0.45,
                          "Plan Rows": 1,
                          "Plan Width": 8,
                          "Output": [
                            "orders.o_orderkey",
                            "orders.o_custkey",
                            "orders.o_orderstatus",
                            "orders.o_totalprice",
                            "orders.o_orderdate",
                            "orders.o_orderpriority",
                            "orders.o_clerk",
                            "orders.o_shippriority",
                            "orders.o_comment"
                          ],
                          "Index Cond": "(orders.o_orderkey = lineitem.l_orderkey)"
                        }
                      ]
                    }
                  ]
                }
              ]
            }
          ]
        }
      ]
    },
    "JIT": {
      "Functions": 43,
      "Options": {
        "Inlining": false,
        "Optimization": false,
        "Expressions": true,
        "Deforming": true
      }
    }
  }
]
```

---

## 43. Q9_139_seed_1132156278.sql

**File Path:** `/Users/brunowinter2000/Documents/Thesis/2025_2026/Plan-Level/Generated_Queries/Q9/Q9_139_seed_1132156278.sql`

### EXPLAIN JSON

```json
[
  {
    "Plan": {
      "Node Type": "Sort",
      "Parallel Aware": false,
      "Async Capable": false,
      "Startup Cost": 217286.99,
      "Total Cost": 217437.37,
      "Plan Rows": 60150,
      "Plan Width": 168,
      "Output": [
        "nation.n_name",
        "(EXTRACT(year FROM orders.o_orderdate))",
        "(sum(((lineitem.l_extendedprice * ('1'::numeric - lineitem.l_discount)) - (partsupp.ps_supplycost * lineitem.l_quantity))))"
      ],
      "Sort Key": [
        "nation.n_name",
        "(EXTRACT(year FROM orders.o_orderdate)) DESC"
      ],
      "Plans": [
        {
          "Node Type": "Aggregate",
          "Strategy": "Hashed",
          "Partial Mode": "Finalize",
          "Parent Relationship": "Outer",
          "Parallel Aware": false,
          "Async Capable": false,
          "Startup Cost": 211609.95,
          "Total Cost": 212512.2,
          "Plan Rows": 60150,
          "Plan Width": 168,
          "Output": [
            "nation.n_name",
            "(EXTRACT(year FROM orders.o_orderdate))",
            "sum(((lineitem.l_extendedprice * ('1'::numeric - lineitem.l_discount)) - (partsupp.ps_supplycost * lineitem.l_quantity)))"
          ],
          "Group Key": [
            "nation.n_name",
            "(EXTRACT(year FROM orders.o_orderdate))"
          ],
          "Planned Partitions": 0,
          "Plans": [
            {
              "Node Type": "Gather",
              "Parent Relationship": "Outer",
              "Parallel Aware": false,
              "Async Capable": false,
              "Startup Cost": 177635.37,
              "Total Cost": 208603.35,
              "Plan Rows": 300660,
              "Plan Width": 168,
              "Output": [
                "nation.n_name",
                "(EXTRACT(year FROM orders.o_orderdate))",
                "(PARTIAL sum(((lineitem.l_extendedprice * ('1'::numeric - lineitem.l_discount)) - (partsupp.ps_supplycost * lineitem.l_quantity))))"
              ],
              "Workers Planned": 5,
              "Single Copy": false,
              "Plans": [
                {
                  "Node Type": "Aggregate",
                  "Strategy": "Hashed",
                  "Partial Mode": "Partial",
                  "Parent Relationship": "Outer",
                  "Parallel Aware": false,
                  "Async Capable": false,
                  "Startup Cost": 176635.37,
                  "Total Cost": 177537.35,
                  "Plan Rows": 60132,
                  "Plan Width": 168,
                  "Output": [
                    "nation.n_name",
                    "(EXTRACT(year FROM orders.o_orderdate))",
                    "PARTIAL sum(((lineitem.l_extendedprice * ('1'::numeric - lineitem.l_discount)) - (partsupp.ps_supplycost * lineitem.l_quantity)))"
                  ],
                  "Group Key": [
                    "nation.n_name",
                    "EXTRACT(year FROM orders.o_orderdate)"
                  ],
                  "Planned Partitions": 0,
                  "Plans": [
                    {
                      "Node Type": "Nested Loop",
                      "Parent Relationship": "Outer",
                      "Parallel Aware": false,
                      "Async Capable": false,
                      "Join Type": "Inner",
                      "Startup Cost": 14736.63,
                      "Total Cost": 175583.06,
                      "Plan Rows": 60132,
                      "Plan Width": 159,
                      "Output": [
                        "nation.n_name",
                        "EXTRACT(year FROM orders.o_orderdate)",
                        "lineitem.l_extendedprice",
                        "lineitem.l_discount",
                        "partsupp.ps_supplycost",
                        "lineitem.l_quantity"
                      ],
                      "Inner Unique": true,
                      "Plans": [
                        {
                          "Node Type": "Hash Join",
                          "Parent Relationship": "Outer",
                          "Parallel Aware": true,
                          "Async Capable": false,
                          "Join Type": "Inner",
                          "Startup Cost": 14736.2,
                          "Total Cost": 148340.56,
                          "Plan Rows": 60132,
                          "Plan Width": 131,
                          "Output": [
                            "lineitem.l_extendedprice",
                            "lineitem.l_discount",
                            "lineitem.l_quantity",
                            "lineitem.l_orderkey",
                            "partsupp.ps_supplycost",
                            "nation.n_name"
                          ],
                          "Inner Unique": false,
                          "Hash Cond": "((lineitem.l_suppkey = supplier.s_suppkey) AND (lineitem.l_partkey = partsupp.ps_partkey))",
                          "Plans": [
                            {
                              "Node Type": "Seq Scan",
                              "Parent Relationship": "Outer",
                              "Parallel Aware": true,
                              "Async Capable": false,
                              "Relation Name": "lineitem",
                              "Schema": "public",
                              "Alias": "lineitem",
                              "Startup Cost": 0.0,
                              "Total Cost": 124602.43,
                              "Plan Rows": 1200243,
                              "Plan Width": 29,
                              "Output": [
                                "lineitem.l_orderkey",
                                "lineitem.l_partkey",
                                "lineitem.l_suppkey",
                                "lineitem.l_linenumber",
                                "lineitem.l_quantity",
                                "lineitem.l_extendedprice",
                                "lineitem.l_discount",
                                "lineitem.l_tax",
                                "lineitem.l_returnflag",
                                "lineitem.l_linestatus",
                                "lineitem.l_shipdate",
                                "lineitem.l_commitdate",
                                "lineitem.l_receiptdate",
                                "lineitem.l_shipinstruct",
                                "lineitem.l_shipmode",
                                "lineitem.l_comment"
                              ]
                            },
                            {
                              "Node Type": "Hash",
                              "Parent Relationship": "Inner",
                              "Parallel Aware": true,
                              "Async Capable": false,
                              "Startup Cost": 14485.7,
                              "Total Cost": 14485.7,
                              "Plan Rows": 16700,
                              "Plan Width": 126,
                              "Output": [
                                "part.p_partkey",
                                "partsupp.ps_supplycost",
                                "partsupp.ps_suppkey",
                                "partsupp.ps_partkey",
                                "supplier.s_suppkey",
                                "nation.n_name"
                              ],
                              "Plans": [
                                {
                                  "Node Type": "Hash Join",
                                  "Parent Relationship": "Outer",
                                  "Parallel Aware": false,
                                  "Async Capable": false,
                                  "Join Type": "Inner",
                                  "Startup Cost": 449.99,
                                  "Total Cost": 14485.7,
                                  "Plan Rows": 16700,
                                  "Plan Width": 126,
                                  "Output": [
                                    "part.p_partkey",
                                    "partsupp.ps_supplycost",
                                    "partsupp.ps_suppkey",
                                    "partsupp.ps_partkey",
                                    "supplier.s_suppkey",
                                    "nation.n_name"
                                  ],
                                  "Inner Unique": true,
                                  "Hash Cond": "(supplier.s_nationkey = nation.n_nationkey)",
                                  "Plans": [
                                    {
                                      "Node Type": "Hash Join",
                                      "Parent Relationship": "Outer",
                                      "Parallel Aware": false,
                                      "Async Capable": false,
                                      "Join Type": "Inner",
                                      "Startup Cost": 448.43,
                                      "Total Cost": 14432.87,
                                      "Plan Rows": 16700,
                                      "Plan Width": 26,
                                      "Output": [
                                        "part.p_partkey",
                                        "partsupp.ps_supplycost",
                                        "partsupp.ps_suppkey",
                                        "partsupp.ps_partkey",
                                        "supplier.s_suppkey",
                                        "supplier.s_nationkey"
                                      ],
                                      "Inner Unique": true,
                                      "Hash Cond": "(partsupp.ps_suppkey = supplier.s_suppkey)",
                                      "Plans": [
                                        {
                                          "Node Type": "Nested Loop",
                                          "Parent Relationship": "Outer",
                                          "Parallel Aware": false,
                                          "Async Capable": false,
                                          "Join Type": "Inner",
                                          "Startup Cost": 0.42,
                                          "Total Cost": 13941.01,
                                          "Plan Rows": 16700,
                                          "Plan Width": 18,
                                          "Output": [
                                            "part.p_partkey",
                                            "partsupp.ps_supplycost",
                                            "partsupp.ps_suppkey",
                                            "partsupp.ps_partkey"
                                          ],
                                          "Inner Unique": false,
                                          "Plans": [
                                            {
                                              "Node Type": "Seq Scan",
                                              "Parent Relationship": "Outer",
                                              "Parallel Aware": true,
                                              "Async Capable": false,
                                              "Relation Name": "part",
                                              "Schema": "public",
                                              "Alias": "part",
                                              "Startup Cost": 0.0,
                                              "Total Cost": 5169.67,
                                              "Plan Rows": 4175,
                                              "Plan Width": 4,
                                              "Output": [
                                                "part.p_partkey",
                                                "part.p_name",
                                                "part.p_mfgr",
                                                "part.p_brand",
                                                "part.p_type",
                                                "part.p_size",
                                                "part.p_container",
                                                "part.p_retailprice",
                                                "part.p_comment"
                                              ],
                                              "Filter": "((part.p_name)::text ~~ '%chartreuse%'::text)"
                                            },
                                            {
                                              "Node Type": "Index Scan",
                                              "Parent Relationship": "Inner",
                                              "Parallel Aware": false,
                                              "Async Capable": false,
                                              "Scan Direction": "Forward",
                                              "Index Name": "partsupp_pkey",
                                              "Relation Name": "partsupp",
                                              "Schema": "public",
                                              "Alias": "partsupp",
                                              "Startup Cost": 0.42,
                                              "Total Cost": 2.06,
                                              "Plan Rows": 4,
                                              "Plan Width": 14,
                                              "Output": [
                                                "partsupp.ps_partkey",
                                                "partsupp.ps_suppkey",
                                                "partsupp.ps_availqty",
                                                "partsupp.ps_supplycost",
                                                "partsupp.ps_comment"
                                              ],
                                              "Index Cond": "(partsupp.ps_partkey = part.p_partkey)"
                                            }
                                          ]
                                        },
                                        {
                                          "Node Type": "Hash",
                                          "Parent Relationship": "Inner",
                                          "Parallel Aware": false,
                                          "Async Capable": false,
                                          "Startup Cost": 323.0,
                                          "Total Cost": 323.0,
                                          "Plan Rows": 10000,
                                          "Plan Width": 8,
                                          "Output": [
                                            "supplier.s_suppkey",
                                            "supplier.s_nationkey"
                                          ],
                                          "Plans": [
                                            {
                                              "Node Type": "Seq Scan",
                                              "Parent Relationship": "Outer",
                                              "Parallel Aware": false,
                                              "Async Capable": false,
                                              "Relation Name": "supplier",
                                              "Schema": "public",
                                              "Alias": "supplier",
                                              "Startup Cost": 0.0,
                                              "Total Cost": 323.0,
                                              "Plan Rows": 10000,
                                              "Plan Width": 8,
                                              "Output": [
                                                "supplier.s_suppkey",
                                                "supplier.s_nationkey"
                                              ]
                                            }
                                          ]
                                        }
                                      ]
                                    },
                                    {
                                      "Node Type": "Hash",
                                      "Parent Relationship": "Inner",
                                      "Parallel Aware": false,
                                      "Async Capable": false,
                                      "Startup Cost": 1.25,
                                      "Total Cost": 1.25,
                                      "Plan Rows": 25,
                                      "Plan Width": 108,
                                      "Output": [
                                        "nation.n_name",
                                        "nation.n_nationkey"
                                      ],
                                      "Plans": [
                                        {
                                          "Node Type": "Seq Scan",
                                          "Parent Relationship": "Outer",
                                          "Parallel Aware": false,
                                          "Async Capable": false,
                                          "Relation Name": "nation",
                                          "Schema": "public",
                                          "Alias": "nation",
                                          "Startup Cost": 0.0,
                                          "Total Cost": 1.25,
                                          "Plan Rows": 25,
                                          "Plan Width": 108,
                                          "Output": [
                                            "nation.n_name",
                                            "nation.n_nationkey"
                                          ]
                                        }
                                      ]
                                    }
                                  ]
                                }
                              ]
                            }
                          ]
                        },
                        {
                          "Node Type": "Index Scan",
                          "Parent Relationship": "Inner",
                          "Parallel Aware": false,
                          "Async Capable": false,
                          "Scan Direction": "Forward",
                          "Index Name": "orders_pkey",
                          "Relation Name": "orders",
                          "Schema": "public",
                          "Alias": "orders",
                          "Startup Cost": 0.43,
                          "Total Cost": 0.45,
                          "Plan Rows": 1,
                          "Plan Width": 8,
                          "Output": [
                            "orders.o_orderkey",
                            "orders.o_custkey",
                            "orders.o_orderstatus",
                            "orders.o_totalprice",
                            "orders.o_orderdate",
                            "orders.o_orderpriority",
                            "orders.o_clerk",
                            "orders.o_shippriority",
                            "orders.o_comment"
                          ],
                          "Index Cond": "(orders.o_orderkey = lineitem.l_orderkey)"
                        }
                      ]
                    }
                  ]
                }
              ]
            }
          ]
        }
      ]
    },
    "JIT": {
      "Functions": 43,
      "Options": {
        "Inlining": false,
        "Optimization": false,
        "Expressions": true,
        "Deforming": true
      }
    }
  }
]
```

---

## 44. Q9_13_seed_98448372.sql

**File Path:** `/Users/brunowinter2000/Documents/Thesis/2025_2026/Plan-Level/Generated_Queries/Q9/Q9_13_seed_98448372.sql`

### EXPLAIN JSON

```json
[
  {
    "Plan": {
      "Node Type": "Sort",
      "Parallel Aware": false,
      "Async Capable": false,
      "Startup Cost": 219890.98,
      "Total Cost": 220041.36,
      "Plan Rows": 60150,
      "Plan Width": 168,
      "Output": [
        "nation.n_name",
        "(EXTRACT(year FROM orders.o_orderdate))",
        "(sum(((lineitem.l_extendedprice * ('1'::numeric - lineitem.l_discount)) - (partsupp.ps_supplycost * lineitem.l_quantity))))"
      ],
      "Sort Key": [
        "nation.n_name",
        "(EXTRACT(year FROM orders.o_orderdate)) DESC"
      ],
      "Plans": [
        {
          "Node Type": "Aggregate",
          "Strategy": "Hashed",
          "Partial Mode": "Finalize",
          "Parent Relationship": "Outer",
          "Parallel Aware": false,
          "Async Capable": false,
          "Startup Cost": 214213.94,
          "Total Cost": 215116.19,
          "Plan Rows": 60150,
          "Plan Width": 168,
          "Output": [
            "nation.n_name",
            "(EXTRACT(year FROM orders.o_orderdate))",
            "sum(((lineitem.l_extendedprice * ('1'::numeric - lineitem.l_discount)) - (partsupp.ps_supplycost * lineitem.l_quantity)))"
          ],
          "Group Key": [
            "nation.n_name",
            "(EXTRACT(year FROM orders.o_orderdate))"
          ],
          "Planned Partitions": 0,
          "Plans": [
            {
              "Node Type": "Gather",
              "Parent Relationship": "Outer",
              "Parallel Aware": false,
              "Async Capable": false,
              "Startup Cost": 180229.19,
              "Total Cost": 211206.44,
              "Plan Rows": 300750,
              "Plan Width": 168,
              "Output": [
                "nation.n_name",
                "(EXTRACT(year FROM orders.o_orderdate))",
                "(PARTIAL sum(((lineitem.l_extendedprice * ('1'::numeric - lineitem.l_discount)) - (partsupp.ps_supplycost * lineitem.l_quantity))))"
              ],
              "Workers Planned": 5,
              "Single Copy": false,
              "Plans": [
                {
                  "Node Type": "Aggregate",
                  "Strategy": "Hashed",
                  "Partial Mode": "Partial",
                  "Parent Relationship": "Outer",
                  "Parallel Aware": false,
                  "Async Capable": false,
                  "Startup Cost": 179229.19,
                  "Total Cost": 180131.44,
                  "Plan Rows": 60150,
                  "Plan Width": 168,
                  "Output": [
                    "nation.n_name",
                    "(EXTRACT(year FROM orders.o_orderdate))",
                    "PARTIAL sum(((lineitem.l_extendedprice * ('1'::numeric - lineitem.l_discount)) - (partsupp.ps_supplycost * lineitem.l_quantity)))"
                  ],
                  "Group Key": [
                    "nation.n_name",
                    "EXTRACT(year FROM orders.o_orderdate)"
                  ],
                  "Planned Partitions": 0,
                  "Plans": [
                    {
                      "Node Type": "Nested Loop",
                      "Parent Relationship": "Outer",
                      "Parallel Aware": false,
                      "Async Capable": false,
                      "Join Type": "Inner",
                      "Startup Cost": 15065.71,
                      "Total Cost": 178092.65,
                      "Plan Rows": 64945,
                      "Plan Width": 159,
                      "Output": [
                        "nation.n_name",
                        "EXTRACT(year FROM orders.o_orderdate)",
                        "lineitem.l_extendedprice",
                        "lineitem.l_discount",
                        "partsupp.ps_supplycost",
                        "lineitem.l_quantity"
                      ],
                      "Inner Unique": true,
                      "Plans": [
                        {
                          "Node Type": "Hash Join",
                          "Parent Relationship": "Outer",
                          "Parallel Aware": true,
                          "Async Capable": false,
                          "Join Type": "Inner",
                          "Startup Cost": 15065.28,
                          "Total Cost": 148669.64,
                          "Plan Rows": 64945,
                          "Plan Width": 131,
                          "Output": [
                            "lineitem.l_extendedprice",
                            "lineitem.l_discount",
                            "lineitem.l_quantity",
                            "lineitem.l_orderkey",
                            "partsupp.ps_supplycost",
                            "nation.n_name"
                          ],
                          "Inner Unique": false,
                          "Hash Cond": "((lineitem.l_suppkey = supplier.s_suppkey) AND (lineitem.l_partkey = partsupp.ps_partkey))",
                          "Plans": [
                            {
                              "Node Type": "Seq Scan",
                              "Parent Relationship": "Outer",
                              "Parallel Aware": true,
                              "Async Capable": false,
                              "Relation Name": "lineitem",
                              "Schema": "public",
                              "Alias": "lineitem",
                              "Startup Cost": 0.0,
                              "Total Cost": 124602.43,
                              "Plan Rows": 1200243,
                              "Plan Width": 29,
                              "Output": [
                                "lineitem.l_orderkey",
                                "lineitem.l_partkey",
                                "lineitem.l_suppkey",
                                "lineitem.l_linenumber",
                                "lineitem.l_quantity",
                                "lineitem.l_extendedprice",
                                "lineitem.l_discount",
                                "lineitem.l_tax",
                                "lineitem.l_returnflag",
                                "lineitem.l_linestatus",
                                "lineitem.l_shipdate",
                                "lineitem.l_commitdate",
                                "lineitem.l_receiptdate",
                                "lineitem.l_shipinstruct",
                                "lineitem.l_shipmode",
                                "lineitem.l_comment"
                              ]
                            },
                            {
                              "Node Type": "Hash",
                              "Parent Relationship": "Inner",
                              "Parallel Aware": true,
                              "Async Capable": false,
                              "Startup Cost": 14794.72,
                              "Total Cost": 14794.72,
                              "Plan Rows": 18037,
                              "Plan Width": 126,
                              "Output": [
                                "part.p_partkey",
                                "partsupp.ps_supplycost",
                                "partsupp.ps_suppkey",
                                "partsupp.ps_partkey",
                                "supplier.s_suppkey",
                                "nation.n_name"
                              ],
                              "Plans": [
                                {
                                  "Node Type": "Hash Join",
                                  "Parent Relationship": "Outer",
                                  "Parallel Aware": false,
                                  "Async Capable": false,
                                  "Join Type": "Inner",
                                  "Startup Cost": 449.99,
                                  "Total Cost": 14794.72,
                                  "Plan Rows": 18037,
                                  "Plan Width": 126,
                                  "Output": [
                                    "part.p_partkey",
                                    "partsupp.ps_supplycost",
                                    "partsupp.ps_suppkey",
                                    "partsupp.ps_partkey",
                                    "supplier.s_suppkey",
                                    "nation.n_name"
                                  ],
                                  "Inner Unique": true,
                                  "Hash Cond": "(supplier.s_nationkey = nation.n_nationkey)",
                                  "Plans": [
                                    {
                                      "Node Type": "Hash Join",
                                      "Parent Relationship": "Outer",
                                      "Parallel Aware": false,
                                      "Async Capable": false,
                                      "Join Type": "Inner",
                                      "Startup Cost": 448.43,
                                      "Total Cost": 14737.79,
                                      "Plan Rows": 18037,
                                      "Plan Width": 26,
                                      "Output": [
                                        "part.p_partkey",
                                        "partsupp.ps_supplycost",
                                        "partsupp.ps_suppkey",
                                        "partsupp.ps_partkey",
                                        "supplier.s_suppkey",
                                        "supplier.s_nationkey"
                                      ],
                                      "Inner Unique": true,
                                      "Hash Cond": "(partsupp.ps_suppkey = supplier.s_suppkey)",
                                      "Plans": [
                                        {
                                          "Node Type": "Nested Loop",
                                          "Parent Relationship": "Outer",
                                          "Parallel Aware": false,
                                          "Async Capable": false,
                                          "Join Type": "Inner",
                                          "Startup Cost": 0.42,
                                          "Total Cost": 14242.42,
                                          "Plan Rows": 18037,
                                          "Plan Width": 18,
                                          "Output": [
                                            "part.p_partkey",
                                            "partsupp.ps_supplycost",
                                            "partsupp.ps_suppkey",
                                            "partsupp.ps_partkey"
                                          ],
                                          "Inner Unique": false,
                                          "Plans": [
                                            {
                                              "Node Type": "Seq Scan",
                                              "Parent Relationship": "Outer",
                                              "Parallel Aware": true,
                                              "Async Capable": false,
                                              "Relation Name": "part",
                                              "Schema": "public",
                                              "Alias": "part",
                                              "Startup Cost": 0.0,
                                              "Total Cost": 5169.67,
                                              "Plan Rows": 4509,
                                              "Plan Width": 4,
                                              "Output": [
                                                "part.p_partkey",
                                                "part.p_name",
                                                "part.p_mfgr",
                                                "part.p_brand",
                                                "part.p_type",
                                                "part.p_size",
                                                "part.p_container",
                                                "part.p_retailprice",
                                                "part.p_comment"
                                              ],
                                              "Filter": "((part.p_name)::text ~~ '%thistle%'::text)"
                                            },
                                            {
                                              "Node Type": "Index Scan",
                                              "Parent Relationship": "Inner",
                                              "Parallel Aware": false,
                                              "Async Capable": false,
                                              "Scan Direction": "Forward",
                                              "Index Name": "partsupp_pkey",
                                              "Relation Name": "partsupp",
                                              "Schema": "public",
                                              "Alias": "partsupp",
                                              "Startup Cost": 0.42,
                                              "Total Cost": 1.97,
                                              "Plan Rows": 4,
                                              "Plan Width": 14,
                                              "Output": [
                                                "partsupp.ps_partkey",
                                                "partsupp.ps_suppkey",
                                                "partsupp.ps_availqty",
                                                "partsupp.ps_supplycost",
                                                "partsupp.ps_comment"
                                              ],
                                              "Index Cond": "(partsupp.ps_partkey = part.p_partkey)"
                                            }
                                          ]
                                        },
                                        {
                                          "Node Type": "Hash",
                                          "Parent Relationship": "Inner",
                                          "Parallel Aware": false,
                                          "Async Capable": false,
                                          "Startup Cost": 323.0,
                                          "Total Cost": 323.0,
                                          "Plan Rows": 10000,
                                          "Plan Width": 8,
                                          "Output": [
                                            "supplier.s_suppkey",
                                            "supplier.s_nationkey"
                                          ],
                                          "Plans": [
                                            {
                                              "Node Type": "Seq Scan",
                                              "Parent Relationship": "Outer",
                                              "Parallel Aware": false,
                                              "Async Capable": false,
                                              "Relation Name": "supplier",
                                              "Schema": "public",
                                              "Alias": "supplier",
                                              "Startup Cost": 0.0,
                                              "Total Cost": 323.0,
                                              "Plan Rows": 10000,
                                              "Plan Width": 8,
                                              "Output": [
                                                "supplier.s_suppkey",
                                                "supplier.s_nationkey"
                                              ]
                                            }
                                          ]
                                        }
                                      ]
                                    },
                                    {
                                      "Node Type": "Hash",
                                      "Parent Relationship": "Inner",
                                      "Parallel Aware": false,
                                      "Async Capable": false,
                                      "Startup Cost": 1.25,
                                      "Total Cost": 1.25,
                                      "Plan Rows": 25,
                                      "Plan Width": 108,
                                      "Output": [
                                        "nation.n_name",
                                        "nation.n_nationkey"
                                      ],
                                      "Plans": [
                                        {
                                          "Node Type": "Seq Scan",
                                          "Parent Relationship": "Outer",
                                          "Parallel Aware": false,
                                          "Async Capable": false,
                                          "Relation Name": "nation",
                                          "Schema": "public",
                                          "Alias": "nation",
                                          "Startup Cost": 0.0,
                                          "Total Cost": 1.25,
                                          "Plan Rows": 25,
                                          "Plan Width": 108,
                                          "Output": [
                                            "nation.n_name",
                                            "nation.n_nationkey"
                                          ]
                                        }
                                      ]
                                    }
                                  ]
                                }
                              ]
                            }
                          ]
                        },
                        {
                          "Node Type": "Index Scan",
                          "Parent Relationship": "Inner",
                          "Parallel Aware": false,
                          "Async Capable": false,
                          "Scan Direction": "Forward",
                          "Index Name": "orders_pkey",
                          "Relation Name": "orders",
                          "Schema": "public",
                          "Alias": "orders",
                          "Startup Cost": 0.43,
                          "Total Cost": 0.45,
                          "Plan Rows": 1,
                          "Plan Width": 8,
                          "Output": [
                            "orders.o_orderkey",
                            "orders.o_custkey",
                            "orders.o_orderstatus",
                            "orders.o_totalprice",
                            "orders.o_orderdate",
                            "orders.o_orderpriority",
                            "orders.o_clerk",
                            "orders.o_shippriority",
                            "orders.o_comment"
                          ],
                          "Index Cond": "(orders.o_orderkey = lineitem.l_orderkey)"
                        }
                      ]
                    }
                  ]
                }
              ]
            }
          ]
        }
      ]
    },
    "JIT": {
      "Functions": 43,
      "Options": {
        "Inlining": false,
        "Optimization": false,
        "Expressions": true,
        "Deforming": true
      }
    }
  }
]
```

---

## 45. Q9_140_seed_1140360309.sql

**File Path:** `/Users/brunowinter2000/Documents/Thesis/2025_2026/Plan-Level/Generated_Queries/Q9/Q9_140_seed_1140360309.sql`

### EXPLAIN JSON

```json
[
  {
    "Plan": {
      "Node Type": "Sort",
      "Parallel Aware": false,
      "Async Capable": false,
      "Startup Cost": 222478.18,
      "Total Cost": 222628.55,
      "Plan Rows": 60150,
      "Plan Width": 168,
      "Output": [
        "nation.n_name",
        "(EXTRACT(year FROM orders.o_orderdate))",
        "(sum(((lineitem.l_extendedprice * ('1'::numeric - lineitem.l_discount)) - (partsupp.ps_supplycost * lineitem.l_quantity))))"
      ],
      "Sort Key": [
        "nation.n_name",
        "(EXTRACT(year FROM orders.o_orderdate)) DESC"
      ],
      "Plans": [
        {
          "Node Type": "Aggregate",
          "Strategy": "Hashed",
          "Partial Mode": "Finalize",
          "Parent Relationship": "Outer",
          "Parallel Aware": false,
          "Async Capable": false,
          "Startup Cost": 216801.14,
          "Total Cost": 217703.39,
          "Plan Rows": 60150,
          "Plan Width": 168,
          "Output": [
            "nation.n_name",
            "(EXTRACT(year FROM orders.o_orderdate))",
            "sum(((lineitem.l_extendedprice * ('1'::numeric - lineitem.l_discount)) - (partsupp.ps_supplycost * lineitem.l_quantity)))"
          ],
          "Group Key": [
            "nation.n_name",
            "(EXTRACT(year FROM orders.o_orderdate))"
          ],
          "Planned Partitions": 0,
          "Plans": [
            {
              "Node Type": "Gather",
              "Parent Relationship": "Outer",
              "Parallel Aware": false,
              "Async Capable": false,
              "Startup Cost": 182816.39,
              "Total Cost": 213793.64,
              "Plan Rows": 300750,
              "Plan Width": 168,
              "Output": [
                "nation.n_name",
                "(EXTRACT(year FROM orders.o_orderdate))",
                "(PARTIAL sum(((lineitem.l_extendedprice * ('1'::numeric - lineitem.l_discount)) - (partsupp.ps_supplycost * lineitem.l_quantity))))"
              ],
              "Workers Planned": 5,
              "Single Copy": false,
              "Plans": [
                {
                  "Node Type": "Aggregate",
                  "Strategy": "Hashed",
                  "Partial Mode": "Partial",
                  "Parent Relationship": "Outer",
                  "Parallel Aware": false,
                  "Async Capable": false,
                  "Startup Cost": 181816.39,
                  "Total Cost": 182718.64,
                  "Plan Rows": 60150,
                  "Plan Width": 168,
                  "Output": [
                    "nation.n_name",
                    "(EXTRACT(year FROM orders.o_orderdate))",
                    "PARTIAL sum(((lineitem.l_extendedprice * ('1'::numeric - lineitem.l_discount)) - (partsupp.ps_supplycost * lineitem.l_quantity)))"
                  ],
                  "Group Key": [
                    "nation.n_name",
                    "EXTRACT(year FROM orders.o_orderdate)"
                  ],
                  "Planned Partitions": 0,
                  "Plans": [
                    {
                      "Node Type": "Nested Loop",
                      "Parent Relationship": "Outer",
                      "Parallel Aware": false,
                      "Async Capable": false,
                      "Join Type": "Inner",
                      "Startup Cost": 15390.98,
                      "Total Cost": 180595.73,
                      "Plan Rows": 69752,
                      "Plan Width": 159,
                      "Output": [
                        "nation.n_name",
                        "EXTRACT(year FROM orders.o_orderdate)",
                        "lineitem.l_extendedprice",
                        "lineitem.l_discount",
                        "partsupp.ps_supplycost",
                        "lineitem.l_quantity"
                      ],
                      "Inner Unique": true,
                      "Plans": [
                        {
                          "Node Type": "Hash Join",
                          "Parent Relationship": "Outer",
                          "Parallel Aware": true,
                          "Async Capable": false,
                          "Join Type": "Inner",
                          "Startup Cost": 15390.55,
                          "Total Cost": 148994.93,
                          "Plan Rows": 69752,
                          "Plan Width": 131,
                          "Output": [
                            "lineitem.l_extendedprice",
                            "lineitem.l_discount",
                            "lineitem.l_quantity",
                            "lineitem.l_orderkey",
                            "partsupp.ps_supplycost",
                            "nation.n_name"
                          ],
                          "Inner Unique": false,
                          "Hash Cond": "((lineitem.l_suppkey = supplier.s_suppkey) AND (lineitem.l_partkey = partsupp.ps_partkey))",
                          "Plans": [
                            {
                              "Node Type": "Seq Scan",
                              "Parent Relationship": "Outer",
                              "Parallel Aware": true,
                              "Async Capable": false,
                              "Relation Name": "lineitem",
                              "Schema": "public",
                              "Alias": "lineitem",
                              "Startup Cost": 0.0,
                              "Total Cost": 124602.43,
                              "Plan Rows": 1200243,
                              "Plan Width": 29,
                              "Output": [
                                "lineitem.l_orderkey",
                                "lineitem.l_partkey",
                                "lineitem.l_suppkey",
                                "lineitem.l_linenumber",
                                "lineitem.l_quantity",
                                "lineitem.l_extendedprice",
                                "lineitem.l_discount",
                                "lineitem.l_tax",
                                "lineitem.l_returnflag",
                                "lineitem.l_linestatus",
                                "lineitem.l_shipdate",
                                "lineitem.l_commitdate",
                                "lineitem.l_receiptdate",
                                "lineitem.l_shipinstruct",
                                "lineitem.l_shipmode",
                                "lineitem.l_comment"
                              ]
                            },
                            {
                              "Node Type": "Hash",
                              "Parent Relationship": "Inner",
                              "Parallel Aware": true,
                              "Async Capable": false,
                              "Startup Cost": 15099.97,
                              "Total Cost": 15099.97,
                              "Plan Rows": 19372,
                              "Plan Width": 126,
                              "Output": [
                                "part.p_partkey",
                                "partsupp.ps_supplycost",
                                "partsupp.ps_suppkey",
                                "partsupp.ps_partkey",
                                "supplier.s_suppkey",
                                "nation.n_name"
                              ],
                              "Plans": [
                                {
                                  "Node Type": "Hash Join",
                                  "Parent Relationship": "Outer",
                                  "Parallel Aware": false,
                                  "Async Capable": false,
                                  "Join Type": "Inner",
                                  "Startup Cost": 449.99,
                                  "Total Cost": 15099.97,
                                  "Plan Rows": 19372,
                                  "Plan Width": 126,
                                  "Output": [
                                    "part.p_partkey",
                                    "partsupp.ps_supplycost",
                                    "partsupp.ps_suppkey",
                                    "partsupp.ps_partkey",
                                    "supplier.s_suppkey",
                                    "nation.n_name"
                                  ],
                                  "Inner Unique": true,
                                  "Hash Cond": "(supplier.s_nationkey = nation.n_nationkey)",
                                  "Plans": [
                                    {
                                      "Node Type": "Hash Join",
                                      "Parent Relationship": "Outer",
                                      "Parallel Aware": false,
                                      "Async Capable": false,
                                      "Join Type": "Inner",
                                      "Startup Cost": 448.43,
                                      "Total Cost": 15038.94,
                                      "Plan Rows": 19372,
                                      "Plan Width": 26,
                                      "Output": [
                                        "part.p_partkey",
                                        "partsupp.ps_supplycost",
                                        "partsupp.ps_suppkey",
                                        "partsupp.ps_partkey",
                                        "supplier.s_suppkey",
                                        "supplier.s_nationkey"
                                      ],
                                      "Inner Unique": true,
                                      "Hash Cond": "(partsupp.ps_suppkey = supplier.s_suppkey)",
                                      "Plans": [
                                        {
                                          "Node Type": "Nested Loop",
                                          "Parent Relationship": "Outer",
                                          "Parallel Aware": false,
                                          "Async Capable": false,
                                          "Join Type": "Inner",
                                          "Startup Cost": 0.42,
                                          "Total Cost": 14540.06,
                                          "Plan Rows": 19372,
                                          "Plan Width": 18,
                                          "Output": [
                                            "part.p_partkey",
                                            "partsupp.ps_supplycost",
                                            "partsupp.ps_suppkey",
                                            "partsupp.ps_partkey"
                                          ],
                                          "Inner Unique": false,
                                          "Plans": [
                                            {
                                              "Node Type": "Seq Scan",
                                              "Parent Relationship": "Outer",
                                              "Parallel Aware": true,
                                              "Async Capable": false,
                                              "Relation Name": "part",
                                              "Schema": "public",
                                              "Alias": "part",
                                              "Startup Cost": 0.0,
                                              "Total Cost": 5169.67,
                                              "Plan Rows": 4843,
                                              "Plan Width": 4,
                                              "Output": [
                                                "part.p_partkey",
                                                "part.p_name",
                                                "part.p_mfgr",
                                                "part.p_brand",
                                                "part.p_type",
                                                "part.p_size",
                                                "part.p_container",
                                                "part.p_retailprice",
                                                "part.p_comment"
                                              ],
                                              "Filter": "((part.p_name)::text ~~ '%orange%'::text)"
                                            },
                                            {
                                              "Node Type": "Index Scan",
                                              "Parent Relationship": "Inner",
                                              "Parallel Aware": false,
                                              "Async Capable": false,
                                              "Scan Direction": "Forward",
                                              "Index Name": "partsupp_pkey",
                                              "Relation Name": "partsupp",
                                              "Schema": "public",
                                              "Alias": "partsupp",
                                              "Startup Cost": 0.42,
                                              "Total Cost": 1.89,
                                              "Plan Rows": 4,
                                              "Plan Width": 14,
                                              "Output": [
                                                "partsupp.ps_partkey",
                                                "partsupp.ps_suppkey",
                                                "partsupp.ps_availqty",
                                                "partsupp.ps_supplycost",
                                                "partsupp.ps_comment"
                                              ],
                                              "Index Cond": "(partsupp.ps_partkey = part.p_partkey)"
                                            }
                                          ]
                                        },
                                        {
                                          "Node Type": "Hash",
                                          "Parent Relationship": "Inner",
                                          "Parallel Aware": false,
                                          "Async Capable": false,
                                          "Startup Cost": 323.0,
                                          "Total Cost": 323.0,
                                          "Plan Rows": 10000,
                                          "Plan Width": 8,
                                          "Output": [
                                            "supplier.s_suppkey",
                                            "supplier.s_nationkey"
                                          ],
                                          "Plans": [
                                            {
                                              "Node Type": "Seq Scan",
                                              "Parent Relationship": "Outer",
                                              "Parallel Aware": false,
                                              "Async Capable": false,
                                              "Relation Name": "supplier",
                                              "Schema": "public",
                                              "Alias": "supplier",
                                              "Startup Cost": 0.0,
                                              "Total Cost": 323.0,
                                              "Plan Rows": 10000,
                                              "Plan Width": 8,
                                              "Output": [
                                                "supplier.s_suppkey",
                                                "supplier.s_nationkey"
                                              ]
                                            }
                                          ]
                                        }
                                      ]
                                    },
                                    {
                                      "Node Type": "Hash",
                                      "Parent Relationship": "Inner",
                                      "Parallel Aware": false,
                                      "Async Capable": false,
                                      "Startup Cost": 1.25,
                                      "Total Cost": 1.25,
                                      "Plan Rows": 25,
                                      "Plan Width": 108,
                                      "Output": [
                                        "nation.n_name",
                                        "nation.n_nationkey"
                                      ],
                                      "Plans": [
                                        {
                                          "Node Type": "Seq Scan",
                                          "Parent Relationship": "Outer",
                                          "Parallel Aware": false,
                                          "Async Capable": false,
                                          "Relation Name": "nation",
                                          "Schema": "public",
                                          "Alias": "nation",
                                          "Startup Cost": 0.0,
                                          "Total Cost": 1.25,
                                          "Plan Rows": 25,
                                          "Plan Width": 108,
                                          "Output": [
                                            "nation.n_name",
                                            "nation.n_nationkey"
                                          ]
                                        }
                                      ]
                                    }
                                  ]
                                }
                              ]
                            }
                          ]
                        },
                        {
                          "Node Type": "Index Scan",
                          "Parent Relationship": "Inner",
                          "Parallel Aware": false,
                          "Async Capable": false,
                          "Scan Direction": "Forward",
                          "Index Name": "orders_pkey",
                          "Relation Name": "orders",
                          "Schema": "public",
                          "Alias": "orders",
                          "Startup Cost": 0.43,
                          "Total Cost": 0.45,
                          "Plan Rows": 1,
                          "Plan Width": 8,
                          "Output": [
                            "orders.o_orderkey",
                            "orders.o_custkey",
                            "orders.o_orderstatus",
                            "orders.o_totalprice",
                            "orders.o_orderdate",
                            "orders.o_orderpriority",
                            "orders.o_clerk",
                            "orders.o_shippriority",
                            "orders.o_comment"
                          ],
                          "Index Cond": "(orders.o_orderkey = lineitem.l_orderkey)"
                        }
                      ]
                    }
                  ]
                }
              ]
            }
          ]
        }
      ]
    },
    "JIT": {
      "Functions": 43,
      "Options": {
        "Inlining": false,
        "Optimization": false,
        "Expressions": true,
        "Deforming": true
      }
    }
  }
]
```

---

## 46. Q9_141_seed_1148564340.sql

**File Path:** `/Users/brunowinter2000/Documents/Thesis/2025_2026/Plan-Level/Generated_Queries/Q9/Q9_141_seed_1148564340.sql`

### EXPLAIN JSON

```json
[
  {
    "Plan": {
      "Node Type": "Sort",
      "Parallel Aware": false,
      "Async Capable": false,
      "Startup Cost": 213659.85,
      "Total Cost": 213810.22,
      "Plan Rows": 60150,
      "Plan Width": 168,
      "Output": [
        "nation.n_name",
        "(EXTRACT(year FROM orders.o_orderdate))",
        "(sum(((lineitem.l_extendedprice * ('1'::numeric - lineitem.l_discount)) - (partsupp.ps_supplycost * lineitem.l_quantity))))"
      ],
      "Sort Key": [
        "nation.n_name",
        "(EXTRACT(year FROM orders.o_orderdate)) DESC"
      ],
      "Plans": [
        {
          "Node Type": "Aggregate",
          "Strategy": "Hashed",
          "Partial Mode": "Finalize",
          "Parent Relationship": "Outer",
          "Parallel Aware": false,
          "Async Capable": false,
          "Startup Cost": 207982.81,
          "Total Cost": 208885.06,
          "Plan Rows": 60150,
          "Plan Width": 168,
          "Output": [
            "nation.n_name",
            "(EXTRACT(year FROM orders.o_orderdate))",
            "sum(((lineitem.l_extendedprice * ('1'::numeric - lineitem.l_discount)) - (partsupp.ps_supplycost * lineitem.l_quantity)))"
          ],
          "Group Key": [
            "nation.n_name",
            "(EXTRACT(year FROM orders.o_orderdate))"
          ],
          "Planned Partitions": 0,
          "Plans": [
            {
              "Node Type": "Gather",
              "Parent Relationship": "Outer",
              "Parallel Aware": false,
              "Async Capable": false,
              "Startup Cost": 187231.06,
              "Total Cost": 206178.31,
              "Plan Rows": 180450,
              "Plan Width": 168,
              "Output": [
                "nation.n_name",
                "(EXTRACT(year FROM orders.o_orderdate))",
                "(PARTIAL sum(((lineitem.l_extendedprice * ('1'::numeric - lineitem.l_discount)) - (partsupp.ps_supplycost * lineitem.l_quantity))))"
              ],
              "Workers Planned": 3,
              "Single Copy": false,
              "Plans": [
                {
                  "Node Type": "Aggregate",
                  "Strategy": "Hashed",
                  "Partial Mode": "Partial",
                  "Parent Relationship": "Outer",
                  "Parallel Aware": false,
                  "Async Capable": false,
                  "Startup Cost": 186231.06,
                  "Total Cost": 187133.31,
                  "Plan Rows": 60150,
                  "Plan Width": 168,
                  "Output": [
                    "nation.n_name",
                    "(EXTRACT(year FROM orders.o_orderdate))",
                    "PARTIAL sum(((lineitem.l_extendedprice * ('1'::numeric - lineitem.l_discount)) - (partsupp.ps_supplycost * lineitem.l_quantity)))"
                  ],
                  "Group Key": [
                    "nation.n_name",
                    "EXTRACT(year FROM orders.o_orderdate)"
                  ],
                  "Planned Partitions": 0,
                  "Plans": [
                    {
                      "Node Type": "Hash Join",
                      "Parent Relationship": "Outer",
                      "Parallel Aware": true,
                      "Async Capable": false,
                      "Join Type": "Inner",
                      "Startup Cost": 150625.41,
                      "Total Cost": 183990.72,
                      "Plan Rows": 128019,
                      "Plan Width": 159,
                      "Output": [
                        "nation.n_name",
                        "EXTRACT(year FROM orders.o_orderdate)",
                        "lineitem.l_extendedprice",
                        "lineitem.l_discount",
                        "partsupp.ps_supplycost",
                        "lineitem.l_quantity"
                      ],
                      "Inner Unique": false,
                      "Hash Cond": "(orders.o_orderkey = lineitem.l_orderkey)",
                      "Plans": [
                        {
                          "Node Type": "Seq Scan",
                          "Parent Relationship": "Outer",
                          "Parallel Aware": true,
                          "Async Capable": false,
                          "Relation Name": "orders",
                          "Schema": "public",
                          "Alias": "orders",
                          "Startup Cost": 0.0,
                          "Total Cost": 30974.71,
                          "Plan Rows": 483871,
                          "Plan Width": 8,
                          "Output": [
                            "orders.o_orderkey",
                            "orders.o_custkey",
                            "orders.o_orderstatus",
                            "orders.o_totalprice",
                            "orders.o_orderdate",
                            "orders.o_orderpriority",
                            "orders.o_clerk",
                            "orders.o_shippriority",
                            "orders.o_comment"
                          ]
                        },
                        {
                          "Node Type": "Hash",
                          "Parent Relationship": "Inner",
                          "Parallel Aware": true,
                          "Async Capable": false,
                          "Startup Cost": 149633.26,
                          "Total Cost": 149633.26,
                          "Plan Rows": 79372,
                          "Plan Width": 131,
                          "Output": [
                            "lineitem.l_extendedprice",
                            "lineitem.l_discount",
                            "lineitem.l_quantity",
                            "lineitem.l_orderkey",
                            "partsupp.ps_supplycost",
                            "nation.n_name"
                          ],
                          "Plans": [
                            {
                              "Node Type": "Hash Join",
                              "Parent Relationship": "Outer",
                              "Parallel Aware": true,
                              "Async Capable": false,
                              "Join Type": "Inner",
                              "Startup Cost": 16028.88,
                              "Total Cost": 149633.26,
                              "Plan Rows": 79372,
                              "Plan Width": 131,
                              "Output": [
                                "lineitem.l_extendedprice",
                                "lineitem.l_discount",
                                "lineitem.l_quantity",
                                "lineitem.l_orderkey",
                                "partsupp.ps_supplycost",
                                "nation.n_name"
                              ],
                              "Inner Unique": false,
                              "Hash Cond": "((lineitem.l_suppkey = supplier.s_suppkey) AND (lineitem.l_partkey = partsupp.ps_partkey))",
                              "Plans": [
                                {
                                  "Node Type": "Seq Scan",
                                  "Parent Relationship": "Outer",
                                  "Parallel Aware": true,
                                  "Async Capable": false,
                                  "Relation Name": "lineitem",
                                  "Schema": "public",
                                  "Alias": "lineitem",
                                  "Startup Cost": 0.0,
                                  "Total Cost": 124602.43,
                                  "Plan Rows": 1200243,
                                  "Plan Width": 29,
                                  "Output": [
                                    "lineitem.l_orderkey",
                                    "lineitem.l_partkey",
                                    "lineitem.l_suppkey",
                                    "lineitem.l_linenumber",
                                    "lineitem.l_quantity",
                                    "lineitem.l_extendedprice",
                                    "lineitem.l_discount",
                                    "lineitem.l_tax",
                                    "lineitem.l_returnflag",
                                    "lineitem.l_linestatus",
                                    "lineitem.l_shipdate",
                                    "lineitem.l_commitdate",
                                    "lineitem.l_receiptdate",
                                    "lineitem.l_shipinstruct",
                                    "lineitem.l_shipmode",
                                    "lineitem.l_comment"
                                  ]
                                },
                                {
                                  "Node Type": "Hash",
                                  "Parent Relationship": "Inner",
                                  "Parallel Aware": true,
                                  "Async Capable": false,
                                  "Startup Cost": 15698.23,
                                  "Total Cost": 15698.23,
                                  "Plan Rows": 22043,
                                  "Plan Width": 126,
                                  "Output": [
                                    "part.p_partkey",
                                    "partsupp.ps_supplycost",
                                    "partsupp.ps_suppkey",
                                    "partsupp.ps_partkey",
                                    "supplier.s_suppkey",
                                    "nation.n_name"
                                  ],
                                  "Plans": [
                                    {
                                      "Node Type": "Hash Join",
                                      "Parent Relationship": "Outer",
                                      "Parallel Aware": false,
                                      "Async Capable": false,
                                      "Join Type": "Inner",
                                      "Startup Cost": 449.99,
                                      "Total Cost": 15698.23,
                                      "Plan Rows": 22043,
                                      "Plan Width": 126,
                                      "Output": [
                                        "part.p_partkey",
                                        "partsupp.ps_supplycost",
                                        "partsupp.ps_suppkey",
                                        "partsupp.ps_partkey",
                                        "supplier.s_suppkey",
                                        "nation.n_name"
                                      ],
                                      "Inner Unique": true,
                                      "Hash Cond": "(supplier.s_nationkey = nation.n_nationkey)",
                                      "Plans": [
                                        {
                                          "Node Type": "Hash Join",
                                          "Parent Relationship": "Outer",
                                          "Parallel Aware": false,
                                          "Async Capable": false,
                                          "Join Type": "Inner",
                                          "Startup Cost": 448.43,
                                          "Total Cost": 15628.99,
                                          "Plan Rows": 22043,
                                          "Plan Width": 26,
                                          "Output": [
                                            "part.p_partkey",
                                            "partsupp.ps_supplycost",
                                            "partsupp.ps_suppkey",
                                            "partsupp.ps_partkey",
                                            "supplier.s_suppkey",
                                            "supplier.s_nationkey"
                                          ],
                                          "Inner Unique": true,
                                          "Hash Cond": "(partsupp.ps_suppkey = supplier.s_suppkey)",
                                          "Plans": [
                                            {
                                              "Node Type": "Nested Loop",
                                              "Parent Relationship": "Outer",
                                              "Parallel Aware": false,
                                              "Async Capable": false,
                                              "Join Type": "Inner",
                                              "Startup Cost": 0.42,
                                              "Total Cost": 15123.11,
                                              "Plan Rows": 22043,
                                              "Plan Width": 18,
                                              "Output": [
                                                "part.p_partkey",
                                                "partsupp.ps_supplycost",
                                                "partsupp.ps_suppkey",
                                                "partsupp.ps_partkey"
                                              ],
                                              "Inner Unique": false,
                                              "Plans": [
                                                {
                                                  "Node Type": "Seq Scan",
                                                  "Parent Relationship": "Outer",
                                                  "Parallel Aware": true,
                                                  "Async Capable": false,
                                                  "Relation Name": "part",
                                                  "Schema": "public",
                                                  "Alias": "part",
                                                  "Startup Cost": 0.0,
                                                  "Total Cost": 5169.67,
                                                  "Plan Rows": 5511,
                                                  "Plan Width": 4,
                                                  "Output": [
                                                    "part.p_partkey",
                                                    "part.p_name",
                                                    "part.p_mfgr",
                                                    "part.p_brand",
                                                    "part.p_type",
                                                    "part.p_size",
                                                    "part.p_container",
                                                    "part.p_retailprice",
                                                    "part.p_comment"
                                                  ],
                                                  "Filter": "((part.p_name)::text ~~ '%burlywood%'::text)"
                                                },
                                                {
                                                  "Node Type": "Index Scan",
                                                  "Parent Relationship": "Inner",
                                                  "Parallel Aware": false,
                                                  "Async Capable": false,
                                                  "Scan Direction": "Forward",
                                                  "Index Name": "partsupp_pkey",
                                                  "Relation Name": "partsupp",
                                                  "Schema": "public",
                                                  "Alias": "partsupp",
                                                  "Startup Cost": 0.42,
                                                  "Total Cost": 1.77,
                                                  "Plan Rows": 4,
                                                  "Plan Width": 14,
                                                  "Output": [
                                                    "partsupp.ps_partkey",
                                                    "partsupp.ps_suppkey",
                                                    "partsupp.ps_availqty",
                                                    "partsupp.ps_supplycost",
                                                    "partsupp.ps_comment"
                                                  ],
                                                  "Index Cond": "(partsupp.ps_partkey = part.p_partkey)"
                                                }
                                              ]
                                            },
                                            {
                                              "Node Type": "Hash",
                                              "Parent Relationship": "Inner",
                                              "Parallel Aware": false,
                                              "Async Capable": false,
                                              "Startup Cost": 323.0,
                                              "Total Cost": 323.0,
                                              "Plan Rows": 10000,
                                              "Plan Width": 8,
                                              "Output": [
                                                "supplier.s_suppkey",
                                                "supplier.s_nationkey"
                                              ],
                                              "Plans": [
                                                {
                                                  "Node Type": "Seq Scan",
                                                  "Parent Relationship": "Outer",
                                                  "Parallel Aware": false,
                                                  "Async Capable": false,
                                                  "Relation Name": "supplier",
                                                  "Schema": "public",
                                                  "Alias": "supplier",
                                                  "Startup Cost": 0.0,
                                                  "Total Cost": 323.0,
                                                  "Plan Rows": 10000,
                                                  "Plan Width": 8,
                                                  "Output": [
                                                    "supplier.s_suppkey",
                                                    "supplier.s_nationkey"
                                                  ]
                                                }
                                              ]
                                            }
                                          ]
                                        },
                                        {
                                          "Node Type": "Hash",
                                          "Parent Relationship": "Inner",
                                          "Parallel Aware": false,
                                          "Async Capable": false,
                                          "Startup Cost": 1.25,
                                          "Total Cost": 1.25,
                                          "Plan Rows": 25,
                                          "Plan Width": 108,
                                          "Output": [
                                            "nation.n_name",
                                            "nation.n_nationkey"
                                          ],
                                          "Plans": [
                                            {
                                              "Node Type": "Seq Scan",
                                              "Parent Relationship": "Outer",
                                              "Parallel Aware": false,
                                              "Async Capable": false,
                                              "Relation Name": "nation",
                                              "Schema": "public",
                                              "Alias": "nation",
                                              "Startup Cost": 0.0,
                                              "Total Cost": 1.25,
                                              "Plan Rows": 25,
                                              "Plan Width": 108,
                                              "Output": [
                                                "nation.n_name",
                                                "nation.n_nationkey"
                                              ]
                                            }
                                          ]
                                        }
                                      ]
                                    }
                                  ]
                                }
                              ]
                            }
                          ]
                        }
                      ]
                    }
                  ]
                }
              ]
            }
          ]
        }
      ]
    },
    "JIT": {
      "Functions": 48,
      "Options": {
        "Inlining": false,
        "Optimization": false,
        "Expressions": true,
        "Deforming": true
      }
    }
  }
]
```

---

## 47. Q9_142_seed_1156768371.sql

**File Path:** `/Users/brunowinter2000/Documents/Thesis/2025_2026/Plan-Level/Generated_Queries/Q9/Q9_142_seed_1156768371.sql`

### EXPLAIN JSON

```json
[
  {
    "Plan": {
      "Node Type": "Sort",
      "Parallel Aware": false,
      "Async Capable": false,
      "Startup Cost": 221184.19,
      "Total Cost": 221334.56,
      "Plan Rows": 60150,
      "Plan Width": 168,
      "Output": [
        "nation.n_name",
        "(EXTRACT(year FROM orders.o_orderdate))",
        "(sum(((lineitem.l_extendedprice * ('1'::numeric - lineitem.l_discount)) - (partsupp.ps_supplycost * lineitem.l_quantity))))"
      ],
      "Sort Key": [
        "nation.n_name",
        "(EXTRACT(year FROM orders.o_orderdate)) DESC"
      ],
      "Plans": [
        {
          "Node Type": "Aggregate",
          "Strategy": "Hashed",
          "Partial Mode": "Finalize",
          "Parent Relationship": "Outer",
          "Parallel Aware": false,
          "Async Capable": false,
          "Startup Cost": 215507.15,
          "Total Cost": 216409.4,
          "Plan Rows": 60150,
          "Plan Width": 168,
          "Output": [
            "nation.n_name",
            "(EXTRACT(year FROM orders.o_orderdate))",
            "sum(((lineitem.l_extendedprice * ('1'::numeric - lineitem.l_discount)) - (partsupp.ps_supplycost * lineitem.l_quantity)))"
          ],
          "Group Key": [
            "nation.n_name",
            "(EXTRACT(year FROM orders.o_orderdate))"
          ],
          "Planned Partitions": 0,
          "Plans": [
            {
              "Node Type": "Gather",
              "Parent Relationship": "Outer",
              "Parallel Aware": false,
              "Async Capable": false,
              "Startup Cost": 181522.4,
              "Total Cost": 212499.65,
              "Plan Rows": 300750,
              "Plan Width": 168,
              "Output": [
                "nation.n_name",
                "(EXTRACT(year FROM orders.o_orderdate))",
                "(PARTIAL sum(((lineitem.l_extendedprice * ('1'::numeric - lineitem.l_discount)) - (partsupp.ps_supplycost * lineitem.l_quantity))))"
              ],
              "Workers Planned": 5,
              "Single Copy": false,
              "Plans": [
                {
                  "Node Type": "Aggregate",
                  "Strategy": "Hashed",
                  "Partial Mode": "Partial",
                  "Parent Relationship": "Outer",
                  "Parallel Aware": false,
                  "Async Capable": false,
                  "Startup Cost": 180522.4,
                  "Total Cost": 181424.65,
                  "Plan Rows": 60150,
                  "Plan Width": 168,
                  "Output": [
                    "nation.n_name",
                    "(EXTRACT(year FROM orders.o_orderdate))",
                    "PARTIAL sum(((lineitem.l_extendedprice * ('1'::numeric - lineitem.l_discount)) - (partsupp.ps_supplycost * lineitem.l_quantity)))"
                  ],
                  "Group Key": [
                    "nation.n_name",
                    "EXTRACT(year FROM orders.o_orderdate)"
                  ],
                  "Planned Partitions": 0,
                  "Plans": [
                    {
                      "Node Type": "Nested Loop",
                      "Parent Relationship": "Outer",
                      "Parallel Aware": false,
                      "Async Capable": false,
                      "Join Type": "Inner",
                      "Startup Cost": 15229.13,
                      "Total Cost": 179343.84,
                      "Plan Rows": 67346,
                      "Plan Width": 159,
                      "Output": [
                        "nation.n_name",
                        "EXTRACT(year FROM orders.o_orderdate)",
                        "lineitem.l_extendedprice",
                        "lineitem.l_discount",
                        "partsupp.ps_supplycost",
                        "lineitem.l_quantity"
                      ],
                      "Inner Unique": true,
                      "Plans": [
                        {
                          "Node Type": "Hash Join",
                          "Parent Relationship": "Outer",
                          "Parallel Aware": true,
                          "Async Capable": false,
                          "Join Type": "Inner",
                          "Startup Cost": 15228.71,
                          "Total Cost": 148833.07,
                          "Plan Rows": 67346,
                          "Plan Width": 131,
                          "Output": [
                            "lineitem.l_extendedprice",
                            "lineitem.l_discount",
                            "lineitem.l_quantity",
                            "lineitem.l_orderkey",
                            "partsupp.ps_supplycost",
                            "nation.n_name"
                          ],
                          "Inner Unique": false,
                          "Hash Cond": "((lineitem.l_suppkey = supplier.s_suppkey) AND (lineitem.l_partkey = partsupp.ps_partkey))",
                          "Plans": [
                            {
                              "Node Type": "Seq Scan",
                              "Parent Relationship": "Outer",
                              "Parallel Aware": true,
                              "Async Capable": false,
                              "Relation Name": "lineitem",
                              "Schema": "public",
                              "Alias": "lineitem",
                              "Startup Cost": 0.0,
                              "Total Cost": 124602.43,
                              "Plan Rows": 1200243,
                              "Plan Width": 29,
                              "Output": [
                                "lineitem.l_orderkey",
                                "lineitem.l_partkey",
                                "lineitem.l_suppkey",
                                "lineitem.l_linenumber",
                                "lineitem.l_quantity",
                                "lineitem.l_extendedprice",
                                "lineitem.l_discount",
                                "lineitem.l_tax",
                                "lineitem.l_returnflag",
                                "lineitem.l_linestatus",
                                "lineitem.l_shipdate",
                                "lineitem.l_commitdate",
                                "lineitem.l_receiptdate",
                                "lineitem.l_shipinstruct",
                                "lineitem.l_shipmode",
                                "lineitem.l_comment"
                              ]
                            },
                            {
                              "Node Type": "Hash",
                              "Parent Relationship": "Inner",
                              "Parallel Aware": true,
                              "Async Capable": false,
                              "Startup Cost": 14948.16,
                              "Total Cost": 14948.16,
                              "Plan Rows": 18703,
                              "Plan Width": 126,
                              "Output": [
                                "part.p_partkey",
                                "partsupp.ps_supplycost",
                                "partsupp.ps_suppkey",
                                "partsupp.ps_partkey",
                                "supplier.s_suppkey",
                                "nation.n_name"
                              ],
                              "Plans": [
                                {
                                  "Node Type": "Hash Join",
                                  "Parent Relationship": "Outer",
                                  "Parallel Aware": false,
                                  "Async Capable": false,
                                  "Join Type": "Inner",
                                  "Startup Cost": 449.99,
                                  "Total Cost": 14948.16,
                                  "Plan Rows": 18703,
                                  "Plan Width": 126,
                                  "Output": [
                                    "part.p_partkey",
                                    "partsupp.ps_supplycost",
                                    "partsupp.ps_suppkey",
                                    "partsupp.ps_partkey",
                                    "supplier.s_suppkey",
                                    "nation.n_name"
                                  ],
                                  "Inner Unique": true,
                                  "Hash Cond": "(supplier.s_nationkey = nation.n_nationkey)",
                                  "Plans": [
                                    {
                                      "Node Type": "Hash Join",
                                      "Parent Relationship": "Outer",
                                      "Parallel Aware": false,
                                      "Async Capable": false,
                                      "Join Type": "Inner",
                                      "Startup Cost": 448.43,
                                      "Total Cost": 14889.18,
                                      "Plan Rows": 18703,
                                      "Plan Width": 26,
                                      "Output": [
                                        "part.p_partkey",
                                        "partsupp.ps_supplycost",
                                        "partsupp.ps_suppkey",
                                        "partsupp.ps_partkey",
                                        "supplier.s_suppkey",
                                        "supplier.s_nationkey"
                                      ],
                                      "Inner Unique": true,
                                      "Hash Cond": "(partsupp.ps_suppkey = supplier.s_suppkey)",
                                      "Plans": [
                                        {
                                          "Node Type": "Nested Loop",
                                          "Parent Relationship": "Outer",
                                          "Parallel Aware": false,
                                          "Async Capable": false,
                                          "Join Type": "Inner",
                                          "Startup Cost": 0.42,
                                          "Total Cost": 14392.06,
                                          "Plan Rows": 18703,
                                          "Plan Width": 18,
                                          "Output": [
                                            "part.p_partkey",
                                            "partsupp.ps_supplycost",
                                            "partsupp.ps_suppkey",
                                            "partsupp.ps_partkey"
                                          ],
                                          "Inner Unique": false,
                                          "Plans": [
                                            {
                                              "Node Type": "Seq Scan",
                                              "Parent Relationship": "Outer",
                                              "Parallel Aware": true,
                                              "Async Capable": false,
                                              "Relation Name": "part",
                                              "Schema": "public",
                                              "Alias": "part",
                                              "Startup Cost": 0.0,
                                              "Total Cost": 5169.67,
                                              "Plan Rows": 4676,
                                              "Plan Width": 4,
                                              "Output": [
                                                "part.p_partkey",
                                                "part.p_name",
                                                "part.p_mfgr",
                                                "part.p_brand",
                                                "part.p_type",
                                                "part.p_size",
                                                "part.p_container",
                                                "part.p_retailprice",
                                                "part.p_comment"
                                              ],
                                              "Filter": "((part.p_name)::text ~~ '%olive%'::text)"
                                            },
                                            {
                                              "Node Type": "Index Scan",
                                              "Parent Relationship": "Inner",
                                              "Parallel Aware": false,
                                              "Async Capable": false,
                                              "Scan Direction": "Forward",
                                              "Index Name": "partsupp_pkey",
                                              "Relation Name": "partsupp",
                                              "Schema": "public",
                                              "Alias": "partsupp",
                                              "Startup Cost": 0.42,
                                              "Total Cost": 1.93,
                                              "Plan Rows": 4,
                                              "Plan Width": 14,
                                              "Output": [
                                                "partsupp.ps_partkey",
                                                "partsupp.ps_suppkey",
                                                "partsupp.ps_availqty",
                                                "partsupp.ps_supplycost",
                                                "partsupp.ps_comment"
                                              ],
                                              "Index Cond": "(partsupp.ps_partkey = part.p_partkey)"
                                            }
                                          ]
                                        },
                                        {
                                          "Node Type": "Hash",
                                          "Parent Relationship": "Inner",
                                          "Parallel Aware": false,
                                          "Async Capable": false,
                                          "Startup Cost": 323.0,
                                          "Total Cost": 323.0,
                                          "Plan Rows": 10000,
                                          "Plan Width": 8,
                                          "Output": [
                                            "supplier.s_suppkey",
                                            "supplier.s_nationkey"
                                          ],
                                          "Plans": [
                                            {
                                              "Node Type": "Seq Scan",
                                              "Parent Relationship": "Outer",
                                              "Parallel Aware": false,
                                              "Async Capable": false,
                                              "Relation Name": "supplier",
                                              "Schema": "public",
                                              "Alias": "supplier",
                                              "Startup Cost": 0.0,
                                              "Total Cost": 323.0,
                                              "Plan Rows": 10000,
                                              "Plan Width": 8,
                                              "Output": [
                                                "supplier.s_suppkey",
                                                "supplier.s_nationkey"
                                              ]
                                            }
                                          ]
                                        }
                                      ]
                                    },
                                    {
                                      "Node Type": "Hash",
                                      "Parent Relationship": "Inner",
                                      "Parallel Aware": false,
                                      "Async Capable": false,
                                      "Startup Cost": 1.25,
                                      "Total Cost": 1.25,
                                      "Plan Rows": 25,
                                      "Plan Width": 108,
                                      "Output": [
                                        "nation.n_name",
                                        "nation.n_nationkey"
                                      ],
                                      "Plans": [
                                        {
                                          "Node Type": "Seq Scan",
                                          "Parent Relationship": "Outer",
                                          "Parallel Aware": false,
                                          "Async Capable": false,
                                          "Relation Name": "nation",
                                          "Schema": "public",
                                          "Alias": "nation",
                                          "Startup Cost": 0.0,
                                          "Total Cost": 1.25,
                                          "Plan Rows": 25,
                                          "Plan Width": 108,
                                          "Output": [
                                            "nation.n_name",
                                            "nation.n_nationkey"
                                          ]
                                        }
                                      ]
                                    }
                                  ]
                                }
                              ]
                            }
                          ]
                        },
                        {
                          "Node Type": "Index Scan",
                          "Parent Relationship": "Inner",
                          "Parallel Aware": false,
                          "Async Capable": false,
                          "Scan Direction": "Forward",
                          "Index Name": "orders_pkey",
                          "Relation Name": "orders",
                          "Schema": "public",
                          "Alias": "orders",
                          "Startup Cost": 0.43,
                          "Total Cost": 0.45,
                          "Plan Rows": 1,
                          "Plan Width": 8,
                          "Output": [
                            "orders.o_orderkey",
                            "orders.o_custkey",
                            "orders.o_orderstatus",
                            "orders.o_totalprice",
                            "orders.o_orderdate",
                            "orders.o_orderpriority",
                            "orders.o_clerk",
                            "orders.o_shippriority",
                            "orders.o_comment"
                          ],
                          "Index Cond": "(orders.o_orderkey = lineitem.l_orderkey)"
                        }
                      ]
                    }
                  ]
                }
              ]
            }
          ]
        }
      ]
    },
    "JIT": {
      "Functions": 43,
      "Options": {
        "Inlining": false,
        "Optimization": false,
        "Expressions": true,
        "Deforming": true
      }
    }
  }
]
```

---

## 48. Q9_143_seed_1164972402.sql

**File Path:** `/Users/brunowinter2000/Documents/Thesis/2025_2026/Plan-Level/Generated_Queries/Q9/Q9_143_seed_1164972402.sql`

### EXPLAIN JSON

```json
[
  {
    "Plan": {
      "Node Type": "Sort",
      "Parallel Aware": false,
      "Async Capable": false,
      "Startup Cost": 221184.19,
      "Total Cost": 221334.56,
      "Plan Rows": 60150,
      "Plan Width": 168,
      "Output": [
        "nation.n_name",
        "(EXTRACT(year FROM orders.o_orderdate))",
        "(sum(((lineitem.l_extendedprice * ('1'::numeric - lineitem.l_discount)) - (partsupp.ps_supplycost * lineitem.l_quantity))))"
      ],
      "Sort Key": [
        "nation.n_name",
        "(EXTRACT(year FROM orders.o_orderdate)) DESC"
      ],
      "Plans": [
        {
          "Node Type": "Aggregate",
          "Strategy": "Hashed",
          "Partial Mode": "Finalize",
          "Parent Relationship": "Outer",
          "Parallel Aware": false,
          "Async Capable": false,
          "Startup Cost": 215507.15,
          "Total Cost": 216409.4,
          "Plan Rows": 60150,
          "Plan Width": 168,
          "Output": [
            "nation.n_name",
            "(EXTRACT(year FROM orders.o_orderdate))",
            "sum(((lineitem.l_extendedprice * ('1'::numeric - lineitem.l_discount)) - (partsupp.ps_supplycost * lineitem.l_quantity)))"
          ],
          "Group Key": [
            "nation.n_name",
            "(EXTRACT(year FROM orders.o_orderdate))"
          ],
          "Planned Partitions": 0,
          "Plans": [
            {
              "Node Type": "Gather",
              "Parent Relationship": "Outer",
              "Parallel Aware": false,
              "Async Capable": false,
              "Startup Cost": 181522.4,
              "Total Cost": 212499.65,
              "Plan Rows": 300750,
              "Plan Width": 168,
              "Output": [
                "nation.n_name",
                "(EXTRACT(year FROM orders.o_orderdate))",
                "(PARTIAL sum(((lineitem.l_extendedprice * ('1'::numeric - lineitem.l_discount)) - (partsupp.ps_supplycost * lineitem.l_quantity))))"
              ],
              "Workers Planned": 5,
              "Single Copy": false,
              "Plans": [
                {
                  "Node Type": "Aggregate",
                  "Strategy": "Hashed",
                  "Partial Mode": "Partial",
                  "Parent Relationship": "Outer",
                  "Parallel Aware": false,
                  "Async Capable": false,
                  "Startup Cost": 180522.4,
                  "Total Cost": 181424.65,
                  "Plan Rows": 60150,
                  "Plan Width": 168,
                  "Output": [
                    "nation.n_name",
                    "(EXTRACT(year FROM orders.o_orderdate))",
                    "PARTIAL sum(((lineitem.l_extendedprice * ('1'::numeric - lineitem.l_discount)) - (partsupp.ps_supplycost * lineitem.l_quantity)))"
                  ],
                  "Group Key": [
                    "nation.n_name",
                    "EXTRACT(year FROM orders.o_orderdate)"
                  ],
                  "Planned Partitions": 0,
                  "Plans": [
                    {
                      "Node Type": "Nested Loop",
                      "Parent Relationship": "Outer",
                      "Parallel Aware": false,
                      "Async Capable": false,
                      "Join Type": "Inner",
                      "Startup Cost": 15229.13,
                      "Total Cost": 179343.84,
                      "Plan Rows": 67346,
                      "Plan Width": 159,
                      "Output": [
                        "nation.n_name",
                        "EXTRACT(year FROM orders.o_orderdate)",
                        "lineitem.l_extendedprice",
                        "lineitem.l_discount",
                        "partsupp.ps_supplycost",
                        "lineitem.l_quantity"
                      ],
                      "Inner Unique": true,
                      "Plans": [
                        {
                          "Node Type": "Hash Join",
                          "Parent Relationship": "Outer",
                          "Parallel Aware": true,
                          "Async Capable": false,
                          "Join Type": "Inner",
                          "Startup Cost": 15228.71,
                          "Total Cost": 148833.07,
                          "Plan Rows": 67346,
                          "Plan Width": 131,
                          "Output": [
                            "lineitem.l_extendedprice",
                            "lineitem.l_discount",
                            "lineitem.l_quantity",
                            "lineitem.l_orderkey",
                            "partsupp.ps_supplycost",
                            "nation.n_name"
                          ],
                          "Inner Unique": false,
                          "Hash Cond": "((lineitem.l_suppkey = supplier.s_suppkey) AND (lineitem.l_partkey = partsupp.ps_partkey))",
                          "Plans": [
                            {
                              "Node Type": "Seq Scan",
                              "Parent Relationship": "Outer",
                              "Parallel Aware": true,
                              "Async Capable": false,
                              "Relation Name": "lineitem",
                              "Schema": "public",
                              "Alias": "lineitem",
                              "Startup Cost": 0.0,
                              "Total Cost": 124602.43,
                              "Plan Rows": 1200243,
                              "Plan Width": 29,
                              "Output": [
                                "lineitem.l_orderkey",
                                "lineitem.l_partkey",
                                "lineitem.l_suppkey",
                                "lineitem.l_linenumber",
                                "lineitem.l_quantity",
                                "lineitem.l_extendedprice",
                                "lineitem.l_discount",
                                "lineitem.l_tax",
                                "lineitem.l_returnflag",
                                "lineitem.l_linestatus",
                                "lineitem.l_shipdate",
                                "lineitem.l_commitdate",
                                "lineitem.l_receiptdate",
                                "lineitem.l_shipinstruct",
                                "lineitem.l_shipmode",
                                "lineitem.l_comment"
                              ]
                            },
                            {
                              "Node Type": "Hash",
                              "Parent Relationship": "Inner",
                              "Parallel Aware": true,
                              "Async Capable": false,
                              "Startup Cost": 14948.16,
                              "Total Cost": 14948.16,
                              "Plan Rows": 18703,
                              "Plan Width": 126,
                              "Output": [
                                "part.p_partkey",
                                "partsupp.ps_supplycost",
                                "partsupp.ps_suppkey",
                                "partsupp.ps_partkey",
                                "supplier.s_suppkey",
                                "nation.n_name"
                              ],
                              "Plans": [
                                {
                                  "Node Type": "Hash Join",
                                  "Parent Relationship": "Outer",
                                  "Parallel Aware": false,
                                  "Async Capable": false,
                                  "Join Type": "Inner",
                                  "Startup Cost": 449.99,
                                  "Total Cost": 14948.16,
                                  "Plan Rows": 18703,
                                  "Plan Width": 126,
                                  "Output": [
                                    "part.p_partkey",
                                    "partsupp.ps_supplycost",
                                    "partsupp.ps_suppkey",
                                    "partsupp.ps_partkey",
                                    "supplier.s_suppkey",
                                    "nation.n_name"
                                  ],
                                  "Inner Unique": true,
                                  "Hash Cond": "(supplier.s_nationkey = nation.n_nationkey)",
                                  "Plans": [
                                    {
                                      "Node Type": "Hash Join",
                                      "Parent Relationship": "Outer",
                                      "Parallel Aware": false,
                                      "Async Capable": false,
                                      "Join Type": "Inner",
                                      "Startup Cost": 448.43,
                                      "Total Cost": 14889.18,
                                      "Plan Rows": 18703,
                                      "Plan Width": 26,
                                      "Output": [
                                        "part.p_partkey",
                                        "partsupp.ps_supplycost",
                                        "partsupp.ps_suppkey",
                                        "partsupp.ps_partkey",
                                        "supplier.s_suppkey",
                                        "supplier.s_nationkey"
                                      ],
                                      "Inner Unique": true,
                                      "Hash Cond": "(partsupp.ps_suppkey = supplier.s_suppkey)",
                                      "Plans": [
                                        {
                                          "Node Type": "Nested Loop",
                                          "Parent Relationship": "Outer",
                                          "Parallel Aware": false,
                                          "Async Capable": false,
                                          "Join Type": "Inner",
                                          "Startup Cost": 0.42,
                                          "Total Cost": 14392.06,
                                          "Plan Rows": 18703,
                                          "Plan Width": 18,
                                          "Output": [
                                            "part.p_partkey",
                                            "partsupp.ps_supplycost",
                                            "partsupp.ps_suppkey",
                                            "partsupp.ps_partkey"
                                          ],
                                          "Inner Unique": false,
                                          "Plans": [
                                            {
                                              "Node Type": "Seq Scan",
                                              "Parent Relationship": "Outer",
                                              "Parallel Aware": true,
                                              "Async Capable": false,
                                              "Relation Name": "part",
                                              "Schema": "public",
                                              "Alias": "part",
                                              "Startup Cost": 0.0,
                                              "Total Cost": 5169.67,
                                              "Plan Rows": 4676,
                                              "Plan Width": 4,
                                              "Output": [
                                                "part.p_partkey",
                                                "part.p_name",
                                                "part.p_mfgr",
                                                "part.p_brand",
                                                "part.p_type",
                                                "part.p_size",
                                                "part.p_container",
                                                "part.p_retailprice",
                                                "part.p_comment"
                                              ],
                                              "Filter": "((part.p_name)::text ~~ '%brown%'::text)"
                                            },
                                            {
                                              "Node Type": "Index Scan",
                                              "Parent Relationship": "Inner",
                                              "Parallel Aware": false,
                                              "Async Capable": false,
                                              "Scan Direction": "Forward",
                                              "Index Name": "partsupp_pkey",
                                              "Relation Name": "partsupp",
                                              "Schema": "public",
                                              "Alias": "partsupp",
                                              "Startup Cost": 0.42,
                                              "Total Cost": 1.93,
                                              "Plan Rows": 4,
                                              "Plan Width": 14,
                                              "Output": [
                                                "partsupp.ps_partkey",
                                                "partsupp.ps_suppkey",
                                                "partsupp.ps_availqty",
                                                "partsupp.ps_supplycost",
                                                "partsupp.ps_comment"
                                              ],
                                              "Index Cond": "(partsupp.ps_partkey = part.p_partkey)"
                                            }
                                          ]
                                        },
                                        {
                                          "Node Type": "Hash",
                                          "Parent Relationship": "Inner",
                                          "Parallel Aware": false,
                                          "Async Capable": false,
                                          "Startup Cost": 323.0,
                                          "Total Cost": 323.0,
                                          "Plan Rows": 10000,
                                          "Plan Width": 8,
                                          "Output": [
                                            "supplier.s_suppkey",
                                            "supplier.s_nationkey"
                                          ],
                                          "Plans": [
                                            {
                                              "Node Type": "Seq Scan",
                                              "Parent Relationship": "Outer",
                                              "Parallel Aware": false,
                                              "Async Capable": false,
                                              "Relation Name": "supplier",
                                              "Schema": "public",
                                              "Alias": "supplier",
                                              "Startup Cost": 0.0,
                                              "Total Cost": 323.0,
                                              "Plan Rows": 10000,
                                              "Plan Width": 8,
                                              "Output": [
                                                "supplier.s_suppkey",
                                                "supplier.s_nationkey"
                                              ]
                                            }
                                          ]
                                        }
                                      ]
                                    },
                                    {
                                      "Node Type": "Hash",
                                      "Parent Relationship": "Inner",
                                      "Parallel Aware": false,
                                      "Async Capable": false,
                                      "Startup Cost": 1.25,
                                      "Total Cost": 1.25,
                                      "Plan Rows": 25,
                                      "Plan Width": 108,
                                      "Output": [
                                        "nation.n_name",
                                        "nation.n_nationkey"
                                      ],
                                      "Plans": [
                                        {
                                          "Node Type": "Seq Scan",
                                          "Parent Relationship": "Outer",
                                          "Parallel Aware": false,
                                          "Async Capable": false,
                                          "Relation Name": "nation",
                                          "Schema": "public",
                                          "Alias": "nation",
                                          "Startup Cost": 0.0,
                                          "Total Cost": 1.25,
                                          "Plan Rows": 25,
                                          "Plan Width": 108,
                                          "Output": [
                                            "nation.n_name",
                                            "nation.n_nationkey"
                                          ]
                                        }
                                      ]
                                    }
                                  ]
                                }
                              ]
                            }
                          ]
                        },
                        {
                          "Node Type": "Index Scan",
                          "Parent Relationship": "Inner",
                          "Parallel Aware": false,
                          "Async Capable": false,
                          "Scan Direction": "Forward",
                          "Index Name": "orders_pkey",
                          "Relation Name": "orders",
                          "Schema": "public",
                          "Alias": "orders",
                          "Startup Cost": 0.43,
                          "Total Cost": 0.45,
                          "Plan Rows": 1,
                          "Plan Width": 8,
                          "Output": [
                            "orders.o_orderkey",
                            "orders.o_custkey",
                            "orders.o_orderstatus",
                            "orders.o_totalprice",
                            "orders.o_orderdate",
                            "orders.o_orderpriority",
                            "orders.o_clerk",
                            "orders.o_shippriority",
                            "orders.o_comment"
                          ],
                          "Index Cond": "(orders.o_orderkey = lineitem.l_orderkey)"
                        }
                      ]
                    }
                  ]
                }
              ]
            }
          ]
        }
      ]
    },
    "JIT": {
      "Functions": 43,
      "Options": {
        "Inlining": false,
        "Optimization": false,
        "Expressions": true,
        "Deforming": true
      }
    }
  }
]
```

---

## 49. Q9_144_seed_1173176433.sql

**File Path:** `/Users/brunowinter2000/Documents/Thesis/2025_2026/Plan-Level/Generated_Queries/Q9/Q9_144_seed_1173176433.sql`

### EXPLAIN JSON

```json
[
  {
    "Plan": {
      "Node Type": "Sort",
      "Parallel Aware": false,
      "Async Capable": false,
      "Startup Cost": 222478.18,
      "Total Cost": 222628.55,
      "Plan Rows": 60150,
      "Plan Width": 168,
      "Output": [
        "nation.n_name",
        "(EXTRACT(year FROM orders.o_orderdate))",
        "(sum(((lineitem.l_extendedprice * ('1'::numeric - lineitem.l_discount)) - (partsupp.ps_supplycost * lineitem.l_quantity))))"
      ],
      "Sort Key": [
        "nation.n_name",
        "(EXTRACT(year FROM orders.o_orderdate)) DESC"
      ],
      "Plans": [
        {
          "Node Type": "Aggregate",
          "Strategy": "Hashed",
          "Partial Mode": "Finalize",
          "Parent Relationship": "Outer",
          "Parallel Aware": false,
          "Async Capable": false,
          "Startup Cost": 216801.14,
          "Total Cost": 217703.39,
          "Plan Rows": 60150,
          "Plan Width": 168,
          "Output": [
            "nation.n_name",
            "(EXTRACT(year FROM orders.o_orderdate))",
            "sum(((lineitem.l_extendedprice * ('1'::numeric - lineitem.l_discount)) - (partsupp.ps_supplycost * lineitem.l_quantity)))"
          ],
          "Group Key": [
            "nation.n_name",
            "(EXTRACT(year FROM orders.o_orderdate))"
          ],
          "Planned Partitions": 0,
          "Plans": [
            {
              "Node Type": "Gather",
              "Parent Relationship": "Outer",
              "Parallel Aware": false,
              "Async Capable": false,
              "Startup Cost": 182816.39,
              "Total Cost": 213793.64,
              "Plan Rows": 300750,
              "Plan Width": 168,
              "Output": [
                "nation.n_name",
                "(EXTRACT(year FROM orders.o_orderdate))",
                "(PARTIAL sum(((lineitem.l_extendedprice * ('1'::numeric - lineitem.l_discount)) - (partsupp.ps_supplycost * lineitem.l_quantity))))"
              ],
              "Workers Planned": 5,
              "Single Copy": false,
              "Plans": [
                {
                  "Node Type": "Aggregate",
                  "Strategy": "Hashed",
                  "Partial Mode": "Partial",
                  "Parent Relationship": "Outer",
                  "Parallel Aware": false,
                  "Async Capable": false,
                  "Startup Cost": 181816.39,
                  "Total Cost": 182718.64,
                  "Plan Rows": 60150,
                  "Plan Width": 168,
                  "Output": [
                    "nation.n_name",
                    "(EXTRACT(year FROM orders.o_orderdate))",
                    "PARTIAL sum(((lineitem.l_extendedprice * ('1'::numeric - lineitem.l_discount)) - (partsupp.ps_supplycost * lineitem.l_quantity)))"
                  ],
                  "Group Key": [
                    "nation.n_name",
                    "EXTRACT(year FROM orders.o_orderdate)"
                  ],
                  "Planned Partitions": 0,
                  "Plans": [
                    {
                      "Node Type": "Nested Loop",
                      "Parent Relationship": "Outer",
                      "Parallel Aware": false,
                      "Async Capable": false,
                      "Join Type": "Inner",
                      "Startup Cost": 15390.98,
                      "Total Cost": 180595.73,
                      "Plan Rows": 69752,
                      "Plan Width": 159,
                      "Output": [
                        "nation.n_name",
                        "EXTRACT(year FROM orders.o_orderdate)",
                        "lineitem.l_extendedprice",
                        "lineitem.l_discount",
                        "partsupp.ps_supplycost",
                        "lineitem.l_quantity"
                      ],
                      "Inner Unique": true,
                      "Plans": [
                        {
                          "Node Type": "Hash Join",
                          "Parent Relationship": "Outer",
                          "Parallel Aware": true,
                          "Async Capable": false,
                          "Join Type": "Inner",
                          "Startup Cost": 15390.55,
                          "Total Cost": 148994.93,
                          "Plan Rows": 69752,
                          "Plan Width": 131,
                          "Output": [
                            "lineitem.l_extendedprice",
                            "lineitem.l_discount",
                            "lineitem.l_quantity",
                            "lineitem.l_orderkey",
                            "partsupp.ps_supplycost",
                            "nation.n_name"
                          ],
                          "Inner Unique": false,
                          "Hash Cond": "((lineitem.l_suppkey = supplier.s_suppkey) AND (lineitem.l_partkey = partsupp.ps_partkey))",
                          "Plans": [
                            {
                              "Node Type": "Seq Scan",
                              "Parent Relationship": "Outer",
                              "Parallel Aware": true,
                              "Async Capable": false,
                              "Relation Name": "lineitem",
                              "Schema": "public",
                              "Alias": "lineitem",
                              "Startup Cost": 0.0,
                              "Total Cost": 124602.43,
                              "Plan Rows": 1200243,
                              "Plan Width": 29,
                              "Output": [
                                "lineitem.l_orderkey",
                                "lineitem.l_partkey",
                                "lineitem.l_suppkey",
                                "lineitem.l_linenumber",
                                "lineitem.l_quantity",
                                "lineitem.l_extendedprice",
                                "lineitem.l_discount",
                                "lineitem.l_tax",
                                "lineitem.l_returnflag",
                                "lineitem.l_linestatus",
                                "lineitem.l_shipdate",
                                "lineitem.l_commitdate",
                                "lineitem.l_receiptdate",
                                "lineitem.l_shipinstruct",
                                "lineitem.l_shipmode",
                                "lineitem.l_comment"
                              ]
                            },
                            {
                              "Node Type": "Hash",
                              "Parent Relationship": "Inner",
                              "Parallel Aware": true,
                              "Async Capable": false,
                              "Startup Cost": 15099.97,
                              "Total Cost": 15099.97,
                              "Plan Rows": 19372,
                              "Plan Width": 126,
                              "Output": [
                                "part.p_partkey",
                                "partsupp.ps_supplycost",
                                "partsupp.ps_suppkey",
                                "partsupp.ps_partkey",
                                "supplier.s_suppkey",
                                "nation.n_name"
                              ],
                              "Plans": [
                                {
                                  "Node Type": "Hash Join",
                                  "Parent Relationship": "Outer",
                                  "Parallel Aware": false,
                                  "Async Capable": false,
                                  "Join Type": "Inner",
                                  "Startup Cost": 449.99,
                                  "Total Cost": 15099.97,
                                  "Plan Rows": 19372,
                                  "Plan Width": 126,
                                  "Output": [
                                    "part.p_partkey",
                                    "partsupp.ps_supplycost",
                                    "partsupp.ps_suppkey",
                                    "partsupp.ps_partkey",
                                    "supplier.s_suppkey",
                                    "nation.n_name"
                                  ],
                                  "Inner Unique": true,
                                  "Hash Cond": "(supplier.s_nationkey = nation.n_nationkey)",
                                  "Plans": [
                                    {
                                      "Node Type": "Hash Join",
                                      "Parent Relationship": "Outer",
                                      "Parallel Aware": false,
                                      "Async Capable": false,
                                      "Join Type": "Inner",
                                      "Startup Cost": 448.43,
                                      "Total Cost": 15038.94,
                                      "Plan Rows": 19372,
                                      "Plan Width": 26,
                                      "Output": [
                                        "part.p_partkey",
                                        "partsupp.ps_supplycost",
                                        "partsupp.ps_suppkey",
                                        "partsupp.ps_partkey",
                                        "supplier.s_suppkey",
                                        "supplier.s_nationkey"
                                      ],
                                      "Inner Unique": true,
                                      "Hash Cond": "(partsupp.ps_suppkey = supplier.s_suppkey)",
                                      "Plans": [
                                        {
                                          "Node Type": "Nested Loop",
                                          "Parent Relationship": "Outer",
                                          "Parallel Aware": false,
                                          "Async Capable": false,
                                          "Join Type": "Inner",
                                          "Startup Cost": 0.42,
                                          "Total Cost": 14540.06,
                                          "Plan Rows": 19372,
                                          "Plan Width": 18,
                                          "Output": [
                                            "part.p_partkey",
                                            "partsupp.ps_supplycost",
                                            "partsupp.ps_suppkey",
                                            "partsupp.ps_partkey"
                                          ],
                                          "Inner Unique": false,
                                          "Plans": [
                                            {
                                              "Node Type": "Seq Scan",
                                              "Parent Relationship": "Outer",
                                              "Parallel Aware": true,
                                              "Async Capable": false,
                                              "Relation Name": "part",
                                              "Schema": "public",
                                              "Alias": "part",
                                              "Startup Cost": 0.0,
                                              "Total Cost": 5169.67,
                                              "Plan Rows": 4843,
                                              "Plan Width": 4,
                                              "Output": [
                                                "part.p_partkey",
                                                "part.p_name",
                                                "part.p_mfgr",
                                                "part.p_brand",
                                                "part.p_type",
                                                "part.p_size",
                                                "part.p_container",
                                                "part.p_retailprice",
                                                "part.p_comment"
                                              ],
                                              "Filter": "((part.p_name)::text ~~ '%navy%'::text)"
                                            },
                                            {
                                              "Node Type": "Index Scan",
                                              "Parent Relationship": "Inner",
                                              "Parallel Aware": false,
                                              "Async Capable": false,
                                              "Scan Direction": "Forward",
                                              "Index Name": "partsupp_pkey",
                                              "Relation Name": "partsupp",
                                              "Schema": "public",
                                              "Alias": "partsupp",
                                              "Startup Cost": 0.42,
                                              "Total Cost": 1.89,
                                              "Plan Rows": 4,
                                              "Plan Width": 14,
                                              "Output": [
                                                "partsupp.ps_partkey",
                                                "partsupp.ps_suppkey",
                                                "partsupp.ps_availqty",
                                                "partsupp.ps_supplycost",
                                                "partsupp.ps_comment"
                                              ],
                                              "Index Cond": "(partsupp.ps_partkey = part.p_partkey)"
                                            }
                                          ]
                                        },
                                        {
                                          "Node Type": "Hash",
                                          "Parent Relationship": "Inner",
                                          "Parallel Aware": false,
                                          "Async Capable": false,
                                          "Startup Cost": 323.0,
                                          "Total Cost": 323.0,
                                          "Plan Rows": 10000,
                                          "Plan Width": 8,
                                          "Output": [
                                            "supplier.s_suppkey",
                                            "supplier.s_nationkey"
                                          ],
                                          "Plans": [
                                            {
                                              "Node Type": "Seq Scan",
                                              "Parent Relationship": "Outer",
                                              "Parallel Aware": false,
                                              "Async Capable": false,
                                              "Relation Name": "supplier",
                                              "Schema": "public",
                                              "Alias": "supplier",
                                              "Startup Cost": 0.0,
                                              "Total Cost": 323.0,
                                              "Plan Rows": 10000,
                                              "Plan Width": 8,
                                              "Output": [
                                                "supplier.s_suppkey",
                                                "supplier.s_nationkey"
                                              ]
                                            }
                                          ]
                                        }
                                      ]
                                    },
                                    {
                                      "Node Type": "Hash",
                                      "Parent Relationship": "Inner",
                                      "Parallel Aware": false,
                                      "Async Capable": false,
                                      "Startup Cost": 1.25,
                                      "Total Cost": 1.25,
                                      "Plan Rows": 25,
                                      "Plan Width": 108,
                                      "Output": [
                                        "nation.n_name",
                                        "nation.n_nationkey"
                                      ],
                                      "Plans": [
                                        {
                                          "Node Type": "Seq Scan",
                                          "Parent Relationship": "Outer",
                                          "Parallel Aware": false,
                                          "Async Capable": false,
                                          "Relation Name": "nation",
                                          "Schema": "public",
                                          "Alias": "nation",
                                          "Startup Cost": 0.0,
                                          "Total Cost": 1.25,
                                          "Plan Rows": 25,
                                          "Plan Width": 108,
                                          "Output": [
                                            "nation.n_name",
                                            "nation.n_nationkey"
                                          ]
                                        }
                                      ]
                                    }
                                  ]
                                }
                              ]
                            }
                          ]
                        },
                        {
                          "Node Type": "Index Scan",
                          "Parent Relationship": "Inner",
                          "Parallel Aware": false,
                          "Async Capable": false,
                          "Scan Direction": "Forward",
                          "Index Name": "orders_pkey",
                          "Relation Name": "orders",
                          "Schema": "public",
                          "Alias": "orders",
                          "Startup Cost": 0.43,
                          "Total Cost": 0.45,
                          "Plan Rows": 1,
                          "Plan Width": 8,
                          "Output": [
                            "orders.o_orderkey",
                            "orders.o_custkey",
                            "orders.o_orderstatus",
                            "orders.o_totalprice",
                            "orders.o_orderdate",
                            "orders.o_orderpriority",
                            "orders.o_clerk",
                            "orders.o_shippriority",
                            "orders.o_comment"
                          ],
                          "Index Cond": "(orders.o_orderkey = lineitem.l_orderkey)"
                        }
                      ]
                    }
                  ]
                }
              ]
            }
          ]
        }
      ]
    },
    "JIT": {
      "Functions": 43,
      "Options": {
        "Inlining": false,
        "Optimization": false,
        "Expressions": true,
        "Deforming": true
      }
    }
  }
]
```

---

## 50. Q9_145_seed_1181380464.sql

**File Path:** `/Users/brunowinter2000/Documents/Thesis/2025_2026/Plan-Level/Generated_Queries/Q9/Q9_145_seed_1181380464.sql`

### EXPLAIN JSON

```json
[
  {
    "Plan": {
      "Node Type": "Sort",
      "Parallel Aware": false,
      "Async Capable": false,
      "Startup Cost": 217286.99,
      "Total Cost": 217437.37,
      "Plan Rows": 60150,
      "Plan Width": 168,
      "Output": [
        "nation.n_name",
        "(EXTRACT(year FROM orders.o_orderdate))",
        "(sum(((lineitem.l_extendedprice * ('1'::numeric - lineitem.l_discount)) - (partsupp.ps_supplycost * lineitem.l_quantity))))"
      ],
      "Sort Key": [
        "nation.n_name",
        "(EXTRACT(year FROM orders.o_orderdate)) DESC"
      ],
      "Plans": [
        {
          "Node Type": "Aggregate",
          "Strategy": "Hashed",
          "Partial Mode": "Finalize",
          "Parent Relationship": "Outer",
          "Parallel Aware": false,
          "Async Capable": false,
          "Startup Cost": 211609.95,
          "Total Cost": 212512.2,
          "Plan Rows": 60150,
          "Plan Width": 168,
          "Output": [
            "nation.n_name",
            "(EXTRACT(year FROM orders.o_orderdate))",
            "sum(((lineitem.l_extendedprice * ('1'::numeric - lineitem.l_discount)) - (partsupp.ps_supplycost * lineitem.l_quantity)))"
          ],
          "Group Key": [
            "nation.n_name",
            "(EXTRACT(year FROM orders.o_orderdate))"
          ],
          "Planned Partitions": 0,
          "Plans": [
            {
              "Node Type": "Gather",
              "Parent Relationship": "Outer",
              "Parallel Aware": false,
              "Async Capable": false,
              "Startup Cost": 177635.37,
              "Total Cost": 208603.35,
              "Plan Rows": 300660,
              "Plan Width": 168,
              "Output": [
                "nation.n_name",
                "(EXTRACT(year FROM orders.o_orderdate))",
                "(PARTIAL sum(((lineitem.l_extendedprice * ('1'::numeric - lineitem.l_discount)) - (partsupp.ps_supplycost * lineitem.l_quantity))))"
              ],
              "Workers Planned": 5,
              "Single Copy": false,
              "Plans": [
                {
                  "Node Type": "Aggregate",
                  "Strategy": "Hashed",
                  "Partial Mode": "Partial",
                  "Parent Relationship": "Outer",
                  "Parallel Aware": false,
                  "Async Capable": false,
                  "Startup Cost": 176635.37,
                  "Total Cost": 177537.35,
                  "Plan Rows": 60132,
                  "Plan Width": 168,
                  "Output": [
                    "nation.n_name",
                    "(EXTRACT(year FROM orders.o_orderdate))",
                    "PARTIAL sum(((lineitem.l_extendedprice * ('1'::numeric - lineitem.l_discount)) - (partsupp.ps_supplycost * lineitem.l_quantity)))"
                  ],
                  "Group Key": [
                    "nation.n_name",
                    "EXTRACT(year FROM orders.o_orderdate)"
                  ],
                  "Planned Partitions": 0,
                  "Plans": [
                    {
                      "Node Type": "Nested Loop",
                      "Parent Relationship": "Outer",
                      "Parallel Aware": false,
                      "Async Capable": false,
                      "Join Type": "Inner",
                      "Startup Cost": 14736.63,
                      "Total Cost": 175583.06,
                      "Plan Rows": 60132,
                      "Plan Width": 159,
                      "Output": [
                        "nation.n_name",
                        "EXTRACT(year FROM orders.o_orderdate)",
                        "lineitem.l_extendedprice",
                        "lineitem.l_discount",
                        "partsupp.ps_supplycost",
                        "lineitem.l_quantity"
                      ],
                      "Inner Unique": true,
                      "Plans": [
                        {
                          "Node Type": "Hash Join",
                          "Parent Relationship": "Outer",
                          "Parallel Aware": true,
                          "Async Capable": false,
                          "Join Type": "Inner",
                          "Startup Cost": 14736.2,
                          "Total Cost": 148340.56,
                          "Plan Rows": 60132,
                          "Plan Width": 131,
                          "Output": [
                            "lineitem.l_extendedprice",
                            "lineitem.l_discount",
                            "lineitem.l_quantity",
                            "lineitem.l_orderkey",
                            "partsupp.ps_supplycost",
                            "nation.n_name"
                          ],
                          "Inner Unique": false,
                          "Hash Cond": "((lineitem.l_suppkey = supplier.s_suppkey) AND (lineitem.l_partkey = partsupp.ps_partkey))",
                          "Plans": [
                            {
                              "Node Type": "Seq Scan",
                              "Parent Relationship": "Outer",
                              "Parallel Aware": true,
                              "Async Capable": false,
                              "Relation Name": "lineitem",
                              "Schema": "public",
                              "Alias": "lineitem",
                              "Startup Cost": 0.0,
                              "Total Cost": 124602.43,
                              "Plan Rows": 1200243,
                              "Plan Width": 29,
                              "Output": [
                                "lineitem.l_orderkey",
                                "lineitem.l_partkey",
                                "lineitem.l_suppkey",
                                "lineitem.l_linenumber",
                                "lineitem.l_quantity",
                                "lineitem.l_extendedprice",
                                "lineitem.l_discount",
                                "lineitem.l_tax",
                                "lineitem.l_returnflag",
                                "lineitem.l_linestatus",
                                "lineitem.l_shipdate",
                                "lineitem.l_commitdate",
                                "lineitem.l_receiptdate",
                                "lineitem.l_shipinstruct",
                                "lineitem.l_shipmode",
                                "lineitem.l_comment"
                              ]
                            },
                            {
                              "Node Type": "Hash",
                              "Parent Relationship": "Inner",
                              "Parallel Aware": true,
                              "Async Capable": false,
                              "Startup Cost": 14485.7,
                              "Total Cost": 14485.7,
                              "Plan Rows": 16700,
                              "Plan Width": 126,
                              "Output": [
                                "part.p_partkey",
                                "partsupp.ps_supplycost",
                                "partsupp.ps_suppkey",
                                "partsupp.ps_partkey",
                                "supplier.s_suppkey",
                                "nation.n_name"
                              ],
                              "Plans": [
                                {
                                  "Node Type": "Hash Join",
                                  "Parent Relationship": "Outer",
                                  "Parallel Aware": false,
                                  "Async Capable": false,
                                  "Join Type": "Inner",
                                  "Startup Cost": 449.99,
                                  "Total Cost": 14485.7,
                                  "Plan Rows": 16700,
                                  "Plan Width": 126,
                                  "Output": [
                                    "part.p_partkey",
                                    "partsupp.ps_supplycost",
                                    "partsupp.ps_suppkey",
                                    "partsupp.ps_partkey",
                                    "supplier.s_suppkey",
                                    "nation.n_name"
                                  ],
                                  "Inner Unique": true,
                                  "Hash Cond": "(supplier.s_nationkey = nation.n_nationkey)",
                                  "Plans": [
                                    {
                                      "Node Type": "Hash Join",
                                      "Parent Relationship": "Outer",
                                      "Parallel Aware": false,
                                      "Async Capable": false,
                                      "Join Type": "Inner",
                                      "Startup Cost": 448.43,
                                      "Total Cost": 14432.87,
                                      "Plan Rows": 16700,
                                      "Plan Width": 26,
                                      "Output": [
                                        "part.p_partkey",
                                        "partsupp.ps_supplycost",
                                        "partsupp.ps_suppkey",
                                        "partsupp.ps_partkey",
                                        "supplier.s_suppkey",
                                        "supplier.s_nationkey"
                                      ],
                                      "Inner Unique": true,
                                      "Hash Cond": "(partsupp.ps_suppkey = supplier.s_suppkey)",
                                      "Plans": [
                                        {
                                          "Node Type": "Nested Loop",
                                          "Parent Relationship": "Outer",
                                          "Parallel Aware": false,
                                          "Async Capable": false,
                                          "Join Type": "Inner",
                                          "Startup Cost": 0.42,
                                          "Total Cost": 13941.01,
                                          "Plan Rows": 16700,
                                          "Plan Width": 18,
                                          "Output": [
                                            "part.p_partkey",
                                            "partsupp.ps_supplycost",
                                            "partsupp.ps_suppkey",
                                            "partsupp.ps_partkey"
                                          ],
                                          "Inner Unique": false,
                                          "Plans": [
                                            {
                                              "Node Type": "Seq Scan",
                                              "Parent Relationship": "Outer",
                                              "Parallel Aware": true,
                                              "Async Capable": false,
                                              "Relation Name": "part",
                                              "Schema": "public",
                                              "Alias": "part",
                                              "Startup Cost": 0.0,
                                              "Total Cost": 5169.67,
                                              "Plan Rows": 4175,
                                              "Plan Width": 4,
                                              "Output": [
                                                "part.p_partkey",
                                                "part.p_name",
                                                "part.p_mfgr",
                                                "part.p_brand",
                                                "part.p_type",
                                                "part.p_size",
                                                "part.p_container",
                                                "part.p_retailprice",
                                                "part.p_comment"
                                              ],
                                              "Filter": "((part.p_name)::text ~~ '%blush%'::text)"
                                            },
                                            {
                                              "Node Type": "Index Scan",
                                              "Parent Relationship": "Inner",
                                              "Parallel Aware": false,
                                              "Async Capable": false,
                                              "Scan Direction": "Forward",
                                              "Index Name": "partsupp_pkey",
                                              "Relation Name": "partsupp",
                                              "Schema": "public",
                                              "Alias": "partsupp",
                                              "Startup Cost": 0.42,
                                              "Total Cost": 2.06,
                                              "Plan Rows": 4,
                                              "Plan Width": 14,
                                              "Output": [
                                                "partsupp.ps_partkey",
                                                "partsupp.ps_suppkey",
                                                "partsupp.ps_availqty",
                                                "partsupp.ps_supplycost",
                                                "partsupp.ps_comment"
                                              ],
                                              "Index Cond": "(partsupp.ps_partkey = part.p_partkey)"
                                            }
                                          ]
                                        },
                                        {
                                          "Node Type": "Hash",
                                          "Parent Relationship": "Inner",
                                          "Parallel Aware": false,
                                          "Async Capable": false,
                                          "Startup Cost": 323.0,
                                          "Total Cost": 323.0,
                                          "Plan Rows": 10000,
                                          "Plan Width": 8,
                                          "Output": [
                                            "supplier.s_suppkey",
                                            "supplier.s_nationkey"
                                          ],
                                          "Plans": [
                                            {
                                              "Node Type": "Seq Scan",
                                              "Parent Relationship": "Outer",
                                              "Parallel Aware": false,
                                              "Async Capable": false,
                                              "Relation Name": "supplier",
                                              "Schema": "public",
                                              "Alias": "supplier",
                                              "Startup Cost": 0.0,
                                              "Total Cost": 323.0,
                                              "Plan Rows": 10000,
                                              "Plan Width": 8,
                                              "Output": [
                                                "supplier.s_suppkey",
                                                "supplier.s_nationkey"
                                              ]
                                            }
                                          ]
                                        }
                                      ]
                                    },
                                    {
                                      "Node Type": "Hash",
                                      "Parent Relationship": "Inner",
                                      "Parallel Aware": false,
                                      "Async Capable": false,
                                      "Startup Cost": 1.25,
                                      "Total Cost": 1.25,
                                      "Plan Rows": 25,
                                      "Plan Width": 108,
                                      "Output": [
                                        "nation.n_name",
                                        "nation.n_nationkey"
                                      ],
                                      "Plans": [
                                        {
                                          "Node Type": "Seq Scan",
                                          "Parent Relationship": "Outer",
                                          "Parallel Aware": false,
                                          "Async Capable": false,
                                          "Relation Name": "nation",
                                          "Schema": "public",
                                          "Alias": "nation",
                                          "Startup Cost": 0.0,
                                          "Total Cost": 1.25,
                                          "Plan Rows": 25,
                                          "Plan Width": 108,
                                          "Output": [
                                            "nation.n_name",
                                            "nation.n_nationkey"
                                          ]
                                        }
                                      ]
                                    }
                                  ]
                                }
                              ]
                            }
                          ]
                        },
                        {
                          "Node Type": "Index Scan",
                          "Parent Relationship": "Inner",
                          "Parallel Aware": false,
                          "Async Capable": false,
                          "Scan Direction": "Forward",
                          "Index Name": "orders_pkey",
                          "Relation Name": "orders",
                          "Schema": "public",
                          "Alias": "orders",
                          "Startup Cost": 0.43,
                          "Total Cost": 0.45,
                          "Plan Rows": 1,
                          "Plan Width": 8,
                          "Output": [
                            "orders.o_orderkey",
                            "orders.o_custkey",
                            "orders.o_orderstatus",
                            "orders.o_totalprice",
                            "orders.o_orderdate",
                            "orders.o_orderpriority",
                            "orders.o_clerk",
                            "orders.o_shippriority",
                            "orders.o_comment"
                          ],
                          "Index Cond": "(orders.o_orderkey = lineitem.l_orderkey)"
                        }
                      ]
                    }
                  ]
                }
              ]
            }
          ]
        }
      ]
    },
    "JIT": {
      "Functions": 43,
      "Options": {
        "Inlining": false,
        "Optimization": false,
        "Expressions": true,
        "Deforming": true
      }
    }
  }
]
```

---

## 51. Q9_146_seed_1189584495.sql

**File Path:** `/Users/brunowinter2000/Documents/Thesis/2025_2026/Plan-Level/Generated_Queries/Q9/Q9_146_seed_1189584495.sql`

### EXPLAIN JSON

```json
[
  {
    "Plan": {
      "Node Type": "Sort",
      "Parallel Aware": false,
      "Async Capable": false,
      "Startup Cost": 211969.48,
      "Total Cost": 212119.85,
      "Plan Rows": 60150,
      "Plan Width": 168,
      "Output": [
        "nation.n_name",
        "(EXTRACT(year FROM orders.o_orderdate))",
        "(sum(((lineitem.l_extendedprice * ('1'::numeric - lineitem.l_discount)) - (partsupp.ps_supplycost * lineitem.l_quantity))))"
      ],
      "Sort Key": [
        "nation.n_name",
        "(EXTRACT(year FROM orders.o_orderdate)) DESC"
      ],
      "Plans": [
        {
          "Node Type": "Aggregate",
          "Strategy": "Hashed",
          "Partial Mode": "Finalize",
          "Parent Relationship": "Outer",
          "Parallel Aware": false,
          "Async Capable": false,
          "Startup Cost": 206292.44,
          "Total Cost": 207194.69,
          "Plan Rows": 60150,
          "Plan Width": 168,
          "Output": [
            "nation.n_name",
            "(EXTRACT(year FROM orders.o_orderdate))",
            "sum(((lineitem.l_extendedprice * ('1'::numeric - lineitem.l_discount)) - (partsupp.ps_supplycost * lineitem.l_quantity)))"
          ],
          "Group Key": [
            "nation.n_name",
            "(EXTRACT(year FROM orders.o_orderdate))"
          ],
          "Planned Partitions": 0,
          "Plans": [
            {
              "Node Type": "Gather",
              "Parent Relationship": "Outer",
              "Parallel Aware": false,
              "Async Capable": false,
              "Startup Cost": 175037.2,
              "Total Cost": 203526.49,
              "Plan Rows": 276595,
              "Plan Width": 168,
              "Output": [
                "nation.n_name",
                "(EXTRACT(year FROM orders.o_orderdate))",
                "(PARTIAL sum(((lineitem.l_extendedprice * ('1'::numeric - lineitem.l_discount)) - (partsupp.ps_supplycost * lineitem.l_quantity))))"
              ],
              "Workers Planned": 5,
              "Single Copy": false,
              "Plans": [
                {
                  "Node Type": "Aggregate",
                  "Strategy": "Hashed",
                  "Partial Mode": "Partial",
                  "Parent Relationship": "Outer",
                  "Parallel Aware": false,
                  "Async Capable": false,
                  "Startup Cost": 174037.2,
                  "Total Cost": 174866.99,
                  "Plan Rows": 55319,
                  "Plan Width": 168,
                  "Output": [
                    "nation.n_name",
                    "(EXTRACT(year FROM orders.o_orderdate))",
                    "PARTIAL sum(((lineitem.l_extendedprice * ('1'::numeric - lineitem.l_discount)) - (partsupp.ps_supplycost * lineitem.l_quantity)))"
                  ],
                  "Group Key": [
                    "nation.n_name",
                    "EXTRACT(year FROM orders.o_orderdate)"
                  ],
                  "Planned Partitions": 0,
                  "Plans": [
                    {
                      "Node Type": "Nested Loop",
                      "Parent Relationship": "Outer",
                      "Parallel Aware": false,
                      "Async Capable": false,
                      "Join Type": "Inner",
                      "Startup Cost": 14403.2,
                      "Total Cost": 173069.12,
                      "Plan Rows": 55319,
                      "Plan Width": 159,
                      "Output": [
                        "nation.n_name",
                        "EXTRACT(year FROM orders.o_orderdate)",
                        "lineitem.l_extendedprice",
                        "lineitem.l_discount",
                        "partsupp.ps_supplycost",
                        "lineitem.l_quantity"
                      ],
                      "Inner Unique": true,
                      "Plans": [
                        {
                          "Node Type": "Hash Join",
                          "Parent Relationship": "Outer",
                          "Parallel Aware": true,
                          "Async Capable": false,
                          "Join Type": "Inner",
                          "Startup Cost": 14402.78,
                          "Total Cost": 148007.12,
                          "Plan Rows": 55319,
                          "Plan Width": 131,
                          "Output": [
                            "lineitem.l_extendedprice",
                            "lineitem.l_discount",
                            "lineitem.l_quantity",
                            "lineitem.l_orderkey",
                            "partsupp.ps_supplycost",
                            "nation.n_name"
                          ],
                          "Inner Unique": false,
                          "Hash Cond": "((lineitem.l_suppkey = supplier.s_suppkey) AND (lineitem.l_partkey = partsupp.ps_partkey))",
                          "Plans": [
                            {
                              "Node Type": "Seq Scan",
                              "Parent Relationship": "Outer",
                              "Parallel Aware": true,
                              "Async Capable": false,
                              "Relation Name": "lineitem",
                              "Schema": "public",
                              "Alias": "lineitem",
                              "Startup Cost": 0.0,
                              "Total Cost": 124602.43,
                              "Plan Rows": 1200243,
                              "Plan Width": 29,
                              "Output": [
                                "lineitem.l_orderkey",
                                "lineitem.l_partkey",
                                "lineitem.l_suppkey",
                                "lineitem.l_linenumber",
                                "lineitem.l_quantity",
                                "lineitem.l_extendedprice",
                                "lineitem.l_discount",
                                "lineitem.l_tax",
                                "lineitem.l_returnflag",
                                "lineitem.l_linestatus",
                                "lineitem.l_shipdate",
                                "lineitem.l_commitdate",
                                "lineitem.l_receiptdate",
                                "lineitem.l_shipinstruct",
                                "lineitem.l_shipmode",
                                "lineitem.l_comment"
                              ]
                            },
                            {
                              "Node Type": "Hash",
                              "Parent Relationship": "Inner",
                              "Parallel Aware": true,
                              "Async Capable": false,
                              "Startup Cost": 14172.33,
                              "Total Cost": 14172.33,
                              "Plan Rows": 15363,
                              "Plan Width": 126,
                              "Output": [
                                "part.p_partkey",
                                "partsupp.ps_supplycost",
                                "partsupp.ps_suppkey",
                                "partsupp.ps_partkey",
                                "supplier.s_suppkey",
                                "nation.n_name"
                              ],
                              "Plans": [
                                {
                                  "Node Type": "Hash Join",
                                  "Parent Relationship": "Outer",
                                  "Parallel Aware": false,
                                  "Async Capable": false,
                                  "Join Type": "Inner",
                                  "Startup Cost": 449.99,
                                  "Total Cost": 14172.33,
                                  "Plan Rows": 15363,
                                  "Plan Width": 126,
                                  "Output": [
                                    "part.p_partkey",
                                    "partsupp.ps_supplycost",
                                    "partsupp.ps_suppkey",
                                    "partsupp.ps_partkey",
                                    "supplier.s_suppkey",
                                    "nation.n_name"
                                  ],
                                  "Inner Unique": true,
                                  "Hash Cond": "(supplier.s_nationkey = nation.n_nationkey)",
                                  "Plans": [
                                    {
                                      "Node Type": "Hash Join",
                                      "Parent Relationship": "Outer",
                                      "Parallel Aware": false,
                                      "Async Capable": false,
                                      "Join Type": "Inner",
                                      "Startup Cost": 448.43,
                                      "Total Cost": 14123.6,
                                      "Plan Rows": 15363,
                                      "Plan Width": 26,
                                      "Output": [
                                        "part.p_partkey",
                                        "partsupp.ps_supplycost",
                                        "partsupp.ps_suppkey",
                                        "partsupp.ps_partkey",
                                        "supplier.s_suppkey",
                                        "supplier.s_nationkey"
                                      ],
                                      "Inner Unique": true,
                                      "Hash Cond": "(partsupp.ps_suppkey = supplier.s_suppkey)",
                                      "Plans": [
                                        {
                                          "Node Type": "Nested Loop",
                                          "Parent Relationship": "Outer",
                                          "Parallel Aware": false,
                                          "Async Capable": false,
                                          "Join Type": "Inner",
                                          "Startup Cost": 0.42,
                                          "Total Cost": 13635.25,
                                          "Plan Rows": 15363,
                                          "Plan Width": 18,
                                          "Output": [
                                            "part.p_partkey",
                                            "partsupp.ps_supplycost",
                                            "partsupp.ps_suppkey",
                                            "partsupp.ps_partkey"
                                          ],
                                          "Inner Unique": false,
                                          "Plans": [
                                            {
                                              "Node Type": "Seq Scan",
                                              "Parent Relationship": "Outer",
                                              "Parallel Aware": true,
                                              "Async Capable": false,
                                              "Relation Name": "part",
                                              "Schema": "public",
                                              "Alias": "part",
                                              "Startup Cost": 0.0,
                                              "Total Cost": 5169.67,
                                              "Plan Rows": 3841,
                                              "Plan Width": 4,
                                              "Output": [
                                                "part.p_partkey",
                                                "part.p_name",
                                                "part.p_mfgr",
                                                "part.p_brand",
                                                "part.p_type",
                                                "part.p_size",
                                                "part.p_container",
                                                "part.p_retailprice",
                                                "part.p_comment"
                                              ],
                                              "Filter": "((part.p_name)::text ~~ '%navajo%'::text)"
                                            },
                                            {
                                              "Node Type": "Index Scan",
                                              "Parent Relationship": "Inner",
                                              "Parallel Aware": false,
                                              "Async Capable": false,
                                              "Scan Direction": "Forward",
                                              "Index Name": "partsupp_pkey",
                                              "Relation Name": "partsupp",
                                              "Schema": "public",
                                              "Alias": "partsupp",
                                              "Startup Cost": 0.42,
                                              "Total Cost": 2.16,
                                              "Plan Rows": 4,
                                              "Plan Width": 14,
                                              "Output": [
                                                "partsupp.ps_partkey",
                                                "partsupp.ps_suppkey",
                                                "partsupp.ps_availqty",
                                                "partsupp.ps_supplycost",
                                                "partsupp.ps_comment"
                                              ],
                                              "Index Cond": "(partsupp.ps_partkey = part.p_partkey)"
                                            }
                                          ]
                                        },
                                        {
                                          "Node Type": "Hash",
                                          "Parent Relationship": "Inner",
                                          "Parallel Aware": false,
                                          "Async Capable": false,
                                          "Startup Cost": 323.0,
                                          "Total Cost": 323.0,
                                          "Plan Rows": 10000,
                                          "Plan Width": 8,
                                          "Output": [
                                            "supplier.s_suppkey",
                                            "supplier.s_nationkey"
                                          ],
                                          "Plans": [
                                            {
                                              "Node Type": "Seq Scan",
                                              "Parent Relationship": "Outer",
                                              "Parallel Aware": false,
                                              "Async Capable": false,
                                              "Relation Name": "supplier",
                                              "Schema": "public",
                                              "Alias": "supplier",
                                              "Startup Cost": 0.0,
                                              "Total Cost": 323.0,
                                              "Plan Rows": 10000,
                                              "Plan Width": 8,
                                              "Output": [
                                                "supplier.s_suppkey",
                                                "supplier.s_nationkey"
                                              ]
                                            }
                                          ]
                                        }
                                      ]
                                    },
                                    {
                                      "Node Type": "Hash",
                                      "Parent Relationship": "Inner",
                                      "Parallel Aware": false,
                                      "Async Capable": false,
                                      "Startup Cost": 1.25,
                                      "Total Cost": 1.25,
                                      "Plan Rows": 25,
                                      "Plan Width": 108,
                                      "Output": [
                                        "nation.n_name",
                                        "nation.n_nationkey"
                                      ],
                                      "Plans": [
                                        {
                                          "Node Type": "Seq Scan",
                                          "Parent Relationship": "Outer",
                                          "Parallel Aware": false,
                                          "Async Capable": false,
                                          "Relation Name": "nation",
                                          "Schema": "public",
                                          "Alias": "nation",
                                          "Startup Cost": 0.0,
                                          "Total Cost": 1.25,
                                          "Plan Rows": 25,
                                          "Plan Width": 108,
                                          "Output": [
                                            "nation.n_name",
                                            "nation.n_nationkey"
                                          ]
                                        }
                                      ]
                                    }
                                  ]
                                }
                              ]
                            }
                          ]
                        },
                        {
                          "Node Type": "Index Scan",
                          "Parent Relationship": "Inner",
                          "Parallel Aware": false,
                          "Async Capable": false,
                          "Scan Direction": "Forward",
                          "Index Name": "orders_pkey",
                          "Relation Name": "orders",
                          "Schema": "public",
                          "Alias": "orders",
                          "Startup Cost": 0.43,
                          "Total Cost": 0.45,
                          "Plan Rows": 1,
                          "Plan Width": 8,
                          "Output": [
                            "orders.o_orderkey",
                            "orders.o_custkey",
                            "orders.o_orderstatus",
                            "orders.o_totalprice",
                            "orders.o_orderdate",
                            "orders.o_orderpriority",
                            "orders.o_clerk",
                            "orders.o_shippriority",
                            "orders.o_comment"
                          ],
                          "Index Cond": "(orders.o_orderkey = lineitem.l_orderkey)"
                        }
                      ]
                    }
                  ]
                }
              ]
            }
          ]
        }
      ]
    },
    "JIT": {
      "Functions": 43,
      "Options": {
        "Inlining": false,
        "Optimization": false,
        "Expressions": true,
        "Deforming": true
      }
    }
  }
]
```

---

## 52. Q9_147_seed_1197788526.sql

**File Path:** `/Users/brunowinter2000/Documents/Thesis/2025_2026/Plan-Level/Generated_Queries/Q9/Q9_147_seed_1197788526.sql`

### EXPLAIN JSON

```json
[
  {
    "Plan": {
      "Node Type": "Sort",
      "Parallel Aware": false,
      "Async Capable": false,
      "Startup Cost": 198315.93,
      "Total Cost": 198466.3,
      "Plan Rows": 60150,
      "Plan Width": 168,
      "Output": [
        "nation.n_name",
        "(EXTRACT(year FROM orders.o_orderdate))",
        "(sum(((lineitem.l_extendedprice * ('1'::numeric - lineitem.l_discount)) - (partsupp.ps_supplycost * lineitem.l_quantity))))"
      ],
      "Sort Key": [
        "nation.n_name",
        "(EXTRACT(year FROM orders.o_orderdate)) DESC"
      ],
      "Plans": [
        {
          "Node Type": "Aggregate",
          "Strategy": "Hashed",
          "Partial Mode": "Finalize",
          "Parent Relationship": "Outer",
          "Parallel Aware": false,
          "Async Capable": false,
          "Startup Cost": 192638.89,
          "Total Cost": 193541.14,
          "Plan Rows": 60150,
          "Plan Width": 168,
          "Output": [
            "nation.n_name",
            "(EXTRACT(year FROM orders.o_orderdate))",
            "sum(((lineitem.l_extendedprice * ('1'::numeric - lineitem.l_discount)) - (partsupp.ps_supplycost * lineitem.l_quantity)))"
          ],
          "Group Key": [
            "nation.n_name",
            "(EXTRACT(year FROM orders.o_orderdate))"
          ],
          "Planned Partitions": 0,
          "Plans": [
            {
              "Node Type": "Gather",
              "Parent Relationship": "Outer",
              "Parallel Aware": false,
              "Async Capable": false,
              "Startup Cost": 168178.34,
              "Total Cost": 190474.24,
              "Plan Rows": 216465,
              "Plan Width": 168,
              "Output": [
                "nation.n_name",
                "(EXTRACT(year FROM orders.o_orderdate))",
                "(PARTIAL sum(((lineitem.l_extendedprice * ('1'::numeric - lineitem.l_discount)) - (partsupp.ps_supplycost * lineitem.l_quantity))))"
              ],
              "Workers Planned": 5,
              "Single Copy": false,
              "Plans": [
                {
                  "Node Type": "Aggregate",
                  "Strategy": "Hashed",
                  "Partial Mode": "Partial",
                  "Parent Relationship": "Outer",
                  "Parallel Aware": false,
                  "Async Capable": false,
                  "Startup Cost": 167178.34,
                  "Total Cost": 167827.74,
                  "Plan Rows": 43293,
                  "Plan Width": 168,
                  "Output": [
                    "nation.n_name",
                    "(EXTRACT(year FROM orders.o_orderdate))",
                    "PARTIAL sum(((lineitem.l_extendedprice * ('1'::numeric - lineitem.l_discount)) - (partsupp.ps_supplycost * lineitem.l_quantity)))"
                  ],
                  "Group Key": [
                    "nation.n_name",
                    "EXTRACT(year FROM orders.o_orderdate)"
                  ],
                  "Planned Partitions": 0,
                  "Plans": [
                    {
                      "Node Type": "Nested Loop",
                      "Parent Relationship": "Outer",
                      "Parallel Aware": false,
                      "Async Capable": false,
                      "Join Type": "Inner",
                      "Startup Cost": 13203.14,
                      "Total Cost": 166420.72,
                      "Plan Rows": 43293,
                      "Plan Width": 159,
                      "Output": [
                        "nation.n_name",
                        "EXTRACT(year FROM orders.o_orderdate)",
                        "lineitem.l_extendedprice",
                        "lineitem.l_discount",
                        "partsupp.ps_supplycost",
                        "lineitem.l_quantity"
                      ],
                      "Inner Unique": true,
                      "Plans": [
                        {
                          "Node Type": "Hash Join",
                          "Parent Relationship": "Outer",
                          "Parallel Aware": true,
                          "Async Capable": false,
                          "Join Type": "Inner",
                          "Startup Cost": 13202.71,
                          "Total Cost": 146807.04,
                          "Plan Rows": 43293,
                          "Plan Width": 131,
                          "Output": [
                            "lineitem.l_extendedprice",
                            "lineitem.l_discount",
                            "lineitem.l_quantity",
                            "lineitem.l_orderkey",
                            "partsupp.ps_supplycost",
                            "nation.n_name"
                          ],
                          "Inner Unique": false,
                          "Hash Cond": "((lineitem.l_suppkey = supplier.s_suppkey) AND (lineitem.l_partkey = partsupp.ps_partkey))",
                          "Plans": [
                            {
                              "Node Type": "Seq Scan",
                              "Parent Relationship": "Outer",
                              "Parallel Aware": true,
                              "Async Capable": false,
                              "Relation Name": "lineitem",
                              "Schema": "public",
                              "Alias": "lineitem",
                              "Startup Cost": 0.0,
                              "Total Cost": 124602.43,
                              "Plan Rows": 1200243,
                              "Plan Width": 29,
                              "Output": [
                                "lineitem.l_orderkey",
                                "lineitem.l_partkey",
                                "lineitem.l_suppkey",
                                "lineitem.l_linenumber",
                                "lineitem.l_quantity",
                                "lineitem.l_extendedprice",
                                "lineitem.l_discount",
                                "lineitem.l_tax",
                                "lineitem.l_returnflag",
                                "lineitem.l_linestatus",
                                "lineitem.l_shipdate",
                                "lineitem.l_commitdate",
                                "lineitem.l_receiptdate",
                                "lineitem.l_shipinstruct",
                                "lineitem.l_shipmode",
                                "lineitem.l_comment"
                              ]
                            },
                            {
                              "Node Type": "Hash",
                              "Parent Relationship": "Inner",
                              "Parallel Aware": true,
                              "Async Capable": false,
                              "Startup Cost": 13022.37,
                              "Total Cost": 13022.37,
                              "Plan Rows": 12023,
                              "Plan Width": 126,
                              "Output": [
                                "part.p_partkey",
                                "partsupp.ps_supplycost",
                                "partsupp.ps_suppkey",
                                "partsupp.ps_partkey",
                                "supplier.s_suppkey",
                                "nation.n_name"
                              ],
                              "Plans": [
                                {
                                  "Node Type": "Hash Join",
                                  "Parent Relationship": "Outer",
                                  "Parallel Aware": false,
                                  "Async Capable": false,
                                  "Join Type": "Inner",
                                  "Startup Cost": 449.99,
                                  "Total Cost": 13022.37,
                                  "Plan Rows": 12023,
                                  "Plan Width": 126,
                                  "Output": [
                                    "part.p_partkey",
                                    "partsupp.ps_supplycost",
                                    "partsupp.ps_suppkey",
                                    "partsupp.ps_partkey",
                                    "supplier.s_suppkey",
                                    "nation.n_name"
                                  ],
                                  "Inner Unique": true,
                                  "Hash Cond": "(supplier.s_nationkey = nation.n_nationkey)",
                                  "Plans": [
                                    {
                                      "Node Type": "Hash Join",
                                      "Parent Relationship": "Outer",
                                      "Parallel Aware": false,
                                      "Async Capable": false,
                                      "Join Type": "Inner",
                                      "Startup Cost": 448.43,
                                      "Total Cost": 12983.89,
                                      "Plan Rows": 12023,
                                      "Plan Width": 26,
                                      "Output": [
                                        "part.p_partkey",
                                        "partsupp.ps_supplycost",
                                        "partsupp.ps_suppkey",
                                        "partsupp.ps_partkey",
                                        "supplier.s_suppkey",
                                        "supplier.s_nationkey"
                                      ],
                                      "Inner Unique": true,
                                      "Hash Cond": "(partsupp.ps_suppkey = supplier.s_suppkey)",
                                      "Plans": [
                                        {
                                          "Node Type": "Nested Loop",
                                          "Parent Relationship": "Outer",
                                          "Parallel Aware": false,
                                          "Async Capable": false,
                                          "Join Type": "Inner",
                                          "Startup Cost": 0.42,
                                          "Total Cost": 12504.32,
                                          "Plan Rows": 12023,
                                          "Plan Width": 18,
                                          "Output": [
                                            "part.p_partkey",
                                            "partsupp.ps_supplycost",
                                            "partsupp.ps_suppkey",
                                            "partsupp.ps_partkey"
                                          ],
                                          "Inner Unique": false,
                                          "Plans": [
                                            {
                                              "Node Type": "Seq Scan",
                                              "Parent Relationship": "Outer",
                                              "Parallel Aware": true,
                                              "Async Capable": false,
                                              "Relation Name": "part",
                                              "Schema": "public",
                                              "Alias": "part",
                                              "Startup Cost": 0.0,
                                              "Total Cost": 5169.67,
                                              "Plan Rows": 3006,
                                              "Plan Width": 4,
                                              "Output": [
                                                "part.p_partkey",
                                                "part.p_name",
                                                "part.p_mfgr",
                                                "part.p_brand",
                                                "part.p_type",
                                                "part.p_size",
                                                "part.p_container",
                                                "part.p_retailprice",
                                                "part.p_comment"
                                              ],
                                              "Filter": "((part.p_name)::text ~~ '%blue%'::text)"
                                            },
                                            {
                                              "Node Type": "Index Scan",
                                              "Parent Relationship": "Inner",
                                              "Parallel Aware": false,
                                              "Async Capable": false,
                                              "Scan Direction": "Forward",
                                              "Index Name": "partsupp_pkey",
                                              "Relation Name": "partsupp",
                                              "Schema": "public",
                                              "Alias": "partsupp",
                                              "Startup Cost": 0.42,
                                              "Total Cost": 2.4,
                                              "Plan Rows": 4,
                                              "Plan Width": 14,
                                              "Output": [
                                                "partsupp.ps_partkey",
                                                "partsupp.ps_suppkey",
                                                "partsupp.ps_availqty",
                                                "partsupp.ps_supplycost",
                                                "partsupp.ps_comment"
                                              ],
                                              "Index Cond": "(partsupp.ps_partkey = part.p_partkey)"
                                            }
                                          ]
                                        },
                                        {
                                          "Node Type": "Hash",
                                          "Parent Relationship": "Inner",
                                          "Parallel Aware": false,
                                          "Async Capable": false,
                                          "Startup Cost": 323.0,
                                          "Total Cost": 323.0,
                                          "Plan Rows": 10000,
                                          "Plan Width": 8,
                                          "Output": [
                                            "supplier.s_suppkey",
                                            "supplier.s_nationkey"
                                          ],
                                          "Plans": [
                                            {
                                              "Node Type": "Seq Scan",
                                              "Parent Relationship": "Outer",
                                              "Parallel Aware": false,
                                              "Async Capable": false,
                                              "Relation Name": "supplier",
                                              "Schema": "public",
                                              "Alias": "supplier",
                                              "Startup Cost": 0.0,
                                              "Total Cost": 323.0,
                                              "Plan Rows": 10000,
                                              "Plan Width": 8,
                                              "Output": [
                                                "supplier.s_suppkey",
                                                "supplier.s_nationkey"
                                              ]
                                            }
                                          ]
                                        }
                                      ]
                                    },
                                    {
                                      "Node Type": "Hash",
                                      "Parent Relationship": "Inner",
                                      "Parallel Aware": false,
                                      "Async Capable": false,
                                      "Startup Cost": 1.25,
                                      "Total Cost": 1.25,
                                      "Plan Rows": 25,
                                      "Plan Width": 108,
                                      "Output": [
                                        "nation.n_name",
                                        "nation.n_nationkey"
                                      ],
                                      "Plans": [
                                        {
                                          "Node Type": "Seq Scan",
                                          "Parent Relationship": "Outer",
                                          "Parallel Aware": false,
                                          "Async Capable": false,
                                          "Relation Name": "nation",
                                          "Schema": "public",
                                          "Alias": "nation",
                                          "Startup Cost": 0.0,
                                          "Total Cost": 1.25,
                                          "Plan Rows": 25,
                                          "Plan Width": 108,
                                          "Output": [
                                            "nation.n_name",
                                            "nation.n_nationkey"
                                          ]
                                        }
                                      ]
                                    }
                                  ]
                                }
                              ]
                            }
                          ]
                        },
                        {
                          "Node Type": "Index Scan",
                          "Parent Relationship": "Inner",
                          "Parallel Aware": false,
                          "Async Capable": false,
                          "Scan Direction": "Forward",
                          "Index Name": "orders_pkey",
                          "Relation Name": "orders",
                          "Schema": "public",
                          "Alias": "orders",
                          "Startup Cost": 0.43,
                          "Total Cost": 0.45,
                          "Plan Rows": 1,
                          "Plan Width": 8,
                          "Output": [
                            "orders.o_orderkey",
                            "orders.o_custkey",
                            "orders.o_orderstatus",
                            "orders.o_totalprice",
                            "orders.o_orderdate",
                            "orders.o_orderpriority",
                            "orders.o_clerk",
                            "orders.o_shippriority",
                            "orders.o_comment"
                          ],
                          "Index Cond": "(orders.o_orderkey = lineitem.l_orderkey)"
                        }
                      ]
                    }
                  ]
                }
              ]
            }
          ]
        }
      ]
    },
    "JIT": {
      "Functions": 43,
      "Options": {
        "Inlining": false,
        "Optimization": false,
        "Expressions": true,
        "Deforming": true
      }
    }
  }
]
```

---

## 53. Q9_148_seed_1205992557.sql

**File Path:** `/Users/brunowinter2000/Documents/Thesis/2025_2026/Plan-Level/Generated_Queries/Q9/Q9_148_seed_1205992557.sql`

### EXPLAIN JSON

```json
[
  {
    "Plan": {
      "Node Type": "Sort",
      "Parallel Aware": false,
      "Async Capable": false,
      "Startup Cost": 213386.21,
      "Total Cost": 213536.59,
      "Plan Rows": 60150,
      "Plan Width": 168,
      "Output": [
        "nation.n_name",
        "(EXTRACT(year FROM orders.o_orderdate))",
        "(sum(((lineitem.l_extendedprice * ('1'::numeric - lineitem.l_discount)) - (partsupp.ps_supplycost * lineitem.l_quantity))))"
      ],
      "Sort Key": [
        "nation.n_name",
        "(EXTRACT(year FROM orders.o_orderdate)) DESC"
      ],
      "Plans": [
        {
          "Node Type": "Aggregate",
          "Strategy": "Hashed",
          "Partial Mode": "Finalize",
          "Parent Relationship": "Outer",
          "Parallel Aware": false,
          "Async Capable": false,
          "Startup Cost": 207709.17,
          "Total Cost": 208611.42,
          "Plan Rows": 60150,
          "Plan Width": 168,
          "Output": [
            "nation.n_name",
            "(EXTRACT(year FROM orders.o_orderdate))",
            "sum(((lineitem.l_extendedprice * ('1'::numeric - lineitem.l_discount)) - (partsupp.ps_supplycost * lineitem.l_quantity)))"
          ],
          "Group Key": [
            "nation.n_name",
            "(EXTRACT(year FROM orders.o_orderdate))"
          ],
          "Planned Partitions": 0,
          "Plans": [
            {
              "Node Type": "Gather",
              "Parent Relationship": "Outer",
              "Parallel Aware": false,
              "Async Capable": false,
              "Startup Cost": 186957.42,
              "Total Cost": 205904.67,
              "Plan Rows": 180450,
              "Plan Width": 168,
              "Output": [
                "nation.n_name",
                "(EXTRACT(year FROM orders.o_orderdate))",
                "(PARTIAL sum(((lineitem.l_extendedprice * ('1'::numeric - lineitem.l_discount)) - (partsupp.ps_supplycost * lineitem.l_quantity))))"
              ],
              "Workers Planned": 3,
              "Single Copy": false,
              "Plans": [
                {
                  "Node Type": "Aggregate",
                  "Strategy": "Hashed",
                  "Partial Mode": "Partial",
                  "Parent Relationship": "Outer",
                  "Parallel Aware": false,
                  "Async Capable": false,
                  "Startup Cost": 185957.42,
                  "Total Cost": 186859.67,
                  "Plan Rows": 60150,
                  "Plan Width": 168,
                  "Output": [
                    "nation.n_name",
                    "(EXTRACT(year FROM orders.o_orderdate))",
                    "PARTIAL sum(((lineitem.l_extendedprice * ('1'::numeric - lineitem.l_discount)) - (partsupp.ps_supplycost * lineitem.l_quantity)))"
                  ],
                  "Group Key": [
                    "nation.n_name",
                    "EXTRACT(year FROM orders.o_orderdate)"
                  ],
                  "Planned Partitions": 0,
                  "Plans": [
                    {
                      "Node Type": "Hash Join",
                      "Parent Relationship": "Outer",
                      "Parallel Aware": true,
                      "Async Capable": false,
                      "Join Type": "Inner",
                      "Startup Cost": 150436.94,
                      "Total Cost": 183784.83,
                      "Plan Rows": 124148,
                      "Plan Width": 159,
                      "Output": [
                        "nation.n_name",
                        "EXTRACT(year FROM orders.o_orderdate)",
                        "lineitem.l_extendedprice",
                        "lineitem.l_discount",
                        "partsupp.ps_supplycost",
                        "lineitem.l_quantity"
                      ],
                      "Inner Unique": false,
                      "Hash Cond": "(orders.o_orderkey = lineitem.l_orderkey)",
                      "Plans": [
                        {
                          "Node Type": "Seq Scan",
                          "Parent Relationship": "Outer",
                          "Parallel Aware": true,
                          "Async Capable": false,
                          "Relation Name": "orders",
                          "Schema": "public",
                          "Alias": "orders",
                          "Startup Cost": 0.0,
                          "Total Cost": 30974.71,
                          "Plan Rows": 483871,
                          "Plan Width": 8,
                          "Output": [
                            "orders.o_orderkey",
                            "orders.o_custkey",
                            "orders.o_orderstatus",
                            "orders.o_totalprice",
                            "orders.o_orderdate",
                            "orders.o_orderpriority",
                            "orders.o_clerk",
                            "orders.o_shippriority",
                            "orders.o_comment"
                          ]
                        },
                        {
                          "Node Type": "Hash",
                          "Parent Relationship": "Inner",
                          "Parallel Aware": true,
                          "Async Capable": false,
                          "Startup Cost": 149474.79,
                          "Total Cost": 149474.79,
                          "Plan Rows": 76972,
                          "Plan Width": 131,
                          "Output": [
                            "lineitem.l_extendedprice",
                            "lineitem.l_discount",
                            "lineitem.l_quantity",
                            "lineitem.l_orderkey",
                            "partsupp.ps_supplycost",
                            "nation.n_name"
                          ],
                          "Plans": [
                            {
                              "Node Type": "Hash Join",
                              "Parent Relationship": "Outer",
                              "Parallel Aware": true,
                              "Async Capable": false,
                              "Join Type": "Inner",
                              "Startup Cost": 15870.41,
                              "Total Cost": 149474.79,
                              "Plan Rows": 76972,
                              "Plan Width": 131,
                              "Output": [
                                "lineitem.l_extendedprice",
                                "lineitem.l_discount",
                                "lineitem.l_quantity",
                                "lineitem.l_orderkey",
                                "partsupp.ps_supplycost",
                                "nation.n_name"
                              ],
                              "Inner Unique": false,
                              "Hash Cond": "((lineitem.l_suppkey = supplier.s_suppkey) AND (lineitem.l_partkey = partsupp.ps_partkey))",
                              "Plans": [
                                {
                                  "Node Type": "Seq Scan",
                                  "Parent Relationship": "Outer",
                                  "Parallel Aware": true,
                                  "Async Capable": false,
                                  "Relation Name": "lineitem",
                                  "Schema": "public",
                                  "Alias": "lineitem",
                                  "Startup Cost": 0.0,
                                  "Total Cost": 124602.43,
                                  "Plan Rows": 1200243,
                                  "Plan Width": 29,
                                  "Output": [
                                    "lineitem.l_orderkey",
                                    "lineitem.l_partkey",
                                    "lineitem.l_suppkey",
                                    "lineitem.l_linenumber",
                                    "lineitem.l_quantity",
                                    "lineitem.l_extendedprice",
                                    "lineitem.l_discount",
                                    "lineitem.l_tax",
                                    "lineitem.l_returnflag",
                                    "lineitem.l_linestatus",
                                    "lineitem.l_shipdate",
                                    "lineitem.l_commitdate",
                                    "lineitem.l_receiptdate",
                                    "lineitem.l_shipinstruct",
                                    "lineitem.l_shipmode",
                                    "lineitem.l_comment"
                                  ]
                                },
                                {
                                  "Node Type": "Hash",
                                  "Parent Relationship": "Inner",
                                  "Parallel Aware": true,
                                  "Async Capable": false,
                                  "Startup Cost": 15549.75,
                                  "Total Cost": 15549.75,
                                  "Plan Rows": 21377,
                                  "Plan Width": 126,
                                  "Output": [
                                    "part.p_partkey",
                                    "partsupp.ps_supplycost",
                                    "partsupp.ps_suppkey",
                                    "partsupp.ps_partkey",
                                    "supplier.s_suppkey",
                                    "nation.n_name"
                                  ],
                                  "Plans": [
                                    {
                                      "Node Type": "Hash Join",
                                      "Parent Relationship": "Outer",
                                      "Parallel Aware": false,
                                      "Async Capable": false,
                                      "Join Type": "Inner",
                                      "Startup Cost": 449.99,
                                      "Total Cost": 15549.75,
                                      "Plan Rows": 21377,
                                      "Plan Width": 126,
                                      "Output": [
                                        "part.p_partkey",
                                        "partsupp.ps_supplycost",
                                        "partsupp.ps_suppkey",
                                        "partsupp.ps_partkey",
                                        "supplier.s_suppkey",
                                        "nation.n_name"
                                      ],
                                      "Inner Unique": true,
                                      "Hash Cond": "(supplier.s_nationkey = nation.n_nationkey)",
                                      "Plans": [
                                        {
                                          "Node Type": "Hash Join",
                                          "Parent Relationship": "Outer",
                                          "Parallel Aware": false,
                                          "Async Capable": false,
                                          "Join Type": "Inner",
                                          "Startup Cost": 448.43,
                                          "Total Cost": 15482.56,
                                          "Plan Rows": 21377,
                                          "Plan Width": 26,
                                          "Output": [
                                            "part.p_partkey",
                                            "partsupp.ps_supplycost",
                                            "partsupp.ps_suppkey",
                                            "partsupp.ps_partkey",
                                            "supplier.s_suppkey",
                                            "supplier.s_nationkey"
                                          ],
                                          "Inner Unique": true,
                                          "Hash Cond": "(partsupp.ps_suppkey = supplier.s_suppkey)",
                                          "Plans": [
                                            {
                                              "Node Type": "Nested Loop",
                                              "Parent Relationship": "Outer",
                                              "Parallel Aware": false,
                                              "Async Capable": false,
                                              "Join Type": "Inner",
                                              "Startup Cost": 0.42,
                                              "Total Cost": 14978.42,
                                              "Plan Rows": 21377,
                                              "Plan Width": 18,
                                              "Output": [
                                                "part.p_partkey",
                                                "partsupp.ps_supplycost",
                                                "partsupp.ps_suppkey",
                                                "partsupp.ps_partkey"
                                              ],
                                              "Inner Unique": false,
                                              "Plans": [
                                                {
                                                  "Node Type": "Seq Scan",
                                                  "Parent Relationship": "Outer",
                                                  "Parallel Aware": true,
                                                  "Async Capable": false,
                                                  "Relation Name": "part",
                                                  "Schema": "public",
                                                  "Alias": "part",
                                                  "Startup Cost": 0.0,
                                                  "Total Cost": 5169.67,
                                                  "Plan Rows": 5344,
                                                  "Plan Width": 4,
                                                  "Output": [
                                                    "part.p_partkey",
                                                    "part.p_name",
                                                    "part.p_mfgr",
                                                    "part.p_brand",
                                                    "part.p_type",
                                                    "part.p_size",
                                                    "part.p_container",
                                                    "part.p_retailprice",
                                                    "part.p_comment"
                                                  ],
                                                  "Filter": "((part.p_name)::text ~~ '%misty%'::text)"
                                                },
                                                {
                                                  "Node Type": "Index Scan",
                                                  "Parent Relationship": "Inner",
                                                  "Parallel Aware": false,
                                                  "Async Capable": false,
                                                  "Scan Direction": "Forward",
                                                  "Index Name": "partsupp_pkey",
                                                  "Relation Name": "partsupp",
                                                  "Schema": "public",
                                                  "Alias": "partsupp",
                                                  "Startup Cost": 0.42,
                                                  "Total Cost": 1.8,
                                                  "Plan Rows": 4,
                                                  "Plan Width": 14,
                                                  "Output": [
                                                    "partsupp.ps_partkey",
                                                    "partsupp.ps_suppkey",
                                                    "partsupp.ps_availqty",
                                                    "partsupp.ps_supplycost",
                                                    "partsupp.ps_comment"
                                                  ],
                                                  "Index Cond": "(partsupp.ps_partkey = part.p_partkey)"
                                                }
                                              ]
                                            },
                                            {
                                              "Node Type": "Hash",
                                              "Parent Relationship": "Inner",
                                              "Parallel Aware": false,
                                              "Async Capable": false,
                                              "Startup Cost": 323.0,
                                              "Total Cost": 323.0,
                                              "Plan Rows": 10000,
                                              "Plan Width": 8,
                                              "Output": [
                                                "supplier.s_suppkey",
                                                "supplier.s_nationkey"
                                              ],
                                              "Plans": [
                                                {
                                                  "Node Type": "Seq Scan",
                                                  "Parent Relationship": "Outer",
                                                  "Parallel Aware": false,
                                                  "Async Capable": false,
                                                  "Relation Name": "supplier",
                                                  "Schema": "public",
                                                  "Alias": "supplier",
                                                  "Startup Cost": 0.0,
                                                  "Total Cost": 323.0,
                                                  "Plan Rows": 10000,
                                                  "Plan Width": 8,
                                                  "Output": [
                                                    "supplier.s_suppkey",
                                                    "supplier.s_nationkey"
                                                  ]
                                                }
                                              ]
                                            }
                                          ]
                                        },
                                        {
                                          "Node Type": "Hash",
                                          "Parent Relationship": "Inner",
                                          "Parallel Aware": false,
                                          "Async Capable": false,
                                          "Startup Cost": 1.25,
                                          "Total Cost": 1.25,
                                          "Plan Rows": 25,
                                          "Plan Width": 108,
                                          "Output": [
                                            "nation.n_name",
                                            "nation.n_nationkey"
                                          ],
                                          "Plans": [
                                            {
                                              "Node Type": "Seq Scan",
                                              "Parent Relationship": "Outer",
                                              "Parallel Aware": false,
                                              "Async Capable": false,
                                              "Relation Name": "nation",
                                              "Schema": "public",
                                              "Alias": "nation",
                                              "Startup Cost": 0.0,
                                              "Total Cost": 1.25,
                                              "Plan Rows": 25,
                                              "Plan Width": 108,
                                              "Output": [
                                                "nation.n_name",
                                                "nation.n_nationkey"
                                              ]
                                            }
                                          ]
                                        }
                                      ]
                                    }
                                  ]
                                }
                              ]
                            }
                          ]
                        }
                      ]
                    }
                  ]
                }
              ]
            }
          ]
        }
      ]
    },
    "JIT": {
      "Functions": 48,
      "Options": {
        "Inlining": false,
        "Optimization": false,
        "Expressions": true,
        "Deforming": true
      }
    }
  }
]
```

---

## 54. Q9_149_seed_1214196588.sql

**File Path:** `/Users/brunowinter2000/Documents/Thesis/2025_2026/Plan-Level/Generated_Queries/Q9/Q9_149_seed_1214196588.sql`

### EXPLAIN JSON

```json
[
  {
    "Plan": {
      "Node Type": "Sort",
      "Parallel Aware": false,
      "Async Capable": false,
      "Startup Cost": 217286.99,
      "Total Cost": 217437.37,
      "Plan Rows": 60150,
      "Plan Width": 168,
      "Output": [
        "nation.n_name",
        "(EXTRACT(year FROM orders.o_orderdate))",
        "(sum(((lineitem.l_extendedprice * ('1'::numeric - lineitem.l_discount)) - (partsupp.ps_supplycost * lineitem.l_quantity))))"
      ],
      "Sort Key": [
        "nation.n_name",
        "(EXTRACT(year FROM orders.o_orderdate)) DESC"
      ],
      "Plans": [
        {
          "Node Type": "Aggregate",
          "Strategy": "Hashed",
          "Partial Mode": "Finalize",
          "Parent Relationship": "Outer",
          "Parallel Aware": false,
          "Async Capable": false,
          "Startup Cost": 211609.95,
          "Total Cost": 212512.2,
          "Plan Rows": 60150,
          "Plan Width": 168,
          "Output": [
            "nation.n_name",
            "(EXTRACT(year FROM orders.o_orderdate))",
            "sum(((lineitem.l_extendedprice * ('1'::numeric - lineitem.l_discount)) - (partsupp.ps_supplycost * lineitem.l_quantity)))"
          ],
          "Group Key": [
            "nation.n_name",
            "(EXTRACT(year FROM orders.o_orderdate))"
          ],
          "Planned Partitions": 0,
          "Plans": [
            {
              "Node Type": "Gather",
              "Parent Relationship": "Outer",
              "Parallel Aware": false,
              "Async Capable": false,
              "Startup Cost": 177635.37,
              "Total Cost": 208603.35,
              "Plan Rows": 300660,
              "Plan Width": 168,
              "Output": [
                "nation.n_name",
                "(EXTRACT(year FROM orders.o_orderdate))",
                "(PARTIAL sum(((lineitem.l_extendedprice * ('1'::numeric - lineitem.l_discount)) - (partsupp.ps_supplycost * lineitem.l_quantity))))"
              ],
              "Workers Planned": 5,
              "Single Copy": false,
              "Plans": [
                {
                  "Node Type": "Aggregate",
                  "Strategy": "Hashed",
                  "Partial Mode": "Partial",
                  "Parent Relationship": "Outer",
                  "Parallel Aware": false,
                  "Async Capable": false,
                  "Startup Cost": 176635.37,
                  "Total Cost": 177537.35,
                  "Plan Rows": 60132,
                  "Plan Width": 168,
                  "Output": [
                    "nation.n_name",
                    "(EXTRACT(year FROM orders.o_orderdate))",
                    "PARTIAL sum(((lineitem.l_extendedprice * ('1'::numeric - lineitem.l_discount)) - (partsupp.ps_supplycost * lineitem.l_quantity)))"
                  ],
                  "Group Key": [
                    "nation.n_name",
                    "EXTRACT(year FROM orders.o_orderdate)"
                  ],
                  "Planned Partitions": 0,
                  "Plans": [
                    {
                      "Node Type": "Nested Loop",
                      "Parent Relationship": "Outer",
                      "Parallel Aware": false,
                      "Async Capable": false,
                      "Join Type": "Inner",
                      "Startup Cost": 14736.63,
                      "Total Cost": 175583.06,
                      "Plan Rows": 60132,
                      "Plan Width": 159,
                      "Output": [
                        "nation.n_name",
                        "EXTRACT(year FROM orders.o_orderdate)",
                        "lineitem.l_extendedprice",
                        "lineitem.l_discount",
                        "partsupp.ps_supplycost",
                        "lineitem.l_quantity"
                      ],
                      "Inner Unique": true,
                      "Plans": [
                        {
                          "Node Type": "Hash Join",
                          "Parent Relationship": "Outer",
                          "Parallel Aware": true,
                          "Async Capable": false,
                          "Join Type": "Inner",
                          "Startup Cost": 14736.2,
                          "Total Cost": 148340.56,
                          "Plan Rows": 60132,
                          "Plan Width": 131,
                          "Output": [
                            "lineitem.l_extendedprice",
                            "lineitem.l_discount",
                            "lineitem.l_quantity",
                            "lineitem.l_orderkey",
                            "partsupp.ps_supplycost",
                            "nation.n_name"
                          ],
                          "Inner Unique": false,
                          "Hash Cond": "((lineitem.l_suppkey = supplier.s_suppkey) AND (lineitem.l_partkey = partsupp.ps_partkey))",
                          "Plans": [
                            {
                              "Node Type": "Seq Scan",
                              "Parent Relationship": "Outer",
                              "Parallel Aware": true,
                              "Async Capable": false,
                              "Relation Name": "lineitem",
                              "Schema": "public",
                              "Alias": "lineitem",
                              "Startup Cost": 0.0,
                              "Total Cost": 124602.43,
                              "Plan Rows": 1200243,
                              "Plan Width": 29,
                              "Output": [
                                "lineitem.l_orderkey",
                                "lineitem.l_partkey",
                                "lineitem.l_suppkey",
                                "lineitem.l_linenumber",
                                "lineitem.l_quantity",
                                "lineitem.l_extendedprice",
                                "lineitem.l_discount",
                                "lineitem.l_tax",
                                "lineitem.l_returnflag",
                                "lineitem.l_linestatus",
                                "lineitem.l_shipdate",
                                "lineitem.l_commitdate",
                                "lineitem.l_receiptdate",
                                "lineitem.l_shipinstruct",
                                "lineitem.l_shipmode",
                                "lineitem.l_comment"
                              ]
                            },
                            {
                              "Node Type": "Hash",
                              "Parent Relationship": "Inner",
                              "Parallel Aware": true,
                              "Async Capable": false,
                              "Startup Cost": 14485.7,
                              "Total Cost": 14485.7,
                              "Plan Rows": 16700,
                              "Plan Width": 126,
                              "Output": [
                                "part.p_partkey",
                                "partsupp.ps_supplycost",
                                "partsupp.ps_suppkey",
                                "partsupp.ps_partkey",
                                "supplier.s_suppkey",
                                "nation.n_name"
                              ],
                              "Plans": [
                                {
                                  "Node Type": "Hash Join",
                                  "Parent Relationship": "Outer",
                                  "Parallel Aware": false,
                                  "Async Capable": false,
                                  "Join Type": "Inner",
                                  "Startup Cost": 449.99,
                                  "Total Cost": 14485.7,
                                  "Plan Rows": 16700,
                                  "Plan Width": 126,
                                  "Output": [
                                    "part.p_partkey",
                                    "partsupp.ps_supplycost",
                                    "partsupp.ps_suppkey",
                                    "partsupp.ps_partkey",
                                    "supplier.s_suppkey",
                                    "nation.n_name"
                                  ],
                                  "Inner Unique": true,
                                  "Hash Cond": "(supplier.s_nationkey = nation.n_nationkey)",
                                  "Plans": [
                                    {
                                      "Node Type": "Hash Join",
                                      "Parent Relationship": "Outer",
                                      "Parallel Aware": false,
                                      "Async Capable": false,
                                      "Join Type": "Inner",
                                      "Startup Cost": 448.43,
                                      "Total Cost": 14432.87,
                                      "Plan Rows": 16700,
                                      "Plan Width": 26,
                                      "Output": [
                                        "part.p_partkey",
                                        "partsupp.ps_supplycost",
                                        "partsupp.ps_suppkey",
                                        "partsupp.ps_partkey",
                                        "supplier.s_suppkey",
                                        "supplier.s_nationkey"
                                      ],
                                      "Inner Unique": true,
                                      "Hash Cond": "(partsupp.ps_suppkey = supplier.s_suppkey)",
                                      "Plans": [
                                        {
                                          "Node Type": "Nested Loop",
                                          "Parent Relationship": "Outer",
                                          "Parallel Aware": false,
                                          "Async Capable": false,
                                          "Join Type": "Inner",
                                          "Startup Cost": 0.42,
                                          "Total Cost": 13941.01,
                                          "Plan Rows": 16700,
                                          "Plan Width": 18,
                                          "Output": [
                                            "part.p_partkey",
                                            "partsupp.ps_supplycost",
                                            "partsupp.ps_suppkey",
                                            "partsupp.ps_partkey"
                                          ],
                                          "Inner Unique": false,
                                          "Plans": [
                                            {
                                              "Node Type": "Seq Scan",
                                              "Parent Relationship": "Outer",
                                              "Parallel Aware": true,
                                              "Async Capable": false,
                                              "Relation Name": "part",
                                              "Schema": "public",
                                              "Alias": "part",
                                              "Startup Cost": 0.0,
                                              "Total Cost": 5169.67,
                                              "Plan Rows": 4175,
                                              "Plan Width": 4,
                                              "Output": [
                                                "part.p_partkey",
                                                "part.p_name",
                                                "part.p_mfgr",
                                                "part.p_brand",
                                                "part.p_type",
                                                "part.p_size",
                                                "part.p_container",
                                                "part.p_retailprice",
                                                "part.p_comment"
                                              ],
                                              "Filter": "((part.p_name)::text ~~ '%blanched%'::text)"
                                            },
                                            {
                                              "Node Type": "Index Scan",
                                              "Parent Relationship": "Inner",
                                              "Parallel Aware": false,
                                              "Async Capable": false,
                                              "Scan Direction": "Forward",
                                              "Index Name": "partsupp_pkey",
                                              "Relation Name": "partsupp",
                                              "Schema": "public",
                                              "Alias": "partsupp",
                                              "Startup Cost": 0.42,
                                              "Total Cost": 2.06,
                                              "Plan Rows": 4,
                                              "Plan Width": 14,
                                              "Output": [
                                                "partsupp.ps_partkey",
                                                "partsupp.ps_suppkey",
                                                "partsupp.ps_availqty",
                                                "partsupp.ps_supplycost",
                                                "partsupp.ps_comment"
                                              ],
                                              "Index Cond": "(partsupp.ps_partkey = part.p_partkey)"
                                            }
                                          ]
                                        },
                                        {
                                          "Node Type": "Hash",
                                          "Parent Relationship": "Inner",
                                          "Parallel Aware": false,
                                          "Async Capable": false,
                                          "Startup Cost": 323.0,
                                          "Total Cost": 323.0,
                                          "Plan Rows": 10000,
                                          "Plan Width": 8,
                                          "Output": [
                                            "supplier.s_suppkey",
                                            "supplier.s_nationkey"
                                          ],
                                          "Plans": [
                                            {
                                              "Node Type": "Seq Scan",
                                              "Parent Relationship": "Outer",
                                              "Parallel Aware": false,
                                              "Async Capable": false,
                                              "Relation Name": "supplier",
                                              "Schema": "public",
                                              "Alias": "supplier",
                                              "Startup Cost": 0.0,
                                              "Total Cost": 323.0,
                                              "Plan Rows": 10000,
                                              "Plan Width": 8,
                                              "Output": [
                                                "supplier.s_suppkey",
                                                "supplier.s_nationkey"
                                              ]
                                            }
                                          ]
                                        }
                                      ]
                                    },
                                    {
                                      "Node Type": "Hash",
                                      "Parent Relationship": "Inner",
                                      "Parallel Aware": false,
                                      "Async Capable": false,
                                      "Startup Cost": 1.25,
                                      "Total Cost": 1.25,
                                      "Plan Rows": 25,
                                      "Plan Width": 108,
                                      "Output": [
                                        "nation.n_name",
                                        "nation.n_nationkey"
                                      ],
                                      "Plans": [
                                        {
                                          "Node Type": "Seq Scan",
                                          "Parent Relationship": "Outer",
                                          "Parallel Aware": false,
                                          "Async Capable": false,
                                          "Relation Name": "nation",
                                          "Schema": "public",
                                          "Alias": "nation",
                                          "Startup Cost": 0.0,
                                          "Total Cost": 1.25,
                                          "Plan Rows": 25,
                                          "Plan Width": 108,
                                          "Output": [
                                            "nation.n_name",
                                            "nation.n_nationkey"
                                          ]
                                        }
                                      ]
                                    }
                                  ]
                                }
                              ]
                            }
                          ]
                        },
                        {
                          "Node Type": "Index Scan",
                          "Parent Relationship": "Inner",
                          "Parallel Aware": false,
                          "Async Capable": false,
                          "Scan Direction": "Forward",
                          "Index Name": "orders_pkey",
                          "Relation Name": "orders",
                          "Schema": "public",
                          "Alias": "orders",
                          "Startup Cost": 0.43,
                          "Total Cost": 0.45,
                          "Plan Rows": 1,
                          "Plan Width": 8,
                          "Output": [
                            "orders.o_orderkey",
                            "orders.o_custkey",
                            "orders.o_orderstatus",
                            "orders.o_totalprice",
                            "orders.o_orderdate",
                            "orders.o_orderpriority",
                            "orders.o_clerk",
                            "orders.o_shippriority",
                            "orders.o_comment"
                          ],
                          "Index Cond": "(orders.o_orderkey = lineitem.l_orderkey)"
                        }
                      ]
                    }
                  ]
                }
              ]
            }
          ]
        }
      ]
    },
    "JIT": {
      "Functions": 43,
      "Options": {
        "Inlining": false,
        "Optimization": false,
        "Expressions": true,
        "Deforming": true
      }
    }
  }
]
```

---

## 55. Q9_14_seed_106652403.sql

**File Path:** `/Users/brunowinter2000/Documents/Thesis/2025_2026/Plan-Level/Generated_Queries/Q9/Q9_14_seed_106652403.sql`

### EXPLAIN JSON

```json
[
  {
    "Plan": {
      "Node Type": "Sort",
      "Parallel Aware": false,
      "Async Capable": false,
      "Startup Cost": 203830.47,
      "Total Cost": 203980.85,
      "Plan Rows": 60150,
      "Plan Width": 168,
      "Output": [
        "nation.n_name",
        "(EXTRACT(year FROM orders.o_orderdate))",
        "(sum(((lineitem.l_extendedprice * ('1'::numeric - lineitem.l_discount)) - (partsupp.ps_supplycost * lineitem.l_quantity))))"
      ],
      "Sort Key": [
        "nation.n_name",
        "(EXTRACT(year FROM orders.o_orderdate)) DESC"
      ],
      "Plans": [
        {
          "Node Type": "Aggregate",
          "Strategy": "Hashed",
          "Partial Mode": "Finalize",
          "Parent Relationship": "Outer",
          "Parallel Aware": false,
          "Async Capable": false,
          "Startup Cost": 198153.43,
          "Total Cost": 199055.68,
          "Plan Rows": 60150,
          "Plan Width": 168,
          "Output": [
            "nation.n_name",
            "(EXTRACT(year FROM orders.o_orderdate))",
            "sum(((lineitem.l_extendedprice * ('1'::numeric - lineitem.l_discount)) - (partsupp.ps_supplycost * lineitem.l_quantity)))"
          ],
          "Group Key": [
            "nation.n_name",
            "(EXTRACT(year FROM orders.o_orderdate))"
          ],
          "Planned Partitions": 0,
          "Plans": [
            {
              "Node Type": "Gather",
              "Parent Relationship": "Outer",
              "Parallel Aware": false,
              "Async Capable": false,
              "Startup Cost": 170973.54,
              "Total Cost": 195748.13,
              "Plan Rows": 240530,
              "Plan Width": 168,
              "Output": [
                "nation.n_name",
                "(EXTRACT(year FROM orders.o_orderdate))",
                "(PARTIAL sum(((lineitem.l_extendedprice * ('1'::numeric - lineitem.l_discount)) - (partsupp.ps_supplycost * lineitem.l_quantity))))"
              ],
              "Workers Planned": 5,
              "Single Copy": false,
              "Plans": [
                {
                  "Node Type": "Aggregate",
                  "Strategy": "Hashed",
                  "Partial Mode": "Partial",
                  "Parent Relationship": "Outer",
                  "Parallel Aware": false,
                  "Async Capable": false,
                  "Startup Cost": 169973.54,
                  "Total Cost": 170695.13,
                  "Plan Rows": 48106,
                  "Plan Width": 168,
                  "Output": [
                    "nation.n_name",
                    "(EXTRACT(year FROM orders.o_orderdate))",
                    "PARTIAL sum(((lineitem.l_extendedprice * ('1'::numeric - lineitem.l_discount)) - (partsupp.ps_supplycost * lineitem.l_quantity)))"
                  ],
                  "Group Key": [
                    "nation.n_name",
                    "EXTRACT(year FROM orders.o_orderdate)"
                  ],
                  "Planned Partitions": 0,
                  "Plans": [
                    {
                      "Node Type": "Nested Loop",
                      "Parent Relationship": "Outer",
                      "Parallel Aware": false,
                      "Async Capable": false,
                      "Join Type": "Inner",
                      "Startup Cost": 13733.6,
                      "Total Cost": 169131.69,
                      "Plan Rows": 48106,
                      "Plan Width": 159,
                      "Output": [
                        "nation.n_name",
                        "EXTRACT(year FROM orders.o_orderdate)",
                        "lineitem.l_extendedprice",
                        "lineitem.l_discount",
                        "partsupp.ps_supplycost",
                        "lineitem.l_quantity"
                      ],
                      "Inner Unique": true,
                      "Plans": [
                        {
                          "Node Type": "Hash Join",
                          "Parent Relationship": "Outer",
                          "Parallel Aware": true,
                          "Async Capable": false,
                          "Join Type": "Inner",
                          "Startup Cost": 13733.17,
                          "Total Cost": 147337.5,
                          "Plan Rows": 48106,
                          "Plan Width": 131,
                          "Output": [
                            "lineitem.l_extendedprice",
                            "lineitem.l_discount",
                            "lineitem.l_quantity",
                            "lineitem.l_orderkey",
                            "partsupp.ps_supplycost",
                            "nation.n_name"
                          ],
                          "Inner Unique": false,
                          "Hash Cond": "((lineitem.l_suppkey = supplier.s_suppkey) AND (lineitem.l_partkey = partsupp.ps_partkey))",
                          "Plans": [
                            {
                              "Node Type": "Seq Scan",
                              "Parent Relationship": "Outer",
                              "Parallel Aware": true,
                              "Async Capable": false,
                              "Relation Name": "lineitem",
                              "Schema": "public",
                              "Alias": "lineitem",
                              "Startup Cost": 0.0,
                              "Total Cost": 124602.43,
                              "Plan Rows": 1200243,
                              "Plan Width": 29,
                              "Output": [
                                "lineitem.l_orderkey",
                                "lineitem.l_partkey",
                                "lineitem.l_suppkey",
                                "lineitem.l_linenumber",
                                "lineitem.l_quantity",
                                "lineitem.l_extendedprice",
                                "lineitem.l_discount",
                                "lineitem.l_tax",
                                "lineitem.l_returnflag",
                                "lineitem.l_linestatus",
                                "lineitem.l_shipdate",
                                "lineitem.l_commitdate",
                                "lineitem.l_receiptdate",
                                "lineitem.l_shipinstruct",
                                "lineitem.l_shipmode",
                                "lineitem.l_comment"
                              ]
                            },
                            {
                              "Node Type": "Hash",
                              "Parent Relationship": "Inner",
                              "Parallel Aware": true,
                              "Async Capable": false,
                              "Startup Cost": 13532.77,
                              "Total Cost": 13532.77,
                              "Plan Rows": 13360,
                              "Plan Width": 126,
                              "Output": [
                                "part.p_partkey",
                                "partsupp.ps_supplycost",
                                "partsupp.ps_suppkey",
                                "partsupp.ps_partkey",
                                "supplier.s_suppkey",
                                "nation.n_name"
                              ],
                              "Plans": [
                                {
                                  "Node Type": "Hash Join",
                                  "Parent Relationship": "Outer",
                                  "Parallel Aware": false,
                                  "Async Capable": false,
                                  "Join Type": "Inner",
                                  "Startup Cost": 449.99,
                                  "Total Cost": 13532.77,
                                  "Plan Rows": 13360,
                                  "Plan Width": 126,
                                  "Output": [
                                    "part.p_partkey",
                                    "partsupp.ps_supplycost",
                                    "partsupp.ps_suppkey",
                                    "partsupp.ps_partkey",
                                    "supplier.s_suppkey",
                                    "nation.n_name"
                                  ],
                                  "Inner Unique": true,
                                  "Hash Cond": "(supplier.s_nationkey = nation.n_nationkey)",
                                  "Plans": [
                                    {
                                      "Node Type": "Hash Join",
                                      "Parent Relationship": "Outer",
                                      "Parallel Aware": false,
                                      "Async Capable": false,
                                      "Join Type": "Inner",
                                      "Startup Cost": 448.43,
                                      "Total Cost": 13490.2,
                                      "Plan Rows": 13360,
                                      "Plan Width": 26,
                                      "Output": [
                                        "part.p_partkey",
                                        "partsupp.ps_supplycost",
                                        "partsupp.ps_suppkey",
                                        "partsupp.ps_partkey",
                                        "supplier.s_suppkey",
                                        "supplier.s_nationkey"
                                      ],
                                      "Inner Unique": true,
                                      "Hash Cond": "(partsupp.ps_suppkey = supplier.s_suppkey)",
                                      "Plans": [
                                        {
                                          "Node Type": "Nested Loop",
                                          "Parent Relationship": "Outer",
                                          "Parallel Aware": false,
                                          "Async Capable": false,
                                          "Join Type": "Inner",
                                          "Startup Cost": 0.42,
                                          "Total Cost": 13007.12,
                                          "Plan Rows": 13360,
                                          "Plan Width": 18,
                                          "Output": [
                                            "part.p_partkey",
                                            "partsupp.ps_supplycost",
                                            "partsupp.ps_suppkey",
                                            "partsupp.ps_partkey"
                                          ],
                                          "Inner Unique": false,
                                          "Plans": [
                                            {
                                              "Node Type": "Seq Scan",
                                              "Parent Relationship": "Outer",
                                              "Parallel Aware": true,
                                              "Async Capable": false,
                                              "Relation Name": "part",
                                              "Schema": "public",
                                              "Alias": "part",
                                              "Startup Cost": 0.0,
                                              "Total Cost": 5169.67,
                                              "Plan Rows": 3340,
                                              "Plan Width": 4,
                                              "Output": [
                                                "part.p_partkey",
                                                "part.p_name",
                                                "part.p_mfgr",
                                                "part.p_brand",
                                                "part.p_type",
                                                "part.p_size",
                                                "part.p_container",
                                                "part.p_retailprice",
                                                "part.p_comment"
                                              ],
                                              "Filter": "((part.p_name)::text ~~ '%ivory%'::text)"
                                            },
                                            {
                                              "Node Type": "Index Scan",
                                              "Parent Relationship": "Inner",
                                              "Parallel Aware": false,
                                              "Async Capable": false,
                                              "Scan Direction": "Forward",
                                              "Index Name": "partsupp_pkey",
                                              "Relation Name": "partsupp",
                                              "Schema": "public",
                                              "Alias": "partsupp",
                                              "Startup Cost": 0.42,
                                              "Total Cost": 2.31,
                                              "Plan Rows": 4,
                                              "Plan Width": 14,
                                              "Output": [
                                                "partsupp.ps_partkey",
                                                "partsupp.ps_suppkey",
                                                "partsupp.ps_availqty",
                                                "partsupp.ps_supplycost",
                                                "partsupp.ps_comment"
                                              ],
                                              "Index Cond": "(partsupp.ps_partkey = part.p_partkey)"
                                            }
                                          ]
                                        },
                                        {
                                          "Node Type": "Hash",
                                          "Parent Relationship": "Inner",
                                          "Parallel Aware": false,
                                          "Async Capable": false,
                                          "Startup Cost": 323.0,
                                          "Total Cost": 323.0,
                                          "Plan Rows": 10000,
                                          "Plan Width": 8,
                                          "Output": [
                                            "supplier.s_suppkey",
                                            "supplier.s_nationkey"
                                          ],
                                          "Plans": [
                                            {
                                              "Node Type": "Seq Scan",
                                              "Parent Relationship": "Outer",
                                              "Parallel Aware": false,
                                              "Async Capable": false,
                                              "Relation Name": "supplier",
                                              "Schema": "public",
                                              "Alias": "supplier",
                                              "Startup Cost": 0.0,
                                              "Total Cost": 323.0,
                                              "Plan Rows": 10000,
                                              "Plan Width": 8,
                                              "Output": [
                                                "supplier.s_suppkey",
                                                "supplier.s_nationkey"
                                              ]
                                            }
                                          ]
                                        }
                                      ]
                                    },
                                    {
                                      "Node Type": "Hash",
                                      "Parent Relationship": "Inner",
                                      "Parallel Aware": false,
                                      "Async Capable": false,
                                      "Startup Cost": 1.25,
                                      "Total Cost": 1.25,
                                      "Plan Rows": 25,
                                      "Plan Width": 108,
                                      "Output": [
                                        "nation.n_name",
                                        "nation.n_nationkey"
                                      ],
                                      "Plans": [
                                        {
                                          "Node Type": "Seq Scan",
                                          "Parent Relationship": "Outer",
                                          "Parallel Aware": false,
                                          "Async Capable": false,
                                          "Relation Name": "nation",
                                          "Schema": "public",
                                          "Alias": "nation",
                                          "Startup Cost": 0.0,
                                          "Total Cost": 1.25,
                                          "Plan Rows": 25,
                                          "Plan Width": 108,
                                          "Output": [
                                            "nation.n_name",
                                            "nation.n_nationkey"
                                          ]
                                        }
                                      ]
                                    }
                                  ]
                                }
                              ]
                            }
                          ]
                        },
                        {
                          "Node Type": "Index Scan",
                          "Parent Relationship": "Inner",
                          "Parallel Aware": false,
                          "Async Capable": false,
                          "Scan Direction": "Forward",
                          "Index Name": "orders_pkey",
                          "Relation Name": "orders",
                          "Schema": "public",
                          "Alias": "orders",
                          "Startup Cost": 0.43,
                          "Total Cost": 0.45,
                          "Plan Rows": 1,
                          "Plan Width": 8,
                          "Output": [
                            "orders.o_orderkey",
                            "orders.o_custkey",
                            "orders.o_orderstatus",
                            "orders.o_totalprice",
                            "orders.o_orderdate",
                            "orders.o_orderpriority",
                            "orders.o_clerk",
                            "orders.o_shippriority",
                            "orders.o_comment"
                          ],
                          "Index Cond": "(orders.o_orderkey = lineitem.l_orderkey)"
                        }
                      ]
                    }
                  ]
                }
              ]
            }
          ]
        }
      ]
    },
    "JIT": {
      "Functions": 43,
      "Options": {
        "Inlining": false,
        "Optimization": false,
        "Expressions": true,
        "Deforming": true
      }
    }
  }
]
```

---

## 56. Q9_150_seed_1231235959.sql

**File Path:** `/Users/brunowinter2000/Documents/Thesis/2025_2026/Plan-Level/Generated_Queries/Q9/Q9_150_seed_1231235959.sql`

### EXPLAIN JSON

```json
[
  {
    "Plan": {
      "Node Type": "Sort",
      "Parallel Aware": false,
      "Async Capable": false,
      "Startup Cost": 217286.99,
      "Total Cost": 217437.37,
      "Plan Rows": 60150,
      "Plan Width": 168,
      "Output": [
        "nation.n_name",
        "(EXTRACT(year FROM orders.o_orderdate))",
        "(sum(((lineitem.l_extendedprice * ('1'::numeric - lineitem.l_discount)) - (partsupp.ps_supplycost * lineitem.l_quantity))))"
      ],
      "Sort Key": [
        "nation.n_name",
        "(EXTRACT(year FROM orders.o_orderdate)) DESC"
      ],
      "Plans": [
        {
          "Node Type": "Aggregate",
          "Strategy": "Hashed",
          "Partial Mode": "Finalize",
          "Parent Relationship": "Outer",
          "Parallel Aware": false,
          "Async Capable": false,
          "Startup Cost": 211609.95,
          "Total Cost": 212512.2,
          "Plan Rows": 60150,
          "Plan Width": 168,
          "Output": [
            "nation.n_name",
            "(EXTRACT(year FROM orders.o_orderdate))",
            "sum(((lineitem.l_extendedprice * ('1'::numeric - lineitem.l_discount)) - (partsupp.ps_supplycost * lineitem.l_quantity)))"
          ],
          "Group Key": [
            "nation.n_name",
            "(EXTRACT(year FROM orders.o_orderdate))"
          ],
          "Planned Partitions": 0,
          "Plans": [
            {
              "Node Type": "Gather",
              "Parent Relationship": "Outer",
              "Parallel Aware": false,
              "Async Capable": false,
              "Startup Cost": 177635.37,
              "Total Cost": 208603.35,
              "Plan Rows": 300660,
              "Plan Width": 168,
              "Output": [
                "nation.n_name",
                "(EXTRACT(year FROM orders.o_orderdate))",
                "(PARTIAL sum(((lineitem.l_extendedprice * ('1'::numeric - lineitem.l_discount)) - (partsupp.ps_supplycost * lineitem.l_quantity))))"
              ],
              "Workers Planned": 5,
              "Single Copy": false,
              "Plans": [
                {
                  "Node Type": "Aggregate",
                  "Strategy": "Hashed",
                  "Partial Mode": "Partial",
                  "Parent Relationship": "Outer",
                  "Parallel Aware": false,
                  "Async Capable": false,
                  "Startup Cost": 176635.37,
                  "Total Cost": 177537.35,
                  "Plan Rows": 60132,
                  "Plan Width": 168,
                  "Output": [
                    "nation.n_name",
                    "(EXTRACT(year FROM orders.o_orderdate))",
                    "PARTIAL sum(((lineitem.l_extendedprice * ('1'::numeric - lineitem.l_discount)) - (partsupp.ps_supplycost * lineitem.l_quantity)))"
                  ],
                  "Group Key": [
                    "nation.n_name",
                    "EXTRACT(year FROM orders.o_orderdate)"
                  ],
                  "Planned Partitions": 0,
                  "Plans": [
                    {
                      "Node Type": "Nested Loop",
                      "Parent Relationship": "Outer",
                      "Parallel Aware": false,
                      "Async Capable": false,
                      "Join Type": "Inner",
                      "Startup Cost": 14736.63,
                      "Total Cost": 175583.06,
                      "Plan Rows": 60132,
                      "Plan Width": 159,
                      "Output": [
                        "nation.n_name",
                        "EXTRACT(year FROM orders.o_orderdate)",
                        "lineitem.l_extendedprice",
                        "lineitem.l_discount",
                        "partsupp.ps_supplycost",
                        "lineitem.l_quantity"
                      ],
                      "Inner Unique": true,
                      "Plans": [
                        {
                          "Node Type": "Hash Join",
                          "Parent Relationship": "Outer",
                          "Parallel Aware": true,
                          "Async Capable": false,
                          "Join Type": "Inner",
                          "Startup Cost": 14736.2,
                          "Total Cost": 148340.56,
                          "Plan Rows": 60132,
                          "Plan Width": 131,
                          "Output": [
                            "lineitem.l_extendedprice",
                            "lineitem.l_discount",
                            "lineitem.l_quantity",
                            "lineitem.l_orderkey",
                            "partsupp.ps_supplycost",
                            "nation.n_name"
                          ],
                          "Inner Unique": false,
                          "Hash Cond": "((lineitem.l_suppkey = supplier.s_suppkey) AND (lineitem.l_partkey = partsupp.ps_partkey))",
                          "Plans": [
                            {
                              "Node Type": "Seq Scan",
                              "Parent Relationship": "Outer",
                              "Parallel Aware": true,
                              "Async Capable": false,
                              "Relation Name": "lineitem",
                              "Schema": "public",
                              "Alias": "lineitem",
                              "Startup Cost": 0.0,
                              "Total Cost": 124602.43,
                              "Plan Rows": 1200243,
                              "Plan Width": 29,
                              "Output": [
                                "lineitem.l_orderkey",
                                "lineitem.l_partkey",
                                "lineitem.l_suppkey",
                                "lineitem.l_linenumber",
                                "lineitem.l_quantity",
                                "lineitem.l_extendedprice",
                                "lineitem.l_discount",
                                "lineitem.l_tax",
                                "lineitem.l_returnflag",
                                "lineitem.l_linestatus",
                                "lineitem.l_shipdate",
                                "lineitem.l_commitdate",
                                "lineitem.l_receiptdate",
                                "lineitem.l_shipinstruct",
                                "lineitem.l_shipmode",
                                "lineitem.l_comment"
                              ]
                            },
                            {
                              "Node Type": "Hash",
                              "Parent Relationship": "Inner",
                              "Parallel Aware": true,
                              "Async Capable": false,
                              "Startup Cost": 14485.7,
                              "Total Cost": 14485.7,
                              "Plan Rows": 16700,
                              "Plan Width": 126,
                              "Output": [
                                "part.p_partkey",
                                "partsupp.ps_supplycost",
                                "partsupp.ps_suppkey",
                                "partsupp.ps_partkey",
                                "supplier.s_suppkey",
                                "nation.n_name"
                              ],
                              "Plans": [
                                {
                                  "Node Type": "Hash Join",
                                  "Parent Relationship": "Outer",
                                  "Parallel Aware": false,
                                  "Async Capable": false,
                                  "Join Type": "Inner",
                                  "Startup Cost": 449.99,
                                  "Total Cost": 14485.7,
                                  "Plan Rows": 16700,
                                  "Plan Width": 126,
                                  "Output": [
                                    "part.p_partkey",
                                    "partsupp.ps_supplycost",
                                    "partsupp.ps_suppkey",
                                    "partsupp.ps_partkey",
                                    "supplier.s_suppkey",
                                    "nation.n_name"
                                  ],
                                  "Inner Unique": true,
                                  "Hash Cond": "(supplier.s_nationkey = nation.n_nationkey)",
                                  "Plans": [
                                    {
                                      "Node Type": "Hash Join",
                                      "Parent Relationship": "Outer",
                                      "Parallel Aware": false,
                                      "Async Capable": false,
                                      "Join Type": "Inner",
                                      "Startup Cost": 448.43,
                                      "Total Cost": 14432.87,
                                      "Plan Rows": 16700,
                                      "Plan Width": 26,
                                      "Output": [
                                        "part.p_partkey",
                                        "partsupp.ps_supplycost",
                                        "partsupp.ps_suppkey",
                                        "partsupp.ps_partkey",
                                        "supplier.s_suppkey",
                                        "supplier.s_nationkey"
                                      ],
                                      "Inner Unique": true,
                                      "Hash Cond": "(partsupp.ps_suppkey = supplier.s_suppkey)",
                                      "Plans": [
                                        {
                                          "Node Type": "Nested Loop",
                                          "Parent Relationship": "Outer",
                                          "Parallel Aware": false,
                                          "Async Capable": false,
                                          "Join Type": "Inner",
                                          "Startup Cost": 0.42,
                                          "Total Cost": 13941.01,
                                          "Plan Rows": 16700,
                                          "Plan Width": 18,
                                          "Output": [
                                            "part.p_partkey",
                                            "partsupp.ps_supplycost",
                                            "partsupp.ps_suppkey",
                                            "partsupp.ps_partkey"
                                          ],
                                          "Inner Unique": false,
                                          "Plans": [
                                            {
                                              "Node Type": "Seq Scan",
                                              "Parent Relationship": "Outer",
                                              "Parallel Aware": true,
                                              "Async Capable": false,
                                              "Relation Name": "part",
                                              "Schema": "public",
                                              "Alias": "part",
                                              "Startup Cost": 0.0,
                                              "Total Cost": 5169.67,
                                              "Plan Rows": 4175,
                                              "Plan Width": 4,
                                              "Output": [
                                                "part.p_partkey",
                                                "part.p_name",
                                                "part.p_mfgr",
                                                "part.p_brand",
                                                "part.p_type",
                                                "part.p_size",
                                                "part.p_container",
                                                "part.p_retailprice",
                                                "part.p_comment"
                                              ],
                                              "Filter": "((part.p_name)::text ~~ '%blush%'::text)"
                                            },
                                            {
                                              "Node Type": "Index Scan",
                                              "Parent Relationship": "Inner",
                                              "Parallel Aware": false,
                                              "Async Capable": false,
                                              "Scan Direction": "Forward",
                                              "Index Name": "partsupp_pkey",
                                              "Relation Name": "partsupp",
                                              "Schema": "public",
                                              "Alias": "partsupp",
                                              "Startup Cost": 0.42,
                                              "Total Cost": 2.06,
                                              "Plan Rows": 4,
                                              "Plan Width": 14,
                                              "Output": [
                                                "partsupp.ps_partkey",
                                                "partsupp.ps_suppkey",
                                                "partsupp.ps_availqty",
                                                "partsupp.ps_supplycost",
                                                "partsupp.ps_comment"
                                              ],
                                              "Index Cond": "(partsupp.ps_partkey = part.p_partkey)"
                                            }
                                          ]
                                        },
                                        {
                                          "Node Type": "Hash",
                                          "Parent Relationship": "Inner",
                                          "Parallel Aware": false,
                                          "Async Capable": false,
                                          "Startup Cost": 323.0,
                                          "Total Cost": 323.0,
                                          "Plan Rows": 10000,
                                          "Plan Width": 8,
                                          "Output": [
                                            "supplier.s_suppkey",
                                            "supplier.s_nationkey"
                                          ],
                                          "Plans": [
                                            {
                                              "Node Type": "Seq Scan",
                                              "Parent Relationship": "Outer",
                                              "Parallel Aware": false,
                                              "Async Capable": false,
                                              "Relation Name": "supplier",
                                              "Schema": "public",
                                              "Alias": "supplier",
                                              "Startup Cost": 0.0,
                                              "Total Cost": 323.0,
                                              "Plan Rows": 10000,
                                              "Plan Width": 8,
                                              "Output": [
                                                "supplier.s_suppkey",
                                                "supplier.s_nationkey"
                                              ]
                                            }
                                          ]
                                        }
                                      ]
                                    },
                                    {
                                      "Node Type": "Hash",
                                      "Parent Relationship": "Inner",
                                      "Parallel Aware": false,
                                      "Async Capable": false,
                                      "Startup Cost": 1.25,
                                      "Total Cost": 1.25,
                                      "Plan Rows": 25,
                                      "Plan Width": 108,
                                      "Output": [
                                        "nation.n_name",
                                        "nation.n_nationkey"
                                      ],
                                      "Plans": [
                                        {
                                          "Node Type": "Seq Scan",
                                          "Parent Relationship": "Outer",
                                          "Parallel Aware": false,
                                          "Async Capable": false,
                                          "Relation Name": "nation",
                                          "Schema": "public",
                                          "Alias": "nation",
                                          "Startup Cost": 0.0,
                                          "Total Cost": 1.25,
                                          "Plan Rows": 25,
                                          "Plan Width": 108,
                                          "Output": [
                                            "nation.n_name",
                                            "nation.n_nationkey"
                                          ]
                                        }
                                      ]
                                    }
                                  ]
                                }
                              ]
                            }
                          ]
                        },
                        {
                          "Node Type": "Index Scan",
                          "Parent Relationship": "Inner",
                          "Parallel Aware": false,
                          "Async Capable": false,
                          "Scan Direction": "Forward",
                          "Index Name": "orders_pkey",
                          "Relation Name": "orders",
                          "Schema": "public",
                          "Alias": "orders",
                          "Startup Cost": 0.43,
                          "Total Cost": 0.45,
                          "Plan Rows": 1,
                          "Plan Width": 8,
                          "Output": [
                            "orders.o_orderkey",
                            "orders.o_custkey",
                            "orders.o_orderstatus",
                            "orders.o_totalprice",
                            "orders.o_orderdate",
                            "orders.o_orderpriority",
                            "orders.o_clerk",
                            "orders.o_shippriority",
                            "orders.o_comment"
                          ],
                          "Index Cond": "(orders.o_orderkey = lineitem.l_orderkey)"
                        }
                      ]
                    }
                  ]
                }
              ]
            }
          ]
        }
      ]
    },
    "JIT": {
      "Functions": 43,
      "Options": {
        "Inlining": false,
        "Optimization": false,
        "Expressions": true,
        "Deforming": true
      }
    }
  }
]
```

---

## 57. Q9_15_seed_114856434.sql

**File Path:** `/Users/brunowinter2000/Documents/Thesis/2025_2026/Plan-Level/Generated_Queries/Q9/Q9_15_seed_114856434.sql`

### EXPLAIN JSON

```json
[
  {
    "Plan": {
      "Node Type": "Sort",
      "Parallel Aware": false,
      "Async Capable": false,
      "Startup Cost": 222478.18,
      "Total Cost": 222628.55,
      "Plan Rows": 60150,
      "Plan Width": 168,
      "Output": [
        "nation.n_name",
        "(EXTRACT(year FROM orders.o_orderdate))",
        "(sum(((lineitem.l_extendedprice * ('1'::numeric - lineitem.l_discount)) - (partsupp.ps_supplycost * lineitem.l_quantity))))"
      ],
      "Sort Key": [
        "nation.n_name",
        "(EXTRACT(year FROM orders.o_orderdate)) DESC"
      ],
      "Plans": [
        {
          "Node Type": "Aggregate",
          "Strategy": "Hashed",
          "Partial Mode": "Finalize",
          "Parent Relationship": "Outer",
          "Parallel Aware": false,
          "Async Capable": false,
          "Startup Cost": 216801.14,
          "Total Cost": 217703.39,
          "Plan Rows": 60150,
          "Plan Width": 168,
          "Output": [
            "nation.n_name",
            "(EXTRACT(year FROM orders.o_orderdate))",
            "sum(((lineitem.l_extendedprice * ('1'::numeric - lineitem.l_discount)) - (partsupp.ps_supplycost * lineitem.l_quantity)))"
          ],
          "Group Key": [
            "nation.n_name",
            "(EXTRACT(year FROM orders.o_orderdate))"
          ],
          "Planned Partitions": 0,
          "Plans": [
            {
              "Node Type": "Gather",
              "Parent Relationship": "Outer",
              "Parallel Aware": false,
              "Async Capable": false,
              "Startup Cost": 182816.39,
              "Total Cost": 213793.64,
              "Plan Rows": 300750,
              "Plan Width": 168,
              "Output": [
                "nation.n_name",
                "(EXTRACT(year FROM orders.o_orderdate))",
                "(PARTIAL sum(((lineitem.l_extendedprice * ('1'::numeric - lineitem.l_discount)) - (partsupp.ps_supplycost * lineitem.l_quantity))))"
              ],
              "Workers Planned": 5,
              "Single Copy": false,
              "Plans": [
                {
                  "Node Type": "Aggregate",
                  "Strategy": "Hashed",
                  "Partial Mode": "Partial",
                  "Parent Relationship": "Outer",
                  "Parallel Aware": false,
                  "Async Capable": false,
                  "Startup Cost": 181816.39,
                  "Total Cost": 182718.64,
                  "Plan Rows": 60150,
                  "Plan Width": 168,
                  "Output": [
                    "nation.n_name",
                    "(EXTRACT(year FROM orders.o_orderdate))",
                    "PARTIAL sum(((lineitem.l_extendedprice * ('1'::numeric - lineitem.l_discount)) - (partsupp.ps_supplycost * lineitem.l_quantity)))"
                  ],
                  "Group Key": [
                    "nation.n_name",
                    "EXTRACT(year FROM orders.o_orderdate)"
                  ],
                  "Planned Partitions": 0,
                  "Plans": [
                    {
                      "Node Type": "Nested Loop",
                      "Parent Relationship": "Outer",
                      "Parallel Aware": false,
                      "Async Capable": false,
                      "Join Type": "Inner",
                      "Startup Cost": 15390.98,
                      "Total Cost": 180595.73,
                      "Plan Rows": 69752,
                      "Plan Width": 159,
                      "Output": [
                        "nation.n_name",
                        "EXTRACT(year FROM orders.o_orderdate)",
                        "lineitem.l_extendedprice",
                        "lineitem.l_discount",
                        "partsupp.ps_supplycost",
                        "lineitem.l_quantity"
                      ],
                      "Inner Unique": true,
                      "Plans": [
                        {
                          "Node Type": "Hash Join",
                          "Parent Relationship": "Outer",
                          "Parallel Aware": true,
                          "Async Capable": false,
                          "Join Type": "Inner",
                          "Startup Cost": 15390.55,
                          "Total Cost": 148994.93,
                          "Plan Rows": 69752,
                          "Plan Width": 131,
                          "Output": [
                            "lineitem.l_extendedprice",
                            "lineitem.l_discount",
                            "lineitem.l_quantity",
                            "lineitem.l_orderkey",
                            "partsupp.ps_supplycost",
                            "nation.n_name"
                          ],
                          "Inner Unique": false,
                          "Hash Cond": "((lineitem.l_suppkey = supplier.s_suppkey) AND (lineitem.l_partkey = partsupp.ps_partkey))",
                          "Plans": [
                            {
                              "Node Type": "Seq Scan",
                              "Parent Relationship": "Outer",
                              "Parallel Aware": true,
                              "Async Capable": false,
                              "Relation Name": "lineitem",
                              "Schema": "public",
                              "Alias": "lineitem",
                              "Startup Cost": 0.0,
                              "Total Cost": 124602.43,
                              "Plan Rows": 1200243,
                              "Plan Width": 29,
                              "Output": [
                                "lineitem.l_orderkey",
                                "lineitem.l_partkey",
                                "lineitem.l_suppkey",
                                "lineitem.l_linenumber",
                                "lineitem.l_quantity",
                                "lineitem.l_extendedprice",
                                "lineitem.l_discount",
                                "lineitem.l_tax",
                                "lineitem.l_returnflag",
                                "lineitem.l_linestatus",
                                "lineitem.l_shipdate",
                                "lineitem.l_commitdate",
                                "lineitem.l_receiptdate",
                                "lineitem.l_shipinstruct",
                                "lineitem.l_shipmode",
                                "lineitem.l_comment"
                              ]
                            },
                            {
                              "Node Type": "Hash",
                              "Parent Relationship": "Inner",
                              "Parallel Aware": true,
                              "Async Capable": false,
                              "Startup Cost": 15099.97,
                              "Total Cost": 15099.97,
                              "Plan Rows": 19372,
                              "Plan Width": 126,
                              "Output": [
                                "part.p_partkey",
                                "partsupp.ps_supplycost",
                                "partsupp.ps_suppkey",
                                "partsupp.ps_partkey",
                                "supplier.s_suppkey",
                                "nation.n_name"
                              ],
                              "Plans": [
                                {
                                  "Node Type": "Hash Join",
                                  "Parent Relationship": "Outer",
                                  "Parallel Aware": false,
                                  "Async Capable": false,
                                  "Join Type": "Inner",
                                  "Startup Cost": 449.99,
                                  "Total Cost": 15099.97,
                                  "Plan Rows": 19372,
                                  "Plan Width": 126,
                                  "Output": [
                                    "part.p_partkey",
                                    "partsupp.ps_supplycost",
                                    "partsupp.ps_suppkey",
                                    "partsupp.ps_partkey",
                                    "supplier.s_suppkey",
                                    "nation.n_name"
                                  ],
                                  "Inner Unique": true,
                                  "Hash Cond": "(supplier.s_nationkey = nation.n_nationkey)",
                                  "Plans": [
                                    {
                                      "Node Type": "Hash Join",
                                      "Parent Relationship": "Outer",
                                      "Parallel Aware": false,
                                      "Async Capable": false,
                                      "Join Type": "Inner",
                                      "Startup Cost": 448.43,
                                      "Total Cost": 15038.94,
                                      "Plan Rows": 19372,
                                      "Plan Width": 26,
                                      "Output": [
                                        "part.p_partkey",
                                        "partsupp.ps_supplycost",
                                        "partsupp.ps_suppkey",
                                        "partsupp.ps_partkey",
                                        "supplier.s_suppkey",
                                        "supplier.s_nationkey"
                                      ],
                                      "Inner Unique": true,
                                      "Hash Cond": "(partsupp.ps_suppkey = supplier.s_suppkey)",
                                      "Plans": [
                                        {
                                          "Node Type": "Nested Loop",
                                          "Parent Relationship": "Outer",
                                          "Parallel Aware": false,
                                          "Async Capable": false,
                                          "Join Type": "Inner",
                                          "Startup Cost": 0.42,
                                          "Total Cost": 14540.06,
                                          "Plan Rows": 19372,
                                          "Plan Width": 18,
                                          "Output": [
                                            "part.p_partkey",
                                            "partsupp.ps_supplycost",
                                            "partsupp.ps_suppkey",
                                            "partsupp.ps_partkey"
                                          ],
                                          "Inner Unique": false,
                                          "Plans": [
                                            {
                                              "Node Type": "Seq Scan",
                                              "Parent Relationship": "Outer",
                                              "Parallel Aware": true,
                                              "Async Capable": false,
                                              "Relation Name": "part",
                                              "Schema": "public",
                                              "Alias": "part",
                                              "Startup Cost": 0.0,
                                              "Total Cost": 5169.67,
                                              "Plan Rows": 4843,
                                              "Plan Width": 4,
                                              "Output": [
                                                "part.p_partkey",
                                                "part.p_name",
                                                "part.p_mfgr",
                                                "part.p_brand",
                                                "part.p_type",
                                                "part.p_size",
                                                "part.p_container",
                                                "part.p_retailprice",
                                                "part.p_comment"
                                              ],
                                              "Filter": "((part.p_name)::text ~~ '%steel%'::text)"
                                            },
                                            {
                                              "Node Type": "Index Scan",
                                              "Parent Relationship": "Inner",
                                              "Parallel Aware": false,
                                              "Async Capable": false,
                                              "Scan Direction": "Forward",
                                              "Index Name": "partsupp_pkey",
                                              "Relation Name": "partsupp",
                                              "Schema": "public",
                                              "Alias": "partsupp",
                                              "Startup Cost": 0.42,
                                              "Total Cost": 1.89,
                                              "Plan Rows": 4,
                                              "Plan Width": 14,
                                              "Output": [
                                                "partsupp.ps_partkey",
                                                "partsupp.ps_suppkey",
                                                "partsupp.ps_availqty",
                                                "partsupp.ps_supplycost",
                                                "partsupp.ps_comment"
                                              ],
                                              "Index Cond": "(partsupp.ps_partkey = part.p_partkey)"
                                            }
                                          ]
                                        },
                                        {
                                          "Node Type": "Hash",
                                          "Parent Relationship": "Inner",
                                          "Parallel Aware": false,
                                          "Async Capable": false,
                                          "Startup Cost": 323.0,
                                          "Total Cost": 323.0,
                                          "Plan Rows": 10000,
                                          "Plan Width": 8,
                                          "Output": [
                                            "supplier.s_suppkey",
                                            "supplier.s_nationkey"
                                          ],
                                          "Plans": [
                                            {
                                              "Node Type": "Seq Scan",
                                              "Parent Relationship": "Outer",
                                              "Parallel Aware": false,
                                              "Async Capable": false,
                                              "Relation Name": "supplier",
                                              "Schema": "public",
                                              "Alias": "supplier",
                                              "Startup Cost": 0.0,
                                              "Total Cost": 323.0,
                                              "Plan Rows": 10000,
                                              "Plan Width": 8,
                                              "Output": [
                                                "supplier.s_suppkey",
                                                "supplier.s_nationkey"
                                              ]
                                            }
                                          ]
                                        }
                                      ]
                                    },
                                    {
                                      "Node Type": "Hash",
                                      "Parent Relationship": "Inner",
                                      "Parallel Aware": false,
                                      "Async Capable": false,
                                      "Startup Cost": 1.25,
                                      "Total Cost": 1.25,
                                      "Plan Rows": 25,
                                      "Plan Width": 108,
                                      "Output": [
                                        "nation.n_name",
                                        "nation.n_nationkey"
                                      ],
                                      "Plans": [
                                        {
                                          "Node Type": "Seq Scan",
                                          "Parent Relationship": "Outer",
                                          "Parallel Aware": false,
                                          "Async Capable": false,
                                          "Relation Name": "nation",
                                          "Schema": "public",
                                          "Alias": "nation",
                                          "Startup Cost": 0.0,
                                          "Total Cost": 1.25,
                                          "Plan Rows": 25,
                                          "Plan Width": 108,
                                          "Output": [
                                            "nation.n_name",
                                            "nation.n_nationkey"
                                          ]
                                        }
                                      ]
                                    }
                                  ]
                                }
                              ]
                            }
                          ]
                        },
                        {
                          "Node Type": "Index Scan",
                          "Parent Relationship": "Inner",
                          "Parallel Aware": false,
                          "Async Capable": false,
                          "Scan Direction": "Forward",
                          "Index Name": "orders_pkey",
                          "Relation Name": "orders",
                          "Schema": "public",
                          "Alias": "orders",
                          "Startup Cost": 0.43,
                          "Total Cost": 0.45,
                          "Plan Rows": 1,
                          "Plan Width": 8,
                          "Output": [
                            "orders.o_orderkey",
                            "orders.o_custkey",
                            "orders.o_orderstatus",
                            "orders.o_totalprice",
                            "orders.o_orderdate",
                            "orders.o_orderpriority",
                            "orders.o_clerk",
                            "orders.o_shippriority",
                            "orders.o_comment"
                          ],
                          "Index Cond": "(orders.o_orderkey = lineitem.l_orderkey)"
                        }
                      ]
                    }
                  ]
                }
              ]
            }
          ]
        }
      ]
    },
    "JIT": {
      "Functions": 43,
      "Options": {
        "Inlining": false,
        "Optimization": false,
        "Expressions": true,
        "Deforming": true
      }
    }
  }
]
```

---

## 58. Q9_16_seed_123060465.sql

**File Path:** `/Users/brunowinter2000/Documents/Thesis/2025_2026/Plan-Level/Generated_Queries/Q9/Q9_16_seed_123060465.sql`

### EXPLAIN JSON

```json
[
  {
    "Plan": {
      "Node Type": "Sort",
      "Parallel Aware": false,
      "Async Capable": false,
      "Startup Cost": 206578.65,
      "Total Cost": 206729.03,
      "Plan Rows": 60150,
      "Plan Width": 168,
      "Output": [
        "nation.n_name",
        "(EXTRACT(year FROM orders.o_orderdate))",
        "(sum(((lineitem.l_extendedprice * ('1'::numeric - lineitem.l_discount)) - (partsupp.ps_supplycost * lineitem.l_quantity))))"
      ],
      "Sort Key": [
        "nation.n_name",
        "(EXTRACT(year FROM orders.o_orderdate)) DESC"
      ],
      "Plans": [
        {
          "Node Type": "Aggregate",
          "Strategy": "Hashed",
          "Partial Mode": "Finalize",
          "Parent Relationship": "Outer",
          "Parallel Aware": false,
          "Async Capable": false,
          "Startup Cost": 200901.61,
          "Total Cost": 201803.86,
          "Plan Rows": 60150,
          "Plan Width": 168,
          "Output": [
            "nation.n_name",
            "(EXTRACT(year FROM orders.o_orderdate))",
            "sum(((lineitem.l_extendedprice * ('1'::numeric - lineitem.l_discount)) - (partsupp.ps_supplycost * lineitem.l_quantity)))"
          ],
          "Group Key": [
            "nation.n_name",
            "(EXTRACT(year FROM orders.o_orderdate))"
          ],
          "Planned Partitions": 0,
          "Plans": [
            {
              "Node Type": "Gather",
              "Parent Relationship": "Outer",
              "Parallel Aware": false,
              "Async Capable": false,
              "Startup Cost": 172362.33,
              "Total Cost": 198376.01,
              "Plan Rows": 252560,
              "Plan Width": 168,
              "Output": [
                "nation.n_name",
                "(EXTRACT(year FROM orders.o_orderdate))",
                "(PARTIAL sum(((lineitem.l_extendedprice * ('1'::numeric - lineitem.l_discount)) - (partsupp.ps_supplycost * lineitem.l_quantity))))"
              ],
              "Workers Planned": 5,
              "Single Copy": false,
              "Plans": [
                {
                  "Node Type": "Aggregate",
                  "Strategy": "Hashed",
                  "Partial Mode": "Partial",
                  "Parent Relationship": "Outer",
                  "Parallel Aware": false,
                  "Async Capable": false,
                  "Startup Cost": 171362.33,
                  "Total Cost": 172120.01,
                  "Plan Rows": 50512,
                  "Plan Width": 168,
                  "Output": [
                    "nation.n_name",
                    "(EXTRACT(year FROM orders.o_orderdate))",
                    "PARTIAL sum(((lineitem.l_extendedprice * ('1'::numeric - lineitem.l_discount)) - (partsupp.ps_supplycost * lineitem.l_quantity)))"
                  ],
                  "Group Key": [
                    "nation.n_name",
                    "EXTRACT(year FROM orders.o_orderdate)"
                  ],
                  "Planned Partitions": 0,
                  "Plans": [
                    {
                      "Node Type": "Nested Loop",
                      "Parent Relationship": "Outer",
                      "Parallel Aware": false,
                      "Async Capable": false,
                      "Join Type": "Inner",
                      "Startup Cost": 13990.25,
                      "Total Cost": 170478.37,
                      "Plan Rows": 50512,
                      "Plan Width": 159,
                      "Output": [
                        "nation.n_name",
                        "EXTRACT(year FROM orders.o_orderdate)",
                        "lineitem.l_extendedprice",
                        "lineitem.l_discount",
                        "partsupp.ps_supplycost",
                        "lineitem.l_quantity"
                      ],
                      "Inner Unique": true,
                      "Plans": [
                        {
                          "Node Type": "Hash Join",
                          "Parent Relationship": "Outer",
                          "Parallel Aware": true,
                          "Async Capable": false,
                          "Join Type": "Inner",
                          "Startup Cost": 13989.83,
                          "Total Cost": 147594.16,
                          "Plan Rows": 50512,
                          "Plan Width": 131,
                          "Output": [
                            "lineitem.l_extendedprice",
                            "lineitem.l_discount",
                            "lineitem.l_quantity",
                            "lineitem.l_orderkey",
                            "partsupp.ps_supplycost",
                            "nation.n_name"
                          ],
                          "Inner Unique": false,
                          "Hash Cond": "((lineitem.l_suppkey = supplier.s_suppkey) AND (lineitem.l_partkey = partsupp.ps_partkey))",
                          "Plans": [
                            {
                              "Node Type": "Seq Scan",
                              "Parent Relationship": "Outer",
                              "Parallel Aware": true,
                              "Async Capable": false,
                              "Relation Name": "lineitem",
                              "Schema": "public",
                              "Alias": "lineitem",
                              "Startup Cost": 0.0,
                              "Total Cost": 124602.43,
                              "Plan Rows": 1200243,
                              "Plan Width": 29,
                              "Output": [
                                "lineitem.l_orderkey",
                                "lineitem.l_partkey",
                                "lineitem.l_suppkey",
                                "lineitem.l_linenumber",
                                "lineitem.l_quantity",
                                "lineitem.l_extendedprice",
                                "lineitem.l_discount",
                                "lineitem.l_tax",
                                "lineitem.l_returnflag",
                                "lineitem.l_linestatus",
                                "lineitem.l_shipdate",
                                "lineitem.l_commitdate",
                                "lineitem.l_receiptdate",
                                "lineitem.l_shipinstruct",
                                "lineitem.l_shipmode",
                                "lineitem.l_comment"
                              ]
                            },
                            {
                              "Node Type": "Hash",
                              "Parent Relationship": "Inner",
                              "Parallel Aware": true,
                              "Async Capable": false,
                              "Startup Cost": 13779.41,
                              "Total Cost": 13779.41,
                              "Plan Rows": 14028,
                              "Plan Width": 126,
                              "Output": [
                                "part.p_partkey",
                                "partsupp.ps_supplycost",
                                "partsupp.ps_suppkey",
                                "partsupp.ps_partkey",
                                "supplier.s_suppkey",
                                "nation.n_name"
                              ],
                              "Plans": [
                                {
                                  "Node Type": "Hash Join",
                                  "Parent Relationship": "Outer",
                                  "Parallel Aware": false,
                                  "Async Capable": false,
                                  "Join Type": "Inner",
                                  "Startup Cost": 449.99,
                                  "Total Cost": 13779.41,
                                  "Plan Rows": 14028,
                                  "Plan Width": 126,
                                  "Output": [
                                    "part.p_partkey",
                                    "partsupp.ps_supplycost",
                                    "partsupp.ps_suppkey",
                                    "partsupp.ps_partkey",
                                    "supplier.s_suppkey",
                                    "nation.n_name"
                                  ],
                                  "Inner Unique": true,
                                  "Hash Cond": "(supplier.s_nationkey = nation.n_nationkey)",
                                  "Plans": [
                                    {
                                      "Node Type": "Hash Join",
                                      "Parent Relationship": "Outer",
                                      "Parallel Aware": false,
                                      "Async Capable": false,
                                      "Join Type": "Inner",
                                      "Startup Cost": 448.43,
                                      "Total Cost": 13734.78,
                                      "Plan Rows": 14028,
                                      "Plan Width": 26,
                                      "Output": [
                                        "part.p_partkey",
                                        "partsupp.ps_supplycost",
                                        "partsupp.ps_suppkey",
                                        "partsupp.ps_partkey",
                                        "supplier.s_suppkey",
                                        "supplier.s_nationkey"
                                      ],
                                      "Inner Unique": true,
                                      "Hash Cond": "(partsupp.ps_suppkey = supplier.s_suppkey)",
                                      "Plans": [
                                        {
                                          "Node Type": "Nested Loop",
                                          "Parent Relationship": "Outer",
                                          "Parallel Aware": false,
                                          "Async Capable": false,
                                          "Join Type": "Inner",
                                          "Startup Cost": 0.42,
                                          "Total Cost": 13249.94,
                                          "Plan Rows": 14028,
                                          "Plan Width": 18,
                                          "Output": [
                                            "part.p_partkey",
                                            "partsupp.ps_supplycost",
                                            "partsupp.ps_suppkey",
                                            "partsupp.ps_partkey"
                                          ],
                                          "Inner Unique": false,
                                          "Plans": [
                                            {
                                              "Node Type": "Seq Scan",
                                              "Parent Relationship": "Outer",
                                              "Parallel Aware": true,
                                              "Async Capable": false,
                                              "Relation Name": "part",
                                              "Schema": "public",
                                              "Alias": "part",
                                              "Startup Cost": 0.0,
                                              "Total Cost": 5169.67,
                                              "Plan Rows": 3507,
                                              "Plan Width": 4,
                                              "Output": [
                                                "part.p_partkey",
                                                "part.p_name",
                                                "part.p_mfgr",
                                                "part.p_brand",
                                                "part.p_type",
                                                "part.p_size",
                                                "part.p_container",
                                                "part.p_retailprice",
                                                "part.p_comment"
                                              ],
                                              "Filter": "((part.p_name)::text ~~ '%indian%'::text)"
                                            },
                                            {
                                              "Node Type": "Index Scan",
                                              "Parent Relationship": "Inner",
                                              "Parallel Aware": false,
                                              "Async Capable": false,
                                              "Scan Direction": "Forward",
                                              "Index Name": "partsupp_pkey",
                                              "Relation Name": "partsupp",
                                              "Schema": "public",
                                              "Alias": "partsupp",
                                              "Startup Cost": 0.42,
                                              "Total Cost": 2.26,
                                              "Plan Rows": 4,
                                              "Plan Width": 14,
                                              "Output": [
                                                "partsupp.ps_partkey",
                                                "partsupp.ps_suppkey",
                                                "partsupp.ps_availqty",
                                                "partsupp.ps_supplycost",
                                                "partsupp.ps_comment"
                                              ],
                                              "Index Cond": "(partsupp.ps_partkey = part.p_partkey)"
                                            }
                                          ]
                                        },
                                        {
                                          "Node Type": "Hash",
                                          "Parent Relationship": "Inner",
                                          "Parallel Aware": false,
                                          "Async Capable": false,
                                          "Startup Cost": 323.0,
                                          "Total Cost": 323.0,
                                          "Plan Rows": 10000,
                                          "Plan Width": 8,
                                          "Output": [
                                            "supplier.s_suppkey",
                                            "supplier.s_nationkey"
                                          ],
                                          "Plans": [
                                            {
                                              "Node Type": "Seq Scan",
                                              "Parent Relationship": "Outer",
                                              "Parallel Aware": false,
                                              "Async Capable": false,
                                              "Relation Name": "supplier",
                                              "Schema": "public",
                                              "Alias": "supplier",
                                              "Startup Cost": 0.0,
                                              "Total Cost": 323.0,
                                              "Plan Rows": 10000,
                                              "Plan Width": 8,
                                              "Output": [
                                                "supplier.s_suppkey",
                                                "supplier.s_nationkey"
                                              ]
                                            }
                                          ]
                                        }
                                      ]
                                    },
                                    {
                                      "Node Type": "Hash",
                                      "Parent Relationship": "Inner",
                                      "Parallel Aware": false,
                                      "Async Capable": false,
                                      "Startup Cost": 1.25,
                                      "Total Cost": 1.25,
                                      "Plan Rows": 25,
                                      "Plan Width": 108,
                                      "Output": [
                                        "nation.n_name",
                                        "nation.n_nationkey"
                                      ],
                                      "Plans": [
                                        {
                                          "Node Type": "Seq Scan",
                                          "Parent Relationship": "Outer",
                                          "Parallel Aware": false,
                                          "Async Capable": false,
                                          "Relation Name": "nation",
                                          "Schema": "public",
                                          "Alias": "nation",
                                          "Startup Cost": 0.0,
                                          "Total Cost": 1.25,
                                          "Plan Rows": 25,
                                          "Plan Width": 108,
                                          "Output": [
                                            "nation.n_name",
                                            "nation.n_nationkey"
                                          ]
                                        }
                                      ]
                                    }
                                  ]
                                }
                              ]
                            }
                          ]
                        },
                        {
                          "Node Type": "Index Scan",
                          "Parent Relationship": "Inner",
                          "Parallel Aware": false,
                          "Async Capable": false,
                          "Scan Direction": "Forward",
                          "Index Name": "orders_pkey",
                          "Relation Name": "orders",
                          "Schema": "public",
                          "Alias": "orders",
                          "Startup Cost": 0.43,
                          "Total Cost": 0.45,
                          "Plan Rows": 1,
                          "Plan Width": 8,
                          "Output": [
                            "orders.o_orderkey",
                            "orders.o_custkey",
                            "orders.o_orderstatus",
                            "orders.o_totalprice",
                            "orders.o_orderdate",
                            "orders.o_orderpriority",
                            "orders.o_clerk",
                            "orders.o_shippriority",
                            "orders.o_comment"
                          ],
                          "Index Cond": "(orders.o_orderkey = lineitem.l_orderkey)"
                        }
                      ]
                    }
                  ]
                }
              ]
            }
          ]
        }
      ]
    },
    "JIT": {
      "Functions": 43,
      "Options": {
        "Inlining": false,
        "Optimization": false,
        "Expressions": true,
        "Deforming": true
      }
    }
  }
]
```

---

## 59. Q9_17_seed_131264496.sql

**File Path:** `/Users/brunowinter2000/Documents/Thesis/2025_2026/Plan-Level/Generated_Queries/Q9/Q9_17_seed_131264496.sql`

### EXPLAIN JSON

```json
[
  {
    "Plan": {
      "Node Type": "Sort",
      "Parallel Aware": false,
      "Async Capable": false,
      "Startup Cost": 223771.84,
      "Total Cost": 223922.21,
      "Plan Rows": 60150,
      "Plan Width": 168,
      "Output": [
        "nation.n_name",
        "(EXTRACT(year FROM orders.o_orderdate))",
        "(sum(((lineitem.l_extendedprice * ('1'::numeric - lineitem.l_discount)) - (partsupp.ps_supplycost * lineitem.l_quantity))))"
      ],
      "Sort Key": [
        "nation.n_name",
        "(EXTRACT(year FROM orders.o_orderdate)) DESC"
      ],
      "Plans": [
        {
          "Node Type": "Aggregate",
          "Strategy": "Hashed",
          "Partial Mode": "Finalize",
          "Parent Relationship": "Outer",
          "Parallel Aware": false,
          "Async Capable": false,
          "Startup Cost": 218094.8,
          "Total Cost": 218997.05,
          "Plan Rows": 60150,
          "Plan Width": 168,
          "Output": [
            "nation.n_name",
            "(EXTRACT(year FROM orders.o_orderdate))",
            "sum(((lineitem.l_extendedprice * ('1'::numeric - lineitem.l_discount)) - (partsupp.ps_supplycost * lineitem.l_quantity)))"
          ],
          "Group Key": [
            "nation.n_name",
            "(EXTRACT(year FROM orders.o_orderdate))"
          ],
          "Planned Partitions": 0,
          "Plans": [
            {
              "Node Type": "Gather",
              "Parent Relationship": "Outer",
              "Parallel Aware": false,
              "Async Capable": false,
              "Startup Cost": 184110.05,
              "Total Cost": 215087.3,
              "Plan Rows": 300750,
              "Plan Width": 168,
              "Output": [
                "nation.n_name",
                "(EXTRACT(year FROM orders.o_orderdate))",
                "(PARTIAL sum(((lineitem.l_extendedprice * ('1'::numeric - lineitem.l_discount)) - (partsupp.ps_supplycost * lineitem.l_quantity))))"
              ],
              "Workers Planned": 5,
              "Single Copy": false,
              "Plans": [
                {
                  "Node Type": "Aggregate",
                  "Strategy": "Hashed",
                  "Partial Mode": "Partial",
                  "Parent Relationship": "Outer",
                  "Parallel Aware": false,
                  "Async Capable": false,
                  "Startup Cost": 183110.05,
                  "Total Cost": 184012.3,
                  "Plan Rows": 60150,
                  "Plan Width": 168,
                  "Output": [
                    "nation.n_name",
                    "(EXTRACT(year FROM orders.o_orderdate))",
                    "PARTIAL sum(((lineitem.l_extendedprice * ('1'::numeric - lineitem.l_discount)) - (partsupp.ps_supplycost * lineitem.l_quantity)))"
                  ],
                  "Group Key": [
                    "nation.n_name",
                    "EXTRACT(year FROM orders.o_orderdate)"
                  ],
                  "Planned Partitions": 0,
                  "Plans": [
                    {
                      "Node Type": "Nested Loop",
                      "Parent Relationship": "Outer",
                      "Parallel Aware": false,
                      "Async Capable": false,
                      "Join Type": "Inner",
                      "Startup Cost": 15552.04,
                      "Total Cost": 181847.26,
                      "Plan Rows": 72159,
                      "Plan Width": 159,
                      "Output": [
                        "nation.n_name",
                        "EXTRACT(year FROM orders.o_orderdate)",
                        "lineitem.l_extendedprice",
                        "lineitem.l_discount",
                        "partsupp.ps_supplycost",
                        "lineitem.l_quantity"
                      ],
                      "Inner Unique": true,
                      "Plans": [
                        {
                          "Node Type": "Hash Join",
                          "Parent Relationship": "Outer",
                          "Parallel Aware": true,
                          "Async Capable": false,
                          "Join Type": "Inner",
                          "Startup Cost": 15551.61,
                          "Total Cost": 149155.98,
                          "Plan Rows": 72159,
                          "Plan Width": 131,
                          "Output": [
                            "lineitem.l_extendedprice",
                            "lineitem.l_discount",
                            "lineitem.l_quantity",
                            "lineitem.l_orderkey",
                            "partsupp.ps_supplycost",
                            "nation.n_name"
                          ],
                          "Inner Unique": false,
                          "Hash Cond": "((lineitem.l_suppkey = supplier.s_suppkey) AND (lineitem.l_partkey = partsupp.ps_partkey))",
                          "Plans": [
                            {
                              "Node Type": "Seq Scan",
                              "Parent Relationship": "Outer",
                              "Parallel Aware": true,
                              "Async Capable": false,
                              "Relation Name": "lineitem",
                              "Schema": "public",
                              "Alias": "lineitem",
                              "Startup Cost": 0.0,
                              "Total Cost": 124602.43,
                              "Plan Rows": 1200243,
                              "Plan Width": 29,
                              "Output": [
                                "lineitem.l_orderkey",
                                "lineitem.l_partkey",
                                "lineitem.l_suppkey",
                                "lineitem.l_linenumber",
                                "lineitem.l_quantity",
                                "lineitem.l_extendedprice",
                                "lineitem.l_discount",
                                "lineitem.l_tax",
                                "lineitem.l_returnflag",
                                "lineitem.l_linestatus",
                                "lineitem.l_shipdate",
                                "lineitem.l_commitdate",
                                "lineitem.l_receiptdate",
                                "lineitem.l_shipinstruct",
                                "lineitem.l_shipmode",
                                "lineitem.l_comment"
                              ]
                            },
                            {
                              "Node Type": "Hash",
                              "Parent Relationship": "Inner",
                              "Parallel Aware": true,
                              "Async Capable": false,
                              "Startup Cost": 15251.01,
                              "Total Cost": 15251.01,
                              "Plan Rows": 20040,
                              "Plan Width": 126,
                              "Output": [
                                "part.p_partkey",
                                "partsupp.ps_supplycost",
                                "partsupp.ps_suppkey",
                                "partsupp.ps_partkey",
                                "supplier.s_suppkey",
                                "nation.n_name"
                              ],
                              "Plans": [
                                {
                                  "Node Type": "Hash Join",
                                  "Parent Relationship": "Outer",
                                  "Parallel Aware": false,
                                  "Async Capable": false,
                                  "Join Type": "Inner",
                                  "Startup Cost": 449.99,
                                  "Total Cost": 15251.01,
                                  "Plan Rows": 20040,
                                  "Plan Width": 126,
                                  "Output": [
                                    "part.p_partkey",
                                    "partsupp.ps_supplycost",
                                    "partsupp.ps_suppkey",
                                    "partsupp.ps_partkey",
                                    "supplier.s_suppkey",
                                    "nation.n_name"
                                  ],
                                  "Inner Unique": true,
                                  "Hash Cond": "(supplier.s_nationkey = nation.n_nationkey)",
                                  "Plans": [
                                    {
                                      "Node Type": "Hash Join",
                                      "Parent Relationship": "Outer",
                                      "Parallel Aware": false,
                                      "Async Capable": false,
                                      "Join Type": "Inner",
                                      "Startup Cost": 448.43,
                                      "Total Cost": 15187.92,
                                      "Plan Rows": 20040,
                                      "Plan Width": 26,
                                      "Output": [
                                        "part.p_partkey",
                                        "partsupp.ps_supplycost",
                                        "partsupp.ps_suppkey",
                                        "partsupp.ps_partkey",
                                        "supplier.s_suppkey",
                                        "supplier.s_nationkey"
                                      ],
                                      "Inner Unique": true,
                                      "Hash Cond": "(partsupp.ps_suppkey = supplier.s_suppkey)",
                                      "Plans": [
                                        {
                                          "Node Type": "Nested Loop",
                                          "Parent Relationship": "Outer",
                                          "Parallel Aware": false,
                                          "Async Capable": false,
                                          "Join Type": "Inner",
                                          "Startup Cost": 0.42,
                                          "Total Cost": 14687.3,
                                          "Plan Rows": 20040,
                                          "Plan Width": 18,
                                          "Output": [
                                            "part.p_partkey",
                                            "partsupp.ps_supplycost",
                                            "partsupp.ps_suppkey",
                                            "partsupp.ps_partkey"
                                          ],
                                          "Inner Unique": false,
                                          "Plans": [
                                            {
                                              "Node Type": "Seq Scan",
                                              "Parent Relationship": "Outer",
                                              "Parallel Aware": true,
                                              "Async Capable": false,
                                              "Relation Name": "part",
                                              "Schema": "public",
                                              "Alias": "part",
                                              "Startup Cost": 0.0,
                                              "Total Cost": 5169.67,
                                              "Plan Rows": 5010,
                                              "Plan Width": 4,
                                              "Output": [
                                                "part.p_partkey",
                                                "part.p_name",
                                                "part.p_mfgr",
                                                "part.p_brand",
                                                "part.p_type",
                                                "part.p_size",
                                                "part.p_container",
                                                "part.p_retailprice",
                                                "part.p_comment"
                                              ],
                                              "Filter": "((part.p_name)::text ~~ '%spring%'::text)"
                                            },
                                            {
                                              "Node Type": "Index Scan",
                                              "Parent Relationship": "Inner",
                                              "Parallel Aware": false,
                                              "Async Capable": false,
                                              "Scan Direction": "Forward",
                                              "Index Name": "partsupp_pkey",
                                              "Relation Name": "partsupp",
                                              "Schema": "public",
                                              "Alias": "partsupp",
                                              "Startup Cost": 0.42,
                                              "Total Cost": 1.86,
                                              "Plan Rows": 4,
                                              "Plan Width": 14,
                                              "Output": [
                                                "partsupp.ps_partkey",
                                                "partsupp.ps_suppkey",
                                                "partsupp.ps_availqty",
                                                "partsupp.ps_supplycost",
                                                "partsupp.ps_comment"
                                              ],
                                              "Index Cond": "(partsupp.ps_partkey = part.p_partkey)"
                                            }
                                          ]
                                        },
                                        {
                                          "Node Type": "Hash",
                                          "Parent Relationship": "Inner",
                                          "Parallel Aware": false,
                                          "Async Capable": false,
                                          "Startup Cost": 323.0,
                                          "Total Cost": 323.0,
                                          "Plan Rows": 10000,
                                          "Plan Width": 8,
                                          "Output": [
                                            "supplier.s_suppkey",
                                            "supplier.s_nationkey"
                                          ],
                                          "Plans": [
                                            {
                                              "Node Type": "Seq Scan",
                                              "Parent Relationship": "Outer",
                                              "Parallel Aware": false,
                                              "Async Capable": false,
                                              "Relation Name": "supplier",
                                              "Schema": "public",
                                              "Alias": "supplier",
                                              "Startup Cost": 0.0,
                                              "Total Cost": 323.0,
                                              "Plan Rows": 10000,
                                              "Plan Width": 8,
                                              "Output": [
                                                "supplier.s_suppkey",
                                                "supplier.s_nationkey"
                                              ]
                                            }
                                          ]
                                        }
                                      ]
                                    },
                                    {
                                      "Node Type": "Hash",
                                      "Parent Relationship": "Inner",
                                      "Parallel Aware": false,
                                      "Async Capable": false,
                                      "Startup Cost": 1.25,
                                      "Total Cost": 1.25,
                                      "Plan Rows": 25,
                                      "Plan Width": 108,
                                      "Output": [
                                        "nation.n_name",
                                        "nation.n_nationkey"
                                      ],
                                      "Plans": [
                                        {
                                          "Node Type": "Seq Scan",
                                          "Parent Relationship": "Outer",
                                          "Parallel Aware": false,
                                          "Async Capable": false,
                                          "Relation Name": "nation",
                                          "Schema": "public",
                                          "Alias": "nation",
                                          "Startup Cost": 0.0,
                                          "Total Cost": 1.25,
                                          "Plan Rows": 25,
                                          "Plan Width": 108,
                                          "Output": [
                                            "nation.n_name",
                                            "nation.n_nationkey"
                                          ]
                                        }
                                      ]
                                    }
                                  ]
                                }
                              ]
                            }
                          ]
                        },
                        {
                          "Node Type": "Index Scan",
                          "Parent Relationship": "Inner",
                          "Parallel Aware": false,
                          "Async Capable": false,
                          "Scan Direction": "Forward",
                          "Index Name": "orders_pkey",
                          "Relation Name": "orders",
                          "Schema": "public",
                          "Alias": "orders",
                          "Startup Cost": 0.43,
                          "Total Cost": 0.45,
                          "Plan Rows": 1,
                          "Plan Width": 8,
                          "Output": [
                            "orders.o_orderkey",
                            "orders.o_custkey",
                            "orders.o_orderstatus",
                            "orders.o_totalprice",
                            "orders.o_orderdate",
                            "orders.o_orderpriority",
                            "orders.o_clerk",
                            "orders.o_shippriority",
                            "orders.o_comment"
                          ],
                          "Index Cond": "(orders.o_orderkey = lineitem.l_orderkey)"
                        }
                      ]
                    }
                  ]
                }
              ]
            }
          ]
        }
      ]
    },
    "JIT": {
      "Functions": 43,
      "Options": {
        "Inlining": false,
        "Optimization": false,
        "Expressions": true,
        "Deforming": true
      }
    }
  }
]
```

---

## 60. Q9_18_seed_139468527.sql

**File Path:** `/Users/brunowinter2000/Documents/Thesis/2025_2026/Plan-Level/Generated_Queries/Q9/Q9_18_seed_139468527.sql`

### EXPLAIN JSON

```json
[
  {
    "Plan": {
      "Node Type": "Sort",
      "Parallel Aware": false,
      "Async Capable": false,
      "Startup Cost": 213659.85,
      "Total Cost": 213810.22,
      "Plan Rows": 60150,
      "Plan Width": 168,
      "Output": [
        "nation.n_name",
        "(EXTRACT(year FROM orders.o_orderdate))",
        "(sum(((lineitem.l_extendedprice * ('1'::numeric - lineitem.l_discount)) - (partsupp.ps_supplycost * lineitem.l_quantity))))"
      ],
      "Sort Key": [
        "nation.n_name",
        "(EXTRACT(year FROM orders.o_orderdate)) DESC"
      ],
      "Plans": [
        {
          "Node Type": "Aggregate",
          "Strategy": "Hashed",
          "Partial Mode": "Finalize",
          "Parent Relationship": "Outer",
          "Parallel Aware": false,
          "Async Capable": false,
          "Startup Cost": 207982.81,
          "Total Cost": 208885.06,
          "Plan Rows": 60150,
          "Plan Width": 168,
          "Output": [
            "nation.n_name",
            "(EXTRACT(year FROM orders.o_orderdate))",
            "sum(((lineitem.l_extendedprice * ('1'::numeric - lineitem.l_discount)) - (partsupp.ps_supplycost * lineitem.l_quantity)))"
          ],
          "Group Key": [
            "nation.n_name",
            "(EXTRACT(year FROM orders.o_orderdate))"
          ],
          "Planned Partitions": 0,
          "Plans": [
            {
              "Node Type": "Gather",
              "Parent Relationship": "Outer",
              "Parallel Aware": false,
              "Async Capable": false,
              "Startup Cost": 187231.06,
              "Total Cost": 206178.31,
              "Plan Rows": 180450,
              "Plan Width": 168,
              "Output": [
                "nation.n_name",
                "(EXTRACT(year FROM orders.o_orderdate))",
                "(PARTIAL sum(((lineitem.l_extendedprice * ('1'::numeric - lineitem.l_discount)) - (partsupp.ps_supplycost * lineitem.l_quantity))))"
              ],
              "Workers Planned": 3,
              "Single Copy": false,
              "Plans": [
                {
                  "Node Type": "Aggregate",
                  "Strategy": "Hashed",
                  "Partial Mode": "Partial",
                  "Parent Relationship": "Outer",
                  "Parallel Aware": false,
                  "Async Capable": false,
                  "Startup Cost": 186231.06,
                  "Total Cost": 187133.31,
                  "Plan Rows": 60150,
                  "Plan Width": 168,
                  "Output": [
                    "nation.n_name",
                    "(EXTRACT(year FROM orders.o_orderdate))",
                    "PARTIAL sum(((lineitem.l_extendedprice * ('1'::numeric - lineitem.l_discount)) - (partsupp.ps_supplycost * lineitem.l_quantity)))"
                  ],
                  "Group Key": [
                    "nation.n_name",
                    "EXTRACT(year FROM orders.o_orderdate)"
                  ],
                  "Planned Partitions": 0,
                  "Plans": [
                    {
                      "Node Type": "Hash Join",
                      "Parent Relationship": "Outer",
                      "Parallel Aware": true,
                      "Async Capable": false,
                      "Join Type": "Inner",
                      "Startup Cost": 150625.41,
                      "Total Cost": 183990.72,
                      "Plan Rows": 128019,
                      "Plan Width": 159,
                      "Output": [
                        "nation.n_name",
                        "EXTRACT(year FROM orders.o_orderdate)",
                        "lineitem.l_extendedprice",
                        "lineitem.l_discount",
                        "partsupp.ps_supplycost",
                        "lineitem.l_quantity"
                      ],
                      "Inner Unique": false,
                      "Hash Cond": "(orders.o_orderkey = lineitem.l_orderkey)",
                      "Plans": [
                        {
                          "Node Type": "Seq Scan",
                          "Parent Relationship": "Outer",
                          "Parallel Aware": true,
                          "Async Capable": false,
                          "Relation Name": "orders",
                          "Schema": "public",
                          "Alias": "orders",
                          "Startup Cost": 0.0,
                          "Total Cost": 30974.71,
                          "Plan Rows": 483871,
                          "Plan Width": 8,
                          "Output": [
                            "orders.o_orderkey",
                            "orders.o_custkey",
                            "orders.o_orderstatus",
                            "orders.o_totalprice",
                            "orders.o_orderdate",
                            "orders.o_orderpriority",
                            "orders.o_clerk",
                            "orders.o_shippriority",
                            "orders.o_comment"
                          ]
                        },
                        {
                          "Node Type": "Hash",
                          "Parent Relationship": "Inner",
                          "Parallel Aware": true,
                          "Async Capable": false,
                          "Startup Cost": 149633.26,
                          "Total Cost": 149633.26,
                          "Plan Rows": 79372,
                          "Plan Width": 131,
                          "Output": [
                            "lineitem.l_extendedprice",
                            "lineitem.l_discount",
                            "lineitem.l_quantity",
                            "lineitem.l_orderkey",
                            "partsupp.ps_supplycost",
                            "nation.n_name"
                          ],
                          "Plans": [
                            {
                              "Node Type": "Hash Join",
                              "Parent Relationship": "Outer",
                              "Parallel Aware": true,
                              "Async Capable": false,
                              "Join Type": "Inner",
                              "Startup Cost": 16028.88,
                              "Total Cost": 149633.26,
                              "Plan Rows": 79372,
                              "Plan Width": 131,
                              "Output": [
                                "lineitem.l_extendedprice",
                                "lineitem.l_discount",
                                "lineitem.l_quantity",
                                "lineitem.l_orderkey",
                                "partsupp.ps_supplycost",
                                "nation.n_name"
                              ],
                              "Inner Unique": false,
                              "Hash Cond": "((lineitem.l_suppkey = supplier.s_suppkey) AND (lineitem.l_partkey = partsupp.ps_partkey))",
                              "Plans": [
                                {
                                  "Node Type": "Seq Scan",
                                  "Parent Relationship": "Outer",
                                  "Parallel Aware": true,
                                  "Async Capable": false,
                                  "Relation Name": "lineitem",
                                  "Schema": "public",
                                  "Alias": "lineitem",
                                  "Startup Cost": 0.0,
                                  "Total Cost": 124602.43,
                                  "Plan Rows": 1200243,
                                  "Plan Width": 29,
                                  "Output": [
                                    "lineitem.l_orderkey",
                                    "lineitem.l_partkey",
                                    "lineitem.l_suppkey",
                                    "lineitem.l_linenumber",
                                    "lineitem.l_quantity",
                                    "lineitem.l_extendedprice",
                                    "lineitem.l_discount",
                                    "lineitem.l_tax",
                                    "lineitem.l_returnflag",
                                    "lineitem.l_linestatus",
                                    "lineitem.l_shipdate",
                                    "lineitem.l_commitdate",
                                    "lineitem.l_receiptdate",
                                    "lineitem.l_shipinstruct",
                                    "lineitem.l_shipmode",
                                    "lineitem.l_comment"
                                  ]
                                },
                                {
                                  "Node Type": "Hash",
                                  "Parent Relationship": "Inner",
                                  "Parallel Aware": true,
                                  "Async Capable": false,
                                  "Startup Cost": 15698.23,
                                  "Total Cost": 15698.23,
                                  "Plan Rows": 22043,
                                  "Plan Width": 126,
                                  "Output": [
                                    "part.p_partkey",
                                    "partsupp.ps_supplycost",
                                    "partsupp.ps_suppkey",
                                    "partsupp.ps_partkey",
                                    "supplier.s_suppkey",
                                    "nation.n_name"
                                  ],
                                  "Plans": [
                                    {
                                      "Node Type": "Hash Join",
                                      "Parent Relationship": "Outer",
                                      "Parallel Aware": false,
                                      "Async Capable": false,
                                      "Join Type": "Inner",
                                      "Startup Cost": 449.99,
                                      "Total Cost": 15698.23,
                                      "Plan Rows": 22043,
                                      "Plan Width": 126,
                                      "Output": [
                                        "part.p_partkey",
                                        "partsupp.ps_supplycost",
                                        "partsupp.ps_suppkey",
                                        "partsupp.ps_partkey",
                                        "supplier.s_suppkey",
                                        "nation.n_name"
                                      ],
                                      "Inner Unique": true,
                                      "Hash Cond": "(supplier.s_nationkey = nation.n_nationkey)",
                                      "Plans": [
                                        {
                                          "Node Type": "Hash Join",
                                          "Parent Relationship": "Outer",
                                          "Parallel Aware": false,
                                          "Async Capable": false,
                                          "Join Type": "Inner",
                                          "Startup Cost": 448.43,
                                          "Total Cost": 15628.99,
                                          "Plan Rows": 22043,
                                          "Plan Width": 26,
                                          "Output": [
                                            "part.p_partkey",
                                            "partsupp.ps_supplycost",
                                            "partsupp.ps_suppkey",
                                            "partsupp.ps_partkey",
                                            "supplier.s_suppkey",
                                            "supplier.s_nationkey"
                                          ],
                                          "Inner Unique": true,
                                          "Hash Cond": "(partsupp.ps_suppkey = supplier.s_suppkey)",
                                          "Plans": [
                                            {
                                              "Node Type": "Nested Loop",
                                              "Parent Relationship": "Outer",
                                              "Parallel Aware": false,
                                              "Async Capable": false,
                                              "Join Type": "Inner",
                                              "Startup Cost": 0.42,
                                              "Total Cost": 15123.11,
                                              "Plan Rows": 22043,
                                              "Plan Width": 18,
                                              "Output": [
                                                "part.p_partkey",
                                                "partsupp.ps_supplycost",
                                                "partsupp.ps_suppkey",
                                                "partsupp.ps_partkey"
                                              ],
                                              "Inner Unique": false,
                                              "Plans": [
                                                {
                                                  "Node Type": "Seq Scan",
                                                  "Parent Relationship": "Outer",
                                                  "Parallel Aware": true,
                                                  "Async Capable": false,
                                                  "Relation Name": "part",
                                                  "Schema": "public",
                                                  "Alias": "part",
                                                  "Startup Cost": 0.0,
                                                  "Total Cost": 5169.67,
                                                  "Plan Rows": 5511,
                                                  "Plan Width": 4,
                                                  "Output": [
                                                    "part.p_partkey",
                                                    "part.p_name",
                                                    "part.p_mfgr",
                                                    "part.p_brand",
                                                    "part.p_type",
                                                    "part.p_size",
                                                    "part.p_container",
                                                    "part.p_retailprice",
                                                    "part.p_comment"
                                                  ],
                                                  "Filter": "((part.p_name)::text ~~ '%hot%'::text)"
                                                },
                                                {
                                                  "Node Type": "Index Scan",
                                                  "Parent Relationship": "Inner",
                                                  "Parallel Aware": false,
                                                  "Async Capable": false,
                                                  "Scan Direction": "Forward",
                                                  "Index Name": "partsupp_pkey",
                                                  "Relation Name": "partsupp",
                                                  "Schema": "public",
                                                  "Alias": "partsupp",
                                                  "Startup Cost": 0.42,
                                                  "Total Cost": 1.77,
                                                  "Plan Rows": 4,
                                                  "Plan Width": 14,
                                                  "Output": [
                                                    "partsupp.ps_partkey",
                                                    "partsupp.ps_suppkey",
                                                    "partsupp.ps_availqty",
                                                    "partsupp.ps_supplycost",
                                                    "partsupp.ps_comment"
                                                  ],
                                                  "Index Cond": "(partsupp.ps_partkey = part.p_partkey)"
                                                }
                                              ]
                                            },
                                            {
                                              "Node Type": "Hash",
                                              "Parent Relationship": "Inner",
                                              "Parallel Aware": false,
                                              "Async Capable": false,
                                              "Startup Cost": 323.0,
                                              "Total Cost": 323.0,
                                              "Plan Rows": 10000,
                                              "Plan Width": 8,
                                              "Output": [
                                                "supplier.s_suppkey",
                                                "supplier.s_nationkey"
                                              ],
                                              "Plans": [
                                                {
                                                  "Node Type": "Seq Scan",
                                                  "Parent Relationship": "Outer",
                                                  "Parallel Aware": false,
                                                  "Async Capable": false,
                                                  "Relation Name": "supplier",
                                                  "Schema": "public",
                                                  "Alias": "supplier",
                                                  "Startup Cost": 0.0,
                                                  "Total Cost": 323.0,
                                                  "Plan Rows": 10000,
                                                  "Plan Width": 8,
                                                  "Output": [
                                                    "supplier.s_suppkey",
                                                    "supplier.s_nationkey"
                                                  ]
                                                }
                                              ]
                                            }
                                          ]
                                        },
                                        {
                                          "Node Type": "Hash",
                                          "Parent Relationship": "Inner",
                                          "Parallel Aware": false,
                                          "Async Capable": false,
                                          "Startup Cost": 1.25,
                                          "Total Cost": 1.25,
                                          "Plan Rows": 25,
                                          "Plan Width": 108,
                                          "Output": [
                                            "nation.n_name",
                                            "nation.n_nationkey"
                                          ],
                                          "Plans": [
                                            {
                                              "Node Type": "Seq Scan",
                                              "Parent Relationship": "Outer",
                                              "Parallel Aware": false,
                                              "Async Capable": false,
                                              "Relation Name": "nation",
                                              "Schema": "public",
                                              "Alias": "nation",
                                              "Startup Cost": 0.0,
                                              "Total Cost": 1.25,
                                              "Plan Rows": 25,
                                              "Plan Width": 108,
                                              "Output": [
                                                "nation.n_name",
                                                "nation.n_nationkey"
                                              ]
                                            }
                                          ]
                                        }
                                      ]
                                    }
                                  ]
                                }
                              ]
                            }
                          ]
                        }
                      ]
                    }
                  ]
                }
              ]
            }
          ]
        }
      ]
    },
    "JIT": {
      "Functions": 48,
      "Options": {
        "Inlining": false,
        "Optimization": false,
        "Expressions": true,
        "Deforming": true
      }
    }
  }
]
```

---

## 61. Q9_19_seed_147672558.sql

**File Path:** `/Users/brunowinter2000/Documents/Thesis/2025_2026/Plan-Level/Generated_Queries/Q9/Q9_19_seed_147672558.sql`

### EXPLAIN JSON

```json
[
  {
    "Plan": {
      "Node Type": "Sort",
      "Parallel Aware": false,
      "Async Capable": false,
      "Startup Cost": 215550.82,
      "Total Cost": 215701.2,
      "Plan Rows": 60150,
      "Plan Width": 168,
      "Output": [
        "nation.n_name",
        "(EXTRACT(year FROM orders.o_orderdate))",
        "(sum(((lineitem.l_extendedprice * ('1'::numeric - lineitem.l_discount)) - (partsupp.ps_supplycost * lineitem.l_quantity))))"
      ],
      "Sort Key": [
        "nation.n_name",
        "(EXTRACT(year FROM orders.o_orderdate)) DESC"
      ],
      "Plans": [
        {
          "Node Type": "Aggregate",
          "Strategy": "Hashed",
          "Partial Mode": "Finalize",
          "Parent Relationship": "Outer",
          "Parallel Aware": false,
          "Async Capable": false,
          "Startup Cost": 209873.78,
          "Total Cost": 210776.03,
          "Plan Rows": 60150,
          "Plan Width": 168,
          "Output": [
            "nation.n_name",
            "(EXTRACT(year FROM orders.o_orderdate))",
            "sum(((lineitem.l_extendedprice * ('1'::numeric - lineitem.l_discount)) - (partsupp.ps_supplycost * lineitem.l_quantity)))"
          ],
          "Group Key": [
            "nation.n_name",
            "(EXTRACT(year FROM orders.o_orderdate))"
          ],
          "Planned Partitions": 0,
          "Plans": [
            {
              "Node Type": "Gather",
              "Parent Relationship": "Outer",
              "Parallel Aware": false,
              "Async Capable": false,
              "Startup Cost": 189122.03,
              "Total Cost": 208069.28,
              "Plan Rows": 180450,
              "Plan Width": 168,
              "Output": [
                "nation.n_name",
                "(EXTRACT(year FROM orders.o_orderdate))",
                "(PARTIAL sum(((lineitem.l_extendedprice * ('1'::numeric - lineitem.l_discount)) - (partsupp.ps_supplycost * lineitem.l_quantity))))"
              ],
              "Workers Planned": 3,
              "Single Copy": false,
              "Plans": [
                {
                  "Node Type": "Aggregate",
                  "Strategy": "Hashed",
                  "Partial Mode": "Partial",
                  "Parent Relationship": "Outer",
                  "Parallel Aware": false,
                  "Async Capable": false,
                  "Startup Cost": 188122.03,
                  "Total Cost": 189024.28,
                  "Plan Rows": 60150,
                  "Plan Width": 168,
                  "Output": [
                    "nation.n_name",
                    "(EXTRACT(year FROM orders.o_orderdate))",
                    "PARTIAL sum(((lineitem.l_extendedprice * ('1'::numeric - lineitem.l_discount)) - (partsupp.ps_supplycost * lineitem.l_quantity)))"
                  ],
                  "Group Key": [
                    "nation.n_name",
                    "EXTRACT(year FROM orders.o_orderdate)"
                  ],
                  "Planned Partitions": 0,
                  "Plans": [
                    {
                      "Node Type": "Hash Join",
                      "Parent Relationship": "Outer",
                      "Parallel Aware": true,
                      "Async Capable": false,
                      "Join Type": "Inner",
                      "Startup Cost": 151918.84,
                      "Total Cost": 185406.38,
                      "Plan Rows": 155180,
                      "Plan Width": 159,
                      "Output": [
                        "nation.n_name",
                        "EXTRACT(year FROM orders.o_orderdate)",
                        "lineitem.l_extendedprice",
                        "lineitem.l_discount",
                        "partsupp.ps_supplycost",
                        "lineitem.l_quantity"
                      ],
                      "Inner Unique": false,
                      "Hash Cond": "(orders.o_orderkey = lineitem.l_orderkey)",
                      "Plans": [
                        {
                          "Node Type": "Seq Scan",
                          "Parent Relationship": "Outer",
                          "Parallel Aware": true,
                          "Async Capable": false,
                          "Relation Name": "orders",
                          "Schema": "public",
                          "Alias": "orders",
                          "Startup Cost": 0.0,
                          "Total Cost": 30974.71,
                          "Plan Rows": 483871,
                          "Plan Width": 8,
                          "Output": [
                            "orders.o_orderkey",
                            "orders.o_custkey",
                            "orders.o_orderstatus",
                            "orders.o_totalprice",
                            "orders.o_orderdate",
                            "orders.o_orderpriority",
                            "orders.o_clerk",
                            "orders.o_shippriority",
                            "orders.o_comment"
                          ]
                        },
                        {
                          "Node Type": "Hash",
                          "Parent Relationship": "Inner",
                          "Parallel Aware": true,
                          "Async Capable": false,
                          "Startup Cost": 150716.21,
                          "Total Cost": 150716.21,
                          "Plan Rows": 96211,
                          "Plan Width": 131,
                          "Output": [
                            "lineitem.l_extendedprice",
                            "lineitem.l_discount",
                            "lineitem.l_quantity",
                            "lineitem.l_orderkey",
                            "partsupp.ps_supplycost",
                            "nation.n_name"
                          ],
                          "Plans": [
                            {
                              "Node Type": "Hash Join",
                              "Parent Relationship": "Outer",
                              "Parallel Aware": true,
                              "Async Capable": false,
                              "Join Type": "Inner",
                              "Startup Cost": 17111.79,
                              "Total Cost": 150716.21,
                              "Plan Rows": 96211,
                              "Plan Width": 131,
                              "Output": [
                                "lineitem.l_extendedprice",
                                "lineitem.l_discount",
                                "lineitem.l_quantity",
                                "lineitem.l_orderkey",
                                "partsupp.ps_supplycost",
                                "nation.n_name"
                              ],
                              "Inner Unique": false,
                              "Hash Cond": "((lineitem.l_suppkey = supplier.s_suppkey) AND (lineitem.l_partkey = partsupp.ps_partkey))",
                              "Plans": [
                                {
                                  "Node Type": "Seq Scan",
                                  "Parent Relationship": "Outer",
                                  "Parallel Aware": true,
                                  "Async Capable": false,
                                  "Relation Name": "lineitem",
                                  "Schema": "public",
                                  "Alias": "lineitem",
                                  "Startup Cost": 0.0,
                                  "Total Cost": 124602.43,
                                  "Plan Rows": 1200243,
                                  "Plan Width": 29,
                                  "Output": [
                                    "lineitem.l_orderkey",
                                    "lineitem.l_partkey",
                                    "lineitem.l_suppkey",
                                    "lineitem.l_linenumber",
                                    "lineitem.l_quantity",
                                    "lineitem.l_extendedprice",
                                    "lineitem.l_discount",
                                    "lineitem.l_tax",
                                    "lineitem.l_returnflag",
                                    "lineitem.l_linestatus",
                                    "lineitem.l_shipdate",
                                    "lineitem.l_commitdate",
                                    "lineitem.l_receiptdate",
                                    "lineitem.l_shipinstruct",
                                    "lineitem.l_shipmode",
                                    "lineitem.l_comment"
                                  ]
                                },
                                {
                                  "Node Type": "Hash",
                                  "Parent Relationship": "Inner",
                                  "Parallel Aware": true,
                                  "Async Capable": false,
                                  "Startup Cost": 16710.99,
                                  "Total Cost": 16710.99,
                                  "Plan Rows": 26720,
                                  "Plan Width": 126,
                                  "Output": [
                                    "part.p_partkey",
                                    "partsupp.ps_supplycost",
                                    "partsupp.ps_suppkey",
                                    "partsupp.ps_partkey",
                                    "supplier.s_suppkey",
                                    "nation.n_name"
                                  ],
                                  "Plans": [
                                    {
                                      "Node Type": "Hash Join",
                                      "Parent Relationship": "Outer",
                                      "Parallel Aware": false,
                                      "Async Capable": false,
                                      "Join Type": "Inner",
                                      "Startup Cost": 449.99,
                                      "Total Cost": 16710.99,
                                      "Plan Rows": 26720,
                                      "Plan Width": 126,
                                      "Output": [
                                        "part.p_partkey",
                                        "partsupp.ps_supplycost",
                                        "partsupp.ps_suppkey",
                                        "partsupp.ps_partkey",
                                        "supplier.s_suppkey",
                                        "nation.n_name"
                                      ],
                                      "Inner Unique": true,
                                      "Hash Cond": "(supplier.s_nationkey = nation.n_nationkey)",
                                      "Plans": [
                                        {
                                          "Node Type": "Hash Join",
                                          "Parent Relationship": "Outer",
                                          "Parallel Aware": false,
                                          "Async Capable": false,
                                          "Join Type": "Inner",
                                          "Startup Cost": 448.43,
                                          "Total Cost": 16627.4,
                                          "Plan Rows": 26720,
                                          "Plan Width": 26,
                                          "Output": [
                                            "part.p_partkey",
                                            "partsupp.ps_supplycost",
                                            "partsupp.ps_suppkey",
                                            "partsupp.ps_partkey",
                                            "supplier.s_suppkey",
                                            "supplier.s_nationkey"
                                          ],
                                          "Inner Unique": true,
                                          "Hash Cond": "(partsupp.ps_suppkey = supplier.s_suppkey)",
                                          "Plans": [
                                            {
                                              "Node Type": "Nested Loop",
                                              "Parent Relationship": "Outer",
                                              "Parallel Aware": false,
                                              "Async Capable": false,
                                              "Join Type": "Inner",
                                              "Startup Cost": 0.42,
                                              "Total Cost": 16109.23,
                                              "Plan Rows": 26720,
                                              "Plan Width": 18,
                                              "Output": [
                                                "part.p_partkey",
                                                "partsupp.ps_supplycost",
                                                "partsupp.ps_suppkey",
                                                "partsupp.ps_partkey"
                                              ],
                                              "Inner Unique": false,
                                              "Plans": [
                                                {
                                                  "Node Type": "Seq Scan",
                                                  "Parent Relationship": "Outer",
                                                  "Parallel Aware": true,
                                                  "Async Capable": false,
                                                  "Relation Name": "part",
                                                  "Schema": "public",
                                                  "Alias": "part",
                                                  "Startup Cost": 0.0,
                                                  "Total Cost": 5169.67,
                                                  "Plan Rows": 6680,
                                                  "Plan Width": 4,
                                                  "Output": [
                                                    "part.p_partkey",
                                                    "part.p_name",
                                                    "part.p_mfgr",
                                                    "part.p_brand",
                                                    "part.p_type",
                                                    "part.p_size",
                                                    "part.p_container",
                                                    "part.p_retailprice",
                                                    "part.p_comment"
                                                  ],
                                                  "Filter": "((part.p_name)::text ~~ '%snow%'::text)"
                                                },
                                                {
                                                  "Node Type": "Index Scan",
                                                  "Parent Relationship": "Inner",
                                                  "Parallel Aware": false,
                                                  "Async Capable": false,
                                                  "Scan Direction": "Forward",
                                                  "Index Name": "partsupp_pkey",
                                                  "Relation Name": "partsupp",
                                                  "Schema": "public",
                                                  "Alias": "partsupp",
                                                  "Startup Cost": 0.42,
                                                  "Total Cost": 1.6,
                                                  "Plan Rows": 4,
                                                  "Plan Width": 14,
                                                  "Output": [
                                                    "partsupp.ps_partkey",
                                                    "partsupp.ps_suppkey",
                                                    "partsupp.ps_availqty",
                                                    "partsupp.ps_supplycost",
                                                    "partsupp.ps_comment"
                                                  ],
                                                  "Index Cond": "(partsupp.ps_partkey = part.p_partkey)"
                                                }
                                              ]
                                            },
                                            {
                                              "Node Type": "Hash",
                                              "Parent Relationship": "Inner",
                                              "Parallel Aware": false,
                                              "Async Capable": false,
                                              "Startup Cost": 323.0,
                                              "Total Cost": 323.0,
                                              "Plan Rows": 10000,
                                              "Plan Width": 8,
                                              "Output": [
                                                "supplier.s_suppkey",
                                                "supplier.s_nationkey"
                                              ],
                                              "Plans": [
                                                {
                                                  "Node Type": "Seq Scan",
                                                  "Parent Relationship": "Outer",
                                                  "Parallel Aware": false,
                                                  "Async Capable": false,
                                                  "Relation Name": "supplier",
                                                  "Schema": "public",
                                                  "Alias": "supplier",
                                                  "Startup Cost": 0.0,
                                                  "Total Cost": 323.0,
                                                  "Plan Rows": 10000,
                                                  "Plan Width": 8,
                                                  "Output": [
                                                    "supplier.s_suppkey",
                                                    "supplier.s_nationkey"
                                                  ]
                                                }
                                              ]
                                            }
                                          ]
                                        },
                                        {
                                          "Node Type": "Hash",
                                          "Parent Relationship": "Inner",
                                          "Parallel Aware": false,
                                          "Async Capable": false,
                                          "Startup Cost": 1.25,
                                          "Total Cost": 1.25,
                                          "Plan Rows": 25,
                                          "Plan Width": 108,
                                          "Output": [
                                            "nation.n_name",
                                            "nation.n_nationkey"
                                          ],
                                          "Plans": [
                                            {
                                              "Node Type": "Seq Scan",
                                              "Parent Relationship": "Outer",
                                              "Parallel Aware": false,
                                              "Async Capable": false,
                                              "Relation Name": "nation",
                                              "Schema": "public",
                                              "Alias": "nation",
                                              "Startup Cost": 0.0,
                                              "Total Cost": 1.25,
                                              "Plan Rows": 25,
                                              "Plan Width": 108,
                                              "Output": [
                                                "nation.n_name",
                                                "nation.n_nationkey"
                                              ]
                                            }
                                          ]
                                        }
                                      ]
                                    }
                                  ]
                                }
                              ]
                            }
                          ]
                        }
                      ]
                    }
                  ]
                }
              ]
            }
          ]
        }
      ]
    },
    "JIT": {
      "Functions": 48,
      "Options": {
        "Inlining": false,
        "Optimization": false,
        "Expressions": true,
        "Deforming": true
      }
    }
  }
]
```

---

## 62. Q9_1_seed_0101000000.sql

**File Path:** `/Users/brunowinter2000/Documents/Thesis/2025_2026/Plan-Level/Generated_Queries/Q9/Q9_1_seed_0101000000.sql`

### EXPLAIN JSON

```json
[
  {
    "Plan": {
      "Node Type": "Sort",
      "Parallel Aware": false,
      "Async Capable": false,
      "Startup Cost": 221184.19,
      "Total Cost": 221334.56,
      "Plan Rows": 60150,
      "Plan Width": 168,
      "Output": [
        "nation.n_name",
        "(EXTRACT(year FROM orders.o_orderdate))",
        "(sum(((lineitem.l_extendedprice * ('1'::numeric - lineitem.l_discount)) - (partsupp.ps_supplycost * lineitem.l_quantity))))"
      ],
      "Sort Key": [
        "nation.n_name",
        "(EXTRACT(year FROM orders.o_orderdate)) DESC"
      ],
      "Plans": [
        {
          "Node Type": "Aggregate",
          "Strategy": "Hashed",
          "Partial Mode": "Finalize",
          "Parent Relationship": "Outer",
          "Parallel Aware": false,
          "Async Capable": false,
          "Startup Cost": 215507.15,
          "Total Cost": 216409.4,
          "Plan Rows": 60150,
          "Plan Width": 168,
          "Output": [
            "nation.n_name",
            "(EXTRACT(year FROM orders.o_orderdate))",
            "sum(((lineitem.l_extendedprice * ('1'::numeric - lineitem.l_discount)) - (partsupp.ps_supplycost * lineitem.l_quantity)))"
          ],
          "Group Key": [
            "nation.n_name",
            "(EXTRACT(year FROM orders.o_orderdate))"
          ],
          "Planned Partitions": 0,
          "Plans": [
            {
              "Node Type": "Gather",
              "Parent Relationship": "Outer",
              "Parallel Aware": false,
              "Async Capable": false,
              "Startup Cost": 181522.4,
              "Total Cost": 212499.65,
              "Plan Rows": 300750,
              "Plan Width": 168,
              "Output": [
                "nation.n_name",
                "(EXTRACT(year FROM orders.o_orderdate))",
                "(PARTIAL sum(((lineitem.l_extendedprice * ('1'::numeric - lineitem.l_discount)) - (partsupp.ps_supplycost * lineitem.l_quantity))))"
              ],
              "Workers Planned": 5,
              "Single Copy": false,
              "Plans": [
                {
                  "Node Type": "Aggregate",
                  "Strategy": "Hashed",
                  "Partial Mode": "Partial",
                  "Parent Relationship": "Outer",
                  "Parallel Aware": false,
                  "Async Capable": false,
                  "Startup Cost": 180522.4,
                  "Total Cost": 181424.65,
                  "Plan Rows": 60150,
                  "Plan Width": 168,
                  "Output": [
                    "nation.n_name",
                    "(EXTRACT(year FROM orders.o_orderdate))",
                    "PARTIAL sum(((lineitem.l_extendedprice * ('1'::numeric - lineitem.l_discount)) - (partsupp.ps_supplycost * lineitem.l_quantity)))"
                  ],
                  "Group Key": [
                    "nation.n_name",
                    "EXTRACT(year FROM orders.o_orderdate)"
                  ],
                  "Planned Partitions": 0,
                  "Plans": [
                    {
                      "Node Type": "Nested Loop",
                      "Parent Relationship": "Outer",
                      "Parallel Aware": false,
                      "Async Capable": false,
                      "Join Type": "Inner",
                      "Startup Cost": 15229.13,
                      "Total Cost": 179343.84,
                      "Plan Rows": 67346,
                      "Plan Width": 159,
                      "Output": [
                        "nation.n_name",
                        "EXTRACT(year FROM orders.o_orderdate)",
                        "lineitem.l_extendedprice",
                        "lineitem.l_discount",
                        "partsupp.ps_supplycost",
                        "lineitem.l_quantity"
                      ],
                      "Inner Unique": true,
                      "Plans": [
                        {
                          "Node Type": "Hash Join",
                          "Parent Relationship": "Outer",
                          "Parallel Aware": true,
                          "Async Capable": false,
                          "Join Type": "Inner",
                          "Startup Cost": 15228.71,
                          "Total Cost": 148833.07,
                          "Plan Rows": 67346,
                          "Plan Width": 131,
                          "Output": [
                            "lineitem.l_extendedprice",
                            "lineitem.l_discount",
                            "lineitem.l_quantity",
                            "lineitem.l_orderkey",
                            "partsupp.ps_supplycost",
                            "nation.n_name"
                          ],
                          "Inner Unique": false,
                          "Hash Cond": "((lineitem.l_suppkey = supplier.s_suppkey) AND (lineitem.l_partkey = partsupp.ps_partkey))",
                          "Plans": [
                            {
                              "Node Type": "Seq Scan",
                              "Parent Relationship": "Outer",
                              "Parallel Aware": true,
                              "Async Capable": false,
                              "Relation Name": "lineitem",
                              "Schema": "public",
                              "Alias": "lineitem",
                              "Startup Cost": 0.0,
                              "Total Cost": 124602.43,
                              "Plan Rows": 1200243,
                              "Plan Width": 29,
                              "Output": [
                                "lineitem.l_orderkey",
                                "lineitem.l_partkey",
                                "lineitem.l_suppkey",
                                "lineitem.l_linenumber",
                                "lineitem.l_quantity",
                                "lineitem.l_extendedprice",
                                "lineitem.l_discount",
                                "lineitem.l_tax",
                                "lineitem.l_returnflag",
                                "lineitem.l_linestatus",
                                "lineitem.l_shipdate",
                                "lineitem.l_commitdate",
                                "lineitem.l_receiptdate",
                                "lineitem.l_shipinstruct",
                                "lineitem.l_shipmode",
                                "lineitem.l_comment"
                              ]
                            },
                            {
                              "Node Type": "Hash",
                              "Parent Relationship": "Inner",
                              "Parallel Aware": true,
                              "Async Capable": false,
                              "Startup Cost": 14948.16,
                              "Total Cost": 14948.16,
                              "Plan Rows": 18703,
                              "Plan Width": 126,
                              "Output": [
                                "part.p_partkey",
                                "partsupp.ps_supplycost",
                                "partsupp.ps_suppkey",
                                "partsupp.ps_partkey",
                                "supplier.s_suppkey",
                                "nation.n_name"
                              ],
                              "Plans": [
                                {
                                  "Node Type": "Hash Join",
                                  "Parent Relationship": "Outer",
                                  "Parallel Aware": false,
                                  "Async Capable": false,
                                  "Join Type": "Inner",
                                  "Startup Cost": 449.99,
                                  "Total Cost": 14948.16,
                                  "Plan Rows": 18703,
                                  "Plan Width": 126,
                                  "Output": [
                                    "part.p_partkey",
                                    "partsupp.ps_supplycost",
                                    "partsupp.ps_suppkey",
                                    "partsupp.ps_partkey",
                                    "supplier.s_suppkey",
                                    "nation.n_name"
                                  ],
                                  "Inner Unique": true,
                                  "Hash Cond": "(supplier.s_nationkey = nation.n_nationkey)",
                                  "Plans": [
                                    {
                                      "Node Type": "Hash Join",
                                      "Parent Relationship": "Outer",
                                      "Parallel Aware": false,
                                      "Async Capable": false,
                                      "Join Type": "Inner",
                                      "Startup Cost": 448.43,
                                      "Total Cost": 14889.18,
                                      "Plan Rows": 18703,
                                      "Plan Width": 26,
                                      "Output": [
                                        "part.p_partkey",
                                        "partsupp.ps_supplycost",
                                        "partsupp.ps_suppkey",
                                        "partsupp.ps_partkey",
                                        "supplier.s_suppkey",
                                        "supplier.s_nationkey"
                                      ],
                                      "Inner Unique": true,
                                      "Hash Cond": "(partsupp.ps_suppkey = supplier.s_suppkey)",
                                      "Plans": [
                                        {
                                          "Node Type": "Nested Loop",
                                          "Parent Relationship": "Outer",
                                          "Parallel Aware": false,
                                          "Async Capable": false,
                                          "Join Type": "Inner",
                                          "Startup Cost": 0.42,
                                          "Total Cost": 14392.06,
                                          "Plan Rows": 18703,
                                          "Plan Width": 18,
                                          "Output": [
                                            "part.p_partkey",
                                            "partsupp.ps_supplycost",
                                            "partsupp.ps_suppkey",
                                            "partsupp.ps_partkey"
                                          ],
                                          "Inner Unique": false,
                                          "Plans": [
                                            {
                                              "Node Type": "Seq Scan",
                                              "Parent Relationship": "Outer",
                                              "Parallel Aware": true,
                                              "Async Capable": false,
                                              "Relation Name": "part",
                                              "Schema": "public",
                                              "Alias": "part",
                                              "Startup Cost": 0.0,
                                              "Total Cost": 5169.67,
                                              "Plan Rows": 4676,
                                              "Plan Width": 4,
                                              "Output": [
                                                "part.p_partkey",
                                                "part.p_name",
                                                "part.p_mfgr",
                                                "part.p_brand",
                                                "part.p_type",
                                                "part.p_size",
                                                "part.p_container",
                                                "part.p_retailprice",
                                                "part.p_comment"
                                              ],
                                              "Filter": "((part.p_name)::text ~~ '%lime%'::text)"
                                            },
                                            {
                                              "Node Type": "Index Scan",
                                              "Parent Relationship": "Inner",
                                              "Parallel Aware": false,
                                              "Async Capable": false,
                                              "Scan Direction": "Forward",
                                              "Index Name": "partsupp_pkey",
                                              "Relation Name": "partsupp",
                                              "Schema": "public",
                                              "Alias": "partsupp",
                                              "Startup Cost": 0.42,
                                              "Total Cost": 1.93,
                                              "Plan Rows": 4,
                                              "Plan Width": 14,
                                              "Output": [
                                                "partsupp.ps_partkey",
                                                "partsupp.ps_suppkey",
                                                "partsupp.ps_availqty",
                                                "partsupp.ps_supplycost",
                                                "partsupp.ps_comment"
                                              ],
                                              "Index Cond": "(partsupp.ps_partkey = part.p_partkey)"
                                            }
                                          ]
                                        },
                                        {
                                          "Node Type": "Hash",
                                          "Parent Relationship": "Inner",
                                          "Parallel Aware": false,
                                          "Async Capable": false,
                                          "Startup Cost": 323.0,
                                          "Total Cost": 323.0,
                                          "Plan Rows": 10000,
                                          "Plan Width": 8,
                                          "Output": [
                                            "supplier.s_suppkey",
                                            "supplier.s_nationkey"
                                          ],
                                          "Plans": [
                                            {
                                              "Node Type": "Seq Scan",
                                              "Parent Relationship": "Outer",
                                              "Parallel Aware": false,
                                              "Async Capable": false,
                                              "Relation Name": "supplier",
                                              "Schema": "public",
                                              "Alias": "supplier",
                                              "Startup Cost": 0.0,
                                              "Total Cost": 323.0,
                                              "Plan Rows": 10000,
                                              "Plan Width": 8,
                                              "Output": [
                                                "supplier.s_suppkey",
                                                "supplier.s_nationkey"
                                              ]
                                            }
                                          ]
                                        }
                                      ]
                                    },
                                    {
                                      "Node Type": "Hash",
                                      "Parent Relationship": "Inner",
                                      "Parallel Aware": false,
                                      "Async Capable": false,
                                      "Startup Cost": 1.25,
                                      "Total Cost": 1.25,
                                      "Plan Rows": 25,
                                      "Plan Width": 108,
                                      "Output": [
                                        "nation.n_name",
                                        "nation.n_nationkey"
                                      ],
                                      "Plans": [
                                        {
                                          "Node Type": "Seq Scan",
                                          "Parent Relationship": "Outer",
                                          "Parallel Aware": false,
                                          "Async Capable": false,
                                          "Relation Name": "nation",
                                          "Schema": "public",
                                          "Alias": "nation",
                                          "Startup Cost": 0.0,
                                          "Total Cost": 1.25,
                                          "Plan Rows": 25,
                                          "Plan Width": 108,
                                          "Output": [
                                            "nation.n_name",
                                            "nation.n_nationkey"
                                          ]
                                        }
                                      ]
                                    }
                                  ]
                                }
                              ]
                            }
                          ]
                        },
                        {
                          "Node Type": "Index Scan",
                          "Parent Relationship": "Inner",
                          "Parallel Aware": false,
                          "Async Capable": false,
                          "Scan Direction": "Forward",
                          "Index Name": "orders_pkey",
                          "Relation Name": "orders",
                          "Schema": "public",
                          "Alias": "orders",
                          "Startup Cost": 0.43,
                          "Total Cost": 0.45,
                          "Plan Rows": 1,
                          "Plan Width": 8,
                          "Output": [
                            "orders.o_orderkey",
                            "orders.o_custkey",
                            "orders.o_orderstatus",
                            "orders.o_totalprice",
                            "orders.o_orderdate",
                            "orders.o_orderpriority",
                            "orders.o_clerk",
                            "orders.o_shippriority",
                            "orders.o_comment"
                          ],
                          "Index Cond": "(orders.o_orderkey = lineitem.l_orderkey)"
                        }
                      ]
                    }
                  ]
                }
              ]
            }
          ]
        }
      ]
    },
    "JIT": {
      "Functions": 43,
      "Options": {
        "Inlining": false,
        "Optimization": false,
        "Expressions": true,
        "Deforming": true
      }
    }
  }
]
```

---

## 63. Q9_20_seed_155876589.sql

**File Path:** `/Users/brunowinter2000/Documents/Thesis/2025_2026/Plan-Level/Generated_Queries/Q9/Q9_20_seed_155876589.sql`

### EXPLAIN JSON

```json
[
  {
    "Plan": {
      "Node Type": "Sort",
      "Parallel Aware": false,
      "Async Capable": false,
      "Startup Cost": 217286.99,
      "Total Cost": 217437.37,
      "Plan Rows": 60150,
      "Plan Width": 168,
      "Output": [
        "nation.n_name",
        "(EXTRACT(year FROM orders.o_orderdate))",
        "(sum(((lineitem.l_extendedprice * ('1'::numeric - lineitem.l_discount)) - (partsupp.ps_supplycost * lineitem.l_quantity))))"
      ],
      "Sort Key": [
        "nation.n_name",
        "(EXTRACT(year FROM orders.o_orderdate)) DESC"
      ],
      "Plans": [
        {
          "Node Type": "Aggregate",
          "Strategy": "Hashed",
          "Partial Mode": "Finalize",
          "Parent Relationship": "Outer",
          "Parallel Aware": false,
          "Async Capable": false,
          "Startup Cost": 211609.95,
          "Total Cost": 212512.2,
          "Plan Rows": 60150,
          "Plan Width": 168,
          "Output": [
            "nation.n_name",
            "(EXTRACT(year FROM orders.o_orderdate))",
            "sum(((lineitem.l_extendedprice * ('1'::numeric - lineitem.l_discount)) - (partsupp.ps_supplycost * lineitem.l_quantity)))"
          ],
          "Group Key": [
            "nation.n_name",
            "(EXTRACT(year FROM orders.o_orderdate))"
          ],
          "Planned Partitions": 0,
          "Plans": [
            {
              "Node Type": "Gather",
              "Parent Relationship": "Outer",
              "Parallel Aware": false,
              "Async Capable": false,
              "Startup Cost": 177635.37,
              "Total Cost": 208603.35,
              "Plan Rows": 300660,
              "Plan Width": 168,
              "Output": [
                "nation.n_name",
                "(EXTRACT(year FROM orders.o_orderdate))",
                "(PARTIAL sum(((lineitem.l_extendedprice * ('1'::numeric - lineitem.l_discount)) - (partsupp.ps_supplycost * lineitem.l_quantity))))"
              ],
              "Workers Planned": 5,
              "Single Copy": false,
              "Plans": [
                {
                  "Node Type": "Aggregate",
                  "Strategy": "Hashed",
                  "Partial Mode": "Partial",
                  "Parent Relationship": "Outer",
                  "Parallel Aware": false,
                  "Async Capable": false,
                  "Startup Cost": 176635.37,
                  "Total Cost": 177537.35,
                  "Plan Rows": 60132,
                  "Plan Width": 168,
                  "Output": [
                    "nation.n_name",
                    "(EXTRACT(year FROM orders.o_orderdate))",
                    "PARTIAL sum(((lineitem.l_extendedprice * ('1'::numeric - lineitem.l_discount)) - (partsupp.ps_supplycost * lineitem.l_quantity)))"
                  ],
                  "Group Key": [
                    "nation.n_name",
                    "EXTRACT(year FROM orders.o_orderdate)"
                  ],
                  "Planned Partitions": 0,
                  "Plans": [
                    {
                      "Node Type": "Nested Loop",
                      "Parent Relationship": "Outer",
                      "Parallel Aware": false,
                      "Async Capable": false,
                      "Join Type": "Inner",
                      "Startup Cost": 14736.63,
                      "Total Cost": 175583.06,
                      "Plan Rows": 60132,
                      "Plan Width": 159,
                      "Output": [
                        "nation.n_name",
                        "EXTRACT(year FROM orders.o_orderdate)",
                        "lineitem.l_extendedprice",
                        "lineitem.l_discount",
                        "partsupp.ps_supplycost",
                        "lineitem.l_quantity"
                      ],
                      "Inner Unique": true,
                      "Plans": [
                        {
                          "Node Type": "Hash Join",
                          "Parent Relationship": "Outer",
                          "Parallel Aware": true,
                          "Async Capable": false,
                          "Join Type": "Inner",
                          "Startup Cost": 14736.2,
                          "Total Cost": 148340.56,
                          "Plan Rows": 60132,
                          "Plan Width": 131,
                          "Output": [
                            "lineitem.l_extendedprice",
                            "lineitem.l_discount",
                            "lineitem.l_quantity",
                            "lineitem.l_orderkey",
                            "partsupp.ps_supplycost",
                            "nation.n_name"
                          ],
                          "Inner Unique": false,
                          "Hash Cond": "((lineitem.l_suppkey = supplier.s_suppkey) AND (lineitem.l_partkey = partsupp.ps_partkey))",
                          "Plans": [
                            {
                              "Node Type": "Seq Scan",
                              "Parent Relationship": "Outer",
                              "Parallel Aware": true,
                              "Async Capable": false,
                              "Relation Name": "lineitem",
                              "Schema": "public",
                              "Alias": "lineitem",
                              "Startup Cost": 0.0,
                              "Total Cost": 124602.43,
                              "Plan Rows": 1200243,
                              "Plan Width": 29,
                              "Output": [
                                "lineitem.l_orderkey",
                                "lineitem.l_partkey",
                                "lineitem.l_suppkey",
                                "lineitem.l_linenumber",
                                "lineitem.l_quantity",
                                "lineitem.l_extendedprice",
                                "lineitem.l_discount",
                                "lineitem.l_tax",
                                "lineitem.l_returnflag",
                                "lineitem.l_linestatus",
                                "lineitem.l_shipdate",
                                "lineitem.l_commitdate",
                                "lineitem.l_receiptdate",
                                "lineitem.l_shipinstruct",
                                "lineitem.l_shipmode",
                                "lineitem.l_comment"
                              ]
                            },
                            {
                              "Node Type": "Hash",
                              "Parent Relationship": "Inner",
                              "Parallel Aware": true,
                              "Async Capable": false,
                              "Startup Cost": 14485.7,
                              "Total Cost": 14485.7,
                              "Plan Rows": 16700,
                              "Plan Width": 126,
                              "Output": [
                                "part.p_partkey",
                                "partsupp.ps_supplycost",
                                "partsupp.ps_suppkey",
                                "partsupp.ps_partkey",
                                "supplier.s_suppkey",
                                "nation.n_name"
                              ],
                              "Plans": [
                                {
                                  "Node Type": "Hash Join",
                                  "Parent Relationship": "Outer",
                                  "Parallel Aware": false,
                                  "Async Capable": false,
                                  "Join Type": "Inner",
                                  "Startup Cost": 449.99,
                                  "Total Cost": 14485.7,
                                  "Plan Rows": 16700,
                                  "Plan Width": 126,
                                  "Output": [
                                    "part.p_partkey",
                                    "partsupp.ps_supplycost",
                                    "partsupp.ps_suppkey",
                                    "partsupp.ps_partkey",
                                    "supplier.s_suppkey",
                                    "nation.n_name"
                                  ],
                                  "Inner Unique": true,
                                  "Hash Cond": "(supplier.s_nationkey = nation.n_nationkey)",
                                  "Plans": [
                                    {
                                      "Node Type": "Hash Join",
                                      "Parent Relationship": "Outer",
                                      "Parallel Aware": false,
                                      "Async Capable": false,
                                      "Join Type": "Inner",
                                      "Startup Cost": 448.43,
                                      "Total Cost": 14432.87,
                                      "Plan Rows": 16700,
                                      "Plan Width": 26,
                                      "Output": [
                                        "part.p_partkey",
                                        "partsupp.ps_supplycost",
                                        "partsupp.ps_suppkey",
                                        "partsupp.ps_partkey",
                                        "supplier.s_suppkey",
                                        "supplier.s_nationkey"
                                      ],
                                      "Inner Unique": true,
                                      "Hash Cond": "(partsupp.ps_suppkey = supplier.s_suppkey)",
                                      "Plans": [
                                        {
                                          "Node Type": "Nested Loop",
                                          "Parent Relationship": "Outer",
                                          "Parallel Aware": false,
                                          "Async Capable": false,
                                          "Join Type": "Inner",
                                          "Startup Cost": 0.42,
                                          "Total Cost": 13941.01,
                                          "Plan Rows": 16700,
                                          "Plan Width": 18,
                                          "Output": [
                                            "part.p_partkey",
                                            "partsupp.ps_supplycost",
                                            "partsupp.ps_suppkey",
                                            "partsupp.ps_partkey"
                                          ],
                                          "Inner Unique": false,
                                          "Plans": [
                                            {
                                              "Node Type": "Seq Scan",
                                              "Parent Relationship": "Outer",
                                              "Parallel Aware": true,
                                              "Async Capable": false,
                                              "Relation Name": "part",
                                              "Schema": "public",
                                              "Alias": "part",
                                              "Startup Cost": 0.0,
                                              "Total Cost": 5169.67,
                                              "Plan Rows": 4175,
                                              "Plan Width": 4,
                                              "Output": [
                                                "part.p_partkey",
                                                "part.p_name",
                                                "part.p_mfgr",
                                                "part.p_brand",
                                                "part.p_type",
                                                "part.p_size",
                                                "part.p_container",
                                                "part.p_retailprice",
                                                "part.p_comment"
                                              ],
                                              "Filter": "((part.p_name)::text ~~ '%honeydew%'::text)"
                                            },
                                            {
                                              "Node Type": "Index Scan",
                                              "Parent Relationship": "Inner",
                                              "Parallel Aware": false,
                                              "Async Capable": false,
                                              "Scan Direction": "Forward",
                                              "Index Name": "partsupp_pkey",
                                              "Relation Name": "partsupp",
                                              "Schema": "public",
                                              "Alias": "partsupp",
                                              "Startup Cost": 0.42,
                                              "Total Cost": 2.06,
                                              "Plan Rows": 4,
                                              "Plan Width": 14,
                                              "Output": [
                                                "partsupp.ps_partkey",
                                                "partsupp.ps_suppkey",
                                                "partsupp.ps_availqty",
                                                "partsupp.ps_supplycost",
                                                "partsupp.ps_comment"
                                              ],
                                              "Index Cond": "(partsupp.ps_partkey = part.p_partkey)"
                                            }
                                          ]
                                        },
                                        {
                                          "Node Type": "Hash",
                                          "Parent Relationship": "Inner",
                                          "Parallel Aware": false,
                                          "Async Capable": false,
                                          "Startup Cost": 323.0,
                                          "Total Cost": 323.0,
                                          "Plan Rows": 10000,
                                          "Plan Width": 8,
                                          "Output": [
                                            "supplier.s_suppkey",
                                            "supplier.s_nationkey"
                                          ],
                                          "Plans": [
                                            {
                                              "Node Type": "Seq Scan",
                                              "Parent Relationship": "Outer",
                                              "Parallel Aware": false,
                                              "Async Capable": false,
                                              "Relation Name": "supplier",
                                              "Schema": "public",
                                              "Alias": "supplier",
                                              "Startup Cost": 0.0,
                                              "Total Cost": 323.0,
                                              "Plan Rows": 10000,
                                              "Plan Width": 8,
                                              "Output": [
                                                "supplier.s_suppkey",
                                                "supplier.s_nationkey"
                                              ]
                                            }
                                          ]
                                        }
                                      ]
                                    },
                                    {
                                      "Node Type": "Hash",
                                      "Parent Relationship": "Inner",
                                      "Parallel Aware": false,
                                      "Async Capable": false,
                                      "Startup Cost": 1.25,
                                      "Total Cost": 1.25,
                                      "Plan Rows": 25,
                                      "Plan Width": 108,
                                      "Output": [
                                        "nation.n_name",
                                        "nation.n_nationkey"
                                      ],
                                      "Plans": [
                                        {
                                          "Node Type": "Seq Scan",
                                          "Parent Relationship": "Outer",
                                          "Parallel Aware": false,
                                          "Async Capable": false,
                                          "Relation Name": "nation",
                                          "Schema": "public",
                                          "Alias": "nation",
                                          "Startup Cost": 0.0,
                                          "Total Cost": 1.25,
                                          "Plan Rows": 25,
                                          "Plan Width": 108,
                                          "Output": [
                                            "nation.n_name",
                                            "nation.n_nationkey"
                                          ]
                                        }
                                      ]
                                    }
                                  ]
                                }
                              ]
                            }
                          ]
                        },
                        {
                          "Node Type": "Index Scan",
                          "Parent Relationship": "Inner",
                          "Parallel Aware": false,
                          "Async Capable": false,
                          "Scan Direction": "Forward",
                          "Index Name": "orders_pkey",
                          "Relation Name": "orders",
                          "Schema": "public",
                          "Alias": "orders",
                          "Startup Cost": 0.43,
                          "Total Cost": 0.45,
                          "Plan Rows": 1,
                          "Plan Width": 8,
                          "Output": [
                            "orders.o_orderkey",
                            "orders.o_custkey",
                            "orders.o_orderstatus",
                            "orders.o_totalprice",
                            "orders.o_orderdate",
                            "orders.o_orderpriority",
                            "orders.o_clerk",
                            "orders.o_shippriority",
                            "orders.o_comment"
                          ],
                          "Index Cond": "(orders.o_orderkey = lineitem.l_orderkey)"
                        }
                      ]
                    }
                  ]
                }
              ]
            }
          ]
        }
      ]
    },
    "JIT": {
      "Functions": 43,
      "Options": {
        "Inlining": false,
        "Optimization": false,
        "Expressions": true,
        "Deforming": true
      }
    }
  }
]
```

---

## 64. Q9_21_seed_164080620.sql

**File Path:** `/Users/brunowinter2000/Documents/Thesis/2025_2026/Plan-Level/Generated_Queries/Q9/Q9_21_seed_164080620.sql`

### EXPLAIN JSON

```json
[
  {
    "Plan": {
      "Node Type": "Sort",
      "Parallel Aware": false,
      "Async Capable": false,
      "Startup Cost": 225063.73,
      "Total Cost": 225214.11,
      "Plan Rows": 60150,
      "Plan Width": 168,
      "Output": [
        "nation.n_name",
        "(EXTRACT(year FROM orders.o_orderdate))",
        "(sum(((lineitem.l_extendedprice * ('1'::numeric - lineitem.l_discount)) - (partsupp.ps_supplycost * lineitem.l_quantity))))"
      ],
      "Sort Key": [
        "nation.n_name",
        "(EXTRACT(year FROM orders.o_orderdate)) DESC"
      ],
      "Plans": [
        {
          "Node Type": "Aggregate",
          "Strategy": "Hashed",
          "Partial Mode": "Finalize",
          "Parent Relationship": "Outer",
          "Parallel Aware": false,
          "Async Capable": false,
          "Startup Cost": 219386.69,
          "Total Cost": 220288.94,
          "Plan Rows": 60150,
          "Plan Width": 168,
          "Output": [
            "nation.n_name",
            "(EXTRACT(year FROM orders.o_orderdate))",
            "sum(((lineitem.l_extendedprice * ('1'::numeric - lineitem.l_discount)) - (partsupp.ps_supplycost * lineitem.l_quantity)))"
          ],
          "Group Key": [
            "nation.n_name",
            "(EXTRACT(year FROM orders.o_orderdate))"
          ],
          "Planned Partitions": 0,
          "Plans": [
            {
              "Node Type": "Gather",
              "Parent Relationship": "Outer",
              "Parallel Aware": false,
              "Async Capable": false,
              "Startup Cost": 185401.94,
              "Total Cost": 216379.19,
              "Plan Rows": 300750,
              "Plan Width": 168,
              "Output": [
                "nation.n_name",
                "(EXTRACT(year FROM orders.o_orderdate))",
                "(PARTIAL sum(((lineitem.l_extendedprice * ('1'::numeric - lineitem.l_discount)) - (partsupp.ps_supplycost * lineitem.l_quantity))))"
              ],
              "Workers Planned": 5,
              "Single Copy": false,
              "Plans": [
                {
                  "Node Type": "Aggregate",
                  "Strategy": "Hashed",
                  "Partial Mode": "Partial",
                  "Parent Relationship": "Outer",
                  "Parallel Aware": false,
                  "Async Capable": false,
                  "Startup Cost": 184401.94,
                  "Total Cost": 185304.19,
                  "Plan Rows": 60150,
                  "Plan Width": 168,
                  "Output": [
                    "nation.n_name",
                    "(EXTRACT(year FROM orders.o_orderdate))",
                    "PARTIAL sum(((lineitem.l_extendedprice * ('1'::numeric - lineitem.l_discount)) - (partsupp.ps_supplycost * lineitem.l_quantity)))"
                  ],
                  "Group Key": [
                    "nation.n_name",
                    "EXTRACT(year FROM orders.o_orderdate)"
                  ],
                  "Planned Partitions": 0,
                  "Plans": [
                    {
                      "Node Type": "Nested Loop",
                      "Parent Relationship": "Outer",
                      "Parallel Aware": false,
                      "Async Capable": false,
                      "Join Type": "Inner",
                      "Startup Cost": 15711.8,
                      "Total Cost": 183097.06,
                      "Plan Rows": 74565,
                      "Plan Width": 159,
                      "Output": [
                        "nation.n_name",
                        "EXTRACT(year FROM orders.o_orderdate)",
                        "lineitem.l_extendedprice",
                        "lineitem.l_discount",
                        "partsupp.ps_supplycost",
                        "lineitem.l_quantity"
                      ],
                      "Inner Unique": true,
                      "Plans": [
                        {
                          "Node Type": "Hash Join",
                          "Parent Relationship": "Outer",
                          "Parallel Aware": true,
                          "Async Capable": false,
                          "Join Type": "Inner",
                          "Startup Cost": 15711.38,
                          "Total Cost": 149315.75,
                          "Plan Rows": 74565,
                          "Plan Width": 131,
                          "Output": [
                            "lineitem.l_extendedprice",
                            "lineitem.l_discount",
                            "lineitem.l_quantity",
                            "lineitem.l_orderkey",
                            "partsupp.ps_supplycost",
                            "nation.n_name"
                          ],
                          "Inner Unique": false,
                          "Hash Cond": "((lineitem.l_suppkey = supplier.s_suppkey) AND (lineitem.l_partkey = partsupp.ps_partkey))",
                          "Plans": [
                            {
                              "Node Type": "Seq Scan",
                              "Parent Relationship": "Outer",
                              "Parallel Aware": true,
                              "Async Capable": false,
                              "Relation Name": "lineitem",
                              "Schema": "public",
                              "Alias": "lineitem",
                              "Startup Cost": 0.0,
                              "Total Cost": 124602.43,
                              "Plan Rows": 1200243,
                              "Plan Width": 29,
                              "Output": [
                                "lineitem.l_orderkey",
                                "lineitem.l_partkey",
                                "lineitem.l_suppkey",
                                "lineitem.l_linenumber",
                                "lineitem.l_quantity",
                                "lineitem.l_extendedprice",
                                "lineitem.l_discount",
                                "lineitem.l_tax",
                                "lineitem.l_returnflag",
                                "lineitem.l_linestatus",
                                "lineitem.l_shipdate",
                                "lineitem.l_commitdate",
                                "lineitem.l_receiptdate",
                                "lineitem.l_shipinstruct",
                                "lineitem.l_shipmode",
                                "lineitem.l_comment"
                              ]
                            },
                            {
                              "Node Type": "Hash",
                              "Parent Relationship": "Inner",
                              "Parallel Aware": true,
                              "Async Capable": false,
                              "Startup Cost": 15400.76,
                              "Total Cost": 15400.76,
                              "Plan Rows": 20708,
                              "Plan Width": 126,
                              "Output": [
                                "part.p_partkey",
                                "partsupp.ps_supplycost",
                                "partsupp.ps_suppkey",
                                "partsupp.ps_partkey",
                                "supplier.s_suppkey",
                                "nation.n_name"
                              ],
                              "Plans": [
                                {
                                  "Node Type": "Hash Join",
                                  "Parent Relationship": "Outer",
                                  "Parallel Aware": false,
                                  "Async Capable": false,
                                  "Join Type": "Inner",
                                  "Startup Cost": 449.99,
                                  "Total Cost": 15400.76,
                                  "Plan Rows": 20708,
                                  "Plan Width": 126,
                                  "Output": [
                                    "part.p_partkey",
                                    "partsupp.ps_supplycost",
                                    "partsupp.ps_suppkey",
                                    "partsupp.ps_partkey",
                                    "supplier.s_suppkey",
                                    "nation.n_name"
                                  ],
                                  "Inner Unique": true,
                                  "Hash Cond": "(supplier.s_nationkey = nation.n_nationkey)",
                                  "Plans": [
                                    {
                                      "Node Type": "Hash Join",
                                      "Parent Relationship": "Outer",
                                      "Parallel Aware": false,
                                      "Async Capable": false,
                                      "Join Type": "Inner",
                                      "Startup Cost": 448.43,
                                      "Total Cost": 15335.62,
                                      "Plan Rows": 20708,
                                      "Plan Width": 26,
                                      "Output": [
                                        "part.p_partkey",
                                        "partsupp.ps_supplycost",
                                        "partsupp.ps_suppkey",
                                        "partsupp.ps_partkey",
                                        "supplier.s_suppkey",
                                        "supplier.s_nationkey"
                                      ],
                                      "Inner Unique": true,
                                      "Hash Cond": "(partsupp.ps_suppkey = supplier.s_suppkey)",
                                      "Plans": [
                                        {
                                          "Node Type": "Nested Loop",
                                          "Parent Relationship": "Outer",
                                          "Parallel Aware": false,
                                          "Async Capable": false,
                                          "Join Type": "Inner",
                                          "Startup Cost": 0.42,
                                          "Total Cost": 14833.24,
                                          "Plan Rows": 20708,
                                          "Plan Width": 18,
                                          "Output": [
                                            "part.p_partkey",
                                            "partsupp.ps_supplycost",
                                            "partsupp.ps_suppkey",
                                            "partsupp.ps_partkey"
                                          ],
                                          "Inner Unique": false,
                                          "Plans": [
                                            {
                                              "Node Type": "Seq Scan",
                                              "Parent Relationship": "Outer",
                                              "Parallel Aware": true,
                                              "Async Capable": false,
                                              "Relation Name": "part",
                                              "Schema": "public",
                                              "Alias": "part",
                                              "Startup Cost": 0.0,
                                              "Total Cost": 5169.67,
                                              "Plan Rows": 5177,
                                              "Plan Width": 4,
                                              "Output": [
                                                "part.p_partkey",
                                                "part.p_name",
                                                "part.p_mfgr",
                                                "part.p_brand",
                                                "part.p_type",
                                                "part.p_size",
                                                "part.p_container",
                                                "part.p_retailprice",
                                                "part.p_comment"
                                              ],
                                              "Filter": "((part.p_name)::text ~~ '%smoke%'::text)"
                                            },
                                            {
                                              "Node Type": "Index Scan",
                                              "Parent Relationship": "Inner",
                                              "Parallel Aware": false,
                                              "Async Capable": false,
                                              "Scan Direction": "Forward",
                                              "Index Name": "partsupp_pkey",
                                              "Relation Name": "partsupp",
                                              "Schema": "public",
                                              "Alias": "partsupp",
                                              "Startup Cost": 0.42,
                                              "Total Cost": 1.83,
                                              "Plan Rows": 4,
                                              "Plan Width": 14,
                                              "Output": [
                                                "partsupp.ps_partkey",
                                                "partsupp.ps_suppkey",
                                                "partsupp.ps_availqty",
                                                "partsupp.ps_supplycost",
                                                "partsupp.ps_comment"
                                              ],
                                              "Index Cond": "(partsupp.ps_partkey = part.p_partkey)"
                                            }
                                          ]
                                        },
                                        {
                                          "Node Type": "Hash",
                                          "Parent Relationship": "Inner",
                                          "Parallel Aware": false,
                                          "Async Capable": false,
                                          "Startup Cost": 323.0,
                                          "Total Cost": 323.0,
                                          "Plan Rows": 10000,
                                          "Plan Width": 8,
                                          "Output": [
                                            "supplier.s_suppkey",
                                            "supplier.s_nationkey"
                                          ],
                                          "Plans": [
                                            {
                                              "Node Type": "Seq Scan",
                                              "Parent Relationship": "Outer",
                                              "Parallel Aware": false,
                                              "Async Capable": false,
                                              "Relation Name": "supplier",
                                              "Schema": "public",
                                              "Alias": "supplier",
                                              "Startup Cost": 0.0,
                                              "Total Cost": 323.0,
                                              "Plan Rows": 10000,
                                              "Plan Width": 8,
                                              "Output": [
                                                "supplier.s_suppkey",
                                                "supplier.s_nationkey"
                                              ]
                                            }
                                          ]
                                        }
                                      ]
                                    },
                                    {
                                      "Node Type": "Hash",
                                      "Parent Relationship": "Inner",
                                      "Parallel Aware": false,
                                      "Async Capable": false,
                                      "Startup Cost": 1.25,
                                      "Total Cost": 1.25,
                                      "Plan Rows": 25,
                                      "Plan Width": 108,
                                      "Output": [
                                        "nation.n_name",
                                        "nation.n_nationkey"
                                      ],
                                      "Plans": [
                                        {
                                          "Node Type": "Seq Scan",
                                          "Parent Relationship": "Outer",
                                          "Parallel Aware": false,
                                          "Async Capable": false,
                                          "Relation Name": "nation",
                                          "Schema": "public",
                                          "Alias": "nation",
                                          "Startup Cost": 0.0,
                                          "Total Cost": 1.25,
                                          "Plan Rows": 25,
                                          "Plan Width": 108,
                                          "Output": [
                                            "nation.n_name",
                                            "nation.n_nationkey"
                                          ]
                                        }
                                      ]
                                    }
                                  ]
                                }
                              ]
                            }
                          ]
                        },
                        {
                          "Node Type": "Index Scan",
                          "Parent Relationship": "Inner",
                          "Parallel Aware": false,
                          "Async Capable": false,
                          "Scan Direction": "Forward",
                          "Index Name": "orders_pkey",
                          "Relation Name": "orders",
                          "Schema": "public",
                          "Alias": "orders",
                          "Startup Cost": 0.43,
                          "Total Cost": 0.45,
                          "Plan Rows": 1,
                          "Plan Width": 8,
                          "Output": [
                            "orders.o_orderkey",
                            "orders.o_custkey",
                            "orders.o_orderstatus",
                            "orders.o_totalprice",
                            "orders.o_orderdate",
                            "orders.o_orderpriority",
                            "orders.o_clerk",
                            "orders.o_shippriority",
                            "orders.o_comment"
                          ],
                          "Index Cond": "(orders.o_orderkey = lineitem.l_orderkey)"
                        }
                      ]
                    }
                  ]
                }
              ]
            }
          ]
        }
      ]
    },
    "JIT": {
      "Functions": 43,
      "Options": {
        "Inlining": false,
        "Optimization": false,
        "Expressions": true,
        "Deforming": true
      }
    }
  }
]
```

---

## 65. Q9_22_seed_172284651.sql

**File Path:** `/Users/brunowinter2000/Documents/Thesis/2025_2026/Plan-Level/Generated_Queries/Q9/Q9_22_seed_172284651.sql`

### EXPLAIN JSON

```json
[
  {
    "Plan": {
      "Node Type": "Sort",
      "Parallel Aware": false,
      "Async Capable": false,
      "Startup Cost": 211969.48,
      "Total Cost": 212119.85,
      "Plan Rows": 60150,
      "Plan Width": 168,
      "Output": [
        "nation.n_name",
        "(EXTRACT(year FROM orders.o_orderdate))",
        "(sum(((lineitem.l_extendedprice * ('1'::numeric - lineitem.l_discount)) - (partsupp.ps_supplycost * lineitem.l_quantity))))"
      ],
      "Sort Key": [
        "nation.n_name",
        "(EXTRACT(year FROM orders.o_orderdate)) DESC"
      ],
      "Plans": [
        {
          "Node Type": "Aggregate",
          "Strategy": "Hashed",
          "Partial Mode": "Finalize",
          "Parent Relationship": "Outer",
          "Parallel Aware": false,
          "Async Capable": false,
          "Startup Cost": 206292.44,
          "Total Cost": 207194.69,
          "Plan Rows": 60150,
          "Plan Width": 168,
          "Output": [
            "nation.n_name",
            "(EXTRACT(year FROM orders.o_orderdate))",
            "sum(((lineitem.l_extendedprice * ('1'::numeric - lineitem.l_discount)) - (partsupp.ps_supplycost * lineitem.l_quantity)))"
          ],
          "Group Key": [
            "nation.n_name",
            "(EXTRACT(year FROM orders.o_orderdate))"
          ],
          "Planned Partitions": 0,
          "Plans": [
            {
              "Node Type": "Gather",
              "Parent Relationship": "Outer",
              "Parallel Aware": false,
              "Async Capable": false,
              "Startup Cost": 175037.2,
              "Total Cost": 203526.49,
              "Plan Rows": 276595,
              "Plan Width": 168,
              "Output": [
                "nation.n_name",
                "(EXTRACT(year FROM orders.o_orderdate))",
                "(PARTIAL sum(((lineitem.l_extendedprice * ('1'::numeric - lineitem.l_discount)) - (partsupp.ps_supplycost * lineitem.l_quantity))))"
              ],
              "Workers Planned": 5,
              "Single Copy": false,
              "Plans": [
                {
                  "Node Type": "Aggregate",
                  "Strategy": "Hashed",
                  "Partial Mode": "Partial",
                  "Parent Relationship": "Outer",
                  "Parallel Aware": false,
                  "Async Capable": false,
                  "Startup Cost": 174037.2,
                  "Total Cost": 174866.99,
                  "Plan Rows": 55319,
                  "Plan Width": 168,
                  "Output": [
                    "nation.n_name",
                    "(EXTRACT(year FROM orders.o_orderdate))",
                    "PARTIAL sum(((lineitem.l_extendedprice * ('1'::numeric - lineitem.l_discount)) - (partsupp.ps_supplycost * lineitem.l_quantity)))"
                  ],
                  "Group Key": [
                    "nation.n_name",
                    "EXTRACT(year FROM orders.o_orderdate)"
                  ],
                  "Planned Partitions": 0,
                  "Plans": [
                    {
                      "Node Type": "Nested Loop",
                      "Parent Relationship": "Outer",
                      "Parallel Aware": false,
                      "Async Capable": false,
                      "Join Type": "Inner",
                      "Startup Cost": 14403.2,
                      "Total Cost": 173069.12,
                      "Plan Rows": 55319,
                      "Plan Width": 159,
                      "Output": [
                        "nation.n_name",
                        "EXTRACT(year FROM orders.o_orderdate)",
                        "lineitem.l_extendedprice",
                        "lineitem.l_discount",
                        "partsupp.ps_supplycost",
                        "lineitem.l_quantity"
                      ],
                      "Inner Unique": true,
                      "Plans": [
                        {
                          "Node Type": "Hash Join",
                          "Parent Relationship": "Outer",
                          "Parallel Aware": true,
                          "Async Capable": false,
                          "Join Type": "Inner",
                          "Startup Cost": 14402.78,
                          "Total Cost": 148007.12,
                          "Plan Rows": 55319,
                          "Plan Width": 131,
                          "Output": [
                            "lineitem.l_extendedprice",
                            "lineitem.l_discount",
                            "lineitem.l_quantity",
                            "lineitem.l_orderkey",
                            "partsupp.ps_supplycost",
                            "nation.n_name"
                          ],
                          "Inner Unique": false,
                          "Hash Cond": "((lineitem.l_suppkey = supplier.s_suppkey) AND (lineitem.l_partkey = partsupp.ps_partkey))",
                          "Plans": [
                            {
                              "Node Type": "Seq Scan",
                              "Parent Relationship": "Outer",
                              "Parallel Aware": true,
                              "Async Capable": false,
                              "Relation Name": "lineitem",
                              "Schema": "public",
                              "Alias": "lineitem",
                              "Startup Cost": 0.0,
                              "Total Cost": 124602.43,
                              "Plan Rows": 1200243,
                              "Plan Width": 29,
                              "Output": [
                                "lineitem.l_orderkey",
                                "lineitem.l_partkey",
                                "lineitem.l_suppkey",
                                "lineitem.l_linenumber",
                                "lineitem.l_quantity",
                                "lineitem.l_extendedprice",
                                "lineitem.l_discount",
                                "lineitem.l_tax",
                                "lineitem.l_returnflag",
                                "lineitem.l_linestatus",
                                "lineitem.l_shipdate",
                                "lineitem.l_commitdate",
                                "lineitem.l_receiptdate",
                                "lineitem.l_shipinstruct",
                                "lineitem.l_shipmode",
                                "lineitem.l_comment"
                              ]
                            },
                            {
                              "Node Type": "Hash",
                              "Parent Relationship": "Inner",
                              "Parallel Aware": true,
                              "Async Capable": false,
                              "Startup Cost": 14172.33,
                              "Total Cost": 14172.33,
                              "Plan Rows": 15363,
                              "Plan Width": 126,
                              "Output": [
                                "part.p_partkey",
                                "partsupp.ps_supplycost",
                                "partsupp.ps_suppkey",
                                "partsupp.ps_partkey",
                                "supplier.s_suppkey",
                                "nation.n_name"
                              ],
                              "Plans": [
                                {
                                  "Node Type": "Hash Join",
                                  "Parent Relationship": "Outer",
                                  "Parallel Aware": false,
                                  "Async Capable": false,
                                  "Join Type": "Inner",
                                  "Startup Cost": 449.99,
                                  "Total Cost": 14172.33,
                                  "Plan Rows": 15363,
                                  "Plan Width": 126,
                                  "Output": [
                                    "part.p_partkey",
                                    "partsupp.ps_supplycost",
                                    "partsupp.ps_suppkey",
                                    "partsupp.ps_partkey",
                                    "supplier.s_suppkey",
                                    "nation.n_name"
                                  ],
                                  "Inner Unique": true,
                                  "Hash Cond": "(supplier.s_nationkey = nation.n_nationkey)",
                                  "Plans": [
                                    {
                                      "Node Type": "Hash Join",
                                      "Parent Relationship": "Outer",
                                      "Parallel Aware": false,
                                      "Async Capable": false,
                                      "Join Type": "Inner",
                                      "Startup Cost": 448.43,
                                      "Total Cost": 14123.6,
                                      "Plan Rows": 15363,
                                      "Plan Width": 26,
                                      "Output": [
                                        "part.p_partkey",
                                        "partsupp.ps_supplycost",
                                        "partsupp.ps_suppkey",
                                        "partsupp.ps_partkey",
                                        "supplier.s_suppkey",
                                        "supplier.s_nationkey"
                                      ],
                                      "Inner Unique": true,
                                      "Hash Cond": "(partsupp.ps_suppkey = supplier.s_suppkey)",
                                      "Plans": [
                                        {
                                          "Node Type": "Nested Loop",
                                          "Parent Relationship": "Outer",
                                          "Parallel Aware": false,
                                          "Async Capable": false,
                                          "Join Type": "Inner",
                                          "Startup Cost": 0.42,
                                          "Total Cost": 13635.25,
                                          "Plan Rows": 15363,
                                          "Plan Width": 18,
                                          "Output": [
                                            "part.p_partkey",
                                            "partsupp.ps_supplycost",
                                            "partsupp.ps_suppkey",
                                            "partsupp.ps_partkey"
                                          ],
                                          "Inner Unique": false,
                                          "Plans": [
                                            {
                                              "Node Type": "Seq Scan",
                                              "Parent Relationship": "Outer",
                                              "Parallel Aware": true,
                                              "Async Capable": false,
                                              "Relation Name": "part",
                                              "Schema": "public",
                                              "Alias": "part",
                                              "Startup Cost": 0.0,
                                              "Total Cost": 5169.67,
                                              "Plan Rows": 3841,
                                              "Plan Width": 4,
                                              "Output": [
                                                "part.p_partkey",
                                                "part.p_name",
                                                "part.p_mfgr",
                                                "part.p_brand",
                                                "part.p_type",
                                                "part.p_size",
                                                "part.p_container",
                                                "part.p_retailprice",
                                                "part.p_comment"
                                              ],
                                              "Filter": "((part.p_name)::text ~~ '%green%'::text)"
                                            },
                                            {
                                              "Node Type": "Index Scan",
                                              "Parent Relationship": "Inner",
                                              "Parallel Aware": false,
                                              "Async Capable": false,
                                              "Scan Direction": "Forward",
                                              "Index Name": "partsupp_pkey",
                                              "Relation Name": "partsupp",
                                              "Schema": "public",
                                              "Alias": "partsupp",
                                              "Startup Cost": 0.42,
                                              "Total Cost": 2.16,
                                              "Plan Rows": 4,
                                              "Plan Width": 14,
                                              "Output": [
                                                "partsupp.ps_partkey",
                                                "partsupp.ps_suppkey",
                                                "partsupp.ps_availqty",
                                                "partsupp.ps_supplycost",
                                                "partsupp.ps_comment"
                                              ],
                                              "Index Cond": "(partsupp.ps_partkey = part.p_partkey)"
                                            }
                                          ]
                                        },
                                        {
                                          "Node Type": "Hash",
                                          "Parent Relationship": "Inner",
                                          "Parallel Aware": false,
                                          "Async Capable": false,
                                          "Startup Cost": 323.0,
                                          "Total Cost": 323.0,
                                          "Plan Rows": 10000,
                                          "Plan Width": 8,
                                          "Output": [
                                            "supplier.s_suppkey",
                                            "supplier.s_nationkey"
                                          ],
                                          "Plans": [
                                            {
                                              "Node Type": "Seq Scan",
                                              "Parent Relationship": "Outer",
                                              "Parallel Aware": false,
                                              "Async Capable": false,
                                              "Relation Name": "supplier",
                                              "Schema": "public",
                                              "Alias": "supplier",
                                              "Startup Cost": 0.0,
                                              "Total Cost": 323.0,
                                              "Plan Rows": 10000,
                                              "Plan Width": 8,
                                              "Output": [
                                                "supplier.s_suppkey",
                                                "supplier.s_nationkey"
                                              ]
                                            }
                                          ]
                                        }
                                      ]
                                    },
                                    {
                                      "Node Type": "Hash",
                                      "Parent Relationship": "Inner",
                                      "Parallel Aware": false,
                                      "Async Capable": false,
                                      "Startup Cost": 1.25,
                                      "Total Cost": 1.25,
                                      "Plan Rows": 25,
                                      "Plan Width": 108,
                                      "Output": [
                                        "nation.n_name",
                                        "nation.n_nationkey"
                                      ],
                                      "Plans": [
                                        {
                                          "Node Type": "Seq Scan",
                                          "Parent Relationship": "Outer",
                                          "Parallel Aware": false,
                                          "Async Capable": false,
                                          "Relation Name": "nation",
                                          "Schema": "public",
                                          "Alias": "nation",
                                          "Startup Cost": 0.0,
                                          "Total Cost": 1.25,
                                          "Plan Rows": 25,
                                          "Plan Width": 108,
                                          "Output": [
                                            "nation.n_name",
                                            "nation.n_nationkey"
                                          ]
                                        }
                                      ]
                                    }
                                  ]
                                }
                              ]
                            }
                          ]
                        },
                        {
                          "Node Type": "Index Scan",
                          "Parent Relationship": "Inner",
                          "Parallel Aware": false,
                          "Async Capable": false,
                          "Scan Direction": "Forward",
                          "Index Name": "orders_pkey",
                          "Relation Name": "orders",
                          "Schema": "public",
                          "Alias": "orders",
                          "Startup Cost": 0.43,
                          "Total Cost": 0.45,
                          "Plan Rows": 1,
                          "Plan Width": 8,
                          "Output": [
                            "orders.o_orderkey",
                            "orders.o_custkey",
                            "orders.o_orderstatus",
                            "orders.o_totalprice",
                            "orders.o_orderdate",
                            "orders.o_orderpriority",
                            "orders.o_clerk",
                            "orders.o_shippriority",
                            "orders.o_comment"
                          ],
                          "Index Cond": "(orders.o_orderkey = lineitem.l_orderkey)"
                        }
                      ]
                    }
                  ]
                }
              ]
            }
          ]
        }
      ]
    },
    "JIT": {
      "Functions": 43,
      "Options": {
        "Inlining": false,
        "Optimization": false,
        "Expressions": true,
        "Deforming": true
      }
    }
  }
]
```

---

## 66. Q9_23_seed_180488682.sql

**File Path:** `/Users/brunowinter2000/Documents/Thesis/2025_2026/Plan-Level/Generated_Queries/Q9/Q9_23_seed_180488682.sql`

### EXPLAIN JSON

```json
[
  {
    "Plan": {
      "Node Type": "Sort",
      "Parallel Aware": false,
      "Async Capable": false,
      "Startup Cost": 203830.47,
      "Total Cost": 203980.85,
      "Plan Rows": 60150,
      "Plan Width": 168,
      "Output": [
        "nation.n_name",
        "(EXTRACT(year FROM orders.o_orderdate))",
        "(sum(((lineitem.l_extendedprice * ('1'::numeric - lineitem.l_discount)) - (partsupp.ps_supplycost * lineitem.l_quantity))))"
      ],
      "Sort Key": [
        "nation.n_name",
        "(EXTRACT(year FROM orders.o_orderdate)) DESC"
      ],
      "Plans": [
        {
          "Node Type": "Aggregate",
          "Strategy": "Hashed",
          "Partial Mode": "Finalize",
          "Parent Relationship": "Outer",
          "Parallel Aware": false,
          "Async Capable": false,
          "Startup Cost": 198153.43,
          "Total Cost": 199055.68,
          "Plan Rows": 60150,
          "Plan Width": 168,
          "Output": [
            "nation.n_name",
            "(EXTRACT(year FROM orders.o_orderdate))",
            "sum(((lineitem.l_extendedprice * ('1'::numeric - lineitem.l_discount)) - (partsupp.ps_supplycost * lineitem.l_quantity)))"
          ],
          "Group Key": [
            "nation.n_name",
            "(EXTRACT(year FROM orders.o_orderdate))"
          ],
          "Planned Partitions": 0,
          "Plans": [
            {
              "Node Type": "Gather",
              "Parent Relationship": "Outer",
              "Parallel Aware": false,
              "Async Capable": false,
              "Startup Cost": 170973.54,
              "Total Cost": 195748.13,
              "Plan Rows": 240530,
              "Plan Width": 168,
              "Output": [
                "nation.n_name",
                "(EXTRACT(year FROM orders.o_orderdate))",
                "(PARTIAL sum(((lineitem.l_extendedprice * ('1'::numeric - lineitem.l_discount)) - (partsupp.ps_supplycost * lineitem.l_quantity))))"
              ],
              "Workers Planned": 5,
              "Single Copy": false,
              "Plans": [
                {
                  "Node Type": "Aggregate",
                  "Strategy": "Hashed",
                  "Partial Mode": "Partial",
                  "Parent Relationship": "Outer",
                  "Parallel Aware": false,
                  "Async Capable": false,
                  "Startup Cost": 169973.54,
                  "Total Cost": 170695.13,
                  "Plan Rows": 48106,
                  "Plan Width": 168,
                  "Output": [
                    "nation.n_name",
                    "(EXTRACT(year FROM orders.o_orderdate))",
                    "PARTIAL sum(((lineitem.l_extendedprice * ('1'::numeric - lineitem.l_discount)) - (partsupp.ps_supplycost * lineitem.l_quantity)))"
                  ],
                  "Group Key": [
                    "nation.n_name",
                    "EXTRACT(year FROM orders.o_orderdate)"
                  ],
                  "Planned Partitions": 0,
                  "Plans": [
                    {
                      "Node Type": "Nested Loop",
                      "Parent Relationship": "Outer",
                      "Parallel Aware": false,
                      "Async Capable": false,
                      "Join Type": "Inner",
                      "Startup Cost": 13733.6,
                      "Total Cost": 169131.69,
                      "Plan Rows": 48106,
                      "Plan Width": 159,
                      "Output": [
                        "nation.n_name",
                        "EXTRACT(year FROM orders.o_orderdate)",
                        "lineitem.l_extendedprice",
                        "lineitem.l_discount",
                        "partsupp.ps_supplycost",
                        "lineitem.l_quantity"
                      ],
                      "Inner Unique": true,
                      "Plans": [
                        {
                          "Node Type": "Hash Join",
                          "Parent Relationship": "Outer",
                          "Parallel Aware": true,
                          "Async Capable": false,
                          "Join Type": "Inner",
                          "Startup Cost": 13733.17,
                          "Total Cost": 147337.5,
                          "Plan Rows": 48106,
                          "Plan Width": 131,
                          "Output": [
                            "lineitem.l_extendedprice",
                            "lineitem.l_discount",
                            "lineitem.l_quantity",
                            "lineitem.l_orderkey",
                            "partsupp.ps_supplycost",
                            "nation.n_name"
                          ],
                          "Inner Unique": false,
                          "Hash Cond": "((lineitem.l_suppkey = supplier.s_suppkey) AND (lineitem.l_partkey = partsupp.ps_partkey))",
                          "Plans": [
                            {
                              "Node Type": "Seq Scan",
                              "Parent Relationship": "Outer",
                              "Parallel Aware": true,
                              "Async Capable": false,
                              "Relation Name": "lineitem",
                              "Schema": "public",
                              "Alias": "lineitem",
                              "Startup Cost": 0.0,
                              "Total Cost": 124602.43,
                              "Plan Rows": 1200243,
                              "Plan Width": 29,
                              "Output": [
                                "lineitem.l_orderkey",
                                "lineitem.l_partkey",
                                "lineitem.l_suppkey",
                                "lineitem.l_linenumber",
                                "lineitem.l_quantity",
                                "lineitem.l_extendedprice",
                                "lineitem.l_discount",
                                "lineitem.l_tax",
                                "lineitem.l_returnflag",
                                "lineitem.l_linestatus",
                                "lineitem.l_shipdate",
                                "lineitem.l_commitdate",
                                "lineitem.l_receiptdate",
                                "lineitem.l_shipinstruct",
                                "lineitem.l_shipmode",
                                "lineitem.l_comment"
                              ]
                            },
                            {
                              "Node Type": "Hash",
                              "Parent Relationship": "Inner",
                              "Parallel Aware": true,
                              "Async Capable": false,
                              "Startup Cost": 13532.77,
                              "Total Cost": 13532.77,
                              "Plan Rows": 13360,
                              "Plan Width": 126,
                              "Output": [
                                "part.p_partkey",
                                "partsupp.ps_supplycost",
                                "partsupp.ps_suppkey",
                                "partsupp.ps_partkey",
                                "supplier.s_suppkey",
                                "nation.n_name"
                              ],
                              "Plans": [
                                {
                                  "Node Type": "Hash Join",
                                  "Parent Relationship": "Outer",
                                  "Parallel Aware": false,
                                  "Async Capable": false,
                                  "Join Type": "Inner",
                                  "Startup Cost": 449.99,
                                  "Total Cost": 13532.77,
                                  "Plan Rows": 13360,
                                  "Plan Width": 126,
                                  "Output": [
                                    "part.p_partkey",
                                    "partsupp.ps_supplycost",
                                    "partsupp.ps_suppkey",
                                    "partsupp.ps_partkey",
                                    "supplier.s_suppkey",
                                    "nation.n_name"
                                  ],
                                  "Inner Unique": true,
                                  "Hash Cond": "(supplier.s_nationkey = nation.n_nationkey)",
                                  "Plans": [
                                    {
                                      "Node Type": "Hash Join",
                                      "Parent Relationship": "Outer",
                                      "Parallel Aware": false,
                                      "Async Capable": false,
                                      "Join Type": "Inner",
                                      "Startup Cost": 448.43,
                                      "Total Cost": 13490.2,
                                      "Plan Rows": 13360,
                                      "Plan Width": 26,
                                      "Output": [
                                        "part.p_partkey",
                                        "partsupp.ps_supplycost",
                                        "partsupp.ps_suppkey",
                                        "partsupp.ps_partkey",
                                        "supplier.s_suppkey",
                                        "supplier.s_nationkey"
                                      ],
                                      "Inner Unique": true,
                                      "Hash Cond": "(partsupp.ps_suppkey = supplier.s_suppkey)",
                                      "Plans": [
                                        {
                                          "Node Type": "Nested Loop",
                                          "Parent Relationship": "Outer",
                                          "Parallel Aware": false,
                                          "Async Capable": false,
                                          "Join Type": "Inner",
                                          "Startup Cost": 0.42,
                                          "Total Cost": 13007.12,
                                          "Plan Rows": 13360,
                                          "Plan Width": 18,
                                          "Output": [
                                            "part.p_partkey",
                                            "partsupp.ps_supplycost",
                                            "partsupp.ps_suppkey",
                                            "partsupp.ps_partkey"
                                          ],
                                          "Inner Unique": false,
                                          "Plans": [
                                            {
                                              "Node Type": "Seq Scan",
                                              "Parent Relationship": "Outer",
                                              "Parallel Aware": true,
                                              "Async Capable": false,
                                              "Relation Name": "part",
                                              "Schema": "public",
                                              "Alias": "part",
                                              "Startup Cost": 0.0,
                                              "Total Cost": 5169.67,
                                              "Plan Rows": 3340,
                                              "Plan Width": 4,
                                              "Output": [
                                                "part.p_partkey",
                                                "part.p_name",
                                                "part.p_mfgr",
                                                "part.p_brand",
                                                "part.p_type",
                                                "part.p_size",
                                                "part.p_container",
                                                "part.p_retailprice",
                                                "part.p_comment"
                                              ],
                                              "Filter": "((part.p_name)::text ~~ '%slate%'::text)"
                                            },
                                            {
                                              "Node Type": "Index Scan",
                                              "Parent Relationship": "Inner",
                                              "Parallel Aware": false,
                                              "Async Capable": false,
                                              "Scan Direction": "Forward",
                                              "Index Name": "partsupp_pkey",
                                              "Relation Name": "partsupp",
                                              "Schema": "public",
                                              "Alias": "partsupp",
                                              "Startup Cost": 0.42,
                                              "Total Cost": 2.31,
                                              "Plan Rows": 4,
                                              "Plan Width": 14,
                                              "Output": [
                                                "partsupp.ps_partkey",
                                                "partsupp.ps_suppkey",
                                                "partsupp.ps_availqty",
                                                "partsupp.ps_supplycost",
                                                "partsupp.ps_comment"
                                              ],
                                              "Index Cond": "(partsupp.ps_partkey = part.p_partkey)"
                                            }
                                          ]
                                        },
                                        {
                                          "Node Type": "Hash",
                                          "Parent Relationship": "Inner",
                                          "Parallel Aware": false,
                                          "Async Capable": false,
                                          "Startup Cost": 323.0,
                                          "Total Cost": 323.0,
                                          "Plan Rows": 10000,
                                          "Plan Width": 8,
                                          "Output": [
                                            "supplier.s_suppkey",
                                            "supplier.s_nationkey"
                                          ],
                                          "Plans": [
                                            {
                                              "Node Type": "Seq Scan",
                                              "Parent Relationship": "Outer",
                                              "Parallel Aware": false,
                                              "Async Capable": false,
                                              "Relation Name": "supplier",
                                              "Schema": "public",
                                              "Alias": "supplier",
                                              "Startup Cost": 0.0,
                                              "Total Cost": 323.0,
                                              "Plan Rows": 10000,
                                              "Plan Width": 8,
                                              "Output": [
                                                "supplier.s_suppkey",
                                                "supplier.s_nationkey"
                                              ]
                                            }
                                          ]
                                        }
                                      ]
                                    },
                                    {
                                      "Node Type": "Hash",
                                      "Parent Relationship": "Inner",
                                      "Parallel Aware": false,
                                      "Async Capable": false,
                                      "Startup Cost": 1.25,
                                      "Total Cost": 1.25,
                                      "Plan Rows": 25,
                                      "Plan Width": 108,
                                      "Output": [
                                        "nation.n_name",
                                        "nation.n_nationkey"
                                      ],
                                      "Plans": [
                                        {
                                          "Node Type": "Seq Scan",
                                          "Parent Relationship": "Outer",
                                          "Parallel Aware": false,
                                          "Async Capable": false,
                                          "Relation Name": "nation",
                                          "Schema": "public",
                                          "Alias": "nation",
                                          "Startup Cost": 0.0,
                                          "Total Cost": 1.25,
                                          "Plan Rows": 25,
                                          "Plan Width": 108,
                                          "Output": [
                                            "nation.n_name",
                                            "nation.n_nationkey"
                                          ]
                                        }
                                      ]
                                    }
                                  ]
                                }
                              ]
                            }
                          ]
                        },
                        {
                          "Node Type": "Index Scan",
                          "Parent Relationship": "Inner",
                          "Parallel Aware": false,
                          "Async Capable": false,
                          "Scan Direction": "Forward",
                          "Index Name": "orders_pkey",
                          "Relation Name": "orders",
                          "Schema": "public",
                          "Alias": "orders",
                          "Startup Cost": 0.43,
                          "Total Cost": 0.45,
                          "Plan Rows": 1,
                          "Plan Width": 8,
                          "Output": [
                            "orders.o_orderkey",
                            "orders.o_custkey",
                            "orders.o_orderstatus",
                            "orders.o_totalprice",
                            "orders.o_orderdate",
                            "orders.o_orderpriority",
                            "orders.o_clerk",
                            "orders.o_shippriority",
                            "orders.o_comment"
                          ],
                          "Index Cond": "(orders.o_orderkey = lineitem.l_orderkey)"
                        }
                      ]
                    }
                  ]
                }
              ]
            }
          ]
        }
      ]
    },
    "JIT": {
      "Functions": 43,
      "Options": {
        "Inlining": false,
        "Optimization": false,
        "Expressions": true,
        "Deforming": true
      }
    }
  }
]
```

---

## 67. Q9_24_seed_188692713.sql

**File Path:** `/Users/brunowinter2000/Documents/Thesis/2025_2026/Plan-Level/Generated_Queries/Q9/Q9_24_seed_188692713.sql`

### EXPLAIN JSON

```json
[
  {
    "Plan": {
      "Node Type": "Sort",
      "Parallel Aware": false,
      "Async Capable": false,
      "Startup Cost": 214629.27,
      "Total Cost": 214779.65,
      "Plan Rows": 60150,
      "Plan Width": 168,
      "Output": [
        "nation.n_name",
        "(EXTRACT(year FROM orders.o_orderdate))",
        "(sum(((lineitem.l_extendedprice * ('1'::numeric - lineitem.l_discount)) - (partsupp.ps_supplycost * lineitem.l_quantity))))"
      ],
      "Sort Key": [
        "nation.n_name",
        "(EXTRACT(year FROM orders.o_orderdate)) DESC"
      ],
      "Plans": [
        {
          "Node Type": "Aggregate",
          "Strategy": "Hashed",
          "Partial Mode": "Finalize",
          "Parent Relationship": "Outer",
          "Parallel Aware": false,
          "Async Capable": false,
          "Startup Cost": 208952.23,
          "Total Cost": 209854.48,
          "Plan Rows": 60150,
          "Plan Width": 168,
          "Output": [
            "nation.n_name",
            "(EXTRACT(year FROM orders.o_orderdate))",
            "sum(((lineitem.l_extendedprice * ('1'::numeric - lineitem.l_discount)) - (partsupp.ps_supplycost * lineitem.l_quantity)))"
          ],
          "Group Key": [
            "nation.n_name",
            "(EXTRACT(year FROM orders.o_orderdate))"
          ],
          "Planned Partitions": 0,
          "Plans": [
            {
              "Node Type": "Gather",
              "Parent Relationship": "Outer",
              "Parallel Aware": false,
              "Async Capable": false,
              "Startup Cost": 176337.04,
              "Total Cost": 206065.93,
              "Plan Rows": 288630,
              "Plan Width": 168,
              "Output": [
                "nation.n_name",
                "(EXTRACT(year FROM orders.o_orderdate))",
                "(PARTIAL sum(((lineitem.l_extendedprice * ('1'::numeric - lineitem.l_discount)) - (partsupp.ps_supplycost * lineitem.l_quantity))))"
              ],
              "Workers Planned": 5,
              "Single Copy": false,
              "Plans": [
                {
                  "Node Type": "Aggregate",
                  "Strategy": "Hashed",
                  "Partial Mode": "Partial",
                  "Parent Relationship": "Outer",
                  "Parallel Aware": false,
                  "Async Capable": false,
                  "Startup Cost": 175337.04,
                  "Total Cost": 176202.93,
                  "Plan Rows": 57726,
                  "Plan Width": 168,
                  "Output": [
                    "nation.n_name",
                    "(EXTRACT(year FROM orders.o_orderdate))",
                    "PARTIAL sum(((lineitem.l_extendedprice * ('1'::numeric - lineitem.l_discount)) - (partsupp.ps_supplycost * lineitem.l_quantity)))"
                  ],
                  "Group Key": [
                    "nation.n_name",
                    "EXTRACT(year FROM orders.o_orderdate)"
                  ],
                  "Planned Partitions": 0,
                  "Plans": [
                    {
                      "Node Type": "Nested Loop",
                      "Parent Relationship": "Outer",
                      "Parallel Aware": false,
                      "Async Capable": false,
                      "Join Type": "Inner",
                      "Startup Cost": 14570.43,
                      "Total Cost": 174326.84,
                      "Plan Rows": 57726,
                      "Plan Width": 159,
                      "Output": [
                        "nation.n_name",
                        "EXTRACT(year FROM orders.o_orderdate)",
                        "lineitem.l_extendedprice",
                        "lineitem.l_discount",
                        "partsupp.ps_supplycost",
                        "lineitem.l_quantity"
                      ],
                      "Inner Unique": true,
                      "Plans": [
                        {
                          "Node Type": "Hash Join",
                          "Parent Relationship": "Outer",
                          "Parallel Aware": true,
                          "Async Capable": false,
                          "Join Type": "Inner",
                          "Startup Cost": 14570.01,
                          "Total Cost": 148174.36,
                          "Plan Rows": 57726,
                          "Plan Width": 131,
                          "Output": [
                            "lineitem.l_extendedprice",
                            "lineitem.l_discount",
                            "lineitem.l_quantity",
                            "lineitem.l_orderkey",
                            "partsupp.ps_supplycost",
                            "nation.n_name"
                          ],
                          "Inner Unique": false,
                          "Hash Cond": "((lineitem.l_suppkey = supplier.s_suppkey) AND (lineitem.l_partkey = partsupp.ps_partkey))",
                          "Plans": [
                            {
                              "Node Type": "Seq Scan",
                              "Parent Relationship": "Outer",
                              "Parallel Aware": true,
                              "Async Capable": false,
                              "Relation Name": "lineitem",
                              "Schema": "public",
                              "Alias": "lineitem",
                              "Startup Cost": 0.0,
                              "Total Cost": 124602.43,
                              "Plan Rows": 1200243,
                              "Plan Width": 29,
                              "Output": [
                                "lineitem.l_orderkey",
                                "lineitem.l_partkey",
                                "lineitem.l_suppkey",
                                "lineitem.l_linenumber",
                                "lineitem.l_quantity",
                                "lineitem.l_extendedprice",
                                "lineitem.l_discount",
                                "lineitem.l_tax",
                                "lineitem.l_returnflag",
                                "lineitem.l_linestatus",
                                "lineitem.l_shipdate",
                                "lineitem.l_commitdate",
                                "lineitem.l_receiptdate",
                                "lineitem.l_shipinstruct",
                                "lineitem.l_shipmode",
                                "lineitem.l_comment"
                              ]
                            },
                            {
                              "Node Type": "Hash",
                              "Parent Relationship": "Inner",
                              "Parallel Aware": true,
                              "Async Capable": false,
                              "Startup Cost": 14329.53,
                              "Total Cost": 14329.53,
                              "Plan Rows": 16032,
                              "Plan Width": 126,
                              "Output": [
                                "part.p_partkey",
                                "partsupp.ps_supplycost",
                                "partsupp.ps_suppkey",
                                "partsupp.ps_partkey",
                                "supplier.s_suppkey",
                                "nation.n_name"
                              ],
                              "Plans": [
                                {
                                  "Node Type": "Hash Join",
                                  "Parent Relationship": "Outer",
                                  "Parallel Aware": false,
                                  "Async Capable": false,
                                  "Join Type": "Inner",
                                  "Startup Cost": 449.99,
                                  "Total Cost": 14329.53,
                                  "Plan Rows": 16032,
                                  "Plan Width": 126,
                                  "Output": [
                                    "part.p_partkey",
                                    "partsupp.ps_supplycost",
                                    "partsupp.ps_suppkey",
                                    "partsupp.ps_partkey",
                                    "supplier.s_suppkey",
                                    "nation.n_name"
                                  ],
                                  "Inner Unique": true,
                                  "Hash Cond": "(supplier.s_nationkey = nation.n_nationkey)",
                                  "Plans": [
                                    {
                                      "Node Type": "Hash Join",
                                      "Parent Relationship": "Outer",
                                      "Parallel Aware": false,
                                      "Async Capable": false,
                                      "Join Type": "Inner",
                                      "Startup Cost": 448.43,
                                      "Total Cost": 14278.75,
                                      "Plan Rows": 16032,
                                      "Plan Width": 26,
                                      "Output": [
                                        "part.p_partkey",
                                        "partsupp.ps_supplycost",
                                        "partsupp.ps_suppkey",
                                        "partsupp.ps_partkey",
                                        "supplier.s_suppkey",
                                        "supplier.s_nationkey"
                                      ],
                                      "Inner Unique": true,
                                      "Hash Cond": "(partsupp.ps_suppkey = supplier.s_suppkey)",
                                      "Plans": [
                                        {
                                          "Node Type": "Nested Loop",
                                          "Parent Relationship": "Outer",
                                          "Parallel Aware": false,
                                          "Async Capable": false,
                                          "Join Type": "Inner",
                                          "Startup Cost": 0.42,
                                          "Total Cost": 13788.64,
                                          "Plan Rows": 16032,
                                          "Plan Width": 18,
                                          "Output": [
                                            "part.p_partkey",
                                            "partsupp.ps_supplycost",
                                            "partsupp.ps_suppkey",
                                            "partsupp.ps_partkey"
                                          ],
                                          "Inner Unique": false,
                                          "Plans": [
                                            {
                                              "Node Type": "Seq Scan",
                                              "Parent Relationship": "Outer",
                                              "Parallel Aware": true,
                                              "Async Capable": false,
                                              "Relation Name": "part",
                                              "Schema": "public",
                                              "Alias": "part",
                                              "Startup Cost": 0.0,
                                              "Total Cost": 5169.67,
                                              "Plan Rows": 4008,
                                              "Plan Width": 4,
                                              "Output": [
                                                "part.p_partkey",
                                                "part.p_name",
                                                "part.p_mfgr",
                                                "part.p_brand",
                                                "part.p_type",
                                                "part.p_size",
                                                "part.p_container",
                                                "part.p_retailprice",
                                                "part.p_comment"
                                              ],
                                              "Filter": "((part.p_name)::text ~~ '%goldenrod%'::text)"
                                            },
                                            {
                                              "Node Type": "Index Scan",
                                              "Parent Relationship": "Inner",
                                              "Parallel Aware": false,
                                              "Async Capable": false,
                                              "Scan Direction": "Forward",
                                              "Index Name": "partsupp_pkey",
                                              "Relation Name": "partsupp",
                                              "Schema": "public",
                                              "Alias": "partsupp",
                                              "Startup Cost": 0.42,
                                              "Total Cost": 2.11,
                                              "Plan Rows": 4,
                                              "Plan Width": 14,
                                              "Output": [
                                                "partsupp.ps_partkey",
                                                "partsupp.ps_suppkey",
                                                "partsupp.ps_availqty",
                                                "partsupp.ps_supplycost",
                                                "partsupp.ps_comment"
                                              ],
                                              "Index Cond": "(partsupp.ps_partkey = part.p_partkey)"
                                            }
                                          ]
                                        },
                                        {
                                          "Node Type": "Hash",
                                          "Parent Relationship": "Inner",
                                          "Parallel Aware": false,
                                          "Async Capable": false,
                                          "Startup Cost": 323.0,
                                          "Total Cost": 323.0,
                                          "Plan Rows": 10000,
                                          "Plan Width": 8,
                                          "Output": [
                                            "supplier.s_suppkey",
                                            "supplier.s_nationkey"
                                          ],
                                          "Plans": [
                                            {
                                              "Node Type": "Seq Scan",
                                              "Parent Relationship": "Outer",
                                              "Parallel Aware": false,
                                              "Async Capable": false,
                                              "Relation Name": "supplier",
                                              "Schema": "public",
                                              "Alias": "supplier",
                                              "Startup Cost": 0.0,
                                              "Total Cost": 323.0,
                                              "Plan Rows": 10000,
                                              "Plan Width": 8,
                                              "Output": [
                                                "supplier.s_suppkey",
                                                "supplier.s_nationkey"
                                              ]
                                            }
                                          ]
                                        }
                                      ]
                                    },
                                    {
                                      "Node Type": "Hash",
                                      "Parent Relationship": "Inner",
                                      "Parallel Aware": false,
                                      "Async Capable": false,
                                      "Startup Cost": 1.25,
                                      "Total Cost": 1.25,
                                      "Plan Rows": 25,
                                      "Plan Width": 108,
                                      "Output": [
                                        "nation.n_name",
                                        "nation.n_nationkey"
                                      ],
                                      "Plans": [
                                        {
                                          "Node Type": "Seq Scan",
                                          "Parent Relationship": "Outer",
                                          "Parallel Aware": false,
                                          "Async Capable": false,
                                          "Relation Name": "nation",
                                          "Schema": "public",
                                          "Alias": "nation",
                                          "Startup Cost": 0.0,
                                          "Total Cost": 1.25,
                                          "Plan Rows": 25,
                                          "Plan Width": 108,
                                          "Output": [
                                            "nation.n_name",
                                            "nation.n_nationkey"
                                          ]
                                        }
                                      ]
                                    }
                                  ]
                                }
                              ]
                            }
                          ]
                        },
                        {
                          "Node Type": "Index Scan",
                          "Parent Relationship": "Inner",
                          "Parallel Aware": false,
                          "Async Capable": false,
                          "Scan Direction": "Forward",
                          "Index Name": "orders_pkey",
                          "Relation Name": "orders",
                          "Schema": "public",
                          "Alias": "orders",
                          "Startup Cost": 0.43,
                          "Total Cost": 0.45,
                          "Plan Rows": 1,
                          "Plan Width": 8,
                          "Output": [
                            "orders.o_orderkey",
                            "orders.o_custkey",
                            "orders.o_orderstatus",
                            "orders.o_totalprice",
                            "orders.o_orderdate",
                            "orders.o_orderpriority",
                            "orders.o_clerk",
                            "orders.o_shippriority",
                            "orders.o_comment"
                          ],
                          "Index Cond": "(orders.o_orderkey = lineitem.l_orderkey)"
                        }
                      ]
                    }
                  ]
                }
              ]
            }
          ]
        }
      ]
    },
    "JIT": {
      "Functions": 43,
      "Options": {
        "Inlining": false,
        "Optimization": false,
        "Expressions": true,
        "Deforming": true
      }
    }
  }
]
```

---

## 68. Q9_25_seed_196896744.sql

**File Path:** `/Users/brunowinter2000/Documents/Thesis/2025_2026/Plan-Level/Generated_Queries/Q9/Q9_25_seed_196896744.sql`

### EXPLAIN JSON

```json
[
  {
    "Plan": {
      "Node Type": "Sort",
      "Parallel Aware": false,
      "Async Capable": false,
      "Startup Cost": 223771.84,
      "Total Cost": 223922.21,
      "Plan Rows": 60150,
      "Plan Width": 168,
      "Output": [
        "nation.n_name",
        "(EXTRACT(year FROM orders.o_orderdate))",
        "(sum(((lineitem.l_extendedprice * ('1'::numeric - lineitem.l_discount)) - (partsupp.ps_supplycost * lineitem.l_quantity))))"
      ],
      "Sort Key": [
        "nation.n_name",
        "(EXTRACT(year FROM orders.o_orderdate)) DESC"
      ],
      "Plans": [
        {
          "Node Type": "Aggregate",
          "Strategy": "Hashed",
          "Partial Mode": "Finalize",
          "Parent Relationship": "Outer",
          "Parallel Aware": false,
          "Async Capable": false,
          "Startup Cost": 218094.8,
          "Total Cost": 218997.05,
          "Plan Rows": 60150,
          "Plan Width": 168,
          "Output": [
            "nation.n_name",
            "(EXTRACT(year FROM orders.o_orderdate))",
            "sum(((lineitem.l_extendedprice * ('1'::numeric - lineitem.l_discount)) - (partsupp.ps_supplycost * lineitem.l_quantity)))"
          ],
          "Group Key": [
            "nation.n_name",
            "(EXTRACT(year FROM orders.o_orderdate))"
          ],
          "Planned Partitions": 0,
          "Plans": [
            {
              "Node Type": "Gather",
              "Parent Relationship": "Outer",
              "Parallel Aware": false,
              "Async Capable": false,
              "Startup Cost": 184110.05,
              "Total Cost": 215087.3,
              "Plan Rows": 300750,
              "Plan Width": 168,
              "Output": [
                "nation.n_name",
                "(EXTRACT(year FROM orders.o_orderdate))",
                "(PARTIAL sum(((lineitem.l_extendedprice * ('1'::numeric - lineitem.l_discount)) - (partsupp.ps_supplycost * lineitem.l_quantity))))"
              ],
              "Workers Planned": 5,
              "Single Copy": false,
              "Plans": [
                {
                  "Node Type": "Aggregate",
                  "Strategy": "Hashed",
                  "Partial Mode": "Partial",
                  "Parent Relationship": "Outer",
                  "Parallel Aware": false,
                  "Async Capable": false,
                  "Startup Cost": 183110.05,
                  "Total Cost": 184012.3,
                  "Plan Rows": 60150,
                  "Plan Width": 168,
                  "Output": [
                    "nation.n_name",
                    "(EXTRACT(year FROM orders.o_orderdate))",
                    "PARTIAL sum(((lineitem.l_extendedprice * ('1'::numeric - lineitem.l_discount)) - (partsupp.ps_supplycost * lineitem.l_quantity)))"
                  ],
                  "Group Key": [
                    "nation.n_name",
                    "EXTRACT(year FROM orders.o_orderdate)"
                  ],
                  "Planned Partitions": 0,
                  "Plans": [
                    {
                      "Node Type": "Nested Loop",
                      "Parent Relationship": "Outer",
                      "Parallel Aware": false,
                      "Async Capable": false,
                      "Join Type": "Inner",
                      "Startup Cost": 15552.04,
                      "Total Cost": 181847.26,
                      "Plan Rows": 72159,
                      "Plan Width": 159,
                      "Output": [
                        "nation.n_name",
                        "EXTRACT(year FROM orders.o_orderdate)",
                        "lineitem.l_extendedprice",
                        "lineitem.l_discount",
                        "partsupp.ps_supplycost",
                        "lineitem.l_quantity"
                      ],
                      "Inner Unique": true,
                      "Plans": [
                        {
                          "Node Type": "Hash Join",
                          "Parent Relationship": "Outer",
                          "Parallel Aware": true,
                          "Async Capable": false,
                          "Join Type": "Inner",
                          "Startup Cost": 15551.61,
                          "Total Cost": 149155.98,
                          "Plan Rows": 72159,
                          "Plan Width": 131,
                          "Output": [
                            "lineitem.l_extendedprice",
                            "lineitem.l_discount",
                            "lineitem.l_quantity",
                            "lineitem.l_orderkey",
                            "partsupp.ps_supplycost",
                            "nation.n_name"
                          ],
                          "Inner Unique": false,
                          "Hash Cond": "((lineitem.l_suppkey = supplier.s_suppkey) AND (lineitem.l_partkey = partsupp.ps_partkey))",
                          "Plans": [
                            {
                              "Node Type": "Seq Scan",
                              "Parent Relationship": "Outer",
                              "Parallel Aware": true,
                              "Async Capable": false,
                              "Relation Name": "lineitem",
                              "Schema": "public",
                              "Alias": "lineitem",
                              "Startup Cost": 0.0,
                              "Total Cost": 124602.43,
                              "Plan Rows": 1200243,
                              "Plan Width": 29,
                              "Output": [
                                "lineitem.l_orderkey",
                                "lineitem.l_partkey",
                                "lineitem.l_suppkey",
                                "lineitem.l_linenumber",
                                "lineitem.l_quantity",
                                "lineitem.l_extendedprice",
                                "lineitem.l_discount",
                                "lineitem.l_tax",
                                "lineitem.l_returnflag",
                                "lineitem.l_linestatus",
                                "lineitem.l_shipdate",
                                "lineitem.l_commitdate",
                                "lineitem.l_receiptdate",
                                "lineitem.l_shipinstruct",
                                "lineitem.l_shipmode",
                                "lineitem.l_comment"
                              ]
                            },
                            {
                              "Node Type": "Hash",
                              "Parent Relationship": "Inner",
                              "Parallel Aware": true,
                              "Async Capable": false,
                              "Startup Cost": 15251.01,
                              "Total Cost": 15251.01,
                              "Plan Rows": 20040,
                              "Plan Width": 126,
                              "Output": [
                                "part.p_partkey",
                                "partsupp.ps_supplycost",
                                "partsupp.ps_suppkey",
                                "partsupp.ps_partkey",
                                "supplier.s_suppkey",
                                "nation.n_name"
                              ],
                              "Plans": [
                                {
                                  "Node Type": "Hash Join",
                                  "Parent Relationship": "Outer",
                                  "Parallel Aware": false,
                                  "Async Capable": false,
                                  "Join Type": "Inner",
                                  "Startup Cost": 449.99,
                                  "Total Cost": 15251.01,
                                  "Plan Rows": 20040,
                                  "Plan Width": 126,
                                  "Output": [
                                    "part.p_partkey",
                                    "partsupp.ps_supplycost",
                                    "partsupp.ps_suppkey",
                                    "partsupp.ps_partkey",
                                    "supplier.s_suppkey",
                                    "nation.n_name"
                                  ],
                                  "Inner Unique": true,
                                  "Hash Cond": "(supplier.s_nationkey = nation.n_nationkey)",
                                  "Plans": [
                                    {
                                      "Node Type": "Hash Join",
                                      "Parent Relationship": "Outer",
                                      "Parallel Aware": false,
                                      "Async Capable": false,
                                      "Join Type": "Inner",
                                      "Startup Cost": 448.43,
                                      "Total Cost": 15187.92,
                                      "Plan Rows": 20040,
                                      "Plan Width": 26,
                                      "Output": [
                                        "part.p_partkey",
                                        "partsupp.ps_supplycost",
                                        "partsupp.ps_suppkey",
                                        "partsupp.ps_partkey",
                                        "supplier.s_suppkey",
                                        "supplier.s_nationkey"
                                      ],
                                      "Inner Unique": true,
                                      "Hash Cond": "(partsupp.ps_suppkey = supplier.s_suppkey)",
                                      "Plans": [
                                        {
                                          "Node Type": "Nested Loop",
                                          "Parent Relationship": "Outer",
                                          "Parallel Aware": false,
                                          "Async Capable": false,
                                          "Join Type": "Inner",
                                          "Startup Cost": 0.42,
                                          "Total Cost": 14687.3,
                                          "Plan Rows": 20040,
                                          "Plan Width": 18,
                                          "Output": [
                                            "part.p_partkey",
                                            "partsupp.ps_supplycost",
                                            "partsupp.ps_suppkey",
                                            "partsupp.ps_partkey"
                                          ],
                                          "Inner Unique": false,
                                          "Plans": [
                                            {
                                              "Node Type": "Seq Scan",
                                              "Parent Relationship": "Outer",
                                              "Parallel Aware": true,
                                              "Async Capable": false,
                                              "Relation Name": "part",
                                              "Schema": "public",
                                              "Alias": "part",
                                              "Startup Cost": 0.0,
                                              "Total Cost": 5169.67,
                                              "Plan Rows": 5010,
                                              "Plan Width": 4,
                                              "Output": [
                                                "part.p_partkey",
                                                "part.p_name",
                                                "part.p_mfgr",
                                                "part.p_brand",
                                                "part.p_type",
                                                "part.p_size",
                                                "part.p_container",
                                                "part.p_retailprice",
                                                "part.p_comment"
                                              ],
                                              "Filter": "((part.p_name)::text ~~ '%sky%'::text)"
                                            },
                                            {
                                              "Node Type": "Index Scan",
                                              "Parent Relationship": "Inner",
                                              "Parallel Aware": false,
                                              "Async Capable": false,
                                              "Scan Direction": "Forward",
                                              "Index Name": "partsupp_pkey",
                                              "Relation Name": "partsupp",
                                              "Schema": "public",
                                              "Alias": "partsupp",
                                              "Startup Cost": 0.42,
                                              "Total Cost": 1.86,
                                              "Plan Rows": 4,
                                              "Plan Width": 14,
                                              "Output": [
                                                "partsupp.ps_partkey",
                                                "partsupp.ps_suppkey",
                                                "partsupp.ps_availqty",
                                                "partsupp.ps_supplycost",
                                                "partsupp.ps_comment"
                                              ],
                                              "Index Cond": "(partsupp.ps_partkey = part.p_partkey)"
                                            }
                                          ]
                                        },
                                        {
                                          "Node Type": "Hash",
                                          "Parent Relationship": "Inner",
                                          "Parallel Aware": false,
                                          "Async Capable": false,
                                          "Startup Cost": 323.0,
                                          "Total Cost": 323.0,
                                          "Plan Rows": 10000,
                                          "Plan Width": 8,
                                          "Output": [
                                            "supplier.s_suppkey",
                                            "supplier.s_nationkey"
                                          ],
                                          "Plans": [
                                            {
                                              "Node Type": "Seq Scan",
                                              "Parent Relationship": "Outer",
                                              "Parallel Aware": false,
                                              "Async Capable": false,
                                              "Relation Name": "supplier",
                                              "Schema": "public",
                                              "Alias": "supplier",
                                              "Startup Cost": 0.0,
                                              "Total Cost": 323.0,
                                              "Plan Rows": 10000,
                                              "Plan Width": 8,
                                              "Output": [
                                                "supplier.s_suppkey",
                                                "supplier.s_nationkey"
                                              ]
                                            }
                                          ]
                                        }
                                      ]
                                    },
                                    {
                                      "Node Type": "Hash",
                                      "Parent Relationship": "Inner",
                                      "Parallel Aware": false,
                                      "Async Capable": false,
                                      "Startup Cost": 1.25,
                                      "Total Cost": 1.25,
                                      "Plan Rows": 25,
                                      "Plan Width": 108,
                                      "Output": [
                                        "nation.n_name",
                                        "nation.n_nationkey"
                                      ],
                                      "Plans": [
                                        {
                                          "Node Type": "Seq Scan",
                                          "Parent Relationship": "Outer",
                                          "Parallel Aware": false,
                                          "Async Capable": false,
                                          "Relation Name": "nation",
                                          "Schema": "public",
                                          "Alias": "nation",
                                          "Startup Cost": 0.0,
                                          "Total Cost": 1.25,
                                          "Plan Rows": 25,
                                          "Plan Width": 108,
                                          "Output": [
                                            "nation.n_name",
                                            "nation.n_nationkey"
                                          ]
                                        }
                                      ]
                                    }
                                  ]
                                }
                              ]
                            }
                          ]
                        },
                        {
                          "Node Type": "Index Scan",
                          "Parent Relationship": "Inner",
                          "Parallel Aware": false,
                          "Async Capable": false,
                          "Scan Direction": "Forward",
                          "Index Name": "orders_pkey",
                          "Relation Name": "orders",
                          "Schema": "public",
                          "Alias": "orders",
                          "Startup Cost": 0.43,
                          "Total Cost": 0.45,
                          "Plan Rows": 1,
                          "Plan Width": 8,
                          "Output": [
                            "orders.o_orderkey",
                            "orders.o_custkey",
                            "orders.o_orderstatus",
                            "orders.o_totalprice",
                            "orders.o_orderdate",
                            "orders.o_orderpriority",
                            "orders.o_clerk",
                            "orders.o_shippriority",
                            "orders.o_comment"
                          ],
                          "Index Cond": "(orders.o_orderkey = lineitem.l_orderkey)"
                        }
                      ]
                    }
                  ]
                }
              ]
            }
          ]
        }
      ]
    },
    "JIT": {
      "Functions": 43,
      "Options": {
        "Inlining": false,
        "Optimization": false,
        "Expressions": true,
        "Deforming": true
      }
    }
  }
]
```

---

## 69. Q9_26_seed_205100775.sql

**File Path:** `/Users/brunowinter2000/Documents/Thesis/2025_2026/Plan-Level/Generated_Queries/Q9/Q9_26_seed_205100775.sql`

### EXPLAIN JSON

```json
[
  {
    "Plan": {
      "Node Type": "Sort",
      "Parallel Aware": false,
      "Async Capable": false,
      "Startup Cost": 223771.84,
      "Total Cost": 223922.21,
      "Plan Rows": 60150,
      "Plan Width": 168,
      "Output": [
        "nation.n_name",
        "(EXTRACT(year FROM orders.o_orderdate))",
        "(sum(((lineitem.l_extendedprice * ('1'::numeric - lineitem.l_discount)) - (partsupp.ps_supplycost * lineitem.l_quantity))))"
      ],
      "Sort Key": [
        "nation.n_name",
        "(EXTRACT(year FROM orders.o_orderdate)) DESC"
      ],
      "Plans": [
        {
          "Node Type": "Aggregate",
          "Strategy": "Hashed",
          "Partial Mode": "Finalize",
          "Parent Relationship": "Outer",
          "Parallel Aware": false,
          "Async Capable": false,
          "Startup Cost": 218094.8,
          "Total Cost": 218997.05,
          "Plan Rows": 60150,
          "Plan Width": 168,
          "Output": [
            "nation.n_name",
            "(EXTRACT(year FROM orders.o_orderdate))",
            "sum(((lineitem.l_extendedprice * ('1'::numeric - lineitem.l_discount)) - (partsupp.ps_supplycost * lineitem.l_quantity)))"
          ],
          "Group Key": [
            "nation.n_name",
            "(EXTRACT(year FROM orders.o_orderdate))"
          ],
          "Planned Partitions": 0,
          "Plans": [
            {
              "Node Type": "Gather",
              "Parent Relationship": "Outer",
              "Parallel Aware": false,
              "Async Capable": false,
              "Startup Cost": 184110.05,
              "Total Cost": 215087.3,
              "Plan Rows": 300750,
              "Plan Width": 168,
              "Output": [
                "nation.n_name",
                "(EXTRACT(year FROM orders.o_orderdate))",
                "(PARTIAL sum(((lineitem.l_extendedprice * ('1'::numeric - lineitem.l_discount)) - (partsupp.ps_supplycost * lineitem.l_quantity))))"
              ],
              "Workers Planned": 5,
              "Single Copy": false,
              "Plans": [
                {
                  "Node Type": "Aggregate",
                  "Strategy": "Hashed",
                  "Partial Mode": "Partial",
                  "Parent Relationship": "Outer",
                  "Parallel Aware": false,
                  "Async Capable": false,
                  "Startup Cost": 183110.05,
                  "Total Cost": 184012.3,
                  "Plan Rows": 60150,
                  "Plan Width": 168,
                  "Output": [
                    "nation.n_name",
                    "(EXTRACT(year FROM orders.o_orderdate))",
                    "PARTIAL sum(((lineitem.l_extendedprice * ('1'::numeric - lineitem.l_discount)) - (partsupp.ps_supplycost * lineitem.l_quantity)))"
                  ],
                  "Group Key": [
                    "nation.n_name",
                    "EXTRACT(year FROM orders.o_orderdate)"
                  ],
                  "Planned Partitions": 0,
                  "Plans": [
                    {
                      "Node Type": "Nested Loop",
                      "Parent Relationship": "Outer",
                      "Parallel Aware": false,
                      "Async Capable": false,
                      "Join Type": "Inner",
                      "Startup Cost": 15552.04,
                      "Total Cost": 181847.26,
                      "Plan Rows": 72159,
                      "Plan Width": 159,
                      "Output": [
                        "nation.n_name",
                        "EXTRACT(year FROM orders.o_orderdate)",
                        "lineitem.l_extendedprice",
                        "lineitem.l_discount",
                        "partsupp.ps_supplycost",
                        "lineitem.l_quantity"
                      ],
                      "Inner Unique": true,
                      "Plans": [
                        {
                          "Node Type": "Hash Join",
                          "Parent Relationship": "Outer",
                          "Parallel Aware": true,
                          "Async Capable": false,
                          "Join Type": "Inner",
                          "Startup Cost": 15551.61,
                          "Total Cost": 149155.98,
                          "Plan Rows": 72159,
                          "Plan Width": 131,
                          "Output": [
                            "lineitem.l_extendedprice",
                            "lineitem.l_discount",
                            "lineitem.l_quantity",
                            "lineitem.l_orderkey",
                            "partsupp.ps_supplycost",
                            "nation.n_name"
                          ],
                          "Inner Unique": false,
                          "Hash Cond": "((lineitem.l_suppkey = supplier.s_suppkey) AND (lineitem.l_partkey = partsupp.ps_partkey))",
                          "Plans": [
                            {
                              "Node Type": "Seq Scan",
                              "Parent Relationship": "Outer",
                              "Parallel Aware": true,
                              "Async Capable": false,
                              "Relation Name": "lineitem",
                              "Schema": "public",
                              "Alias": "lineitem",
                              "Startup Cost": 0.0,
                              "Total Cost": 124602.43,
                              "Plan Rows": 1200243,
                              "Plan Width": 29,
                              "Output": [
                                "lineitem.l_orderkey",
                                "lineitem.l_partkey",
                                "lineitem.l_suppkey",
                                "lineitem.l_linenumber",
                                "lineitem.l_quantity",
                                "lineitem.l_extendedprice",
                                "lineitem.l_discount",
                                "lineitem.l_tax",
                                "lineitem.l_returnflag",
                                "lineitem.l_linestatus",
                                "lineitem.l_shipdate",
                                "lineitem.l_commitdate",
                                "lineitem.l_receiptdate",
                                "lineitem.l_shipinstruct",
                                "lineitem.l_shipmode",
                                "lineitem.l_comment"
                              ]
                            },
                            {
                              "Node Type": "Hash",
                              "Parent Relationship": "Inner",
                              "Parallel Aware": true,
                              "Async Capable": false,
                              "Startup Cost": 15251.01,
                              "Total Cost": 15251.01,
                              "Plan Rows": 20040,
                              "Plan Width": 126,
                              "Output": [
                                "part.p_partkey",
                                "partsupp.ps_supplycost",
                                "partsupp.ps_suppkey",
                                "partsupp.ps_partkey",
                                "supplier.s_suppkey",
                                "nation.n_name"
                              ],
                              "Plans": [
                                {
                                  "Node Type": "Hash Join",
                                  "Parent Relationship": "Outer",
                                  "Parallel Aware": false,
                                  "Async Capable": false,
                                  "Join Type": "Inner",
                                  "Startup Cost": 449.99,
                                  "Total Cost": 15251.01,
                                  "Plan Rows": 20040,
                                  "Plan Width": 126,
                                  "Output": [
                                    "part.p_partkey",
                                    "partsupp.ps_supplycost",
                                    "partsupp.ps_suppkey",
                                    "partsupp.ps_partkey",
                                    "supplier.s_suppkey",
                                    "nation.n_name"
                                  ],
                                  "Inner Unique": true,
                                  "Hash Cond": "(supplier.s_nationkey = nation.n_nationkey)",
                                  "Plans": [
                                    {
                                      "Node Type": "Hash Join",
                                      "Parent Relationship": "Outer",
                                      "Parallel Aware": false,
                                      "Async Capable": false,
                                      "Join Type": "Inner",
                                      "Startup Cost": 448.43,
                                      "Total Cost": 15187.92,
                                      "Plan Rows": 20040,
                                      "Plan Width": 26,
                                      "Output": [
                                        "part.p_partkey",
                                        "partsupp.ps_supplycost",
                                        "partsupp.ps_suppkey",
                                        "partsupp.ps_partkey",
                                        "supplier.s_suppkey",
                                        "supplier.s_nationkey"
                                      ],
                                      "Inner Unique": true,
                                      "Hash Cond": "(partsupp.ps_suppkey = supplier.s_suppkey)",
                                      "Plans": [
                                        {
                                          "Node Type": "Nested Loop",
                                          "Parent Relationship": "Outer",
                                          "Parallel Aware": false,
                                          "Async Capable": false,
                                          "Join Type": "Inner",
                                          "Startup Cost": 0.42,
                                          "Total Cost": 14687.3,
                                          "Plan Rows": 20040,
                                          "Plan Width": 18,
                                          "Output": [
                                            "part.p_partkey",
                                            "partsupp.ps_supplycost",
                                            "partsupp.ps_suppkey",
                                            "partsupp.ps_partkey"
                                          ],
                                          "Inner Unique": false,
                                          "Plans": [
                                            {
                                              "Node Type": "Seq Scan",
                                              "Parent Relationship": "Outer",
                                              "Parallel Aware": true,
                                              "Async Capable": false,
                                              "Relation Name": "part",
                                              "Schema": "public",
                                              "Alias": "part",
                                              "Startup Cost": 0.0,
                                              "Total Cost": 5169.67,
                                              "Plan Rows": 5010,
                                              "Plan Width": 4,
                                              "Output": [
                                                "part.p_partkey",
                                                "part.p_name",
                                                "part.p_mfgr",
                                                "part.p_brand",
                                                "part.p_type",
                                                "part.p_size",
                                                "part.p_container",
                                                "part.p_retailprice",
                                                "part.p_comment"
                                              ],
                                              "Filter": "((part.p_name)::text ~~ '%ghost%'::text)"
                                            },
                                            {
                                              "Node Type": "Index Scan",
                                              "Parent Relationship": "Inner",
                                              "Parallel Aware": false,
                                              "Async Capable": false,
                                              "Scan Direction": "Forward",
                                              "Index Name": "partsupp_pkey",
                                              "Relation Name": "partsupp",
                                              "Schema": "public",
                                              "Alias": "partsupp",
                                              "Startup Cost": 0.42,
                                              "Total Cost": 1.86,
                                              "Plan Rows": 4,
                                              "Plan Width": 14,
                                              "Output": [
                                                "partsupp.ps_partkey",
                                                "partsupp.ps_suppkey",
                                                "partsupp.ps_availqty",
                                                "partsupp.ps_supplycost",
                                                "partsupp.ps_comment"
                                              ],
                                              "Index Cond": "(partsupp.ps_partkey = part.p_partkey)"
                                            }
                                          ]
                                        },
                                        {
                                          "Node Type": "Hash",
                                          "Parent Relationship": "Inner",
                                          "Parallel Aware": false,
                                          "Async Capable": false,
                                          "Startup Cost": 323.0,
                                          "Total Cost": 323.0,
                                          "Plan Rows": 10000,
                                          "Plan Width": 8,
                                          "Output": [
                                            "supplier.s_suppkey",
                                            "supplier.s_nationkey"
                                          ],
                                          "Plans": [
                                            {
                                              "Node Type": "Seq Scan",
                                              "Parent Relationship": "Outer",
                                              "Parallel Aware": false,
                                              "Async Capable": false,
                                              "Relation Name": "supplier",
                                              "Schema": "public",
                                              "Alias": "supplier",
                                              "Startup Cost": 0.0,
                                              "Total Cost": 323.0,
                                              "Plan Rows": 10000,
                                              "Plan Width": 8,
                                              "Output": [
                                                "supplier.s_suppkey",
                                                "supplier.s_nationkey"
                                              ]
                                            }
                                          ]
                                        }
                                      ]
                                    },
                                    {
                                      "Node Type": "Hash",
                                      "Parent Relationship": "Inner",
                                      "Parallel Aware": false,
                                      "Async Capable": false,
                                      "Startup Cost": 1.25,
                                      "Total Cost": 1.25,
                                      "Plan Rows": 25,
                                      "Plan Width": 108,
                                      "Output": [
                                        "nation.n_name",
                                        "nation.n_nationkey"
                                      ],
                                      "Plans": [
                                        {
                                          "Node Type": "Seq Scan",
                                          "Parent Relationship": "Outer",
                                          "Parallel Aware": false,
                                          "Async Capable": false,
                                          "Relation Name": "nation",
                                          "Schema": "public",
                                          "Alias": "nation",
                                          "Startup Cost": 0.0,
                                          "Total Cost": 1.25,
                                          "Plan Rows": 25,
                                          "Plan Width": 108,
                                          "Output": [
                                            "nation.n_name",
                                            "nation.n_nationkey"
                                          ]
                                        }
                                      ]
                                    }
                                  ]
                                }
                              ]
                            }
                          ]
                        },
                        {
                          "Node Type": "Index Scan",
                          "Parent Relationship": "Inner",
                          "Parallel Aware": false,
                          "Async Capable": false,
                          "Scan Direction": "Forward",
                          "Index Name": "orders_pkey",
                          "Relation Name": "orders",
                          "Schema": "public",
                          "Alias": "orders",
                          "Startup Cost": 0.43,
                          "Total Cost": 0.45,
                          "Plan Rows": 1,
                          "Plan Width": 8,
                          "Output": [
                            "orders.o_orderkey",
                            "orders.o_custkey",
                            "orders.o_orderstatus",
                            "orders.o_totalprice",
                            "orders.o_orderdate",
                            "orders.o_orderpriority",
                            "orders.o_clerk",
                            "orders.o_shippriority",
                            "orders.o_comment"
                          ],
                          "Index Cond": "(orders.o_orderkey = lineitem.l_orderkey)"
                        }
                      ]
                    }
                  ]
                }
              ]
            }
          ]
        }
      ]
    },
    "JIT": {
      "Functions": 43,
      "Options": {
        "Inlining": false,
        "Optimization": false,
        "Expressions": true,
        "Deforming": true
      }
    }
  }
]
```

---

## 70. Q9_27_seed_213304806.sql

**File Path:** `/Users/brunowinter2000/Documents/Thesis/2025_2026/Plan-Level/Generated_Queries/Q9/Q9_27_seed_213304806.sql`

### EXPLAIN JSON

```json
[
  {
    "Plan": {
      "Node Type": "Sort",
      "Parallel Aware": false,
      "Async Capable": false,
      "Startup Cost": 222478.18,
      "Total Cost": 222628.55,
      "Plan Rows": 60150,
      "Plan Width": 168,
      "Output": [
        "nation.n_name",
        "(EXTRACT(year FROM orders.o_orderdate))",
        "(sum(((lineitem.l_extendedprice * ('1'::numeric - lineitem.l_discount)) - (partsupp.ps_supplycost * lineitem.l_quantity))))"
      ],
      "Sort Key": [
        "nation.n_name",
        "(EXTRACT(year FROM orders.o_orderdate)) DESC"
      ],
      "Plans": [
        {
          "Node Type": "Aggregate",
          "Strategy": "Hashed",
          "Partial Mode": "Finalize",
          "Parent Relationship": "Outer",
          "Parallel Aware": false,
          "Async Capable": false,
          "Startup Cost": 216801.14,
          "Total Cost": 217703.39,
          "Plan Rows": 60150,
          "Plan Width": 168,
          "Output": [
            "nation.n_name",
            "(EXTRACT(year FROM orders.o_orderdate))",
            "sum(((lineitem.l_extendedprice * ('1'::numeric - lineitem.l_discount)) - (partsupp.ps_supplycost * lineitem.l_quantity)))"
          ],
          "Group Key": [
            "nation.n_name",
            "(EXTRACT(year FROM orders.o_orderdate))"
          ],
          "Planned Partitions": 0,
          "Plans": [
            {
              "Node Type": "Gather",
              "Parent Relationship": "Outer",
              "Parallel Aware": false,
              "Async Capable": false,
              "Startup Cost": 182816.39,
              "Total Cost": 213793.64,
              "Plan Rows": 300750,
              "Plan Width": 168,
              "Output": [
                "nation.n_name",
                "(EXTRACT(year FROM orders.o_orderdate))",
                "(PARTIAL sum(((lineitem.l_extendedprice * ('1'::numeric - lineitem.l_discount)) - (partsupp.ps_supplycost * lineitem.l_quantity))))"
              ],
              "Workers Planned": 5,
              "Single Copy": false,
              "Plans": [
                {
                  "Node Type": "Aggregate",
                  "Strategy": "Hashed",
                  "Partial Mode": "Partial",
                  "Parent Relationship": "Outer",
                  "Parallel Aware": false,
                  "Async Capable": false,
                  "Startup Cost": 181816.39,
                  "Total Cost": 182718.64,
                  "Plan Rows": 60150,
                  "Plan Width": 168,
                  "Output": [
                    "nation.n_name",
                    "(EXTRACT(year FROM orders.o_orderdate))",
                    "PARTIAL sum(((lineitem.l_extendedprice * ('1'::numeric - lineitem.l_discount)) - (partsupp.ps_supplycost * lineitem.l_quantity)))"
                  ],
                  "Group Key": [
                    "nation.n_name",
                    "EXTRACT(year FROM orders.o_orderdate)"
                  ],
                  "Planned Partitions": 0,
                  "Plans": [
                    {
                      "Node Type": "Nested Loop",
                      "Parent Relationship": "Outer",
                      "Parallel Aware": false,
                      "Async Capable": false,
                      "Join Type": "Inner",
                      "Startup Cost": 15390.98,
                      "Total Cost": 180595.73,
                      "Plan Rows": 69752,
                      "Plan Width": 159,
                      "Output": [
                        "nation.n_name",
                        "EXTRACT(year FROM orders.o_orderdate)",
                        "lineitem.l_extendedprice",
                        "lineitem.l_discount",
                        "partsupp.ps_supplycost",
                        "lineitem.l_quantity"
                      ],
                      "Inner Unique": true,
                      "Plans": [
                        {
                          "Node Type": "Hash Join",
                          "Parent Relationship": "Outer",
                          "Parallel Aware": true,
                          "Async Capable": false,
                          "Join Type": "Inner",
                          "Startup Cost": 15390.55,
                          "Total Cost": 148994.93,
                          "Plan Rows": 69752,
                          "Plan Width": 131,
                          "Output": [
                            "lineitem.l_extendedprice",
                            "lineitem.l_discount",
                            "lineitem.l_quantity",
                            "lineitem.l_orderkey",
                            "partsupp.ps_supplycost",
                            "nation.n_name"
                          ],
                          "Inner Unique": false,
                          "Hash Cond": "((lineitem.l_suppkey = supplier.s_suppkey) AND (lineitem.l_partkey = partsupp.ps_partkey))",
                          "Plans": [
                            {
                              "Node Type": "Seq Scan",
                              "Parent Relationship": "Outer",
                              "Parallel Aware": true,
                              "Async Capable": false,
                              "Relation Name": "lineitem",
                              "Schema": "public",
                              "Alias": "lineitem",
                              "Startup Cost": 0.0,
                              "Total Cost": 124602.43,
                              "Plan Rows": 1200243,
                              "Plan Width": 29,
                              "Output": [
                                "lineitem.l_orderkey",
                                "lineitem.l_partkey",
                                "lineitem.l_suppkey",
                                "lineitem.l_linenumber",
                                "lineitem.l_quantity",
                                "lineitem.l_extendedprice",
                                "lineitem.l_discount",
                                "lineitem.l_tax",
                                "lineitem.l_returnflag",
                                "lineitem.l_linestatus",
                                "lineitem.l_shipdate",
                                "lineitem.l_commitdate",
                                "lineitem.l_receiptdate",
                                "lineitem.l_shipinstruct",
                                "lineitem.l_shipmode",
                                "lineitem.l_comment"
                              ]
                            },
                            {
                              "Node Type": "Hash",
                              "Parent Relationship": "Inner",
                              "Parallel Aware": true,
                              "Async Capable": false,
                              "Startup Cost": 15099.97,
                              "Total Cost": 15099.97,
                              "Plan Rows": 19372,
                              "Plan Width": 126,
                              "Output": [
                                "part.p_partkey",
                                "partsupp.ps_supplycost",
                                "partsupp.ps_suppkey",
                                "partsupp.ps_partkey",
                                "supplier.s_suppkey",
                                "nation.n_name"
                              ],
                              "Plans": [
                                {
                                  "Node Type": "Hash Join",
                                  "Parent Relationship": "Outer",
                                  "Parallel Aware": false,
                                  "Async Capable": false,
                                  "Join Type": "Inner",
                                  "Startup Cost": 449.99,
                                  "Total Cost": 15099.97,
                                  "Plan Rows": 19372,
                                  "Plan Width": 126,
                                  "Output": [
                                    "part.p_partkey",
                                    "partsupp.ps_supplycost",
                                    "partsupp.ps_suppkey",
                                    "partsupp.ps_partkey",
                                    "supplier.s_suppkey",
                                    "nation.n_name"
                                  ],
                                  "Inner Unique": true,
                                  "Hash Cond": "(supplier.s_nationkey = nation.n_nationkey)",
                                  "Plans": [
                                    {
                                      "Node Type": "Hash Join",
                                      "Parent Relationship": "Outer",
                                      "Parallel Aware": false,
                                      "Async Capable": false,
                                      "Join Type": "Inner",
                                      "Startup Cost": 448.43,
                                      "Total Cost": 15038.94,
                                      "Plan Rows": 19372,
                                      "Plan Width": 26,
                                      "Output": [
                                        "part.p_partkey",
                                        "partsupp.ps_supplycost",
                                        "partsupp.ps_suppkey",
                                        "partsupp.ps_partkey",
                                        "supplier.s_suppkey",
                                        "supplier.s_nationkey"
                                      ],
                                      "Inner Unique": true,
                                      "Hash Cond": "(partsupp.ps_suppkey = supplier.s_suppkey)",
                                      "Plans": [
                                        {
                                          "Node Type": "Nested Loop",
                                          "Parent Relationship": "Outer",
                                          "Parallel Aware": false,
                                          "Async Capable": false,
                                          "Join Type": "Inner",
                                          "Startup Cost": 0.42,
                                          "Total Cost": 14540.06,
                                          "Plan Rows": 19372,
                                          "Plan Width": 18,
                                          "Output": [
                                            "part.p_partkey",
                                            "partsupp.ps_supplycost",
                                            "partsupp.ps_suppkey",
                                            "partsupp.ps_partkey"
                                          ],
                                          "Inner Unique": false,
                                          "Plans": [
                                            {
                                              "Node Type": "Seq Scan",
                                              "Parent Relationship": "Outer",
                                              "Parallel Aware": true,
                                              "Async Capable": false,
                                              "Relation Name": "part",
                                              "Schema": "public",
                                              "Alias": "part",
                                              "Startup Cost": 0.0,
                                              "Total Cost": 5169.67,
                                              "Plan Rows": 4843,
                                              "Plan Width": 4,
                                              "Output": [
                                                "part.p_partkey",
                                                "part.p_name",
                                                "part.p_mfgr",
                                                "part.p_brand",
                                                "part.p_type",
                                                "part.p_size",
                                                "part.p_container",
                                                "part.p_retailprice",
                                                "part.p_comment"
                                              ],
                                              "Filter": "((part.p_name)::text ~~ '%sienna%'::text)"
                                            },
                                            {
                                              "Node Type": "Index Scan",
                                              "Parent Relationship": "Inner",
                                              "Parallel Aware": false,
                                              "Async Capable": false,
                                              "Scan Direction": "Forward",
                                              "Index Name": "partsupp_pkey",
                                              "Relation Name": "partsupp",
                                              "Schema": "public",
                                              "Alias": "partsupp",
                                              "Startup Cost": 0.42,
                                              "Total Cost": 1.89,
                                              "Plan Rows": 4,
                                              "Plan Width": 14,
                                              "Output": [
                                                "partsupp.ps_partkey",
                                                "partsupp.ps_suppkey",
                                                "partsupp.ps_availqty",
                                                "partsupp.ps_supplycost",
                                                "partsupp.ps_comment"
                                              ],
                                              "Index Cond": "(partsupp.ps_partkey = part.p_partkey)"
                                            }
                                          ]
                                        },
                                        {
                                          "Node Type": "Hash",
                                          "Parent Relationship": "Inner",
                                          "Parallel Aware": false,
                                          "Async Capable": false,
                                          "Startup Cost": 323.0,
                                          "Total Cost": 323.0,
                                          "Plan Rows": 10000,
                                          "Plan Width": 8,
                                          "Output": [
                                            "supplier.s_suppkey",
                                            "supplier.s_nationkey"
                                          ],
                                          "Plans": [
                                            {
                                              "Node Type": "Seq Scan",
                                              "Parent Relationship": "Outer",
                                              "Parallel Aware": false,
                                              "Async Capable": false,
                                              "Relation Name": "supplier",
                                              "Schema": "public",
                                              "Alias": "supplier",
                                              "Startup Cost": 0.0,
                                              "Total Cost": 323.0,
                                              "Plan Rows": 10000,
                                              "Plan Width": 8,
                                              "Output": [
                                                "supplier.s_suppkey",
                                                "supplier.s_nationkey"
                                              ]
                                            }
                                          ]
                                        }
                                      ]
                                    },
                                    {
                                      "Node Type": "Hash",
                                      "Parent Relationship": "Inner",
                                      "Parallel Aware": false,
                                      "Async Capable": false,
                                      "Startup Cost": 1.25,
                                      "Total Cost": 1.25,
                                      "Plan Rows": 25,
                                      "Plan Width": 108,
                                      "Output": [
                                        "nation.n_name",
                                        "nation.n_nationkey"
                                      ],
                                      "Plans": [
                                        {
                                          "Node Type": "Seq Scan",
                                          "Parent Relationship": "Outer",
                                          "Parallel Aware": false,
                                          "Async Capable": false,
                                          "Relation Name": "nation",
                                          "Schema": "public",
                                          "Alias": "nation",
                                          "Startup Cost": 0.0,
                                          "Total Cost": 1.25,
                                          "Plan Rows": 25,
                                          "Plan Width": 108,
                                          "Output": [
                                            "nation.n_name",
                                            "nation.n_nationkey"
                                          ]
                                        }
                                      ]
                                    }
                                  ]
                                }
                              ]
                            }
                          ]
                        },
                        {
                          "Node Type": "Index Scan",
                          "Parent Relationship": "Inner",
                          "Parallel Aware": false,
                          "Async Capable": false,
                          "Scan Direction": "Forward",
                          "Index Name": "orders_pkey",
                          "Relation Name": "orders",
                          "Schema": "public",
                          "Alias": "orders",
                          "Startup Cost": 0.43,
                          "Total Cost": 0.45,
                          "Plan Rows": 1,
                          "Plan Width": 8,
                          "Output": [
                            "orders.o_orderkey",
                            "orders.o_custkey",
                            "orders.o_orderstatus",
                            "orders.o_totalprice",
                            "orders.o_orderdate",
                            "orders.o_orderpriority",
                            "orders.o_clerk",
                            "orders.o_shippriority",
                            "orders.o_comment"
                          ],
                          "Index Cond": "(orders.o_orderkey = lineitem.l_orderkey)"
                        }
                      ]
                    }
                  ]
                }
              ]
            }
          ]
        }
      ]
    },
    "JIT": {
      "Functions": 43,
      "Options": {
        "Inlining": false,
        "Optimization": false,
        "Expressions": true,
        "Deforming": true
      }
    }
  }
]
```

---

## 71. Q9_28_seed_221508837.sql

**File Path:** `/Users/brunowinter2000/Documents/Thesis/2025_2026/Plan-Level/Generated_Queries/Q9/Q9_28_seed_221508837.sql`

### EXPLAIN JSON

```json
[
  {
    "Plan": {
      "Node Type": "Sort",
      "Parallel Aware": false,
      "Async Capable": false,
      "Startup Cost": 209315.24,
      "Total Cost": 209465.61,
      "Plan Rows": 60150,
      "Plan Width": 168,
      "Output": [
        "nation.n_name",
        "(EXTRACT(year FROM orders.o_orderdate))",
        "(sum(((lineitem.l_extendedprice * ('1'::numeric - lineitem.l_discount)) - (partsupp.ps_supplycost * lineitem.l_quantity))))"
      ],
      "Sort Key": [
        "nation.n_name",
        "(EXTRACT(year FROM orders.o_orderdate)) DESC"
      ],
      "Plans": [
        {
          "Node Type": "Aggregate",
          "Strategy": "Hashed",
          "Partial Mode": "Finalize",
          "Parent Relationship": "Outer",
          "Parallel Aware": false,
          "Async Capable": false,
          "Startup Cost": 203638.2,
          "Total Cost": 204540.45,
          "Plan Rows": 60150,
          "Plan Width": 168,
          "Output": [
            "nation.n_name",
            "(EXTRACT(year FROM orders.o_orderdate))",
            "sum(((lineitem.l_extendedprice * ('1'::numeric - lineitem.l_discount)) - (partsupp.ps_supplycost * lineitem.l_quantity)))"
          ],
          "Group Key": [
            "nation.n_name",
            "(EXTRACT(year FROM orders.o_orderdate))"
          ],
          "Planned Partitions": 0,
          "Plans": [
            {
              "Node Type": "Gather",
              "Parent Relationship": "Outer",
              "Parallel Aware": false,
              "Async Capable": false,
              "Startup Cost": 173738.96,
              "Total Cost": 200992.25,
              "Plan Rows": 264595,
              "Plan Width": 168,
              "Output": [
                "nation.n_name",
                "(EXTRACT(year FROM orders.o_orderdate))",
                "(PARTIAL sum(((lineitem.l_extendedprice * ('1'::numeric - lineitem.l_discount)) - (partsupp.ps_supplycost * lineitem.l_quantity))))"
              ],
              "Workers Planned": 5,
              "Single Copy": false,
              "Plans": [
                {
                  "Node Type": "Aggregate",
                  "Strategy": "Hashed",
                  "Partial Mode": "Partial",
                  "Parent Relationship": "Outer",
                  "Parallel Aware": false,
                  "Async Capable": false,
                  "Startup Cost": 172738.96,
                  "Total Cost": 173532.75,
                  "Plan Rows": 52919,
                  "Plan Width": 168,
                  "Output": [
                    "nation.n_name",
                    "(EXTRACT(year FROM orders.o_orderdate))",
                    "PARTIAL sum(((lineitem.l_extendedprice * ('1'::numeric - lineitem.l_discount)) - (partsupp.ps_supplycost * lineitem.l_quantity)))"
                  ],
                  "Group Key": [
                    "nation.n_name",
                    "EXTRACT(year FROM orders.o_orderdate)"
                  ],
                  "Planned Partitions": 0,
                  "Plans": [
                    {
                      "Node Type": "Nested Loop",
                      "Parent Relationship": "Outer",
                      "Parallel Aware": false,
                      "Async Capable": false,
                      "Join Type": "Inner",
                      "Startup Cost": 14234.27,
                      "Total Cost": 171812.88,
                      "Plan Rows": 52919,
                      "Plan Width": 159,
                      "Output": [
                        "nation.n_name",
                        "EXTRACT(year FROM orders.o_orderdate)",
                        "lineitem.l_extendedprice",
                        "lineitem.l_discount",
                        "partsupp.ps_supplycost",
                        "lineitem.l_quantity"
                      ],
                      "Inner Unique": true,
                      "Plans": [
                        {
                          "Node Type": "Hash Join",
                          "Parent Relationship": "Outer",
                          "Parallel Aware": true,
                          "Async Capable": false,
                          "Join Type": "Inner",
                          "Startup Cost": 14233.85,
                          "Total Cost": 147838.19,
                          "Plan Rows": 52919,
                          "Plan Width": 131,
                          "Output": [
                            "lineitem.l_extendedprice",
                            "lineitem.l_discount",
                            "lineitem.l_quantity",
                            "lineitem.l_orderkey",
                            "partsupp.ps_supplycost",
                            "nation.n_name"
                          ],
                          "Inner Unique": false,
                          "Hash Cond": "((lineitem.l_suppkey = supplier.s_suppkey) AND (lineitem.l_partkey = partsupp.ps_partkey))",
                          "Plans": [
                            {
                              "Node Type": "Seq Scan",
                              "Parent Relationship": "Outer",
                              "Parallel Aware": true,
                              "Async Capable": false,
                              "Relation Name": "lineitem",
                              "Schema": "public",
                              "Alias": "lineitem",
                              "Startup Cost": 0.0,
                              "Total Cost": 124602.43,
                              "Plan Rows": 1200243,
                              "Plan Width": 29,
                              "Output": [
                                "lineitem.l_orderkey",
                                "lineitem.l_partkey",
                                "lineitem.l_suppkey",
                                "lineitem.l_linenumber",
                                "lineitem.l_quantity",
                                "lineitem.l_extendedprice",
                                "lineitem.l_discount",
                                "lineitem.l_tax",
                                "lineitem.l_returnflag",
                                "lineitem.l_linestatus",
                                "lineitem.l_shipdate",
                                "lineitem.l_commitdate",
                                "lineitem.l_receiptdate",
                                "lineitem.l_shipinstruct",
                                "lineitem.l_shipmode",
                                "lineitem.l_comment"
                              ]
                            },
                            {
                              "Node Type": "Hash",
                              "Parent Relationship": "Inner",
                              "Parallel Aware": true,
                              "Async Capable": false,
                              "Startup Cost": 14013.39,
                              "Total Cost": 14013.39,
                              "Plan Rows": 14697,
                              "Plan Width": 126,
                              "Output": [
                                "part.p_partkey",
                                "partsupp.ps_supplycost",
                                "partsupp.ps_suppkey",
                                "partsupp.ps_partkey",
                                "supplier.s_suppkey",
                                "nation.n_name"
                              ],
                              "Plans": [
                                {
                                  "Node Type": "Hash Join",
                                  "Parent Relationship": "Outer",
                                  "Parallel Aware": false,
                                  "Async Capable": false,
                                  "Join Type": "Inner",
                                  "Startup Cost": 449.99,
                                  "Total Cost": 14013.39,
                                  "Plan Rows": 14697,
                                  "Plan Width": 126,
                                  "Output": [
                                    "part.p_partkey",
                                    "partsupp.ps_supplycost",
                                    "partsupp.ps_suppkey",
                                    "partsupp.ps_partkey",
                                    "supplier.s_suppkey",
                                    "nation.n_name"
                                  ],
                                  "Inner Unique": true,
                                  "Hash Cond": "(supplier.s_nationkey = nation.n_nationkey)",
                                  "Plans": [
                                    {
                                      "Node Type": "Hash Join",
                                      "Parent Relationship": "Outer",
                                      "Parallel Aware": false,
                                      "Async Capable": false,
                                      "Join Type": "Inner",
                                      "Startup Cost": 448.43,
                                      "Total Cost": 13966.71,
                                      "Plan Rows": 14697,
                                      "Plan Width": 26,
                                      "Output": [
                                        "part.p_partkey",
                                        "partsupp.ps_supplycost",
                                        "partsupp.ps_suppkey",
                                        "partsupp.ps_partkey",
                                        "supplier.s_suppkey",
                                        "supplier.s_nationkey"
                                      ],
                                      "Inner Unique": true,
                                      "Hash Cond": "(partsupp.ps_suppkey = supplier.s_suppkey)",
                                      "Plans": [
                                        {
                                          "Node Type": "Nested Loop",
                                          "Parent Relationship": "Outer",
                                          "Parallel Aware": false,
                                          "Async Capable": false,
                                          "Join Type": "Inner",
                                          "Startup Cost": 0.42,
                                          "Total Cost": 13480.12,
                                          "Plan Rows": 14697,
                                          "Plan Width": 18,
                                          "Output": [
                                            "part.p_partkey",
                                            "partsupp.ps_supplycost",
                                            "partsupp.ps_suppkey",
                                            "partsupp.ps_partkey"
                                          ],
                                          "Inner Unique": false,
                                          "Plans": [
                                            {
                                              "Node Type": "Seq Scan",
                                              "Parent Relationship": "Outer",
                                              "Parallel Aware": true,
                                              "Async Capable": false,
                                              "Relation Name": "part",
                                              "Schema": "public",
                                              "Alias": "part",
                                              "Startup Cost": 0.0,
                                              "Total Cost": 5169.67,
                                              "Plan Rows": 3674,
                                              "Plan Width": 4,
                                              "Output": [
                                                "part.p_partkey",
                                                "part.p_name",
                                                "part.p_mfgr",
                                                "part.p_brand",
                                                "part.p_type",
                                                "part.p_size",
                                                "part.p_container",
                                                "part.p_retailprice",
                                                "part.p_comment"
                                              ],
                                              "Filter": "((part.p_name)::text ~~ '%gainsboro%'::text)"
                                            },
                                            {
                                              "Node Type": "Index Scan",
                                              "Parent Relationship": "Inner",
                                              "Parallel Aware": false,
                                              "Async Capable": false,
                                              "Scan Direction": "Forward",
                                              "Index Name": "partsupp_pkey",
                                              "Relation Name": "partsupp",
                                              "Schema": "public",
                                              "Alias": "partsupp",
                                              "Startup Cost": 0.42,
                                              "Total Cost": 2.22,
                                              "Plan Rows": 4,
                                              "Plan Width": 14,
                                              "Output": [
                                                "partsupp.ps_partkey",
                                                "partsupp.ps_suppkey",
                                                "partsupp.ps_availqty",
                                                "partsupp.ps_supplycost",
                                                "partsupp.ps_comment"
                                              ],
                                              "Index Cond": "(partsupp.ps_partkey = part.p_partkey)"
                                            }
                                          ]
                                        },
                                        {
                                          "Node Type": "Hash",
                                          "Parent Relationship": "Inner",
                                          "Parallel Aware": false,
                                          "Async Capable": false,
                                          "Startup Cost": 323.0,
                                          "Total Cost": 323.0,
                                          "Plan Rows": 10000,
                                          "Plan Width": 8,
                                          "Output": [
                                            "supplier.s_suppkey",
                                            "supplier.s_nationkey"
                                          ],
                                          "Plans": [
                                            {
                                              "Node Type": "Seq Scan",
                                              "Parent Relationship": "Outer",
                                              "Parallel Aware": false,
                                              "Async Capable": false,
                                              "Relation Name": "supplier",
                                              "Schema": "public",
                                              "Alias": "supplier",
                                              "Startup Cost": 0.0,
                                              "Total Cost": 323.0,
                                              "Plan Rows": 10000,
                                              "Plan Width": 8,
                                              "Output": [
                                                "supplier.s_suppkey",
                                                "supplier.s_nationkey"
                                              ]
                                            }
                                          ]
                                        }
                                      ]
                                    },
                                    {
                                      "Node Type": "Hash",
                                      "Parent Relationship": "Inner",
                                      "Parallel Aware": false,
                                      "Async Capable": false,
                                      "Startup Cost": 1.25,
                                      "Total Cost": 1.25,
                                      "Plan Rows": 25,
                                      "Plan Width": 108,
                                      "Output": [
                                        "nation.n_name",
                                        "nation.n_nationkey"
                                      ],
                                      "Plans": [
                                        {
                                          "Node Type": "Seq Scan",
                                          "Parent Relationship": "Outer",
                                          "Parallel Aware": false,
                                          "Async Capable": false,
                                          "Relation Name": "nation",
                                          "Schema": "public",
                                          "Alias": "nation",
                                          "Startup Cost": 0.0,
                                          "Total Cost": 1.25,
                                          "Plan Rows": 25,
                                          "Plan Width": 108,
                                          "Output": [
                                            "nation.n_name",
                                            "nation.n_nationkey"
                                          ]
                                        }
                                      ]
                                    }
                                  ]
                                }
                              ]
                            }
                          ]
                        },
                        {
                          "Node Type": "Index Scan",
                          "Parent Relationship": "Inner",
                          "Parallel Aware": false,
                          "Async Capable": false,
                          "Scan Direction": "Forward",
                          "Index Name": "orders_pkey",
                          "Relation Name": "orders",
                          "Schema": "public",
                          "Alias": "orders",
                          "Startup Cost": 0.43,
                          "Total Cost": 0.45,
                          "Plan Rows": 1,
                          "Plan Width": 8,
                          "Output": [
                            "orders.o_orderkey",
                            "orders.o_custkey",
                            "orders.o_orderstatus",
                            "orders.o_totalprice",
                            "orders.o_orderdate",
                            "orders.o_orderpriority",
                            "orders.o_clerk",
                            "orders.o_shippriority",
                            "orders.o_comment"
                          ],
                          "Index Cond": "(orders.o_orderkey = lineitem.l_orderkey)"
                        }
                      ]
                    }
                  ]
                }
              ]
            }
          ]
        }
      ]
    },
    "JIT": {
      "Functions": 43,
      "Options": {
        "Inlining": false,
        "Optimization": false,
        "Expressions": true,
        "Deforming": true
      }
    }
  }
]
```

---

## 72. Q9_29_seed_229712868.sql

**File Path:** `/Users/brunowinter2000/Documents/Thesis/2025_2026/Plan-Level/Generated_Queries/Q9/Q9_29_seed_229712868.sql`

### EXPLAIN JSON

```json
[
  {
    "Plan": {
      "Node Type": "Sort",
      "Parallel Aware": false,
      "Async Capable": false,
      "Startup Cost": 225063.73,
      "Total Cost": 225214.11,
      "Plan Rows": 60150,
      "Plan Width": 168,
      "Output": [
        "nation.n_name",
        "(EXTRACT(year FROM orders.o_orderdate))",
        "(sum(((lineitem.l_extendedprice * ('1'::numeric - lineitem.l_discount)) - (partsupp.ps_supplycost * lineitem.l_quantity))))"
      ],
      "Sort Key": [
        "nation.n_name",
        "(EXTRACT(year FROM orders.o_orderdate)) DESC"
      ],
      "Plans": [
        {
          "Node Type": "Aggregate",
          "Strategy": "Hashed",
          "Partial Mode": "Finalize",
          "Parent Relationship": "Outer",
          "Parallel Aware": false,
          "Async Capable": false,
          "Startup Cost": 219386.69,
          "Total Cost": 220288.94,
          "Plan Rows": 60150,
          "Plan Width": 168,
          "Output": [
            "nation.n_name",
            "(EXTRACT(year FROM orders.o_orderdate))",
            "sum(((lineitem.l_extendedprice * ('1'::numeric - lineitem.l_discount)) - (partsupp.ps_supplycost * lineitem.l_quantity)))"
          ],
          "Group Key": [
            "nation.n_name",
            "(EXTRACT(year FROM orders.o_orderdate))"
          ],
          "Planned Partitions": 0,
          "Plans": [
            {
              "Node Type": "Gather",
              "Parent Relationship": "Outer",
              "Parallel Aware": false,
              "Async Capable": false,
              "Startup Cost": 185401.94,
              "Total Cost": 216379.19,
              "Plan Rows": 300750,
              "Plan Width": 168,
              "Output": [
                "nation.n_name",
                "(EXTRACT(year FROM orders.o_orderdate))",
                "(PARTIAL sum(((lineitem.l_extendedprice * ('1'::numeric - lineitem.l_discount)) - (partsupp.ps_supplycost * lineitem.l_quantity))))"
              ],
              "Workers Planned": 5,
              "Single Copy": false,
              "Plans": [
                {
                  "Node Type": "Aggregate",
                  "Strategy": "Hashed",
                  "Partial Mode": "Partial",
                  "Parent Relationship": "Outer",
                  "Parallel Aware": false,
                  "Async Capable": false,
                  "Startup Cost": 184401.94,
                  "Total Cost": 185304.19,
                  "Plan Rows": 60150,
                  "Plan Width": 168,
                  "Output": [
                    "nation.n_name",
                    "(EXTRACT(year FROM orders.o_orderdate))",
                    "PARTIAL sum(((lineitem.l_extendedprice * ('1'::numeric - lineitem.l_discount)) - (partsupp.ps_supplycost * lineitem.l_quantity)))"
                  ],
                  "Group Key": [
                    "nation.n_name",
                    "EXTRACT(year FROM orders.o_orderdate)"
                  ],
                  "Planned Partitions": 0,
                  "Plans": [
                    {
                      "Node Type": "Nested Loop",
                      "Parent Relationship": "Outer",
                      "Parallel Aware": false,
                      "Async Capable": false,
                      "Join Type": "Inner",
                      "Startup Cost": 15711.8,
                      "Total Cost": 183097.06,
                      "Plan Rows": 74565,
                      "Plan Width": 159,
                      "Output": [
                        "nation.n_name",
                        "EXTRACT(year FROM orders.o_orderdate)",
                        "lineitem.l_extendedprice",
                        "lineitem.l_discount",
                        "partsupp.ps_supplycost",
                        "lineitem.l_quantity"
                      ],
                      "Inner Unique": true,
                      "Plans": [
                        {
                          "Node Type": "Hash Join",
                          "Parent Relationship": "Outer",
                          "Parallel Aware": true,
                          "Async Capable": false,
                          "Join Type": "Inner",
                          "Startup Cost": 15711.38,
                          "Total Cost": 149315.75,
                          "Plan Rows": 74565,
                          "Plan Width": 131,
                          "Output": [
                            "lineitem.l_extendedprice",
                            "lineitem.l_discount",
                            "lineitem.l_quantity",
                            "lineitem.l_orderkey",
                            "partsupp.ps_supplycost",
                            "nation.n_name"
                          ],
                          "Inner Unique": false,
                          "Hash Cond": "((lineitem.l_suppkey = supplier.s_suppkey) AND (lineitem.l_partkey = partsupp.ps_partkey))",
                          "Plans": [
                            {
                              "Node Type": "Seq Scan",
                              "Parent Relationship": "Outer",
                              "Parallel Aware": true,
                              "Async Capable": false,
                              "Relation Name": "lineitem",
                              "Schema": "public",
                              "Alias": "lineitem",
                              "Startup Cost": 0.0,
                              "Total Cost": 124602.43,
                              "Plan Rows": 1200243,
                              "Plan Width": 29,
                              "Output": [
                                "lineitem.l_orderkey",
                                "lineitem.l_partkey",
                                "lineitem.l_suppkey",
                                "lineitem.l_linenumber",
                                "lineitem.l_quantity",
                                "lineitem.l_extendedprice",
                                "lineitem.l_discount",
                                "lineitem.l_tax",
                                "lineitem.l_returnflag",
                                "lineitem.l_linestatus",
                                "lineitem.l_shipdate",
                                "lineitem.l_commitdate",
                                "lineitem.l_receiptdate",
                                "lineitem.l_shipinstruct",
                                "lineitem.l_shipmode",
                                "lineitem.l_comment"
                              ]
                            },
                            {
                              "Node Type": "Hash",
                              "Parent Relationship": "Inner",
                              "Parallel Aware": true,
                              "Async Capable": false,
                              "Startup Cost": 15400.76,
                              "Total Cost": 15400.76,
                              "Plan Rows": 20708,
                              "Plan Width": 126,
                              "Output": [
                                "part.p_partkey",
                                "partsupp.ps_supplycost",
                                "partsupp.ps_suppkey",
                                "partsupp.ps_partkey",
                                "supplier.s_suppkey",
                                "nation.n_name"
                              ],
                              "Plans": [
                                {
                                  "Node Type": "Hash Join",
                                  "Parent Relationship": "Outer",
                                  "Parallel Aware": false,
                                  "Async Capable": false,
                                  "Join Type": "Inner",
                                  "Startup Cost": 449.99,
                                  "Total Cost": 15400.76,
                                  "Plan Rows": 20708,
                                  "Plan Width": 126,
                                  "Output": [
                                    "part.p_partkey",
                                    "partsupp.ps_supplycost",
                                    "partsupp.ps_suppkey",
                                    "partsupp.ps_partkey",
                                    "supplier.s_suppkey",
                                    "nation.n_name"
                                  ],
                                  "Inner Unique": true,
                                  "Hash Cond": "(supplier.s_nationkey = nation.n_nationkey)",
                                  "Plans": [
                                    {
                                      "Node Type": "Hash Join",
                                      "Parent Relationship": "Outer",
                                      "Parallel Aware": false,
                                      "Async Capable": false,
                                      "Join Type": "Inner",
                                      "Startup Cost": 448.43,
                                      "Total Cost": 15335.62,
                                      "Plan Rows": 20708,
                                      "Plan Width": 26,
                                      "Output": [
                                        "part.p_partkey",
                                        "partsupp.ps_supplycost",
                                        "partsupp.ps_suppkey",
                                        "partsupp.ps_partkey",
                                        "supplier.s_suppkey",
                                        "supplier.s_nationkey"
                                      ],
                                      "Inner Unique": true,
                                      "Hash Cond": "(partsupp.ps_suppkey = supplier.s_suppkey)",
                                      "Plans": [
                                        {
                                          "Node Type": "Nested Loop",
                                          "Parent Relationship": "Outer",
                                          "Parallel Aware": false,
                                          "Async Capable": false,
                                          "Join Type": "Inner",
                                          "Startup Cost": 0.42,
                                          "Total Cost": 14833.24,
                                          "Plan Rows": 20708,
                                          "Plan Width": 18,
                                          "Output": [
                                            "part.p_partkey",
                                            "partsupp.ps_supplycost",
                                            "partsupp.ps_suppkey",
                                            "partsupp.ps_partkey"
                                          ],
                                          "Inner Unique": false,
                                          "Plans": [
                                            {
                                              "Node Type": "Seq Scan",
                                              "Parent Relationship": "Outer",
                                              "Parallel Aware": true,
                                              "Async Capable": false,
                                              "Relation Name": "part",
                                              "Schema": "public",
                                              "Alias": "part",
                                              "Startup Cost": 0.0,
                                              "Total Cost": 5169.67,
                                              "Plan Rows": 5177,
                                              "Plan Width": 4,
                                              "Output": [
                                                "part.p_partkey",
                                                "part.p_name",
                                                "part.p_mfgr",
                                                "part.p_brand",
                                                "part.p_type",
                                                "part.p_size",
                                                "part.p_container",
                                                "part.p_retailprice",
                                                "part.p_comment"
                                              ],
                                              "Filter": "((part.p_name)::text ~~ '%sandy%'::text)"
                                            },
                                            {
                                              "Node Type": "Index Scan",
                                              "Parent Relationship": "Inner",
                                              "Parallel Aware": false,
                                              "Async Capable": false,
                                              "Scan Direction": "Forward",
                                              "Index Name": "partsupp_pkey",
                                              "Relation Name": "partsupp",
                                              "Schema": "public",
                                              "Alias": "partsupp",
                                              "Startup Cost": 0.42,
                                              "Total Cost": 1.83,
                                              "Plan Rows": 4,
                                              "Plan Width": 14,
                                              "Output": [
                                                "partsupp.ps_partkey",
                                                "partsupp.ps_suppkey",
                                                "partsupp.ps_availqty",
                                                "partsupp.ps_supplycost",
                                                "partsupp.ps_comment"
                                              ],
                                              "Index Cond": "(partsupp.ps_partkey = part.p_partkey)"
                                            }
                                          ]
                                        },
                                        {
                                          "Node Type": "Hash",
                                          "Parent Relationship": "Inner",
                                          "Parallel Aware": false,
                                          "Async Capable": false,
                                          "Startup Cost": 323.0,
                                          "Total Cost": 323.0,
                                          "Plan Rows": 10000,
                                          "Plan Width": 8,
                                          "Output": [
                                            "supplier.s_suppkey",
                                            "supplier.s_nationkey"
                                          ],
                                          "Plans": [
                                            {
                                              "Node Type": "Seq Scan",
                                              "Parent Relationship": "Outer",
                                              "Parallel Aware": false,
                                              "Async Capable": false,
                                              "Relation Name": "supplier",
                                              "Schema": "public",
                                              "Alias": "supplier",
                                              "Startup Cost": 0.0,
                                              "Total Cost": 323.0,
                                              "Plan Rows": 10000,
                                              "Plan Width": 8,
                                              "Output": [
                                                "supplier.s_suppkey",
                                                "supplier.s_nationkey"
                                              ]
                                            }
                                          ]
                                        }
                                      ]
                                    },
                                    {
                                      "Node Type": "Hash",
                                      "Parent Relationship": "Inner",
                                      "Parallel Aware": false,
                                      "Async Capable": false,
                                      "Startup Cost": 1.25,
                                      "Total Cost": 1.25,
                                      "Plan Rows": 25,
                                      "Plan Width": 108,
                                      "Output": [
                                        "nation.n_name",
                                        "nation.n_nationkey"
                                      ],
                                      "Plans": [
                                        {
                                          "Node Type": "Seq Scan",
                                          "Parent Relationship": "Outer",
                                          "Parallel Aware": false,
                                          "Async Capable": false,
                                          "Relation Name": "nation",
                                          "Schema": "public",
                                          "Alias": "nation",
                                          "Startup Cost": 0.0,
                                          "Total Cost": 1.25,
                                          "Plan Rows": 25,
                                          "Plan Width": 108,
                                          "Output": [
                                            "nation.n_name",
                                            "nation.n_nationkey"
                                          ]
                                        }
                                      ]
                                    }
                                  ]
                                }
                              ]
                            }
                          ]
                        },
                        {
                          "Node Type": "Index Scan",
                          "Parent Relationship": "Inner",
                          "Parallel Aware": false,
                          "Async Capable": false,
                          "Scan Direction": "Forward",
                          "Index Name": "orders_pkey",
                          "Relation Name": "orders",
                          "Schema": "public",
                          "Alias": "orders",
                          "Startup Cost": 0.43,
                          "Total Cost": 0.45,
                          "Plan Rows": 1,
                          "Plan Width": 8,
                          "Output": [
                            "orders.o_orderkey",
                            "orders.o_custkey",
                            "orders.o_orderstatus",
                            "orders.o_totalprice",
                            "orders.o_orderdate",
                            "orders.o_orderpriority",
                            "orders.o_clerk",
                            "orders.o_shippriority",
                            "orders.o_comment"
                          ],
                          "Index Cond": "(orders.o_orderkey = lineitem.l_orderkey)"
                        }
                      ]
                    }
                  ]
                }
              ]
            }
          ]
        }
      ]
    },
    "JIT": {
      "Functions": 43,
      "Options": {
        "Inlining": false,
        "Optimization": false,
        "Expressions": true,
        "Deforming": true
      }
    }
  }
]
```

---

## 73. Q9_2_seed_8204031.sql

**File Path:** `/Users/brunowinter2000/Documents/Thesis/2025_2026/Plan-Level/Generated_Queries/Q9/Q9_2_seed_8204031.sql`

### EXPLAIN JSON

```json
[
  {
    "Plan": {
      "Node Type": "Sort",
      "Parallel Aware": false,
      "Async Capable": false,
      "Startup Cost": 221184.19,
      "Total Cost": 221334.56,
      "Plan Rows": 60150,
      "Plan Width": 168,
      "Output": [
        "nation.n_name",
        "(EXTRACT(year FROM orders.o_orderdate))",
        "(sum(((lineitem.l_extendedprice * ('1'::numeric - lineitem.l_discount)) - (partsupp.ps_supplycost * lineitem.l_quantity))))"
      ],
      "Sort Key": [
        "nation.n_name",
        "(EXTRACT(year FROM orders.o_orderdate)) DESC"
      ],
      "Plans": [
        {
          "Node Type": "Aggregate",
          "Strategy": "Hashed",
          "Partial Mode": "Finalize",
          "Parent Relationship": "Outer",
          "Parallel Aware": false,
          "Async Capable": false,
          "Startup Cost": 215507.15,
          "Total Cost": 216409.4,
          "Plan Rows": 60150,
          "Plan Width": 168,
          "Output": [
            "nation.n_name",
            "(EXTRACT(year FROM orders.o_orderdate))",
            "sum(((lineitem.l_extendedprice * ('1'::numeric - lineitem.l_discount)) - (partsupp.ps_supplycost * lineitem.l_quantity)))"
          ],
          "Group Key": [
            "nation.n_name",
            "(EXTRACT(year FROM orders.o_orderdate))"
          ],
          "Planned Partitions": 0,
          "Plans": [
            {
              "Node Type": "Gather",
              "Parent Relationship": "Outer",
              "Parallel Aware": false,
              "Async Capable": false,
              "Startup Cost": 181522.4,
              "Total Cost": 212499.65,
              "Plan Rows": 300750,
              "Plan Width": 168,
              "Output": [
                "nation.n_name",
                "(EXTRACT(year FROM orders.o_orderdate))",
                "(PARTIAL sum(((lineitem.l_extendedprice * ('1'::numeric - lineitem.l_discount)) - (partsupp.ps_supplycost * lineitem.l_quantity))))"
              ],
              "Workers Planned": 5,
              "Single Copy": false,
              "Plans": [
                {
                  "Node Type": "Aggregate",
                  "Strategy": "Hashed",
                  "Partial Mode": "Partial",
                  "Parent Relationship": "Outer",
                  "Parallel Aware": false,
                  "Async Capable": false,
                  "Startup Cost": 180522.4,
                  "Total Cost": 181424.65,
                  "Plan Rows": 60150,
                  "Plan Width": 168,
                  "Output": [
                    "nation.n_name",
                    "(EXTRACT(year FROM orders.o_orderdate))",
                    "PARTIAL sum(((lineitem.l_extendedprice * ('1'::numeric - lineitem.l_discount)) - (partsupp.ps_supplycost * lineitem.l_quantity)))"
                  ],
                  "Group Key": [
                    "nation.n_name",
                    "EXTRACT(year FROM orders.o_orderdate)"
                  ],
                  "Planned Partitions": 0,
                  "Plans": [
                    {
                      "Node Type": "Nested Loop",
                      "Parent Relationship": "Outer",
                      "Parallel Aware": false,
                      "Async Capable": false,
                      "Join Type": "Inner",
                      "Startup Cost": 15229.13,
                      "Total Cost": 179343.84,
                      "Plan Rows": 67346,
                      "Plan Width": 159,
                      "Output": [
                        "nation.n_name",
                        "EXTRACT(year FROM orders.o_orderdate)",
                        "lineitem.l_extendedprice",
                        "lineitem.l_discount",
                        "partsupp.ps_supplycost",
                        "lineitem.l_quantity"
                      ],
                      "Inner Unique": true,
                      "Plans": [
                        {
                          "Node Type": "Hash Join",
                          "Parent Relationship": "Outer",
                          "Parallel Aware": true,
                          "Async Capable": false,
                          "Join Type": "Inner",
                          "Startup Cost": 15228.71,
                          "Total Cost": 148833.07,
                          "Plan Rows": 67346,
                          "Plan Width": 131,
                          "Output": [
                            "lineitem.l_extendedprice",
                            "lineitem.l_discount",
                            "lineitem.l_quantity",
                            "lineitem.l_orderkey",
                            "partsupp.ps_supplycost",
                            "nation.n_name"
                          ],
                          "Inner Unique": false,
                          "Hash Cond": "((lineitem.l_suppkey = supplier.s_suppkey) AND (lineitem.l_partkey = partsupp.ps_partkey))",
                          "Plans": [
                            {
                              "Node Type": "Seq Scan",
                              "Parent Relationship": "Outer",
                              "Parallel Aware": true,
                              "Async Capable": false,
                              "Relation Name": "lineitem",
                              "Schema": "public",
                              "Alias": "lineitem",
                              "Startup Cost": 0.0,
                              "Total Cost": 124602.43,
                              "Plan Rows": 1200243,
                              "Plan Width": 29,
                              "Output": [
                                "lineitem.l_orderkey",
                                "lineitem.l_partkey",
                                "lineitem.l_suppkey",
                                "lineitem.l_linenumber",
                                "lineitem.l_quantity",
                                "lineitem.l_extendedprice",
                                "lineitem.l_discount",
                                "lineitem.l_tax",
                                "lineitem.l_returnflag",
                                "lineitem.l_linestatus",
                                "lineitem.l_shipdate",
                                "lineitem.l_commitdate",
                                "lineitem.l_receiptdate",
                                "lineitem.l_shipinstruct",
                                "lineitem.l_shipmode",
                                "lineitem.l_comment"
                              ]
                            },
                            {
                              "Node Type": "Hash",
                              "Parent Relationship": "Inner",
                              "Parallel Aware": true,
                              "Async Capable": false,
                              "Startup Cost": 14948.16,
                              "Total Cost": 14948.16,
                              "Plan Rows": 18703,
                              "Plan Width": 126,
                              "Output": [
                                "part.p_partkey",
                                "partsupp.ps_supplycost",
                                "partsupp.ps_suppkey",
                                "partsupp.ps_partkey",
                                "supplier.s_suppkey",
                                "nation.n_name"
                              ],
                              "Plans": [
                                {
                                  "Node Type": "Hash Join",
                                  "Parent Relationship": "Outer",
                                  "Parallel Aware": false,
                                  "Async Capable": false,
                                  "Join Type": "Inner",
                                  "Startup Cost": 449.99,
                                  "Total Cost": 14948.16,
                                  "Plan Rows": 18703,
                                  "Plan Width": 126,
                                  "Output": [
                                    "part.p_partkey",
                                    "partsupp.ps_supplycost",
                                    "partsupp.ps_suppkey",
                                    "partsupp.ps_partkey",
                                    "supplier.s_suppkey",
                                    "nation.n_name"
                                  ],
                                  "Inner Unique": true,
                                  "Hash Cond": "(supplier.s_nationkey = nation.n_nationkey)",
                                  "Plans": [
                                    {
                                      "Node Type": "Hash Join",
                                      "Parent Relationship": "Outer",
                                      "Parallel Aware": false,
                                      "Async Capable": false,
                                      "Join Type": "Inner",
                                      "Startup Cost": 448.43,
                                      "Total Cost": 14889.18,
                                      "Plan Rows": 18703,
                                      "Plan Width": 26,
                                      "Output": [
                                        "part.p_partkey",
                                        "partsupp.ps_supplycost",
                                        "partsupp.ps_suppkey",
                                        "partsupp.ps_partkey",
                                        "supplier.s_suppkey",
                                        "supplier.s_nationkey"
                                      ],
                                      "Inner Unique": true,
                                      "Hash Cond": "(partsupp.ps_suppkey = supplier.s_suppkey)",
                                      "Plans": [
                                        {
                                          "Node Type": "Nested Loop",
                                          "Parent Relationship": "Outer",
                                          "Parallel Aware": false,
                                          "Async Capable": false,
                                          "Join Type": "Inner",
                                          "Startup Cost": 0.42,
                                          "Total Cost": 14392.06,
                                          "Plan Rows": 18703,
                                          "Plan Width": 18,
                                          "Output": [
                                            "part.p_partkey",
                                            "partsupp.ps_supplycost",
                                            "partsupp.ps_suppkey",
                                            "partsupp.ps_partkey"
                                          ],
                                          "Inner Unique": false,
                                          "Plans": [
                                            {
                                              "Node Type": "Seq Scan",
                                              "Parent Relationship": "Outer",
                                              "Parallel Aware": true,
                                              "Async Capable": false,
                                              "Relation Name": "part",
                                              "Schema": "public",
                                              "Alias": "part",
                                              "Startup Cost": 0.0,
                                              "Total Cost": 5169.67,
                                              "Plan Rows": 4676,
                                              "Plan Width": 4,
                                              "Output": [
                                                "part.p_partkey",
                                                "part.p_name",
                                                "part.p_mfgr",
                                                "part.p_brand",
                                                "part.p_type",
                                                "part.p_size",
                                                "part.p_container",
                                                "part.p_retailprice",
                                                "part.p_comment"
                                              ],
                                              "Filter": "((part.p_name)::text ~~ '%lime%'::text)"
                                            },
                                            {
                                              "Node Type": "Index Scan",
                                              "Parent Relationship": "Inner",
                                              "Parallel Aware": false,
                                              "Async Capable": false,
                                              "Scan Direction": "Forward",
                                              "Index Name": "partsupp_pkey",
                                              "Relation Name": "partsupp",
                                              "Schema": "public",
                                              "Alias": "partsupp",
                                              "Startup Cost": 0.42,
                                              "Total Cost": 1.93,
                                              "Plan Rows": 4,
                                              "Plan Width": 14,
                                              "Output": [
                                                "partsupp.ps_partkey",
                                                "partsupp.ps_suppkey",
                                                "partsupp.ps_availqty",
                                                "partsupp.ps_supplycost",
                                                "partsupp.ps_comment"
                                              ],
                                              "Index Cond": "(partsupp.ps_partkey = part.p_partkey)"
                                            }
                                          ]
                                        },
                                        {
                                          "Node Type": "Hash",
                                          "Parent Relationship": "Inner",
                                          "Parallel Aware": false,
                                          "Async Capable": false,
                                          "Startup Cost": 323.0,
                                          "Total Cost": 323.0,
                                          "Plan Rows": 10000,
                                          "Plan Width": 8,
                                          "Output": [
                                            "supplier.s_suppkey",
                                            "supplier.s_nationkey"
                                          ],
                                          "Plans": [
                                            {
                                              "Node Type": "Seq Scan",
                                              "Parent Relationship": "Outer",
                                              "Parallel Aware": false,
                                              "Async Capable": false,
                                              "Relation Name": "supplier",
                                              "Schema": "public",
                                              "Alias": "supplier",
                                              "Startup Cost": 0.0,
                                              "Total Cost": 323.0,
                                              "Plan Rows": 10000,
                                              "Plan Width": 8,
                                              "Output": [
                                                "supplier.s_suppkey",
                                                "supplier.s_nationkey"
                                              ]
                                            }
                                          ]
                                        }
                                      ]
                                    },
                                    {
                                      "Node Type": "Hash",
                                      "Parent Relationship": "Inner",
                                      "Parallel Aware": false,
                                      "Async Capable": false,
                                      "Startup Cost": 1.25,
                                      "Total Cost": 1.25,
                                      "Plan Rows": 25,
                                      "Plan Width": 108,
                                      "Output": [
                                        "nation.n_name",
                                        "nation.n_nationkey"
                                      ],
                                      "Plans": [
                                        {
                                          "Node Type": "Seq Scan",
                                          "Parent Relationship": "Outer",
                                          "Parallel Aware": false,
                                          "Async Capable": false,
                                          "Relation Name": "nation",
                                          "Schema": "public",
                                          "Alias": "nation",
                                          "Startup Cost": 0.0,
                                          "Total Cost": 1.25,
                                          "Plan Rows": 25,
                                          "Plan Width": 108,
                                          "Output": [
                                            "nation.n_name",
                                            "nation.n_nationkey"
                                          ]
                                        }
                                      ]
                                    }
                                  ]
                                }
                              ]
                            }
                          ]
                        },
                        {
                          "Node Type": "Index Scan",
                          "Parent Relationship": "Inner",
                          "Parallel Aware": false,
                          "Async Capable": false,
                          "Scan Direction": "Forward",
                          "Index Name": "orders_pkey",
                          "Relation Name": "orders",
                          "Schema": "public",
                          "Alias": "orders",
                          "Startup Cost": 0.43,
                          "Total Cost": 0.45,
                          "Plan Rows": 1,
                          "Plan Width": 8,
                          "Output": [
                            "orders.o_orderkey",
                            "orders.o_custkey",
                            "orders.o_orderstatus",
                            "orders.o_totalprice",
                            "orders.o_orderdate",
                            "orders.o_orderpriority",
                            "orders.o_clerk",
                            "orders.o_shippriority",
                            "orders.o_comment"
                          ],
                          "Index Cond": "(orders.o_orderkey = lineitem.l_orderkey)"
                        }
                      ]
                    }
                  ]
                }
              ]
            }
          ]
        }
      ]
    },
    "JIT": {
      "Functions": 43,
      "Options": {
        "Inlining": false,
        "Optimization": false,
        "Expressions": true,
        "Deforming": true
      }
    }
  }
]
```

---

## 74. Q9_30_seed_237916899.sql

**File Path:** `/Users/brunowinter2000/Documents/Thesis/2025_2026/Plan-Level/Generated_Queries/Q9/Q9_30_seed_237916899.sql`

### EXPLAIN JSON

```json
[
  {
    "Plan": {
      "Node Type": "Sort",
      "Parallel Aware": false,
      "Async Capable": false,
      "Startup Cost": 213932.55,
      "Total Cost": 214082.93,
      "Plan Rows": 60150,
      "Plan Width": 168,
      "Output": [
        "nation.n_name",
        "(EXTRACT(year FROM orders.o_orderdate))",
        "(sum(((lineitem.l_extendedprice * ('1'::numeric - lineitem.l_discount)) - (partsupp.ps_supplycost * lineitem.l_quantity))))"
      ],
      "Sort Key": [
        "nation.n_name",
        "(EXTRACT(year FROM orders.o_orderdate)) DESC"
      ],
      "Plans": [
        {
          "Node Type": "Aggregate",
          "Strategy": "Hashed",
          "Partial Mode": "Finalize",
          "Parent Relationship": "Outer",
          "Parallel Aware": false,
          "Async Capable": false,
          "Startup Cost": 208255.51,
          "Total Cost": 209157.76,
          "Plan Rows": 60150,
          "Plan Width": 168,
          "Output": [
            "nation.n_name",
            "(EXTRACT(year FROM orders.o_orderdate))",
            "sum(((lineitem.l_extendedprice * ('1'::numeric - lineitem.l_discount)) - (partsupp.ps_supplycost * lineitem.l_quantity)))"
          ],
          "Group Key": [
            "nation.n_name",
            "(EXTRACT(year FROM orders.o_orderdate))"
          ],
          "Planned Partitions": 0,
          "Plans": [
            {
              "Node Type": "Gather",
              "Parent Relationship": "Outer",
              "Parallel Aware": false,
              "Async Capable": false,
              "Startup Cost": 187503.76,
              "Total Cost": 206451.01,
              "Plan Rows": 180450,
              "Plan Width": 168,
              "Output": [
                "nation.n_name",
                "(EXTRACT(year FROM orders.o_orderdate))",
                "(PARTIAL sum(((lineitem.l_extendedprice * ('1'::numeric - lineitem.l_discount)) - (partsupp.ps_supplycost * lineitem.l_quantity))))"
              ],
              "Workers Planned": 3,
              "Single Copy": false,
              "Plans": [
                {
                  "Node Type": "Aggregate",
                  "Strategy": "Hashed",
                  "Partial Mode": "Partial",
                  "Parent Relationship": "Outer",
                  "Parallel Aware": false,
                  "Async Capable": false,
                  "Startup Cost": 186503.76,
                  "Total Cost": 187406.01,
                  "Plan Rows": 60150,
                  "Plan Width": 168,
                  "Output": [
                    "nation.n_name",
                    "(EXTRACT(year FROM orders.o_orderdate))",
                    "PARTIAL sum(((lineitem.l_extendedprice * ('1'::numeric - lineitem.l_discount)) - (partsupp.ps_supplycost * lineitem.l_quantity)))"
                  ],
                  "Group Key": [
                    "nation.n_name",
                    "EXTRACT(year FROM orders.o_orderdate)"
                  ],
                  "Planned Partitions": 0,
                  "Plans": [
                    {
                      "Node Type": "Hash Join",
                      "Parent Relationship": "Outer",
                      "Parallel Aware": true,
                      "Async Capable": false,
                      "Join Type": "Inner",
                      "Startup Cost": 150812.72,
                      "Total Cost": 184195.5,
                      "Plan Rows": 131901,
                      "Plan Width": 159,
                      "Output": [
                        "nation.n_name",
                        "EXTRACT(year FROM orders.o_orderdate)",
                        "lineitem.l_extendedprice",
                        "lineitem.l_discount",
                        "partsupp.ps_supplycost",
                        "lineitem.l_quantity"
                      ],
                      "Inner Unique": false,
                      "Hash Cond": "(orders.o_orderkey = lineitem.l_orderkey)",
                      "Plans": [
                        {
                          "Node Type": "Seq Scan",
                          "Parent Relationship": "Outer",
                          "Parallel Aware": true,
                          "Async Capable": false,
                          "Relation Name": "orders",
                          "Schema": "public",
                          "Alias": "orders",
                          "Startup Cost": 0.0,
                          "Total Cost": 30974.71,
                          "Plan Rows": 483871,
                          "Plan Width": 8,
                          "Output": [
                            "orders.o_orderkey",
                            "orders.o_custkey",
                            "orders.o_orderstatus",
                            "orders.o_totalprice",
                            "orders.o_orderdate",
                            "orders.o_orderpriority",
                            "orders.o_clerk",
                            "orders.o_shippriority",
                            "orders.o_comment"
                          ]
                        },
                        {
                          "Node Type": "Hash",
                          "Parent Relationship": "Inner",
                          "Parallel Aware": true,
                          "Async Capable": false,
                          "Startup Cost": 149790.48,
                          "Total Cost": 149790.48,
                          "Plan Rows": 81779,
                          "Plan Width": 131,
                          "Output": [
                            "lineitem.l_extendedprice",
                            "lineitem.l_discount",
                            "lineitem.l_quantity",
                            "lineitem.l_orderkey",
                            "partsupp.ps_supplycost",
                            "nation.n_name"
                          ],
                          "Plans": [
                            {
                              "Node Type": "Hash Join",
                              "Parent Relationship": "Outer",
                              "Parallel Aware": true,
                              "Async Capable": false,
                              "Join Type": "Inner",
                              "Startup Cost": 16186.09,
                              "Total Cost": 149790.48,
                              "Plan Rows": 81779,
                              "Plan Width": 131,
                              "Output": [
                                "lineitem.l_extendedprice",
                                "lineitem.l_discount",
                                "lineitem.l_quantity",
                                "lineitem.l_orderkey",
                                "partsupp.ps_supplycost",
                                "nation.n_name"
                              ],
                              "Inner Unique": false,
                              "Hash Cond": "((lineitem.l_suppkey = supplier.s_suppkey) AND (lineitem.l_partkey = partsupp.ps_partkey))",
                              "Plans": [
                                {
                                  "Node Type": "Seq Scan",
                                  "Parent Relationship": "Outer",
                                  "Parallel Aware": true,
                                  "Async Capable": false,
                                  "Relation Name": "lineitem",
                                  "Schema": "public",
                                  "Alias": "lineitem",
                                  "Startup Cost": 0.0,
                                  "Total Cost": 124602.43,
                                  "Plan Rows": 1200243,
                                  "Plan Width": 29,
                                  "Output": [
                                    "lineitem.l_orderkey",
                                    "lineitem.l_partkey",
                                    "lineitem.l_suppkey",
                                    "lineitem.l_linenumber",
                                    "lineitem.l_quantity",
                                    "lineitem.l_extendedprice",
                                    "lineitem.l_discount",
                                    "lineitem.l_tax",
                                    "lineitem.l_returnflag",
                                    "lineitem.l_linestatus",
                                    "lineitem.l_shipdate",
                                    "lineitem.l_commitdate",
                                    "lineitem.l_receiptdate",
                                    "lineitem.l_shipinstruct",
                                    "lineitem.l_shipmode",
                                    "lineitem.l_comment"
                                  ]
                                },
                                {
                                  "Node Type": "Hash",
                                  "Parent Relationship": "Inner",
                                  "Parallel Aware": true,
                                  "Async Capable": false,
                                  "Startup Cost": 15845.41,
                                  "Total Cost": 15845.41,
                                  "Plan Rows": 22712,
                                  "Plan Width": 126,
                                  "Output": [
                                    "part.p_partkey",
                                    "partsupp.ps_supplycost",
                                    "partsupp.ps_suppkey",
                                    "partsupp.ps_partkey",
                                    "supplier.s_suppkey",
                                    "nation.n_name"
                                  ],
                                  "Plans": [
                                    {
                                      "Node Type": "Hash Join",
                                      "Parent Relationship": "Outer",
                                      "Parallel Aware": false,
                                      "Async Capable": false,
                                      "Join Type": "Inner",
                                      "Startup Cost": 449.99,
                                      "Total Cost": 15845.41,
                                      "Plan Rows": 22712,
                                      "Plan Width": 126,
                                      "Output": [
                                        "part.p_partkey",
                                        "partsupp.ps_supplycost",
                                        "partsupp.ps_suppkey",
                                        "partsupp.ps_partkey",
                                        "supplier.s_suppkey",
                                        "nation.n_name"
                                      ],
                                      "Inner Unique": true,
                                      "Hash Cond": "(supplier.s_nationkey = nation.n_nationkey)",
                                      "Plans": [
                                        {
                                          "Node Type": "Hash Join",
                                          "Parent Relationship": "Outer",
                                          "Parallel Aware": false,
                                          "Async Capable": false,
                                          "Join Type": "Inner",
                                          "Startup Cost": 448.43,
                                          "Total Cost": 15774.12,
                                          "Plan Rows": 22712,
                                          "Plan Width": 26,
                                          "Output": [
                                            "part.p_partkey",
                                            "partsupp.ps_supplycost",
                                            "partsupp.ps_suppkey",
                                            "partsupp.ps_partkey",
                                            "supplier.s_suppkey",
                                            "supplier.s_nationkey"
                                          ],
                                          "Inner Unique": true,
                                          "Hash Cond": "(partsupp.ps_suppkey = supplier.s_suppkey)",
                                          "Plans": [
                                            {
                                              "Node Type": "Nested Loop",
                                              "Parent Relationship": "Outer",
                                              "Parallel Aware": false,
                                              "Async Capable": false,
                                              "Join Type": "Inner",
                                              "Startup Cost": 0.42,
                                              "Total Cost": 15266.48,
                                              "Plan Rows": 22712,
                                              "Plan Width": 18,
                                              "Output": [
                                                "part.p_partkey",
                                                "partsupp.ps_supplycost",
                                                "partsupp.ps_suppkey",
                                                "partsupp.ps_partkey"
                                              ],
                                              "Inner Unique": false,
                                              "Plans": [
                                                {
                                                  "Node Type": "Seq Scan",
                                                  "Parent Relationship": "Outer",
                                                  "Parallel Aware": true,
                                                  "Async Capable": false,
                                                  "Relation Name": "part",
                                                  "Schema": "public",
                                                  "Alias": "part",
                                                  "Startup Cost": 0.0,
                                                  "Total Cost": 5169.67,
                                                  "Plan Rows": 5678,
                                                  "Plan Width": 4,
                                                  "Output": [
                                                    "part.p_partkey",
                                                    "part.p_name",
                                                    "part.p_mfgr",
                                                    "part.p_brand",
                                                    "part.p_type",
                                                    "part.p_size",
                                                    "part.p_container",
                                                    "part.p_retailprice",
                                                    "part.p_comment"
                                                  ],
                                                  "Filter": "((part.p_name)::text ~~ '%frosted%'::text)"
                                                },
                                                {
                                                  "Node Type": "Index Scan",
                                                  "Parent Relationship": "Inner",
                                                  "Parallel Aware": false,
                                                  "Async Capable": false,
                                                  "Scan Direction": "Forward",
                                                  "Index Name": "partsupp_pkey",
                                                  "Relation Name": "partsupp",
                                                  "Schema": "public",
                                                  "Alias": "partsupp",
                                                  "Startup Cost": 0.42,
                                                  "Total Cost": 1.74,
                                                  "Plan Rows": 4,
                                                  "Plan Width": 14,
                                                  "Output": [
                                                    "partsupp.ps_partkey",
                                                    "partsupp.ps_suppkey",
                                                    "partsupp.ps_availqty",
                                                    "partsupp.ps_supplycost",
                                                    "partsupp.ps_comment"
                                                  ],
                                                  "Index Cond": "(partsupp.ps_partkey = part.p_partkey)"
                                                }
                                              ]
                                            },
                                            {
                                              "Node Type": "Hash",
                                              "Parent Relationship": "Inner",
                                              "Parallel Aware": false,
                                              "Async Capable": false,
                                              "Startup Cost": 323.0,
                                              "Total Cost": 323.0,
                                              "Plan Rows": 10000,
                                              "Plan Width": 8,
                                              "Output": [
                                                "supplier.s_suppkey",
                                                "supplier.s_nationkey"
                                              ],
                                              "Plans": [
                                                {
                                                  "Node Type": "Seq Scan",
                                                  "Parent Relationship": "Outer",
                                                  "Parallel Aware": false,
                                                  "Async Capable": false,
                                                  "Relation Name": "supplier",
                                                  "Schema": "public",
                                                  "Alias": "supplier",
                                                  "Startup Cost": 0.0,
                                                  "Total Cost": 323.0,
                                                  "Plan Rows": 10000,
                                                  "Plan Width": 8,
                                                  "Output": [
                                                    "supplier.s_suppkey",
                                                    "supplier.s_nationkey"
                                                  ]
                                                }
                                              ]
                                            }
                                          ]
                                        },
                                        {
                                          "Node Type": "Hash",
                                          "Parent Relationship": "Inner",
                                          "Parallel Aware": false,
                                          "Async Capable": false,
                                          "Startup Cost": 1.25,
                                          "Total Cost": 1.25,
                                          "Plan Rows": 25,
                                          "Plan Width": 108,
                                          "Output": [
                                            "nation.n_name",
                                            "nation.n_nationkey"
                                          ],
                                          "Plans": [
                                            {
                                              "Node Type": "Seq Scan",
                                              "Parent Relationship": "Outer",
                                              "Parallel Aware": false,
                                              "Async Capable": false,
                                              "Relation Name": "nation",
                                              "Schema": "public",
                                              "Alias": "nation",
                                              "Startup Cost": 0.0,
                                              "Total Cost": 1.25,
                                              "Plan Rows": 25,
                                              "Plan Width": 108,
                                              "Output": [
                                                "nation.n_name",
                                                "nation.n_nationkey"
                                              ]
                                            }
                                          ]
                                        }
                                      ]
                                    }
                                  ]
                                }
                              ]
                            }
                          ]
                        }
                      ]
                    }
                  ]
                }
              ]
            }
          ]
        }
      ]
    },
    "JIT": {
      "Functions": 48,
      "Options": {
        "Inlining": false,
        "Optimization": false,
        "Expressions": true,
        "Deforming": true
      }
    }
  }
]
```

---

## 75. Q9_31_seed_246120930.sql

**File Path:** `/Users/brunowinter2000/Documents/Thesis/2025_2026/Plan-Level/Generated_Queries/Q9/Q9_31_seed_246120930.sql`

### EXPLAIN JSON

```json
[
  {
    "Plan": {
      "Node Type": "Sort",
      "Parallel Aware": false,
      "Async Capable": false,
      "Startup Cost": 221184.19,
      "Total Cost": 221334.56,
      "Plan Rows": 60150,
      "Plan Width": 168,
      "Output": [
        "nation.n_name",
        "(EXTRACT(year FROM orders.o_orderdate))",
        "(sum(((lineitem.l_extendedprice * ('1'::numeric - lineitem.l_discount)) - (partsupp.ps_supplycost * lineitem.l_quantity))))"
      ],
      "Sort Key": [
        "nation.n_name",
        "(EXTRACT(year FROM orders.o_orderdate)) DESC"
      ],
      "Plans": [
        {
          "Node Type": "Aggregate",
          "Strategy": "Hashed",
          "Partial Mode": "Finalize",
          "Parent Relationship": "Outer",
          "Parallel Aware": false,
          "Async Capable": false,
          "Startup Cost": 215507.15,
          "Total Cost": 216409.4,
          "Plan Rows": 60150,
          "Plan Width": 168,
          "Output": [
            "nation.n_name",
            "(EXTRACT(year FROM orders.o_orderdate))",
            "sum(((lineitem.l_extendedprice * ('1'::numeric - lineitem.l_discount)) - (partsupp.ps_supplycost * lineitem.l_quantity)))"
          ],
          "Group Key": [
            "nation.n_name",
            "(EXTRACT(year FROM orders.o_orderdate))"
          ],
          "Planned Partitions": 0,
          "Plans": [
            {
              "Node Type": "Gather",
              "Parent Relationship": "Outer",
              "Parallel Aware": false,
              "Async Capable": false,
              "Startup Cost": 181522.4,
              "Total Cost": 212499.65,
              "Plan Rows": 300750,
              "Plan Width": 168,
              "Output": [
                "nation.n_name",
                "(EXTRACT(year FROM orders.o_orderdate))",
                "(PARTIAL sum(((lineitem.l_extendedprice * ('1'::numeric - lineitem.l_discount)) - (partsupp.ps_supplycost * lineitem.l_quantity))))"
              ],
              "Workers Planned": 5,
              "Single Copy": false,
              "Plans": [
                {
                  "Node Type": "Aggregate",
                  "Strategy": "Hashed",
                  "Partial Mode": "Partial",
                  "Parent Relationship": "Outer",
                  "Parallel Aware": false,
                  "Async Capable": false,
                  "Startup Cost": 180522.4,
                  "Total Cost": 181424.65,
                  "Plan Rows": 60150,
                  "Plan Width": 168,
                  "Output": [
                    "nation.n_name",
                    "(EXTRACT(year FROM orders.o_orderdate))",
                    "PARTIAL sum(((lineitem.l_extendedprice * ('1'::numeric - lineitem.l_discount)) - (partsupp.ps_supplycost * lineitem.l_quantity)))"
                  ],
                  "Group Key": [
                    "nation.n_name",
                    "EXTRACT(year FROM orders.o_orderdate)"
                  ],
                  "Planned Partitions": 0,
                  "Plans": [
                    {
                      "Node Type": "Nested Loop",
                      "Parent Relationship": "Outer",
                      "Parallel Aware": false,
                      "Async Capable": false,
                      "Join Type": "Inner",
                      "Startup Cost": 15229.13,
                      "Total Cost": 179343.84,
                      "Plan Rows": 67346,
                      "Plan Width": 159,
                      "Output": [
                        "nation.n_name",
                        "EXTRACT(year FROM orders.o_orderdate)",
                        "lineitem.l_extendedprice",
                        "lineitem.l_discount",
                        "partsupp.ps_supplycost",
                        "lineitem.l_quantity"
                      ],
                      "Inner Unique": true,
                      "Plans": [
                        {
                          "Node Type": "Hash Join",
                          "Parent Relationship": "Outer",
                          "Parallel Aware": true,
                          "Async Capable": false,
                          "Join Type": "Inner",
                          "Startup Cost": 15228.71,
                          "Total Cost": 148833.07,
                          "Plan Rows": 67346,
                          "Plan Width": 131,
                          "Output": [
                            "lineitem.l_extendedprice",
                            "lineitem.l_discount",
                            "lineitem.l_quantity",
                            "lineitem.l_orderkey",
                            "partsupp.ps_supplycost",
                            "nation.n_name"
                          ],
                          "Inner Unique": false,
                          "Hash Cond": "((lineitem.l_suppkey = supplier.s_suppkey) AND (lineitem.l_partkey = partsupp.ps_partkey))",
                          "Plans": [
                            {
                              "Node Type": "Seq Scan",
                              "Parent Relationship": "Outer",
                              "Parallel Aware": true,
                              "Async Capable": false,
                              "Relation Name": "lineitem",
                              "Schema": "public",
                              "Alias": "lineitem",
                              "Startup Cost": 0.0,
                              "Total Cost": 124602.43,
                              "Plan Rows": 1200243,
                              "Plan Width": 29,
                              "Output": [
                                "lineitem.l_orderkey",
                                "lineitem.l_partkey",
                                "lineitem.l_suppkey",
                                "lineitem.l_linenumber",
                                "lineitem.l_quantity",
                                "lineitem.l_extendedprice",
                                "lineitem.l_discount",
                                "lineitem.l_tax",
                                "lineitem.l_returnflag",
                                "lineitem.l_linestatus",
                                "lineitem.l_shipdate",
                                "lineitem.l_commitdate",
                                "lineitem.l_receiptdate",
                                "lineitem.l_shipinstruct",
                                "lineitem.l_shipmode",
                                "lineitem.l_comment"
                              ]
                            },
                            {
                              "Node Type": "Hash",
                              "Parent Relationship": "Inner",
                              "Parallel Aware": true,
                              "Async Capable": false,
                              "Startup Cost": 14948.16,
                              "Total Cost": 14948.16,
                              "Plan Rows": 18703,
                              "Plan Width": 126,
                              "Output": [
                                "part.p_partkey",
                                "partsupp.ps_supplycost",
                                "partsupp.ps_suppkey",
                                "partsupp.ps_partkey",
                                "supplier.s_suppkey",
                                "nation.n_name"
                              ],
                              "Plans": [
                                {
                                  "Node Type": "Hash Join",
                                  "Parent Relationship": "Outer",
                                  "Parallel Aware": false,
                                  "Async Capable": false,
                                  "Join Type": "Inner",
                                  "Startup Cost": 449.99,
                                  "Total Cost": 14948.16,
                                  "Plan Rows": 18703,
                                  "Plan Width": 126,
                                  "Output": [
                                    "part.p_partkey",
                                    "partsupp.ps_supplycost",
                                    "partsupp.ps_suppkey",
                                    "partsupp.ps_partkey",
                                    "supplier.s_suppkey",
                                    "nation.n_name"
                                  ],
                                  "Inner Unique": true,
                                  "Hash Cond": "(supplier.s_nationkey = nation.n_nationkey)",
                                  "Plans": [
                                    {
                                      "Node Type": "Hash Join",
                                      "Parent Relationship": "Outer",
                                      "Parallel Aware": false,
                                      "Async Capable": false,
                                      "Join Type": "Inner",
                                      "Startup Cost": 448.43,
                                      "Total Cost": 14889.18,
                                      "Plan Rows": 18703,
                                      "Plan Width": 26,
                                      "Output": [
                                        "part.p_partkey",
                                        "partsupp.ps_supplycost",
                                        "partsupp.ps_suppkey",
                                        "partsupp.ps_partkey",
                                        "supplier.s_suppkey",
                                        "supplier.s_nationkey"
                                      ],
                                      "Inner Unique": true,
                                      "Hash Cond": "(partsupp.ps_suppkey = supplier.s_suppkey)",
                                      "Plans": [
                                        {
                                          "Node Type": "Nested Loop",
                                          "Parent Relationship": "Outer",
                                          "Parallel Aware": false,
                                          "Async Capable": false,
                                          "Join Type": "Inner",
                                          "Startup Cost": 0.42,
                                          "Total Cost": 14392.06,
                                          "Plan Rows": 18703,
                                          "Plan Width": 18,
                                          "Output": [
                                            "part.p_partkey",
                                            "partsupp.ps_supplycost",
                                            "partsupp.ps_suppkey",
                                            "partsupp.ps_partkey"
                                          ],
                                          "Inner Unique": false,
                                          "Plans": [
                                            {
                                              "Node Type": "Seq Scan",
                                              "Parent Relationship": "Outer",
                                              "Parallel Aware": true,
                                              "Async Capable": false,
                                              "Relation Name": "part",
                                              "Schema": "public",
                                              "Alias": "part",
                                              "Startup Cost": 0.0,
                                              "Total Cost": 5169.67,
                                              "Plan Rows": 4676,
                                              "Plan Width": 4,
                                              "Output": [
                                                "part.p_partkey",
                                                "part.p_name",
                                                "part.p_mfgr",
                                                "part.p_brand",
                                                "part.p_type",
                                                "part.p_size",
                                                "part.p_container",
                                                "part.p_retailprice",
                                                "part.p_comment"
                                              ],
                                              "Filter": "((part.p_name)::text ~~ '%salmon%'::text)"
                                            },
                                            {
                                              "Node Type": "Index Scan",
                                              "Parent Relationship": "Inner",
                                              "Parallel Aware": false,
                                              "Async Capable": false,
                                              "Scan Direction": "Forward",
                                              "Index Name": "partsupp_pkey",
                                              "Relation Name": "partsupp",
                                              "Schema": "public",
                                              "Alias": "partsupp",
                                              "Startup Cost": 0.42,
                                              "Total Cost": 1.93,
                                              "Plan Rows": 4,
                                              "Plan Width": 14,
                                              "Output": [
                                                "partsupp.ps_partkey",
                                                "partsupp.ps_suppkey",
                                                "partsupp.ps_availqty",
                                                "partsupp.ps_supplycost",
                                                "partsupp.ps_comment"
                                              ],
                                              "Index Cond": "(partsupp.ps_partkey = part.p_partkey)"
                                            }
                                          ]
                                        },
                                        {
                                          "Node Type": "Hash",
                                          "Parent Relationship": "Inner",
                                          "Parallel Aware": false,
                                          "Async Capable": false,
                                          "Startup Cost": 323.0,
                                          "Total Cost": 323.0,
                                          "Plan Rows": 10000,
                                          "Plan Width": 8,
                                          "Output": [
                                            "supplier.s_suppkey",
                                            "supplier.s_nationkey"
                                          ],
                                          "Plans": [
                                            {
                                              "Node Type": "Seq Scan",
                                              "Parent Relationship": "Outer",
                                              "Parallel Aware": false,
                                              "Async Capable": false,
                                              "Relation Name": "supplier",
                                              "Schema": "public",
                                              "Alias": "supplier",
                                              "Startup Cost": 0.0,
                                              "Total Cost": 323.0,
                                              "Plan Rows": 10000,
                                              "Plan Width": 8,
                                              "Output": [
                                                "supplier.s_suppkey",
                                                "supplier.s_nationkey"
                                              ]
                                            }
                                          ]
                                        }
                                      ]
                                    },
                                    {
                                      "Node Type": "Hash",
                                      "Parent Relationship": "Inner",
                                      "Parallel Aware": false,
                                      "Async Capable": false,
                                      "Startup Cost": 1.25,
                                      "Total Cost": 1.25,
                                      "Plan Rows": 25,
                                      "Plan Width": 108,
                                      "Output": [
                                        "nation.n_name",
                                        "nation.n_nationkey"
                                      ],
                                      "Plans": [
                                        {
                                          "Node Type": "Seq Scan",
                                          "Parent Relationship": "Outer",
                                          "Parallel Aware": false,
                                          "Async Capable": false,
                                          "Relation Name": "nation",
                                          "Schema": "public",
                                          "Alias": "nation",
                                          "Startup Cost": 0.0,
                                          "Total Cost": 1.25,
                                          "Plan Rows": 25,
                                          "Plan Width": 108,
                                          "Output": [
                                            "nation.n_name",
                                            "nation.n_nationkey"
                                          ]
                                        }
                                      ]
                                    }
                                  ]
                                }
                              ]
                            }
                          ]
                        },
                        {
                          "Node Type": "Index Scan",
                          "Parent Relationship": "Inner",
                          "Parallel Aware": false,
                          "Async Capable": false,
                          "Scan Direction": "Forward",
                          "Index Name": "orders_pkey",
                          "Relation Name": "orders",
                          "Schema": "public",
                          "Alias": "orders",
                          "Startup Cost": 0.43,
                          "Total Cost": 0.45,
                          "Plan Rows": 1,
                          "Plan Width": 8,
                          "Output": [
                            "orders.o_orderkey",
                            "orders.o_custkey",
                            "orders.o_orderstatus",
                            "orders.o_totalprice",
                            "orders.o_orderdate",
                            "orders.o_orderpriority",
                            "orders.o_clerk",
                            "orders.o_shippriority",
                            "orders.o_comment"
                          ],
                          "Index Cond": "(orders.o_orderkey = lineitem.l_orderkey)"
                        }
                      ]
                    }
                  ]
                }
              ]
            }
          ]
        }
      ]
    },
    "JIT": {
      "Functions": 43,
      "Options": {
        "Inlining": false,
        "Optimization": false,
        "Expressions": true,
        "Deforming": true
      }
    }
  }
]
```

---

## 76. Q9_32_seed_254324961.sql

**File Path:** `/Users/brunowinter2000/Documents/Thesis/2025_2026/Plan-Level/Generated_Queries/Q9/Q9_32_seed_254324961.sql`

### EXPLAIN JSON

```json
[
  {
    "Plan": {
      "Node Type": "Sort",
      "Parallel Aware": false,
      "Async Capable": false,
      "Startup Cost": 213659.85,
      "Total Cost": 213810.22,
      "Plan Rows": 60150,
      "Plan Width": 168,
      "Output": [
        "nation.n_name",
        "(EXTRACT(year FROM orders.o_orderdate))",
        "(sum(((lineitem.l_extendedprice * ('1'::numeric - lineitem.l_discount)) - (partsupp.ps_supplycost * lineitem.l_quantity))))"
      ],
      "Sort Key": [
        "nation.n_name",
        "(EXTRACT(year FROM orders.o_orderdate)) DESC"
      ],
      "Plans": [
        {
          "Node Type": "Aggregate",
          "Strategy": "Hashed",
          "Partial Mode": "Finalize",
          "Parent Relationship": "Outer",
          "Parallel Aware": false,
          "Async Capable": false,
          "Startup Cost": 207982.81,
          "Total Cost": 208885.06,
          "Plan Rows": 60150,
          "Plan Width": 168,
          "Output": [
            "nation.n_name",
            "(EXTRACT(year FROM orders.o_orderdate))",
            "sum(((lineitem.l_extendedprice * ('1'::numeric - lineitem.l_discount)) - (partsupp.ps_supplycost * lineitem.l_quantity)))"
          ],
          "Group Key": [
            "nation.n_name",
            "(EXTRACT(year FROM orders.o_orderdate))"
          ],
          "Planned Partitions": 0,
          "Plans": [
            {
              "Node Type": "Gather",
              "Parent Relationship": "Outer",
              "Parallel Aware": false,
              "Async Capable": false,
              "Startup Cost": 187231.06,
              "Total Cost": 206178.31,
              "Plan Rows": 180450,
              "Plan Width": 168,
              "Output": [
                "nation.n_name",
                "(EXTRACT(year FROM orders.o_orderdate))",
                "(PARTIAL sum(((lineitem.l_extendedprice * ('1'::numeric - lineitem.l_discount)) - (partsupp.ps_supplycost * lineitem.l_quantity))))"
              ],
              "Workers Planned": 3,
              "Single Copy": false,
              "Plans": [
                {
                  "Node Type": "Aggregate",
                  "Strategy": "Hashed",
                  "Partial Mode": "Partial",
                  "Parent Relationship": "Outer",
                  "Parallel Aware": false,
                  "Async Capable": false,
                  "Startup Cost": 186231.06,
                  "Total Cost": 187133.31,
                  "Plan Rows": 60150,
                  "Plan Width": 168,
                  "Output": [
                    "nation.n_name",
                    "(EXTRACT(year FROM orders.o_orderdate))",
                    "PARTIAL sum(((lineitem.l_extendedprice * ('1'::numeric - lineitem.l_discount)) - (partsupp.ps_supplycost * lineitem.l_quantity)))"
                  ],
                  "Group Key": [
                    "nation.n_name",
                    "EXTRACT(year FROM orders.o_orderdate)"
                  ],
                  "Planned Partitions": 0,
                  "Plans": [
                    {
                      "Node Type": "Hash Join",
                      "Parent Relationship": "Outer",
                      "Parallel Aware": true,
                      "Async Capable": false,
                      "Join Type": "Inner",
                      "Startup Cost": 150625.41,
                      "Total Cost": 183990.72,
                      "Plan Rows": 128019,
                      "Plan Width": 159,
                      "Output": [
                        "nation.n_name",
                        "EXTRACT(year FROM orders.o_orderdate)",
                        "lineitem.l_extendedprice",
                        "lineitem.l_discount",
                        "partsupp.ps_supplycost",
                        "lineitem.l_quantity"
                      ],
                      "Inner Unique": false,
                      "Hash Cond": "(orders.o_orderkey = lineitem.l_orderkey)",
                      "Plans": [
                        {
                          "Node Type": "Seq Scan",
                          "Parent Relationship": "Outer",
                          "Parallel Aware": true,
                          "Async Capable": false,
                          "Relation Name": "orders",
                          "Schema": "public",
                          "Alias": "orders",
                          "Startup Cost": 0.0,
                          "Total Cost": 30974.71,
                          "Plan Rows": 483871,
                          "Plan Width": 8,
                          "Output": [
                            "orders.o_orderkey",
                            "orders.o_custkey",
                            "orders.o_orderstatus",
                            "orders.o_totalprice",
                            "orders.o_orderdate",
                            "orders.o_orderpriority",
                            "orders.o_clerk",
                            "orders.o_shippriority",
                            "orders.o_comment"
                          ]
                        },
                        {
                          "Node Type": "Hash",
                          "Parent Relationship": "Inner",
                          "Parallel Aware": true,
                          "Async Capable": false,
                          "Startup Cost": 149633.26,
                          "Total Cost": 149633.26,
                          "Plan Rows": 79372,
                          "Plan Width": 131,
                          "Output": [
                            "lineitem.l_extendedprice",
                            "lineitem.l_discount",
                            "lineitem.l_quantity",
                            "lineitem.l_orderkey",
                            "partsupp.ps_supplycost",
                            "nation.n_name"
                          ],
                          "Plans": [
                            {
                              "Node Type": "Hash Join",
                              "Parent Relationship": "Outer",
                              "Parallel Aware": true,
                              "Async Capable": false,
                              "Join Type": "Inner",
                              "Startup Cost": 16028.88,
                              "Total Cost": 149633.26,
                              "Plan Rows": 79372,
                              "Plan Width": 131,
                              "Output": [
                                "lineitem.l_extendedprice",
                                "lineitem.l_discount",
                                "lineitem.l_quantity",
                                "lineitem.l_orderkey",
                                "partsupp.ps_supplycost",
                                "nation.n_name"
                              ],
                              "Inner Unique": false,
                              "Hash Cond": "((lineitem.l_suppkey = supplier.s_suppkey) AND (lineitem.l_partkey = partsupp.ps_partkey))",
                              "Plans": [
                                {
                                  "Node Type": "Seq Scan",
                                  "Parent Relationship": "Outer",
                                  "Parallel Aware": true,
                                  "Async Capable": false,
                                  "Relation Name": "lineitem",
                                  "Schema": "public",
                                  "Alias": "lineitem",
                                  "Startup Cost": 0.0,
                                  "Total Cost": 124602.43,
                                  "Plan Rows": 1200243,
                                  "Plan Width": 29,
                                  "Output": [
                                    "lineitem.l_orderkey",
                                    "lineitem.l_partkey",
                                    "lineitem.l_suppkey",
                                    "lineitem.l_linenumber",
                                    "lineitem.l_quantity",
                                    "lineitem.l_extendedprice",
                                    "lineitem.l_discount",
                                    "lineitem.l_tax",
                                    "lineitem.l_returnflag",
                                    "lineitem.l_linestatus",
                                    "lineitem.l_shipdate",
                                    "lineitem.l_commitdate",
                                    "lineitem.l_receiptdate",
                                    "lineitem.l_shipinstruct",
                                    "lineitem.l_shipmode",
                                    "lineitem.l_comment"
                                  ]
                                },
                                {
                                  "Node Type": "Hash",
                                  "Parent Relationship": "Inner",
                                  "Parallel Aware": true,
                                  "Async Capable": false,
                                  "Startup Cost": 15698.23,
                                  "Total Cost": 15698.23,
                                  "Plan Rows": 22043,
                                  "Plan Width": 126,
                                  "Output": [
                                    "part.p_partkey",
                                    "partsupp.ps_supplycost",
                                    "partsupp.ps_suppkey",
                                    "partsupp.ps_partkey",
                                    "supplier.s_suppkey",
                                    "nation.n_name"
                                  ],
                                  "Plans": [
                                    {
                                      "Node Type": "Hash Join",
                                      "Parent Relationship": "Outer",
                                      "Parallel Aware": false,
                                      "Async Capable": false,
                                      "Join Type": "Inner",
                                      "Startup Cost": 449.99,
                                      "Total Cost": 15698.23,
                                      "Plan Rows": 22043,
                                      "Plan Width": 126,
                                      "Output": [
                                        "part.p_partkey",
                                        "partsupp.ps_supplycost",
                                        "partsupp.ps_suppkey",
                                        "partsupp.ps_partkey",
                                        "supplier.s_suppkey",
                                        "nation.n_name"
                                      ],
                                      "Inner Unique": true,
                                      "Hash Cond": "(supplier.s_nationkey = nation.n_nationkey)",
                                      "Plans": [
                                        {
                                          "Node Type": "Hash Join",
                                          "Parent Relationship": "Outer",
                                          "Parallel Aware": false,
                                          "Async Capable": false,
                                          "Join Type": "Inner",
                                          "Startup Cost": 448.43,
                                          "Total Cost": 15628.99,
                                          "Plan Rows": 22043,
                                          "Plan Width": 26,
                                          "Output": [
                                            "part.p_partkey",
                                            "partsupp.ps_supplycost",
                                            "partsupp.ps_suppkey",
                                            "partsupp.ps_partkey",
                                            "supplier.s_suppkey",
                                            "supplier.s_nationkey"
                                          ],
                                          "Inner Unique": true,
                                          "Hash Cond": "(partsupp.ps_suppkey = supplier.s_suppkey)",
                                          "Plans": [
                                            {
                                              "Node Type": "Nested Loop",
                                              "Parent Relationship": "Outer",
                                              "Parallel Aware": false,
                                              "Async Capable": false,
                                              "Join Type": "Inner",
                                              "Startup Cost": 0.42,
                                              "Total Cost": 15123.11,
                                              "Plan Rows": 22043,
                                              "Plan Width": 18,
                                              "Output": [
                                                "part.p_partkey",
                                                "partsupp.ps_supplycost",
                                                "partsupp.ps_suppkey",
                                                "partsupp.ps_partkey"
                                              ],
                                              "Inner Unique": false,
                                              "Plans": [
                                                {
                                                  "Node Type": "Seq Scan",
                                                  "Parent Relationship": "Outer",
                                                  "Parallel Aware": true,
                                                  "Async Capable": false,
                                                  "Relation Name": "part",
                                                  "Schema": "public",
                                                  "Alias": "part",
                                                  "Startup Cost": 0.0,
                                                  "Total Cost": 5169.67,
                                                  "Plan Rows": 5511,
                                                  "Plan Width": 4,
                                                  "Output": [
                                                    "part.p_partkey",
                                                    "part.p_name",
                                                    "part.p_mfgr",
                                                    "part.p_brand",
                                                    "part.p_type",
                                                    "part.p_size",
                                                    "part.p_container",
                                                    "part.p_retailprice",
                                                    "part.p_comment"
                                                  ],
                                                  "Filter": "((part.p_name)::text ~~ '%forest%'::text)"
                                                },
                                                {
                                                  "Node Type": "Index Scan",
                                                  "Parent Relationship": "Inner",
                                                  "Parallel Aware": false,
                                                  "Async Capable": false,
                                                  "Scan Direction": "Forward",
                                                  "Index Name": "partsupp_pkey",
                                                  "Relation Name": "partsupp",
                                                  "Schema": "public",
                                                  "Alias": "partsupp",
                                                  "Startup Cost": 0.42,
                                                  "Total Cost": 1.77,
                                                  "Plan Rows": 4,
                                                  "Plan Width": 14,
                                                  "Output": [
                                                    "partsupp.ps_partkey",
                                                    "partsupp.ps_suppkey",
                                                    "partsupp.ps_availqty",
                                                    "partsupp.ps_supplycost",
                                                    "partsupp.ps_comment"
                                                  ],
                                                  "Index Cond": "(partsupp.ps_partkey = part.p_partkey)"
                                                }
                                              ]
                                            },
                                            {
                                              "Node Type": "Hash",
                                              "Parent Relationship": "Inner",
                                              "Parallel Aware": false,
                                              "Async Capable": false,
                                              "Startup Cost": 323.0,
                                              "Total Cost": 323.0,
                                              "Plan Rows": 10000,
                                              "Plan Width": 8,
                                              "Output": [
                                                "supplier.s_suppkey",
                                                "supplier.s_nationkey"
                                              ],
                                              "Plans": [
                                                {
                                                  "Node Type": "Seq Scan",
                                                  "Parent Relationship": "Outer",
                                                  "Parallel Aware": false,
                                                  "Async Capable": false,
                                                  "Relation Name": "supplier",
                                                  "Schema": "public",
                                                  "Alias": "supplier",
                                                  "Startup Cost": 0.0,
                                                  "Total Cost": 323.0,
                                                  "Plan Rows": 10000,
                                                  "Plan Width": 8,
                                                  "Output": [
                                                    "supplier.s_suppkey",
                                                    "supplier.s_nationkey"
                                                  ]
                                                }
                                              ]
                                            }
                                          ]
                                        },
                                        {
                                          "Node Type": "Hash",
                                          "Parent Relationship": "Inner",
                                          "Parallel Aware": false,
                                          "Async Capable": false,
                                          "Startup Cost": 1.25,
                                          "Total Cost": 1.25,
                                          "Plan Rows": 25,
                                          "Plan Width": 108,
                                          "Output": [
                                            "nation.n_name",
                                            "nation.n_nationkey"
                                          ],
                                          "Plans": [
                                            {
                                              "Node Type": "Seq Scan",
                                              "Parent Relationship": "Outer",
                                              "Parallel Aware": false,
                                              "Async Capable": false,
                                              "Relation Name": "nation",
                                              "Schema": "public",
                                              "Alias": "nation",
                                              "Startup Cost": 0.0,
                                              "Total Cost": 1.25,
                                              "Plan Rows": 25,
                                              "Plan Width": 108,
                                              "Output": [
                                                "nation.n_name",
                                                "nation.n_nationkey"
                                              ]
                                            }
                                          ]
                                        }
                                      ]
                                    }
                                  ]
                                }
                              ]
                            }
                          ]
                        }
                      ]
                    }
                  ]
                }
              ]
            }
          ]
        }
      ]
    },
    "JIT": {
      "Functions": 48,
      "Options": {
        "Inlining": false,
        "Optimization": false,
        "Expressions": true,
        "Deforming": true
      }
    }
  }
]
```

---

## 77. Q9_33_seed_262528992.sql

**File Path:** `/Users/brunowinter2000/Documents/Thesis/2025_2026/Plan-Level/Generated_Queries/Q9/Q9_33_seed_262528992.sql`

### EXPLAIN JSON

```json
[
  {
    "Plan": {
      "Node Type": "Sort",
      "Parallel Aware": false,
      "Async Capable": false,
      "Startup Cost": 203830.47,
      "Total Cost": 203980.85,
      "Plan Rows": 60150,
      "Plan Width": 168,
      "Output": [
        "nation.n_name",
        "(EXTRACT(year FROM orders.o_orderdate))",
        "(sum(((lineitem.l_extendedprice * ('1'::numeric - lineitem.l_discount)) - (partsupp.ps_supplycost * lineitem.l_quantity))))"
      ],
      "Sort Key": [
        "nation.n_name",
        "(EXTRACT(year FROM orders.o_orderdate)) DESC"
      ],
      "Plans": [
        {
          "Node Type": "Aggregate",
          "Strategy": "Hashed",
          "Partial Mode": "Finalize",
          "Parent Relationship": "Outer",
          "Parallel Aware": false,
          "Async Capable": false,
          "Startup Cost": 198153.43,
          "Total Cost": 199055.68,
          "Plan Rows": 60150,
          "Plan Width": 168,
          "Output": [
            "nation.n_name",
            "(EXTRACT(year FROM orders.o_orderdate))",
            "sum(((lineitem.l_extendedprice * ('1'::numeric - lineitem.l_discount)) - (partsupp.ps_supplycost * lineitem.l_quantity)))"
          ],
          "Group Key": [
            "nation.n_name",
            "(EXTRACT(year FROM orders.o_orderdate))"
          ],
          "Planned Partitions": 0,
          "Plans": [
            {
              "Node Type": "Gather",
              "Parent Relationship": "Outer",
              "Parallel Aware": false,
              "Async Capable": false,
              "Startup Cost": 170973.54,
              "Total Cost": 195748.13,
              "Plan Rows": 240530,
              "Plan Width": 168,
              "Output": [
                "nation.n_name",
                "(EXTRACT(year FROM orders.o_orderdate))",
                "(PARTIAL sum(((lineitem.l_extendedprice * ('1'::numeric - lineitem.l_discount)) - (partsupp.ps_supplycost * lineitem.l_quantity))))"
              ],
              "Workers Planned": 5,
              "Single Copy": false,
              "Plans": [
                {
                  "Node Type": "Aggregate",
                  "Strategy": "Hashed",
                  "Partial Mode": "Partial",
                  "Parent Relationship": "Outer",
                  "Parallel Aware": false,
                  "Async Capable": false,
                  "Startup Cost": 169973.54,
                  "Total Cost": 170695.13,
                  "Plan Rows": 48106,
                  "Plan Width": 168,
                  "Output": [
                    "nation.n_name",
                    "(EXTRACT(year FROM orders.o_orderdate))",
                    "PARTIAL sum(((lineitem.l_extendedprice * ('1'::numeric - lineitem.l_discount)) - (partsupp.ps_supplycost * lineitem.l_quantity)))"
                  ],
                  "Group Key": [
                    "nation.n_name",
                    "EXTRACT(year FROM orders.o_orderdate)"
                  ],
                  "Planned Partitions": 0,
                  "Plans": [
                    {
                      "Node Type": "Nested Loop",
                      "Parent Relationship": "Outer",
                      "Parallel Aware": false,
                      "Async Capable": false,
                      "Join Type": "Inner",
                      "Startup Cost": 13733.6,
                      "Total Cost": 169131.69,
                      "Plan Rows": 48106,
                      "Plan Width": 159,
                      "Output": [
                        "nation.n_name",
                        "EXTRACT(year FROM orders.o_orderdate)",
                        "lineitem.l_extendedprice",
                        "lineitem.l_discount",
                        "partsupp.ps_supplycost",
                        "lineitem.l_quantity"
                      ],
                      "Inner Unique": true,
                      "Plans": [
                        {
                          "Node Type": "Hash Join",
                          "Parent Relationship": "Outer",
                          "Parallel Aware": true,
                          "Async Capable": false,
                          "Join Type": "Inner",
                          "Startup Cost": 13733.17,
                          "Total Cost": 147337.5,
                          "Plan Rows": 48106,
                          "Plan Width": 131,
                          "Output": [
                            "lineitem.l_extendedprice",
                            "lineitem.l_discount",
                            "lineitem.l_quantity",
                            "lineitem.l_orderkey",
                            "partsupp.ps_supplycost",
                            "nation.n_name"
                          ],
                          "Inner Unique": false,
                          "Hash Cond": "((lineitem.l_suppkey = supplier.s_suppkey) AND (lineitem.l_partkey = partsupp.ps_partkey))",
                          "Plans": [
                            {
                              "Node Type": "Seq Scan",
                              "Parent Relationship": "Outer",
                              "Parallel Aware": true,
                              "Async Capable": false,
                              "Relation Name": "lineitem",
                              "Schema": "public",
                              "Alias": "lineitem",
                              "Startup Cost": 0.0,
                              "Total Cost": 124602.43,
                              "Plan Rows": 1200243,
                              "Plan Width": 29,
                              "Output": [
                                "lineitem.l_orderkey",
                                "lineitem.l_partkey",
                                "lineitem.l_suppkey",
                                "lineitem.l_linenumber",
                                "lineitem.l_quantity",
                                "lineitem.l_extendedprice",
                                "lineitem.l_discount",
                                "lineitem.l_tax",
                                "lineitem.l_returnflag",
                                "lineitem.l_linestatus",
                                "lineitem.l_shipdate",
                                "lineitem.l_commitdate",
                                "lineitem.l_receiptdate",
                                "lineitem.l_shipinstruct",
                                "lineitem.l_shipmode",
                                "lineitem.l_comment"
                              ]
                            },
                            {
                              "Node Type": "Hash",
                              "Parent Relationship": "Inner",
                              "Parallel Aware": true,
                              "Async Capable": false,
                              "Startup Cost": 13532.77,
                              "Total Cost": 13532.77,
                              "Plan Rows": 13360,
                              "Plan Width": 126,
                              "Output": [
                                "part.p_partkey",
                                "partsupp.ps_supplycost",
                                "partsupp.ps_suppkey",
                                "partsupp.ps_partkey",
                                "supplier.s_suppkey",
                                "nation.n_name"
                              ],
                              "Plans": [
                                {
                                  "Node Type": "Hash Join",
                                  "Parent Relationship": "Outer",
                                  "Parallel Aware": false,
                                  "Async Capable": false,
                                  "Join Type": "Inner",
                                  "Startup Cost": 449.99,
                                  "Total Cost": 13532.77,
                                  "Plan Rows": 13360,
                                  "Plan Width": 126,
                                  "Output": [
                                    "part.p_partkey",
                                    "partsupp.ps_supplycost",
                                    "partsupp.ps_suppkey",
                                    "partsupp.ps_partkey",
                                    "supplier.s_suppkey",
                                    "nation.n_name"
                                  ],
                                  "Inner Unique": true,
                                  "Hash Cond": "(supplier.s_nationkey = nation.n_nationkey)",
                                  "Plans": [
                                    {
                                      "Node Type": "Hash Join",
                                      "Parent Relationship": "Outer",
                                      "Parallel Aware": false,
                                      "Async Capable": false,
                                      "Join Type": "Inner",
                                      "Startup Cost": 448.43,
                                      "Total Cost": 13490.2,
                                      "Plan Rows": 13360,
                                      "Plan Width": 26,
                                      "Output": [
                                        "part.p_partkey",
                                        "partsupp.ps_supplycost",
                                        "partsupp.ps_suppkey",
                                        "partsupp.ps_partkey",
                                        "supplier.s_suppkey",
                                        "supplier.s_nationkey"
                                      ],
                                      "Inner Unique": true,
                                      "Hash Cond": "(partsupp.ps_suppkey = supplier.s_suppkey)",
                                      "Plans": [
                                        {
                                          "Node Type": "Nested Loop",
                                          "Parent Relationship": "Outer",
                                          "Parallel Aware": false,
                                          "Async Capable": false,
                                          "Join Type": "Inner",
                                          "Startup Cost": 0.42,
                                          "Total Cost": 13007.12,
                                          "Plan Rows": 13360,
                                          "Plan Width": 18,
                                          "Output": [
                                            "part.p_partkey",
                                            "partsupp.ps_supplycost",
                                            "partsupp.ps_suppkey",
                                            "partsupp.ps_partkey"
                                          ],
                                          "Inner Unique": false,
                                          "Plans": [
                                            {
                                              "Node Type": "Seq Scan",
                                              "Parent Relationship": "Outer",
                                              "Parallel Aware": true,
                                              "Async Capable": false,
                                              "Relation Name": "part",
                                              "Schema": "public",
                                              "Alias": "part",
                                              "Startup Cost": 0.0,
                                              "Total Cost": 5169.67,
                                              "Plan Rows": 3340,
                                              "Plan Width": 4,
                                              "Output": [
                                                "part.p_partkey",
                                                "part.p_name",
                                                "part.p_mfgr",
                                                "part.p_brand",
                                                "part.p_type",
                                                "part.p_size",
                                                "part.p_container",
                                                "part.p_retailprice",
                                                "part.p_comment"
                                              ],
                                              "Filter": "((part.p_name)::text ~~ '%saddle%'::text)"
                                            },
                                            {
                                              "Node Type": "Index Scan",
                                              "Parent Relationship": "Inner",
                                              "Parallel Aware": false,
                                              "Async Capable": false,
                                              "Scan Direction": "Forward",
                                              "Index Name": "partsupp_pkey",
                                              "Relation Name": "partsupp",
                                              "Schema": "public",
                                              "Alias": "partsupp",
                                              "Startup Cost": 0.42,
                                              "Total Cost": 2.31,
                                              "Plan Rows": 4,
                                              "Plan Width": 14,
                                              "Output": [
                                                "partsupp.ps_partkey",
                                                "partsupp.ps_suppkey",
                                                "partsupp.ps_availqty",
                                                "partsupp.ps_supplycost",
                                                "partsupp.ps_comment"
                                              ],
                                              "Index Cond": "(partsupp.ps_partkey = part.p_partkey)"
                                            }
                                          ]
                                        },
                                        {
                                          "Node Type": "Hash",
                                          "Parent Relationship": "Inner",
                                          "Parallel Aware": false,
                                          "Async Capable": false,
                                          "Startup Cost": 323.0,
                                          "Total Cost": 323.0,
                                          "Plan Rows": 10000,
                                          "Plan Width": 8,
                                          "Output": [
                                            "supplier.s_suppkey",
                                            "supplier.s_nationkey"
                                          ],
                                          "Plans": [
                                            {
                                              "Node Type": "Seq Scan",
                                              "Parent Relationship": "Outer",
                                              "Parallel Aware": false,
                                              "Async Capable": false,
                                              "Relation Name": "supplier",
                                              "Schema": "public",
                                              "Alias": "supplier",
                                              "Startup Cost": 0.0,
                                              "Total Cost": 323.0,
                                              "Plan Rows": 10000,
                                              "Plan Width": 8,
                                              "Output": [
                                                "supplier.s_suppkey",
                                                "supplier.s_nationkey"
                                              ]
                                            }
                                          ]
                                        }
                                      ]
                                    },
                                    {
                                      "Node Type": "Hash",
                                      "Parent Relationship": "Inner",
                                      "Parallel Aware": false,
                                      "Async Capable": false,
                                      "Startup Cost": 1.25,
                                      "Total Cost": 1.25,
                                      "Plan Rows": 25,
                                      "Plan Width": 108,
                                      "Output": [
                                        "nation.n_name",
                                        "nation.n_nationkey"
                                      ],
                                      "Plans": [
                                        {
                                          "Node Type": "Seq Scan",
                                          "Parent Relationship": "Outer",
                                          "Parallel Aware": false,
                                          "Async Capable": false,
                                          "Relation Name": "nation",
                                          "Schema": "public",
                                          "Alias": "nation",
                                          "Startup Cost": 0.0,
                                          "Total Cost": 1.25,
                                          "Plan Rows": 25,
                                          "Plan Width": 108,
                                          "Output": [
                                            "nation.n_name",
                                            "nation.n_nationkey"
                                          ]
                                        }
                                      ]
                                    }
                                  ]
                                }
                              ]
                            }
                          ]
                        },
                        {
                          "Node Type": "Index Scan",
                          "Parent Relationship": "Inner",
                          "Parallel Aware": false,
                          "Async Capable": false,
                          "Scan Direction": "Forward",
                          "Index Name": "orders_pkey",
                          "Relation Name": "orders",
                          "Schema": "public",
                          "Alias": "orders",
                          "Startup Cost": 0.43,
                          "Total Cost": 0.45,
                          "Plan Rows": 1,
                          "Plan Width": 8,
                          "Output": [
                            "orders.o_orderkey",
                            "orders.o_custkey",
                            "orders.o_orderstatus",
                            "orders.o_totalprice",
                            "orders.o_orderdate",
                            "orders.o_orderpriority",
                            "orders.o_clerk",
                            "orders.o_shippriority",
                            "orders.o_comment"
                          ],
                          "Index Cond": "(orders.o_orderkey = lineitem.l_orderkey)"
                        }
                      ]
                    }
                  ]
                }
              ]
            }
          ]
        }
      ]
    },
    "JIT": {
      "Functions": 43,
      "Options": {
        "Inlining": false,
        "Optimization": false,
        "Expressions": true,
        "Deforming": true
      }
    }
  }
]
```

---

## 78. Q9_34_seed_270733023.sql

**File Path:** `/Users/brunowinter2000/Documents/Thesis/2025_2026/Plan-Level/Generated_Queries/Q9/Q9_34_seed_270733023.sql`

### EXPLAIN JSON

```json
[
  {
    "Plan": {
      "Node Type": "Sort",
      "Parallel Aware": false,
      "Async Capable": false,
      "Startup Cost": 218594.94,
      "Total Cost": 218745.31,
      "Plan Rows": 60150,
      "Plan Width": 168,
      "Output": [
        "nation.n_name",
        "(EXTRACT(year FROM orders.o_orderdate))",
        "(sum(((lineitem.l_extendedprice * ('1'::numeric - lineitem.l_discount)) - (partsupp.ps_supplycost * lineitem.l_quantity))))"
      ],
      "Sort Key": [
        "nation.n_name",
        "(EXTRACT(year FROM orders.o_orderdate)) DESC"
      ],
      "Plans": [
        {
          "Node Type": "Aggregate",
          "Strategy": "Hashed",
          "Partial Mode": "Finalize",
          "Parent Relationship": "Outer",
          "Parallel Aware": false,
          "Async Capable": false,
          "Startup Cost": 212917.9,
          "Total Cost": 213820.15,
          "Plan Rows": 60150,
          "Plan Width": 168,
          "Output": [
            "nation.n_name",
            "(EXTRACT(year FROM orders.o_orderdate))",
            "sum(((lineitem.l_extendedprice * ('1'::numeric - lineitem.l_discount)) - (partsupp.ps_supplycost * lineitem.l_quantity)))"
          ],
          "Group Key": [
            "nation.n_name",
            "(EXTRACT(year FROM orders.o_orderdate))"
          ],
          "Planned Partitions": 0,
          "Plans": [
            {
              "Node Type": "Gather",
              "Parent Relationship": "Outer",
              "Parallel Aware": false,
              "Async Capable": false,
              "Startup Cost": 178933.15,
              "Total Cost": 209910.4,
              "Plan Rows": 300750,
              "Plan Width": 168,
              "Output": [
                "nation.n_name",
                "(EXTRACT(year FROM orders.o_orderdate))",
                "(PARTIAL sum(((lineitem.l_extendedprice * ('1'::numeric - lineitem.l_discount)) - (partsupp.ps_supplycost * lineitem.l_quantity))))"
              ],
              "Workers Planned": 5,
              "Single Copy": false,
              "Plans": [
                {
                  "Node Type": "Aggregate",
                  "Strategy": "Hashed",
                  "Partial Mode": "Partial",
                  "Parent Relationship": "Outer",
                  "Parallel Aware": false,
                  "Async Capable": false,
                  "Startup Cost": 177933.15,
                  "Total Cost": 178835.4,
                  "Plan Rows": 60150,
                  "Plan Width": 168,
                  "Output": [
                    "nation.n_name",
                    "(EXTRACT(year FROM orders.o_orderdate))",
                    "PARTIAL sum(((lineitem.l_extendedprice * ('1'::numeric - lineitem.l_discount)) - (partsupp.ps_supplycost * lineitem.l_quantity)))"
                  ],
                  "Group Key": [
                    "nation.n_name",
                    "EXTRACT(year FROM orders.o_orderdate)"
                  ],
                  "Planned Partitions": 0,
                  "Plans": [
                    {
                      "Node Type": "Nested Loop",
                      "Parent Relationship": "Outer",
                      "Parallel Aware": false,
                      "Async Capable": false,
                      "Join Type": "Inner",
                      "Startup Cost": 14901.81,
                      "Total Cost": 176838.72,
                      "Plan Rows": 62539,
                      "Plan Width": 159,
                      "Output": [
                        "nation.n_name",
                        "EXTRACT(year FROM orders.o_orderdate)",
                        "lineitem.l_extendedprice",
                        "lineitem.l_discount",
                        "partsupp.ps_supplycost",
                        "lineitem.l_quantity"
                      ],
                      "Inner Unique": true,
                      "Plans": [
                        {
                          "Node Type": "Hash Join",
                          "Parent Relationship": "Outer",
                          "Parallel Aware": true,
                          "Async Capable": false,
                          "Join Type": "Inner",
                          "Startup Cost": 14901.38,
                          "Total Cost": 148505.73,
                          "Plan Rows": 62539,
                          "Plan Width": 131,
                          "Output": [
                            "lineitem.l_extendedprice",
                            "lineitem.l_discount",
                            "lineitem.l_quantity",
                            "lineitem.l_orderkey",
                            "partsupp.ps_supplycost",
                            "nation.n_name"
                          ],
                          "Inner Unique": false,
                          "Hash Cond": "((lineitem.l_suppkey = supplier.s_suppkey) AND (lineitem.l_partkey = partsupp.ps_partkey))",
                          "Plans": [
                            {
                              "Node Type": "Seq Scan",
                              "Parent Relationship": "Outer",
                              "Parallel Aware": true,
                              "Async Capable": false,
                              "Relation Name": "lineitem",
                              "Schema": "public",
                              "Alias": "lineitem",
                              "Startup Cost": 0.0,
                              "Total Cost": 124602.43,
                              "Plan Rows": 1200243,
                              "Plan Width": 29,
                              "Output": [
                                "lineitem.l_orderkey",
                                "lineitem.l_partkey",
                                "lineitem.l_suppkey",
                                "lineitem.l_linenumber",
                                "lineitem.l_quantity",
                                "lineitem.l_extendedprice",
                                "lineitem.l_discount",
                                "lineitem.l_tax",
                                "lineitem.l_returnflag",
                                "lineitem.l_linestatus",
                                "lineitem.l_shipdate",
                                "lineitem.l_commitdate",
                                "lineitem.l_receiptdate",
                                "lineitem.l_shipinstruct",
                                "lineitem.l_shipmode",
                                "lineitem.l_comment"
                              ]
                            },
                            {
                              "Node Type": "Hash",
                              "Parent Relationship": "Inner",
                              "Parallel Aware": true,
                              "Async Capable": false,
                              "Startup Cost": 14640.86,
                              "Total Cost": 14640.86,
                              "Plan Rows": 17368,
                              "Plan Width": 126,
                              "Output": [
                                "part.p_partkey",
                                "partsupp.ps_supplycost",
                                "partsupp.ps_suppkey",
                                "partsupp.ps_partkey",
                                "supplier.s_suppkey",
                                "nation.n_name"
                              ],
                              "Plans": [
                                {
                                  "Node Type": "Hash Join",
                                  "Parent Relationship": "Outer",
                                  "Parallel Aware": false,
                                  "Async Capable": false,
                                  "Join Type": "Inner",
                                  "Startup Cost": 449.99,
                                  "Total Cost": 14640.86,
                                  "Plan Rows": 17368,
                                  "Plan Width": 126,
                                  "Output": [
                                    "part.p_partkey",
                                    "partsupp.ps_supplycost",
                                    "partsupp.ps_suppkey",
                                    "partsupp.ps_partkey",
                                    "supplier.s_suppkey",
                                    "nation.n_name"
                                  ],
                                  "Inner Unique": true,
                                  "Hash Cond": "(supplier.s_nationkey = nation.n_nationkey)",
                                  "Plans": [
                                    {
                                      "Node Type": "Hash Join",
                                      "Parent Relationship": "Outer",
                                      "Parallel Aware": false,
                                      "Async Capable": false,
                                      "Join Type": "Inner",
                                      "Startup Cost": 448.43,
                                      "Total Cost": 14585.97,
                                      "Plan Rows": 17368,
                                      "Plan Width": 26,
                                      "Output": [
                                        "part.p_partkey",
                                        "partsupp.ps_supplycost",
                                        "partsupp.ps_suppkey",
                                        "partsupp.ps_partkey",
                                        "supplier.s_suppkey",
                                        "supplier.s_nationkey"
                                      ],
                                      "Inner Unique": true,
                                      "Hash Cond": "(partsupp.ps_suppkey = supplier.s_suppkey)",
                                      "Plans": [
                                        {
                                          "Node Type": "Nested Loop",
                                          "Parent Relationship": "Outer",
                                          "Parallel Aware": false,
                                          "Async Capable": false,
                                          "Join Type": "Inner",
                                          "Startup Cost": 0.42,
                                          "Total Cost": 14092.36,
                                          "Plan Rows": 17368,
                                          "Plan Width": 18,
                                          "Output": [
                                            "part.p_partkey",
                                            "partsupp.ps_supplycost",
                                            "partsupp.ps_suppkey",
                                            "partsupp.ps_partkey"
                                          ],
                                          "Inner Unique": false,
                                          "Plans": [
                                            {
                                              "Node Type": "Seq Scan",
                                              "Parent Relationship": "Outer",
                                              "Parallel Aware": true,
                                              "Async Capable": false,
                                              "Relation Name": "part",
                                              "Schema": "public",
                                              "Alias": "part",
                                              "Startup Cost": 0.0,
                                              "Total Cost": 5169.67,
                                              "Plan Rows": 4342,
                                              "Plan Width": 4,
                                              "Output": [
                                                "part.p_partkey",
                                                "part.p_name",
                                                "part.p_mfgr",
                                                "part.p_brand",
                                                "part.p_type",
                                                "part.p_size",
                                                "part.p_container",
                                                "part.p_retailprice",
                                                "part.p_comment"
                                              ],
                                              "Filter": "((part.p_name)::text ~~ '%floral%'::text)"
                                            },
                                            {
                                              "Node Type": "Index Scan",
                                              "Parent Relationship": "Inner",
                                              "Parallel Aware": false,
                                              "Async Capable": false,
                                              "Scan Direction": "Forward",
                                              "Index Name": "partsupp_pkey",
                                              "Relation Name": "partsupp",
                                              "Schema": "public",
                                              "Alias": "partsupp",
                                              "Startup Cost": 0.42,
                                              "Total Cost": 2.01,
                                              "Plan Rows": 4,
                                              "Plan Width": 14,
                                              "Output": [
                                                "partsupp.ps_partkey",
                                                "partsupp.ps_suppkey",
                                                "partsupp.ps_availqty",
                                                "partsupp.ps_supplycost",
                                                "partsupp.ps_comment"
                                              ],
                                              "Index Cond": "(partsupp.ps_partkey = part.p_partkey)"
                                            }
                                          ]
                                        },
                                        {
                                          "Node Type": "Hash",
                                          "Parent Relationship": "Inner",
                                          "Parallel Aware": false,
                                          "Async Capable": false,
                                          "Startup Cost": 323.0,
                                          "Total Cost": 323.0,
                                          "Plan Rows": 10000,
                                          "Plan Width": 8,
                                          "Output": [
                                            "supplier.s_suppkey",
                                            "supplier.s_nationkey"
                                          ],
                                          "Plans": [
                                            {
                                              "Node Type": "Seq Scan",
                                              "Parent Relationship": "Outer",
                                              "Parallel Aware": false,
                                              "Async Capable": false,
                                              "Relation Name": "supplier",
                                              "Schema": "public",
                                              "Alias": "supplier",
                                              "Startup Cost": 0.0,
                                              "Total Cost": 323.0,
                                              "Plan Rows": 10000,
                                              "Plan Width": 8,
                                              "Output": [
                                                "supplier.s_suppkey",
                                                "supplier.s_nationkey"
                                              ]
                                            }
                                          ]
                                        }
                                      ]
                                    },
                                    {
                                      "Node Type": "Hash",
                                      "Parent Relationship": "Inner",
                                      "Parallel Aware": false,
                                      "Async Capable": false,
                                      "Startup Cost": 1.25,
                                      "Total Cost": 1.25,
                                      "Plan Rows": 25,
                                      "Plan Width": 108,
                                      "Output": [
                                        "nation.n_name",
                                        "nation.n_nationkey"
                                      ],
                                      "Plans": [
                                        {
                                          "Node Type": "Seq Scan",
                                          "Parent Relationship": "Outer",
                                          "Parallel Aware": false,
                                          "Async Capable": false,
                                          "Relation Name": "nation",
                                          "Schema": "public",
                                          "Alias": "nation",
                                          "Startup Cost": 0.0,
                                          "Total Cost": 1.25,
                                          "Plan Rows": 25,
                                          "Plan Width": 108,
                                          "Output": [
                                            "nation.n_name",
                                            "nation.n_nationkey"
                                          ]
                                        }
                                      ]
                                    }
                                  ]
                                }
                              ]
                            }
                          ]
                        },
                        {
                          "Node Type": "Index Scan",
                          "Parent Relationship": "Inner",
                          "Parallel Aware": false,
                          "Async Capable": false,
                          "Scan Direction": "Forward",
                          "Index Name": "orders_pkey",
                          "Relation Name": "orders",
                          "Schema": "public",
                          "Alias": "orders",
                          "Startup Cost": 0.43,
                          "Total Cost": 0.45,
                          "Plan Rows": 1,
                          "Plan Width": 8,
                          "Output": [
                            "orders.o_orderkey",
                            "orders.o_custkey",
                            "orders.o_orderstatus",
                            "orders.o_totalprice",
                            "orders.o_orderdate",
                            "orders.o_orderpriority",
                            "orders.o_clerk",
                            "orders.o_shippriority",
                            "orders.o_comment"
                          ],
                          "Index Cond": "(orders.o_orderkey = lineitem.l_orderkey)"
                        }
                      ]
                    }
                  ]
                }
              ]
            }
          ]
        }
      ]
    },
    "JIT": {
      "Functions": 43,
      "Options": {
        "Inlining": false,
        "Optimization": false,
        "Expressions": true,
        "Deforming": true
      }
    }
  }
]
```

---

## 79. Q9_35_seed_278937054.sql

**File Path:** `/Users/brunowinter2000/Documents/Thesis/2025_2026/Plan-Level/Generated_Queries/Q9/Q9_35_seed_278937054.sql`

### EXPLAIN JSON

```json
[
  {
    "Plan": {
      "Node Type": "Sort",
      "Parallel Aware": false,
      "Async Capable": false,
      "Startup Cost": 214629.27,
      "Total Cost": 214779.65,
      "Plan Rows": 60150,
      "Plan Width": 168,
      "Output": [
        "nation.n_name",
        "(EXTRACT(year FROM orders.o_orderdate))",
        "(sum(((lineitem.l_extendedprice * ('1'::numeric - lineitem.l_discount)) - (partsupp.ps_supplycost * lineitem.l_quantity))))"
      ],
      "Sort Key": [
        "nation.n_name",
        "(EXTRACT(year FROM orders.o_orderdate)) DESC"
      ],
      "Plans": [
        {
          "Node Type": "Aggregate",
          "Strategy": "Hashed",
          "Partial Mode": "Finalize",
          "Parent Relationship": "Outer",
          "Parallel Aware": false,
          "Async Capable": false,
          "Startup Cost": 208952.23,
          "Total Cost": 209854.48,
          "Plan Rows": 60150,
          "Plan Width": 168,
          "Output": [
            "nation.n_name",
            "(EXTRACT(year FROM orders.o_orderdate))",
            "sum(((lineitem.l_extendedprice * ('1'::numeric - lineitem.l_discount)) - (partsupp.ps_supplycost * lineitem.l_quantity)))"
          ],
          "Group Key": [
            "nation.n_name",
            "(EXTRACT(year FROM orders.o_orderdate))"
          ],
          "Planned Partitions": 0,
          "Plans": [
            {
              "Node Type": "Gather",
              "Parent Relationship": "Outer",
              "Parallel Aware": false,
              "Async Capable": false,
              "Startup Cost": 176337.04,
              "Total Cost": 206065.93,
              "Plan Rows": 288630,
              "Plan Width": 168,
              "Output": [
                "nation.n_name",
                "(EXTRACT(year FROM orders.o_orderdate))",
                "(PARTIAL sum(((lineitem.l_extendedprice * ('1'::numeric - lineitem.l_discount)) - (partsupp.ps_supplycost * lineitem.l_quantity))))"
              ],
              "Workers Planned": 5,
              "Single Copy": false,
              "Plans": [
                {
                  "Node Type": "Aggregate",
                  "Strategy": "Hashed",
                  "Partial Mode": "Partial",
                  "Parent Relationship": "Outer",
                  "Parallel Aware": false,
                  "Async Capable": false,
                  "Startup Cost": 175337.04,
                  "Total Cost": 176202.93,
                  "Plan Rows": 57726,
                  "Plan Width": 168,
                  "Output": [
                    "nation.n_name",
                    "(EXTRACT(year FROM orders.o_orderdate))",
                    "PARTIAL sum(((lineitem.l_extendedprice * ('1'::numeric - lineitem.l_discount)) - (partsupp.ps_supplycost * lineitem.l_quantity)))"
                  ],
                  "Group Key": [
                    "nation.n_name",
                    "EXTRACT(year FROM orders.o_orderdate)"
                  ],
                  "Planned Partitions": 0,
                  "Plans": [
                    {
                      "Node Type": "Nested Loop",
                      "Parent Relationship": "Outer",
                      "Parallel Aware": false,
                      "Async Capable": false,
                      "Join Type": "Inner",
                      "Startup Cost": 14570.43,
                      "Total Cost": 174326.84,
                      "Plan Rows": 57726,
                      "Plan Width": 159,
                      "Output": [
                        "nation.n_name",
                        "EXTRACT(year FROM orders.o_orderdate)",
                        "lineitem.l_extendedprice",
                        "lineitem.l_discount",
                        "partsupp.ps_supplycost",
                        "lineitem.l_quantity"
                      ],
                      "Inner Unique": true,
                      "Plans": [
                        {
                          "Node Type": "Hash Join",
                          "Parent Relationship": "Outer",
                          "Parallel Aware": true,
                          "Async Capable": false,
                          "Join Type": "Inner",
                          "Startup Cost": 14570.01,
                          "Total Cost": 148174.36,
                          "Plan Rows": 57726,
                          "Plan Width": 131,
                          "Output": [
                            "lineitem.l_extendedprice",
                            "lineitem.l_discount",
                            "lineitem.l_quantity",
                            "lineitem.l_orderkey",
                            "partsupp.ps_supplycost",
                            "nation.n_name"
                          ],
                          "Inner Unique": false,
                          "Hash Cond": "((lineitem.l_suppkey = supplier.s_suppkey) AND (lineitem.l_partkey = partsupp.ps_partkey))",
                          "Plans": [
                            {
                              "Node Type": "Seq Scan",
                              "Parent Relationship": "Outer",
                              "Parallel Aware": true,
                              "Async Capable": false,
                              "Relation Name": "lineitem",
                              "Schema": "public",
                              "Alias": "lineitem",
                              "Startup Cost": 0.0,
                              "Total Cost": 124602.43,
                              "Plan Rows": 1200243,
                              "Plan Width": 29,
                              "Output": [
                                "lineitem.l_orderkey",
                                "lineitem.l_partkey",
                                "lineitem.l_suppkey",
                                "lineitem.l_linenumber",
                                "lineitem.l_quantity",
                                "lineitem.l_extendedprice",
                                "lineitem.l_discount",
                                "lineitem.l_tax",
                                "lineitem.l_returnflag",
                                "lineitem.l_linestatus",
                                "lineitem.l_shipdate",
                                "lineitem.l_commitdate",
                                "lineitem.l_receiptdate",
                                "lineitem.l_shipinstruct",
                                "lineitem.l_shipmode",
                                "lineitem.l_comment"
                              ]
                            },
                            {
                              "Node Type": "Hash",
                              "Parent Relationship": "Inner",
                              "Parallel Aware": true,
                              "Async Capable": false,
                              "Startup Cost": 14329.53,
                              "Total Cost": 14329.53,
                              "Plan Rows": 16032,
                              "Plan Width": 126,
                              "Output": [
                                "part.p_partkey",
                                "partsupp.ps_supplycost",
                                "partsupp.ps_suppkey",
                                "partsupp.ps_partkey",
                                "supplier.s_suppkey",
                                "nation.n_name"
                              ],
                              "Plans": [
                                {
                                  "Node Type": "Hash Join",
                                  "Parent Relationship": "Outer",
                                  "Parallel Aware": false,
                                  "Async Capable": false,
                                  "Join Type": "Inner",
                                  "Startup Cost": 449.99,
                                  "Total Cost": 14329.53,
                                  "Plan Rows": 16032,
                                  "Plan Width": 126,
                                  "Output": [
                                    "part.p_partkey",
                                    "partsupp.ps_supplycost",
                                    "partsupp.ps_suppkey",
                                    "partsupp.ps_partkey",
                                    "supplier.s_suppkey",
                                    "nation.n_name"
                                  ],
                                  "Inner Unique": true,
                                  "Hash Cond": "(supplier.s_nationkey = nation.n_nationkey)",
                                  "Plans": [
                                    {
                                      "Node Type": "Hash Join",
                                      "Parent Relationship": "Outer",
                                      "Parallel Aware": false,
                                      "Async Capable": false,
                                      "Join Type": "Inner",
                                      "Startup Cost": 448.43,
                                      "Total Cost": 14278.75,
                                      "Plan Rows": 16032,
                                      "Plan Width": 26,
                                      "Output": [
                                        "part.p_partkey",
                                        "partsupp.ps_supplycost",
                                        "partsupp.ps_suppkey",
                                        "partsupp.ps_partkey",
                                        "supplier.s_suppkey",
                                        "supplier.s_nationkey"
                                      ],
                                      "Inner Unique": true,
                                      "Hash Cond": "(partsupp.ps_suppkey = supplier.s_suppkey)",
                                      "Plans": [
                                        {
                                          "Node Type": "Nested Loop",
                                          "Parent Relationship": "Outer",
                                          "Parallel Aware": false,
                                          "Async Capable": false,
                                          "Join Type": "Inner",
                                          "Startup Cost": 0.42,
                                          "Total Cost": 13788.64,
                                          "Plan Rows": 16032,
                                          "Plan Width": 18,
                                          "Output": [
                                            "part.p_partkey",
                                            "partsupp.ps_supplycost",
                                            "partsupp.ps_suppkey",
                                            "partsupp.ps_partkey"
                                          ],
                                          "Inner Unique": false,
                                          "Plans": [
                                            {
                                              "Node Type": "Seq Scan",
                                              "Parent Relationship": "Outer",
                                              "Parallel Aware": true,
                                              "Async Capable": false,
                                              "Relation Name": "part",
                                              "Schema": "public",
                                              "Alias": "part",
                                              "Startup Cost": 0.0,
                                              "Total Cost": 5169.67,
                                              "Plan Rows": 4008,
                                              "Plan Width": 4,
                                              "Output": [
                                                "part.p_partkey",
                                                "part.p_name",
                                                "part.p_mfgr",
                                                "part.p_brand",
                                                "part.p_type",
                                                "part.p_size",
                                                "part.p_container",
                                                "part.p_retailprice",
                                                "part.p_comment"
                                              ],
                                              "Filter": "((part.p_name)::text ~~ '%royal%'::text)"
                                            },
                                            {
                                              "Node Type": "Index Scan",
                                              "Parent Relationship": "Inner",
                                              "Parallel Aware": false,
                                              "Async Capable": false,
                                              "Scan Direction": "Forward",
                                              "Index Name": "partsupp_pkey",
                                              "Relation Name": "partsupp",
                                              "Schema": "public",
                                              "Alias": "partsupp",
                                              "Startup Cost": 0.42,
                                              "Total Cost": 2.11,
                                              "Plan Rows": 4,
                                              "Plan Width": 14,
                                              "Output": [
                                                "partsupp.ps_partkey",
                                                "partsupp.ps_suppkey",
                                                "partsupp.ps_availqty",
                                                "partsupp.ps_supplycost",
                                                "partsupp.ps_comment"
                                              ],
                                              "Index Cond": "(partsupp.ps_partkey = part.p_partkey)"
                                            }
                                          ]
                                        },
                                        {
                                          "Node Type": "Hash",
                                          "Parent Relationship": "Inner",
                                          "Parallel Aware": false,
                                          "Async Capable": false,
                                          "Startup Cost": 323.0,
                                          "Total Cost": 323.0,
                                          "Plan Rows": 10000,
                                          "Plan Width": 8,
                                          "Output": [
                                            "supplier.s_suppkey",
                                            "supplier.s_nationkey"
                                          ],
                                          "Plans": [
                                            {
                                              "Node Type": "Seq Scan",
                                              "Parent Relationship": "Outer",
                                              "Parallel Aware": false,
                                              "Async Capable": false,
                                              "Relation Name": "supplier",
                                              "Schema": "public",
                                              "Alias": "supplier",
                                              "Startup Cost": 0.0,
                                              "Total Cost": 323.0,
                                              "Plan Rows": 10000,
                                              "Plan Width": 8,
                                              "Output": [
                                                "supplier.s_suppkey",
                                                "supplier.s_nationkey"
                                              ]
                                            }
                                          ]
                                        }
                                      ]
                                    },
                                    {
                                      "Node Type": "Hash",
                                      "Parent Relationship": "Inner",
                                      "Parallel Aware": false,
                                      "Async Capable": false,
                                      "Startup Cost": 1.25,
                                      "Total Cost": 1.25,
                                      "Plan Rows": 25,
                                      "Plan Width": 108,
                                      "Output": [
                                        "nation.n_name",
                                        "nation.n_nationkey"
                                      ],
                                      "Plans": [
                                        {
                                          "Node Type": "Seq Scan",
                                          "Parent Relationship": "Outer",
                                          "Parallel Aware": false,
                                          "Async Capable": false,
                                          "Relation Name": "nation",
                                          "Schema": "public",
                                          "Alias": "nation",
                                          "Startup Cost": 0.0,
                                          "Total Cost": 1.25,
                                          "Plan Rows": 25,
                                          "Plan Width": 108,
                                          "Output": [
                                            "nation.n_name",
                                            "nation.n_nationkey"
                                          ]
                                        }
                                      ]
                                    }
                                  ]
                                }
                              ]
                            }
                          ]
                        },
                        {
                          "Node Type": "Index Scan",
                          "Parent Relationship": "Inner",
                          "Parallel Aware": false,
                          "Async Capable": false,
                          "Scan Direction": "Forward",
                          "Index Name": "orders_pkey",
                          "Relation Name": "orders",
                          "Schema": "public",
                          "Alias": "orders",
                          "Startup Cost": 0.43,
                          "Total Cost": 0.45,
                          "Plan Rows": 1,
                          "Plan Width": 8,
                          "Output": [
                            "orders.o_orderkey",
                            "orders.o_custkey",
                            "orders.o_orderstatus",
                            "orders.o_totalprice",
                            "orders.o_orderdate",
                            "orders.o_orderpriority",
                            "orders.o_clerk",
                            "orders.o_shippriority",
                            "orders.o_comment"
                          ],
                          "Index Cond": "(orders.o_orderkey = lineitem.l_orderkey)"
                        }
                      ]
                    }
                  ]
                }
              ]
            }
          ]
        }
      ]
    },
    "JIT": {
      "Functions": 43,
      "Options": {
        "Inlining": false,
        "Optimization": false,
        "Expressions": true,
        "Deforming": true
      }
    }
  }
]
```

---

## 80. Q9_36_seed_287141085.sql

**File Path:** `/Users/brunowinter2000/Documents/Thesis/2025_2026/Plan-Level/Generated_Queries/Q9/Q9_36_seed_287141085.sql`

### EXPLAIN JSON

```json
[
  {
    "Plan": {
      "Node Type": "Sort",
      "Parallel Aware": false,
      "Async Capable": false,
      "Startup Cost": 219890.98,
      "Total Cost": 220041.36,
      "Plan Rows": 60150,
      "Plan Width": 168,
      "Output": [
        "nation.n_name",
        "(EXTRACT(year FROM orders.o_orderdate))",
        "(sum(((lineitem.l_extendedprice * ('1'::numeric - lineitem.l_discount)) - (partsupp.ps_supplycost * lineitem.l_quantity))))"
      ],
      "Sort Key": [
        "nation.n_name",
        "(EXTRACT(year FROM orders.o_orderdate)) DESC"
      ],
      "Plans": [
        {
          "Node Type": "Aggregate",
          "Strategy": "Hashed",
          "Partial Mode": "Finalize",
          "Parent Relationship": "Outer",
          "Parallel Aware": false,
          "Async Capable": false,
          "Startup Cost": 214213.94,
          "Total Cost": 215116.19,
          "Plan Rows": 60150,
          "Plan Width": 168,
          "Output": [
            "nation.n_name",
            "(EXTRACT(year FROM orders.o_orderdate))",
            "sum(((lineitem.l_extendedprice * ('1'::numeric - lineitem.l_discount)) - (partsupp.ps_supplycost * lineitem.l_quantity)))"
          ],
          "Group Key": [
            "nation.n_name",
            "(EXTRACT(year FROM orders.o_orderdate))"
          ],
          "Planned Partitions": 0,
          "Plans": [
            {
              "Node Type": "Gather",
              "Parent Relationship": "Outer",
              "Parallel Aware": false,
              "Async Capable": false,
              "Startup Cost": 180229.19,
              "Total Cost": 211206.44,
              "Plan Rows": 300750,
              "Plan Width": 168,
              "Output": [
                "nation.n_name",
                "(EXTRACT(year FROM orders.o_orderdate))",
                "(PARTIAL sum(((lineitem.l_extendedprice * ('1'::numeric - lineitem.l_discount)) - (partsupp.ps_supplycost * lineitem.l_quantity))))"
              ],
              "Workers Planned": 5,
              "Single Copy": false,
              "Plans": [
                {
                  "Node Type": "Aggregate",
                  "Strategy": "Hashed",
                  "Partial Mode": "Partial",
                  "Parent Relationship": "Outer",
                  "Parallel Aware": false,
                  "Async Capable": false,
                  "Startup Cost": 179229.19,
                  "Total Cost": 180131.44,
                  "Plan Rows": 60150,
                  "Plan Width": 168,
                  "Output": [
                    "nation.n_name",
                    "(EXTRACT(year FROM orders.o_orderdate))",
                    "PARTIAL sum(((lineitem.l_extendedprice * ('1'::numeric - lineitem.l_discount)) - (partsupp.ps_supplycost * lineitem.l_quantity)))"
                  ],
                  "Group Key": [
                    "nation.n_name",
                    "EXTRACT(year FROM orders.o_orderdate)"
                  ],
                  "Planned Partitions": 0,
                  "Plans": [
                    {
                      "Node Type": "Nested Loop",
                      "Parent Relationship": "Outer",
                      "Parallel Aware": false,
                      "Async Capable": false,
                      "Join Type": "Inner",
                      "Startup Cost": 15065.71,
                      "Total Cost": 178092.65,
                      "Plan Rows": 64945,
                      "Plan Width": 159,
                      "Output": [
                        "nation.n_name",
                        "EXTRACT(year FROM orders.o_orderdate)",
                        "lineitem.l_extendedprice",
                        "lineitem.l_discount",
                        "partsupp.ps_supplycost",
                        "lineitem.l_quantity"
                      ],
                      "Inner Unique": true,
                      "Plans": [
                        {
                          "Node Type": "Hash Join",
                          "Parent Relationship": "Outer",
                          "Parallel Aware": true,
                          "Async Capable": false,
                          "Join Type": "Inner",
                          "Startup Cost": 15065.28,
                          "Total Cost": 148669.64,
                          "Plan Rows": 64945,
                          "Plan Width": 131,
                          "Output": [
                            "lineitem.l_extendedprice",
                            "lineitem.l_discount",
                            "lineitem.l_quantity",
                            "lineitem.l_orderkey",
                            "partsupp.ps_supplycost",
                            "nation.n_name"
                          ],
                          "Inner Unique": false,
                          "Hash Cond": "((lineitem.l_suppkey = supplier.s_suppkey) AND (lineitem.l_partkey = partsupp.ps_partkey))",
                          "Plans": [
                            {
                              "Node Type": "Seq Scan",
                              "Parent Relationship": "Outer",
                              "Parallel Aware": true,
                              "Async Capable": false,
                              "Relation Name": "lineitem",
                              "Schema": "public",
                              "Alias": "lineitem",
                              "Startup Cost": 0.0,
                              "Total Cost": 124602.43,
                              "Plan Rows": 1200243,
                              "Plan Width": 29,
                              "Output": [
                                "lineitem.l_orderkey",
                                "lineitem.l_partkey",
                                "lineitem.l_suppkey",
                                "lineitem.l_linenumber",
                                "lineitem.l_quantity",
                                "lineitem.l_extendedprice",
                                "lineitem.l_discount",
                                "lineitem.l_tax",
                                "lineitem.l_returnflag",
                                "lineitem.l_linestatus",
                                "lineitem.l_shipdate",
                                "lineitem.l_commitdate",
                                "lineitem.l_receiptdate",
                                "lineitem.l_shipinstruct",
                                "lineitem.l_shipmode",
                                "lineitem.l_comment"
                              ]
                            },
                            {
                              "Node Type": "Hash",
                              "Parent Relationship": "Inner",
                              "Parallel Aware": true,
                              "Async Capable": false,
                              "Startup Cost": 14794.72,
                              "Total Cost": 14794.72,
                              "Plan Rows": 18037,
                              "Plan Width": 126,
                              "Output": [
                                "part.p_partkey",
                                "partsupp.ps_supplycost",
                                "partsupp.ps_suppkey",
                                "partsupp.ps_partkey",
                                "supplier.s_suppkey",
                                "nation.n_name"
                              ],
                              "Plans": [
                                {
                                  "Node Type": "Hash Join",
                                  "Parent Relationship": "Outer",
                                  "Parallel Aware": false,
                                  "Async Capable": false,
                                  "Join Type": "Inner",
                                  "Startup Cost": 449.99,
                                  "Total Cost": 14794.72,
                                  "Plan Rows": 18037,
                                  "Plan Width": 126,
                                  "Output": [
                                    "part.p_partkey",
                                    "partsupp.ps_supplycost",
                                    "partsupp.ps_suppkey",
                                    "partsupp.ps_partkey",
                                    "supplier.s_suppkey",
                                    "nation.n_name"
                                  ],
                                  "Inner Unique": true,
                                  "Hash Cond": "(supplier.s_nationkey = nation.n_nationkey)",
                                  "Plans": [
                                    {
                                      "Node Type": "Hash Join",
                                      "Parent Relationship": "Outer",
                                      "Parallel Aware": false,
                                      "Async Capable": false,
                                      "Join Type": "Inner",
                                      "Startup Cost": 448.43,
                                      "Total Cost": 14737.79,
                                      "Plan Rows": 18037,
                                      "Plan Width": 26,
                                      "Output": [
                                        "part.p_partkey",
                                        "partsupp.ps_supplycost",
                                        "partsupp.ps_suppkey",
                                        "partsupp.ps_partkey",
                                        "supplier.s_suppkey",
                                        "supplier.s_nationkey"
                                      ],
                                      "Inner Unique": true,
                                      "Hash Cond": "(partsupp.ps_suppkey = supplier.s_suppkey)",
                                      "Plans": [
                                        {
                                          "Node Type": "Nested Loop",
                                          "Parent Relationship": "Outer",
                                          "Parallel Aware": false,
                                          "Async Capable": false,
                                          "Join Type": "Inner",
                                          "Startup Cost": 0.42,
                                          "Total Cost": 14242.42,
                                          "Plan Rows": 18037,
                                          "Plan Width": 18,
                                          "Output": [
                                            "part.p_partkey",
                                            "partsupp.ps_supplycost",
                                            "partsupp.ps_suppkey",
                                            "partsupp.ps_partkey"
                                          ],
                                          "Inner Unique": false,
                                          "Plans": [
                                            {
                                              "Node Type": "Seq Scan",
                                              "Parent Relationship": "Outer",
                                              "Parallel Aware": true,
                                              "Async Capable": false,
                                              "Relation Name": "part",
                                              "Schema": "public",
                                              "Alias": "part",
                                              "Startup Cost": 0.0,
                                              "Total Cost": 5169.67,
                                              "Plan Rows": 4509,
                                              "Plan Width": 4,
                                              "Output": [
                                                "part.p_partkey",
                                                "part.p_name",
                                                "part.p_mfgr",
                                                "part.p_brand",
                                                "part.p_type",
                                                "part.p_size",
                                                "part.p_container",
                                                "part.p_retailprice",
                                                "part.p_comment"
                                              ],
                                              "Filter": "((part.p_name)::text ~~ '%drab%'::text)"
                                            },
                                            {
                                              "Node Type": "Index Scan",
                                              "Parent Relationship": "Inner",
                                              "Parallel Aware": false,
                                              "Async Capable": false,
                                              "Scan Direction": "Forward",
                                              "Index Name": "partsupp_pkey",
                                              "Relation Name": "partsupp",
                                              "Schema": "public",
                                              "Alias": "partsupp",
                                              "Startup Cost": 0.42,
                                              "Total Cost": 1.97,
                                              "Plan Rows": 4,
                                              "Plan Width": 14,
                                              "Output": [
                                                "partsupp.ps_partkey",
                                                "partsupp.ps_suppkey",
                                                "partsupp.ps_availqty",
                                                "partsupp.ps_supplycost",
                                                "partsupp.ps_comment"
                                              ],
                                              "Index Cond": "(partsupp.ps_partkey = part.p_partkey)"
                                            }
                                          ]
                                        },
                                        {
                                          "Node Type": "Hash",
                                          "Parent Relationship": "Inner",
                                          "Parallel Aware": false,
                                          "Async Capable": false,
                                          "Startup Cost": 323.0,
                                          "Total Cost": 323.0,
                                          "Plan Rows": 10000,
                                          "Plan Width": 8,
                                          "Output": [
                                            "supplier.s_suppkey",
                                            "supplier.s_nationkey"
                                          ],
                                          "Plans": [
                                            {
                                              "Node Type": "Seq Scan",
                                              "Parent Relationship": "Outer",
                                              "Parallel Aware": false,
                                              "Async Capable": false,
                                              "Relation Name": "supplier",
                                              "Schema": "public",
                                              "Alias": "supplier",
                                              "Startup Cost": 0.0,
                                              "Total Cost": 323.0,
                                              "Plan Rows": 10000,
                                              "Plan Width": 8,
                                              "Output": [
                                                "supplier.s_suppkey",
                                                "supplier.s_nationkey"
                                              ]
                                            }
                                          ]
                                        }
                                      ]
                                    },
                                    {
                                      "Node Type": "Hash",
                                      "Parent Relationship": "Inner",
                                      "Parallel Aware": false,
                                      "Async Capable": false,
                                      "Startup Cost": 1.25,
                                      "Total Cost": 1.25,
                                      "Plan Rows": 25,
                                      "Plan Width": 108,
                                      "Output": [
                                        "nation.n_name",
                                        "nation.n_nationkey"
                                      ],
                                      "Plans": [
                                        {
                                          "Node Type": "Seq Scan",
                                          "Parent Relationship": "Outer",
                                          "Parallel Aware": false,
                                          "Async Capable": false,
                                          "Relation Name": "nation",
                                          "Schema": "public",
                                          "Alias": "nation",
                                          "Startup Cost": 0.0,
                                          "Total Cost": 1.25,
                                          "Plan Rows": 25,
                                          "Plan Width": 108,
                                          "Output": [
                                            "nation.n_name",
                                            "nation.n_nationkey"
                                          ]
                                        }
                                      ]
                                    }
                                  ]
                                }
                              ]
                            }
                          ]
                        },
                        {
                          "Node Type": "Index Scan",
                          "Parent Relationship": "Inner",
                          "Parallel Aware": false,
                          "Async Capable": false,
                          "Scan Direction": "Forward",
                          "Index Name": "orders_pkey",
                          "Relation Name": "orders",
                          "Schema": "public",
                          "Alias": "orders",
                          "Startup Cost": 0.43,
                          "Total Cost": 0.45,
                          "Plan Rows": 1,
                          "Plan Width": 8,
                          "Output": [
                            "orders.o_orderkey",
                            "orders.o_custkey",
                            "orders.o_orderstatus",
                            "orders.o_totalprice",
                            "orders.o_orderdate",
                            "orders.o_orderpriority",
                            "orders.o_clerk",
                            "orders.o_shippriority",
                            "orders.o_comment"
                          ],
                          "Index Cond": "(orders.o_orderkey = lineitem.l_orderkey)"
                        }
                      ]
                    }
                  ]
                }
              ]
            }
          ]
        }
      ]
    },
    "JIT": {
      "Functions": 43,
      "Options": {
        "Inlining": false,
        "Optimization": false,
        "Expressions": true,
        "Deforming": true
      }
    }
  }
]
```

---

## 81. Q9_37_seed_295345116.sql

**File Path:** `/Users/brunowinter2000/Documents/Thesis/2025_2026/Plan-Level/Generated_Queries/Q9/Q9_37_seed_295345116.sql`

### EXPLAIN JSON

```json
[
  {
    "Plan": {
      "Node Type": "Sort",
      "Parallel Aware": false,
      "Async Capable": false,
      "Startup Cost": 221184.19,
      "Total Cost": 221334.56,
      "Plan Rows": 60150,
      "Plan Width": 168,
      "Output": [
        "nation.n_name",
        "(EXTRACT(year FROM orders.o_orderdate))",
        "(sum(((lineitem.l_extendedprice * ('1'::numeric - lineitem.l_discount)) - (partsupp.ps_supplycost * lineitem.l_quantity))))"
      ],
      "Sort Key": [
        "nation.n_name",
        "(EXTRACT(year FROM orders.o_orderdate)) DESC"
      ],
      "Plans": [
        {
          "Node Type": "Aggregate",
          "Strategy": "Hashed",
          "Partial Mode": "Finalize",
          "Parent Relationship": "Outer",
          "Parallel Aware": false,
          "Async Capable": false,
          "Startup Cost": 215507.15,
          "Total Cost": 216409.4,
          "Plan Rows": 60150,
          "Plan Width": 168,
          "Output": [
            "nation.n_name",
            "(EXTRACT(year FROM orders.o_orderdate))",
            "sum(((lineitem.l_extendedprice * ('1'::numeric - lineitem.l_discount)) - (partsupp.ps_supplycost * lineitem.l_quantity)))"
          ],
          "Group Key": [
            "nation.n_name",
            "(EXTRACT(year FROM orders.o_orderdate))"
          ],
          "Planned Partitions": 0,
          "Plans": [
            {
              "Node Type": "Gather",
              "Parent Relationship": "Outer",
              "Parallel Aware": false,
              "Async Capable": false,
              "Startup Cost": 181522.4,
              "Total Cost": 212499.65,
              "Plan Rows": 300750,
              "Plan Width": 168,
              "Output": [
                "nation.n_name",
                "(EXTRACT(year FROM orders.o_orderdate))",
                "(PARTIAL sum(((lineitem.l_extendedprice * ('1'::numeric - lineitem.l_discount)) - (partsupp.ps_supplycost * lineitem.l_quantity))))"
              ],
              "Workers Planned": 5,
              "Single Copy": false,
              "Plans": [
                {
                  "Node Type": "Aggregate",
                  "Strategy": "Hashed",
                  "Partial Mode": "Partial",
                  "Parent Relationship": "Outer",
                  "Parallel Aware": false,
                  "Async Capable": false,
                  "Startup Cost": 180522.4,
                  "Total Cost": 181424.65,
                  "Plan Rows": 60150,
                  "Plan Width": 168,
                  "Output": [
                    "nation.n_name",
                    "(EXTRACT(year FROM orders.o_orderdate))",
                    "PARTIAL sum(((lineitem.l_extendedprice * ('1'::numeric - lineitem.l_discount)) - (partsupp.ps_supplycost * lineitem.l_quantity)))"
                  ],
                  "Group Key": [
                    "nation.n_name",
                    "EXTRACT(year FROM orders.o_orderdate)"
                  ],
                  "Planned Partitions": 0,
                  "Plans": [
                    {
                      "Node Type": "Nested Loop",
                      "Parent Relationship": "Outer",
                      "Parallel Aware": false,
                      "Async Capable": false,
                      "Join Type": "Inner",
                      "Startup Cost": 15229.13,
                      "Total Cost": 179343.84,
                      "Plan Rows": 67346,
                      "Plan Width": 159,
                      "Output": [
                        "nation.n_name",
                        "EXTRACT(year FROM orders.o_orderdate)",
                        "lineitem.l_extendedprice",
                        "lineitem.l_discount",
                        "partsupp.ps_supplycost",
                        "lineitem.l_quantity"
                      ],
                      "Inner Unique": true,
                      "Plans": [
                        {
                          "Node Type": "Hash Join",
                          "Parent Relationship": "Outer",
                          "Parallel Aware": true,
                          "Async Capable": false,
                          "Join Type": "Inner",
                          "Startup Cost": 15228.71,
                          "Total Cost": 148833.07,
                          "Plan Rows": 67346,
                          "Plan Width": 131,
                          "Output": [
                            "lineitem.l_extendedprice",
                            "lineitem.l_discount",
                            "lineitem.l_quantity",
                            "lineitem.l_orderkey",
                            "partsupp.ps_supplycost",
                            "nation.n_name"
                          ],
                          "Inner Unique": false,
                          "Hash Cond": "((lineitem.l_suppkey = supplier.s_suppkey) AND (lineitem.l_partkey = partsupp.ps_partkey))",
                          "Plans": [
                            {
                              "Node Type": "Seq Scan",
                              "Parent Relationship": "Outer",
                              "Parallel Aware": true,
                              "Async Capable": false,
                              "Relation Name": "lineitem",
                              "Schema": "public",
                              "Alias": "lineitem",
                              "Startup Cost": 0.0,
                              "Total Cost": 124602.43,
                              "Plan Rows": 1200243,
                              "Plan Width": 29,
                              "Output": [
                                "lineitem.l_orderkey",
                                "lineitem.l_partkey",
                                "lineitem.l_suppkey",
                                "lineitem.l_linenumber",
                                "lineitem.l_quantity",
                                "lineitem.l_extendedprice",
                                "lineitem.l_discount",
                                "lineitem.l_tax",
                                "lineitem.l_returnflag",
                                "lineitem.l_linestatus",
                                "lineitem.l_shipdate",
                                "lineitem.l_commitdate",
                                "lineitem.l_receiptdate",
                                "lineitem.l_shipinstruct",
                                "lineitem.l_shipmode",
                                "lineitem.l_comment"
                              ]
                            },
                            {
                              "Node Type": "Hash",
                              "Parent Relationship": "Inner",
                              "Parallel Aware": true,
                              "Async Capable": false,
                              "Startup Cost": 14948.16,
                              "Total Cost": 14948.16,
                              "Plan Rows": 18703,
                              "Plan Width": 126,
                              "Output": [
                                "part.p_partkey",
                                "partsupp.ps_supplycost",
                                "partsupp.ps_suppkey",
                                "partsupp.ps_partkey",
                                "supplier.s_suppkey",
                                "nation.n_name"
                              ],
                              "Plans": [
                                {
                                  "Node Type": "Hash Join",
                                  "Parent Relationship": "Outer",
                                  "Parallel Aware": false,
                                  "Async Capable": false,
                                  "Join Type": "Inner",
                                  "Startup Cost": 449.99,
                                  "Total Cost": 14948.16,
                                  "Plan Rows": 18703,
                                  "Plan Width": 126,
                                  "Output": [
                                    "part.p_partkey",
                                    "partsupp.ps_supplycost",
                                    "partsupp.ps_suppkey",
                                    "partsupp.ps_partkey",
                                    "supplier.s_suppkey",
                                    "nation.n_name"
                                  ],
                                  "Inner Unique": true,
                                  "Hash Cond": "(supplier.s_nationkey = nation.n_nationkey)",
                                  "Plans": [
                                    {
                                      "Node Type": "Hash Join",
                                      "Parent Relationship": "Outer",
                                      "Parallel Aware": false,
                                      "Async Capable": false,
                                      "Join Type": "Inner",
                                      "Startup Cost": 448.43,
                                      "Total Cost": 14889.18,
                                      "Plan Rows": 18703,
                                      "Plan Width": 26,
                                      "Output": [
                                        "part.p_partkey",
                                        "partsupp.ps_supplycost",
                                        "partsupp.ps_suppkey",
                                        "partsupp.ps_partkey",
                                        "supplier.s_suppkey",
                                        "supplier.s_nationkey"
                                      ],
                                      "Inner Unique": true,
                                      "Hash Cond": "(partsupp.ps_suppkey = supplier.s_suppkey)",
                                      "Plans": [
                                        {
                                          "Node Type": "Nested Loop",
                                          "Parent Relationship": "Outer",
                                          "Parallel Aware": false,
                                          "Async Capable": false,
                                          "Join Type": "Inner",
                                          "Startup Cost": 0.42,
                                          "Total Cost": 14392.06,
                                          "Plan Rows": 18703,
                                          "Plan Width": 18,
                                          "Output": [
                                            "part.p_partkey",
                                            "partsupp.ps_supplycost",
                                            "partsupp.ps_suppkey",
                                            "partsupp.ps_partkey"
                                          ],
                                          "Inner Unique": false,
                                          "Plans": [
                                            {
                                              "Node Type": "Seq Scan",
                                              "Parent Relationship": "Outer",
                                              "Parallel Aware": true,
                                              "Async Capable": false,
                                              "Relation Name": "part",
                                              "Schema": "public",
                                              "Alias": "part",
                                              "Startup Cost": 0.0,
                                              "Total Cost": 5169.67,
                                              "Plan Rows": 4676,
                                              "Plan Width": 4,
                                              "Output": [
                                                "part.p_partkey",
                                                "part.p_name",
                                                "part.p_mfgr",
                                                "part.p_brand",
                                                "part.p_type",
                                                "part.p_size",
                                                "part.p_container",
                                                "part.p_retailprice",
                                                "part.p_comment"
                                              ],
                                              "Filter": "((part.p_name)::text ~~ '%rosy%'::text)"
                                            },
                                            {
                                              "Node Type": "Index Scan",
                                              "Parent Relationship": "Inner",
                                              "Parallel Aware": false,
                                              "Async Capable": false,
                                              "Scan Direction": "Forward",
                                              "Index Name": "partsupp_pkey",
                                              "Relation Name": "partsupp",
                                              "Schema": "public",
                                              "Alias": "partsupp",
                                              "Startup Cost": 0.42,
                                              "Total Cost": 1.93,
                                              "Plan Rows": 4,
                                              "Plan Width": 14,
                                              "Output": [
                                                "partsupp.ps_partkey",
                                                "partsupp.ps_suppkey",
                                                "partsupp.ps_availqty",
                                                "partsupp.ps_supplycost",
                                                "partsupp.ps_comment"
                                              ],
                                              "Index Cond": "(partsupp.ps_partkey = part.p_partkey)"
                                            }
                                          ]
                                        },
                                        {
                                          "Node Type": "Hash",
                                          "Parent Relationship": "Inner",
                                          "Parallel Aware": false,
                                          "Async Capable": false,
                                          "Startup Cost": 323.0,
                                          "Total Cost": 323.0,
                                          "Plan Rows": 10000,
                                          "Plan Width": 8,
                                          "Output": [
                                            "supplier.s_suppkey",
                                            "supplier.s_nationkey"
                                          ],
                                          "Plans": [
                                            {
                                              "Node Type": "Seq Scan",
                                              "Parent Relationship": "Outer",
                                              "Parallel Aware": false,
                                              "Async Capable": false,
                                              "Relation Name": "supplier",
                                              "Schema": "public",
                                              "Alias": "supplier",
                                              "Startup Cost": 0.0,
                                              "Total Cost": 323.0,
                                              "Plan Rows": 10000,
                                              "Plan Width": 8,
                                              "Output": [
                                                "supplier.s_suppkey",
                                                "supplier.s_nationkey"
                                              ]
                                            }
                                          ]
                                        }
                                      ]
                                    },
                                    {
                                      "Node Type": "Hash",
                                      "Parent Relationship": "Inner",
                                      "Parallel Aware": false,
                                      "Async Capable": false,
                                      "Startup Cost": 1.25,
                                      "Total Cost": 1.25,
                                      "Plan Rows": 25,
                                      "Plan Width": 108,
                                      "Output": [
                                        "nation.n_name",
                                        "nation.n_nationkey"
                                      ],
                                      "Plans": [
                                        {
                                          "Node Type": "Seq Scan",
                                          "Parent Relationship": "Outer",
                                          "Parallel Aware": false,
                                          "Async Capable": false,
                                          "Relation Name": "nation",
                                          "Schema": "public",
                                          "Alias": "nation",
                                          "Startup Cost": 0.0,
                                          "Total Cost": 1.25,
                                          "Plan Rows": 25,
                                          "Plan Width": 108,
                                          "Output": [
                                            "nation.n_name",
                                            "nation.n_nationkey"
                                          ]
                                        }
                                      ]
                                    }
                                  ]
                                }
                              ]
                            }
                          ]
                        },
                        {
                          "Node Type": "Index Scan",
                          "Parent Relationship": "Inner",
                          "Parallel Aware": false,
                          "Async Capable": false,
                          "Scan Direction": "Forward",
                          "Index Name": "orders_pkey",
                          "Relation Name": "orders",
                          "Schema": "public",
                          "Alias": "orders",
                          "Startup Cost": 0.43,
                          "Total Cost": 0.45,
                          "Plan Rows": 1,
                          "Plan Width": 8,
                          "Output": [
                            "orders.o_orderkey",
                            "orders.o_custkey",
                            "orders.o_orderstatus",
                            "orders.o_totalprice",
                            "orders.o_orderdate",
                            "orders.o_orderpriority",
                            "orders.o_clerk",
                            "orders.o_shippriority",
                            "orders.o_comment"
                          ],
                          "Index Cond": "(orders.o_orderkey = lineitem.l_orderkey)"
                        }
                      ]
                    }
                  ]
                }
              ]
            }
          ]
        }
      ]
    },
    "JIT": {
      "Functions": 43,
      "Options": {
        "Inlining": false,
        "Optimization": false,
        "Expressions": true,
        "Deforming": true
      }
    }
  }
]
```

---

## 82. Q9_38_seed_303549147.sql

**File Path:** `/Users/brunowinter2000/Documents/Thesis/2025_2026/Plan-Level/Generated_Queries/Q9/Q9_38_seed_303549147.sql`

### EXPLAIN JSON

```json
[
  {
    "Plan": {
      "Node Type": "Sort",
      "Parallel Aware": false,
      "Async Capable": false,
      "Startup Cost": 219890.98,
      "Total Cost": 220041.36,
      "Plan Rows": 60150,
      "Plan Width": 168,
      "Output": [
        "nation.n_name",
        "(EXTRACT(year FROM orders.o_orderdate))",
        "(sum(((lineitem.l_extendedprice * ('1'::numeric - lineitem.l_discount)) - (partsupp.ps_supplycost * lineitem.l_quantity))))"
      ],
      "Sort Key": [
        "nation.n_name",
        "(EXTRACT(year FROM orders.o_orderdate)) DESC"
      ],
      "Plans": [
        {
          "Node Type": "Aggregate",
          "Strategy": "Hashed",
          "Partial Mode": "Finalize",
          "Parent Relationship": "Outer",
          "Parallel Aware": false,
          "Async Capable": false,
          "Startup Cost": 214213.94,
          "Total Cost": 215116.19,
          "Plan Rows": 60150,
          "Plan Width": 168,
          "Output": [
            "nation.n_name",
            "(EXTRACT(year FROM orders.o_orderdate))",
            "sum(((lineitem.l_extendedprice * ('1'::numeric - lineitem.l_discount)) - (partsupp.ps_supplycost * lineitem.l_quantity)))"
          ],
          "Group Key": [
            "nation.n_name",
            "(EXTRACT(year FROM orders.o_orderdate))"
          ],
          "Planned Partitions": 0,
          "Plans": [
            {
              "Node Type": "Gather",
              "Parent Relationship": "Outer",
              "Parallel Aware": false,
              "Async Capable": false,
              "Startup Cost": 180229.19,
              "Total Cost": 211206.44,
              "Plan Rows": 300750,
              "Plan Width": 168,
              "Output": [
                "nation.n_name",
                "(EXTRACT(year FROM orders.o_orderdate))",
                "(PARTIAL sum(((lineitem.l_extendedprice * ('1'::numeric - lineitem.l_discount)) - (partsupp.ps_supplycost * lineitem.l_quantity))))"
              ],
              "Workers Planned": 5,
              "Single Copy": false,
              "Plans": [
                {
                  "Node Type": "Aggregate",
                  "Strategy": "Hashed",
                  "Partial Mode": "Partial",
                  "Parent Relationship": "Outer",
                  "Parallel Aware": false,
                  "Async Capable": false,
                  "Startup Cost": 179229.19,
                  "Total Cost": 180131.44,
                  "Plan Rows": 60150,
                  "Plan Width": 168,
                  "Output": [
                    "nation.n_name",
                    "(EXTRACT(year FROM orders.o_orderdate))",
                    "PARTIAL sum(((lineitem.l_extendedprice * ('1'::numeric - lineitem.l_discount)) - (partsupp.ps_supplycost * lineitem.l_quantity)))"
                  ],
                  "Group Key": [
                    "nation.n_name",
                    "EXTRACT(year FROM orders.o_orderdate)"
                  ],
                  "Planned Partitions": 0,
                  "Plans": [
                    {
                      "Node Type": "Nested Loop",
                      "Parent Relationship": "Outer",
                      "Parallel Aware": false,
                      "Async Capable": false,
                      "Join Type": "Inner",
                      "Startup Cost": 15065.71,
                      "Total Cost": 178092.65,
                      "Plan Rows": 64945,
                      "Plan Width": 159,
                      "Output": [
                        "nation.n_name",
                        "EXTRACT(year FROM orders.o_orderdate)",
                        "lineitem.l_extendedprice",
                        "lineitem.l_discount",
                        "partsupp.ps_supplycost",
                        "lineitem.l_quantity"
                      ],
                      "Inner Unique": true,
                      "Plans": [
                        {
                          "Node Type": "Hash Join",
                          "Parent Relationship": "Outer",
                          "Parallel Aware": true,
                          "Async Capable": false,
                          "Join Type": "Inner",
                          "Startup Cost": 15065.28,
                          "Total Cost": 148669.64,
                          "Plan Rows": 64945,
                          "Plan Width": 131,
                          "Output": [
                            "lineitem.l_extendedprice",
                            "lineitem.l_discount",
                            "lineitem.l_quantity",
                            "lineitem.l_orderkey",
                            "partsupp.ps_supplycost",
                            "nation.n_name"
                          ],
                          "Inner Unique": false,
                          "Hash Cond": "((lineitem.l_suppkey = supplier.s_suppkey) AND (lineitem.l_partkey = partsupp.ps_partkey))",
                          "Plans": [
                            {
                              "Node Type": "Seq Scan",
                              "Parent Relationship": "Outer",
                              "Parallel Aware": true,
                              "Async Capable": false,
                              "Relation Name": "lineitem",
                              "Schema": "public",
                              "Alias": "lineitem",
                              "Startup Cost": 0.0,
                              "Total Cost": 124602.43,
                              "Plan Rows": 1200243,
                              "Plan Width": 29,
                              "Output": [
                                "lineitem.l_orderkey",
                                "lineitem.l_partkey",
                                "lineitem.l_suppkey",
                                "lineitem.l_linenumber",
                                "lineitem.l_quantity",
                                "lineitem.l_extendedprice",
                                "lineitem.l_discount",
                                "lineitem.l_tax",
                                "lineitem.l_returnflag",
                                "lineitem.l_linestatus",
                                "lineitem.l_shipdate",
                                "lineitem.l_commitdate",
                                "lineitem.l_receiptdate",
                                "lineitem.l_shipinstruct",
                                "lineitem.l_shipmode",
                                "lineitem.l_comment"
                              ]
                            },
                            {
                              "Node Type": "Hash",
                              "Parent Relationship": "Inner",
                              "Parallel Aware": true,
                              "Async Capable": false,
                              "Startup Cost": 14794.72,
                              "Total Cost": 14794.72,
                              "Plan Rows": 18037,
                              "Plan Width": 126,
                              "Output": [
                                "part.p_partkey",
                                "partsupp.ps_supplycost",
                                "partsupp.ps_suppkey",
                                "partsupp.ps_partkey",
                                "supplier.s_suppkey",
                                "nation.n_name"
                              ],
                              "Plans": [
                                {
                                  "Node Type": "Hash Join",
                                  "Parent Relationship": "Outer",
                                  "Parallel Aware": false,
                                  "Async Capable": false,
                                  "Join Type": "Inner",
                                  "Startup Cost": 449.99,
                                  "Total Cost": 14794.72,
                                  "Plan Rows": 18037,
                                  "Plan Width": 126,
                                  "Output": [
                                    "part.p_partkey",
                                    "partsupp.ps_supplycost",
                                    "partsupp.ps_suppkey",
                                    "partsupp.ps_partkey",
                                    "supplier.s_suppkey",
                                    "nation.n_name"
                                  ],
                                  "Inner Unique": true,
                                  "Hash Cond": "(supplier.s_nationkey = nation.n_nationkey)",
                                  "Plans": [
                                    {
                                      "Node Type": "Hash Join",
                                      "Parent Relationship": "Outer",
                                      "Parallel Aware": false,
                                      "Async Capable": false,
                                      "Join Type": "Inner",
                                      "Startup Cost": 448.43,
                                      "Total Cost": 14737.79,
                                      "Plan Rows": 18037,
                                      "Plan Width": 26,
                                      "Output": [
                                        "part.p_partkey",
                                        "partsupp.ps_supplycost",
                                        "partsupp.ps_suppkey",
                                        "partsupp.ps_partkey",
                                        "supplier.s_suppkey",
                                        "supplier.s_nationkey"
                                      ],
                                      "Inner Unique": true,
                                      "Hash Cond": "(partsupp.ps_suppkey = supplier.s_suppkey)",
                                      "Plans": [
                                        {
                                          "Node Type": "Nested Loop",
                                          "Parent Relationship": "Outer",
                                          "Parallel Aware": false,
                                          "Async Capable": false,
                                          "Join Type": "Inner",
                                          "Startup Cost": 0.42,
                                          "Total Cost": 14242.42,
                                          "Plan Rows": 18037,
                                          "Plan Width": 18,
                                          "Output": [
                                            "part.p_partkey",
                                            "partsupp.ps_supplycost",
                                            "partsupp.ps_suppkey",
                                            "partsupp.ps_partkey"
                                          ],
                                          "Inner Unique": false,
                                          "Plans": [
                                            {
                                              "Node Type": "Seq Scan",
                                              "Parent Relationship": "Outer",
                                              "Parallel Aware": true,
                                              "Async Capable": false,
                                              "Relation Name": "part",
                                              "Schema": "public",
                                              "Alias": "part",
                                              "Startup Cost": 0.0,
                                              "Total Cost": 5169.67,
                                              "Plan Rows": 4509,
                                              "Plan Width": 4,
                                              "Output": [
                                                "part.p_partkey",
                                                "part.p_name",
                                                "part.p_mfgr",
                                                "part.p_brand",
                                                "part.p_type",
                                                "part.p_size",
                                                "part.p_container",
                                                "part.p_retailprice",
                                                "part.p_comment"
                                              ],
                                              "Filter": "((part.p_name)::text ~~ '%dodger%'::text)"
                                            },
                                            {
                                              "Node Type": "Index Scan",
                                              "Parent Relationship": "Inner",
                                              "Parallel Aware": false,
                                              "Async Capable": false,
                                              "Scan Direction": "Forward",
                                              "Index Name": "partsupp_pkey",
                                              "Relation Name": "partsupp",
                                              "Schema": "public",
                                              "Alias": "partsupp",
                                              "Startup Cost": 0.42,
                                              "Total Cost": 1.97,
                                              "Plan Rows": 4,
                                              "Plan Width": 14,
                                              "Output": [
                                                "partsupp.ps_partkey",
                                                "partsupp.ps_suppkey",
                                                "partsupp.ps_availqty",
                                                "partsupp.ps_supplycost",
                                                "partsupp.ps_comment"
                                              ],
                                              "Index Cond": "(partsupp.ps_partkey = part.p_partkey)"
                                            }
                                          ]
                                        },
                                        {
                                          "Node Type": "Hash",
                                          "Parent Relationship": "Inner",
                                          "Parallel Aware": false,
                                          "Async Capable": false,
                                          "Startup Cost": 323.0,
                                          "Total Cost": 323.0,
                                          "Plan Rows": 10000,
                                          "Plan Width": 8,
                                          "Output": [
                                            "supplier.s_suppkey",
                                            "supplier.s_nationkey"
                                          ],
                                          "Plans": [
                                            {
                                              "Node Type": "Seq Scan",
                                              "Parent Relationship": "Outer",
                                              "Parallel Aware": false,
                                              "Async Capable": false,
                                              "Relation Name": "supplier",
                                              "Schema": "public",
                                              "Alias": "supplier",
                                              "Startup Cost": 0.0,
                                              "Total Cost": 323.0,
                                              "Plan Rows": 10000,
                                              "Plan Width": 8,
                                              "Output": [
                                                "supplier.s_suppkey",
                                                "supplier.s_nationkey"
                                              ]
                                            }
                                          ]
                                        }
                                      ]
                                    },
                                    {
                                      "Node Type": "Hash",
                                      "Parent Relationship": "Inner",
                                      "Parallel Aware": false,
                                      "Async Capable": false,
                                      "Startup Cost": 1.25,
                                      "Total Cost": 1.25,
                                      "Plan Rows": 25,
                                      "Plan Width": 108,
                                      "Output": [
                                        "nation.n_name",
                                        "nation.n_nationkey"
                                      ],
                                      "Plans": [
                                        {
                                          "Node Type": "Seq Scan",
                                          "Parent Relationship": "Outer",
                                          "Parallel Aware": false,
                                          "Async Capable": false,
                                          "Relation Name": "nation",
                                          "Schema": "public",
                                          "Alias": "nation",
                                          "Startup Cost": 0.0,
                                          "Total Cost": 1.25,
                                          "Plan Rows": 25,
                                          "Plan Width": 108,
                                          "Output": [
                                            "nation.n_name",
                                            "nation.n_nationkey"
                                          ]
                                        }
                                      ]
                                    }
                                  ]
                                }
                              ]
                            }
                          ]
                        },
                        {
                          "Node Type": "Index Scan",
                          "Parent Relationship": "Inner",
                          "Parallel Aware": false,
                          "Async Capable": false,
                          "Scan Direction": "Forward",
                          "Index Name": "orders_pkey",
                          "Relation Name": "orders",
                          "Schema": "public",
                          "Alias": "orders",
                          "Startup Cost": 0.43,
                          "Total Cost": 0.45,
                          "Plan Rows": 1,
                          "Plan Width": 8,
                          "Output": [
                            "orders.o_orderkey",
                            "orders.o_custkey",
                            "orders.o_orderstatus",
                            "orders.o_totalprice",
                            "orders.o_orderdate",
                            "orders.o_orderpriority",
                            "orders.o_clerk",
                            "orders.o_shippriority",
                            "orders.o_comment"
                          ],
                          "Index Cond": "(orders.o_orderkey = lineitem.l_orderkey)"
                        }
                      ]
                    }
                  ]
                }
              ]
            }
          ]
        }
      ]
    },
    "JIT": {
      "Functions": 43,
      "Options": {
        "Inlining": false,
        "Optimization": false,
        "Expressions": true,
        "Deforming": true
      }
    }
  }
]
```

---

## 83. Q9_39_seed_311753178.sql

**File Path:** `/Users/brunowinter2000/Documents/Thesis/2025_2026/Plan-Level/Generated_Queries/Q9/Q9_39_seed_311753178.sql`

### EXPLAIN JSON

```json
[
  {
    "Plan": {
      "Node Type": "Sort",
      "Parallel Aware": false,
      "Async Capable": false,
      "Startup Cost": 203830.47,
      "Total Cost": 203980.85,
      "Plan Rows": 60150,
      "Plan Width": 168,
      "Output": [
        "nation.n_name",
        "(EXTRACT(year FROM orders.o_orderdate))",
        "(sum(((lineitem.l_extendedprice * ('1'::numeric - lineitem.l_discount)) - (partsupp.ps_supplycost * lineitem.l_quantity))))"
      ],
      "Sort Key": [
        "nation.n_name",
        "(EXTRACT(year FROM orders.o_orderdate)) DESC"
      ],
      "Plans": [
        {
          "Node Type": "Aggregate",
          "Strategy": "Hashed",
          "Partial Mode": "Finalize",
          "Parent Relationship": "Outer",
          "Parallel Aware": false,
          "Async Capable": false,
          "Startup Cost": 198153.43,
          "Total Cost": 199055.68,
          "Plan Rows": 60150,
          "Plan Width": 168,
          "Output": [
            "nation.n_name",
            "(EXTRACT(year FROM orders.o_orderdate))",
            "sum(((lineitem.l_extendedprice * ('1'::numeric - lineitem.l_discount)) - (partsupp.ps_supplycost * lineitem.l_quantity)))"
          ],
          "Group Key": [
            "nation.n_name",
            "(EXTRACT(year FROM orders.o_orderdate))"
          ],
          "Planned Partitions": 0,
          "Plans": [
            {
              "Node Type": "Gather",
              "Parent Relationship": "Outer",
              "Parallel Aware": false,
              "Async Capable": false,
              "Startup Cost": 170973.54,
              "Total Cost": 195748.13,
              "Plan Rows": 240530,
              "Plan Width": 168,
              "Output": [
                "nation.n_name",
                "(EXTRACT(year FROM orders.o_orderdate))",
                "(PARTIAL sum(((lineitem.l_extendedprice * ('1'::numeric - lineitem.l_discount)) - (partsupp.ps_supplycost * lineitem.l_quantity))))"
              ],
              "Workers Planned": 5,
              "Single Copy": false,
              "Plans": [
                {
                  "Node Type": "Aggregate",
                  "Strategy": "Hashed",
                  "Partial Mode": "Partial",
                  "Parent Relationship": "Outer",
                  "Parallel Aware": false,
                  "Async Capable": false,
                  "Startup Cost": 169973.54,
                  "Total Cost": 170695.13,
                  "Plan Rows": 48106,
                  "Plan Width": 168,
                  "Output": [
                    "nation.n_name",
                    "(EXTRACT(year FROM orders.o_orderdate))",
                    "PARTIAL sum(((lineitem.l_extendedprice * ('1'::numeric - lineitem.l_discount)) - (partsupp.ps_supplycost * lineitem.l_quantity)))"
                  ],
                  "Group Key": [
                    "nation.n_name",
                    "EXTRACT(year FROM orders.o_orderdate)"
                  ],
                  "Planned Partitions": 0,
                  "Plans": [
                    {
                      "Node Type": "Nested Loop",
                      "Parent Relationship": "Outer",
                      "Parallel Aware": false,
                      "Async Capable": false,
                      "Join Type": "Inner",
                      "Startup Cost": 13733.6,
                      "Total Cost": 169131.69,
                      "Plan Rows": 48106,
                      "Plan Width": 159,
                      "Output": [
                        "nation.n_name",
                        "EXTRACT(year FROM orders.o_orderdate)",
                        "lineitem.l_extendedprice",
                        "lineitem.l_discount",
                        "partsupp.ps_supplycost",
                        "lineitem.l_quantity"
                      ],
                      "Inner Unique": true,
                      "Plans": [
                        {
                          "Node Type": "Hash Join",
                          "Parent Relationship": "Outer",
                          "Parallel Aware": true,
                          "Async Capable": false,
                          "Join Type": "Inner",
                          "Startup Cost": 13733.17,
                          "Total Cost": 147337.5,
                          "Plan Rows": 48106,
                          "Plan Width": 131,
                          "Output": [
                            "lineitem.l_extendedprice",
                            "lineitem.l_discount",
                            "lineitem.l_quantity",
                            "lineitem.l_orderkey",
                            "partsupp.ps_supplycost",
                            "nation.n_name"
                          ],
                          "Inner Unique": false,
                          "Hash Cond": "((lineitem.l_suppkey = supplier.s_suppkey) AND (lineitem.l_partkey = partsupp.ps_partkey))",
                          "Plans": [
                            {
                              "Node Type": "Seq Scan",
                              "Parent Relationship": "Outer",
                              "Parallel Aware": true,
                              "Async Capable": false,
                              "Relation Name": "lineitem",
                              "Schema": "public",
                              "Alias": "lineitem",
                              "Startup Cost": 0.0,
                              "Total Cost": 124602.43,
                              "Plan Rows": 1200243,
                              "Plan Width": 29,
                              "Output": [
                                "lineitem.l_orderkey",
                                "lineitem.l_partkey",
                                "lineitem.l_suppkey",
                                "lineitem.l_linenumber",
                                "lineitem.l_quantity",
                                "lineitem.l_extendedprice",
                                "lineitem.l_discount",
                                "lineitem.l_tax",
                                "lineitem.l_returnflag",
                                "lineitem.l_linestatus",
                                "lineitem.l_shipdate",
                                "lineitem.l_commitdate",
                                "lineitem.l_receiptdate",
                                "lineitem.l_shipinstruct",
                                "lineitem.l_shipmode",
                                "lineitem.l_comment"
                              ]
                            },
                            {
                              "Node Type": "Hash",
                              "Parent Relationship": "Inner",
                              "Parallel Aware": true,
                              "Async Capable": false,
                              "Startup Cost": 13532.77,
                              "Total Cost": 13532.77,
                              "Plan Rows": 13360,
                              "Plan Width": 126,
                              "Output": [
                                "part.p_partkey",
                                "partsupp.ps_supplycost",
                                "partsupp.ps_suppkey",
                                "partsupp.ps_partkey",
                                "supplier.s_suppkey",
                                "nation.n_name"
                              ],
                              "Plans": [
                                {
                                  "Node Type": "Hash Join",
                                  "Parent Relationship": "Outer",
                                  "Parallel Aware": false,
                                  "Async Capable": false,
                                  "Join Type": "Inner",
                                  "Startup Cost": 449.99,
                                  "Total Cost": 13532.77,
                                  "Plan Rows": 13360,
                                  "Plan Width": 126,
                                  "Output": [
                                    "part.p_partkey",
                                    "partsupp.ps_supplycost",
                                    "partsupp.ps_suppkey",
                                    "partsupp.ps_partkey",
                                    "supplier.s_suppkey",
                                    "nation.n_name"
                                  ],
                                  "Inner Unique": true,
                                  "Hash Cond": "(supplier.s_nationkey = nation.n_nationkey)",
                                  "Plans": [
                                    {
                                      "Node Type": "Hash Join",
                                      "Parent Relationship": "Outer",
                                      "Parallel Aware": false,
                                      "Async Capable": false,
                                      "Join Type": "Inner",
                                      "Startup Cost": 448.43,
                                      "Total Cost": 13490.2,
                                      "Plan Rows": 13360,
                                      "Plan Width": 26,
                                      "Output": [
                                        "part.p_partkey",
                                        "partsupp.ps_supplycost",
                                        "partsupp.ps_suppkey",
                                        "partsupp.ps_partkey",
                                        "supplier.s_suppkey",
                                        "supplier.s_nationkey"
                                      ],
                                      "Inner Unique": true,
                                      "Hash Cond": "(partsupp.ps_suppkey = supplier.s_suppkey)",
                                      "Plans": [
                                        {
                                          "Node Type": "Nested Loop",
                                          "Parent Relationship": "Outer",
                                          "Parallel Aware": false,
                                          "Async Capable": false,
                                          "Join Type": "Inner",
                                          "Startup Cost": 0.42,
                                          "Total Cost": 13007.12,
                                          "Plan Rows": 13360,
                                          "Plan Width": 18,
                                          "Output": [
                                            "part.p_partkey",
                                            "partsupp.ps_supplycost",
                                            "partsupp.ps_suppkey",
                                            "partsupp.ps_partkey"
                                          ],
                                          "Inner Unique": false,
                                          "Plans": [
                                            {
                                              "Node Type": "Seq Scan",
                                              "Parent Relationship": "Outer",
                                              "Parallel Aware": true,
                                              "Async Capable": false,
                                              "Relation Name": "part",
                                              "Schema": "public",
                                              "Alias": "part",
                                              "Startup Cost": 0.0,
                                              "Total Cost": 5169.67,
                                              "Plan Rows": 3340,
                                              "Plan Width": 4,
                                              "Output": [
                                                "part.p_partkey",
                                                "part.p_name",
                                                "part.p_mfgr",
                                                "part.p_brand",
                                                "part.p_type",
                                                "part.p_size",
                                                "part.p_container",
                                                "part.p_retailprice",
                                                "part.p_comment"
                                              ],
                                              "Filter": "((part.p_name)::text ~~ '%rose%'::text)"
                                            },
                                            {
                                              "Node Type": "Index Scan",
                                              "Parent Relationship": "Inner",
                                              "Parallel Aware": false,
                                              "Async Capable": false,
                                              "Scan Direction": "Forward",
                                              "Index Name": "partsupp_pkey",
                                              "Relation Name": "partsupp",
                                              "Schema": "public",
                                              "Alias": "partsupp",
                                              "Startup Cost": 0.42,
                                              "Total Cost": 2.31,
                                              "Plan Rows": 4,
                                              "Plan Width": 14,
                                              "Output": [
                                                "partsupp.ps_partkey",
                                                "partsupp.ps_suppkey",
                                                "partsupp.ps_availqty",
                                                "partsupp.ps_supplycost",
                                                "partsupp.ps_comment"
                                              ],
                                              "Index Cond": "(partsupp.ps_partkey = part.p_partkey)"
                                            }
                                          ]
                                        },
                                        {
                                          "Node Type": "Hash",
                                          "Parent Relationship": "Inner",
                                          "Parallel Aware": false,
                                          "Async Capable": false,
                                          "Startup Cost": 323.0,
                                          "Total Cost": 323.0,
                                          "Plan Rows": 10000,
                                          "Plan Width": 8,
                                          "Output": [
                                            "supplier.s_suppkey",
                                            "supplier.s_nationkey"
                                          ],
                                          "Plans": [
                                            {
                                              "Node Type": "Seq Scan",
                                              "Parent Relationship": "Outer",
                                              "Parallel Aware": false,
                                              "Async Capable": false,
                                              "Relation Name": "supplier",
                                              "Schema": "public",
                                              "Alias": "supplier",
                                              "Startup Cost": 0.0,
                                              "Total Cost": 323.0,
                                              "Plan Rows": 10000,
                                              "Plan Width": 8,
                                              "Output": [
                                                "supplier.s_suppkey",
                                                "supplier.s_nationkey"
                                              ]
                                            }
                                          ]
                                        }
                                      ]
                                    },
                                    {
                                      "Node Type": "Hash",
                                      "Parent Relationship": "Inner",
                                      "Parallel Aware": false,
                                      "Async Capable": false,
                                      "Startup Cost": 1.25,
                                      "Total Cost": 1.25,
                                      "Plan Rows": 25,
                                      "Plan Width": 108,
                                      "Output": [
                                        "nation.n_name",
                                        "nation.n_nationkey"
                                      ],
                                      "Plans": [
                                        {
                                          "Node Type": "Seq Scan",
                                          "Parent Relationship": "Outer",
                                          "Parallel Aware": false,
                                          "Async Capable": false,
                                          "Relation Name": "nation",
                                          "Schema": "public",
                                          "Alias": "nation",
                                          "Startup Cost": 0.0,
                                          "Total Cost": 1.25,
                                          "Plan Rows": 25,
                                          "Plan Width": 108,
                                          "Output": [
                                            "nation.n_name",
                                            "nation.n_nationkey"
                                          ]
                                        }
                                      ]
                                    }
                                  ]
                                }
                              ]
                            }
                          ]
                        },
                        {
                          "Node Type": "Index Scan",
                          "Parent Relationship": "Inner",
                          "Parallel Aware": false,
                          "Async Capable": false,
                          "Scan Direction": "Forward",
                          "Index Name": "orders_pkey",
                          "Relation Name": "orders",
                          "Schema": "public",
                          "Alias": "orders",
                          "Startup Cost": 0.43,
                          "Total Cost": 0.45,
                          "Plan Rows": 1,
                          "Plan Width": 8,
                          "Output": [
                            "orders.o_orderkey",
                            "orders.o_custkey",
                            "orders.o_orderstatus",
                            "orders.o_totalprice",
                            "orders.o_orderdate",
                            "orders.o_orderpriority",
                            "orders.o_clerk",
                            "orders.o_shippriority",
                            "orders.o_comment"
                          ],
                          "Index Cond": "(orders.o_orderkey = lineitem.l_orderkey)"
                        }
                      ]
                    }
                  ]
                }
              ]
            }
          ]
        }
      ]
    },
    "JIT": {
      "Functions": 43,
      "Options": {
        "Inlining": false,
        "Optimization": false,
        "Expressions": true,
        "Deforming": true
      }
    }
  }
]
```

---

## 84. Q9_3_seed_16408062.sql

**File Path:** `/Users/brunowinter2000/Documents/Thesis/2025_2026/Plan-Level/Generated_Queries/Q9/Q9_3_seed_16408062.sql`

### EXPLAIN JSON

```json
[
  {
    "Plan": {
      "Node Type": "Sort",
      "Parallel Aware": false,
      "Async Capable": false,
      "Startup Cost": 213932.55,
      "Total Cost": 214082.93,
      "Plan Rows": 60150,
      "Plan Width": 168,
      "Output": [
        "nation.n_name",
        "(EXTRACT(year FROM orders.o_orderdate))",
        "(sum(((lineitem.l_extendedprice * ('1'::numeric - lineitem.l_discount)) - (partsupp.ps_supplycost * lineitem.l_quantity))))"
      ],
      "Sort Key": [
        "nation.n_name",
        "(EXTRACT(year FROM orders.o_orderdate)) DESC"
      ],
      "Plans": [
        {
          "Node Type": "Aggregate",
          "Strategy": "Hashed",
          "Partial Mode": "Finalize",
          "Parent Relationship": "Outer",
          "Parallel Aware": false,
          "Async Capable": false,
          "Startup Cost": 208255.51,
          "Total Cost": 209157.76,
          "Plan Rows": 60150,
          "Plan Width": 168,
          "Output": [
            "nation.n_name",
            "(EXTRACT(year FROM orders.o_orderdate))",
            "sum(((lineitem.l_extendedprice * ('1'::numeric - lineitem.l_discount)) - (partsupp.ps_supplycost * lineitem.l_quantity)))"
          ],
          "Group Key": [
            "nation.n_name",
            "(EXTRACT(year FROM orders.o_orderdate))"
          ],
          "Planned Partitions": 0,
          "Plans": [
            {
              "Node Type": "Gather",
              "Parent Relationship": "Outer",
              "Parallel Aware": false,
              "Async Capable": false,
              "Startup Cost": 187503.76,
              "Total Cost": 206451.01,
              "Plan Rows": 180450,
              "Plan Width": 168,
              "Output": [
                "nation.n_name",
                "(EXTRACT(year FROM orders.o_orderdate))",
                "(PARTIAL sum(((lineitem.l_extendedprice * ('1'::numeric - lineitem.l_discount)) - (partsupp.ps_supplycost * lineitem.l_quantity))))"
              ],
              "Workers Planned": 3,
              "Single Copy": false,
              "Plans": [
                {
                  "Node Type": "Aggregate",
                  "Strategy": "Hashed",
                  "Partial Mode": "Partial",
                  "Parent Relationship": "Outer",
                  "Parallel Aware": false,
                  "Async Capable": false,
                  "Startup Cost": 186503.76,
                  "Total Cost": 187406.01,
                  "Plan Rows": 60150,
                  "Plan Width": 168,
                  "Output": [
                    "nation.n_name",
                    "(EXTRACT(year FROM orders.o_orderdate))",
                    "PARTIAL sum(((lineitem.l_extendedprice * ('1'::numeric - lineitem.l_discount)) - (partsupp.ps_supplycost * lineitem.l_quantity)))"
                  ],
                  "Group Key": [
                    "nation.n_name",
                    "EXTRACT(year FROM orders.o_orderdate)"
                  ],
                  "Planned Partitions": 0,
                  "Plans": [
                    {
                      "Node Type": "Hash Join",
                      "Parent Relationship": "Outer",
                      "Parallel Aware": true,
                      "Async Capable": false,
                      "Join Type": "Inner",
                      "Startup Cost": 150812.72,
                      "Total Cost": 184195.5,
                      "Plan Rows": 131901,
                      "Plan Width": 159,
                      "Output": [
                        "nation.n_name",
                        "EXTRACT(year FROM orders.o_orderdate)",
                        "lineitem.l_extendedprice",
                        "lineitem.l_discount",
                        "partsupp.ps_supplycost",
                        "lineitem.l_quantity"
                      ],
                      "Inner Unique": false,
                      "Hash Cond": "(orders.o_orderkey = lineitem.l_orderkey)",
                      "Plans": [
                        {
                          "Node Type": "Seq Scan",
                          "Parent Relationship": "Outer",
                          "Parallel Aware": true,
                          "Async Capable": false,
                          "Relation Name": "orders",
                          "Schema": "public",
                          "Alias": "orders",
                          "Startup Cost": 0.0,
                          "Total Cost": 30974.71,
                          "Plan Rows": 483871,
                          "Plan Width": 8,
                          "Output": [
                            "orders.o_orderkey",
                            "orders.o_custkey",
                            "orders.o_orderstatus",
                            "orders.o_totalprice",
                            "orders.o_orderdate",
                            "orders.o_orderpriority",
                            "orders.o_clerk",
                            "orders.o_shippriority",
                            "orders.o_comment"
                          ]
                        },
                        {
                          "Node Type": "Hash",
                          "Parent Relationship": "Inner",
                          "Parallel Aware": true,
                          "Async Capable": false,
                          "Startup Cost": 149790.48,
                          "Total Cost": 149790.48,
                          "Plan Rows": 81779,
                          "Plan Width": 131,
                          "Output": [
                            "lineitem.l_extendedprice",
                            "lineitem.l_discount",
                            "lineitem.l_quantity",
                            "lineitem.l_orderkey",
                            "partsupp.ps_supplycost",
                            "nation.n_name"
                          ],
                          "Plans": [
                            {
                              "Node Type": "Hash Join",
                              "Parent Relationship": "Outer",
                              "Parallel Aware": true,
                              "Async Capable": false,
                              "Join Type": "Inner",
                              "Startup Cost": 16186.09,
                              "Total Cost": 149790.48,
                              "Plan Rows": 81779,
                              "Plan Width": 131,
                              "Output": [
                                "lineitem.l_extendedprice",
                                "lineitem.l_discount",
                                "lineitem.l_quantity",
                                "lineitem.l_orderkey",
                                "partsupp.ps_supplycost",
                                "nation.n_name"
                              ],
                              "Inner Unique": false,
                              "Hash Cond": "((lineitem.l_suppkey = supplier.s_suppkey) AND (lineitem.l_partkey = partsupp.ps_partkey))",
                              "Plans": [
                                {
                                  "Node Type": "Seq Scan",
                                  "Parent Relationship": "Outer",
                                  "Parallel Aware": true,
                                  "Async Capable": false,
                                  "Relation Name": "lineitem",
                                  "Schema": "public",
                                  "Alias": "lineitem",
                                  "Startup Cost": 0.0,
                                  "Total Cost": 124602.43,
                                  "Plan Rows": 1200243,
                                  "Plan Width": 29,
                                  "Output": [
                                    "lineitem.l_orderkey",
                                    "lineitem.l_partkey",
                                    "lineitem.l_suppkey",
                                    "lineitem.l_linenumber",
                                    "lineitem.l_quantity",
                                    "lineitem.l_extendedprice",
                                    "lineitem.l_discount",
                                    "lineitem.l_tax",
                                    "lineitem.l_returnflag",
                                    "lineitem.l_linestatus",
                                    "lineitem.l_shipdate",
                                    "lineitem.l_commitdate",
                                    "lineitem.l_receiptdate",
                                    "lineitem.l_shipinstruct",
                                    "lineitem.l_shipmode",
                                    "lineitem.l_comment"
                                  ]
                                },
                                {
                                  "Node Type": "Hash",
                                  "Parent Relationship": "Inner",
                                  "Parallel Aware": true,
                                  "Async Capable": false,
                                  "Startup Cost": 15845.41,
                                  "Total Cost": 15845.41,
                                  "Plan Rows": 22712,
                                  "Plan Width": 126,
                                  "Output": [
                                    "part.p_partkey",
                                    "partsupp.ps_supplycost",
                                    "partsupp.ps_suppkey",
                                    "partsupp.ps_partkey",
                                    "supplier.s_suppkey",
                                    "nation.n_name"
                                  ],
                                  "Plans": [
                                    {
                                      "Node Type": "Hash Join",
                                      "Parent Relationship": "Outer",
                                      "Parallel Aware": false,
                                      "Async Capable": false,
                                      "Join Type": "Inner",
                                      "Startup Cost": 449.99,
                                      "Total Cost": 15845.41,
                                      "Plan Rows": 22712,
                                      "Plan Width": 126,
                                      "Output": [
                                        "part.p_partkey",
                                        "partsupp.ps_supplycost",
                                        "partsupp.ps_suppkey",
                                        "partsupp.ps_partkey",
                                        "supplier.s_suppkey",
                                        "nation.n_name"
                                      ],
                                      "Inner Unique": true,
                                      "Hash Cond": "(supplier.s_nationkey = nation.n_nationkey)",
                                      "Plans": [
                                        {
                                          "Node Type": "Hash Join",
                                          "Parent Relationship": "Outer",
                                          "Parallel Aware": false,
                                          "Async Capable": false,
                                          "Join Type": "Inner",
                                          "Startup Cost": 448.43,
                                          "Total Cost": 15774.12,
                                          "Plan Rows": 22712,
                                          "Plan Width": 26,
                                          "Output": [
                                            "part.p_partkey",
                                            "partsupp.ps_supplycost",
                                            "partsupp.ps_suppkey",
                                            "partsupp.ps_partkey",
                                            "supplier.s_suppkey",
                                            "supplier.s_nationkey"
                                          ],
                                          "Inner Unique": true,
                                          "Hash Cond": "(partsupp.ps_suppkey = supplier.s_suppkey)",
                                          "Plans": [
                                            {
                                              "Node Type": "Nested Loop",
                                              "Parent Relationship": "Outer",
                                              "Parallel Aware": false,
                                              "Async Capable": false,
                                              "Join Type": "Inner",
                                              "Startup Cost": 0.42,
                                              "Total Cost": 15266.48,
                                              "Plan Rows": 22712,
                                              "Plan Width": 18,
                                              "Output": [
                                                "part.p_partkey",
                                                "partsupp.ps_supplycost",
                                                "partsupp.ps_suppkey",
                                                "partsupp.ps_partkey"
                                              ],
                                              "Inner Unique": false,
                                              "Plans": [
                                                {
                                                  "Node Type": "Seq Scan",
                                                  "Parent Relationship": "Outer",
                                                  "Parallel Aware": true,
                                                  "Async Capable": false,
                                                  "Relation Name": "part",
                                                  "Schema": "public",
                                                  "Alias": "part",
                                                  "Startup Cost": 0.0,
                                                  "Total Cost": 5169.67,
                                                  "Plan Rows": 5678,
                                                  "Plan Width": 4,
                                                  "Output": [
                                                    "part.p_partkey",
                                                    "part.p_name",
                                                    "part.p_mfgr",
                                                    "part.p_brand",
                                                    "part.p_type",
                                                    "part.p_size",
                                                    "part.p_container",
                                                    "part.p_retailprice",
                                                    "part.p_comment"
                                                  ],
                                                  "Filter": "((part.p_name)::text ~~ '%white%'::text)"
                                                },
                                                {
                                                  "Node Type": "Index Scan",
                                                  "Parent Relationship": "Inner",
                                                  "Parallel Aware": false,
                                                  "Async Capable": false,
                                                  "Scan Direction": "Forward",
                                                  "Index Name": "partsupp_pkey",
                                                  "Relation Name": "partsupp",
                                                  "Schema": "public",
                                                  "Alias": "partsupp",
                                                  "Startup Cost": 0.42,
                                                  "Total Cost": 1.74,
                                                  "Plan Rows": 4,
                                                  "Plan Width": 14,
                                                  "Output": [
                                                    "partsupp.ps_partkey",
                                                    "partsupp.ps_suppkey",
                                                    "partsupp.ps_availqty",
                                                    "partsupp.ps_supplycost",
                                                    "partsupp.ps_comment"
                                                  ],
                                                  "Index Cond": "(partsupp.ps_partkey = part.p_partkey)"
                                                }
                                              ]
                                            },
                                            {
                                              "Node Type": "Hash",
                                              "Parent Relationship": "Inner",
                                              "Parallel Aware": false,
                                              "Async Capable": false,
                                              "Startup Cost": 323.0,
                                              "Total Cost": 323.0,
                                              "Plan Rows": 10000,
                                              "Plan Width": 8,
                                              "Output": [
                                                "supplier.s_suppkey",
                                                "supplier.s_nationkey"
                                              ],
                                              "Plans": [
                                                {
                                                  "Node Type": "Seq Scan",
                                                  "Parent Relationship": "Outer",
                                                  "Parallel Aware": false,
                                                  "Async Capable": false,
                                                  "Relation Name": "supplier",
                                                  "Schema": "public",
                                                  "Alias": "supplier",
                                                  "Startup Cost": 0.0,
                                                  "Total Cost": 323.0,
                                                  "Plan Rows": 10000,
                                                  "Plan Width": 8,
                                                  "Output": [
                                                    "supplier.s_suppkey",
                                                    "supplier.s_nationkey"
                                                  ]
                                                }
                                              ]
                                            }
                                          ]
                                        },
                                        {
                                          "Node Type": "Hash",
                                          "Parent Relationship": "Inner",
                                          "Parallel Aware": false,
                                          "Async Capable": false,
                                          "Startup Cost": 1.25,
                                          "Total Cost": 1.25,
                                          "Plan Rows": 25,
                                          "Plan Width": 108,
                                          "Output": [
                                            "nation.n_name",
                                            "nation.n_nationkey"
                                          ],
                                          "Plans": [
                                            {
                                              "Node Type": "Seq Scan",
                                              "Parent Relationship": "Outer",
                                              "Parallel Aware": false,
                                              "Async Capable": false,
                                              "Relation Name": "nation",
                                              "Schema": "public",
                                              "Alias": "nation",
                                              "Startup Cost": 0.0,
                                              "Total Cost": 1.25,
                                              "Plan Rows": 25,
                                              "Plan Width": 108,
                                              "Output": [
                                                "nation.n_name",
                                                "nation.n_nationkey"
                                              ]
                                            }
                                          ]
                                        }
                                      ]
                                    }
                                  ]
                                }
                              ]
                            }
                          ]
                        }
                      ]
                    }
                  ]
                }
              ]
            }
          ]
        }
      ]
    },
    "JIT": {
      "Functions": 48,
      "Options": {
        "Inlining": false,
        "Optimization": false,
        "Expressions": true,
        "Deforming": true
      }
    }
  }
]
```

---

## 85. Q9_40_seed_319957209.sql

**File Path:** `/Users/brunowinter2000/Documents/Thesis/2025_2026/Plan-Level/Generated_Queries/Q9/Q9_40_seed_319957209.sql`

### EXPLAIN JSON

```json
[
  {
    "Plan": {
      "Node Type": "Sort",
      "Parallel Aware": false,
      "Async Capable": false,
      "Startup Cost": 223771.84,
      "Total Cost": 223922.21,
      "Plan Rows": 60150,
      "Plan Width": 168,
      "Output": [
        "nation.n_name",
        "(EXTRACT(year FROM orders.o_orderdate))",
        "(sum(((lineitem.l_extendedprice * ('1'::numeric - lineitem.l_discount)) - (partsupp.ps_supplycost * lineitem.l_quantity))))"
      ],
      "Sort Key": [
        "nation.n_name",
        "(EXTRACT(year FROM orders.o_orderdate)) DESC"
      ],
      "Plans": [
        {
          "Node Type": "Aggregate",
          "Strategy": "Hashed",
          "Partial Mode": "Finalize",
          "Parent Relationship": "Outer",
          "Parallel Aware": false,
          "Async Capable": false,
          "Startup Cost": 218094.8,
          "Total Cost": 218997.05,
          "Plan Rows": 60150,
          "Plan Width": 168,
          "Output": [
            "nation.n_name",
            "(EXTRACT(year FROM orders.o_orderdate))",
            "sum(((lineitem.l_extendedprice * ('1'::numeric - lineitem.l_discount)) - (partsupp.ps_supplycost * lineitem.l_quantity)))"
          ],
          "Group Key": [
            "nation.n_name",
            "(EXTRACT(year FROM orders.o_orderdate))"
          ],
          "Planned Partitions": 0,
          "Plans": [
            {
              "Node Type": "Gather",
              "Parent Relationship": "Outer",
              "Parallel Aware": false,
              "Async Capable": false,
              "Startup Cost": 184110.05,
              "Total Cost": 215087.3,
              "Plan Rows": 300750,
              "Plan Width": 168,
              "Output": [
                "nation.n_name",
                "(EXTRACT(year FROM orders.o_orderdate))",
                "(PARTIAL sum(((lineitem.l_extendedprice * ('1'::numeric - lineitem.l_discount)) - (partsupp.ps_supplycost * lineitem.l_quantity))))"
              ],
              "Workers Planned": 5,
              "Single Copy": false,
              "Plans": [
                {
                  "Node Type": "Aggregate",
                  "Strategy": "Hashed",
                  "Partial Mode": "Partial",
                  "Parent Relationship": "Outer",
                  "Parallel Aware": false,
                  "Async Capable": false,
                  "Startup Cost": 183110.05,
                  "Total Cost": 184012.3,
                  "Plan Rows": 60150,
                  "Plan Width": 168,
                  "Output": [
                    "nation.n_name",
                    "(EXTRACT(year FROM orders.o_orderdate))",
                    "PARTIAL sum(((lineitem.l_extendedprice * ('1'::numeric - lineitem.l_discount)) - (partsupp.ps_supplycost * lineitem.l_quantity)))"
                  ],
                  "Group Key": [
                    "nation.n_name",
                    "EXTRACT(year FROM orders.o_orderdate)"
                  ],
                  "Planned Partitions": 0,
                  "Plans": [
                    {
                      "Node Type": "Nested Loop",
                      "Parent Relationship": "Outer",
                      "Parallel Aware": false,
                      "Async Capable": false,
                      "Join Type": "Inner",
                      "Startup Cost": 15552.04,
                      "Total Cost": 181847.26,
                      "Plan Rows": 72159,
                      "Plan Width": 159,
                      "Output": [
                        "nation.n_name",
                        "EXTRACT(year FROM orders.o_orderdate)",
                        "lineitem.l_extendedprice",
                        "lineitem.l_discount",
                        "partsupp.ps_supplycost",
                        "lineitem.l_quantity"
                      ],
                      "Inner Unique": true,
                      "Plans": [
                        {
                          "Node Type": "Hash Join",
                          "Parent Relationship": "Outer",
                          "Parallel Aware": true,
                          "Async Capable": false,
                          "Join Type": "Inner",
                          "Startup Cost": 15551.61,
                          "Total Cost": 149155.98,
                          "Plan Rows": 72159,
                          "Plan Width": 131,
                          "Output": [
                            "lineitem.l_extendedprice",
                            "lineitem.l_discount",
                            "lineitem.l_quantity",
                            "lineitem.l_orderkey",
                            "partsupp.ps_supplycost",
                            "nation.n_name"
                          ],
                          "Inner Unique": false,
                          "Hash Cond": "((lineitem.l_suppkey = supplier.s_suppkey) AND (lineitem.l_partkey = partsupp.ps_partkey))",
                          "Plans": [
                            {
                              "Node Type": "Seq Scan",
                              "Parent Relationship": "Outer",
                              "Parallel Aware": true,
                              "Async Capable": false,
                              "Relation Name": "lineitem",
                              "Schema": "public",
                              "Alias": "lineitem",
                              "Startup Cost": 0.0,
                              "Total Cost": 124602.43,
                              "Plan Rows": 1200243,
                              "Plan Width": 29,
                              "Output": [
                                "lineitem.l_orderkey",
                                "lineitem.l_partkey",
                                "lineitem.l_suppkey",
                                "lineitem.l_linenumber",
                                "lineitem.l_quantity",
                                "lineitem.l_extendedprice",
                                "lineitem.l_discount",
                                "lineitem.l_tax",
                                "lineitem.l_returnflag",
                                "lineitem.l_linestatus",
                                "lineitem.l_shipdate",
                                "lineitem.l_commitdate",
                                "lineitem.l_receiptdate",
                                "lineitem.l_shipinstruct",
                                "lineitem.l_shipmode",
                                "lineitem.l_comment"
                              ]
                            },
                            {
                              "Node Type": "Hash",
                              "Parent Relationship": "Inner",
                              "Parallel Aware": true,
                              "Async Capable": false,
                              "Startup Cost": 15251.01,
                              "Total Cost": 15251.01,
                              "Plan Rows": 20040,
                              "Plan Width": 126,
                              "Output": [
                                "part.p_partkey",
                                "partsupp.ps_supplycost",
                                "partsupp.ps_suppkey",
                                "partsupp.ps_partkey",
                                "supplier.s_suppkey",
                                "nation.n_name"
                              ],
                              "Plans": [
                                {
                                  "Node Type": "Hash Join",
                                  "Parent Relationship": "Outer",
                                  "Parallel Aware": false,
                                  "Async Capable": false,
                                  "Join Type": "Inner",
                                  "Startup Cost": 449.99,
                                  "Total Cost": 15251.01,
                                  "Plan Rows": 20040,
                                  "Plan Width": 126,
                                  "Output": [
                                    "part.p_partkey",
                                    "partsupp.ps_supplycost",
                                    "partsupp.ps_suppkey",
                                    "partsupp.ps_partkey",
                                    "supplier.s_suppkey",
                                    "nation.n_name"
                                  ],
                                  "Inner Unique": true,
                                  "Hash Cond": "(supplier.s_nationkey = nation.n_nationkey)",
                                  "Plans": [
                                    {
                                      "Node Type": "Hash Join",
                                      "Parent Relationship": "Outer",
                                      "Parallel Aware": false,
                                      "Async Capable": false,
                                      "Join Type": "Inner",
                                      "Startup Cost": 448.43,
                                      "Total Cost": 15187.92,
                                      "Plan Rows": 20040,
                                      "Plan Width": 26,
                                      "Output": [
                                        "part.p_partkey",
                                        "partsupp.ps_supplycost",
                                        "partsupp.ps_suppkey",
                                        "partsupp.ps_partkey",
                                        "supplier.s_suppkey",
                                        "supplier.s_nationkey"
                                      ],
                                      "Inner Unique": true,
                                      "Hash Cond": "(partsupp.ps_suppkey = supplier.s_suppkey)",
                                      "Plans": [
                                        {
                                          "Node Type": "Nested Loop",
                                          "Parent Relationship": "Outer",
                                          "Parallel Aware": false,
                                          "Async Capable": false,
                                          "Join Type": "Inner",
                                          "Startup Cost": 0.42,
                                          "Total Cost": 14687.3,
                                          "Plan Rows": 20040,
                                          "Plan Width": 18,
                                          "Output": [
                                            "part.p_partkey",
                                            "partsupp.ps_supplycost",
                                            "partsupp.ps_suppkey",
                                            "partsupp.ps_partkey"
                                          ],
                                          "Inner Unique": false,
                                          "Plans": [
                                            {
                                              "Node Type": "Seq Scan",
                                              "Parent Relationship": "Outer",
                                              "Parallel Aware": true,
                                              "Async Capable": false,
                                              "Relation Name": "part",
                                              "Schema": "public",
                                              "Alias": "part",
                                              "Startup Cost": 0.0,
                                              "Total Cost": 5169.67,
                                              "Plan Rows": 5010,
                                              "Plan Width": 4,
                                              "Output": [
                                                "part.p_partkey",
                                                "part.p_name",
                                                "part.p_mfgr",
                                                "part.p_brand",
                                                "part.p_type",
                                                "part.p_size",
                                                "part.p_container",
                                                "part.p_retailprice",
                                                "part.p_comment"
                                              ],
                                              "Filter": "((part.p_name)::text ~~ '%dim%'::text)"
                                            },
                                            {
                                              "Node Type": "Index Scan",
                                              "Parent Relationship": "Inner",
                                              "Parallel Aware": false,
                                              "Async Capable": false,
                                              "Scan Direction": "Forward",
                                              "Index Name": "partsupp_pkey",
                                              "Relation Name": "partsupp",
                                              "Schema": "public",
                                              "Alias": "partsupp",
                                              "Startup Cost": 0.42,
                                              "Total Cost": 1.86,
                                              "Plan Rows": 4,
                                              "Plan Width": 14,
                                              "Output": [
                                                "partsupp.ps_partkey",
                                                "partsupp.ps_suppkey",
                                                "partsupp.ps_availqty",
                                                "partsupp.ps_supplycost",
                                                "partsupp.ps_comment"
                                              ],
                                              "Index Cond": "(partsupp.ps_partkey = part.p_partkey)"
                                            }
                                          ]
                                        },
                                        {
                                          "Node Type": "Hash",
                                          "Parent Relationship": "Inner",
                                          "Parallel Aware": false,
                                          "Async Capable": false,
                                          "Startup Cost": 323.0,
                                          "Total Cost": 323.0,
                                          "Plan Rows": 10000,
                                          "Plan Width": 8,
                                          "Output": [
                                            "supplier.s_suppkey",
                                            "supplier.s_nationkey"
                                          ],
                                          "Plans": [
                                            {
                                              "Node Type": "Seq Scan",
                                              "Parent Relationship": "Outer",
                                              "Parallel Aware": false,
                                              "Async Capable": false,
                                              "Relation Name": "supplier",
                                              "Schema": "public",
                                              "Alias": "supplier",
                                              "Startup Cost": 0.0,
                                              "Total Cost": 323.0,
                                              "Plan Rows": 10000,
                                              "Plan Width": 8,
                                              "Output": [
                                                "supplier.s_suppkey",
                                                "supplier.s_nationkey"
                                              ]
                                            }
                                          ]
                                        }
                                      ]
                                    },
                                    {
                                      "Node Type": "Hash",
                                      "Parent Relationship": "Inner",
                                      "Parallel Aware": false,
                                      "Async Capable": false,
                                      "Startup Cost": 1.25,
                                      "Total Cost": 1.25,
                                      "Plan Rows": 25,
                                      "Plan Width": 108,
                                      "Output": [
                                        "nation.n_name",
                                        "nation.n_nationkey"
                                      ],
                                      "Plans": [
                                        {
                                          "Node Type": "Seq Scan",
                                          "Parent Relationship": "Outer",
                                          "Parallel Aware": false,
                                          "Async Capable": false,
                                          "Relation Name": "nation",
                                          "Schema": "public",
                                          "Alias": "nation",
                                          "Startup Cost": 0.0,
                                          "Total Cost": 1.25,
                                          "Plan Rows": 25,
                                          "Plan Width": 108,
                                          "Output": [
                                            "nation.n_name",
                                            "nation.n_nationkey"
                                          ]
                                        }
                                      ]
                                    }
                                  ]
                                }
                              ]
                            }
                          ]
                        },
                        {
                          "Node Type": "Index Scan",
                          "Parent Relationship": "Inner",
                          "Parallel Aware": false,
                          "Async Capable": false,
                          "Scan Direction": "Forward",
                          "Index Name": "orders_pkey",
                          "Relation Name": "orders",
                          "Schema": "public",
                          "Alias": "orders",
                          "Startup Cost": 0.43,
                          "Total Cost": 0.45,
                          "Plan Rows": 1,
                          "Plan Width": 8,
                          "Output": [
                            "orders.o_orderkey",
                            "orders.o_custkey",
                            "orders.o_orderstatus",
                            "orders.o_totalprice",
                            "orders.o_orderdate",
                            "orders.o_orderpriority",
                            "orders.o_clerk",
                            "orders.o_shippriority",
                            "orders.o_comment"
                          ],
                          "Index Cond": "(orders.o_orderkey = lineitem.l_orderkey)"
                        }
                      ]
                    }
                  ]
                }
              ]
            }
          ]
        }
      ]
    },
    "JIT": {
      "Functions": 43,
      "Options": {
        "Inlining": false,
        "Optimization": false,
        "Expressions": true,
        "Deforming": true
      }
    }
  }
]
```

---

## 86. Q9_41_seed_328161240.sql

**File Path:** `/Users/brunowinter2000/Documents/Thesis/2025_2026/Plan-Level/Generated_Queries/Q9/Q9_41_seed_328161240.sql`

### EXPLAIN JSON

```json
[
  {
    "Plan": {
      "Node Type": "Sort",
      "Parallel Aware": false,
      "Async Capable": false,
      "Startup Cost": 217286.99,
      "Total Cost": 217437.37,
      "Plan Rows": 60150,
      "Plan Width": 168,
      "Output": [
        "nation.n_name",
        "(EXTRACT(year FROM orders.o_orderdate))",
        "(sum(((lineitem.l_extendedprice * ('1'::numeric - lineitem.l_discount)) - (partsupp.ps_supplycost * lineitem.l_quantity))))"
      ],
      "Sort Key": [
        "nation.n_name",
        "(EXTRACT(year FROM orders.o_orderdate)) DESC"
      ],
      "Plans": [
        {
          "Node Type": "Aggregate",
          "Strategy": "Hashed",
          "Partial Mode": "Finalize",
          "Parent Relationship": "Outer",
          "Parallel Aware": false,
          "Async Capable": false,
          "Startup Cost": 211609.95,
          "Total Cost": 212512.2,
          "Plan Rows": 60150,
          "Plan Width": 168,
          "Output": [
            "nation.n_name",
            "(EXTRACT(year FROM orders.o_orderdate))",
            "sum(((lineitem.l_extendedprice * ('1'::numeric - lineitem.l_discount)) - (partsupp.ps_supplycost * lineitem.l_quantity)))"
          ],
          "Group Key": [
            "nation.n_name",
            "(EXTRACT(year FROM orders.o_orderdate))"
          ],
          "Planned Partitions": 0,
          "Plans": [
            {
              "Node Type": "Gather",
              "Parent Relationship": "Outer",
              "Parallel Aware": false,
              "Async Capable": false,
              "Startup Cost": 177635.37,
              "Total Cost": 208603.35,
              "Plan Rows": 300660,
              "Plan Width": 168,
              "Output": [
                "nation.n_name",
                "(EXTRACT(year FROM orders.o_orderdate))",
                "(PARTIAL sum(((lineitem.l_extendedprice * ('1'::numeric - lineitem.l_discount)) - (partsupp.ps_supplycost * lineitem.l_quantity))))"
              ],
              "Workers Planned": 5,
              "Single Copy": false,
              "Plans": [
                {
                  "Node Type": "Aggregate",
                  "Strategy": "Hashed",
                  "Partial Mode": "Partial",
                  "Parent Relationship": "Outer",
                  "Parallel Aware": false,
                  "Async Capable": false,
                  "Startup Cost": 176635.37,
                  "Total Cost": 177537.35,
                  "Plan Rows": 60132,
                  "Plan Width": 168,
                  "Output": [
                    "nation.n_name",
                    "(EXTRACT(year FROM orders.o_orderdate))",
                    "PARTIAL sum(((lineitem.l_extendedprice * ('1'::numeric - lineitem.l_discount)) - (partsupp.ps_supplycost * lineitem.l_quantity)))"
                  ],
                  "Group Key": [
                    "nation.n_name",
                    "EXTRACT(year FROM orders.o_orderdate)"
                  ],
                  "Planned Partitions": 0,
                  "Plans": [
                    {
                      "Node Type": "Nested Loop",
                      "Parent Relationship": "Outer",
                      "Parallel Aware": false,
                      "Async Capable": false,
                      "Join Type": "Inner",
                      "Startup Cost": 14736.63,
                      "Total Cost": 175583.06,
                      "Plan Rows": 60132,
                      "Plan Width": 159,
                      "Output": [
                        "nation.n_name",
                        "EXTRACT(year FROM orders.o_orderdate)",
                        "lineitem.l_extendedprice",
                        "lineitem.l_discount",
                        "partsupp.ps_supplycost",
                        "lineitem.l_quantity"
                      ],
                      "Inner Unique": true,
                      "Plans": [
                        {
                          "Node Type": "Hash Join",
                          "Parent Relationship": "Outer",
                          "Parallel Aware": true,
                          "Async Capable": false,
                          "Join Type": "Inner",
                          "Startup Cost": 14736.2,
                          "Total Cost": 148340.56,
                          "Plan Rows": 60132,
                          "Plan Width": 131,
                          "Output": [
                            "lineitem.l_extendedprice",
                            "lineitem.l_discount",
                            "lineitem.l_quantity",
                            "lineitem.l_orderkey",
                            "partsupp.ps_supplycost",
                            "nation.n_name"
                          ],
                          "Inner Unique": false,
                          "Hash Cond": "((lineitem.l_suppkey = supplier.s_suppkey) AND (lineitem.l_partkey = partsupp.ps_partkey))",
                          "Plans": [
                            {
                              "Node Type": "Seq Scan",
                              "Parent Relationship": "Outer",
                              "Parallel Aware": true,
                              "Async Capable": false,
                              "Relation Name": "lineitem",
                              "Schema": "public",
                              "Alias": "lineitem",
                              "Startup Cost": 0.0,
                              "Total Cost": 124602.43,
                              "Plan Rows": 1200243,
                              "Plan Width": 29,
                              "Output": [
                                "lineitem.l_orderkey",
                                "lineitem.l_partkey",
                                "lineitem.l_suppkey",
                                "lineitem.l_linenumber",
                                "lineitem.l_quantity",
                                "lineitem.l_extendedprice",
                                "lineitem.l_discount",
                                "lineitem.l_tax",
                                "lineitem.l_returnflag",
                                "lineitem.l_linestatus",
                                "lineitem.l_shipdate",
                                "lineitem.l_commitdate",
                                "lineitem.l_receiptdate",
                                "lineitem.l_shipinstruct",
                                "lineitem.l_shipmode",
                                "lineitem.l_comment"
                              ]
                            },
                            {
                              "Node Type": "Hash",
                              "Parent Relationship": "Inner",
                              "Parallel Aware": true,
                              "Async Capable": false,
                              "Startup Cost": 14485.7,
                              "Total Cost": 14485.7,
                              "Plan Rows": 16700,
                              "Plan Width": 126,
                              "Output": [
                                "part.p_partkey",
                                "partsupp.ps_supplycost",
                                "partsupp.ps_suppkey",
                                "partsupp.ps_partkey",
                                "supplier.s_suppkey",
                                "nation.n_name"
                              ],
                              "Plans": [
                                {
                                  "Node Type": "Hash Join",
                                  "Parent Relationship": "Outer",
                                  "Parallel Aware": false,
                                  "Async Capable": false,
                                  "Join Type": "Inner",
                                  "Startup Cost": 449.99,
                                  "Total Cost": 14485.7,
                                  "Plan Rows": 16700,
                                  "Plan Width": 126,
                                  "Output": [
                                    "part.p_partkey",
                                    "partsupp.ps_supplycost",
                                    "partsupp.ps_suppkey",
                                    "partsupp.ps_partkey",
                                    "supplier.s_suppkey",
                                    "nation.n_name"
                                  ],
                                  "Inner Unique": true,
                                  "Hash Cond": "(supplier.s_nationkey = nation.n_nationkey)",
                                  "Plans": [
                                    {
                                      "Node Type": "Hash Join",
                                      "Parent Relationship": "Outer",
                                      "Parallel Aware": false,
                                      "Async Capable": false,
                                      "Join Type": "Inner",
                                      "Startup Cost": 448.43,
                                      "Total Cost": 14432.87,
                                      "Plan Rows": 16700,
                                      "Plan Width": 26,
                                      "Output": [
                                        "part.p_partkey",
                                        "partsupp.ps_supplycost",
                                        "partsupp.ps_suppkey",
                                        "partsupp.ps_partkey",
                                        "supplier.s_suppkey",
                                        "supplier.s_nationkey"
                                      ],
                                      "Inner Unique": true,
                                      "Hash Cond": "(partsupp.ps_suppkey = supplier.s_suppkey)",
                                      "Plans": [
                                        {
                                          "Node Type": "Nested Loop",
                                          "Parent Relationship": "Outer",
                                          "Parallel Aware": false,
                                          "Async Capable": false,
                                          "Join Type": "Inner",
                                          "Startup Cost": 0.42,
                                          "Total Cost": 13941.01,
                                          "Plan Rows": 16700,
                                          "Plan Width": 18,
                                          "Output": [
                                            "part.p_partkey",
                                            "partsupp.ps_supplycost",
                                            "partsupp.ps_suppkey",
                                            "partsupp.ps_partkey"
                                          ],
                                          "Inner Unique": false,
                                          "Plans": [
                                            {
                                              "Node Type": "Seq Scan",
                                              "Parent Relationship": "Outer",
                                              "Parallel Aware": true,
                                              "Async Capable": false,
                                              "Relation Name": "part",
                                              "Schema": "public",
                                              "Alias": "part",
                                              "Startup Cost": 0.0,
                                              "Total Cost": 5169.67,
                                              "Plan Rows": 4175,
                                              "Plan Width": 4,
                                              "Output": [
                                                "part.p_partkey",
                                                "part.p_name",
                                                "part.p_mfgr",
                                                "part.p_brand",
                                                "part.p_type",
                                                "part.p_size",
                                                "part.p_container",
                                                "part.p_retailprice",
                                                "part.p_comment"
                                              ],
                                              "Filter": "((part.p_name)::text ~~ '%red%'::text)"
                                            },
                                            {
                                              "Node Type": "Index Scan",
                                              "Parent Relationship": "Inner",
                                              "Parallel Aware": false,
                                              "Async Capable": false,
                                              "Scan Direction": "Forward",
                                              "Index Name": "partsupp_pkey",
                                              "Relation Name": "partsupp",
                                              "Schema": "public",
                                              "Alias": "partsupp",
                                              "Startup Cost": 0.42,
                                              "Total Cost": 2.06,
                                              "Plan Rows": 4,
                                              "Plan Width": 14,
                                              "Output": [
                                                "partsupp.ps_partkey",
                                                "partsupp.ps_suppkey",
                                                "partsupp.ps_availqty",
                                                "partsupp.ps_supplycost",
                                                "partsupp.ps_comment"
                                              ],
                                              "Index Cond": "(partsupp.ps_partkey = part.p_partkey)"
                                            }
                                          ]
                                        },
                                        {
                                          "Node Type": "Hash",
                                          "Parent Relationship": "Inner",
                                          "Parallel Aware": false,
                                          "Async Capable": false,
                                          "Startup Cost": 323.0,
                                          "Total Cost": 323.0,
                                          "Plan Rows": 10000,
                                          "Plan Width": 8,
                                          "Output": [
                                            "supplier.s_suppkey",
                                            "supplier.s_nationkey"
                                          ],
                                          "Plans": [
                                            {
                                              "Node Type": "Seq Scan",
                                              "Parent Relationship": "Outer",
                                              "Parallel Aware": false,
                                              "Async Capable": false,
                                              "Relation Name": "supplier",
                                              "Schema": "public",
                                              "Alias": "supplier",
                                              "Startup Cost": 0.0,
                                              "Total Cost": 323.0,
                                              "Plan Rows": 10000,
                                              "Plan Width": 8,
                                              "Output": [
                                                "supplier.s_suppkey",
                                                "supplier.s_nationkey"
                                              ]
                                            }
                                          ]
                                        }
                                      ]
                                    },
                                    {
                                      "Node Type": "Hash",
                                      "Parent Relationship": "Inner",
                                      "Parallel Aware": false,
                                      "Async Capable": false,
                                      "Startup Cost": 1.25,
                                      "Total Cost": 1.25,
                                      "Plan Rows": 25,
                                      "Plan Width": 108,
                                      "Output": [
                                        "nation.n_name",
                                        "nation.n_nationkey"
                                      ],
                                      "Plans": [
                                        {
                                          "Node Type": "Seq Scan",
                                          "Parent Relationship": "Outer",
                                          "Parallel Aware": false,
                                          "Async Capable": false,
                                          "Relation Name": "nation",
                                          "Schema": "public",
                                          "Alias": "nation",
                                          "Startup Cost": 0.0,
                                          "Total Cost": 1.25,
                                          "Plan Rows": 25,
                                          "Plan Width": 108,
                                          "Output": [
                                            "nation.n_name",
                                            "nation.n_nationkey"
                                          ]
                                        }
                                      ]
                                    }
                                  ]
                                }
                              ]
                            }
                          ]
                        },
                        {
                          "Node Type": "Index Scan",
                          "Parent Relationship": "Inner",
                          "Parallel Aware": false,
                          "Async Capable": false,
                          "Scan Direction": "Forward",
                          "Index Name": "orders_pkey",
                          "Relation Name": "orders",
                          "Schema": "public",
                          "Alias": "orders",
                          "Startup Cost": 0.43,
                          "Total Cost": 0.45,
                          "Plan Rows": 1,
                          "Plan Width": 8,
                          "Output": [
                            "orders.o_orderkey",
                            "orders.o_custkey",
                            "orders.o_orderstatus",
                            "orders.o_totalprice",
                            "orders.o_orderdate",
                            "orders.o_orderpriority",
                            "orders.o_clerk",
                            "orders.o_shippriority",
                            "orders.o_comment"
                          ],
                          "Index Cond": "(orders.o_orderkey = lineitem.l_orderkey)"
                        }
                      ]
                    }
                  ]
                }
              ]
            }
          ]
        }
      ]
    },
    "JIT": {
      "Functions": 43,
      "Options": {
        "Inlining": false,
        "Optimization": false,
        "Expressions": true,
        "Deforming": true
      }
    }
  }
]
```

---

## 87. Q9_42_seed_336365271.sql

**File Path:** `/Users/brunowinter2000/Documents/Thesis/2025_2026/Plan-Level/Generated_Queries/Q9/Q9_42_seed_336365271.sql`

### EXPLAIN JSON

```json
[
  {
    "Plan": {
      "Node Type": "Sort",
      "Parallel Aware": false,
      "Async Capable": false,
      "Startup Cost": 223771.84,
      "Total Cost": 223922.21,
      "Plan Rows": 60150,
      "Plan Width": 168,
      "Output": [
        "nation.n_name",
        "(EXTRACT(year FROM orders.o_orderdate))",
        "(sum(((lineitem.l_extendedprice * ('1'::numeric - lineitem.l_discount)) - (partsupp.ps_supplycost * lineitem.l_quantity))))"
      ],
      "Sort Key": [
        "nation.n_name",
        "(EXTRACT(year FROM orders.o_orderdate)) DESC"
      ],
      "Plans": [
        {
          "Node Type": "Aggregate",
          "Strategy": "Hashed",
          "Partial Mode": "Finalize",
          "Parent Relationship": "Outer",
          "Parallel Aware": false,
          "Async Capable": false,
          "Startup Cost": 218094.8,
          "Total Cost": 218997.05,
          "Plan Rows": 60150,
          "Plan Width": 168,
          "Output": [
            "nation.n_name",
            "(EXTRACT(year FROM orders.o_orderdate))",
            "sum(((lineitem.l_extendedprice * ('1'::numeric - lineitem.l_discount)) - (partsupp.ps_supplycost * lineitem.l_quantity)))"
          ],
          "Group Key": [
            "nation.n_name",
            "(EXTRACT(year FROM orders.o_orderdate))"
          ],
          "Planned Partitions": 0,
          "Plans": [
            {
              "Node Type": "Gather",
              "Parent Relationship": "Outer",
              "Parallel Aware": false,
              "Async Capable": false,
              "Startup Cost": 184110.05,
              "Total Cost": 215087.3,
              "Plan Rows": 300750,
              "Plan Width": 168,
              "Output": [
                "nation.n_name",
                "(EXTRACT(year FROM orders.o_orderdate))",
                "(PARTIAL sum(((lineitem.l_extendedprice * ('1'::numeric - lineitem.l_discount)) - (partsupp.ps_supplycost * lineitem.l_quantity))))"
              ],
              "Workers Planned": 5,
              "Single Copy": false,
              "Plans": [
                {
                  "Node Type": "Aggregate",
                  "Strategy": "Hashed",
                  "Partial Mode": "Partial",
                  "Parent Relationship": "Outer",
                  "Parallel Aware": false,
                  "Async Capable": false,
                  "Startup Cost": 183110.05,
                  "Total Cost": 184012.3,
                  "Plan Rows": 60150,
                  "Plan Width": 168,
                  "Output": [
                    "nation.n_name",
                    "(EXTRACT(year FROM orders.o_orderdate))",
                    "PARTIAL sum(((lineitem.l_extendedprice * ('1'::numeric - lineitem.l_discount)) - (partsupp.ps_supplycost * lineitem.l_quantity)))"
                  ],
                  "Group Key": [
                    "nation.n_name",
                    "EXTRACT(year FROM orders.o_orderdate)"
                  ],
                  "Planned Partitions": 0,
                  "Plans": [
                    {
                      "Node Type": "Nested Loop",
                      "Parent Relationship": "Outer",
                      "Parallel Aware": false,
                      "Async Capable": false,
                      "Join Type": "Inner",
                      "Startup Cost": 15552.04,
                      "Total Cost": 181847.26,
                      "Plan Rows": 72159,
                      "Plan Width": 159,
                      "Output": [
                        "nation.n_name",
                        "EXTRACT(year FROM orders.o_orderdate)",
                        "lineitem.l_extendedprice",
                        "lineitem.l_discount",
                        "partsupp.ps_supplycost",
                        "lineitem.l_quantity"
                      ],
                      "Inner Unique": true,
                      "Plans": [
                        {
                          "Node Type": "Hash Join",
                          "Parent Relationship": "Outer",
                          "Parallel Aware": true,
                          "Async Capable": false,
                          "Join Type": "Inner",
                          "Startup Cost": 15551.61,
                          "Total Cost": 149155.98,
                          "Plan Rows": 72159,
                          "Plan Width": 131,
                          "Output": [
                            "lineitem.l_extendedprice",
                            "lineitem.l_discount",
                            "lineitem.l_quantity",
                            "lineitem.l_orderkey",
                            "partsupp.ps_supplycost",
                            "nation.n_name"
                          ],
                          "Inner Unique": false,
                          "Hash Cond": "((lineitem.l_suppkey = supplier.s_suppkey) AND (lineitem.l_partkey = partsupp.ps_partkey))",
                          "Plans": [
                            {
                              "Node Type": "Seq Scan",
                              "Parent Relationship": "Outer",
                              "Parallel Aware": true,
                              "Async Capable": false,
                              "Relation Name": "lineitem",
                              "Schema": "public",
                              "Alias": "lineitem",
                              "Startup Cost": 0.0,
                              "Total Cost": 124602.43,
                              "Plan Rows": 1200243,
                              "Plan Width": 29,
                              "Output": [
                                "lineitem.l_orderkey",
                                "lineitem.l_partkey",
                                "lineitem.l_suppkey",
                                "lineitem.l_linenumber",
                                "lineitem.l_quantity",
                                "lineitem.l_extendedprice",
                                "lineitem.l_discount",
                                "lineitem.l_tax",
                                "lineitem.l_returnflag",
                                "lineitem.l_linestatus",
                                "lineitem.l_shipdate",
                                "lineitem.l_commitdate",
                                "lineitem.l_receiptdate",
                                "lineitem.l_shipinstruct",
                                "lineitem.l_shipmode",
                                "lineitem.l_comment"
                              ]
                            },
                            {
                              "Node Type": "Hash",
                              "Parent Relationship": "Inner",
                              "Parallel Aware": true,
                              "Async Capable": false,
                              "Startup Cost": 15251.01,
                              "Total Cost": 15251.01,
                              "Plan Rows": 20040,
                              "Plan Width": 126,
                              "Output": [
                                "part.p_partkey",
                                "partsupp.ps_supplycost",
                                "partsupp.ps_suppkey",
                                "partsupp.ps_partkey",
                                "supplier.s_suppkey",
                                "nation.n_name"
                              ],
                              "Plans": [
                                {
                                  "Node Type": "Hash Join",
                                  "Parent Relationship": "Outer",
                                  "Parallel Aware": false,
                                  "Async Capable": false,
                                  "Join Type": "Inner",
                                  "Startup Cost": 449.99,
                                  "Total Cost": 15251.01,
                                  "Plan Rows": 20040,
                                  "Plan Width": 126,
                                  "Output": [
                                    "part.p_partkey",
                                    "partsupp.ps_supplycost",
                                    "partsupp.ps_suppkey",
                                    "partsupp.ps_partkey",
                                    "supplier.s_suppkey",
                                    "nation.n_name"
                                  ],
                                  "Inner Unique": true,
                                  "Hash Cond": "(supplier.s_nationkey = nation.n_nationkey)",
                                  "Plans": [
                                    {
                                      "Node Type": "Hash Join",
                                      "Parent Relationship": "Outer",
                                      "Parallel Aware": false,
                                      "Async Capable": false,
                                      "Join Type": "Inner",
                                      "Startup Cost": 448.43,
                                      "Total Cost": 15187.92,
                                      "Plan Rows": 20040,
                                      "Plan Width": 26,
                                      "Output": [
                                        "part.p_partkey",
                                        "partsupp.ps_supplycost",
                                        "partsupp.ps_suppkey",
                                        "partsupp.ps_partkey",
                                        "supplier.s_suppkey",
                                        "supplier.s_nationkey"
                                      ],
                                      "Inner Unique": true,
                                      "Hash Cond": "(partsupp.ps_suppkey = supplier.s_suppkey)",
                                      "Plans": [
                                        {
                                          "Node Type": "Nested Loop",
                                          "Parent Relationship": "Outer",
                                          "Parallel Aware": false,
                                          "Async Capable": false,
                                          "Join Type": "Inner",
                                          "Startup Cost": 0.42,
                                          "Total Cost": 14687.3,
                                          "Plan Rows": 20040,
                                          "Plan Width": 18,
                                          "Output": [
                                            "part.p_partkey",
                                            "partsupp.ps_supplycost",
                                            "partsupp.ps_suppkey",
                                            "partsupp.ps_partkey"
                                          ],
                                          "Inner Unique": false,
                                          "Plans": [
                                            {
                                              "Node Type": "Seq Scan",
                                              "Parent Relationship": "Outer",
                                              "Parallel Aware": true,
                                              "Async Capable": false,
                                              "Relation Name": "part",
                                              "Schema": "public",
                                              "Alias": "part",
                                              "Startup Cost": 0.0,
                                              "Total Cost": 5169.67,
                                              "Plan Rows": 5010,
                                              "Plan Width": 4,
                                              "Output": [
                                                "part.p_partkey",
                                                "part.p_name",
                                                "part.p_mfgr",
                                                "part.p_brand",
                                                "part.p_type",
                                                "part.p_size",
                                                "part.p_container",
                                                "part.p_retailprice",
                                                "part.p_comment"
                                              ],
                                              "Filter": "((part.p_name)::text ~~ '%deep%'::text)"
                                            },
                                            {
                                              "Node Type": "Index Scan",
                                              "Parent Relationship": "Inner",
                                              "Parallel Aware": false,
                                              "Async Capable": false,
                                              "Scan Direction": "Forward",
                                              "Index Name": "partsupp_pkey",
                                              "Relation Name": "partsupp",
                                              "Schema": "public",
                                              "Alias": "partsupp",
                                              "Startup Cost": 0.42,
                                              "Total Cost": 1.86,
                                              "Plan Rows": 4,
                                              "Plan Width": 14,
                                              "Output": [
                                                "partsupp.ps_partkey",
                                                "partsupp.ps_suppkey",
                                                "partsupp.ps_availqty",
                                                "partsupp.ps_supplycost",
                                                "partsupp.ps_comment"
                                              ],
                                              "Index Cond": "(partsupp.ps_partkey = part.p_partkey)"
                                            }
                                          ]
                                        },
                                        {
                                          "Node Type": "Hash",
                                          "Parent Relationship": "Inner",
                                          "Parallel Aware": false,
                                          "Async Capable": false,
                                          "Startup Cost": 323.0,
                                          "Total Cost": 323.0,
                                          "Plan Rows": 10000,
                                          "Plan Width": 8,
                                          "Output": [
                                            "supplier.s_suppkey",
                                            "supplier.s_nationkey"
                                          ],
                                          "Plans": [
                                            {
                                              "Node Type": "Seq Scan",
                                              "Parent Relationship": "Outer",
                                              "Parallel Aware": false,
                                              "Async Capable": false,
                                              "Relation Name": "supplier",
                                              "Schema": "public",
                                              "Alias": "supplier",
                                              "Startup Cost": 0.0,
                                              "Total Cost": 323.0,
                                              "Plan Rows": 10000,
                                              "Plan Width": 8,
                                              "Output": [
                                                "supplier.s_suppkey",
                                                "supplier.s_nationkey"
                                              ]
                                            }
                                          ]
                                        }
                                      ]
                                    },
                                    {
                                      "Node Type": "Hash",
                                      "Parent Relationship": "Inner",
                                      "Parallel Aware": false,
                                      "Async Capable": false,
                                      "Startup Cost": 1.25,
                                      "Total Cost": 1.25,
                                      "Plan Rows": 25,
                                      "Plan Width": 108,
                                      "Output": [
                                        "nation.n_name",
                                        "nation.n_nationkey"
                                      ],
                                      "Plans": [
                                        {
                                          "Node Type": "Seq Scan",
                                          "Parent Relationship": "Outer",
                                          "Parallel Aware": false,
                                          "Async Capable": false,
                                          "Relation Name": "nation",
                                          "Schema": "public",
                                          "Alias": "nation",
                                          "Startup Cost": 0.0,
                                          "Total Cost": 1.25,
                                          "Plan Rows": 25,
                                          "Plan Width": 108,
                                          "Output": [
                                            "nation.n_name",
                                            "nation.n_nationkey"
                                          ]
                                        }
                                      ]
                                    }
                                  ]
                                }
                              ]
                            }
                          ]
                        },
                        {
                          "Node Type": "Index Scan",
                          "Parent Relationship": "Inner",
                          "Parallel Aware": false,
                          "Async Capable": false,
                          "Scan Direction": "Forward",
                          "Index Name": "orders_pkey",
                          "Relation Name": "orders",
                          "Schema": "public",
                          "Alias": "orders",
                          "Startup Cost": 0.43,
                          "Total Cost": 0.45,
                          "Plan Rows": 1,
                          "Plan Width": 8,
                          "Output": [
                            "orders.o_orderkey",
                            "orders.o_custkey",
                            "orders.o_orderstatus",
                            "orders.o_totalprice",
                            "orders.o_orderdate",
                            "orders.o_orderpriority",
                            "orders.o_clerk",
                            "orders.o_shippriority",
                            "orders.o_comment"
                          ],
                          "Index Cond": "(orders.o_orderkey = lineitem.l_orderkey)"
                        }
                      ]
                    }
                  ]
                }
              ]
            }
          ]
        }
      ]
    },
    "JIT": {
      "Functions": 43,
      "Options": {
        "Inlining": false,
        "Optimization": false,
        "Expressions": true,
        "Deforming": true
      }
    }
  }
]
```

---

## 88. Q9_43_seed_344569302.sql

**File Path:** `/Users/brunowinter2000/Documents/Thesis/2025_2026/Plan-Level/Generated_Queries/Q9/Q9_43_seed_344569302.sql`

### EXPLAIN JSON

```json
[
  {
    "Plan": {
      "Node Type": "Sort",
      "Parallel Aware": false,
      "Async Capable": false,
      "Startup Cost": 211969.48,
      "Total Cost": 212119.85,
      "Plan Rows": 60150,
      "Plan Width": 168,
      "Output": [
        "nation.n_name",
        "(EXTRACT(year FROM orders.o_orderdate))",
        "(sum(((lineitem.l_extendedprice * ('1'::numeric - lineitem.l_discount)) - (partsupp.ps_supplycost * lineitem.l_quantity))))"
      ],
      "Sort Key": [
        "nation.n_name",
        "(EXTRACT(year FROM orders.o_orderdate)) DESC"
      ],
      "Plans": [
        {
          "Node Type": "Aggregate",
          "Strategy": "Hashed",
          "Partial Mode": "Finalize",
          "Parent Relationship": "Outer",
          "Parallel Aware": false,
          "Async Capable": false,
          "Startup Cost": 206292.44,
          "Total Cost": 207194.69,
          "Plan Rows": 60150,
          "Plan Width": 168,
          "Output": [
            "nation.n_name",
            "(EXTRACT(year FROM orders.o_orderdate))",
            "sum(((lineitem.l_extendedprice * ('1'::numeric - lineitem.l_discount)) - (partsupp.ps_supplycost * lineitem.l_quantity)))"
          ],
          "Group Key": [
            "nation.n_name",
            "(EXTRACT(year FROM orders.o_orderdate))"
          ],
          "Planned Partitions": 0,
          "Plans": [
            {
              "Node Type": "Gather",
              "Parent Relationship": "Outer",
              "Parallel Aware": false,
              "Async Capable": false,
              "Startup Cost": 175037.2,
              "Total Cost": 203526.49,
              "Plan Rows": 276595,
              "Plan Width": 168,
              "Output": [
                "nation.n_name",
                "(EXTRACT(year FROM orders.o_orderdate))",
                "(PARTIAL sum(((lineitem.l_extendedprice * ('1'::numeric - lineitem.l_discount)) - (partsupp.ps_supplycost * lineitem.l_quantity))))"
              ],
              "Workers Planned": 5,
              "Single Copy": false,
              "Plans": [
                {
                  "Node Type": "Aggregate",
                  "Strategy": "Hashed",
                  "Partial Mode": "Partial",
                  "Parent Relationship": "Outer",
                  "Parallel Aware": false,
                  "Async Capable": false,
                  "Startup Cost": 174037.2,
                  "Total Cost": 174866.99,
                  "Plan Rows": 55319,
                  "Plan Width": 168,
                  "Output": [
                    "nation.n_name",
                    "(EXTRACT(year FROM orders.o_orderdate))",
                    "PARTIAL sum(((lineitem.l_extendedprice * ('1'::numeric - lineitem.l_discount)) - (partsupp.ps_supplycost * lineitem.l_quantity)))"
                  ],
                  "Group Key": [
                    "nation.n_name",
                    "EXTRACT(year FROM orders.o_orderdate)"
                  ],
                  "Planned Partitions": 0,
                  "Plans": [
                    {
                      "Node Type": "Nested Loop",
                      "Parent Relationship": "Outer",
                      "Parallel Aware": false,
                      "Async Capable": false,
                      "Join Type": "Inner",
                      "Startup Cost": 14403.2,
                      "Total Cost": 173069.12,
                      "Plan Rows": 55319,
                      "Plan Width": 159,
                      "Output": [
                        "nation.n_name",
                        "EXTRACT(year FROM orders.o_orderdate)",
                        "lineitem.l_extendedprice",
                        "lineitem.l_discount",
                        "partsupp.ps_supplycost",
                        "lineitem.l_quantity"
                      ],
                      "Inner Unique": true,
                      "Plans": [
                        {
                          "Node Type": "Hash Join",
                          "Parent Relationship": "Outer",
                          "Parallel Aware": true,
                          "Async Capable": false,
                          "Join Type": "Inner",
                          "Startup Cost": 14402.78,
                          "Total Cost": 148007.12,
                          "Plan Rows": 55319,
                          "Plan Width": 131,
                          "Output": [
                            "lineitem.l_extendedprice",
                            "lineitem.l_discount",
                            "lineitem.l_quantity",
                            "lineitem.l_orderkey",
                            "partsupp.ps_supplycost",
                            "nation.n_name"
                          ],
                          "Inner Unique": false,
                          "Hash Cond": "((lineitem.l_suppkey = supplier.s_suppkey) AND (lineitem.l_partkey = partsupp.ps_partkey))",
                          "Plans": [
                            {
                              "Node Type": "Seq Scan",
                              "Parent Relationship": "Outer",
                              "Parallel Aware": true,
                              "Async Capable": false,
                              "Relation Name": "lineitem",
                              "Schema": "public",
                              "Alias": "lineitem",
                              "Startup Cost": 0.0,
                              "Total Cost": 124602.43,
                              "Plan Rows": 1200243,
                              "Plan Width": 29,
                              "Output": [
                                "lineitem.l_orderkey",
                                "lineitem.l_partkey",
                                "lineitem.l_suppkey",
                                "lineitem.l_linenumber",
                                "lineitem.l_quantity",
                                "lineitem.l_extendedprice",
                                "lineitem.l_discount",
                                "lineitem.l_tax",
                                "lineitem.l_returnflag",
                                "lineitem.l_linestatus",
                                "lineitem.l_shipdate",
                                "lineitem.l_commitdate",
                                "lineitem.l_receiptdate",
                                "lineitem.l_shipinstruct",
                                "lineitem.l_shipmode",
                                "lineitem.l_comment"
                              ]
                            },
                            {
                              "Node Type": "Hash",
                              "Parent Relationship": "Inner",
                              "Parallel Aware": true,
                              "Async Capable": false,
                              "Startup Cost": 14172.33,
                              "Total Cost": 14172.33,
                              "Plan Rows": 15363,
                              "Plan Width": 126,
                              "Output": [
                                "part.p_partkey",
                                "partsupp.ps_supplycost",
                                "partsupp.ps_suppkey",
                                "partsupp.ps_partkey",
                                "supplier.s_suppkey",
                                "nation.n_name"
                              ],
                              "Plans": [
                                {
                                  "Node Type": "Hash Join",
                                  "Parent Relationship": "Outer",
                                  "Parallel Aware": false,
                                  "Async Capable": false,
                                  "Join Type": "Inner",
                                  "Startup Cost": 449.99,
                                  "Total Cost": 14172.33,
                                  "Plan Rows": 15363,
                                  "Plan Width": 126,
                                  "Output": [
                                    "part.p_partkey",
                                    "partsupp.ps_supplycost",
                                    "partsupp.ps_suppkey",
                                    "partsupp.ps_partkey",
                                    "supplier.s_suppkey",
                                    "nation.n_name"
                                  ],
                                  "Inner Unique": true,
                                  "Hash Cond": "(supplier.s_nationkey = nation.n_nationkey)",
                                  "Plans": [
                                    {
                                      "Node Type": "Hash Join",
                                      "Parent Relationship": "Outer",
                                      "Parallel Aware": false,
                                      "Async Capable": false,
                                      "Join Type": "Inner",
                                      "Startup Cost": 448.43,
                                      "Total Cost": 14123.6,
                                      "Plan Rows": 15363,
                                      "Plan Width": 26,
                                      "Output": [
                                        "part.p_partkey",
                                        "partsupp.ps_supplycost",
                                        "partsupp.ps_suppkey",
                                        "partsupp.ps_partkey",
                                        "supplier.s_suppkey",
                                        "supplier.s_nationkey"
                                      ],
                                      "Inner Unique": true,
                                      "Hash Cond": "(partsupp.ps_suppkey = supplier.s_suppkey)",
                                      "Plans": [
                                        {
                                          "Node Type": "Nested Loop",
                                          "Parent Relationship": "Outer",
                                          "Parallel Aware": false,
                                          "Async Capable": false,
                                          "Join Type": "Inner",
                                          "Startup Cost": 0.42,
                                          "Total Cost": 13635.25,
                                          "Plan Rows": 15363,
                                          "Plan Width": 18,
                                          "Output": [
                                            "part.p_partkey",
                                            "partsupp.ps_supplycost",
                                            "partsupp.ps_suppkey",
                                            "partsupp.ps_partkey"
                                          ],
                                          "Inner Unique": false,
                                          "Plans": [
                                            {
                                              "Node Type": "Seq Scan",
                                              "Parent Relationship": "Outer",
                                              "Parallel Aware": true,
                                              "Async Capable": false,
                                              "Relation Name": "part",
                                              "Schema": "public",
                                              "Alias": "part",
                                              "Startup Cost": 0.0,
                                              "Total Cost": 5169.67,
                                              "Plan Rows": 3841,
                                              "Plan Width": 4,
                                              "Output": [
                                                "part.p_partkey",
                                                "part.p_name",
                                                "part.p_mfgr",
                                                "part.p_brand",
                                                "part.p_type",
                                                "part.p_size",
                                                "part.p_container",
                                                "part.p_retailprice",
                                                "part.p_comment"
                                              ],
                                              "Filter": "((part.p_name)::text ~~ '%puff%'::text)"
                                            },
                                            {
                                              "Node Type": "Index Scan",
                                              "Parent Relationship": "Inner",
                                              "Parallel Aware": false,
                                              "Async Capable": false,
                                              "Scan Direction": "Forward",
                                              "Index Name": "partsupp_pkey",
                                              "Relation Name": "partsupp",
                                              "Schema": "public",
                                              "Alias": "partsupp",
                                              "Startup Cost": 0.42,
                                              "Total Cost": 2.16,
                                              "Plan Rows": 4,
                                              "Plan Width": 14,
                                              "Output": [
                                                "partsupp.ps_partkey",
                                                "partsupp.ps_suppkey",
                                                "partsupp.ps_availqty",
                                                "partsupp.ps_supplycost",
                                                "partsupp.ps_comment"
                                              ],
                                              "Index Cond": "(partsupp.ps_partkey = part.p_partkey)"
                                            }
                                          ]
                                        },
                                        {
                                          "Node Type": "Hash",
                                          "Parent Relationship": "Inner",
                                          "Parallel Aware": false,
                                          "Async Capable": false,
                                          "Startup Cost": 323.0,
                                          "Total Cost": 323.0,
                                          "Plan Rows": 10000,
                                          "Plan Width": 8,
                                          "Output": [
                                            "supplier.s_suppkey",
                                            "supplier.s_nationkey"
                                          ],
                                          "Plans": [
                                            {
                                              "Node Type": "Seq Scan",
                                              "Parent Relationship": "Outer",
                                              "Parallel Aware": false,
                                              "Async Capable": false,
                                              "Relation Name": "supplier",
                                              "Schema": "public",
                                              "Alias": "supplier",
                                              "Startup Cost": 0.0,
                                              "Total Cost": 323.0,
                                              "Plan Rows": 10000,
                                              "Plan Width": 8,
                                              "Output": [
                                                "supplier.s_suppkey",
                                                "supplier.s_nationkey"
                                              ]
                                            }
                                          ]
                                        }
                                      ]
                                    },
                                    {
                                      "Node Type": "Hash",
                                      "Parent Relationship": "Inner",
                                      "Parallel Aware": false,
                                      "Async Capable": false,
                                      "Startup Cost": 1.25,
                                      "Total Cost": 1.25,
                                      "Plan Rows": 25,
                                      "Plan Width": 108,
                                      "Output": [
                                        "nation.n_name",
                                        "nation.n_nationkey"
                                      ],
                                      "Plans": [
                                        {
                                          "Node Type": "Seq Scan",
                                          "Parent Relationship": "Outer",
                                          "Parallel Aware": false,
                                          "Async Capable": false,
                                          "Relation Name": "nation",
                                          "Schema": "public",
                                          "Alias": "nation",
                                          "Startup Cost": 0.0,
                                          "Total Cost": 1.25,
                                          "Plan Rows": 25,
                                          "Plan Width": 108,
                                          "Output": [
                                            "nation.n_name",
                                            "nation.n_nationkey"
                                          ]
                                        }
                                      ]
                                    }
                                  ]
                                }
                              ]
                            }
                          ]
                        },
                        {
                          "Node Type": "Index Scan",
                          "Parent Relationship": "Inner",
                          "Parallel Aware": false,
                          "Async Capable": false,
                          "Scan Direction": "Forward",
                          "Index Name": "orders_pkey",
                          "Relation Name": "orders",
                          "Schema": "public",
                          "Alias": "orders",
                          "Startup Cost": 0.43,
                          "Total Cost": 0.45,
                          "Plan Rows": 1,
                          "Plan Width": 8,
                          "Output": [
                            "orders.o_orderkey",
                            "orders.o_custkey",
                            "orders.o_orderstatus",
                            "orders.o_totalprice",
                            "orders.o_orderdate",
                            "orders.o_orderpriority",
                            "orders.o_clerk",
                            "orders.o_shippriority",
                            "orders.o_comment"
                          ],
                          "Index Cond": "(orders.o_orderkey = lineitem.l_orderkey)"
                        }
                      ]
                    }
                  ]
                }
              ]
            }
          ]
        }
      ]
    },
    "JIT": {
      "Functions": 43,
      "Options": {
        "Inlining": false,
        "Optimization": false,
        "Expressions": true,
        "Deforming": true
      }
    }
  }
]
```

---

## 89. Q9_44_seed_352773333.sql

**File Path:** `/Users/brunowinter2000/Documents/Thesis/2025_2026/Plan-Level/Generated_Queries/Q9/Q9_44_seed_352773333.sql`

### EXPLAIN JSON

```json
[
  {
    "Plan": {
      "Node Type": "Sort",
      "Parallel Aware": false,
      "Async Capable": false,
      "Startup Cost": 219890.98,
      "Total Cost": 220041.36,
      "Plan Rows": 60150,
      "Plan Width": 168,
      "Output": [
        "nation.n_name",
        "(EXTRACT(year FROM orders.o_orderdate))",
        "(sum(((lineitem.l_extendedprice * ('1'::numeric - lineitem.l_discount)) - (partsupp.ps_supplycost * lineitem.l_quantity))))"
      ],
      "Sort Key": [
        "nation.n_name",
        "(EXTRACT(year FROM orders.o_orderdate)) DESC"
      ],
      "Plans": [
        {
          "Node Type": "Aggregate",
          "Strategy": "Hashed",
          "Partial Mode": "Finalize",
          "Parent Relationship": "Outer",
          "Parallel Aware": false,
          "Async Capable": false,
          "Startup Cost": 214213.94,
          "Total Cost": 215116.19,
          "Plan Rows": 60150,
          "Plan Width": 168,
          "Output": [
            "nation.n_name",
            "(EXTRACT(year FROM orders.o_orderdate))",
            "sum(((lineitem.l_extendedprice * ('1'::numeric - lineitem.l_discount)) - (partsupp.ps_supplycost * lineitem.l_quantity)))"
          ],
          "Group Key": [
            "nation.n_name",
            "(EXTRACT(year FROM orders.o_orderdate))"
          ],
          "Planned Partitions": 0,
          "Plans": [
            {
              "Node Type": "Gather",
              "Parent Relationship": "Outer",
              "Parallel Aware": false,
              "Async Capable": false,
              "Startup Cost": 180229.19,
              "Total Cost": 211206.44,
              "Plan Rows": 300750,
              "Plan Width": 168,
              "Output": [
                "nation.n_name",
                "(EXTRACT(year FROM orders.o_orderdate))",
                "(PARTIAL sum(((lineitem.l_extendedprice * ('1'::numeric - lineitem.l_discount)) - (partsupp.ps_supplycost * lineitem.l_quantity))))"
              ],
              "Workers Planned": 5,
              "Single Copy": false,
              "Plans": [
                {
                  "Node Type": "Aggregate",
                  "Strategy": "Hashed",
                  "Partial Mode": "Partial",
                  "Parent Relationship": "Outer",
                  "Parallel Aware": false,
                  "Async Capable": false,
                  "Startup Cost": 179229.19,
                  "Total Cost": 180131.44,
                  "Plan Rows": 60150,
                  "Plan Width": 168,
                  "Output": [
                    "nation.n_name",
                    "(EXTRACT(year FROM orders.o_orderdate))",
                    "PARTIAL sum(((lineitem.l_extendedprice * ('1'::numeric - lineitem.l_discount)) - (partsupp.ps_supplycost * lineitem.l_quantity)))"
                  ],
                  "Group Key": [
                    "nation.n_name",
                    "EXTRACT(year FROM orders.o_orderdate)"
                  ],
                  "Planned Partitions": 0,
                  "Plans": [
                    {
                      "Node Type": "Nested Loop",
                      "Parent Relationship": "Outer",
                      "Parallel Aware": false,
                      "Async Capable": false,
                      "Join Type": "Inner",
                      "Startup Cost": 15065.71,
                      "Total Cost": 178092.65,
                      "Plan Rows": 64945,
                      "Plan Width": 159,
                      "Output": [
                        "nation.n_name",
                        "EXTRACT(year FROM orders.o_orderdate)",
                        "lineitem.l_extendedprice",
                        "lineitem.l_discount",
                        "partsupp.ps_supplycost",
                        "lineitem.l_quantity"
                      ],
                      "Inner Unique": true,
                      "Plans": [
                        {
                          "Node Type": "Hash Join",
                          "Parent Relationship": "Outer",
                          "Parallel Aware": true,
                          "Async Capable": false,
                          "Join Type": "Inner",
                          "Startup Cost": 15065.28,
                          "Total Cost": 148669.64,
                          "Plan Rows": 64945,
                          "Plan Width": 131,
                          "Output": [
                            "lineitem.l_extendedprice",
                            "lineitem.l_discount",
                            "lineitem.l_quantity",
                            "lineitem.l_orderkey",
                            "partsupp.ps_supplycost",
                            "nation.n_name"
                          ],
                          "Inner Unique": false,
                          "Hash Cond": "((lineitem.l_suppkey = supplier.s_suppkey) AND (lineitem.l_partkey = partsupp.ps_partkey))",
                          "Plans": [
                            {
                              "Node Type": "Seq Scan",
                              "Parent Relationship": "Outer",
                              "Parallel Aware": true,
                              "Async Capable": false,
                              "Relation Name": "lineitem",
                              "Schema": "public",
                              "Alias": "lineitem",
                              "Startup Cost": 0.0,
                              "Total Cost": 124602.43,
                              "Plan Rows": 1200243,
                              "Plan Width": 29,
                              "Output": [
                                "lineitem.l_orderkey",
                                "lineitem.l_partkey",
                                "lineitem.l_suppkey",
                                "lineitem.l_linenumber",
                                "lineitem.l_quantity",
                                "lineitem.l_extendedprice",
                                "lineitem.l_discount",
                                "lineitem.l_tax",
                                "lineitem.l_returnflag",
                                "lineitem.l_linestatus",
                                "lineitem.l_shipdate",
                                "lineitem.l_commitdate",
                                "lineitem.l_receiptdate",
                                "lineitem.l_shipinstruct",
                                "lineitem.l_shipmode",
                                "lineitem.l_comment"
                              ]
                            },
                            {
                              "Node Type": "Hash",
                              "Parent Relationship": "Inner",
                              "Parallel Aware": true,
                              "Async Capable": false,
                              "Startup Cost": 14794.72,
                              "Total Cost": 14794.72,
                              "Plan Rows": 18037,
                              "Plan Width": 126,
                              "Output": [
                                "part.p_partkey",
                                "partsupp.ps_supplycost",
                                "partsupp.ps_suppkey",
                                "partsupp.ps_partkey",
                                "supplier.s_suppkey",
                                "nation.n_name"
                              ],
                              "Plans": [
                                {
                                  "Node Type": "Hash Join",
                                  "Parent Relationship": "Outer",
                                  "Parallel Aware": false,
                                  "Async Capable": false,
                                  "Join Type": "Inner",
                                  "Startup Cost": 449.99,
                                  "Total Cost": 14794.72,
                                  "Plan Rows": 18037,
                                  "Plan Width": 126,
                                  "Output": [
                                    "part.p_partkey",
                                    "partsupp.ps_supplycost",
                                    "partsupp.ps_suppkey",
                                    "partsupp.ps_partkey",
                                    "supplier.s_suppkey",
                                    "nation.n_name"
                                  ],
                                  "Inner Unique": true,
                                  "Hash Cond": "(supplier.s_nationkey = nation.n_nationkey)",
                                  "Plans": [
                                    {
                                      "Node Type": "Hash Join",
                                      "Parent Relationship": "Outer",
                                      "Parallel Aware": false,
                                      "Async Capable": false,
                                      "Join Type": "Inner",
                                      "Startup Cost": 448.43,
                                      "Total Cost": 14737.79,
                                      "Plan Rows": 18037,
                                      "Plan Width": 26,
                                      "Output": [
                                        "part.p_partkey",
                                        "partsupp.ps_supplycost",
                                        "partsupp.ps_suppkey",
                                        "partsupp.ps_partkey",
                                        "supplier.s_suppkey",
                                        "supplier.s_nationkey"
                                      ],
                                      "Inner Unique": true,
                                      "Hash Cond": "(partsupp.ps_suppkey = supplier.s_suppkey)",
                                      "Plans": [
                                        {
                                          "Node Type": "Nested Loop",
                                          "Parent Relationship": "Outer",
                                          "Parallel Aware": false,
                                          "Async Capable": false,
                                          "Join Type": "Inner",
                                          "Startup Cost": 0.42,
                                          "Total Cost": 14242.42,
                                          "Plan Rows": 18037,
                                          "Plan Width": 18,
                                          "Output": [
                                            "part.p_partkey",
                                            "partsupp.ps_supplycost",
                                            "partsupp.ps_suppkey",
                                            "partsupp.ps_partkey"
                                          ],
                                          "Inner Unique": false,
                                          "Plans": [
                                            {
                                              "Node Type": "Seq Scan",
                                              "Parent Relationship": "Outer",
                                              "Parallel Aware": true,
                                              "Async Capable": false,
                                              "Relation Name": "part",
                                              "Schema": "public",
                                              "Alias": "part",
                                              "Startup Cost": 0.0,
                                              "Total Cost": 5169.67,
                                              "Plan Rows": 4509,
                                              "Plan Width": 4,
                                              "Output": [
                                                "part.p_partkey",
                                                "part.p_name",
                                                "part.p_mfgr",
                                                "part.p_brand",
                                                "part.p_type",
                                                "part.p_size",
                                                "part.p_container",
                                                "part.p_retailprice",
                                                "part.p_comment"
                                              ],
                                              "Filter": "((part.p_name)::text ~~ '%dark%'::text)"
                                            },
                                            {
                                              "Node Type": "Index Scan",
                                              "Parent Relationship": "Inner",
                                              "Parallel Aware": false,
                                              "Async Capable": false,
                                              "Scan Direction": "Forward",
                                              "Index Name": "partsupp_pkey",
                                              "Relation Name": "partsupp",
                                              "Schema": "public",
                                              "Alias": "partsupp",
                                              "Startup Cost": 0.42,
                                              "Total Cost": 1.97,
                                              "Plan Rows": 4,
                                              "Plan Width": 14,
                                              "Output": [
                                                "partsupp.ps_partkey",
                                                "partsupp.ps_suppkey",
                                                "partsupp.ps_availqty",
                                                "partsupp.ps_supplycost",
                                                "partsupp.ps_comment"
                                              ],
                                              "Index Cond": "(partsupp.ps_partkey = part.p_partkey)"
                                            }
                                          ]
                                        },
                                        {
                                          "Node Type": "Hash",
                                          "Parent Relationship": "Inner",
                                          "Parallel Aware": false,
                                          "Async Capable": false,
                                          "Startup Cost": 323.0,
                                          "Total Cost": 323.0,
                                          "Plan Rows": 10000,
                                          "Plan Width": 8,
                                          "Output": [
                                            "supplier.s_suppkey",
                                            "supplier.s_nationkey"
                                          ],
                                          "Plans": [
                                            {
                                              "Node Type": "Seq Scan",
                                              "Parent Relationship": "Outer",
                                              "Parallel Aware": false,
                                              "Async Capable": false,
                                              "Relation Name": "supplier",
                                              "Schema": "public",
                                              "Alias": "supplier",
                                              "Startup Cost": 0.0,
                                              "Total Cost": 323.0,
                                              "Plan Rows": 10000,
                                              "Plan Width": 8,
                                              "Output": [
                                                "supplier.s_suppkey",
                                                "supplier.s_nationkey"
                                              ]
                                            }
                                          ]
                                        }
                                      ]
                                    },
                                    {
                                      "Node Type": "Hash",
                                      "Parent Relationship": "Inner",
                                      "Parallel Aware": false,
                                      "Async Capable": false,
                                      "Startup Cost": 1.25,
                                      "Total Cost": 1.25,
                                      "Plan Rows": 25,
                                      "Plan Width": 108,
                                      "Output": [
                                        "nation.n_name",
                                        "nation.n_nationkey"
                                      ],
                                      "Plans": [
                                        {
                                          "Node Type": "Seq Scan",
                                          "Parent Relationship": "Outer",
                                          "Parallel Aware": false,
                                          "Async Capable": false,
                                          "Relation Name": "nation",
                                          "Schema": "public",
                                          "Alias": "nation",
                                          "Startup Cost": 0.0,
                                          "Total Cost": 1.25,
                                          "Plan Rows": 25,
                                          "Plan Width": 108,
                                          "Output": [
                                            "nation.n_name",
                                            "nation.n_nationkey"
                                          ]
                                        }
                                      ]
                                    }
                                  ]
                                }
                              ]
                            }
                          ]
                        },
                        {
                          "Node Type": "Index Scan",
                          "Parent Relationship": "Inner",
                          "Parallel Aware": false,
                          "Async Capable": false,
                          "Scan Direction": "Forward",
                          "Index Name": "orders_pkey",
                          "Relation Name": "orders",
                          "Schema": "public",
                          "Alias": "orders",
                          "Startup Cost": 0.43,
                          "Total Cost": 0.45,
                          "Plan Rows": 1,
                          "Plan Width": 8,
                          "Output": [
                            "orders.o_orderkey",
                            "orders.o_custkey",
                            "orders.o_orderstatus",
                            "orders.o_totalprice",
                            "orders.o_orderdate",
                            "orders.o_orderpriority",
                            "orders.o_clerk",
                            "orders.o_shippriority",
                            "orders.o_comment"
                          ],
                          "Index Cond": "(orders.o_orderkey = lineitem.l_orderkey)"
                        }
                      ]
                    }
                  ]
                }
              ]
            }
          ]
        }
      ]
    },
    "JIT": {
      "Functions": 43,
      "Options": {
        "Inlining": false,
        "Optimization": false,
        "Expressions": true,
        "Deforming": true
      }
    }
  }
]
```

---

## 90. Q9_45_seed_360977364.sql

**File Path:** `/Users/brunowinter2000/Documents/Thesis/2025_2026/Plan-Level/Generated_Queries/Q9/Q9_45_seed_360977364.sql`

### EXPLAIN JSON

```json
[
  {
    "Plan": {
      "Node Type": "Sort",
      "Parallel Aware": false,
      "Async Capable": false,
      "Startup Cost": 222478.18,
      "Total Cost": 222628.55,
      "Plan Rows": 60150,
      "Plan Width": 168,
      "Output": [
        "nation.n_name",
        "(EXTRACT(year FROM orders.o_orderdate))",
        "(sum(((lineitem.l_extendedprice * ('1'::numeric - lineitem.l_discount)) - (partsupp.ps_supplycost * lineitem.l_quantity))))"
      ],
      "Sort Key": [
        "nation.n_name",
        "(EXTRACT(year FROM orders.o_orderdate)) DESC"
      ],
      "Plans": [
        {
          "Node Type": "Aggregate",
          "Strategy": "Hashed",
          "Partial Mode": "Finalize",
          "Parent Relationship": "Outer",
          "Parallel Aware": false,
          "Async Capable": false,
          "Startup Cost": 216801.14,
          "Total Cost": 217703.39,
          "Plan Rows": 60150,
          "Plan Width": 168,
          "Output": [
            "nation.n_name",
            "(EXTRACT(year FROM orders.o_orderdate))",
            "sum(((lineitem.l_extendedprice * ('1'::numeric - lineitem.l_discount)) - (partsupp.ps_supplycost * lineitem.l_quantity)))"
          ],
          "Group Key": [
            "nation.n_name",
            "(EXTRACT(year FROM orders.o_orderdate))"
          ],
          "Planned Partitions": 0,
          "Plans": [
            {
              "Node Type": "Gather",
              "Parent Relationship": "Outer",
              "Parallel Aware": false,
              "Async Capable": false,
              "Startup Cost": 182816.39,
              "Total Cost": 213793.64,
              "Plan Rows": 300750,
              "Plan Width": 168,
              "Output": [
                "nation.n_name",
                "(EXTRACT(year FROM orders.o_orderdate))",
                "(PARTIAL sum(((lineitem.l_extendedprice * ('1'::numeric - lineitem.l_discount)) - (partsupp.ps_supplycost * lineitem.l_quantity))))"
              ],
              "Workers Planned": 5,
              "Single Copy": false,
              "Plans": [
                {
                  "Node Type": "Aggregate",
                  "Strategy": "Hashed",
                  "Partial Mode": "Partial",
                  "Parent Relationship": "Outer",
                  "Parallel Aware": false,
                  "Async Capable": false,
                  "Startup Cost": 181816.39,
                  "Total Cost": 182718.64,
                  "Plan Rows": 60150,
                  "Plan Width": 168,
                  "Output": [
                    "nation.n_name",
                    "(EXTRACT(year FROM orders.o_orderdate))",
                    "PARTIAL sum(((lineitem.l_extendedprice * ('1'::numeric - lineitem.l_discount)) - (partsupp.ps_supplycost * lineitem.l_quantity)))"
                  ],
                  "Group Key": [
                    "nation.n_name",
                    "EXTRACT(year FROM orders.o_orderdate)"
                  ],
                  "Planned Partitions": 0,
                  "Plans": [
                    {
                      "Node Type": "Nested Loop",
                      "Parent Relationship": "Outer",
                      "Parallel Aware": false,
                      "Async Capable": false,
                      "Join Type": "Inner",
                      "Startup Cost": 15390.98,
                      "Total Cost": 180595.73,
                      "Plan Rows": 69752,
                      "Plan Width": 159,
                      "Output": [
                        "nation.n_name",
                        "EXTRACT(year FROM orders.o_orderdate)",
                        "lineitem.l_extendedprice",
                        "lineitem.l_discount",
                        "partsupp.ps_supplycost",
                        "lineitem.l_quantity"
                      ],
                      "Inner Unique": true,
                      "Plans": [
                        {
                          "Node Type": "Hash Join",
                          "Parent Relationship": "Outer",
                          "Parallel Aware": true,
                          "Async Capable": false,
                          "Join Type": "Inner",
                          "Startup Cost": 15390.55,
                          "Total Cost": 148994.93,
                          "Plan Rows": 69752,
                          "Plan Width": 131,
                          "Output": [
                            "lineitem.l_extendedprice",
                            "lineitem.l_discount",
                            "lineitem.l_quantity",
                            "lineitem.l_orderkey",
                            "partsupp.ps_supplycost",
                            "nation.n_name"
                          ],
                          "Inner Unique": false,
                          "Hash Cond": "((lineitem.l_suppkey = supplier.s_suppkey) AND (lineitem.l_partkey = partsupp.ps_partkey))",
                          "Plans": [
                            {
                              "Node Type": "Seq Scan",
                              "Parent Relationship": "Outer",
                              "Parallel Aware": true,
                              "Async Capable": false,
                              "Relation Name": "lineitem",
                              "Schema": "public",
                              "Alias": "lineitem",
                              "Startup Cost": 0.0,
                              "Total Cost": 124602.43,
                              "Plan Rows": 1200243,
                              "Plan Width": 29,
                              "Output": [
                                "lineitem.l_orderkey",
                                "lineitem.l_partkey",
                                "lineitem.l_suppkey",
                                "lineitem.l_linenumber",
                                "lineitem.l_quantity",
                                "lineitem.l_extendedprice",
                                "lineitem.l_discount",
                                "lineitem.l_tax",
                                "lineitem.l_returnflag",
                                "lineitem.l_linestatus",
                                "lineitem.l_shipdate",
                                "lineitem.l_commitdate",
                                "lineitem.l_receiptdate",
                                "lineitem.l_shipinstruct",
                                "lineitem.l_shipmode",
                                "lineitem.l_comment"
                              ]
                            },
                            {
                              "Node Type": "Hash",
                              "Parent Relationship": "Inner",
                              "Parallel Aware": true,
                              "Async Capable": false,
                              "Startup Cost": 15099.97,
                              "Total Cost": 15099.97,
                              "Plan Rows": 19372,
                              "Plan Width": 126,
                              "Output": [
                                "part.p_partkey",
                                "partsupp.ps_supplycost",
                                "partsupp.ps_suppkey",
                                "partsupp.ps_partkey",
                                "supplier.s_suppkey",
                                "nation.n_name"
                              ],
                              "Plans": [
                                {
                                  "Node Type": "Hash Join",
                                  "Parent Relationship": "Outer",
                                  "Parallel Aware": false,
                                  "Async Capable": false,
                                  "Join Type": "Inner",
                                  "Startup Cost": 449.99,
                                  "Total Cost": 15099.97,
                                  "Plan Rows": 19372,
                                  "Plan Width": 126,
                                  "Output": [
                                    "part.p_partkey",
                                    "partsupp.ps_supplycost",
                                    "partsupp.ps_suppkey",
                                    "partsupp.ps_partkey",
                                    "supplier.s_suppkey",
                                    "nation.n_name"
                                  ],
                                  "Inner Unique": true,
                                  "Hash Cond": "(supplier.s_nationkey = nation.n_nationkey)",
                                  "Plans": [
                                    {
                                      "Node Type": "Hash Join",
                                      "Parent Relationship": "Outer",
                                      "Parallel Aware": false,
                                      "Async Capable": false,
                                      "Join Type": "Inner",
                                      "Startup Cost": 448.43,
                                      "Total Cost": 15038.94,
                                      "Plan Rows": 19372,
                                      "Plan Width": 26,
                                      "Output": [
                                        "part.p_partkey",
                                        "partsupp.ps_supplycost",
                                        "partsupp.ps_suppkey",
                                        "partsupp.ps_partkey",
                                        "supplier.s_suppkey",
                                        "supplier.s_nationkey"
                                      ],
                                      "Inner Unique": true,
                                      "Hash Cond": "(partsupp.ps_suppkey = supplier.s_suppkey)",
                                      "Plans": [
                                        {
                                          "Node Type": "Nested Loop",
                                          "Parent Relationship": "Outer",
                                          "Parallel Aware": false,
                                          "Async Capable": false,
                                          "Join Type": "Inner",
                                          "Startup Cost": 0.42,
                                          "Total Cost": 14540.06,
                                          "Plan Rows": 19372,
                                          "Plan Width": 18,
                                          "Output": [
                                            "part.p_partkey",
                                            "partsupp.ps_supplycost",
                                            "partsupp.ps_suppkey",
                                            "partsupp.ps_partkey"
                                          ],
                                          "Inner Unique": false,
                                          "Plans": [
                                            {
                                              "Node Type": "Seq Scan",
                                              "Parent Relationship": "Outer",
                                              "Parallel Aware": true,
                                              "Async Capable": false,
                                              "Relation Name": "part",
                                              "Schema": "public",
                                              "Alias": "part",
                                              "Startup Cost": 0.0,
                                              "Total Cost": 5169.67,
                                              "Plan Rows": 4843,
                                              "Plan Width": 4,
                                              "Output": [
                                                "part.p_partkey",
                                                "part.p_name",
                                                "part.p_mfgr",
                                                "part.p_brand",
                                                "part.p_type",
                                                "part.p_size",
                                                "part.p_container",
                                                "part.p_retailprice",
                                                "part.p_comment"
                                              ],
                                              "Filter": "((part.p_name)::text ~~ '%powder%'::text)"
                                            },
                                            {
                                              "Node Type": "Index Scan",
                                              "Parent Relationship": "Inner",
                                              "Parallel Aware": false,
                                              "Async Capable": false,
                                              "Scan Direction": "Forward",
                                              "Index Name": "partsupp_pkey",
                                              "Relation Name": "partsupp",
                                              "Schema": "public",
                                              "Alias": "partsupp",
                                              "Startup Cost": 0.42,
                                              "Total Cost": 1.89,
                                              "Plan Rows": 4,
                                              "Plan Width": 14,
                                              "Output": [
                                                "partsupp.ps_partkey",
                                                "partsupp.ps_suppkey",
                                                "partsupp.ps_availqty",
                                                "partsupp.ps_supplycost",
                                                "partsupp.ps_comment"
                                              ],
                                              "Index Cond": "(partsupp.ps_partkey = part.p_partkey)"
                                            }
                                          ]
                                        },
                                        {
                                          "Node Type": "Hash",
                                          "Parent Relationship": "Inner",
                                          "Parallel Aware": false,
                                          "Async Capable": false,
                                          "Startup Cost": 323.0,
                                          "Total Cost": 323.0,
                                          "Plan Rows": 10000,
                                          "Plan Width": 8,
                                          "Output": [
                                            "supplier.s_suppkey",
                                            "supplier.s_nationkey"
                                          ],
                                          "Plans": [
                                            {
                                              "Node Type": "Seq Scan",
                                              "Parent Relationship": "Outer",
                                              "Parallel Aware": false,
                                              "Async Capable": false,
                                              "Relation Name": "supplier",
                                              "Schema": "public",
                                              "Alias": "supplier",
                                              "Startup Cost": 0.0,
                                              "Total Cost": 323.0,
                                              "Plan Rows": 10000,
                                              "Plan Width": 8,
                                              "Output": [
                                                "supplier.s_suppkey",
                                                "supplier.s_nationkey"
                                              ]
                                            }
                                          ]
                                        }
                                      ]
                                    },
                                    {
                                      "Node Type": "Hash",
                                      "Parent Relationship": "Inner",
                                      "Parallel Aware": false,
                                      "Async Capable": false,
                                      "Startup Cost": 1.25,
                                      "Total Cost": 1.25,
                                      "Plan Rows": 25,
                                      "Plan Width": 108,
                                      "Output": [
                                        "nation.n_name",
                                        "nation.n_nationkey"
                                      ],
                                      "Plans": [
                                        {
                                          "Node Type": "Seq Scan",
                                          "Parent Relationship": "Outer",
                                          "Parallel Aware": false,
                                          "Async Capable": false,
                                          "Relation Name": "nation",
                                          "Schema": "public",
                                          "Alias": "nation",
                                          "Startup Cost": 0.0,
                                          "Total Cost": 1.25,
                                          "Plan Rows": 25,
                                          "Plan Width": 108,
                                          "Output": [
                                            "nation.n_name",
                                            "nation.n_nationkey"
                                          ]
                                        }
                                      ]
                                    }
                                  ]
                                }
                              ]
                            }
                          ]
                        },
                        {
                          "Node Type": "Index Scan",
                          "Parent Relationship": "Inner",
                          "Parallel Aware": false,
                          "Async Capable": false,
                          "Scan Direction": "Forward",
                          "Index Name": "orders_pkey",
                          "Relation Name": "orders",
                          "Schema": "public",
                          "Alias": "orders",
                          "Startup Cost": 0.43,
                          "Total Cost": 0.45,
                          "Plan Rows": 1,
                          "Plan Width": 8,
                          "Output": [
                            "orders.o_orderkey",
                            "orders.o_custkey",
                            "orders.o_orderstatus",
                            "orders.o_totalprice",
                            "orders.o_orderdate",
                            "orders.o_orderpriority",
                            "orders.o_clerk",
                            "orders.o_shippriority",
                            "orders.o_comment"
                          ],
                          "Index Cond": "(orders.o_orderkey = lineitem.l_orderkey)"
                        }
                      ]
                    }
                  ]
                }
              ]
            }
          ]
        }
      ]
    },
    "JIT": {
      "Functions": 43,
      "Options": {
        "Inlining": false,
        "Optimization": false,
        "Expressions": true,
        "Deforming": true
      }
    }
  }
]
```

---

## 91. Q9_46_seed_369181395.sql

**File Path:** `/Users/brunowinter2000/Documents/Thesis/2025_2026/Plan-Level/Generated_Queries/Q9/Q9_46_seed_369181395.sql`

### EXPLAIN JSON

```json
[
  {
    "Plan": {
      "Node Type": "Sort",
      "Parallel Aware": false,
      "Async Capable": false,
      "Startup Cost": 222478.18,
      "Total Cost": 222628.55,
      "Plan Rows": 60150,
      "Plan Width": 168,
      "Output": [
        "nation.n_name",
        "(EXTRACT(year FROM orders.o_orderdate))",
        "(sum(((lineitem.l_extendedprice * ('1'::numeric - lineitem.l_discount)) - (partsupp.ps_supplycost * lineitem.l_quantity))))"
      ],
      "Sort Key": [
        "nation.n_name",
        "(EXTRACT(year FROM orders.o_orderdate)) DESC"
      ],
      "Plans": [
        {
          "Node Type": "Aggregate",
          "Strategy": "Hashed",
          "Partial Mode": "Finalize",
          "Parent Relationship": "Outer",
          "Parallel Aware": false,
          "Async Capable": false,
          "Startup Cost": 216801.14,
          "Total Cost": 217703.39,
          "Plan Rows": 60150,
          "Plan Width": 168,
          "Output": [
            "nation.n_name",
            "(EXTRACT(year FROM orders.o_orderdate))",
            "sum(((lineitem.l_extendedprice * ('1'::numeric - lineitem.l_discount)) - (partsupp.ps_supplycost * lineitem.l_quantity)))"
          ],
          "Group Key": [
            "nation.n_name",
            "(EXTRACT(year FROM orders.o_orderdate))"
          ],
          "Planned Partitions": 0,
          "Plans": [
            {
              "Node Type": "Gather",
              "Parent Relationship": "Outer",
              "Parallel Aware": false,
              "Async Capable": false,
              "Startup Cost": 182816.39,
              "Total Cost": 213793.64,
              "Plan Rows": 300750,
              "Plan Width": 168,
              "Output": [
                "nation.n_name",
                "(EXTRACT(year FROM orders.o_orderdate))",
                "(PARTIAL sum(((lineitem.l_extendedprice * ('1'::numeric - lineitem.l_discount)) - (partsupp.ps_supplycost * lineitem.l_quantity))))"
              ],
              "Workers Planned": 5,
              "Single Copy": false,
              "Plans": [
                {
                  "Node Type": "Aggregate",
                  "Strategy": "Hashed",
                  "Partial Mode": "Partial",
                  "Parent Relationship": "Outer",
                  "Parallel Aware": false,
                  "Async Capable": false,
                  "Startup Cost": 181816.39,
                  "Total Cost": 182718.64,
                  "Plan Rows": 60150,
                  "Plan Width": 168,
                  "Output": [
                    "nation.n_name",
                    "(EXTRACT(year FROM orders.o_orderdate))",
                    "PARTIAL sum(((lineitem.l_extendedprice * ('1'::numeric - lineitem.l_discount)) - (partsupp.ps_supplycost * lineitem.l_quantity)))"
                  ],
                  "Group Key": [
                    "nation.n_name",
                    "EXTRACT(year FROM orders.o_orderdate)"
                  ],
                  "Planned Partitions": 0,
                  "Plans": [
                    {
                      "Node Type": "Nested Loop",
                      "Parent Relationship": "Outer",
                      "Parallel Aware": false,
                      "Async Capable": false,
                      "Join Type": "Inner",
                      "Startup Cost": 15390.98,
                      "Total Cost": 180595.73,
                      "Plan Rows": 69752,
                      "Plan Width": 159,
                      "Output": [
                        "nation.n_name",
                        "EXTRACT(year FROM orders.o_orderdate)",
                        "lineitem.l_extendedprice",
                        "lineitem.l_discount",
                        "partsupp.ps_supplycost",
                        "lineitem.l_quantity"
                      ],
                      "Inner Unique": true,
                      "Plans": [
                        {
                          "Node Type": "Hash Join",
                          "Parent Relationship": "Outer",
                          "Parallel Aware": true,
                          "Async Capable": false,
                          "Join Type": "Inner",
                          "Startup Cost": 15390.55,
                          "Total Cost": 148994.93,
                          "Plan Rows": 69752,
                          "Plan Width": 131,
                          "Output": [
                            "lineitem.l_extendedprice",
                            "lineitem.l_discount",
                            "lineitem.l_quantity",
                            "lineitem.l_orderkey",
                            "partsupp.ps_supplycost",
                            "nation.n_name"
                          ],
                          "Inner Unique": false,
                          "Hash Cond": "((lineitem.l_suppkey = supplier.s_suppkey) AND (lineitem.l_partkey = partsupp.ps_partkey))",
                          "Plans": [
                            {
                              "Node Type": "Seq Scan",
                              "Parent Relationship": "Outer",
                              "Parallel Aware": true,
                              "Async Capable": false,
                              "Relation Name": "lineitem",
                              "Schema": "public",
                              "Alias": "lineitem",
                              "Startup Cost": 0.0,
                              "Total Cost": 124602.43,
                              "Plan Rows": 1200243,
                              "Plan Width": 29,
                              "Output": [
                                "lineitem.l_orderkey",
                                "lineitem.l_partkey",
                                "lineitem.l_suppkey",
                                "lineitem.l_linenumber",
                                "lineitem.l_quantity",
                                "lineitem.l_extendedprice",
                                "lineitem.l_discount",
                                "lineitem.l_tax",
                                "lineitem.l_returnflag",
                                "lineitem.l_linestatus",
                                "lineitem.l_shipdate",
                                "lineitem.l_commitdate",
                                "lineitem.l_receiptdate",
                                "lineitem.l_shipinstruct",
                                "lineitem.l_shipmode",
                                "lineitem.l_comment"
                              ]
                            },
                            {
                              "Node Type": "Hash",
                              "Parent Relationship": "Inner",
                              "Parallel Aware": true,
                              "Async Capable": false,
                              "Startup Cost": 15099.97,
                              "Total Cost": 15099.97,
                              "Plan Rows": 19372,
                              "Plan Width": 126,
                              "Output": [
                                "part.p_partkey",
                                "partsupp.ps_supplycost",
                                "partsupp.ps_suppkey",
                                "partsupp.ps_partkey",
                                "supplier.s_suppkey",
                                "nation.n_name"
                              ],
                              "Plans": [
                                {
                                  "Node Type": "Hash Join",
                                  "Parent Relationship": "Outer",
                                  "Parallel Aware": false,
                                  "Async Capable": false,
                                  "Join Type": "Inner",
                                  "Startup Cost": 449.99,
                                  "Total Cost": 15099.97,
                                  "Plan Rows": 19372,
                                  "Plan Width": 126,
                                  "Output": [
                                    "part.p_partkey",
                                    "partsupp.ps_supplycost",
                                    "partsupp.ps_suppkey",
                                    "partsupp.ps_partkey",
                                    "supplier.s_suppkey",
                                    "nation.n_name"
                                  ],
                                  "Inner Unique": true,
                                  "Hash Cond": "(supplier.s_nationkey = nation.n_nationkey)",
                                  "Plans": [
                                    {
                                      "Node Type": "Hash Join",
                                      "Parent Relationship": "Outer",
                                      "Parallel Aware": false,
                                      "Async Capable": false,
                                      "Join Type": "Inner",
                                      "Startup Cost": 448.43,
                                      "Total Cost": 15038.94,
                                      "Plan Rows": 19372,
                                      "Plan Width": 26,
                                      "Output": [
                                        "part.p_partkey",
                                        "partsupp.ps_supplycost",
                                        "partsupp.ps_suppkey",
                                        "partsupp.ps_partkey",
                                        "supplier.s_suppkey",
                                        "supplier.s_nationkey"
                                      ],
                                      "Inner Unique": true,
                                      "Hash Cond": "(partsupp.ps_suppkey = supplier.s_suppkey)",
                                      "Plans": [
                                        {
                                          "Node Type": "Nested Loop",
                                          "Parent Relationship": "Outer",
                                          "Parallel Aware": false,
                                          "Async Capable": false,
                                          "Join Type": "Inner",
                                          "Startup Cost": 0.42,
                                          "Total Cost": 14540.06,
                                          "Plan Rows": 19372,
                                          "Plan Width": 18,
                                          "Output": [
                                            "part.p_partkey",
                                            "partsupp.ps_supplycost",
                                            "partsupp.ps_suppkey",
                                            "partsupp.ps_partkey"
                                          ],
                                          "Inner Unique": false,
                                          "Plans": [
                                            {
                                              "Node Type": "Seq Scan",
                                              "Parent Relationship": "Outer",
                                              "Parallel Aware": true,
                                              "Async Capable": false,
                                              "Relation Name": "part",
                                              "Schema": "public",
                                              "Alias": "part",
                                              "Startup Cost": 0.0,
                                              "Total Cost": 5169.67,
                                              "Plan Rows": 4843,
                                              "Plan Width": 4,
                                              "Output": [
                                                "part.p_partkey",
                                                "part.p_name",
                                                "part.p_mfgr",
                                                "part.p_brand",
                                                "part.p_type",
                                                "part.p_size",
                                                "part.p_container",
                                                "part.p_retailprice",
                                                "part.p_comment"
                                              ],
                                              "Filter": "((part.p_name)::text ~~ '%cyan%'::text)"
                                            },
                                            {
                                              "Node Type": "Index Scan",
                                              "Parent Relationship": "Inner",
                                              "Parallel Aware": false,
                                              "Async Capable": false,
                                              "Scan Direction": "Forward",
                                              "Index Name": "partsupp_pkey",
                                              "Relation Name": "partsupp",
                                              "Schema": "public",
                                              "Alias": "partsupp",
                                              "Startup Cost": 0.42,
                                              "Total Cost": 1.89,
                                              "Plan Rows": 4,
                                              "Plan Width": 14,
                                              "Output": [
                                                "partsupp.ps_partkey",
                                                "partsupp.ps_suppkey",
                                                "partsupp.ps_availqty",
                                                "partsupp.ps_supplycost",
                                                "partsupp.ps_comment"
                                              ],
                                              "Index Cond": "(partsupp.ps_partkey = part.p_partkey)"
                                            }
                                          ]
                                        },
                                        {
                                          "Node Type": "Hash",
                                          "Parent Relationship": "Inner",
                                          "Parallel Aware": false,
                                          "Async Capable": false,
                                          "Startup Cost": 323.0,
                                          "Total Cost": 323.0,
                                          "Plan Rows": 10000,
                                          "Plan Width": 8,
                                          "Output": [
                                            "supplier.s_suppkey",
                                            "supplier.s_nationkey"
                                          ],
                                          "Plans": [
                                            {
                                              "Node Type": "Seq Scan",
                                              "Parent Relationship": "Outer",
                                              "Parallel Aware": false,
                                              "Async Capable": false,
                                              "Relation Name": "supplier",
                                              "Schema": "public",
                                              "Alias": "supplier",
                                              "Startup Cost": 0.0,
                                              "Total Cost": 323.0,
                                              "Plan Rows": 10000,
                                              "Plan Width": 8,
                                              "Output": [
                                                "supplier.s_suppkey",
                                                "supplier.s_nationkey"
                                              ]
                                            }
                                          ]
                                        }
                                      ]
                                    },
                                    {
                                      "Node Type": "Hash",
                                      "Parent Relationship": "Inner",
                                      "Parallel Aware": false,
                                      "Async Capable": false,
                                      "Startup Cost": 1.25,
                                      "Total Cost": 1.25,
                                      "Plan Rows": 25,
                                      "Plan Width": 108,
                                      "Output": [
                                        "nation.n_name",
                                        "nation.n_nationkey"
                                      ],
                                      "Plans": [
                                        {
                                          "Node Type": "Seq Scan",
                                          "Parent Relationship": "Outer",
                                          "Parallel Aware": false,
                                          "Async Capable": false,
                                          "Relation Name": "nation",
                                          "Schema": "public",
                                          "Alias": "nation",
                                          "Startup Cost": 0.0,
                                          "Total Cost": 1.25,
                                          "Plan Rows": 25,
                                          "Plan Width": 108,
                                          "Output": [
                                            "nation.n_name",
                                            "nation.n_nationkey"
                                          ]
                                        }
                                      ]
                                    }
                                  ]
                                }
                              ]
                            }
                          ]
                        },
                        {
                          "Node Type": "Index Scan",
                          "Parent Relationship": "Inner",
                          "Parallel Aware": false,
                          "Async Capable": false,
                          "Scan Direction": "Forward",
                          "Index Name": "orders_pkey",
                          "Relation Name": "orders",
                          "Schema": "public",
                          "Alias": "orders",
                          "Startup Cost": 0.43,
                          "Total Cost": 0.45,
                          "Plan Rows": 1,
                          "Plan Width": 8,
                          "Output": [
                            "orders.o_orderkey",
                            "orders.o_custkey",
                            "orders.o_orderstatus",
                            "orders.o_totalprice",
                            "orders.o_orderdate",
                            "orders.o_orderpriority",
                            "orders.o_clerk",
                            "orders.o_shippriority",
                            "orders.o_comment"
                          ],
                          "Index Cond": "(orders.o_orderkey = lineitem.l_orderkey)"
                        }
                      ]
                    }
                  ]
                }
              ]
            }
          ]
        }
      ]
    },
    "JIT": {
      "Functions": 43,
      "Options": {
        "Inlining": false,
        "Optimization": false,
        "Expressions": true,
        "Deforming": true
      }
    }
  }
]
```

---

## 92. Q9_47_seed_377385426.sql

**File Path:** `/Users/brunowinter2000/Documents/Thesis/2025_2026/Plan-Level/Generated_Queries/Q9/Q9_47_seed_377385426.sql`

### EXPLAIN JSON

```json
[
  {
    "Plan": {
      "Node Type": "Sort",
      "Parallel Aware": false,
      "Async Capable": false,
      "Startup Cost": 203830.47,
      "Total Cost": 203980.85,
      "Plan Rows": 60150,
      "Plan Width": 168,
      "Output": [
        "nation.n_name",
        "(EXTRACT(year FROM orders.o_orderdate))",
        "(sum(((lineitem.l_extendedprice * ('1'::numeric - lineitem.l_discount)) - (partsupp.ps_supplycost * lineitem.l_quantity))))"
      ],
      "Sort Key": [
        "nation.n_name",
        "(EXTRACT(year FROM orders.o_orderdate)) DESC"
      ],
      "Plans": [
        {
          "Node Type": "Aggregate",
          "Strategy": "Hashed",
          "Partial Mode": "Finalize",
          "Parent Relationship": "Outer",
          "Parallel Aware": false,
          "Async Capable": false,
          "Startup Cost": 198153.43,
          "Total Cost": 199055.68,
          "Plan Rows": 60150,
          "Plan Width": 168,
          "Output": [
            "nation.n_name",
            "(EXTRACT(year FROM orders.o_orderdate))",
            "sum(((lineitem.l_extendedprice * ('1'::numeric - lineitem.l_discount)) - (partsupp.ps_supplycost * lineitem.l_quantity)))"
          ],
          "Group Key": [
            "nation.n_name",
            "(EXTRACT(year FROM orders.o_orderdate))"
          ],
          "Planned Partitions": 0,
          "Plans": [
            {
              "Node Type": "Gather",
              "Parent Relationship": "Outer",
              "Parallel Aware": false,
              "Async Capable": false,
              "Startup Cost": 170973.54,
              "Total Cost": 195748.13,
              "Plan Rows": 240530,
              "Plan Width": 168,
              "Output": [
                "nation.n_name",
                "(EXTRACT(year FROM orders.o_orderdate))",
                "(PARTIAL sum(((lineitem.l_extendedprice * ('1'::numeric - lineitem.l_discount)) - (partsupp.ps_supplycost * lineitem.l_quantity))))"
              ],
              "Workers Planned": 5,
              "Single Copy": false,
              "Plans": [
                {
                  "Node Type": "Aggregate",
                  "Strategy": "Hashed",
                  "Partial Mode": "Partial",
                  "Parent Relationship": "Outer",
                  "Parallel Aware": false,
                  "Async Capable": false,
                  "Startup Cost": 169973.54,
                  "Total Cost": 170695.13,
                  "Plan Rows": 48106,
                  "Plan Width": 168,
                  "Output": [
                    "nation.n_name",
                    "(EXTRACT(year FROM orders.o_orderdate))",
                    "PARTIAL sum(((lineitem.l_extendedprice * ('1'::numeric - lineitem.l_discount)) - (partsupp.ps_supplycost * lineitem.l_quantity)))"
                  ],
                  "Group Key": [
                    "nation.n_name",
                    "EXTRACT(year FROM orders.o_orderdate)"
                  ],
                  "Planned Partitions": 0,
                  "Plans": [
                    {
                      "Node Type": "Nested Loop",
                      "Parent Relationship": "Outer",
                      "Parallel Aware": false,
                      "Async Capable": false,
                      "Join Type": "Inner",
                      "Startup Cost": 13733.6,
                      "Total Cost": 169131.69,
                      "Plan Rows": 48106,
                      "Plan Width": 159,
                      "Output": [
                        "nation.n_name",
                        "EXTRACT(year FROM orders.o_orderdate)",
                        "lineitem.l_extendedprice",
                        "lineitem.l_discount",
                        "partsupp.ps_supplycost",
                        "lineitem.l_quantity"
                      ],
                      "Inner Unique": true,
                      "Plans": [
                        {
                          "Node Type": "Hash Join",
                          "Parent Relationship": "Outer",
                          "Parallel Aware": true,
                          "Async Capable": false,
                          "Join Type": "Inner",
                          "Startup Cost": 13733.17,
                          "Total Cost": 147337.5,
                          "Plan Rows": 48106,
                          "Plan Width": 131,
                          "Output": [
                            "lineitem.l_extendedprice",
                            "lineitem.l_discount",
                            "lineitem.l_quantity",
                            "lineitem.l_orderkey",
                            "partsupp.ps_supplycost",
                            "nation.n_name"
                          ],
                          "Inner Unique": false,
                          "Hash Cond": "((lineitem.l_suppkey = supplier.s_suppkey) AND (lineitem.l_partkey = partsupp.ps_partkey))",
                          "Plans": [
                            {
                              "Node Type": "Seq Scan",
                              "Parent Relationship": "Outer",
                              "Parallel Aware": true,
                              "Async Capable": false,
                              "Relation Name": "lineitem",
                              "Schema": "public",
                              "Alias": "lineitem",
                              "Startup Cost": 0.0,
                              "Total Cost": 124602.43,
                              "Plan Rows": 1200243,
                              "Plan Width": 29,
                              "Output": [
                                "lineitem.l_orderkey",
                                "lineitem.l_partkey",
                                "lineitem.l_suppkey",
                                "lineitem.l_linenumber",
                                "lineitem.l_quantity",
                                "lineitem.l_extendedprice",
                                "lineitem.l_discount",
                                "lineitem.l_tax",
                                "lineitem.l_returnflag",
                                "lineitem.l_linestatus",
                                "lineitem.l_shipdate",
                                "lineitem.l_commitdate",
                                "lineitem.l_receiptdate",
                                "lineitem.l_shipinstruct",
                                "lineitem.l_shipmode",
                                "lineitem.l_comment"
                              ]
                            },
                            {
                              "Node Type": "Hash",
                              "Parent Relationship": "Inner",
                              "Parallel Aware": true,
                              "Async Capable": false,
                              "Startup Cost": 13532.77,
                              "Total Cost": 13532.77,
                              "Plan Rows": 13360,
                              "Plan Width": 126,
                              "Output": [
                                "part.p_partkey",
                                "partsupp.ps_supplycost",
                                "partsupp.ps_suppkey",
                                "partsupp.ps_partkey",
                                "supplier.s_suppkey",
                                "nation.n_name"
                              ],
                              "Plans": [
                                {
                                  "Node Type": "Hash Join",
                                  "Parent Relationship": "Outer",
                                  "Parallel Aware": false,
                                  "Async Capable": false,
                                  "Join Type": "Inner",
                                  "Startup Cost": 449.99,
                                  "Total Cost": 13532.77,
                                  "Plan Rows": 13360,
                                  "Plan Width": 126,
                                  "Output": [
                                    "part.p_partkey",
                                    "partsupp.ps_supplycost",
                                    "partsupp.ps_suppkey",
                                    "partsupp.ps_partkey",
                                    "supplier.s_suppkey",
                                    "nation.n_name"
                                  ],
                                  "Inner Unique": true,
                                  "Hash Cond": "(supplier.s_nationkey = nation.n_nationkey)",
                                  "Plans": [
                                    {
                                      "Node Type": "Hash Join",
                                      "Parent Relationship": "Outer",
                                      "Parallel Aware": false,
                                      "Async Capable": false,
                                      "Join Type": "Inner",
                                      "Startup Cost": 448.43,
                                      "Total Cost": 13490.2,
                                      "Plan Rows": 13360,
                                      "Plan Width": 26,
                                      "Output": [
                                        "part.p_partkey",
                                        "partsupp.ps_supplycost",
                                        "partsupp.ps_suppkey",
                                        "partsupp.ps_partkey",
                                        "supplier.s_suppkey",
                                        "supplier.s_nationkey"
                                      ],
                                      "Inner Unique": true,
                                      "Hash Cond": "(partsupp.ps_suppkey = supplier.s_suppkey)",
                                      "Plans": [
                                        {
                                          "Node Type": "Nested Loop",
                                          "Parent Relationship": "Outer",
                                          "Parallel Aware": false,
                                          "Async Capable": false,
                                          "Join Type": "Inner",
                                          "Startup Cost": 0.42,
                                          "Total Cost": 13007.12,
                                          "Plan Rows": 13360,
                                          "Plan Width": 18,
                                          "Output": [
                                            "part.p_partkey",
                                            "partsupp.ps_supplycost",
                                            "partsupp.ps_suppkey",
                                            "partsupp.ps_partkey"
                                          ],
                                          "Inner Unique": false,
                                          "Plans": [
                                            {
                                              "Node Type": "Seq Scan",
                                              "Parent Relationship": "Outer",
                                              "Parallel Aware": true,
                                              "Async Capable": false,
                                              "Relation Name": "part",
                                              "Schema": "public",
                                              "Alias": "part",
                                              "Startup Cost": 0.0,
                                              "Total Cost": 5169.67,
                                              "Plan Rows": 3340,
                                              "Plan Width": 4,
                                              "Output": [
                                                "part.p_partkey",
                                                "part.p_name",
                                                "part.p_mfgr",
                                                "part.p_brand",
                                                "part.p_type",
                                                "part.p_size",
                                                "part.p_container",
                                                "part.p_retailprice",
                                                "part.p_comment"
                                              ],
                                              "Filter": "((part.p_name)::text ~~ '%plum%'::text)"
                                            },
                                            {
                                              "Node Type": "Index Scan",
                                              "Parent Relationship": "Inner",
                                              "Parallel Aware": false,
                                              "Async Capable": false,
                                              "Scan Direction": "Forward",
                                              "Index Name": "partsupp_pkey",
                                              "Relation Name": "partsupp",
                                              "Schema": "public",
                                              "Alias": "partsupp",
                                              "Startup Cost": 0.42,
                                              "Total Cost": 2.31,
                                              "Plan Rows": 4,
                                              "Plan Width": 14,
                                              "Output": [
                                                "partsupp.ps_partkey",
                                                "partsupp.ps_suppkey",
                                                "partsupp.ps_availqty",
                                                "partsupp.ps_supplycost",
                                                "partsupp.ps_comment"
                                              ],
                                              "Index Cond": "(partsupp.ps_partkey = part.p_partkey)"
                                            }
                                          ]
                                        },
                                        {
                                          "Node Type": "Hash",
                                          "Parent Relationship": "Inner",
                                          "Parallel Aware": false,
                                          "Async Capable": false,
                                          "Startup Cost": 323.0,
                                          "Total Cost": 323.0,
                                          "Plan Rows": 10000,
                                          "Plan Width": 8,
                                          "Output": [
                                            "supplier.s_suppkey",
                                            "supplier.s_nationkey"
                                          ],
                                          "Plans": [
                                            {
                                              "Node Type": "Seq Scan",
                                              "Parent Relationship": "Outer",
                                              "Parallel Aware": false,
                                              "Async Capable": false,
                                              "Relation Name": "supplier",
                                              "Schema": "public",
                                              "Alias": "supplier",
                                              "Startup Cost": 0.0,
                                              "Total Cost": 323.0,
                                              "Plan Rows": 10000,
                                              "Plan Width": 8,
                                              "Output": [
                                                "supplier.s_suppkey",
                                                "supplier.s_nationkey"
                                              ]
                                            }
                                          ]
                                        }
                                      ]
                                    },
                                    {
                                      "Node Type": "Hash",
                                      "Parent Relationship": "Inner",
                                      "Parallel Aware": false,
                                      "Async Capable": false,
                                      "Startup Cost": 1.25,
                                      "Total Cost": 1.25,
                                      "Plan Rows": 25,
                                      "Plan Width": 108,
                                      "Output": [
                                        "nation.n_name",
                                        "nation.n_nationkey"
                                      ],
                                      "Plans": [
                                        {
                                          "Node Type": "Seq Scan",
                                          "Parent Relationship": "Outer",
                                          "Parallel Aware": false,
                                          "Async Capable": false,
                                          "Relation Name": "nation",
                                          "Schema": "public",
                                          "Alias": "nation",
                                          "Startup Cost": 0.0,
                                          "Total Cost": 1.25,
                                          "Plan Rows": 25,
                                          "Plan Width": 108,
                                          "Output": [
                                            "nation.n_name",
                                            "nation.n_nationkey"
                                          ]
                                        }
                                      ]
                                    }
                                  ]
                                }
                              ]
                            }
                          ]
                        },
                        {
                          "Node Type": "Index Scan",
                          "Parent Relationship": "Inner",
                          "Parallel Aware": false,
                          "Async Capable": false,
                          "Scan Direction": "Forward",
                          "Index Name": "orders_pkey",
                          "Relation Name": "orders",
                          "Schema": "public",
                          "Alias": "orders",
                          "Startup Cost": 0.43,
                          "Total Cost": 0.45,
                          "Plan Rows": 1,
                          "Plan Width": 8,
                          "Output": [
                            "orders.o_orderkey",
                            "orders.o_custkey",
                            "orders.o_orderstatus",
                            "orders.o_totalprice",
                            "orders.o_orderdate",
                            "orders.o_orderpriority",
                            "orders.o_clerk",
                            "orders.o_shippriority",
                            "orders.o_comment"
                          ],
                          "Index Cond": "(orders.o_orderkey = lineitem.l_orderkey)"
                        }
                      ]
                    }
                  ]
                }
              ]
            }
          ]
        }
      ]
    },
    "JIT": {
      "Functions": 43,
      "Options": {
        "Inlining": false,
        "Optimization": false,
        "Expressions": true,
        "Deforming": true
      }
    }
  }
]
```

---

## 93. Q9_48_seed_385589457.sql

**File Path:** `/Users/brunowinter2000/Documents/Thesis/2025_2026/Plan-Level/Generated_Queries/Q9/Q9_48_seed_385589457.sql`

### EXPLAIN JSON

```json
[
  {
    "Plan": {
      "Node Type": "Sort",
      "Parallel Aware": false,
      "Async Capable": false,
      "Startup Cost": 219890.98,
      "Total Cost": 220041.36,
      "Plan Rows": 60150,
      "Plan Width": 168,
      "Output": [
        "nation.n_name",
        "(EXTRACT(year FROM orders.o_orderdate))",
        "(sum(((lineitem.l_extendedprice * ('1'::numeric - lineitem.l_discount)) - (partsupp.ps_supplycost * lineitem.l_quantity))))"
      ],
      "Sort Key": [
        "nation.n_name",
        "(EXTRACT(year FROM orders.o_orderdate)) DESC"
      ],
      "Plans": [
        {
          "Node Type": "Aggregate",
          "Strategy": "Hashed",
          "Partial Mode": "Finalize",
          "Parent Relationship": "Outer",
          "Parallel Aware": false,
          "Async Capable": false,
          "Startup Cost": 214213.94,
          "Total Cost": 215116.19,
          "Plan Rows": 60150,
          "Plan Width": 168,
          "Output": [
            "nation.n_name",
            "(EXTRACT(year FROM orders.o_orderdate))",
            "sum(((lineitem.l_extendedprice * ('1'::numeric - lineitem.l_discount)) - (partsupp.ps_supplycost * lineitem.l_quantity)))"
          ],
          "Group Key": [
            "nation.n_name",
            "(EXTRACT(year FROM orders.o_orderdate))"
          ],
          "Planned Partitions": 0,
          "Plans": [
            {
              "Node Type": "Gather",
              "Parent Relationship": "Outer",
              "Parallel Aware": false,
              "Async Capable": false,
              "Startup Cost": 180229.19,
              "Total Cost": 211206.44,
              "Plan Rows": 300750,
              "Plan Width": 168,
              "Output": [
                "nation.n_name",
                "(EXTRACT(year FROM orders.o_orderdate))",
                "(PARTIAL sum(((lineitem.l_extendedprice * ('1'::numeric - lineitem.l_discount)) - (partsupp.ps_supplycost * lineitem.l_quantity))))"
              ],
              "Workers Planned": 5,
              "Single Copy": false,
              "Plans": [
                {
                  "Node Type": "Aggregate",
                  "Strategy": "Hashed",
                  "Partial Mode": "Partial",
                  "Parent Relationship": "Outer",
                  "Parallel Aware": false,
                  "Async Capable": false,
                  "Startup Cost": 179229.19,
                  "Total Cost": 180131.44,
                  "Plan Rows": 60150,
                  "Plan Width": 168,
                  "Output": [
                    "nation.n_name",
                    "(EXTRACT(year FROM orders.o_orderdate))",
                    "PARTIAL sum(((lineitem.l_extendedprice * ('1'::numeric - lineitem.l_discount)) - (partsupp.ps_supplycost * lineitem.l_quantity)))"
                  ],
                  "Group Key": [
                    "nation.n_name",
                    "EXTRACT(year FROM orders.o_orderdate)"
                  ],
                  "Planned Partitions": 0,
                  "Plans": [
                    {
                      "Node Type": "Nested Loop",
                      "Parent Relationship": "Outer",
                      "Parallel Aware": false,
                      "Async Capable": false,
                      "Join Type": "Inner",
                      "Startup Cost": 15065.71,
                      "Total Cost": 178092.65,
                      "Plan Rows": 64945,
                      "Plan Width": 159,
                      "Output": [
                        "nation.n_name",
                        "EXTRACT(year FROM orders.o_orderdate)",
                        "lineitem.l_extendedprice",
                        "lineitem.l_discount",
                        "partsupp.ps_supplycost",
                        "lineitem.l_quantity"
                      ],
                      "Inner Unique": true,
                      "Plans": [
                        {
                          "Node Type": "Hash Join",
                          "Parent Relationship": "Outer",
                          "Parallel Aware": true,
                          "Async Capable": false,
                          "Join Type": "Inner",
                          "Startup Cost": 15065.28,
                          "Total Cost": 148669.64,
                          "Plan Rows": 64945,
                          "Plan Width": 131,
                          "Output": [
                            "lineitem.l_extendedprice",
                            "lineitem.l_discount",
                            "lineitem.l_quantity",
                            "lineitem.l_orderkey",
                            "partsupp.ps_supplycost",
                            "nation.n_name"
                          ],
                          "Inner Unique": false,
                          "Hash Cond": "((lineitem.l_suppkey = supplier.s_suppkey) AND (lineitem.l_partkey = partsupp.ps_partkey))",
                          "Plans": [
                            {
                              "Node Type": "Seq Scan",
                              "Parent Relationship": "Outer",
                              "Parallel Aware": true,
                              "Async Capable": false,
                              "Relation Name": "lineitem",
                              "Schema": "public",
                              "Alias": "lineitem",
                              "Startup Cost": 0.0,
                              "Total Cost": 124602.43,
                              "Plan Rows": 1200243,
                              "Plan Width": 29,
                              "Output": [
                                "lineitem.l_orderkey",
                                "lineitem.l_partkey",
                                "lineitem.l_suppkey",
                                "lineitem.l_linenumber",
                                "lineitem.l_quantity",
                                "lineitem.l_extendedprice",
                                "lineitem.l_discount",
                                "lineitem.l_tax",
                                "lineitem.l_returnflag",
                                "lineitem.l_linestatus",
                                "lineitem.l_shipdate",
                                "lineitem.l_commitdate",
                                "lineitem.l_receiptdate",
                                "lineitem.l_shipinstruct",
                                "lineitem.l_shipmode",
                                "lineitem.l_comment"
                              ]
                            },
                            {
                              "Node Type": "Hash",
                              "Parent Relationship": "Inner",
                              "Parallel Aware": true,
                              "Async Capable": false,
                              "Startup Cost": 14794.72,
                              "Total Cost": 14794.72,
                              "Plan Rows": 18037,
                              "Plan Width": 126,
                              "Output": [
                                "part.p_partkey",
                                "partsupp.ps_supplycost",
                                "partsupp.ps_suppkey",
                                "partsupp.ps_partkey",
                                "supplier.s_suppkey",
                                "nation.n_name"
                              ],
                              "Plans": [
                                {
                                  "Node Type": "Hash Join",
                                  "Parent Relationship": "Outer",
                                  "Parallel Aware": false,
                                  "Async Capable": false,
                                  "Join Type": "Inner",
                                  "Startup Cost": 449.99,
                                  "Total Cost": 14794.72,
                                  "Plan Rows": 18037,
                                  "Plan Width": 126,
                                  "Output": [
                                    "part.p_partkey",
                                    "partsupp.ps_supplycost",
                                    "partsupp.ps_suppkey",
                                    "partsupp.ps_partkey",
                                    "supplier.s_suppkey",
                                    "nation.n_name"
                                  ],
                                  "Inner Unique": true,
                                  "Hash Cond": "(supplier.s_nationkey = nation.n_nationkey)",
                                  "Plans": [
                                    {
                                      "Node Type": "Hash Join",
                                      "Parent Relationship": "Outer",
                                      "Parallel Aware": false,
                                      "Async Capable": false,
                                      "Join Type": "Inner",
                                      "Startup Cost": 448.43,
                                      "Total Cost": 14737.79,
                                      "Plan Rows": 18037,
                                      "Plan Width": 26,
                                      "Output": [
                                        "part.p_partkey",
                                        "partsupp.ps_supplycost",
                                        "partsupp.ps_suppkey",
                                        "partsupp.ps_partkey",
                                        "supplier.s_suppkey",
                                        "supplier.s_nationkey"
                                      ],
                                      "Inner Unique": true,
                                      "Hash Cond": "(partsupp.ps_suppkey = supplier.s_suppkey)",
                                      "Plans": [
                                        {
                                          "Node Type": "Nested Loop",
                                          "Parent Relationship": "Outer",
                                          "Parallel Aware": false,
                                          "Async Capable": false,
                                          "Join Type": "Inner",
                                          "Startup Cost": 0.42,
                                          "Total Cost": 14242.42,
                                          "Plan Rows": 18037,
                                          "Plan Width": 18,
                                          "Output": [
                                            "part.p_partkey",
                                            "partsupp.ps_supplycost",
                                            "partsupp.ps_suppkey",
                                            "partsupp.ps_partkey"
                                          ],
                                          "Inner Unique": false,
                                          "Plans": [
                                            {
                                              "Node Type": "Seq Scan",
                                              "Parent Relationship": "Outer",
                                              "Parallel Aware": true,
                                              "Async Capable": false,
                                              "Relation Name": "part",
                                              "Schema": "public",
                                              "Alias": "part",
                                              "Startup Cost": 0.0,
                                              "Total Cost": 5169.67,
                                              "Plan Rows": 4509,
                                              "Plan Width": 4,
                                              "Output": [
                                                "part.p_partkey",
                                                "part.p_name",
                                                "part.p_mfgr",
                                                "part.p_brand",
                                                "part.p_type",
                                                "part.p_size",
                                                "part.p_container",
                                                "part.p_retailprice",
                                                "part.p_comment"
                                              ],
                                              "Filter": "((part.p_name)::text ~~ '%cream%'::text)"
                                            },
                                            {
                                              "Node Type": "Index Scan",
                                              "Parent Relationship": "Inner",
                                              "Parallel Aware": false,
                                              "Async Capable": false,
                                              "Scan Direction": "Forward",
                                              "Index Name": "partsupp_pkey",
                                              "Relation Name": "partsupp",
                                              "Schema": "public",
                                              "Alias": "partsupp",
                                              "Startup Cost": 0.42,
                                              "Total Cost": 1.97,
                                              "Plan Rows": 4,
                                              "Plan Width": 14,
                                              "Output": [
                                                "partsupp.ps_partkey",
                                                "partsupp.ps_suppkey",
                                                "partsupp.ps_availqty",
                                                "partsupp.ps_supplycost",
                                                "partsupp.ps_comment"
                                              ],
                                              "Index Cond": "(partsupp.ps_partkey = part.p_partkey)"
                                            }
                                          ]
                                        },
                                        {
                                          "Node Type": "Hash",
                                          "Parent Relationship": "Inner",
                                          "Parallel Aware": false,
                                          "Async Capable": false,
                                          "Startup Cost": 323.0,
                                          "Total Cost": 323.0,
                                          "Plan Rows": 10000,
                                          "Plan Width": 8,
                                          "Output": [
                                            "supplier.s_suppkey",
                                            "supplier.s_nationkey"
                                          ],
                                          "Plans": [
                                            {
                                              "Node Type": "Seq Scan",
                                              "Parent Relationship": "Outer",
                                              "Parallel Aware": false,
                                              "Async Capable": false,
                                              "Relation Name": "supplier",
                                              "Schema": "public",
                                              "Alias": "supplier",
                                              "Startup Cost": 0.0,
                                              "Total Cost": 323.0,
                                              "Plan Rows": 10000,
                                              "Plan Width": 8,
                                              "Output": [
                                                "supplier.s_suppkey",
                                                "supplier.s_nationkey"
                                              ]
                                            }
                                          ]
                                        }
                                      ]
                                    },
                                    {
                                      "Node Type": "Hash",
                                      "Parent Relationship": "Inner",
                                      "Parallel Aware": false,
                                      "Async Capable": false,
                                      "Startup Cost": 1.25,
                                      "Total Cost": 1.25,
                                      "Plan Rows": 25,
                                      "Plan Width": 108,
                                      "Output": [
                                        "nation.n_name",
                                        "nation.n_nationkey"
                                      ],
                                      "Plans": [
                                        {
                                          "Node Type": "Seq Scan",
                                          "Parent Relationship": "Outer",
                                          "Parallel Aware": false,
                                          "Async Capable": false,
                                          "Relation Name": "nation",
                                          "Schema": "public",
                                          "Alias": "nation",
                                          "Startup Cost": 0.0,
                                          "Total Cost": 1.25,
                                          "Plan Rows": 25,
                                          "Plan Width": 108,
                                          "Output": [
                                            "nation.n_name",
                                            "nation.n_nationkey"
                                          ]
                                        }
                                      ]
                                    }
                                  ]
                                }
                              ]
                            }
                          ]
                        },
                        {
                          "Node Type": "Index Scan",
                          "Parent Relationship": "Inner",
                          "Parallel Aware": false,
                          "Async Capable": false,
                          "Scan Direction": "Forward",
                          "Index Name": "orders_pkey",
                          "Relation Name": "orders",
                          "Schema": "public",
                          "Alias": "orders",
                          "Startup Cost": 0.43,
                          "Total Cost": 0.45,
                          "Plan Rows": 1,
                          "Plan Width": 8,
                          "Output": [
                            "orders.o_orderkey",
                            "orders.o_custkey",
                            "orders.o_orderstatus",
                            "orders.o_totalprice",
                            "orders.o_orderdate",
                            "orders.o_orderpriority",
                            "orders.o_clerk",
                            "orders.o_shippriority",
                            "orders.o_comment"
                          ],
                          "Index Cond": "(orders.o_orderkey = lineitem.l_orderkey)"
                        }
                      ]
                    }
                  ]
                }
              ]
            }
          ]
        }
      ]
    },
    "JIT": {
      "Functions": 43,
      "Options": {
        "Inlining": false,
        "Optimization": false,
        "Expressions": true,
        "Deforming": true
      }
    }
  }
]
```

---

## 94. Q9_49_seed_393793488.sql

**File Path:** `/Users/brunowinter2000/Documents/Thesis/2025_2026/Plan-Level/Generated_Queries/Q9/Q9_49_seed_393793488.sql`

### EXPLAIN JSON

```json
[
  {
    "Plan": {
      "Node Type": "Sort",
      "Parallel Aware": false,
      "Async Capable": false,
      "Startup Cost": 222478.18,
      "Total Cost": 222628.55,
      "Plan Rows": 60150,
      "Plan Width": 168,
      "Output": [
        "nation.n_name",
        "(EXTRACT(year FROM orders.o_orderdate))",
        "(sum(((lineitem.l_extendedprice * ('1'::numeric - lineitem.l_discount)) - (partsupp.ps_supplycost * lineitem.l_quantity))))"
      ],
      "Sort Key": [
        "nation.n_name",
        "(EXTRACT(year FROM orders.o_orderdate)) DESC"
      ],
      "Plans": [
        {
          "Node Type": "Aggregate",
          "Strategy": "Hashed",
          "Partial Mode": "Finalize",
          "Parent Relationship": "Outer",
          "Parallel Aware": false,
          "Async Capable": false,
          "Startup Cost": 216801.14,
          "Total Cost": 217703.39,
          "Plan Rows": 60150,
          "Plan Width": 168,
          "Output": [
            "nation.n_name",
            "(EXTRACT(year FROM orders.o_orderdate))",
            "sum(((lineitem.l_extendedprice * ('1'::numeric - lineitem.l_discount)) - (partsupp.ps_supplycost * lineitem.l_quantity)))"
          ],
          "Group Key": [
            "nation.n_name",
            "(EXTRACT(year FROM orders.o_orderdate))"
          ],
          "Planned Partitions": 0,
          "Plans": [
            {
              "Node Type": "Gather",
              "Parent Relationship": "Outer",
              "Parallel Aware": false,
              "Async Capable": false,
              "Startup Cost": 182816.39,
              "Total Cost": 213793.64,
              "Plan Rows": 300750,
              "Plan Width": 168,
              "Output": [
                "nation.n_name",
                "(EXTRACT(year FROM orders.o_orderdate))",
                "(PARTIAL sum(((lineitem.l_extendedprice * ('1'::numeric - lineitem.l_discount)) - (partsupp.ps_supplycost * lineitem.l_quantity))))"
              ],
              "Workers Planned": 5,
              "Single Copy": false,
              "Plans": [
                {
                  "Node Type": "Aggregate",
                  "Strategy": "Hashed",
                  "Partial Mode": "Partial",
                  "Parent Relationship": "Outer",
                  "Parallel Aware": false,
                  "Async Capable": false,
                  "Startup Cost": 181816.39,
                  "Total Cost": 182718.64,
                  "Plan Rows": 60150,
                  "Plan Width": 168,
                  "Output": [
                    "nation.n_name",
                    "(EXTRACT(year FROM orders.o_orderdate))",
                    "PARTIAL sum(((lineitem.l_extendedprice * ('1'::numeric - lineitem.l_discount)) - (partsupp.ps_supplycost * lineitem.l_quantity)))"
                  ],
                  "Group Key": [
                    "nation.n_name",
                    "EXTRACT(year FROM orders.o_orderdate)"
                  ],
                  "Planned Partitions": 0,
                  "Plans": [
                    {
                      "Node Type": "Nested Loop",
                      "Parent Relationship": "Outer",
                      "Parallel Aware": false,
                      "Async Capable": false,
                      "Join Type": "Inner",
                      "Startup Cost": 15390.98,
                      "Total Cost": 180595.73,
                      "Plan Rows": 69752,
                      "Plan Width": 159,
                      "Output": [
                        "nation.n_name",
                        "EXTRACT(year FROM orders.o_orderdate)",
                        "lineitem.l_extendedprice",
                        "lineitem.l_discount",
                        "partsupp.ps_supplycost",
                        "lineitem.l_quantity"
                      ],
                      "Inner Unique": true,
                      "Plans": [
                        {
                          "Node Type": "Hash Join",
                          "Parent Relationship": "Outer",
                          "Parallel Aware": true,
                          "Async Capable": false,
                          "Join Type": "Inner",
                          "Startup Cost": 15390.55,
                          "Total Cost": 148994.93,
                          "Plan Rows": 69752,
                          "Plan Width": 131,
                          "Output": [
                            "lineitem.l_extendedprice",
                            "lineitem.l_discount",
                            "lineitem.l_quantity",
                            "lineitem.l_orderkey",
                            "partsupp.ps_supplycost",
                            "nation.n_name"
                          ],
                          "Inner Unique": false,
                          "Hash Cond": "((lineitem.l_suppkey = supplier.s_suppkey) AND (lineitem.l_partkey = partsupp.ps_partkey))",
                          "Plans": [
                            {
                              "Node Type": "Seq Scan",
                              "Parent Relationship": "Outer",
                              "Parallel Aware": true,
                              "Async Capable": false,
                              "Relation Name": "lineitem",
                              "Schema": "public",
                              "Alias": "lineitem",
                              "Startup Cost": 0.0,
                              "Total Cost": 124602.43,
                              "Plan Rows": 1200243,
                              "Plan Width": 29,
                              "Output": [
                                "lineitem.l_orderkey",
                                "lineitem.l_partkey",
                                "lineitem.l_suppkey",
                                "lineitem.l_linenumber",
                                "lineitem.l_quantity",
                                "lineitem.l_extendedprice",
                                "lineitem.l_discount",
                                "lineitem.l_tax",
                                "lineitem.l_returnflag",
                                "lineitem.l_linestatus",
                                "lineitem.l_shipdate",
                                "lineitem.l_commitdate",
                                "lineitem.l_receiptdate",
                                "lineitem.l_shipinstruct",
                                "lineitem.l_shipmode",
                                "lineitem.l_comment"
                              ]
                            },
                            {
                              "Node Type": "Hash",
                              "Parent Relationship": "Inner",
                              "Parallel Aware": true,
                              "Async Capable": false,
                              "Startup Cost": 15099.97,
                              "Total Cost": 15099.97,
                              "Plan Rows": 19372,
                              "Plan Width": 126,
                              "Output": [
                                "part.p_partkey",
                                "partsupp.ps_supplycost",
                                "partsupp.ps_suppkey",
                                "partsupp.ps_partkey",
                                "supplier.s_suppkey",
                                "nation.n_name"
                              ],
                              "Plans": [
                                {
                                  "Node Type": "Hash Join",
                                  "Parent Relationship": "Outer",
                                  "Parallel Aware": false,
                                  "Async Capable": false,
                                  "Join Type": "Inner",
                                  "Startup Cost": 449.99,
                                  "Total Cost": 15099.97,
                                  "Plan Rows": 19372,
                                  "Plan Width": 126,
                                  "Output": [
                                    "part.p_partkey",
                                    "partsupp.ps_supplycost",
                                    "partsupp.ps_suppkey",
                                    "partsupp.ps_partkey",
                                    "supplier.s_suppkey",
                                    "nation.n_name"
                                  ],
                                  "Inner Unique": true,
                                  "Hash Cond": "(supplier.s_nationkey = nation.n_nationkey)",
                                  "Plans": [
                                    {
                                      "Node Type": "Hash Join",
                                      "Parent Relationship": "Outer",
                                      "Parallel Aware": false,
                                      "Async Capable": false,
                                      "Join Type": "Inner",
                                      "Startup Cost": 448.43,
                                      "Total Cost": 15038.94,
                                      "Plan Rows": 19372,
                                      "Plan Width": 26,
                                      "Output": [
                                        "part.p_partkey",
                                        "partsupp.ps_supplycost",
                                        "partsupp.ps_suppkey",
                                        "partsupp.ps_partkey",
                                        "supplier.s_suppkey",
                                        "supplier.s_nationkey"
                                      ],
                                      "Inner Unique": true,
                                      "Hash Cond": "(partsupp.ps_suppkey = supplier.s_suppkey)",
                                      "Plans": [
                                        {
                                          "Node Type": "Nested Loop",
                                          "Parent Relationship": "Outer",
                                          "Parallel Aware": false,
                                          "Async Capable": false,
                                          "Join Type": "Inner",
                                          "Startup Cost": 0.42,
                                          "Total Cost": 14540.06,
                                          "Plan Rows": 19372,
                                          "Plan Width": 18,
                                          "Output": [
                                            "part.p_partkey",
                                            "partsupp.ps_supplycost",
                                            "partsupp.ps_suppkey",
                                            "partsupp.ps_partkey"
                                          ],
                                          "Inner Unique": false,
                                          "Plans": [
                                            {
                                              "Node Type": "Seq Scan",
                                              "Parent Relationship": "Outer",
                                              "Parallel Aware": true,
                                              "Async Capable": false,
                                              "Relation Name": "part",
                                              "Schema": "public",
                                              "Alias": "part",
                                              "Startup Cost": 0.0,
                                              "Total Cost": 5169.67,
                                              "Plan Rows": 4843,
                                              "Plan Width": 4,
                                              "Output": [
                                                "part.p_partkey",
                                                "part.p_name",
                                                "part.p_mfgr",
                                                "part.p_brand",
                                                "part.p_type",
                                                "part.p_size",
                                                "part.p_container",
                                                "part.p_retailprice",
                                                "part.p_comment"
                                              ],
                                              "Filter": "((part.p_name)::text ~~ '%pink%'::text)"
                                            },
                                            {
                                              "Node Type": "Index Scan",
                                              "Parent Relationship": "Inner",
                                              "Parallel Aware": false,
                                              "Async Capable": false,
                                              "Scan Direction": "Forward",
                                              "Index Name": "partsupp_pkey",
                                              "Relation Name": "partsupp",
                                              "Schema": "public",
                                              "Alias": "partsupp",
                                              "Startup Cost": 0.42,
                                              "Total Cost": 1.89,
                                              "Plan Rows": 4,
                                              "Plan Width": 14,
                                              "Output": [
                                                "partsupp.ps_partkey",
                                                "partsupp.ps_suppkey",
                                                "partsupp.ps_availqty",
                                                "partsupp.ps_supplycost",
                                                "partsupp.ps_comment"
                                              ],
                                              "Index Cond": "(partsupp.ps_partkey = part.p_partkey)"
                                            }
                                          ]
                                        },
                                        {
                                          "Node Type": "Hash",
                                          "Parent Relationship": "Inner",
                                          "Parallel Aware": false,
                                          "Async Capable": false,
                                          "Startup Cost": 323.0,
                                          "Total Cost": 323.0,
                                          "Plan Rows": 10000,
                                          "Plan Width": 8,
                                          "Output": [
                                            "supplier.s_suppkey",
                                            "supplier.s_nationkey"
                                          ],
                                          "Plans": [
                                            {
                                              "Node Type": "Seq Scan",
                                              "Parent Relationship": "Outer",
                                              "Parallel Aware": false,
                                              "Async Capable": false,
                                              "Relation Name": "supplier",
                                              "Schema": "public",
                                              "Alias": "supplier",
                                              "Startup Cost": 0.0,
                                              "Total Cost": 323.0,
                                              "Plan Rows": 10000,
                                              "Plan Width": 8,
                                              "Output": [
                                                "supplier.s_suppkey",
                                                "supplier.s_nationkey"
                                              ]
                                            }
                                          ]
                                        }
                                      ]
                                    },
                                    {
                                      "Node Type": "Hash",
                                      "Parent Relationship": "Inner",
                                      "Parallel Aware": false,
                                      "Async Capable": false,
                                      "Startup Cost": 1.25,
                                      "Total Cost": 1.25,
                                      "Plan Rows": 25,
                                      "Plan Width": 108,
                                      "Output": [
                                        "nation.n_name",
                                        "nation.n_nationkey"
                                      ],
                                      "Plans": [
                                        {
                                          "Node Type": "Seq Scan",
                                          "Parent Relationship": "Outer",
                                          "Parallel Aware": false,
                                          "Async Capable": false,
                                          "Relation Name": "nation",
                                          "Schema": "public",
                                          "Alias": "nation",
                                          "Startup Cost": 0.0,
                                          "Total Cost": 1.25,
                                          "Plan Rows": 25,
                                          "Plan Width": 108,
                                          "Output": [
                                            "nation.n_name",
                                            "nation.n_nationkey"
                                          ]
                                        }
                                      ]
                                    }
                                  ]
                                }
                              ]
                            }
                          ]
                        },
                        {
                          "Node Type": "Index Scan",
                          "Parent Relationship": "Inner",
                          "Parallel Aware": false,
                          "Async Capable": false,
                          "Scan Direction": "Forward",
                          "Index Name": "orders_pkey",
                          "Relation Name": "orders",
                          "Schema": "public",
                          "Alias": "orders",
                          "Startup Cost": 0.43,
                          "Total Cost": 0.45,
                          "Plan Rows": 1,
                          "Plan Width": 8,
                          "Output": [
                            "orders.o_orderkey",
                            "orders.o_custkey",
                            "orders.o_orderstatus",
                            "orders.o_totalprice",
                            "orders.o_orderdate",
                            "orders.o_orderpriority",
                            "orders.o_clerk",
                            "orders.o_shippriority",
                            "orders.o_comment"
                          ],
                          "Index Cond": "(orders.o_orderkey = lineitem.l_orderkey)"
                        }
                      ]
                    }
                  ]
                }
              ]
            }
          ]
        }
      ]
    },
    "JIT": {
      "Functions": 43,
      "Options": {
        "Inlining": false,
        "Optimization": false,
        "Expressions": true,
        "Deforming": true
      }
    }
  }
]
```

---

## 95. Q9_4_seed_24612093.sql

**File Path:** `/Users/brunowinter2000/Documents/Thesis/2025_2026/Plan-Level/Generated_Queries/Q9/Q9_4_seed_24612093.sql`

### EXPLAIN JSON

```json
[
  {
    "Plan": {
      "Node Type": "Sort",
      "Parallel Aware": false,
      "Async Capable": false,
      "Startup Cost": 223771.84,
      "Total Cost": 223922.21,
      "Plan Rows": 60150,
      "Plan Width": 168,
      "Output": [
        "nation.n_name",
        "(EXTRACT(year FROM orders.o_orderdate))",
        "(sum(((lineitem.l_extendedprice * ('1'::numeric - lineitem.l_discount)) - (partsupp.ps_supplycost * lineitem.l_quantity))))"
      ],
      "Sort Key": [
        "nation.n_name",
        "(EXTRACT(year FROM orders.o_orderdate)) DESC"
      ],
      "Plans": [
        {
          "Node Type": "Aggregate",
          "Strategy": "Hashed",
          "Partial Mode": "Finalize",
          "Parent Relationship": "Outer",
          "Parallel Aware": false,
          "Async Capable": false,
          "Startup Cost": 218094.8,
          "Total Cost": 218997.05,
          "Plan Rows": 60150,
          "Plan Width": 168,
          "Output": [
            "nation.n_name",
            "(EXTRACT(year FROM orders.o_orderdate))",
            "sum(((lineitem.l_extendedprice * ('1'::numeric - lineitem.l_discount)) - (partsupp.ps_supplycost * lineitem.l_quantity)))"
          ],
          "Group Key": [
            "nation.n_name",
            "(EXTRACT(year FROM orders.o_orderdate))"
          ],
          "Planned Partitions": 0,
          "Plans": [
            {
              "Node Type": "Gather",
              "Parent Relationship": "Outer",
              "Parallel Aware": false,
              "Async Capable": false,
              "Startup Cost": 184110.05,
              "Total Cost": 215087.3,
              "Plan Rows": 300750,
              "Plan Width": 168,
              "Output": [
                "nation.n_name",
                "(EXTRACT(year FROM orders.o_orderdate))",
                "(PARTIAL sum(((lineitem.l_extendedprice * ('1'::numeric - lineitem.l_discount)) - (partsupp.ps_supplycost * lineitem.l_quantity))))"
              ],
              "Workers Planned": 5,
              "Single Copy": false,
              "Plans": [
                {
                  "Node Type": "Aggregate",
                  "Strategy": "Hashed",
                  "Partial Mode": "Partial",
                  "Parent Relationship": "Outer",
                  "Parallel Aware": false,
                  "Async Capable": false,
                  "Startup Cost": 183110.05,
                  "Total Cost": 184012.3,
                  "Plan Rows": 60150,
                  "Plan Width": 168,
                  "Output": [
                    "nation.n_name",
                    "(EXTRACT(year FROM orders.o_orderdate))",
                    "PARTIAL sum(((lineitem.l_extendedprice * ('1'::numeric - lineitem.l_discount)) - (partsupp.ps_supplycost * lineitem.l_quantity)))"
                  ],
                  "Group Key": [
                    "nation.n_name",
                    "EXTRACT(year FROM orders.o_orderdate)"
                  ],
                  "Planned Partitions": 0,
                  "Plans": [
                    {
                      "Node Type": "Nested Loop",
                      "Parent Relationship": "Outer",
                      "Parallel Aware": false,
                      "Async Capable": false,
                      "Join Type": "Inner",
                      "Startup Cost": 15552.04,
                      "Total Cost": 181847.26,
                      "Plan Rows": 72159,
                      "Plan Width": 159,
                      "Output": [
                        "nation.n_name",
                        "EXTRACT(year FROM orders.o_orderdate)",
                        "lineitem.l_extendedprice",
                        "lineitem.l_discount",
                        "partsupp.ps_supplycost",
                        "lineitem.l_quantity"
                      ],
                      "Inner Unique": true,
                      "Plans": [
                        {
                          "Node Type": "Hash Join",
                          "Parent Relationship": "Outer",
                          "Parallel Aware": true,
                          "Async Capable": false,
                          "Join Type": "Inner",
                          "Startup Cost": 15551.61,
                          "Total Cost": 149155.98,
                          "Plan Rows": 72159,
                          "Plan Width": 131,
                          "Output": [
                            "lineitem.l_extendedprice",
                            "lineitem.l_discount",
                            "lineitem.l_quantity",
                            "lineitem.l_orderkey",
                            "partsupp.ps_supplycost",
                            "nation.n_name"
                          ],
                          "Inner Unique": false,
                          "Hash Cond": "((lineitem.l_suppkey = supplier.s_suppkey) AND (lineitem.l_partkey = partsupp.ps_partkey))",
                          "Plans": [
                            {
                              "Node Type": "Seq Scan",
                              "Parent Relationship": "Outer",
                              "Parallel Aware": true,
                              "Async Capable": false,
                              "Relation Name": "lineitem",
                              "Schema": "public",
                              "Alias": "lineitem",
                              "Startup Cost": 0.0,
                              "Total Cost": 124602.43,
                              "Plan Rows": 1200243,
                              "Plan Width": 29,
                              "Output": [
                                "lineitem.l_orderkey",
                                "lineitem.l_partkey",
                                "lineitem.l_suppkey",
                                "lineitem.l_linenumber",
                                "lineitem.l_quantity",
                                "lineitem.l_extendedprice",
                                "lineitem.l_discount",
                                "lineitem.l_tax",
                                "lineitem.l_returnflag",
                                "lineitem.l_linestatus",
                                "lineitem.l_shipdate",
                                "lineitem.l_commitdate",
                                "lineitem.l_receiptdate",
                                "lineitem.l_shipinstruct",
                                "lineitem.l_shipmode",
                                "lineitem.l_comment"
                              ]
                            },
                            {
                              "Node Type": "Hash",
                              "Parent Relationship": "Inner",
                              "Parallel Aware": true,
                              "Async Capable": false,
                              "Startup Cost": 15251.01,
                              "Total Cost": 15251.01,
                              "Plan Rows": 20040,
                              "Plan Width": 126,
                              "Output": [
                                "part.p_partkey",
                                "partsupp.ps_supplycost",
                                "partsupp.ps_suppkey",
                                "partsupp.ps_partkey",
                                "supplier.s_suppkey",
                                "nation.n_name"
                              ],
                              "Plans": [
                                {
                                  "Node Type": "Hash Join",
                                  "Parent Relationship": "Outer",
                                  "Parallel Aware": false,
                                  "Async Capable": false,
                                  "Join Type": "Inner",
                                  "Startup Cost": 449.99,
                                  "Total Cost": 15251.01,
                                  "Plan Rows": 20040,
                                  "Plan Width": 126,
                                  "Output": [
                                    "part.p_partkey",
                                    "partsupp.ps_supplycost",
                                    "partsupp.ps_suppkey",
                                    "partsupp.ps_partkey",
                                    "supplier.s_suppkey",
                                    "nation.n_name"
                                  ],
                                  "Inner Unique": true,
                                  "Hash Cond": "(supplier.s_nationkey = nation.n_nationkey)",
                                  "Plans": [
                                    {
                                      "Node Type": "Hash Join",
                                      "Parent Relationship": "Outer",
                                      "Parallel Aware": false,
                                      "Async Capable": false,
                                      "Join Type": "Inner",
                                      "Startup Cost": 448.43,
                                      "Total Cost": 15187.92,
                                      "Plan Rows": 20040,
                                      "Plan Width": 26,
                                      "Output": [
                                        "part.p_partkey",
                                        "partsupp.ps_supplycost",
                                        "partsupp.ps_suppkey",
                                        "partsupp.ps_partkey",
                                        "supplier.s_suppkey",
                                        "supplier.s_nationkey"
                                      ],
                                      "Inner Unique": true,
                                      "Hash Cond": "(partsupp.ps_suppkey = supplier.s_suppkey)",
                                      "Plans": [
                                        {
                                          "Node Type": "Nested Loop",
                                          "Parent Relationship": "Outer",
                                          "Parallel Aware": false,
                                          "Async Capable": false,
                                          "Join Type": "Inner",
                                          "Startup Cost": 0.42,
                                          "Total Cost": 14687.3,
                                          "Plan Rows": 20040,
                                          "Plan Width": 18,
                                          "Output": [
                                            "part.p_partkey",
                                            "partsupp.ps_supplycost",
                                            "partsupp.ps_suppkey",
                                            "partsupp.ps_partkey"
                                          ],
                                          "Inner Unique": false,
                                          "Plans": [
                                            {
                                              "Node Type": "Seq Scan",
                                              "Parent Relationship": "Outer",
                                              "Parallel Aware": true,
                                              "Async Capable": false,
                                              "Relation Name": "part",
                                              "Schema": "public",
                                              "Alias": "part",
                                              "Startup Cost": 0.0,
                                              "Total Cost": 5169.67,
                                              "Plan Rows": 5010,
                                              "Plan Width": 4,
                                              "Output": [
                                                "part.p_partkey",
                                                "part.p_name",
                                                "part.p_mfgr",
                                                "part.p_brand",
                                                "part.p_type",
                                                "part.p_size",
                                                "part.p_container",
                                                "part.p_retailprice",
                                                "part.p_comment"
                                              ],
                                              "Filter": "((part.p_name)::text ~~ '%light%'::text)"
                                            },
                                            {
                                              "Node Type": "Index Scan",
                                              "Parent Relationship": "Inner",
                                              "Parallel Aware": false,
                                              "Async Capable": false,
                                              "Scan Direction": "Forward",
                                              "Index Name": "partsupp_pkey",
                                              "Relation Name": "partsupp",
                                              "Schema": "public",
                                              "Alias": "partsupp",
                                              "Startup Cost": 0.42,
                                              "Total Cost": 1.86,
                                              "Plan Rows": 4,
                                              "Plan Width": 14,
                                              "Output": [
                                                "partsupp.ps_partkey",
                                                "partsupp.ps_suppkey",
                                                "partsupp.ps_availqty",
                                                "partsupp.ps_supplycost",
                                                "partsupp.ps_comment"
                                              ],
                                              "Index Cond": "(partsupp.ps_partkey = part.p_partkey)"
                                            }
                                          ]
                                        },
                                        {
                                          "Node Type": "Hash",
                                          "Parent Relationship": "Inner",
                                          "Parallel Aware": false,
                                          "Async Capable": false,
                                          "Startup Cost": 323.0,
                                          "Total Cost": 323.0,
                                          "Plan Rows": 10000,
                                          "Plan Width": 8,
                                          "Output": [
                                            "supplier.s_suppkey",
                                            "supplier.s_nationkey"
                                          ],
                                          "Plans": [
                                            {
                                              "Node Type": "Seq Scan",
                                              "Parent Relationship": "Outer",
                                              "Parallel Aware": false,
                                              "Async Capable": false,
                                              "Relation Name": "supplier",
                                              "Schema": "public",
                                              "Alias": "supplier",
                                              "Startup Cost": 0.0,
                                              "Total Cost": 323.0,
                                              "Plan Rows": 10000,
                                              "Plan Width": 8,
                                              "Output": [
                                                "supplier.s_suppkey",
                                                "supplier.s_nationkey"
                                              ]
                                            }
                                          ]
                                        }
                                      ]
                                    },
                                    {
                                      "Node Type": "Hash",
                                      "Parent Relationship": "Inner",
                                      "Parallel Aware": false,
                                      "Async Capable": false,
                                      "Startup Cost": 1.25,
                                      "Total Cost": 1.25,
                                      "Plan Rows": 25,
                                      "Plan Width": 108,
                                      "Output": [
                                        "nation.n_name",
                                        "nation.n_nationkey"
                                      ],
                                      "Plans": [
                                        {
                                          "Node Type": "Seq Scan",
                                          "Parent Relationship": "Outer",
                                          "Parallel Aware": false,
                                          "Async Capable": false,
                                          "Relation Name": "nation",
                                          "Schema": "public",
                                          "Alias": "nation",
                                          "Startup Cost": 0.0,
                                          "Total Cost": 1.25,
                                          "Plan Rows": 25,
                                          "Plan Width": 108,
                                          "Output": [
                                            "nation.n_name",
                                            "nation.n_nationkey"
                                          ]
                                        }
                                      ]
                                    }
                                  ]
                                }
                              ]
                            }
                          ]
                        },
                        {
                          "Node Type": "Index Scan",
                          "Parent Relationship": "Inner",
                          "Parallel Aware": false,
                          "Async Capable": false,
                          "Scan Direction": "Forward",
                          "Index Name": "orders_pkey",
                          "Relation Name": "orders",
                          "Schema": "public",
                          "Alias": "orders",
                          "Startup Cost": 0.43,
                          "Total Cost": 0.45,
                          "Plan Rows": 1,
                          "Plan Width": 8,
                          "Output": [
                            "orders.o_orderkey",
                            "orders.o_custkey",
                            "orders.o_orderstatus",
                            "orders.o_totalprice",
                            "orders.o_orderdate",
                            "orders.o_orderpriority",
                            "orders.o_clerk",
                            "orders.o_shippriority",
                            "orders.o_comment"
                          ],
                          "Index Cond": "(orders.o_orderkey = lineitem.l_orderkey)"
                        }
                      ]
                    }
                  ]
                }
              ]
            }
          ]
        }
      ]
    },
    "JIT": {
      "Functions": 43,
      "Options": {
        "Inlining": false,
        "Optimization": false,
        "Expressions": true,
        "Deforming": true
      }
    }
  }
]
```

---

## 96. Q9_50_seed_401997519.sql

**File Path:** `/Users/brunowinter2000/Documents/Thesis/2025_2026/Plan-Level/Generated_Queries/Q9/Q9_50_seed_401997519.sql`

### EXPLAIN JSON

```json
[
  {
    "Plan": {
      "Node Type": "Sort",
      "Parallel Aware": false,
      "Async Capable": false,
      "Startup Cost": 223771.84,
      "Total Cost": 223922.21,
      "Plan Rows": 60150,
      "Plan Width": 168,
      "Output": [
        "nation.n_name",
        "(EXTRACT(year FROM orders.o_orderdate))",
        "(sum(((lineitem.l_extendedprice * ('1'::numeric - lineitem.l_discount)) - (partsupp.ps_supplycost * lineitem.l_quantity))))"
      ],
      "Sort Key": [
        "nation.n_name",
        "(EXTRACT(year FROM orders.o_orderdate)) DESC"
      ],
      "Plans": [
        {
          "Node Type": "Aggregate",
          "Strategy": "Hashed",
          "Partial Mode": "Finalize",
          "Parent Relationship": "Outer",
          "Parallel Aware": false,
          "Async Capable": false,
          "Startup Cost": 218094.8,
          "Total Cost": 218997.05,
          "Plan Rows": 60150,
          "Plan Width": 168,
          "Output": [
            "nation.n_name",
            "(EXTRACT(year FROM orders.o_orderdate))",
            "sum(((lineitem.l_extendedprice * ('1'::numeric - lineitem.l_discount)) - (partsupp.ps_supplycost * lineitem.l_quantity)))"
          ],
          "Group Key": [
            "nation.n_name",
            "(EXTRACT(year FROM orders.o_orderdate))"
          ],
          "Planned Partitions": 0,
          "Plans": [
            {
              "Node Type": "Gather",
              "Parent Relationship": "Outer",
              "Parallel Aware": false,
              "Async Capable": false,
              "Startup Cost": 184110.05,
              "Total Cost": 215087.3,
              "Plan Rows": 300750,
              "Plan Width": 168,
              "Output": [
                "nation.n_name",
                "(EXTRACT(year FROM orders.o_orderdate))",
                "(PARTIAL sum(((lineitem.l_extendedprice * ('1'::numeric - lineitem.l_discount)) - (partsupp.ps_supplycost * lineitem.l_quantity))))"
              ],
              "Workers Planned": 5,
              "Single Copy": false,
              "Plans": [
                {
                  "Node Type": "Aggregate",
                  "Strategy": "Hashed",
                  "Partial Mode": "Partial",
                  "Parent Relationship": "Outer",
                  "Parallel Aware": false,
                  "Async Capable": false,
                  "Startup Cost": 183110.05,
                  "Total Cost": 184012.3,
                  "Plan Rows": 60150,
                  "Plan Width": 168,
                  "Output": [
                    "nation.n_name",
                    "(EXTRACT(year FROM orders.o_orderdate))",
                    "PARTIAL sum(((lineitem.l_extendedprice * ('1'::numeric - lineitem.l_discount)) - (partsupp.ps_supplycost * lineitem.l_quantity)))"
                  ],
                  "Group Key": [
                    "nation.n_name",
                    "EXTRACT(year FROM orders.o_orderdate)"
                  ],
                  "Planned Partitions": 0,
                  "Plans": [
                    {
                      "Node Type": "Nested Loop",
                      "Parent Relationship": "Outer",
                      "Parallel Aware": false,
                      "Async Capable": false,
                      "Join Type": "Inner",
                      "Startup Cost": 15552.04,
                      "Total Cost": 181847.26,
                      "Plan Rows": 72159,
                      "Plan Width": 159,
                      "Output": [
                        "nation.n_name",
                        "EXTRACT(year FROM orders.o_orderdate)",
                        "lineitem.l_extendedprice",
                        "lineitem.l_discount",
                        "partsupp.ps_supplycost",
                        "lineitem.l_quantity"
                      ],
                      "Inner Unique": true,
                      "Plans": [
                        {
                          "Node Type": "Hash Join",
                          "Parent Relationship": "Outer",
                          "Parallel Aware": true,
                          "Async Capable": false,
                          "Join Type": "Inner",
                          "Startup Cost": 15551.61,
                          "Total Cost": 149155.98,
                          "Plan Rows": 72159,
                          "Plan Width": 131,
                          "Output": [
                            "lineitem.l_extendedprice",
                            "lineitem.l_discount",
                            "lineitem.l_quantity",
                            "lineitem.l_orderkey",
                            "partsupp.ps_supplycost",
                            "nation.n_name"
                          ],
                          "Inner Unique": false,
                          "Hash Cond": "((lineitem.l_suppkey = supplier.s_suppkey) AND (lineitem.l_partkey = partsupp.ps_partkey))",
                          "Plans": [
                            {
                              "Node Type": "Seq Scan",
                              "Parent Relationship": "Outer",
                              "Parallel Aware": true,
                              "Async Capable": false,
                              "Relation Name": "lineitem",
                              "Schema": "public",
                              "Alias": "lineitem",
                              "Startup Cost": 0.0,
                              "Total Cost": 124602.43,
                              "Plan Rows": 1200243,
                              "Plan Width": 29,
                              "Output": [
                                "lineitem.l_orderkey",
                                "lineitem.l_partkey",
                                "lineitem.l_suppkey",
                                "lineitem.l_linenumber",
                                "lineitem.l_quantity",
                                "lineitem.l_extendedprice",
                                "lineitem.l_discount",
                                "lineitem.l_tax",
                                "lineitem.l_returnflag",
                                "lineitem.l_linestatus",
                                "lineitem.l_shipdate",
                                "lineitem.l_commitdate",
                                "lineitem.l_receiptdate",
                                "lineitem.l_shipinstruct",
                                "lineitem.l_shipmode",
                                "lineitem.l_comment"
                              ]
                            },
                            {
                              "Node Type": "Hash",
                              "Parent Relationship": "Inner",
                              "Parallel Aware": true,
                              "Async Capable": false,
                              "Startup Cost": 15251.01,
                              "Total Cost": 15251.01,
                              "Plan Rows": 20040,
                              "Plan Width": 126,
                              "Output": [
                                "part.p_partkey",
                                "partsupp.ps_supplycost",
                                "partsupp.ps_suppkey",
                                "partsupp.ps_partkey",
                                "supplier.s_suppkey",
                                "nation.n_name"
                              ],
                              "Plans": [
                                {
                                  "Node Type": "Hash Join",
                                  "Parent Relationship": "Outer",
                                  "Parallel Aware": false,
                                  "Async Capable": false,
                                  "Join Type": "Inner",
                                  "Startup Cost": 449.99,
                                  "Total Cost": 15251.01,
                                  "Plan Rows": 20040,
                                  "Plan Width": 126,
                                  "Output": [
                                    "part.p_partkey",
                                    "partsupp.ps_supplycost",
                                    "partsupp.ps_suppkey",
                                    "partsupp.ps_partkey",
                                    "supplier.s_suppkey",
                                    "nation.n_name"
                                  ],
                                  "Inner Unique": true,
                                  "Hash Cond": "(supplier.s_nationkey = nation.n_nationkey)",
                                  "Plans": [
                                    {
                                      "Node Type": "Hash Join",
                                      "Parent Relationship": "Outer",
                                      "Parallel Aware": false,
                                      "Async Capable": false,
                                      "Join Type": "Inner",
                                      "Startup Cost": 448.43,
                                      "Total Cost": 15187.92,
                                      "Plan Rows": 20040,
                                      "Plan Width": 26,
                                      "Output": [
                                        "part.p_partkey",
                                        "partsupp.ps_supplycost",
                                        "partsupp.ps_suppkey",
                                        "partsupp.ps_partkey",
                                        "supplier.s_suppkey",
                                        "supplier.s_nationkey"
                                      ],
                                      "Inner Unique": true,
                                      "Hash Cond": "(partsupp.ps_suppkey = supplier.s_suppkey)",
                                      "Plans": [
                                        {
                                          "Node Type": "Nested Loop",
                                          "Parent Relationship": "Outer",
                                          "Parallel Aware": false,
                                          "Async Capable": false,
                                          "Join Type": "Inner",
                                          "Startup Cost": 0.42,
                                          "Total Cost": 14687.3,
                                          "Plan Rows": 20040,
                                          "Plan Width": 18,
                                          "Output": [
                                            "part.p_partkey",
                                            "partsupp.ps_supplycost",
                                            "partsupp.ps_suppkey",
                                            "partsupp.ps_partkey"
                                          ],
                                          "Inner Unique": false,
                                          "Plans": [
                                            {
                                              "Node Type": "Seq Scan",
                                              "Parent Relationship": "Outer",
                                              "Parallel Aware": true,
                                              "Async Capable": false,
                                              "Relation Name": "part",
                                              "Schema": "public",
                                              "Alias": "part",
                                              "Startup Cost": 0.0,
                                              "Total Cost": 5169.67,
                                              "Plan Rows": 5010,
                                              "Plan Width": 4,
                                              "Output": [
                                                "part.p_partkey",
                                                "part.p_name",
                                                "part.p_mfgr",
                                                "part.p_brand",
                                                "part.p_type",
                                                "part.p_size",
                                                "part.p_container",
                                                "part.p_retailprice",
                                                "part.p_comment"
                                              ],
                                              "Filter": "((part.p_name)::text ~~ '%cornflower%'::text)"
                                            },
                                            {
                                              "Node Type": "Index Scan",
                                              "Parent Relationship": "Inner",
                                              "Parallel Aware": false,
                                              "Async Capable": false,
                                              "Scan Direction": "Forward",
                                              "Index Name": "partsupp_pkey",
                                              "Relation Name": "partsupp",
                                              "Schema": "public",
                                              "Alias": "partsupp",
                                              "Startup Cost": 0.42,
                                              "Total Cost": 1.86,
                                              "Plan Rows": 4,
                                              "Plan Width": 14,
                                              "Output": [
                                                "partsupp.ps_partkey",
                                                "partsupp.ps_suppkey",
                                                "partsupp.ps_availqty",
                                                "partsupp.ps_supplycost",
                                                "partsupp.ps_comment"
                                              ],
                                              "Index Cond": "(partsupp.ps_partkey = part.p_partkey)"
                                            }
                                          ]
                                        },
                                        {
                                          "Node Type": "Hash",
                                          "Parent Relationship": "Inner",
                                          "Parallel Aware": false,
                                          "Async Capable": false,
                                          "Startup Cost": 323.0,
                                          "Total Cost": 323.0,
                                          "Plan Rows": 10000,
                                          "Plan Width": 8,
                                          "Output": [
                                            "supplier.s_suppkey",
                                            "supplier.s_nationkey"
                                          ],
                                          "Plans": [
                                            {
                                              "Node Type": "Seq Scan",
                                              "Parent Relationship": "Outer",
                                              "Parallel Aware": false,
                                              "Async Capable": false,
                                              "Relation Name": "supplier",
                                              "Schema": "public",
                                              "Alias": "supplier",
                                              "Startup Cost": 0.0,
                                              "Total Cost": 323.0,
                                              "Plan Rows": 10000,
                                              "Plan Width": 8,
                                              "Output": [
                                                "supplier.s_suppkey",
                                                "supplier.s_nationkey"
                                              ]
                                            }
                                          ]
                                        }
                                      ]
                                    },
                                    {
                                      "Node Type": "Hash",
                                      "Parent Relationship": "Inner",
                                      "Parallel Aware": false,
                                      "Async Capable": false,
                                      "Startup Cost": 1.25,
                                      "Total Cost": 1.25,
                                      "Plan Rows": 25,
                                      "Plan Width": 108,
                                      "Output": [
                                        "nation.n_name",
                                        "nation.n_nationkey"
                                      ],
                                      "Plans": [
                                        {
                                          "Node Type": "Seq Scan",
                                          "Parent Relationship": "Outer",
                                          "Parallel Aware": false,
                                          "Async Capable": false,
                                          "Relation Name": "nation",
                                          "Schema": "public",
                                          "Alias": "nation",
                                          "Startup Cost": 0.0,
                                          "Total Cost": 1.25,
                                          "Plan Rows": 25,
                                          "Plan Width": 108,
                                          "Output": [
                                            "nation.n_name",
                                            "nation.n_nationkey"
                                          ]
                                        }
                                      ]
                                    }
                                  ]
                                }
                              ]
                            }
                          ]
                        },
                        {
                          "Node Type": "Index Scan",
                          "Parent Relationship": "Inner",
                          "Parallel Aware": false,
                          "Async Capable": false,
                          "Scan Direction": "Forward",
                          "Index Name": "orders_pkey",
                          "Relation Name": "orders",
                          "Schema": "public",
                          "Alias": "orders",
                          "Startup Cost": 0.43,
                          "Total Cost": 0.45,
                          "Plan Rows": 1,
                          "Plan Width": 8,
                          "Output": [
                            "orders.o_orderkey",
                            "orders.o_custkey",
                            "orders.o_orderstatus",
                            "orders.o_totalprice",
                            "orders.o_orderdate",
                            "orders.o_orderpriority",
                            "orders.o_clerk",
                            "orders.o_shippriority",
                            "orders.o_comment"
                          ],
                          "Index Cond": "(orders.o_orderkey = lineitem.l_orderkey)"
                        }
                      ]
                    }
                  ]
                }
              ]
            }
          ]
        }
      ]
    },
    "JIT": {
      "Functions": 43,
      "Options": {
        "Inlining": false,
        "Optimization": false,
        "Expressions": true,
        "Deforming": true
      }
    }
  }
]
```

---

## 97. Q9_51_seed_410201550.sql

**File Path:** `/Users/brunowinter2000/Documents/Thesis/2025_2026/Plan-Level/Generated_Queries/Q9/Q9_51_seed_410201550.sql`

### EXPLAIN JSON

```json
[
  {
    "Plan": {
      "Node Type": "Sort",
      "Parallel Aware": false,
      "Async Capable": false,
      "Startup Cost": 223771.84,
      "Total Cost": 223922.21,
      "Plan Rows": 60150,
      "Plan Width": 168,
      "Output": [
        "nation.n_name",
        "(EXTRACT(year FROM orders.o_orderdate))",
        "(sum(((lineitem.l_extendedprice * ('1'::numeric - lineitem.l_discount)) - (partsupp.ps_supplycost * lineitem.l_quantity))))"
      ],
      "Sort Key": [
        "nation.n_name",
        "(EXTRACT(year FROM orders.o_orderdate)) DESC"
      ],
      "Plans": [
        {
          "Node Type": "Aggregate",
          "Strategy": "Hashed",
          "Partial Mode": "Finalize",
          "Parent Relationship": "Outer",
          "Parallel Aware": false,
          "Async Capable": false,
          "Startup Cost": 218094.8,
          "Total Cost": 218997.05,
          "Plan Rows": 60150,
          "Plan Width": 168,
          "Output": [
            "nation.n_name",
            "(EXTRACT(year FROM orders.o_orderdate))",
            "sum(((lineitem.l_extendedprice * ('1'::numeric - lineitem.l_discount)) - (partsupp.ps_supplycost * lineitem.l_quantity)))"
          ],
          "Group Key": [
            "nation.n_name",
            "(EXTRACT(year FROM orders.o_orderdate))"
          ],
          "Planned Partitions": 0,
          "Plans": [
            {
              "Node Type": "Gather",
              "Parent Relationship": "Outer",
              "Parallel Aware": false,
              "Async Capable": false,
              "Startup Cost": 184110.05,
              "Total Cost": 215087.3,
              "Plan Rows": 300750,
              "Plan Width": 168,
              "Output": [
                "nation.n_name",
                "(EXTRACT(year FROM orders.o_orderdate))",
                "(PARTIAL sum(((lineitem.l_extendedprice * ('1'::numeric - lineitem.l_discount)) - (partsupp.ps_supplycost * lineitem.l_quantity))))"
              ],
              "Workers Planned": 5,
              "Single Copy": false,
              "Plans": [
                {
                  "Node Type": "Aggregate",
                  "Strategy": "Hashed",
                  "Partial Mode": "Partial",
                  "Parent Relationship": "Outer",
                  "Parallel Aware": false,
                  "Async Capable": false,
                  "Startup Cost": 183110.05,
                  "Total Cost": 184012.3,
                  "Plan Rows": 60150,
                  "Plan Width": 168,
                  "Output": [
                    "nation.n_name",
                    "(EXTRACT(year FROM orders.o_orderdate))",
                    "PARTIAL sum(((lineitem.l_extendedprice * ('1'::numeric - lineitem.l_discount)) - (partsupp.ps_supplycost * lineitem.l_quantity)))"
                  ],
                  "Group Key": [
                    "nation.n_name",
                    "EXTRACT(year FROM orders.o_orderdate)"
                  ],
                  "Planned Partitions": 0,
                  "Plans": [
                    {
                      "Node Type": "Nested Loop",
                      "Parent Relationship": "Outer",
                      "Parallel Aware": false,
                      "Async Capable": false,
                      "Join Type": "Inner",
                      "Startup Cost": 15552.04,
                      "Total Cost": 181847.26,
                      "Plan Rows": 72159,
                      "Plan Width": 159,
                      "Output": [
                        "nation.n_name",
                        "EXTRACT(year FROM orders.o_orderdate)",
                        "lineitem.l_extendedprice",
                        "lineitem.l_discount",
                        "partsupp.ps_supplycost",
                        "lineitem.l_quantity"
                      ],
                      "Inner Unique": true,
                      "Plans": [
                        {
                          "Node Type": "Hash Join",
                          "Parent Relationship": "Outer",
                          "Parallel Aware": true,
                          "Async Capable": false,
                          "Join Type": "Inner",
                          "Startup Cost": 15551.61,
                          "Total Cost": 149155.98,
                          "Plan Rows": 72159,
                          "Plan Width": 131,
                          "Output": [
                            "lineitem.l_extendedprice",
                            "lineitem.l_discount",
                            "lineitem.l_quantity",
                            "lineitem.l_orderkey",
                            "partsupp.ps_supplycost",
                            "nation.n_name"
                          ],
                          "Inner Unique": false,
                          "Hash Cond": "((lineitem.l_suppkey = supplier.s_suppkey) AND (lineitem.l_partkey = partsupp.ps_partkey))",
                          "Plans": [
                            {
                              "Node Type": "Seq Scan",
                              "Parent Relationship": "Outer",
                              "Parallel Aware": true,
                              "Async Capable": false,
                              "Relation Name": "lineitem",
                              "Schema": "public",
                              "Alias": "lineitem",
                              "Startup Cost": 0.0,
                              "Total Cost": 124602.43,
                              "Plan Rows": 1200243,
                              "Plan Width": 29,
                              "Output": [
                                "lineitem.l_orderkey",
                                "lineitem.l_partkey",
                                "lineitem.l_suppkey",
                                "lineitem.l_linenumber",
                                "lineitem.l_quantity",
                                "lineitem.l_extendedprice",
                                "lineitem.l_discount",
                                "lineitem.l_tax",
                                "lineitem.l_returnflag",
                                "lineitem.l_linestatus",
                                "lineitem.l_shipdate",
                                "lineitem.l_commitdate",
                                "lineitem.l_receiptdate",
                                "lineitem.l_shipinstruct",
                                "lineitem.l_shipmode",
                                "lineitem.l_comment"
                              ]
                            },
                            {
                              "Node Type": "Hash",
                              "Parent Relationship": "Inner",
                              "Parallel Aware": true,
                              "Async Capable": false,
                              "Startup Cost": 15251.01,
                              "Total Cost": 15251.01,
                              "Plan Rows": 20040,
                              "Plan Width": 126,
                              "Output": [
                                "part.p_partkey",
                                "partsupp.ps_supplycost",
                                "partsupp.ps_suppkey",
                                "partsupp.ps_partkey",
                                "supplier.s_suppkey",
                                "nation.n_name"
                              ],
                              "Plans": [
                                {
                                  "Node Type": "Hash Join",
                                  "Parent Relationship": "Outer",
                                  "Parallel Aware": false,
                                  "Async Capable": false,
                                  "Join Type": "Inner",
                                  "Startup Cost": 449.99,
                                  "Total Cost": 15251.01,
                                  "Plan Rows": 20040,
                                  "Plan Width": 126,
                                  "Output": [
                                    "part.p_partkey",
                                    "partsupp.ps_supplycost",
                                    "partsupp.ps_suppkey",
                                    "partsupp.ps_partkey",
                                    "supplier.s_suppkey",
                                    "nation.n_name"
                                  ],
                                  "Inner Unique": true,
                                  "Hash Cond": "(supplier.s_nationkey = nation.n_nationkey)",
                                  "Plans": [
                                    {
                                      "Node Type": "Hash Join",
                                      "Parent Relationship": "Outer",
                                      "Parallel Aware": false,
                                      "Async Capable": false,
                                      "Join Type": "Inner",
                                      "Startup Cost": 448.43,
                                      "Total Cost": 15187.92,
                                      "Plan Rows": 20040,
                                      "Plan Width": 26,
                                      "Output": [
                                        "part.p_partkey",
                                        "partsupp.ps_supplycost",
                                        "partsupp.ps_suppkey",
                                        "partsupp.ps_partkey",
                                        "supplier.s_suppkey",
                                        "supplier.s_nationkey"
                                      ],
                                      "Inner Unique": true,
                                      "Hash Cond": "(partsupp.ps_suppkey = supplier.s_suppkey)",
                                      "Plans": [
                                        {
                                          "Node Type": "Nested Loop",
                                          "Parent Relationship": "Outer",
                                          "Parallel Aware": false,
                                          "Async Capable": false,
                                          "Join Type": "Inner",
                                          "Startup Cost": 0.42,
                                          "Total Cost": 14687.3,
                                          "Plan Rows": 20040,
                                          "Plan Width": 18,
                                          "Output": [
                                            "part.p_partkey",
                                            "partsupp.ps_supplycost",
                                            "partsupp.ps_suppkey",
                                            "partsupp.ps_partkey"
                                          ],
                                          "Inner Unique": false,
                                          "Plans": [
                                            {
                                              "Node Type": "Seq Scan",
                                              "Parent Relationship": "Outer",
                                              "Parallel Aware": true,
                                              "Async Capable": false,
                                              "Relation Name": "part",
                                              "Schema": "public",
                                              "Alias": "part",
                                              "Startup Cost": 0.0,
                                              "Total Cost": 5169.67,
                                              "Plan Rows": 5010,
                                              "Plan Width": 4,
                                              "Output": [
                                                "part.p_partkey",
                                                "part.p_name",
                                                "part.p_mfgr",
                                                "part.p_brand",
                                                "part.p_type",
                                                "part.p_size",
                                                "part.p_container",
                                                "part.p_retailprice",
                                                "part.p_comment"
                                              ],
                                              "Filter": "((part.p_name)::text ~~ '%peru%'::text)"
                                            },
                                            {
                                              "Node Type": "Index Scan",
                                              "Parent Relationship": "Inner",
                                              "Parallel Aware": false,
                                              "Async Capable": false,
                                              "Scan Direction": "Forward",
                                              "Index Name": "partsupp_pkey",
                                              "Relation Name": "partsupp",
                                              "Schema": "public",
                                              "Alias": "partsupp",
                                              "Startup Cost": 0.42,
                                              "Total Cost": 1.86,
                                              "Plan Rows": 4,
                                              "Plan Width": 14,
                                              "Output": [
                                                "partsupp.ps_partkey",
                                                "partsupp.ps_suppkey",
                                                "partsupp.ps_availqty",
                                                "partsupp.ps_supplycost",
                                                "partsupp.ps_comment"
                                              ],
                                              "Index Cond": "(partsupp.ps_partkey = part.p_partkey)"
                                            }
                                          ]
                                        },
                                        {
                                          "Node Type": "Hash",
                                          "Parent Relationship": "Inner",
                                          "Parallel Aware": false,
                                          "Async Capable": false,
                                          "Startup Cost": 323.0,
                                          "Total Cost": 323.0,
                                          "Plan Rows": 10000,
                                          "Plan Width": 8,
                                          "Output": [
                                            "supplier.s_suppkey",
                                            "supplier.s_nationkey"
                                          ],
                                          "Plans": [
                                            {
                                              "Node Type": "Seq Scan",
                                              "Parent Relationship": "Outer",
                                              "Parallel Aware": false,
                                              "Async Capable": false,
                                              "Relation Name": "supplier",
                                              "Schema": "public",
                                              "Alias": "supplier",
                                              "Startup Cost": 0.0,
                                              "Total Cost": 323.0,
                                              "Plan Rows": 10000,
                                              "Plan Width": 8,
                                              "Output": [
                                                "supplier.s_suppkey",
                                                "supplier.s_nationkey"
                                              ]
                                            }
                                          ]
                                        }
                                      ]
                                    },
                                    {
                                      "Node Type": "Hash",
                                      "Parent Relationship": "Inner",
                                      "Parallel Aware": false,
                                      "Async Capable": false,
                                      "Startup Cost": 1.25,
                                      "Total Cost": 1.25,
                                      "Plan Rows": 25,
                                      "Plan Width": 108,
                                      "Output": [
                                        "nation.n_name",
                                        "nation.n_nationkey"
                                      ],
                                      "Plans": [
                                        {
                                          "Node Type": "Seq Scan",
                                          "Parent Relationship": "Outer",
                                          "Parallel Aware": false,
                                          "Async Capable": false,
                                          "Relation Name": "nation",
                                          "Schema": "public",
                                          "Alias": "nation",
                                          "Startup Cost": 0.0,
                                          "Total Cost": 1.25,
                                          "Plan Rows": 25,
                                          "Plan Width": 108,
                                          "Output": [
                                            "nation.n_name",
                                            "nation.n_nationkey"
                                          ]
                                        }
                                      ]
                                    }
                                  ]
                                }
                              ]
                            }
                          ]
                        },
                        {
                          "Node Type": "Index Scan",
                          "Parent Relationship": "Inner",
                          "Parallel Aware": false,
                          "Async Capable": false,
                          "Scan Direction": "Forward",
                          "Index Name": "orders_pkey",
                          "Relation Name": "orders",
                          "Schema": "public",
                          "Alias": "orders",
                          "Startup Cost": 0.43,
                          "Total Cost": 0.45,
                          "Plan Rows": 1,
                          "Plan Width": 8,
                          "Output": [
                            "orders.o_orderkey",
                            "orders.o_custkey",
                            "orders.o_orderstatus",
                            "orders.o_totalprice",
                            "orders.o_orderdate",
                            "orders.o_orderpriority",
                            "orders.o_clerk",
                            "orders.o_shippriority",
                            "orders.o_comment"
                          ],
                          "Index Cond": "(orders.o_orderkey = lineitem.l_orderkey)"
                        }
                      ]
                    }
                  ]
                }
              ]
            }
          ]
        }
      ]
    },
    "JIT": {
      "Functions": 43,
      "Options": {
        "Inlining": false,
        "Optimization": false,
        "Expressions": true,
        "Deforming": true
      }
    }
  }
]
```

---

## 98. Q9_52_seed_418405581.sql

**File Path:** `/Users/brunowinter2000/Documents/Thesis/2025_2026/Plan-Level/Generated_Queries/Q9/Q9_52_seed_418405581.sql`

### EXPLAIN JSON

```json
[
  {
    "Plan": {
      "Node Type": "Sort",
      "Parallel Aware": false,
      "Async Capable": false,
      "Startup Cost": 225063.73,
      "Total Cost": 225214.11,
      "Plan Rows": 60150,
      "Plan Width": 168,
      "Output": [
        "nation.n_name",
        "(EXTRACT(year FROM orders.o_orderdate))",
        "(sum(((lineitem.l_extendedprice * ('1'::numeric - lineitem.l_discount)) - (partsupp.ps_supplycost * lineitem.l_quantity))))"
      ],
      "Sort Key": [
        "nation.n_name",
        "(EXTRACT(year FROM orders.o_orderdate)) DESC"
      ],
      "Plans": [
        {
          "Node Type": "Aggregate",
          "Strategy": "Hashed",
          "Partial Mode": "Finalize",
          "Parent Relationship": "Outer",
          "Parallel Aware": false,
          "Async Capable": false,
          "Startup Cost": 219386.69,
          "Total Cost": 220288.94,
          "Plan Rows": 60150,
          "Plan Width": 168,
          "Output": [
            "nation.n_name",
            "(EXTRACT(year FROM orders.o_orderdate))",
            "sum(((lineitem.l_extendedprice * ('1'::numeric - lineitem.l_discount)) - (partsupp.ps_supplycost * lineitem.l_quantity)))"
          ],
          "Group Key": [
            "nation.n_name",
            "(EXTRACT(year FROM orders.o_orderdate))"
          ],
          "Planned Partitions": 0,
          "Plans": [
            {
              "Node Type": "Gather",
              "Parent Relationship": "Outer",
              "Parallel Aware": false,
              "Async Capable": false,
              "Startup Cost": 185401.94,
              "Total Cost": 216379.19,
              "Plan Rows": 300750,
              "Plan Width": 168,
              "Output": [
                "nation.n_name",
                "(EXTRACT(year FROM orders.o_orderdate))",
                "(PARTIAL sum(((lineitem.l_extendedprice * ('1'::numeric - lineitem.l_discount)) - (partsupp.ps_supplycost * lineitem.l_quantity))))"
              ],
              "Workers Planned": 5,
              "Single Copy": false,
              "Plans": [
                {
                  "Node Type": "Aggregate",
                  "Strategy": "Hashed",
                  "Partial Mode": "Partial",
                  "Parent Relationship": "Outer",
                  "Parallel Aware": false,
                  "Async Capable": false,
                  "Startup Cost": 184401.94,
                  "Total Cost": 185304.19,
                  "Plan Rows": 60150,
                  "Plan Width": 168,
                  "Output": [
                    "nation.n_name",
                    "(EXTRACT(year FROM orders.o_orderdate))",
                    "PARTIAL sum(((lineitem.l_extendedprice * ('1'::numeric - lineitem.l_discount)) - (partsupp.ps_supplycost * lineitem.l_quantity)))"
                  ],
                  "Group Key": [
                    "nation.n_name",
                    "EXTRACT(year FROM orders.o_orderdate)"
                  ],
                  "Planned Partitions": 0,
                  "Plans": [
                    {
                      "Node Type": "Nested Loop",
                      "Parent Relationship": "Outer",
                      "Parallel Aware": false,
                      "Async Capable": false,
                      "Join Type": "Inner",
                      "Startup Cost": 15711.8,
                      "Total Cost": 183097.06,
                      "Plan Rows": 74565,
                      "Plan Width": 159,
                      "Output": [
                        "nation.n_name",
                        "EXTRACT(year FROM orders.o_orderdate)",
                        "lineitem.l_extendedprice",
                        "lineitem.l_discount",
                        "partsupp.ps_supplycost",
                        "lineitem.l_quantity"
                      ],
                      "Inner Unique": true,
                      "Plans": [
                        {
                          "Node Type": "Hash Join",
                          "Parent Relationship": "Outer",
                          "Parallel Aware": true,
                          "Async Capable": false,
                          "Join Type": "Inner",
                          "Startup Cost": 15711.38,
                          "Total Cost": 149315.75,
                          "Plan Rows": 74565,
                          "Plan Width": 131,
                          "Output": [
                            "lineitem.l_extendedprice",
                            "lineitem.l_discount",
                            "lineitem.l_quantity",
                            "lineitem.l_orderkey",
                            "partsupp.ps_supplycost",
                            "nation.n_name"
                          ],
                          "Inner Unique": false,
                          "Hash Cond": "((lineitem.l_suppkey = supplier.s_suppkey) AND (lineitem.l_partkey = partsupp.ps_partkey))",
                          "Plans": [
                            {
                              "Node Type": "Seq Scan",
                              "Parent Relationship": "Outer",
                              "Parallel Aware": true,
                              "Async Capable": false,
                              "Relation Name": "lineitem",
                              "Schema": "public",
                              "Alias": "lineitem",
                              "Startup Cost": 0.0,
                              "Total Cost": 124602.43,
                              "Plan Rows": 1200243,
                              "Plan Width": 29,
                              "Output": [
                                "lineitem.l_orderkey",
                                "lineitem.l_partkey",
                                "lineitem.l_suppkey",
                                "lineitem.l_linenumber",
                                "lineitem.l_quantity",
                                "lineitem.l_extendedprice",
                                "lineitem.l_discount",
                                "lineitem.l_tax",
                                "lineitem.l_returnflag",
                                "lineitem.l_linestatus",
                                "lineitem.l_shipdate",
                                "lineitem.l_commitdate",
                                "lineitem.l_receiptdate",
                                "lineitem.l_shipinstruct",
                                "lineitem.l_shipmode",
                                "lineitem.l_comment"
                              ]
                            },
                            {
                              "Node Type": "Hash",
                              "Parent Relationship": "Inner",
                              "Parallel Aware": true,
                              "Async Capable": false,
                              "Startup Cost": 15400.76,
                              "Total Cost": 15400.76,
                              "Plan Rows": 20708,
                              "Plan Width": 126,
                              "Output": [
                                "part.p_partkey",
                                "partsupp.ps_supplycost",
                                "partsupp.ps_suppkey",
                                "partsupp.ps_partkey",
                                "supplier.s_suppkey",
                                "nation.n_name"
                              ],
                              "Plans": [
                                {
                                  "Node Type": "Hash Join",
                                  "Parent Relationship": "Outer",
                                  "Parallel Aware": false,
                                  "Async Capable": false,
                                  "Join Type": "Inner",
                                  "Startup Cost": 449.99,
                                  "Total Cost": 15400.76,
                                  "Plan Rows": 20708,
                                  "Plan Width": 126,
                                  "Output": [
                                    "part.p_partkey",
                                    "partsupp.ps_supplycost",
                                    "partsupp.ps_suppkey",
                                    "partsupp.ps_partkey",
                                    "supplier.s_suppkey",
                                    "nation.n_name"
                                  ],
                                  "Inner Unique": true,
                                  "Hash Cond": "(supplier.s_nationkey = nation.n_nationkey)",
                                  "Plans": [
                                    {
                                      "Node Type": "Hash Join",
                                      "Parent Relationship": "Outer",
                                      "Parallel Aware": false,
                                      "Async Capable": false,
                                      "Join Type": "Inner",
                                      "Startup Cost": 448.43,
                                      "Total Cost": 15335.62,
                                      "Plan Rows": 20708,
                                      "Plan Width": 26,
                                      "Output": [
                                        "part.p_partkey",
                                        "partsupp.ps_supplycost",
                                        "partsupp.ps_suppkey",
                                        "partsupp.ps_partkey",
                                        "supplier.s_suppkey",
                                        "supplier.s_nationkey"
                                      ],
                                      "Inner Unique": true,
                                      "Hash Cond": "(partsupp.ps_suppkey = supplier.s_suppkey)",
                                      "Plans": [
                                        {
                                          "Node Type": "Nested Loop",
                                          "Parent Relationship": "Outer",
                                          "Parallel Aware": false,
                                          "Async Capable": false,
                                          "Join Type": "Inner",
                                          "Startup Cost": 0.42,
                                          "Total Cost": 14833.24,
                                          "Plan Rows": 20708,
                                          "Plan Width": 18,
                                          "Output": [
                                            "part.p_partkey",
                                            "partsupp.ps_supplycost",
                                            "partsupp.ps_suppkey",
                                            "partsupp.ps_partkey"
                                          ],
                                          "Inner Unique": false,
                                          "Plans": [
                                            {
                                              "Node Type": "Seq Scan",
                                              "Parent Relationship": "Outer",
                                              "Parallel Aware": true,
                                              "Async Capable": false,
                                              "Relation Name": "part",
                                              "Schema": "public",
                                              "Alias": "part",
                                              "Startup Cost": 0.0,
                                              "Total Cost": 5169.67,
                                              "Plan Rows": 5177,
                                              "Plan Width": 4,
                                              "Output": [
                                                "part.p_partkey",
                                                "part.p_name",
                                                "part.p_mfgr",
                                                "part.p_brand",
                                                "part.p_type",
                                                "part.p_size",
                                                "part.p_container",
                                                "part.p_retailprice",
                                                "part.p_comment"
                                              ],
                                              "Filter": "((part.p_name)::text ~~ '%coral%'::text)"
                                            },
                                            {
                                              "Node Type": "Index Scan",
                                              "Parent Relationship": "Inner",
                                              "Parallel Aware": false,
                                              "Async Capable": false,
                                              "Scan Direction": "Forward",
                                              "Index Name": "partsupp_pkey",
                                              "Relation Name": "partsupp",
                                              "Schema": "public",
                                              "Alias": "partsupp",
                                              "Startup Cost": 0.42,
                                              "Total Cost": 1.83,
                                              "Plan Rows": 4,
                                              "Plan Width": 14,
                                              "Output": [
                                                "partsupp.ps_partkey",
                                                "partsupp.ps_suppkey",
                                                "partsupp.ps_availqty",
                                                "partsupp.ps_supplycost",
                                                "partsupp.ps_comment"
                                              ],
                                              "Index Cond": "(partsupp.ps_partkey = part.p_partkey)"
                                            }
                                          ]
                                        },
                                        {
                                          "Node Type": "Hash",
                                          "Parent Relationship": "Inner",
                                          "Parallel Aware": false,
                                          "Async Capable": false,
                                          "Startup Cost": 323.0,
                                          "Total Cost": 323.0,
                                          "Plan Rows": 10000,
                                          "Plan Width": 8,
                                          "Output": [
                                            "supplier.s_suppkey",
                                            "supplier.s_nationkey"
                                          ],
                                          "Plans": [
                                            {
                                              "Node Type": "Seq Scan",
                                              "Parent Relationship": "Outer",
                                              "Parallel Aware": false,
                                              "Async Capable": false,
                                              "Relation Name": "supplier",
                                              "Schema": "public",
                                              "Alias": "supplier",
                                              "Startup Cost": 0.0,
                                              "Total Cost": 323.0,
                                              "Plan Rows": 10000,
                                              "Plan Width": 8,
                                              "Output": [
                                                "supplier.s_suppkey",
                                                "supplier.s_nationkey"
                                              ]
                                            }
                                          ]
                                        }
                                      ]
                                    },
                                    {
                                      "Node Type": "Hash",
                                      "Parent Relationship": "Inner",
                                      "Parallel Aware": false,
                                      "Async Capable": false,
                                      "Startup Cost": 1.25,
                                      "Total Cost": 1.25,
                                      "Plan Rows": 25,
                                      "Plan Width": 108,
                                      "Output": [
                                        "nation.n_name",
                                        "nation.n_nationkey"
                                      ],
                                      "Plans": [
                                        {
                                          "Node Type": "Seq Scan",
                                          "Parent Relationship": "Outer",
                                          "Parallel Aware": false,
                                          "Async Capable": false,
                                          "Relation Name": "nation",
                                          "Schema": "public",
                                          "Alias": "nation",
                                          "Startup Cost": 0.0,
                                          "Total Cost": 1.25,
                                          "Plan Rows": 25,
                                          "Plan Width": 108,
                                          "Output": [
                                            "nation.n_name",
                                            "nation.n_nationkey"
                                          ]
                                        }
                                      ]
                                    }
                                  ]
                                }
                              ]
                            }
                          ]
                        },
                        {
                          "Node Type": "Index Scan",
                          "Parent Relationship": "Inner",
                          "Parallel Aware": false,
                          "Async Capable": false,
                          "Scan Direction": "Forward",
                          "Index Name": "orders_pkey",
                          "Relation Name": "orders",
                          "Schema": "public",
                          "Alias": "orders",
                          "Startup Cost": 0.43,
                          "Total Cost": 0.45,
                          "Plan Rows": 1,
                          "Plan Width": 8,
                          "Output": [
                            "orders.o_orderkey",
                            "orders.o_custkey",
                            "orders.o_orderstatus",
                            "orders.o_totalprice",
                            "orders.o_orderdate",
                            "orders.o_orderpriority",
                            "orders.o_clerk",
                            "orders.o_shippriority",
                            "orders.o_comment"
                          ],
                          "Index Cond": "(orders.o_orderkey = lineitem.l_orderkey)"
                        }
                      ]
                    }
                  ]
                }
              ]
            }
          ]
        }
      ]
    },
    "JIT": {
      "Functions": 43,
      "Options": {
        "Inlining": false,
        "Optimization": false,
        "Expressions": true,
        "Deforming": true
      }
    }
  }
]
```

---

## 99. Q9_53_seed_426609612.sql

**File Path:** `/Users/brunowinter2000/Documents/Thesis/2025_2026/Plan-Level/Generated_Queries/Q9/Q9_53_seed_426609612.sql`

### EXPLAIN JSON

```json
[
  {
    "Plan": {
      "Node Type": "Sort",
      "Parallel Aware": false,
      "Async Capable": false,
      "Startup Cost": 221184.19,
      "Total Cost": 221334.56,
      "Plan Rows": 60150,
      "Plan Width": 168,
      "Output": [
        "nation.n_name",
        "(EXTRACT(year FROM orders.o_orderdate))",
        "(sum(((lineitem.l_extendedprice * ('1'::numeric - lineitem.l_discount)) - (partsupp.ps_supplycost * lineitem.l_quantity))))"
      ],
      "Sort Key": [
        "nation.n_name",
        "(EXTRACT(year FROM orders.o_orderdate)) DESC"
      ],
      "Plans": [
        {
          "Node Type": "Aggregate",
          "Strategy": "Hashed",
          "Partial Mode": "Finalize",
          "Parent Relationship": "Outer",
          "Parallel Aware": false,
          "Async Capable": false,
          "Startup Cost": 215507.15,
          "Total Cost": 216409.4,
          "Plan Rows": 60150,
          "Plan Width": 168,
          "Output": [
            "nation.n_name",
            "(EXTRACT(year FROM orders.o_orderdate))",
            "sum(((lineitem.l_extendedprice * ('1'::numeric - lineitem.l_discount)) - (partsupp.ps_supplycost * lineitem.l_quantity)))"
          ],
          "Group Key": [
            "nation.n_name",
            "(EXTRACT(year FROM orders.o_orderdate))"
          ],
          "Planned Partitions": 0,
          "Plans": [
            {
              "Node Type": "Gather",
              "Parent Relationship": "Outer",
              "Parallel Aware": false,
              "Async Capable": false,
              "Startup Cost": 181522.4,
              "Total Cost": 212499.65,
              "Plan Rows": 300750,
              "Plan Width": 168,
              "Output": [
                "nation.n_name",
                "(EXTRACT(year FROM orders.o_orderdate))",
                "(PARTIAL sum(((lineitem.l_extendedprice * ('1'::numeric - lineitem.l_discount)) - (partsupp.ps_supplycost * lineitem.l_quantity))))"
              ],
              "Workers Planned": 5,
              "Single Copy": false,
              "Plans": [
                {
                  "Node Type": "Aggregate",
                  "Strategy": "Hashed",
                  "Partial Mode": "Partial",
                  "Parent Relationship": "Outer",
                  "Parallel Aware": false,
                  "Async Capable": false,
                  "Startup Cost": 180522.4,
                  "Total Cost": 181424.65,
                  "Plan Rows": 60150,
                  "Plan Width": 168,
                  "Output": [
                    "nation.n_name",
                    "(EXTRACT(year FROM orders.o_orderdate))",
                    "PARTIAL sum(((lineitem.l_extendedprice * ('1'::numeric - lineitem.l_discount)) - (partsupp.ps_supplycost * lineitem.l_quantity)))"
                  ],
                  "Group Key": [
                    "nation.n_name",
                    "EXTRACT(year FROM orders.o_orderdate)"
                  ],
                  "Planned Partitions": 0,
                  "Plans": [
                    {
                      "Node Type": "Nested Loop",
                      "Parent Relationship": "Outer",
                      "Parallel Aware": false,
                      "Async Capable": false,
                      "Join Type": "Inner",
                      "Startup Cost": 15229.13,
                      "Total Cost": 179343.84,
                      "Plan Rows": 67346,
                      "Plan Width": 159,
                      "Output": [
                        "nation.n_name",
                        "EXTRACT(year FROM orders.o_orderdate)",
                        "lineitem.l_extendedprice",
                        "lineitem.l_discount",
                        "partsupp.ps_supplycost",
                        "lineitem.l_quantity"
                      ],
                      "Inner Unique": true,
                      "Plans": [
                        {
                          "Node Type": "Hash Join",
                          "Parent Relationship": "Outer",
                          "Parallel Aware": true,
                          "Async Capable": false,
                          "Join Type": "Inner",
                          "Startup Cost": 15228.71,
                          "Total Cost": 148833.07,
                          "Plan Rows": 67346,
                          "Plan Width": 131,
                          "Output": [
                            "lineitem.l_extendedprice",
                            "lineitem.l_discount",
                            "lineitem.l_quantity",
                            "lineitem.l_orderkey",
                            "partsupp.ps_supplycost",
                            "nation.n_name"
                          ],
                          "Inner Unique": false,
                          "Hash Cond": "((lineitem.l_suppkey = supplier.s_suppkey) AND (lineitem.l_partkey = partsupp.ps_partkey))",
                          "Plans": [
                            {
                              "Node Type": "Seq Scan",
                              "Parent Relationship": "Outer",
                              "Parallel Aware": true,
                              "Async Capable": false,
                              "Relation Name": "lineitem",
                              "Schema": "public",
                              "Alias": "lineitem",
                              "Startup Cost": 0.0,
                              "Total Cost": 124602.43,
                              "Plan Rows": 1200243,
                              "Plan Width": 29,
                              "Output": [
                                "lineitem.l_orderkey",
                                "lineitem.l_partkey",
                                "lineitem.l_suppkey",
                                "lineitem.l_linenumber",
                                "lineitem.l_quantity",
                                "lineitem.l_extendedprice",
                                "lineitem.l_discount",
                                "lineitem.l_tax",
                                "lineitem.l_returnflag",
                                "lineitem.l_linestatus",
                                "lineitem.l_shipdate",
                                "lineitem.l_commitdate",
                                "lineitem.l_receiptdate",
                                "lineitem.l_shipinstruct",
                                "lineitem.l_shipmode",
                                "lineitem.l_comment"
                              ]
                            },
                            {
                              "Node Type": "Hash",
                              "Parent Relationship": "Inner",
                              "Parallel Aware": true,
                              "Async Capable": false,
                              "Startup Cost": 14948.16,
                              "Total Cost": 14948.16,
                              "Plan Rows": 18703,
                              "Plan Width": 126,
                              "Output": [
                                "part.p_partkey",
                                "partsupp.ps_supplycost",
                                "partsupp.ps_suppkey",
                                "partsupp.ps_partkey",
                                "supplier.s_suppkey",
                                "nation.n_name"
                              ],
                              "Plans": [
                                {
                                  "Node Type": "Hash Join",
                                  "Parent Relationship": "Outer",
                                  "Parallel Aware": false,
                                  "Async Capable": false,
                                  "Join Type": "Inner",
                                  "Startup Cost": 449.99,
                                  "Total Cost": 14948.16,
                                  "Plan Rows": 18703,
                                  "Plan Width": 126,
                                  "Output": [
                                    "part.p_partkey",
                                    "partsupp.ps_supplycost",
                                    "partsupp.ps_suppkey",
                                    "partsupp.ps_partkey",
                                    "supplier.s_suppkey",
                                    "nation.n_name"
                                  ],
                                  "Inner Unique": true,
                                  "Hash Cond": "(supplier.s_nationkey = nation.n_nationkey)",
                                  "Plans": [
                                    {
                                      "Node Type": "Hash Join",
                                      "Parent Relationship": "Outer",
                                      "Parallel Aware": false,
                                      "Async Capable": false,
                                      "Join Type": "Inner",
                                      "Startup Cost": 448.43,
                                      "Total Cost": 14889.18,
                                      "Plan Rows": 18703,
                                      "Plan Width": 26,
                                      "Output": [
                                        "part.p_partkey",
                                        "partsupp.ps_supplycost",
                                        "partsupp.ps_suppkey",
                                        "partsupp.ps_partkey",
                                        "supplier.s_suppkey",
                                        "supplier.s_nationkey"
                                      ],
                                      "Inner Unique": true,
                                      "Hash Cond": "(partsupp.ps_suppkey = supplier.s_suppkey)",
                                      "Plans": [
                                        {
                                          "Node Type": "Nested Loop",
                                          "Parent Relationship": "Outer",
                                          "Parallel Aware": false,
                                          "Async Capable": false,
                                          "Join Type": "Inner",
                                          "Startup Cost": 0.42,
                                          "Total Cost": 14392.06,
                                          "Plan Rows": 18703,
                                          "Plan Width": 18,
                                          "Output": [
                                            "part.p_partkey",
                                            "partsupp.ps_supplycost",
                                            "partsupp.ps_suppkey",
                                            "partsupp.ps_partkey"
                                          ],
                                          "Inner Unique": false,
                                          "Plans": [
                                            {
                                              "Node Type": "Seq Scan",
                                              "Parent Relationship": "Outer",
                                              "Parallel Aware": true,
                                              "Async Capable": false,
                                              "Relation Name": "part",
                                              "Schema": "public",
                                              "Alias": "part",
                                              "Startup Cost": 0.0,
                                              "Total Cost": 5169.67,
                                              "Plan Rows": 4676,
                                              "Plan Width": 4,
                                              "Output": [
                                                "part.p_partkey",
                                                "part.p_name",
                                                "part.p_mfgr",
                                                "part.p_brand",
                                                "part.p_type",
                                                "part.p_size",
                                                "part.p_container",
                                                "part.p_retailprice",
                                                "part.p_comment"
                                              ],
                                              "Filter": "((part.p_name)::text ~~ '%peach%'::text)"
                                            },
                                            {
                                              "Node Type": "Index Scan",
                                              "Parent Relationship": "Inner",
                                              "Parallel Aware": false,
                                              "Async Capable": false,
                                              "Scan Direction": "Forward",
                                              "Index Name": "partsupp_pkey",
                                              "Relation Name": "partsupp",
                                              "Schema": "public",
                                              "Alias": "partsupp",
                                              "Startup Cost": 0.42,
                                              "Total Cost": 1.93,
                                              "Plan Rows": 4,
                                              "Plan Width": 14,
                                              "Output": [
                                                "partsupp.ps_partkey",
                                                "partsupp.ps_suppkey",
                                                "partsupp.ps_availqty",
                                                "partsupp.ps_supplycost",
                                                "partsupp.ps_comment"
                                              ],
                                              "Index Cond": "(partsupp.ps_partkey = part.p_partkey)"
                                            }
                                          ]
                                        },
                                        {
                                          "Node Type": "Hash",
                                          "Parent Relationship": "Inner",
                                          "Parallel Aware": false,
                                          "Async Capable": false,
                                          "Startup Cost": 323.0,
                                          "Total Cost": 323.0,
                                          "Plan Rows": 10000,
                                          "Plan Width": 8,
                                          "Output": [
                                            "supplier.s_suppkey",
                                            "supplier.s_nationkey"
                                          ],
                                          "Plans": [
                                            {
                                              "Node Type": "Seq Scan",
                                              "Parent Relationship": "Outer",
                                              "Parallel Aware": false,
                                              "Async Capable": false,
                                              "Relation Name": "supplier",
                                              "Schema": "public",
                                              "Alias": "supplier",
                                              "Startup Cost": 0.0,
                                              "Total Cost": 323.0,
                                              "Plan Rows": 10000,
                                              "Plan Width": 8,
                                              "Output": [
                                                "supplier.s_suppkey",
                                                "supplier.s_nationkey"
                                              ]
                                            }
                                          ]
                                        }
                                      ]
                                    },
                                    {
                                      "Node Type": "Hash",
                                      "Parent Relationship": "Inner",
                                      "Parallel Aware": false,
                                      "Async Capable": false,
                                      "Startup Cost": 1.25,
                                      "Total Cost": 1.25,
                                      "Plan Rows": 25,
                                      "Plan Width": 108,
                                      "Output": [
                                        "nation.n_name",
                                        "nation.n_nationkey"
                                      ],
                                      "Plans": [
                                        {
                                          "Node Type": "Seq Scan",
                                          "Parent Relationship": "Outer",
                                          "Parallel Aware": false,
                                          "Async Capable": false,
                                          "Relation Name": "nation",
                                          "Schema": "public",
                                          "Alias": "nation",
                                          "Startup Cost": 0.0,
                                          "Total Cost": 1.25,
                                          "Plan Rows": 25,
                                          "Plan Width": 108,
                                          "Output": [
                                            "nation.n_name",
                                            "nation.n_nationkey"
                                          ]
                                        }
                                      ]
                                    }
                                  ]
                                }
                              ]
                            }
                          ]
                        },
                        {
                          "Node Type": "Index Scan",
                          "Parent Relationship": "Inner",
                          "Parallel Aware": false,
                          "Async Capable": false,
                          "Scan Direction": "Forward",
                          "Index Name": "orders_pkey",
                          "Relation Name": "orders",
                          "Schema": "public",
                          "Alias": "orders",
                          "Startup Cost": 0.43,
                          "Total Cost": 0.45,
                          "Plan Rows": 1,
                          "Plan Width": 8,
                          "Output": [
                            "orders.o_orderkey",
                            "orders.o_custkey",
                            "orders.o_orderstatus",
                            "orders.o_totalprice",
                            "orders.o_orderdate",
                            "orders.o_orderpriority",
                            "orders.o_clerk",
                            "orders.o_shippriority",
                            "orders.o_comment"
                          ],
                          "Index Cond": "(orders.o_orderkey = lineitem.l_orderkey)"
                        }
                      ]
                    }
                  ]
                }
              ]
            }
          ]
        }
      ]
    },
    "JIT": {
      "Functions": 43,
      "Options": {
        "Inlining": false,
        "Optimization": false,
        "Expressions": true,
        "Deforming": true
      }
    }
  }
]
```

---

## 100. Q9_54_seed_434813643.sql

**File Path:** `/Users/brunowinter2000/Documents/Thesis/2025_2026/Plan-Level/Generated_Queries/Q9/Q9_54_seed_434813643.sql`

### EXPLAIN JSON

```json
[
  {
    "Plan": {
      "Node Type": "Sort",
      "Parallel Aware": false,
      "Async Capable": false,
      "Startup Cost": 222478.18,
      "Total Cost": 222628.55,
      "Plan Rows": 60150,
      "Plan Width": 168,
      "Output": [
        "nation.n_name",
        "(EXTRACT(year FROM orders.o_orderdate))",
        "(sum(((lineitem.l_extendedprice * ('1'::numeric - lineitem.l_discount)) - (partsupp.ps_supplycost * lineitem.l_quantity))))"
      ],
      "Sort Key": [
        "nation.n_name",
        "(EXTRACT(year FROM orders.o_orderdate)) DESC"
      ],
      "Plans": [
        {
          "Node Type": "Aggregate",
          "Strategy": "Hashed",
          "Partial Mode": "Finalize",
          "Parent Relationship": "Outer",
          "Parallel Aware": false,
          "Async Capable": false,
          "Startup Cost": 216801.14,
          "Total Cost": 217703.39,
          "Plan Rows": 60150,
          "Plan Width": 168,
          "Output": [
            "nation.n_name",
            "(EXTRACT(year FROM orders.o_orderdate))",
            "sum(((lineitem.l_extendedprice * ('1'::numeric - lineitem.l_discount)) - (partsupp.ps_supplycost * lineitem.l_quantity)))"
          ],
          "Group Key": [
            "nation.n_name",
            "(EXTRACT(year FROM orders.o_orderdate))"
          ],
          "Planned Partitions": 0,
          "Plans": [
            {
              "Node Type": "Gather",
              "Parent Relationship": "Outer",
              "Parallel Aware": false,
              "Async Capable": false,
              "Startup Cost": 182816.39,
              "Total Cost": 213793.64,
              "Plan Rows": 300750,
              "Plan Width": 168,
              "Output": [
                "nation.n_name",
                "(EXTRACT(year FROM orders.o_orderdate))",
                "(PARTIAL sum(((lineitem.l_extendedprice * ('1'::numeric - lineitem.l_discount)) - (partsupp.ps_supplycost * lineitem.l_quantity))))"
              ],
              "Workers Planned": 5,
              "Single Copy": false,
              "Plans": [
                {
                  "Node Type": "Aggregate",
                  "Strategy": "Hashed",
                  "Partial Mode": "Partial",
                  "Parent Relationship": "Outer",
                  "Parallel Aware": false,
                  "Async Capable": false,
                  "Startup Cost": 181816.39,
                  "Total Cost": 182718.64,
                  "Plan Rows": 60150,
                  "Plan Width": 168,
                  "Output": [
                    "nation.n_name",
                    "(EXTRACT(year FROM orders.o_orderdate))",
                    "PARTIAL sum(((lineitem.l_extendedprice * ('1'::numeric - lineitem.l_discount)) - (partsupp.ps_supplycost * lineitem.l_quantity)))"
                  ],
                  "Group Key": [
                    "nation.n_name",
                    "EXTRACT(year FROM orders.o_orderdate)"
                  ],
                  "Planned Partitions": 0,
                  "Plans": [
                    {
                      "Node Type": "Nested Loop",
                      "Parent Relationship": "Outer",
                      "Parallel Aware": false,
                      "Async Capable": false,
                      "Join Type": "Inner",
                      "Startup Cost": 15390.98,
                      "Total Cost": 180595.73,
                      "Plan Rows": 69752,
                      "Plan Width": 159,
                      "Output": [
                        "nation.n_name",
                        "EXTRACT(year FROM orders.o_orderdate)",
                        "lineitem.l_extendedprice",
                        "lineitem.l_discount",
                        "partsupp.ps_supplycost",
                        "lineitem.l_quantity"
                      ],
                      "Inner Unique": true,
                      "Plans": [
                        {
                          "Node Type": "Hash Join",
                          "Parent Relationship": "Outer",
                          "Parallel Aware": true,
                          "Async Capable": false,
                          "Join Type": "Inner",
                          "Startup Cost": 15390.55,
                          "Total Cost": 148994.93,
                          "Plan Rows": 69752,
                          "Plan Width": 131,
                          "Output": [
                            "lineitem.l_extendedprice",
                            "lineitem.l_discount",
                            "lineitem.l_quantity",
                            "lineitem.l_orderkey",
                            "partsupp.ps_supplycost",
                            "nation.n_name"
                          ],
                          "Inner Unique": false,
                          "Hash Cond": "((lineitem.l_suppkey = supplier.s_suppkey) AND (lineitem.l_partkey = partsupp.ps_partkey))",
                          "Plans": [
                            {
                              "Node Type": "Seq Scan",
                              "Parent Relationship": "Outer",
                              "Parallel Aware": true,
                              "Async Capable": false,
                              "Relation Name": "lineitem",
                              "Schema": "public",
                              "Alias": "lineitem",
                              "Startup Cost": 0.0,
                              "Total Cost": 124602.43,
                              "Plan Rows": 1200243,
                              "Plan Width": 29,
                              "Output": [
                                "lineitem.l_orderkey",
                                "lineitem.l_partkey",
                                "lineitem.l_suppkey",
                                "lineitem.l_linenumber",
                                "lineitem.l_quantity",
                                "lineitem.l_extendedprice",
                                "lineitem.l_discount",
                                "lineitem.l_tax",
                                "lineitem.l_returnflag",
                                "lineitem.l_linestatus",
                                "lineitem.l_shipdate",
                                "lineitem.l_commitdate",
                                "lineitem.l_receiptdate",
                                "lineitem.l_shipinstruct",
                                "lineitem.l_shipmode",
                                "lineitem.l_comment"
                              ]
                            },
                            {
                              "Node Type": "Hash",
                              "Parent Relationship": "Inner",
                              "Parallel Aware": true,
                              "Async Capable": false,
                              "Startup Cost": 15099.97,
                              "Total Cost": 15099.97,
                              "Plan Rows": 19372,
                              "Plan Width": 126,
                              "Output": [
                                "part.p_partkey",
                                "partsupp.ps_supplycost",
                                "partsupp.ps_suppkey",
                                "partsupp.ps_partkey",
                                "supplier.s_suppkey",
                                "nation.n_name"
                              ],
                              "Plans": [
                                {
                                  "Node Type": "Hash Join",
                                  "Parent Relationship": "Outer",
                                  "Parallel Aware": false,
                                  "Async Capable": false,
                                  "Join Type": "Inner",
                                  "Startup Cost": 449.99,
                                  "Total Cost": 15099.97,
                                  "Plan Rows": 19372,
                                  "Plan Width": 126,
                                  "Output": [
                                    "part.p_partkey",
                                    "partsupp.ps_supplycost",
                                    "partsupp.ps_suppkey",
                                    "partsupp.ps_partkey",
                                    "supplier.s_suppkey",
                                    "nation.n_name"
                                  ],
                                  "Inner Unique": true,
                                  "Hash Cond": "(supplier.s_nationkey = nation.n_nationkey)",
                                  "Plans": [
                                    {
                                      "Node Type": "Hash Join",
                                      "Parent Relationship": "Outer",
                                      "Parallel Aware": false,
                                      "Async Capable": false,
                                      "Join Type": "Inner",
                                      "Startup Cost": 448.43,
                                      "Total Cost": 15038.94,
                                      "Plan Rows": 19372,
                                      "Plan Width": 26,
                                      "Output": [
                                        "part.p_partkey",
                                        "partsupp.ps_supplycost",
                                        "partsupp.ps_suppkey",
                                        "partsupp.ps_partkey",
                                        "supplier.s_suppkey",
                                        "supplier.s_nationkey"
                                      ],
                                      "Inner Unique": true,
                                      "Hash Cond": "(partsupp.ps_suppkey = supplier.s_suppkey)",
                                      "Plans": [
                                        {
                                          "Node Type": "Nested Loop",
                                          "Parent Relationship": "Outer",
                                          "Parallel Aware": false,
                                          "Async Capable": false,
                                          "Join Type": "Inner",
                                          "Startup Cost": 0.42,
                                          "Total Cost": 14540.06,
                                          "Plan Rows": 19372,
                                          "Plan Width": 18,
                                          "Output": [
                                            "part.p_partkey",
                                            "partsupp.ps_supplycost",
                                            "partsupp.ps_suppkey",
                                            "partsupp.ps_partkey"
                                          ],
                                          "Inner Unique": false,
                                          "Plans": [
                                            {
                                              "Node Type": "Seq Scan",
                                              "Parent Relationship": "Outer",
                                              "Parallel Aware": true,
                                              "Async Capable": false,
                                              "Relation Name": "part",
                                              "Schema": "public",
                                              "Alias": "part",
                                              "Startup Cost": 0.0,
                                              "Total Cost": 5169.67,
                                              "Plan Rows": 4843,
                                              "Plan Width": 4,
                                              "Output": [
                                                "part.p_partkey",
                                                "part.p_name",
                                                "part.p_mfgr",
                                                "part.p_brand",
                                                "part.p_type",
                                                "part.p_size",
                                                "part.p_container",
                                                "part.p_retailprice",
                                                "part.p_comment"
                                              ],
                                              "Filter": "((part.p_name)::text ~~ '%chocolate%'::text)"
                                            },
                                            {
                                              "Node Type": "Index Scan",
                                              "Parent Relationship": "Inner",
                                              "Parallel Aware": false,
                                              "Async Capable": false,
                                              "Scan Direction": "Forward",
                                              "Index Name": "partsupp_pkey",
                                              "Relation Name": "partsupp",
                                              "Schema": "public",
                                              "Alias": "partsupp",
                                              "Startup Cost": 0.42,
                                              "Total Cost": 1.89,
                                              "Plan Rows": 4,
                                              "Plan Width": 14,
                                              "Output": [
                                                "partsupp.ps_partkey",
                                                "partsupp.ps_suppkey",
                                                "partsupp.ps_availqty",
                                                "partsupp.ps_supplycost",
                                                "partsupp.ps_comment"
                                              ],
                                              "Index Cond": "(partsupp.ps_partkey = part.p_partkey)"
                                            }
                                          ]
                                        },
                                        {
                                          "Node Type": "Hash",
                                          "Parent Relationship": "Inner",
                                          "Parallel Aware": false,
                                          "Async Capable": false,
                                          "Startup Cost": 323.0,
                                          "Total Cost": 323.0,
                                          "Plan Rows": 10000,
                                          "Plan Width": 8,
                                          "Output": [
                                            "supplier.s_suppkey",
                                            "supplier.s_nationkey"
                                          ],
                                          "Plans": [
                                            {
                                              "Node Type": "Seq Scan",
                                              "Parent Relationship": "Outer",
                                              "Parallel Aware": false,
                                              "Async Capable": false,
                                              "Relation Name": "supplier",
                                              "Schema": "public",
                                              "Alias": "supplier",
                                              "Startup Cost": 0.0,
                                              "Total Cost": 323.0,
                                              "Plan Rows": 10000,
                                              "Plan Width": 8,
                                              "Output": [
                                                "supplier.s_suppkey",
                                                "supplier.s_nationkey"
                                              ]
                                            }
                                          ]
                                        }
                                      ]
                                    },
                                    {
                                      "Node Type": "Hash",
                                      "Parent Relationship": "Inner",
                                      "Parallel Aware": false,
                                      "Async Capable": false,
                                      "Startup Cost": 1.25,
                                      "Total Cost": 1.25,
                                      "Plan Rows": 25,
                                      "Plan Width": 108,
                                      "Output": [
                                        "nation.n_name",
                                        "nation.n_nationkey"
                                      ],
                                      "Plans": [
                                        {
                                          "Node Type": "Seq Scan",
                                          "Parent Relationship": "Outer",
                                          "Parallel Aware": false,
                                          "Async Capable": false,
                                          "Relation Name": "nation",
                                          "Schema": "public",
                                          "Alias": "nation",
                                          "Startup Cost": 0.0,
                                          "Total Cost": 1.25,
                                          "Plan Rows": 25,
                                          "Plan Width": 108,
                                          "Output": [
                                            "nation.n_name",
                                            "nation.n_nationkey"
                                          ]
                                        }
                                      ]
                                    }
                                  ]
                                }
                              ]
                            }
                          ]
                        },
                        {
                          "Node Type": "Index Scan",
                          "Parent Relationship": "Inner",
                          "Parallel Aware": false,
                          "Async Capable": false,
                          "Scan Direction": "Forward",
                          "Index Name": "orders_pkey",
                          "Relation Name": "orders",
                          "Schema": "public",
                          "Alias": "orders",
                          "Startup Cost": 0.43,
                          "Total Cost": 0.45,
                          "Plan Rows": 1,
                          "Plan Width": 8,
                          "Output": [
                            "orders.o_orderkey",
                            "orders.o_custkey",
                            "orders.o_orderstatus",
                            "orders.o_totalprice",
                            "orders.o_orderdate",
                            "orders.o_orderpriority",
                            "orders.o_clerk",
                            "orders.o_shippriority",
                            "orders.o_comment"
                          ],
                          "Index Cond": "(orders.o_orderkey = lineitem.l_orderkey)"
                        }
                      ]
                    }
                  ]
                }
              ]
            }
          ]
        }
      ]
    },
    "JIT": {
      "Functions": 43,
      "Options": {
        "Inlining": false,
        "Optimization": false,
        "Expressions": true,
        "Deforming": true
      }
    }
  }
]
```

---

## 101. Q9_55_seed_443017674.sql

**File Path:** `/Users/brunowinter2000/Documents/Thesis/2025_2026/Plan-Level/Generated_Queries/Q9/Q9_55_seed_443017674.sql`

### EXPLAIN JSON

```json
[
  {
    "Plan": {
      "Node Type": "Sort",
      "Parallel Aware": false,
      "Async Capable": false,
      "Startup Cost": 218594.94,
      "Total Cost": 218745.31,
      "Plan Rows": 60150,
      "Plan Width": 168,
      "Output": [
        "nation.n_name",
        "(EXTRACT(year FROM orders.o_orderdate))",
        "(sum(((lineitem.l_extendedprice * ('1'::numeric - lineitem.l_discount)) - (partsupp.ps_supplycost * lineitem.l_quantity))))"
      ],
      "Sort Key": [
        "nation.n_name",
        "(EXTRACT(year FROM orders.o_orderdate)) DESC"
      ],
      "Plans": [
        {
          "Node Type": "Aggregate",
          "Strategy": "Hashed",
          "Partial Mode": "Finalize",
          "Parent Relationship": "Outer",
          "Parallel Aware": false,
          "Async Capable": false,
          "Startup Cost": 212917.9,
          "Total Cost": 213820.15,
          "Plan Rows": 60150,
          "Plan Width": 168,
          "Output": [
            "nation.n_name",
            "(EXTRACT(year FROM orders.o_orderdate))",
            "sum(((lineitem.l_extendedprice * ('1'::numeric - lineitem.l_discount)) - (partsupp.ps_supplycost * lineitem.l_quantity)))"
          ],
          "Group Key": [
            "nation.n_name",
            "(EXTRACT(year FROM orders.o_orderdate))"
          ],
          "Planned Partitions": 0,
          "Plans": [
            {
              "Node Type": "Gather",
              "Parent Relationship": "Outer",
              "Parallel Aware": false,
              "Async Capable": false,
              "Startup Cost": 178933.15,
              "Total Cost": 209910.4,
              "Plan Rows": 300750,
              "Plan Width": 168,
              "Output": [
                "nation.n_name",
                "(EXTRACT(year FROM orders.o_orderdate))",
                "(PARTIAL sum(((lineitem.l_extendedprice * ('1'::numeric - lineitem.l_discount)) - (partsupp.ps_supplycost * lineitem.l_quantity))))"
              ],
              "Workers Planned": 5,
              "Single Copy": false,
              "Plans": [
                {
                  "Node Type": "Aggregate",
                  "Strategy": "Hashed",
                  "Partial Mode": "Partial",
                  "Parent Relationship": "Outer",
                  "Parallel Aware": false,
                  "Async Capable": false,
                  "Startup Cost": 177933.15,
                  "Total Cost": 178835.4,
                  "Plan Rows": 60150,
                  "Plan Width": 168,
                  "Output": [
                    "nation.n_name",
                    "(EXTRACT(year FROM orders.o_orderdate))",
                    "PARTIAL sum(((lineitem.l_extendedprice * ('1'::numeric - lineitem.l_discount)) - (partsupp.ps_supplycost * lineitem.l_quantity)))"
                  ],
                  "Group Key": [
                    "nation.n_name",
                    "EXTRACT(year FROM orders.o_orderdate)"
                  ],
                  "Planned Partitions": 0,
                  "Plans": [
                    {
                      "Node Type": "Nested Loop",
                      "Parent Relationship": "Outer",
                      "Parallel Aware": false,
                      "Async Capable": false,
                      "Join Type": "Inner",
                      "Startup Cost": 14901.81,
                      "Total Cost": 176838.72,
                      "Plan Rows": 62539,
                      "Plan Width": 159,
                      "Output": [
                        "nation.n_name",
                        "EXTRACT(year FROM orders.o_orderdate)",
                        "lineitem.l_extendedprice",
                        "lineitem.l_discount",
                        "partsupp.ps_supplycost",
                        "lineitem.l_quantity"
                      ],
                      "Inner Unique": true,
                      "Plans": [
                        {
                          "Node Type": "Hash Join",
                          "Parent Relationship": "Outer",
                          "Parallel Aware": true,
                          "Async Capable": false,
                          "Join Type": "Inner",
                          "Startup Cost": 14901.38,
                          "Total Cost": 148505.73,
                          "Plan Rows": 62539,
                          "Plan Width": 131,
                          "Output": [
                            "lineitem.l_extendedprice",
                            "lineitem.l_discount",
                            "lineitem.l_quantity",
                            "lineitem.l_orderkey",
                            "partsupp.ps_supplycost",
                            "nation.n_name"
                          ],
                          "Inner Unique": false,
                          "Hash Cond": "((lineitem.l_suppkey = supplier.s_suppkey) AND (lineitem.l_partkey = partsupp.ps_partkey))",
                          "Plans": [
                            {
                              "Node Type": "Seq Scan",
                              "Parent Relationship": "Outer",
                              "Parallel Aware": true,
                              "Async Capable": false,
                              "Relation Name": "lineitem",
                              "Schema": "public",
                              "Alias": "lineitem",
                              "Startup Cost": 0.0,
                              "Total Cost": 124602.43,
                              "Plan Rows": 1200243,
                              "Plan Width": 29,
                              "Output": [
                                "lineitem.l_orderkey",
                                "lineitem.l_partkey",
                                "lineitem.l_suppkey",
                                "lineitem.l_linenumber",
                                "lineitem.l_quantity",
                                "lineitem.l_extendedprice",
                                "lineitem.l_discount",
                                "lineitem.l_tax",
                                "lineitem.l_returnflag",
                                "lineitem.l_linestatus",
                                "lineitem.l_shipdate",
                                "lineitem.l_commitdate",
                                "lineitem.l_receiptdate",
                                "lineitem.l_shipinstruct",
                                "lineitem.l_shipmode",
                                "lineitem.l_comment"
                              ]
                            },
                            {
                              "Node Type": "Hash",
                              "Parent Relationship": "Inner",
                              "Parallel Aware": true,
                              "Async Capable": false,
                              "Startup Cost": 14640.86,
                              "Total Cost": 14640.86,
                              "Plan Rows": 17368,
                              "Plan Width": 126,
                              "Output": [
                                "part.p_partkey",
                                "partsupp.ps_supplycost",
                                "partsupp.ps_suppkey",
                                "partsupp.ps_partkey",
                                "supplier.s_suppkey",
                                "nation.n_name"
                              ],
                              "Plans": [
                                {
                                  "Node Type": "Hash Join",
                                  "Parent Relationship": "Outer",
                                  "Parallel Aware": false,
                                  "Async Capable": false,
                                  "Join Type": "Inner",
                                  "Startup Cost": 449.99,
                                  "Total Cost": 14640.86,
                                  "Plan Rows": 17368,
                                  "Plan Width": 126,
                                  "Output": [
                                    "part.p_partkey",
                                    "partsupp.ps_supplycost",
                                    "partsupp.ps_suppkey",
                                    "partsupp.ps_partkey",
                                    "supplier.s_suppkey",
                                    "nation.n_name"
                                  ],
                                  "Inner Unique": true,
                                  "Hash Cond": "(supplier.s_nationkey = nation.n_nationkey)",
                                  "Plans": [
                                    {
                                      "Node Type": "Hash Join",
                                      "Parent Relationship": "Outer",
                                      "Parallel Aware": false,
                                      "Async Capable": false,
                                      "Join Type": "Inner",
                                      "Startup Cost": 448.43,
                                      "Total Cost": 14585.97,
                                      "Plan Rows": 17368,
                                      "Plan Width": 26,
                                      "Output": [
                                        "part.p_partkey",
                                        "partsupp.ps_supplycost",
                                        "partsupp.ps_suppkey",
                                        "partsupp.ps_partkey",
                                        "supplier.s_suppkey",
                                        "supplier.s_nationkey"
                                      ],
                                      "Inner Unique": true,
                                      "Hash Cond": "(partsupp.ps_suppkey = supplier.s_suppkey)",
                                      "Plans": [
                                        {
                                          "Node Type": "Nested Loop",
                                          "Parent Relationship": "Outer",
                                          "Parallel Aware": false,
                                          "Async Capable": false,
                                          "Join Type": "Inner",
                                          "Startup Cost": 0.42,
                                          "Total Cost": 14092.36,
                                          "Plan Rows": 17368,
                                          "Plan Width": 18,
                                          "Output": [
                                            "part.p_partkey",
                                            "partsupp.ps_supplycost",
                                            "partsupp.ps_suppkey",
                                            "partsupp.ps_partkey"
                                          ],
                                          "Inner Unique": false,
                                          "Plans": [
                                            {
                                              "Node Type": "Seq Scan",
                                              "Parent Relationship": "Outer",
                                              "Parallel Aware": true,
                                              "Async Capable": false,
                                              "Relation Name": "part",
                                              "Schema": "public",
                                              "Alias": "part",
                                              "Startup Cost": 0.0,
                                              "Total Cost": 5169.67,
                                              "Plan Rows": 4342,
                                              "Plan Width": 4,
                                              "Output": [
                                                "part.p_partkey",
                                                "part.p_name",
                                                "part.p_mfgr",
                                                "part.p_brand",
                                                "part.p_type",
                                                "part.p_size",
                                                "part.p_container",
                                                "part.p_retailprice",
                                                "part.p_comment"
                                              ],
                                              "Filter": "((part.p_name)::text ~~ '%papaya%'::text)"
                                            },
                                            {
                                              "Node Type": "Index Scan",
                                              "Parent Relationship": "Inner",
                                              "Parallel Aware": false,
                                              "Async Capable": false,
                                              "Scan Direction": "Forward",
                                              "Index Name": "partsupp_pkey",
                                              "Relation Name": "partsupp",
                                              "Schema": "public",
                                              "Alias": "partsupp",
                                              "Startup Cost": 0.42,
                                              "Total Cost": 2.01,
                                              "Plan Rows": 4,
                                              "Plan Width": 14,
                                              "Output": [
                                                "partsupp.ps_partkey",
                                                "partsupp.ps_suppkey",
                                                "partsupp.ps_availqty",
                                                "partsupp.ps_supplycost",
                                                "partsupp.ps_comment"
                                              ],
                                              "Index Cond": "(partsupp.ps_partkey = part.p_partkey)"
                                            }
                                          ]
                                        },
                                        {
                                          "Node Type": "Hash",
                                          "Parent Relationship": "Inner",
                                          "Parallel Aware": false,
                                          "Async Capable": false,
                                          "Startup Cost": 323.0,
                                          "Total Cost": 323.0,
                                          "Plan Rows": 10000,
                                          "Plan Width": 8,
                                          "Output": [
                                            "supplier.s_suppkey",
                                            "supplier.s_nationkey"
                                          ],
                                          "Plans": [
                                            {
                                              "Node Type": "Seq Scan",
                                              "Parent Relationship": "Outer",
                                              "Parallel Aware": false,
                                              "Async Capable": false,
                                              "Relation Name": "supplier",
                                              "Schema": "public",
                                              "Alias": "supplier",
                                              "Startup Cost": 0.0,
                                              "Total Cost": 323.0,
                                              "Plan Rows": 10000,
                                              "Plan Width": 8,
                                              "Output": [
                                                "supplier.s_suppkey",
                                                "supplier.s_nationkey"
                                              ]
                                            }
                                          ]
                                        }
                                      ]
                                    },
                                    {
                                      "Node Type": "Hash",
                                      "Parent Relationship": "Inner",
                                      "Parallel Aware": false,
                                      "Async Capable": false,
                                      "Startup Cost": 1.25,
                                      "Total Cost": 1.25,
                                      "Plan Rows": 25,
                                      "Plan Width": 108,
                                      "Output": [
                                        "nation.n_name",
                                        "nation.n_nationkey"
                                      ],
                                      "Plans": [
                                        {
                                          "Node Type": "Seq Scan",
                                          "Parent Relationship": "Outer",
                                          "Parallel Aware": false,
                                          "Async Capable": false,
                                          "Relation Name": "nation",
                                          "Schema": "public",
                                          "Alias": "nation",
                                          "Startup Cost": 0.0,
                                          "Total Cost": 1.25,
                                          "Plan Rows": 25,
                                          "Plan Width": 108,
                                          "Output": [
                                            "nation.n_name",
                                            "nation.n_nationkey"
                                          ]
                                        }
                                      ]
                                    }
                                  ]
                                }
                              ]
                            }
                          ]
                        },
                        {
                          "Node Type": "Index Scan",
                          "Parent Relationship": "Inner",
                          "Parallel Aware": false,
                          "Async Capable": false,
                          "Scan Direction": "Forward",
                          "Index Name": "orders_pkey",
                          "Relation Name": "orders",
                          "Schema": "public",
                          "Alias": "orders",
                          "Startup Cost": 0.43,
                          "Total Cost": 0.45,
                          "Plan Rows": 1,
                          "Plan Width": 8,
                          "Output": [
                            "orders.o_orderkey",
                            "orders.o_custkey",
                            "orders.o_orderstatus",
                            "orders.o_totalprice",
                            "orders.o_orderdate",
                            "orders.o_orderpriority",
                            "orders.o_clerk",
                            "orders.o_shippriority",
                            "orders.o_comment"
                          ],
                          "Index Cond": "(orders.o_orderkey = lineitem.l_orderkey)"
                        }
                      ]
                    }
                  ]
                }
              ]
            }
          ]
        }
      ]
    },
    "JIT": {
      "Functions": 43,
      "Options": {
        "Inlining": false,
        "Optimization": false,
        "Expressions": true,
        "Deforming": true
      }
    }
  }
]
```

---

## 102. Q9_56_seed_451221705.sql

**File Path:** `/Users/brunowinter2000/Documents/Thesis/2025_2026/Plan-Level/Generated_Queries/Q9/Q9_56_seed_451221705.sql`

### EXPLAIN JSON

```json
[
  {
    "Plan": {
      "Node Type": "Sort",
      "Parallel Aware": false,
      "Async Capable": false,
      "Startup Cost": 209315.24,
      "Total Cost": 209465.61,
      "Plan Rows": 60150,
      "Plan Width": 168,
      "Output": [
        "nation.n_name",
        "(EXTRACT(year FROM orders.o_orderdate))",
        "(sum(((lineitem.l_extendedprice * ('1'::numeric - lineitem.l_discount)) - (partsupp.ps_supplycost * lineitem.l_quantity))))"
      ],
      "Sort Key": [
        "nation.n_name",
        "(EXTRACT(year FROM orders.o_orderdate)) DESC"
      ],
      "Plans": [
        {
          "Node Type": "Aggregate",
          "Strategy": "Hashed",
          "Partial Mode": "Finalize",
          "Parent Relationship": "Outer",
          "Parallel Aware": false,
          "Async Capable": false,
          "Startup Cost": 203638.2,
          "Total Cost": 204540.45,
          "Plan Rows": 60150,
          "Plan Width": 168,
          "Output": [
            "nation.n_name",
            "(EXTRACT(year FROM orders.o_orderdate))",
            "sum(((lineitem.l_extendedprice * ('1'::numeric - lineitem.l_discount)) - (partsupp.ps_supplycost * lineitem.l_quantity)))"
          ],
          "Group Key": [
            "nation.n_name",
            "(EXTRACT(year FROM orders.o_orderdate))"
          ],
          "Planned Partitions": 0,
          "Plans": [
            {
              "Node Type": "Gather",
              "Parent Relationship": "Outer",
              "Parallel Aware": false,
              "Async Capable": false,
              "Startup Cost": 173738.96,
              "Total Cost": 200992.25,
              "Plan Rows": 264595,
              "Plan Width": 168,
              "Output": [
                "nation.n_name",
                "(EXTRACT(year FROM orders.o_orderdate))",
                "(PARTIAL sum(((lineitem.l_extendedprice * ('1'::numeric - lineitem.l_discount)) - (partsupp.ps_supplycost * lineitem.l_quantity))))"
              ],
              "Workers Planned": 5,
              "Single Copy": false,
              "Plans": [
                {
                  "Node Type": "Aggregate",
                  "Strategy": "Hashed",
                  "Partial Mode": "Partial",
                  "Parent Relationship": "Outer",
                  "Parallel Aware": false,
                  "Async Capable": false,
                  "Startup Cost": 172738.96,
                  "Total Cost": 173532.75,
                  "Plan Rows": 52919,
                  "Plan Width": 168,
                  "Output": [
                    "nation.n_name",
                    "(EXTRACT(year FROM orders.o_orderdate))",
                    "PARTIAL sum(((lineitem.l_extendedprice * ('1'::numeric - lineitem.l_discount)) - (partsupp.ps_supplycost * lineitem.l_quantity)))"
                  ],
                  "Group Key": [
                    "nation.n_name",
                    "EXTRACT(year FROM orders.o_orderdate)"
                  ],
                  "Planned Partitions": 0,
                  "Plans": [
                    {
                      "Node Type": "Nested Loop",
                      "Parent Relationship": "Outer",
                      "Parallel Aware": false,
                      "Async Capable": false,
                      "Join Type": "Inner",
                      "Startup Cost": 14234.27,
                      "Total Cost": 171812.88,
                      "Plan Rows": 52919,
                      "Plan Width": 159,
                      "Output": [
                        "nation.n_name",
                        "EXTRACT(year FROM orders.o_orderdate)",
                        "lineitem.l_extendedprice",
                        "lineitem.l_discount",
                        "partsupp.ps_supplycost",
                        "lineitem.l_quantity"
                      ],
                      "Inner Unique": true,
                      "Plans": [
                        {
                          "Node Type": "Hash Join",
                          "Parent Relationship": "Outer",
                          "Parallel Aware": true,
                          "Async Capable": false,
                          "Join Type": "Inner",
                          "Startup Cost": 14233.85,
                          "Total Cost": 147838.19,
                          "Plan Rows": 52919,
                          "Plan Width": 131,
                          "Output": [
                            "lineitem.l_extendedprice",
                            "lineitem.l_discount",
                            "lineitem.l_quantity",
                            "lineitem.l_orderkey",
                            "partsupp.ps_supplycost",
                            "nation.n_name"
                          ],
                          "Inner Unique": false,
                          "Hash Cond": "((lineitem.l_suppkey = supplier.s_suppkey) AND (lineitem.l_partkey = partsupp.ps_partkey))",
                          "Plans": [
                            {
                              "Node Type": "Seq Scan",
                              "Parent Relationship": "Outer",
                              "Parallel Aware": true,
                              "Async Capable": false,
                              "Relation Name": "lineitem",
                              "Schema": "public",
                              "Alias": "lineitem",
                              "Startup Cost": 0.0,
                              "Total Cost": 124602.43,
                              "Plan Rows": 1200243,
                              "Plan Width": 29,
                              "Output": [
                                "lineitem.l_orderkey",
                                "lineitem.l_partkey",
                                "lineitem.l_suppkey",
                                "lineitem.l_linenumber",
                                "lineitem.l_quantity",
                                "lineitem.l_extendedprice",
                                "lineitem.l_discount",
                                "lineitem.l_tax",
                                "lineitem.l_returnflag",
                                "lineitem.l_linestatus",
                                "lineitem.l_shipdate",
                                "lineitem.l_commitdate",
                                "lineitem.l_receiptdate",
                                "lineitem.l_shipinstruct",
                                "lineitem.l_shipmode",
                                "lineitem.l_comment"
                              ]
                            },
                            {
                              "Node Type": "Hash",
                              "Parent Relationship": "Inner",
                              "Parallel Aware": true,
                              "Async Capable": false,
                              "Startup Cost": 14013.39,
                              "Total Cost": 14013.39,
                              "Plan Rows": 14697,
                              "Plan Width": 126,
                              "Output": [
                                "part.p_partkey",
                                "partsupp.ps_supplycost",
                                "partsupp.ps_suppkey",
                                "partsupp.ps_partkey",
                                "supplier.s_suppkey",
                                "nation.n_name"
                              ],
                              "Plans": [
                                {
                                  "Node Type": "Hash Join",
                                  "Parent Relationship": "Outer",
                                  "Parallel Aware": false,
                                  "Async Capable": false,
                                  "Join Type": "Inner",
                                  "Startup Cost": 449.99,
                                  "Total Cost": 14013.39,
                                  "Plan Rows": 14697,
                                  "Plan Width": 126,
                                  "Output": [
                                    "part.p_partkey",
                                    "partsupp.ps_supplycost",
                                    "partsupp.ps_suppkey",
                                    "partsupp.ps_partkey",
                                    "supplier.s_suppkey",
                                    "nation.n_name"
                                  ],
                                  "Inner Unique": true,
                                  "Hash Cond": "(supplier.s_nationkey = nation.n_nationkey)",
                                  "Plans": [
                                    {
                                      "Node Type": "Hash Join",
                                      "Parent Relationship": "Outer",
                                      "Parallel Aware": false,
                                      "Async Capable": false,
                                      "Join Type": "Inner",
                                      "Startup Cost": 448.43,
                                      "Total Cost": 13966.71,
                                      "Plan Rows": 14697,
                                      "Plan Width": 26,
                                      "Output": [
                                        "part.p_partkey",
                                        "partsupp.ps_supplycost",
                                        "partsupp.ps_suppkey",
                                        "partsupp.ps_partkey",
                                        "supplier.s_suppkey",
                                        "supplier.s_nationkey"
                                      ],
                                      "Inner Unique": true,
                                      "Hash Cond": "(partsupp.ps_suppkey = supplier.s_suppkey)",
                                      "Plans": [
                                        {
                                          "Node Type": "Nested Loop",
                                          "Parent Relationship": "Outer",
                                          "Parallel Aware": false,
                                          "Async Capable": false,
                                          "Join Type": "Inner",
                                          "Startup Cost": 0.42,
                                          "Total Cost": 13480.12,
                                          "Plan Rows": 14697,
                                          "Plan Width": 18,
                                          "Output": [
                                            "part.p_partkey",
                                            "partsupp.ps_supplycost",
                                            "partsupp.ps_suppkey",
                                            "partsupp.ps_partkey"
                                          ],
                                          "Inner Unique": false,
                                          "Plans": [
                                            {
                                              "Node Type": "Seq Scan",
                                              "Parent Relationship": "Outer",
                                              "Parallel Aware": true,
                                              "Async Capable": false,
                                              "Relation Name": "part",
                                              "Schema": "public",
                                              "Alias": "part",
                                              "Startup Cost": 0.0,
                                              "Total Cost": 5169.67,
                                              "Plan Rows": 3674,
                                              "Plan Width": 4,
                                              "Output": [
                                                "part.p_partkey",
                                                "part.p_name",
                                                "part.p_mfgr",
                                                "part.p_brand",
                                                "part.p_type",
                                                "part.p_size",
                                                "part.p_container",
                                                "part.p_retailprice",
                                                "part.p_comment"
                                              ],
                                              "Filter": "((part.p_name)::text ~~ '%chiffon%'::text)"
                                            },
                                            {
                                              "Node Type": "Index Scan",
                                              "Parent Relationship": "Inner",
                                              "Parallel Aware": false,
                                              "Async Capable": false,
                                              "Scan Direction": "Forward",
                                              "Index Name": "partsupp_pkey",
                                              "Relation Name": "partsupp",
                                              "Schema": "public",
                                              "Alias": "partsupp",
                                              "Startup Cost": 0.42,
                                              "Total Cost": 2.22,
                                              "Plan Rows": 4,
                                              "Plan Width": 14,
                                              "Output": [
                                                "partsupp.ps_partkey",
                                                "partsupp.ps_suppkey",
                                                "partsupp.ps_availqty",
                                                "partsupp.ps_supplycost",
                                                "partsupp.ps_comment"
                                              ],
                                              "Index Cond": "(partsupp.ps_partkey = part.p_partkey)"
                                            }
                                          ]
                                        },
                                        {
                                          "Node Type": "Hash",
                                          "Parent Relationship": "Inner",
                                          "Parallel Aware": false,
                                          "Async Capable": false,
                                          "Startup Cost": 323.0,
                                          "Total Cost": 323.0,
                                          "Plan Rows": 10000,
                                          "Plan Width": 8,
                                          "Output": [
                                            "supplier.s_suppkey",
                                            "supplier.s_nationkey"
                                          ],
                                          "Plans": [
                                            {
                                              "Node Type": "Seq Scan",
                                              "Parent Relationship": "Outer",
                                              "Parallel Aware": false,
                                              "Async Capable": false,
                                              "Relation Name": "supplier",
                                              "Schema": "public",
                                              "Alias": "supplier",
                                              "Startup Cost": 0.0,
                                              "Total Cost": 323.0,
                                              "Plan Rows": 10000,
                                              "Plan Width": 8,
                                              "Output": [
                                                "supplier.s_suppkey",
                                                "supplier.s_nationkey"
                                              ]
                                            }
                                          ]
                                        }
                                      ]
                                    },
                                    {
                                      "Node Type": "Hash",
                                      "Parent Relationship": "Inner",
                                      "Parallel Aware": false,
                                      "Async Capable": false,
                                      "Startup Cost": 1.25,
                                      "Total Cost": 1.25,
                                      "Plan Rows": 25,
                                      "Plan Width": 108,
                                      "Output": [
                                        "nation.n_name",
                                        "nation.n_nationkey"
                                      ],
                                      "Plans": [
                                        {
                                          "Node Type": "Seq Scan",
                                          "Parent Relationship": "Outer",
                                          "Parallel Aware": false,
                                          "Async Capable": false,
                                          "Relation Name": "nation",
                                          "Schema": "public",
                                          "Alias": "nation",
                                          "Startup Cost": 0.0,
                                          "Total Cost": 1.25,
                                          "Plan Rows": 25,
                                          "Plan Width": 108,
                                          "Output": [
                                            "nation.n_name",
                                            "nation.n_nationkey"
                                          ]
                                        }
                                      ]
                                    }
                                  ]
                                }
                              ]
                            }
                          ]
                        },
                        {
                          "Node Type": "Index Scan",
                          "Parent Relationship": "Inner",
                          "Parallel Aware": false,
                          "Async Capable": false,
                          "Scan Direction": "Forward",
                          "Index Name": "orders_pkey",
                          "Relation Name": "orders",
                          "Schema": "public",
                          "Alias": "orders",
                          "Startup Cost": 0.43,
                          "Total Cost": 0.45,
                          "Plan Rows": 1,
                          "Plan Width": 8,
                          "Output": [
                            "orders.o_orderkey",
                            "orders.o_custkey",
                            "orders.o_orderstatus",
                            "orders.o_totalprice",
                            "orders.o_orderdate",
                            "orders.o_orderpriority",
                            "orders.o_clerk",
                            "orders.o_shippriority",
                            "orders.o_comment"
                          ],
                          "Index Cond": "(orders.o_orderkey = lineitem.l_orderkey)"
                        }
                      ]
                    }
                  ]
                }
              ]
            }
          ]
        }
      ]
    },
    "JIT": {
      "Functions": 43,
      "Options": {
        "Inlining": false,
        "Optimization": false,
        "Expressions": true,
        "Deforming": true
      }
    }
  }
]
```

---

## 103. Q9_57_seed_459425736.sql

**File Path:** `/Users/brunowinter2000/Documents/Thesis/2025_2026/Plan-Level/Generated_Queries/Q9/Q9_57_seed_459425736.sql`

### EXPLAIN JSON

```json
[
  {
    "Plan": {
      "Node Type": "Sort",
      "Parallel Aware": false,
      "Async Capable": false,
      "Startup Cost": 223771.84,
      "Total Cost": 223922.21,
      "Plan Rows": 60150,
      "Plan Width": 168,
      "Output": [
        "nation.n_name",
        "(EXTRACT(year FROM orders.o_orderdate))",
        "(sum(((lineitem.l_extendedprice * ('1'::numeric - lineitem.l_discount)) - (partsupp.ps_supplycost * lineitem.l_quantity))))"
      ],
      "Sort Key": [
        "nation.n_name",
        "(EXTRACT(year FROM orders.o_orderdate)) DESC"
      ],
      "Plans": [
        {
          "Node Type": "Aggregate",
          "Strategy": "Hashed",
          "Partial Mode": "Finalize",
          "Parent Relationship": "Outer",
          "Parallel Aware": false,
          "Async Capable": false,
          "Startup Cost": 218094.8,
          "Total Cost": 218997.05,
          "Plan Rows": 60150,
          "Plan Width": 168,
          "Output": [
            "nation.n_name",
            "(EXTRACT(year FROM orders.o_orderdate))",
            "sum(((lineitem.l_extendedprice * ('1'::numeric - lineitem.l_discount)) - (partsupp.ps_supplycost * lineitem.l_quantity)))"
          ],
          "Group Key": [
            "nation.n_name",
            "(EXTRACT(year FROM orders.o_orderdate))"
          ],
          "Planned Partitions": 0,
          "Plans": [
            {
              "Node Type": "Gather",
              "Parent Relationship": "Outer",
              "Parallel Aware": false,
              "Async Capable": false,
              "Startup Cost": 184110.05,
              "Total Cost": 215087.3,
              "Plan Rows": 300750,
              "Plan Width": 168,
              "Output": [
                "nation.n_name",
                "(EXTRACT(year FROM orders.o_orderdate))",
                "(PARTIAL sum(((lineitem.l_extendedprice * ('1'::numeric - lineitem.l_discount)) - (partsupp.ps_supplycost * lineitem.l_quantity))))"
              ],
              "Workers Planned": 5,
              "Single Copy": false,
              "Plans": [
                {
                  "Node Type": "Aggregate",
                  "Strategy": "Hashed",
                  "Partial Mode": "Partial",
                  "Parent Relationship": "Outer",
                  "Parallel Aware": false,
                  "Async Capable": false,
                  "Startup Cost": 183110.05,
                  "Total Cost": 184012.3,
                  "Plan Rows": 60150,
                  "Plan Width": 168,
                  "Output": [
                    "nation.n_name",
                    "(EXTRACT(year FROM orders.o_orderdate))",
                    "PARTIAL sum(((lineitem.l_extendedprice * ('1'::numeric - lineitem.l_discount)) - (partsupp.ps_supplycost * lineitem.l_quantity)))"
                  ],
                  "Group Key": [
                    "nation.n_name",
                    "EXTRACT(year FROM orders.o_orderdate)"
                  ],
                  "Planned Partitions": 0,
                  "Plans": [
                    {
                      "Node Type": "Nested Loop",
                      "Parent Relationship": "Outer",
                      "Parallel Aware": false,
                      "Async Capable": false,
                      "Join Type": "Inner",
                      "Startup Cost": 15552.04,
                      "Total Cost": 181847.26,
                      "Plan Rows": 72159,
                      "Plan Width": 159,
                      "Output": [
                        "nation.n_name",
                        "EXTRACT(year FROM orders.o_orderdate)",
                        "lineitem.l_extendedprice",
                        "lineitem.l_discount",
                        "partsupp.ps_supplycost",
                        "lineitem.l_quantity"
                      ],
                      "Inner Unique": true,
                      "Plans": [
                        {
                          "Node Type": "Hash Join",
                          "Parent Relationship": "Outer",
                          "Parallel Aware": true,
                          "Async Capable": false,
                          "Join Type": "Inner",
                          "Startup Cost": 15551.61,
                          "Total Cost": 149155.98,
                          "Plan Rows": 72159,
                          "Plan Width": 131,
                          "Output": [
                            "lineitem.l_extendedprice",
                            "lineitem.l_discount",
                            "lineitem.l_quantity",
                            "lineitem.l_orderkey",
                            "partsupp.ps_supplycost",
                            "nation.n_name"
                          ],
                          "Inner Unique": false,
                          "Hash Cond": "((lineitem.l_suppkey = supplier.s_suppkey) AND (lineitem.l_partkey = partsupp.ps_partkey))",
                          "Plans": [
                            {
                              "Node Type": "Seq Scan",
                              "Parent Relationship": "Outer",
                              "Parallel Aware": true,
                              "Async Capable": false,
                              "Relation Name": "lineitem",
                              "Schema": "public",
                              "Alias": "lineitem",
                              "Startup Cost": 0.0,
                              "Total Cost": 124602.43,
                              "Plan Rows": 1200243,
                              "Plan Width": 29,
                              "Output": [
                                "lineitem.l_orderkey",
                                "lineitem.l_partkey",
                                "lineitem.l_suppkey",
                                "lineitem.l_linenumber",
                                "lineitem.l_quantity",
                                "lineitem.l_extendedprice",
                                "lineitem.l_discount",
                                "lineitem.l_tax",
                                "lineitem.l_returnflag",
                                "lineitem.l_linestatus",
                                "lineitem.l_shipdate",
                                "lineitem.l_commitdate",
                                "lineitem.l_receiptdate",
                                "lineitem.l_shipinstruct",
                                "lineitem.l_shipmode",
                                "lineitem.l_comment"
                              ]
                            },
                            {
                              "Node Type": "Hash",
                              "Parent Relationship": "Inner",
                              "Parallel Aware": true,
                              "Async Capable": false,
                              "Startup Cost": 15251.01,
                              "Total Cost": 15251.01,
                              "Plan Rows": 20040,
                              "Plan Width": 126,
                              "Output": [
                                "part.p_partkey",
                                "partsupp.ps_supplycost",
                                "partsupp.ps_suppkey",
                                "partsupp.ps_partkey",
                                "supplier.s_suppkey",
                                "nation.n_name"
                              ],
                              "Plans": [
                                {
                                  "Node Type": "Hash Join",
                                  "Parent Relationship": "Outer",
                                  "Parallel Aware": false,
                                  "Async Capable": false,
                                  "Join Type": "Inner",
                                  "Startup Cost": 449.99,
                                  "Total Cost": 15251.01,
                                  "Plan Rows": 20040,
                                  "Plan Width": 126,
                                  "Output": [
                                    "part.p_partkey",
                                    "partsupp.ps_supplycost",
                                    "partsupp.ps_suppkey",
                                    "partsupp.ps_partkey",
                                    "supplier.s_suppkey",
                                    "nation.n_name"
                                  ],
                                  "Inner Unique": true,
                                  "Hash Cond": "(supplier.s_nationkey = nation.n_nationkey)",
                                  "Plans": [
                                    {
                                      "Node Type": "Hash Join",
                                      "Parent Relationship": "Outer",
                                      "Parallel Aware": false,
                                      "Async Capable": false,
                                      "Join Type": "Inner",
                                      "Startup Cost": 448.43,
                                      "Total Cost": 15187.92,
                                      "Plan Rows": 20040,
                                      "Plan Width": 26,
                                      "Output": [
                                        "part.p_partkey",
                                        "partsupp.ps_supplycost",
                                        "partsupp.ps_suppkey",
                                        "partsupp.ps_partkey",
                                        "supplier.s_suppkey",
                                        "supplier.s_nationkey"
                                      ],
                                      "Inner Unique": true,
                                      "Hash Cond": "(partsupp.ps_suppkey = supplier.s_suppkey)",
                                      "Plans": [
                                        {
                                          "Node Type": "Nested Loop",
                                          "Parent Relationship": "Outer",
                                          "Parallel Aware": false,
                                          "Async Capable": false,
                                          "Join Type": "Inner",
                                          "Startup Cost": 0.42,
                                          "Total Cost": 14687.3,
                                          "Plan Rows": 20040,
                                          "Plan Width": 18,
                                          "Output": [
                                            "part.p_partkey",
                                            "partsupp.ps_supplycost",
                                            "partsupp.ps_suppkey",
                                            "partsupp.ps_partkey"
                                          ],
                                          "Inner Unique": false,
                                          "Plans": [
                                            {
                                              "Node Type": "Seq Scan",
                                              "Parent Relationship": "Outer",
                                              "Parallel Aware": true,
                                              "Async Capable": false,
                                              "Relation Name": "part",
                                              "Schema": "public",
                                              "Alias": "part",
                                              "Startup Cost": 0.0,
                                              "Total Cost": 5169.67,
                                              "Plan Rows": 5010,
                                              "Plan Width": 4,
                                              "Output": [
                                                "part.p_partkey",
                                                "part.p_name",
                                                "part.p_mfgr",
                                                "part.p_brand",
                                                "part.p_type",
                                                "part.p_size",
                                                "part.p_container",
                                                "part.p_retailprice",
                                                "part.p_comment"
                                              ],
                                              "Filter": "((part.p_name)::text ~~ '%orchid%'::text)"
                                            },
                                            {
                                              "Node Type": "Index Scan",
                                              "Parent Relationship": "Inner",
                                              "Parallel Aware": false,
                                              "Async Capable": false,
                                              "Scan Direction": "Forward",
                                              "Index Name": "partsupp_pkey",
                                              "Relation Name": "partsupp",
                                              "Schema": "public",
                                              "Alias": "partsupp",
                                              "Startup Cost": 0.42,
                                              "Total Cost": 1.86,
                                              "Plan Rows": 4,
                                              "Plan Width": 14,
                                              "Output": [
                                                "partsupp.ps_partkey",
                                                "partsupp.ps_suppkey",
                                                "partsupp.ps_availqty",
                                                "partsupp.ps_supplycost",
                                                "partsupp.ps_comment"
                                              ],
                                              "Index Cond": "(partsupp.ps_partkey = part.p_partkey)"
                                            }
                                          ]
                                        },
                                        {
                                          "Node Type": "Hash",
                                          "Parent Relationship": "Inner",
                                          "Parallel Aware": false,
                                          "Async Capable": false,
                                          "Startup Cost": 323.0,
                                          "Total Cost": 323.0,
                                          "Plan Rows": 10000,
                                          "Plan Width": 8,
                                          "Output": [
                                            "supplier.s_suppkey",
                                            "supplier.s_nationkey"
                                          ],
                                          "Plans": [
                                            {
                                              "Node Type": "Seq Scan",
                                              "Parent Relationship": "Outer",
                                              "Parallel Aware": false,
                                              "Async Capable": false,
                                              "Relation Name": "supplier",
                                              "Schema": "public",
                                              "Alias": "supplier",
                                              "Startup Cost": 0.0,
                                              "Total Cost": 323.0,
                                              "Plan Rows": 10000,
                                              "Plan Width": 8,
                                              "Output": [
                                                "supplier.s_suppkey",
                                                "supplier.s_nationkey"
                                              ]
                                            }
                                          ]
                                        }
                                      ]
                                    },
                                    {
                                      "Node Type": "Hash",
                                      "Parent Relationship": "Inner",
                                      "Parallel Aware": false,
                                      "Async Capable": false,
                                      "Startup Cost": 1.25,
                                      "Total Cost": 1.25,
                                      "Plan Rows": 25,
                                      "Plan Width": 108,
                                      "Output": [
                                        "nation.n_name",
                                        "nation.n_nationkey"
                                      ],
                                      "Plans": [
                                        {
                                          "Node Type": "Seq Scan",
                                          "Parent Relationship": "Outer",
                                          "Parallel Aware": false,
                                          "Async Capable": false,
                                          "Relation Name": "nation",
                                          "Schema": "public",
                                          "Alias": "nation",
                                          "Startup Cost": 0.0,
                                          "Total Cost": 1.25,
                                          "Plan Rows": 25,
                                          "Plan Width": 108,
                                          "Output": [
                                            "nation.n_name",
                                            "nation.n_nationkey"
                                          ]
                                        }
                                      ]
                                    }
                                  ]
                                }
                              ]
                            }
                          ]
                        },
                        {
                          "Node Type": "Index Scan",
                          "Parent Relationship": "Inner",
                          "Parallel Aware": false,
                          "Async Capable": false,
                          "Scan Direction": "Forward",
                          "Index Name": "orders_pkey",
                          "Relation Name": "orders",
                          "Schema": "public",
                          "Alias": "orders",
                          "Startup Cost": 0.43,
                          "Total Cost": 0.45,
                          "Plan Rows": 1,
                          "Plan Width": 8,
                          "Output": [
                            "orders.o_orderkey",
                            "orders.o_custkey",
                            "orders.o_orderstatus",
                            "orders.o_totalprice",
                            "orders.o_orderdate",
                            "orders.o_orderpriority",
                            "orders.o_clerk",
                            "orders.o_shippriority",
                            "orders.o_comment"
                          ],
                          "Index Cond": "(orders.o_orderkey = lineitem.l_orderkey)"
                        }
                      ]
                    }
                  ]
                }
              ]
            }
          ]
        }
      ]
    },
    "JIT": {
      "Functions": 43,
      "Options": {
        "Inlining": false,
        "Optimization": false,
        "Expressions": true,
        "Deforming": true
      }
    }
  }
]
```

---

## 104. Q9_58_seed_467629767.sql

**File Path:** `/Users/brunowinter2000/Documents/Thesis/2025_2026/Plan-Level/Generated_Queries/Q9/Q9_58_seed_467629767.sql`

### EXPLAIN JSON

```json
[
  {
    "Plan": {
      "Node Type": "Sort",
      "Parallel Aware": false,
      "Async Capable": false,
      "Startup Cost": 217286.99,
      "Total Cost": 217437.37,
      "Plan Rows": 60150,
      "Plan Width": 168,
      "Output": [
        "nation.n_name",
        "(EXTRACT(year FROM orders.o_orderdate))",
        "(sum(((lineitem.l_extendedprice * ('1'::numeric - lineitem.l_discount)) - (partsupp.ps_supplycost * lineitem.l_quantity))))"
      ],
      "Sort Key": [
        "nation.n_name",
        "(EXTRACT(year FROM orders.o_orderdate)) DESC"
      ],
      "Plans": [
        {
          "Node Type": "Aggregate",
          "Strategy": "Hashed",
          "Partial Mode": "Finalize",
          "Parent Relationship": "Outer",
          "Parallel Aware": false,
          "Async Capable": false,
          "Startup Cost": 211609.95,
          "Total Cost": 212512.2,
          "Plan Rows": 60150,
          "Plan Width": 168,
          "Output": [
            "nation.n_name",
            "(EXTRACT(year FROM orders.o_orderdate))",
            "sum(((lineitem.l_extendedprice * ('1'::numeric - lineitem.l_discount)) - (partsupp.ps_supplycost * lineitem.l_quantity)))"
          ],
          "Group Key": [
            "nation.n_name",
            "(EXTRACT(year FROM orders.o_orderdate))"
          ],
          "Planned Partitions": 0,
          "Plans": [
            {
              "Node Type": "Gather",
              "Parent Relationship": "Outer",
              "Parallel Aware": false,
              "Async Capable": false,
              "Startup Cost": 177635.37,
              "Total Cost": 208603.35,
              "Plan Rows": 300660,
              "Plan Width": 168,
              "Output": [
                "nation.n_name",
                "(EXTRACT(year FROM orders.o_orderdate))",
                "(PARTIAL sum(((lineitem.l_extendedprice * ('1'::numeric - lineitem.l_discount)) - (partsupp.ps_supplycost * lineitem.l_quantity))))"
              ],
              "Workers Planned": 5,
              "Single Copy": false,
              "Plans": [
                {
                  "Node Type": "Aggregate",
                  "Strategy": "Hashed",
                  "Partial Mode": "Partial",
                  "Parent Relationship": "Outer",
                  "Parallel Aware": false,
                  "Async Capable": false,
                  "Startup Cost": 176635.37,
                  "Total Cost": 177537.35,
                  "Plan Rows": 60132,
                  "Plan Width": 168,
                  "Output": [
                    "nation.n_name",
                    "(EXTRACT(year FROM orders.o_orderdate))",
                    "PARTIAL sum(((lineitem.l_extendedprice * ('1'::numeric - lineitem.l_discount)) - (partsupp.ps_supplycost * lineitem.l_quantity)))"
                  ],
                  "Group Key": [
                    "nation.n_name",
                    "EXTRACT(year FROM orders.o_orderdate)"
                  ],
                  "Planned Partitions": 0,
                  "Plans": [
                    {
                      "Node Type": "Nested Loop",
                      "Parent Relationship": "Outer",
                      "Parallel Aware": false,
                      "Async Capable": false,
                      "Join Type": "Inner",
                      "Startup Cost": 14736.63,
                      "Total Cost": 175583.06,
                      "Plan Rows": 60132,
                      "Plan Width": 159,
                      "Output": [
                        "nation.n_name",
                        "EXTRACT(year FROM orders.o_orderdate)",
                        "lineitem.l_extendedprice",
                        "lineitem.l_discount",
                        "partsupp.ps_supplycost",
                        "lineitem.l_quantity"
                      ],
                      "Inner Unique": true,
                      "Plans": [
                        {
                          "Node Type": "Hash Join",
                          "Parent Relationship": "Outer",
                          "Parallel Aware": true,
                          "Async Capable": false,
                          "Join Type": "Inner",
                          "Startup Cost": 14736.2,
                          "Total Cost": 148340.56,
                          "Plan Rows": 60132,
                          "Plan Width": 131,
                          "Output": [
                            "lineitem.l_extendedprice",
                            "lineitem.l_discount",
                            "lineitem.l_quantity",
                            "lineitem.l_orderkey",
                            "partsupp.ps_supplycost",
                            "nation.n_name"
                          ],
                          "Inner Unique": false,
                          "Hash Cond": "((lineitem.l_suppkey = supplier.s_suppkey) AND (lineitem.l_partkey = partsupp.ps_partkey))",
                          "Plans": [
                            {
                              "Node Type": "Seq Scan",
                              "Parent Relationship": "Outer",
                              "Parallel Aware": true,
                              "Async Capable": false,
                              "Relation Name": "lineitem",
                              "Schema": "public",
                              "Alias": "lineitem",
                              "Startup Cost": 0.0,
                              "Total Cost": 124602.43,
                              "Plan Rows": 1200243,
                              "Plan Width": 29,
                              "Output": [
                                "lineitem.l_orderkey",
                                "lineitem.l_partkey",
                                "lineitem.l_suppkey",
                                "lineitem.l_linenumber",
                                "lineitem.l_quantity",
                                "lineitem.l_extendedprice",
                                "lineitem.l_discount",
                                "lineitem.l_tax",
                                "lineitem.l_returnflag",
                                "lineitem.l_linestatus",
                                "lineitem.l_shipdate",
                                "lineitem.l_commitdate",
                                "lineitem.l_receiptdate",
                                "lineitem.l_shipinstruct",
                                "lineitem.l_shipmode",
                                "lineitem.l_comment"
                              ]
                            },
                            {
                              "Node Type": "Hash",
                              "Parent Relationship": "Inner",
                              "Parallel Aware": true,
                              "Async Capable": false,
                              "Startup Cost": 14485.7,
                              "Total Cost": 14485.7,
                              "Plan Rows": 16700,
                              "Plan Width": 126,
                              "Output": [
                                "part.p_partkey",
                                "partsupp.ps_supplycost",
                                "partsupp.ps_suppkey",
                                "partsupp.ps_partkey",
                                "supplier.s_suppkey",
                                "nation.n_name"
                              ],
                              "Plans": [
                                {
                                  "Node Type": "Hash Join",
                                  "Parent Relationship": "Outer",
                                  "Parallel Aware": false,
                                  "Async Capable": false,
                                  "Join Type": "Inner",
                                  "Startup Cost": 449.99,
                                  "Total Cost": 14485.7,
                                  "Plan Rows": 16700,
                                  "Plan Width": 126,
                                  "Output": [
                                    "part.p_partkey",
                                    "partsupp.ps_supplycost",
                                    "partsupp.ps_suppkey",
                                    "partsupp.ps_partkey",
                                    "supplier.s_suppkey",
                                    "nation.n_name"
                                  ],
                                  "Inner Unique": true,
                                  "Hash Cond": "(supplier.s_nationkey = nation.n_nationkey)",
                                  "Plans": [
                                    {
                                      "Node Type": "Hash Join",
                                      "Parent Relationship": "Outer",
                                      "Parallel Aware": false,
                                      "Async Capable": false,
                                      "Join Type": "Inner",
                                      "Startup Cost": 448.43,
                                      "Total Cost": 14432.87,
                                      "Plan Rows": 16700,
                                      "Plan Width": 26,
                                      "Output": [
                                        "part.p_partkey",
                                        "partsupp.ps_supplycost",
                                        "partsupp.ps_suppkey",
                                        "partsupp.ps_partkey",
                                        "supplier.s_suppkey",
                                        "supplier.s_nationkey"
                                      ],
                                      "Inner Unique": true,
                                      "Hash Cond": "(partsupp.ps_suppkey = supplier.s_suppkey)",
                                      "Plans": [
                                        {
                                          "Node Type": "Nested Loop",
                                          "Parent Relationship": "Outer",
                                          "Parallel Aware": false,
                                          "Async Capable": false,
                                          "Join Type": "Inner",
                                          "Startup Cost": 0.42,
                                          "Total Cost": 13941.01,
                                          "Plan Rows": 16700,
                                          "Plan Width": 18,
                                          "Output": [
                                            "part.p_partkey",
                                            "partsupp.ps_supplycost",
                                            "partsupp.ps_suppkey",
                                            "partsupp.ps_partkey"
                                          ],
                                          "Inner Unique": false,
                                          "Plans": [
                                            {
                                              "Node Type": "Seq Scan",
                                              "Parent Relationship": "Outer",
                                              "Parallel Aware": true,
                                              "Async Capable": false,
                                              "Relation Name": "part",
                                              "Schema": "public",
                                              "Alias": "part",
                                              "Startup Cost": 0.0,
                                              "Total Cost": 5169.67,
                                              "Plan Rows": 4175,
                                              "Plan Width": 4,
                                              "Output": [
                                                "part.p_partkey",
                                                "part.p_name",
                                                "part.p_mfgr",
                                                "part.p_brand",
                                                "part.p_type",
                                                "part.p_size",
                                                "part.p_container",
                                                "part.p_retailprice",
                                                "part.p_comment"
                                              ],
                                              "Filter": "((part.p_name)::text ~~ '%chartreuse%'::text)"
                                            },
                                            {
                                              "Node Type": "Index Scan",
                                              "Parent Relationship": "Inner",
                                              "Parallel Aware": false,
                                              "Async Capable": false,
                                              "Scan Direction": "Forward",
                                              "Index Name": "partsupp_pkey",
                                              "Relation Name": "partsupp",
                                              "Schema": "public",
                                              "Alias": "partsupp",
                                              "Startup Cost": 0.42,
                                              "Total Cost": 2.06,
                                              "Plan Rows": 4,
                                              "Plan Width": 14,
                                              "Output": [
                                                "partsupp.ps_partkey",
                                                "partsupp.ps_suppkey",
                                                "partsupp.ps_availqty",
                                                "partsupp.ps_supplycost",
                                                "partsupp.ps_comment"
                                              ],
                                              "Index Cond": "(partsupp.ps_partkey = part.p_partkey)"
                                            }
                                          ]
                                        },
                                        {
                                          "Node Type": "Hash",
                                          "Parent Relationship": "Inner",
                                          "Parallel Aware": false,
                                          "Async Capable": false,
                                          "Startup Cost": 323.0,
                                          "Total Cost": 323.0,
                                          "Plan Rows": 10000,
                                          "Plan Width": 8,
                                          "Output": [
                                            "supplier.s_suppkey",
                                            "supplier.s_nationkey"
                                          ],
                                          "Plans": [
                                            {
                                              "Node Type": "Seq Scan",
                                              "Parent Relationship": "Outer",
                                              "Parallel Aware": false,
                                              "Async Capable": false,
                                              "Relation Name": "supplier",
                                              "Schema": "public",
                                              "Alias": "supplier",
                                              "Startup Cost": 0.0,
                                              "Total Cost": 323.0,
                                              "Plan Rows": 10000,
                                              "Plan Width": 8,
                                              "Output": [
                                                "supplier.s_suppkey",
                                                "supplier.s_nationkey"
                                              ]
                                            }
                                          ]
                                        }
                                      ]
                                    },
                                    {
                                      "Node Type": "Hash",
                                      "Parent Relationship": "Inner",
                                      "Parallel Aware": false,
                                      "Async Capable": false,
                                      "Startup Cost": 1.25,
                                      "Total Cost": 1.25,
                                      "Plan Rows": 25,
                                      "Plan Width": 108,
                                      "Output": [
                                        "nation.n_name",
                                        "nation.n_nationkey"
                                      ],
                                      "Plans": [
                                        {
                                          "Node Type": "Seq Scan",
                                          "Parent Relationship": "Outer",
                                          "Parallel Aware": false,
                                          "Async Capable": false,
                                          "Relation Name": "nation",
                                          "Schema": "public",
                                          "Alias": "nation",
                                          "Startup Cost": 0.0,
                                          "Total Cost": 1.25,
                                          "Plan Rows": 25,
                                          "Plan Width": 108,
                                          "Output": [
                                            "nation.n_name",
                                            "nation.n_nationkey"
                                          ]
                                        }
                                      ]
                                    }
                                  ]
                                }
                              ]
                            }
                          ]
                        },
                        {
                          "Node Type": "Index Scan",
                          "Parent Relationship": "Inner",
                          "Parallel Aware": false,
                          "Async Capable": false,
                          "Scan Direction": "Forward",
                          "Index Name": "orders_pkey",
                          "Relation Name": "orders",
                          "Schema": "public",
                          "Alias": "orders",
                          "Startup Cost": 0.43,
                          "Total Cost": 0.45,
                          "Plan Rows": 1,
                          "Plan Width": 8,
                          "Output": [
                            "orders.o_orderkey",
                            "orders.o_custkey",
                            "orders.o_orderstatus",
                            "orders.o_totalprice",
                            "orders.o_orderdate",
                            "orders.o_orderpriority",
                            "orders.o_clerk",
                            "orders.o_shippriority",
                            "orders.o_comment"
                          ],
                          "Index Cond": "(orders.o_orderkey = lineitem.l_orderkey)"
                        }
                      ]
                    }
                  ]
                }
              ]
            }
          ]
        }
      ]
    },
    "JIT": {
      "Functions": 43,
      "Options": {
        "Inlining": false,
        "Optimization": false,
        "Expressions": true,
        "Deforming": true
      }
    }
  }
]
```

---

## 105. Q9_59_seed_475833798.sql

**File Path:** `/Users/brunowinter2000/Documents/Thesis/2025_2026/Plan-Level/Generated_Queries/Q9/Q9_59_seed_475833798.sql`

### EXPLAIN JSON

```json
[
  {
    "Plan": {
      "Node Type": "Sort",
      "Parallel Aware": false,
      "Async Capable": false,
      "Startup Cost": 222478.18,
      "Total Cost": 222628.55,
      "Plan Rows": 60150,
      "Plan Width": 168,
      "Output": [
        "nation.n_name",
        "(EXTRACT(year FROM orders.o_orderdate))",
        "(sum(((lineitem.l_extendedprice * ('1'::numeric - lineitem.l_discount)) - (partsupp.ps_supplycost * lineitem.l_quantity))))"
      ],
      "Sort Key": [
        "nation.n_name",
        "(EXTRACT(year FROM orders.o_orderdate)) DESC"
      ],
      "Plans": [
        {
          "Node Type": "Aggregate",
          "Strategy": "Hashed",
          "Partial Mode": "Finalize",
          "Parent Relationship": "Outer",
          "Parallel Aware": false,
          "Async Capable": false,
          "Startup Cost": 216801.14,
          "Total Cost": 217703.39,
          "Plan Rows": 60150,
          "Plan Width": 168,
          "Output": [
            "nation.n_name",
            "(EXTRACT(year FROM orders.o_orderdate))",
            "sum(((lineitem.l_extendedprice * ('1'::numeric - lineitem.l_discount)) - (partsupp.ps_supplycost * lineitem.l_quantity)))"
          ],
          "Group Key": [
            "nation.n_name",
            "(EXTRACT(year FROM orders.o_orderdate))"
          ],
          "Planned Partitions": 0,
          "Plans": [
            {
              "Node Type": "Gather",
              "Parent Relationship": "Outer",
              "Parallel Aware": false,
              "Async Capable": false,
              "Startup Cost": 182816.39,
              "Total Cost": 213793.64,
              "Plan Rows": 300750,
              "Plan Width": 168,
              "Output": [
                "nation.n_name",
                "(EXTRACT(year FROM orders.o_orderdate))",
                "(PARTIAL sum(((lineitem.l_extendedprice * ('1'::numeric - lineitem.l_discount)) - (partsupp.ps_supplycost * lineitem.l_quantity))))"
              ],
              "Workers Planned": 5,
              "Single Copy": false,
              "Plans": [
                {
                  "Node Type": "Aggregate",
                  "Strategy": "Hashed",
                  "Partial Mode": "Partial",
                  "Parent Relationship": "Outer",
                  "Parallel Aware": false,
                  "Async Capable": false,
                  "Startup Cost": 181816.39,
                  "Total Cost": 182718.64,
                  "Plan Rows": 60150,
                  "Plan Width": 168,
                  "Output": [
                    "nation.n_name",
                    "(EXTRACT(year FROM orders.o_orderdate))",
                    "PARTIAL sum(((lineitem.l_extendedprice * ('1'::numeric - lineitem.l_discount)) - (partsupp.ps_supplycost * lineitem.l_quantity)))"
                  ],
                  "Group Key": [
                    "nation.n_name",
                    "EXTRACT(year FROM orders.o_orderdate)"
                  ],
                  "Planned Partitions": 0,
                  "Plans": [
                    {
                      "Node Type": "Nested Loop",
                      "Parent Relationship": "Outer",
                      "Parallel Aware": false,
                      "Async Capable": false,
                      "Join Type": "Inner",
                      "Startup Cost": 15390.98,
                      "Total Cost": 180595.73,
                      "Plan Rows": 69752,
                      "Plan Width": 159,
                      "Output": [
                        "nation.n_name",
                        "EXTRACT(year FROM orders.o_orderdate)",
                        "lineitem.l_extendedprice",
                        "lineitem.l_discount",
                        "partsupp.ps_supplycost",
                        "lineitem.l_quantity"
                      ],
                      "Inner Unique": true,
                      "Plans": [
                        {
                          "Node Type": "Hash Join",
                          "Parent Relationship": "Outer",
                          "Parallel Aware": true,
                          "Async Capable": false,
                          "Join Type": "Inner",
                          "Startup Cost": 15390.55,
                          "Total Cost": 148994.93,
                          "Plan Rows": 69752,
                          "Plan Width": 131,
                          "Output": [
                            "lineitem.l_extendedprice",
                            "lineitem.l_discount",
                            "lineitem.l_quantity",
                            "lineitem.l_orderkey",
                            "partsupp.ps_supplycost",
                            "nation.n_name"
                          ],
                          "Inner Unique": false,
                          "Hash Cond": "((lineitem.l_suppkey = supplier.s_suppkey) AND (lineitem.l_partkey = partsupp.ps_partkey))",
                          "Plans": [
                            {
                              "Node Type": "Seq Scan",
                              "Parent Relationship": "Outer",
                              "Parallel Aware": true,
                              "Async Capable": false,
                              "Relation Name": "lineitem",
                              "Schema": "public",
                              "Alias": "lineitem",
                              "Startup Cost": 0.0,
                              "Total Cost": 124602.43,
                              "Plan Rows": 1200243,
                              "Plan Width": 29,
                              "Output": [
                                "lineitem.l_orderkey",
                                "lineitem.l_partkey",
                                "lineitem.l_suppkey",
                                "lineitem.l_linenumber",
                                "lineitem.l_quantity",
                                "lineitem.l_extendedprice",
                                "lineitem.l_discount",
                                "lineitem.l_tax",
                                "lineitem.l_returnflag",
                                "lineitem.l_linestatus",
                                "lineitem.l_shipdate",
                                "lineitem.l_commitdate",
                                "lineitem.l_receiptdate",
                                "lineitem.l_shipinstruct",
                                "lineitem.l_shipmode",
                                "lineitem.l_comment"
                              ]
                            },
                            {
                              "Node Type": "Hash",
                              "Parent Relationship": "Inner",
                              "Parallel Aware": true,
                              "Async Capable": false,
                              "Startup Cost": 15099.97,
                              "Total Cost": 15099.97,
                              "Plan Rows": 19372,
                              "Plan Width": 126,
                              "Output": [
                                "part.p_partkey",
                                "partsupp.ps_supplycost",
                                "partsupp.ps_suppkey",
                                "partsupp.ps_partkey",
                                "supplier.s_suppkey",
                                "nation.n_name"
                              ],
                              "Plans": [
                                {
                                  "Node Type": "Hash Join",
                                  "Parent Relationship": "Outer",
                                  "Parallel Aware": false,
                                  "Async Capable": false,
                                  "Join Type": "Inner",
                                  "Startup Cost": 449.99,
                                  "Total Cost": 15099.97,
                                  "Plan Rows": 19372,
                                  "Plan Width": 126,
                                  "Output": [
                                    "part.p_partkey",
                                    "partsupp.ps_supplycost",
                                    "partsupp.ps_suppkey",
                                    "partsupp.ps_partkey",
                                    "supplier.s_suppkey",
                                    "nation.n_name"
                                  ],
                                  "Inner Unique": true,
                                  "Hash Cond": "(supplier.s_nationkey = nation.n_nationkey)",
                                  "Plans": [
                                    {
                                      "Node Type": "Hash Join",
                                      "Parent Relationship": "Outer",
                                      "Parallel Aware": false,
                                      "Async Capable": false,
                                      "Join Type": "Inner",
                                      "Startup Cost": 448.43,
                                      "Total Cost": 15038.94,
                                      "Plan Rows": 19372,
                                      "Plan Width": 26,
                                      "Output": [
                                        "part.p_partkey",
                                        "partsupp.ps_supplycost",
                                        "partsupp.ps_suppkey",
                                        "partsupp.ps_partkey",
                                        "supplier.s_suppkey",
                                        "supplier.s_nationkey"
                                      ],
                                      "Inner Unique": true,
                                      "Hash Cond": "(partsupp.ps_suppkey = supplier.s_suppkey)",
                                      "Plans": [
                                        {
                                          "Node Type": "Nested Loop",
                                          "Parent Relationship": "Outer",
                                          "Parallel Aware": false,
                                          "Async Capable": false,
                                          "Join Type": "Inner",
                                          "Startup Cost": 0.42,
                                          "Total Cost": 14540.06,
                                          "Plan Rows": 19372,
                                          "Plan Width": 18,
                                          "Output": [
                                            "part.p_partkey",
                                            "partsupp.ps_supplycost",
                                            "partsupp.ps_suppkey",
                                            "partsupp.ps_partkey"
                                          ],
                                          "Inner Unique": false,
                                          "Plans": [
                                            {
                                              "Node Type": "Seq Scan",
                                              "Parent Relationship": "Outer",
                                              "Parallel Aware": true,
                                              "Async Capable": false,
                                              "Relation Name": "part",
                                              "Schema": "public",
                                              "Alias": "part",
                                              "Startup Cost": 0.0,
                                              "Total Cost": 5169.67,
                                              "Plan Rows": 4843,
                                              "Plan Width": 4,
                                              "Output": [
                                                "part.p_partkey",
                                                "part.p_name",
                                                "part.p_mfgr",
                                                "part.p_brand",
                                                "part.p_type",
                                                "part.p_size",
                                                "part.p_container",
                                                "part.p_retailprice",
                                                "part.p_comment"
                                              ],
                                              "Filter": "((part.p_name)::text ~~ '%orange%'::text)"
                                            },
                                            {
                                              "Node Type": "Index Scan",
                                              "Parent Relationship": "Inner",
                                              "Parallel Aware": false,
                                              "Async Capable": false,
                                              "Scan Direction": "Forward",
                                              "Index Name": "partsupp_pkey",
                                              "Relation Name": "partsupp",
                                              "Schema": "public",
                                              "Alias": "partsupp",
                                              "Startup Cost": 0.42,
                                              "Total Cost": 1.89,
                                              "Plan Rows": 4,
                                              "Plan Width": 14,
                                              "Output": [
                                                "partsupp.ps_partkey",
                                                "partsupp.ps_suppkey",
                                                "partsupp.ps_availqty",
                                                "partsupp.ps_supplycost",
                                                "partsupp.ps_comment"
                                              ],
                                              "Index Cond": "(partsupp.ps_partkey = part.p_partkey)"
                                            }
                                          ]
                                        },
                                        {
                                          "Node Type": "Hash",
                                          "Parent Relationship": "Inner",
                                          "Parallel Aware": false,
                                          "Async Capable": false,
                                          "Startup Cost": 323.0,
                                          "Total Cost": 323.0,
                                          "Plan Rows": 10000,
                                          "Plan Width": 8,
                                          "Output": [
                                            "supplier.s_suppkey",
                                            "supplier.s_nationkey"
                                          ],
                                          "Plans": [
                                            {
                                              "Node Type": "Seq Scan",
                                              "Parent Relationship": "Outer",
                                              "Parallel Aware": false,
                                              "Async Capable": false,
                                              "Relation Name": "supplier",
                                              "Schema": "public",
                                              "Alias": "supplier",
                                              "Startup Cost": 0.0,
                                              "Total Cost": 323.0,
                                              "Plan Rows": 10000,
                                              "Plan Width": 8,
                                              "Output": [
                                                "supplier.s_suppkey",
                                                "supplier.s_nationkey"
                                              ]
                                            }
                                          ]
                                        }
                                      ]
                                    },
                                    {
                                      "Node Type": "Hash",
                                      "Parent Relationship": "Inner",
                                      "Parallel Aware": false,
                                      "Async Capable": false,
                                      "Startup Cost": 1.25,
                                      "Total Cost": 1.25,
                                      "Plan Rows": 25,
                                      "Plan Width": 108,
                                      "Output": [
                                        "nation.n_name",
                                        "nation.n_nationkey"
                                      ],
                                      "Plans": [
                                        {
                                          "Node Type": "Seq Scan",
                                          "Parent Relationship": "Outer",
                                          "Parallel Aware": false,
                                          "Async Capable": false,
                                          "Relation Name": "nation",
                                          "Schema": "public",
                                          "Alias": "nation",
                                          "Startup Cost": 0.0,
                                          "Total Cost": 1.25,
                                          "Plan Rows": 25,
                                          "Plan Width": 108,
                                          "Output": [
                                            "nation.n_name",
                                            "nation.n_nationkey"
                                          ]
                                        }
                                      ]
                                    }
                                  ]
                                }
                              ]
                            }
                          ]
                        },
                        {
                          "Node Type": "Index Scan",
                          "Parent Relationship": "Inner",
                          "Parallel Aware": false,
                          "Async Capable": false,
                          "Scan Direction": "Forward",
                          "Index Name": "orders_pkey",
                          "Relation Name": "orders",
                          "Schema": "public",
                          "Alias": "orders",
                          "Startup Cost": 0.43,
                          "Total Cost": 0.45,
                          "Plan Rows": 1,
                          "Plan Width": 8,
                          "Output": [
                            "orders.o_orderkey",
                            "orders.o_custkey",
                            "orders.o_orderstatus",
                            "orders.o_totalprice",
                            "orders.o_orderdate",
                            "orders.o_orderpriority",
                            "orders.o_clerk",
                            "orders.o_shippriority",
                            "orders.o_comment"
                          ],
                          "Index Cond": "(orders.o_orderkey = lineitem.l_orderkey)"
                        }
                      ]
                    }
                  ]
                }
              ]
            }
          ]
        }
      ]
    },
    "JIT": {
      "Functions": 43,
      "Options": {
        "Inlining": false,
        "Optimization": false,
        "Expressions": true,
        "Deforming": true
      }
    }
  }
]
```

---

## 106. Q9_5_seed_32816124.sql

**File Path:** `/Users/brunowinter2000/Documents/Thesis/2025_2026/Plan-Level/Generated_Queries/Q9/Q9_5_seed_32816124.sql`

### EXPLAIN JSON

```json
[
  {
    "Plan": {
      "Node Type": "Sort",
      "Parallel Aware": false,
      "Async Capable": false,
      "Startup Cost": 206578.65,
      "Total Cost": 206729.03,
      "Plan Rows": 60150,
      "Plan Width": 168,
      "Output": [
        "nation.n_name",
        "(EXTRACT(year FROM orders.o_orderdate))",
        "(sum(((lineitem.l_extendedprice * ('1'::numeric - lineitem.l_discount)) - (partsupp.ps_supplycost * lineitem.l_quantity))))"
      ],
      "Sort Key": [
        "nation.n_name",
        "(EXTRACT(year FROM orders.o_orderdate)) DESC"
      ],
      "Plans": [
        {
          "Node Type": "Aggregate",
          "Strategy": "Hashed",
          "Partial Mode": "Finalize",
          "Parent Relationship": "Outer",
          "Parallel Aware": false,
          "Async Capable": false,
          "Startup Cost": 200901.61,
          "Total Cost": 201803.86,
          "Plan Rows": 60150,
          "Plan Width": 168,
          "Output": [
            "nation.n_name",
            "(EXTRACT(year FROM orders.o_orderdate))",
            "sum(((lineitem.l_extendedprice * ('1'::numeric - lineitem.l_discount)) - (partsupp.ps_supplycost * lineitem.l_quantity)))"
          ],
          "Group Key": [
            "nation.n_name",
            "(EXTRACT(year FROM orders.o_orderdate))"
          ],
          "Planned Partitions": 0,
          "Plans": [
            {
              "Node Type": "Gather",
              "Parent Relationship": "Outer",
              "Parallel Aware": false,
              "Async Capable": false,
              "Startup Cost": 172362.33,
              "Total Cost": 198376.01,
              "Plan Rows": 252560,
              "Plan Width": 168,
              "Output": [
                "nation.n_name",
                "(EXTRACT(year FROM orders.o_orderdate))",
                "(PARTIAL sum(((lineitem.l_extendedprice * ('1'::numeric - lineitem.l_discount)) - (partsupp.ps_supplycost * lineitem.l_quantity))))"
              ],
              "Workers Planned": 5,
              "Single Copy": false,
              "Plans": [
                {
                  "Node Type": "Aggregate",
                  "Strategy": "Hashed",
                  "Partial Mode": "Partial",
                  "Parent Relationship": "Outer",
                  "Parallel Aware": false,
                  "Async Capable": false,
                  "Startup Cost": 171362.33,
                  "Total Cost": 172120.01,
                  "Plan Rows": 50512,
                  "Plan Width": 168,
                  "Output": [
                    "nation.n_name",
                    "(EXTRACT(year FROM orders.o_orderdate))",
                    "PARTIAL sum(((lineitem.l_extendedprice * ('1'::numeric - lineitem.l_discount)) - (partsupp.ps_supplycost * lineitem.l_quantity)))"
                  ],
                  "Group Key": [
                    "nation.n_name",
                    "EXTRACT(year FROM orders.o_orderdate)"
                  ],
                  "Planned Partitions": 0,
                  "Plans": [
                    {
                      "Node Type": "Nested Loop",
                      "Parent Relationship": "Outer",
                      "Parallel Aware": false,
                      "Async Capable": false,
                      "Join Type": "Inner",
                      "Startup Cost": 13990.25,
                      "Total Cost": 170478.37,
                      "Plan Rows": 50512,
                      "Plan Width": 159,
                      "Output": [
                        "nation.n_name",
                        "EXTRACT(year FROM orders.o_orderdate)",
                        "lineitem.l_extendedprice",
                        "lineitem.l_discount",
                        "partsupp.ps_supplycost",
                        "lineitem.l_quantity"
                      ],
                      "Inner Unique": true,
                      "Plans": [
                        {
                          "Node Type": "Hash Join",
                          "Parent Relationship": "Outer",
                          "Parallel Aware": true,
                          "Async Capable": false,
                          "Join Type": "Inner",
                          "Startup Cost": 13989.83,
                          "Total Cost": 147594.16,
                          "Plan Rows": 50512,
                          "Plan Width": 131,
                          "Output": [
                            "lineitem.l_extendedprice",
                            "lineitem.l_discount",
                            "lineitem.l_quantity",
                            "lineitem.l_orderkey",
                            "partsupp.ps_supplycost",
                            "nation.n_name"
                          ],
                          "Inner Unique": false,
                          "Hash Cond": "((lineitem.l_suppkey = supplier.s_suppkey) AND (lineitem.l_partkey = partsupp.ps_partkey))",
                          "Plans": [
                            {
                              "Node Type": "Seq Scan",
                              "Parent Relationship": "Outer",
                              "Parallel Aware": true,
                              "Async Capable": false,
                              "Relation Name": "lineitem",
                              "Schema": "public",
                              "Alias": "lineitem",
                              "Startup Cost": 0.0,
                              "Total Cost": 124602.43,
                              "Plan Rows": 1200243,
                              "Plan Width": 29,
                              "Output": [
                                "lineitem.l_orderkey",
                                "lineitem.l_partkey",
                                "lineitem.l_suppkey",
                                "lineitem.l_linenumber",
                                "lineitem.l_quantity",
                                "lineitem.l_extendedprice",
                                "lineitem.l_discount",
                                "lineitem.l_tax",
                                "lineitem.l_returnflag",
                                "lineitem.l_linestatus",
                                "lineitem.l_shipdate",
                                "lineitem.l_commitdate",
                                "lineitem.l_receiptdate",
                                "lineitem.l_shipinstruct",
                                "lineitem.l_shipmode",
                                "lineitem.l_comment"
                              ]
                            },
                            {
                              "Node Type": "Hash",
                              "Parent Relationship": "Inner",
                              "Parallel Aware": true,
                              "Async Capable": false,
                              "Startup Cost": 13779.41,
                              "Total Cost": 13779.41,
                              "Plan Rows": 14028,
                              "Plan Width": 126,
                              "Output": [
                                "part.p_partkey",
                                "partsupp.ps_supplycost",
                                "partsupp.ps_suppkey",
                                "partsupp.ps_partkey",
                                "supplier.s_suppkey",
                                "nation.n_name"
                              ],
                              "Plans": [
                                {
                                  "Node Type": "Hash Join",
                                  "Parent Relationship": "Outer",
                                  "Parallel Aware": false,
                                  "Async Capable": false,
                                  "Join Type": "Inner",
                                  "Startup Cost": 449.99,
                                  "Total Cost": 13779.41,
                                  "Plan Rows": 14028,
                                  "Plan Width": 126,
                                  "Output": [
                                    "part.p_partkey",
                                    "partsupp.ps_supplycost",
                                    "partsupp.ps_suppkey",
                                    "partsupp.ps_partkey",
                                    "supplier.s_suppkey",
                                    "nation.n_name"
                                  ],
                                  "Inner Unique": true,
                                  "Hash Cond": "(supplier.s_nationkey = nation.n_nationkey)",
                                  "Plans": [
                                    {
                                      "Node Type": "Hash Join",
                                      "Parent Relationship": "Outer",
                                      "Parallel Aware": false,
                                      "Async Capable": false,
                                      "Join Type": "Inner",
                                      "Startup Cost": 448.43,
                                      "Total Cost": 13734.78,
                                      "Plan Rows": 14028,
                                      "Plan Width": 26,
                                      "Output": [
                                        "part.p_partkey",
                                        "partsupp.ps_supplycost",
                                        "partsupp.ps_suppkey",
                                        "partsupp.ps_partkey",
                                        "supplier.s_suppkey",
                                        "supplier.s_nationkey"
                                      ],
                                      "Inner Unique": true,
                                      "Hash Cond": "(partsupp.ps_suppkey = supplier.s_suppkey)",
                                      "Plans": [
                                        {
                                          "Node Type": "Nested Loop",
                                          "Parent Relationship": "Outer",
                                          "Parallel Aware": false,
                                          "Async Capable": false,
                                          "Join Type": "Inner",
                                          "Startup Cost": 0.42,
                                          "Total Cost": 13249.94,
                                          "Plan Rows": 14028,
                                          "Plan Width": 18,
                                          "Output": [
                                            "part.p_partkey",
                                            "partsupp.ps_supplycost",
                                            "partsupp.ps_suppkey",
                                            "partsupp.ps_partkey"
                                          ],
                                          "Inner Unique": false,
                                          "Plans": [
                                            {
                                              "Node Type": "Seq Scan",
                                              "Parent Relationship": "Outer",
                                              "Parallel Aware": true,
                                              "Async Capable": false,
                                              "Relation Name": "part",
                                              "Schema": "public",
                                              "Alias": "part",
                                              "Startup Cost": 0.0,
                                              "Total Cost": 5169.67,
                                              "Plan Rows": 3507,
                                              "Plan Width": 4,
                                              "Output": [
                                                "part.p_partkey",
                                                "part.p_name",
                                                "part.p_mfgr",
                                                "part.p_brand",
                                                "part.p_type",
                                                "part.p_size",
                                                "part.p_container",
                                                "part.p_retailprice",
                                                "part.p_comment"
                                              ],
                                              "Filter": "((part.p_name)::text ~~ '%wheat%'::text)"
                                            },
                                            {
                                              "Node Type": "Index Scan",
                                              "Parent Relationship": "Inner",
                                              "Parallel Aware": false,
                                              "Async Capable": false,
                                              "Scan Direction": "Forward",
                                              "Index Name": "partsupp_pkey",
                                              "Relation Name": "partsupp",
                                              "Schema": "public",
                                              "Alias": "partsupp",
                                              "Startup Cost": 0.42,
                                              "Total Cost": 2.26,
                                              "Plan Rows": 4,
                                              "Plan Width": 14,
                                              "Output": [
                                                "partsupp.ps_partkey",
                                                "partsupp.ps_suppkey",
                                                "partsupp.ps_availqty",
                                                "partsupp.ps_supplycost",
                                                "partsupp.ps_comment"
                                              ],
                                              "Index Cond": "(partsupp.ps_partkey = part.p_partkey)"
                                            }
                                          ]
                                        },
                                        {
                                          "Node Type": "Hash",
                                          "Parent Relationship": "Inner",
                                          "Parallel Aware": false,
                                          "Async Capable": false,
                                          "Startup Cost": 323.0,
                                          "Total Cost": 323.0,
                                          "Plan Rows": 10000,
                                          "Plan Width": 8,
                                          "Output": [
                                            "supplier.s_suppkey",
                                            "supplier.s_nationkey"
                                          ],
                                          "Plans": [
                                            {
                                              "Node Type": "Seq Scan",
                                              "Parent Relationship": "Outer",
                                              "Parallel Aware": false,
                                              "Async Capable": false,
                                              "Relation Name": "supplier",
                                              "Schema": "public",
                                              "Alias": "supplier",
                                              "Startup Cost": 0.0,
                                              "Total Cost": 323.0,
                                              "Plan Rows": 10000,
                                              "Plan Width": 8,
                                              "Output": [
                                                "supplier.s_suppkey",
                                                "supplier.s_nationkey"
                                              ]
                                            }
                                          ]
                                        }
                                      ]
                                    },
                                    {
                                      "Node Type": "Hash",
                                      "Parent Relationship": "Inner",
                                      "Parallel Aware": false,
                                      "Async Capable": false,
                                      "Startup Cost": 1.25,
                                      "Total Cost": 1.25,
                                      "Plan Rows": 25,
                                      "Plan Width": 108,
                                      "Output": [
                                        "nation.n_name",
                                        "nation.n_nationkey"
                                      ],
                                      "Plans": [
                                        {
                                          "Node Type": "Seq Scan",
                                          "Parent Relationship": "Outer",
                                          "Parallel Aware": false,
                                          "Async Capable": false,
                                          "Relation Name": "nation",
                                          "Schema": "public",
                                          "Alias": "nation",
                                          "Startup Cost": 0.0,
                                          "Total Cost": 1.25,
                                          "Plan Rows": 25,
                                          "Plan Width": 108,
                                          "Output": [
                                            "nation.n_name",
                                            "nation.n_nationkey"
                                          ]
                                        }
                                      ]
                                    }
                                  ]
                                }
                              ]
                            }
                          ]
                        },
                        {
                          "Node Type": "Index Scan",
                          "Parent Relationship": "Inner",
                          "Parallel Aware": false,
                          "Async Capable": false,
                          "Scan Direction": "Forward",
                          "Index Name": "orders_pkey",
                          "Relation Name": "orders",
                          "Schema": "public",
                          "Alias": "orders",
                          "Startup Cost": 0.43,
                          "Total Cost": 0.45,
                          "Plan Rows": 1,
                          "Plan Width": 8,
                          "Output": [
                            "orders.o_orderkey",
                            "orders.o_custkey",
                            "orders.o_orderstatus",
                            "orders.o_totalprice",
                            "orders.o_orderdate",
                            "orders.o_orderpriority",
                            "orders.o_clerk",
                            "orders.o_shippriority",
                            "orders.o_comment"
                          ],
                          "Index Cond": "(orders.o_orderkey = lineitem.l_orderkey)"
                        }
                      ]
                    }
                  ]
                }
              ]
            }
          ]
        }
      ]
    },
    "JIT": {
      "Functions": 43,
      "Options": {
        "Inlining": false,
        "Optimization": false,
        "Expressions": true,
        "Deforming": true
      }
    }
  }
]
```

---

## 107. Q9_60_seed_484037829.sql

**File Path:** `/Users/brunowinter2000/Documents/Thesis/2025_2026/Plan-Level/Generated_Queries/Q9/Q9_60_seed_484037829.sql`

### EXPLAIN JSON

```json
[
  {
    "Plan": {
      "Node Type": "Sort",
      "Parallel Aware": false,
      "Async Capable": false,
      "Startup Cost": 218594.94,
      "Total Cost": 218745.31,
      "Plan Rows": 60150,
      "Plan Width": 168,
      "Output": [
        "nation.n_name",
        "(EXTRACT(year FROM orders.o_orderdate))",
        "(sum(((lineitem.l_extendedprice * ('1'::numeric - lineitem.l_discount)) - (partsupp.ps_supplycost * lineitem.l_quantity))))"
      ],
      "Sort Key": [
        "nation.n_name",
        "(EXTRACT(year FROM orders.o_orderdate)) DESC"
      ],
      "Plans": [
        {
          "Node Type": "Aggregate",
          "Strategy": "Hashed",
          "Partial Mode": "Finalize",
          "Parent Relationship": "Outer",
          "Parallel Aware": false,
          "Async Capable": false,
          "Startup Cost": 212917.9,
          "Total Cost": 213820.15,
          "Plan Rows": 60150,
          "Plan Width": 168,
          "Output": [
            "nation.n_name",
            "(EXTRACT(year FROM orders.o_orderdate))",
            "sum(((lineitem.l_extendedprice * ('1'::numeric - lineitem.l_discount)) - (partsupp.ps_supplycost * lineitem.l_quantity)))"
          ],
          "Group Key": [
            "nation.n_name",
            "(EXTRACT(year FROM orders.o_orderdate))"
          ],
          "Planned Partitions": 0,
          "Plans": [
            {
              "Node Type": "Gather",
              "Parent Relationship": "Outer",
              "Parallel Aware": false,
              "Async Capable": false,
              "Startup Cost": 178933.15,
              "Total Cost": 209910.4,
              "Plan Rows": 300750,
              "Plan Width": 168,
              "Output": [
                "nation.n_name",
                "(EXTRACT(year FROM orders.o_orderdate))",
                "(PARTIAL sum(((lineitem.l_extendedprice * ('1'::numeric - lineitem.l_discount)) - (partsupp.ps_supplycost * lineitem.l_quantity))))"
              ],
              "Workers Planned": 5,
              "Single Copy": false,
              "Plans": [
                {
                  "Node Type": "Aggregate",
                  "Strategy": "Hashed",
                  "Partial Mode": "Partial",
                  "Parent Relationship": "Outer",
                  "Parallel Aware": false,
                  "Async Capable": false,
                  "Startup Cost": 177933.15,
                  "Total Cost": 178835.4,
                  "Plan Rows": 60150,
                  "Plan Width": 168,
                  "Output": [
                    "nation.n_name",
                    "(EXTRACT(year FROM orders.o_orderdate))",
                    "PARTIAL sum(((lineitem.l_extendedprice * ('1'::numeric - lineitem.l_discount)) - (partsupp.ps_supplycost * lineitem.l_quantity)))"
                  ],
                  "Group Key": [
                    "nation.n_name",
                    "EXTRACT(year FROM orders.o_orderdate)"
                  ],
                  "Planned Partitions": 0,
                  "Plans": [
                    {
                      "Node Type": "Nested Loop",
                      "Parent Relationship": "Outer",
                      "Parallel Aware": false,
                      "Async Capable": false,
                      "Join Type": "Inner",
                      "Startup Cost": 14901.81,
                      "Total Cost": 176838.72,
                      "Plan Rows": 62539,
                      "Plan Width": 159,
                      "Output": [
                        "nation.n_name",
                        "EXTRACT(year FROM orders.o_orderdate)",
                        "lineitem.l_extendedprice",
                        "lineitem.l_discount",
                        "partsupp.ps_supplycost",
                        "lineitem.l_quantity"
                      ],
                      "Inner Unique": true,
                      "Plans": [
                        {
                          "Node Type": "Hash Join",
                          "Parent Relationship": "Outer",
                          "Parallel Aware": true,
                          "Async Capable": false,
                          "Join Type": "Inner",
                          "Startup Cost": 14901.38,
                          "Total Cost": 148505.73,
                          "Plan Rows": 62539,
                          "Plan Width": 131,
                          "Output": [
                            "lineitem.l_extendedprice",
                            "lineitem.l_discount",
                            "lineitem.l_quantity",
                            "lineitem.l_orderkey",
                            "partsupp.ps_supplycost",
                            "nation.n_name"
                          ],
                          "Inner Unique": false,
                          "Hash Cond": "((lineitem.l_suppkey = supplier.s_suppkey) AND (lineitem.l_partkey = partsupp.ps_partkey))",
                          "Plans": [
                            {
                              "Node Type": "Seq Scan",
                              "Parent Relationship": "Outer",
                              "Parallel Aware": true,
                              "Async Capable": false,
                              "Relation Name": "lineitem",
                              "Schema": "public",
                              "Alias": "lineitem",
                              "Startup Cost": 0.0,
                              "Total Cost": 124602.43,
                              "Plan Rows": 1200243,
                              "Plan Width": 29,
                              "Output": [
                                "lineitem.l_orderkey",
                                "lineitem.l_partkey",
                                "lineitem.l_suppkey",
                                "lineitem.l_linenumber",
                                "lineitem.l_quantity",
                                "lineitem.l_extendedprice",
                                "lineitem.l_discount",
                                "lineitem.l_tax",
                                "lineitem.l_returnflag",
                                "lineitem.l_linestatus",
                                "lineitem.l_shipdate",
                                "lineitem.l_commitdate",
                                "lineitem.l_receiptdate",
                                "lineitem.l_shipinstruct",
                                "lineitem.l_shipmode",
                                "lineitem.l_comment"
                              ]
                            },
                            {
                              "Node Type": "Hash",
                              "Parent Relationship": "Inner",
                              "Parallel Aware": true,
                              "Async Capable": false,
                              "Startup Cost": 14640.86,
                              "Total Cost": 14640.86,
                              "Plan Rows": 17368,
                              "Plan Width": 126,
                              "Output": [
                                "part.p_partkey",
                                "partsupp.ps_supplycost",
                                "partsupp.ps_suppkey",
                                "partsupp.ps_partkey",
                                "supplier.s_suppkey",
                                "nation.n_name"
                              ],
                              "Plans": [
                                {
                                  "Node Type": "Hash Join",
                                  "Parent Relationship": "Outer",
                                  "Parallel Aware": false,
                                  "Async Capable": false,
                                  "Join Type": "Inner",
                                  "Startup Cost": 449.99,
                                  "Total Cost": 14640.86,
                                  "Plan Rows": 17368,
                                  "Plan Width": 126,
                                  "Output": [
                                    "part.p_partkey",
                                    "partsupp.ps_supplycost",
                                    "partsupp.ps_suppkey",
                                    "partsupp.ps_partkey",
                                    "supplier.s_suppkey",
                                    "nation.n_name"
                                  ],
                                  "Inner Unique": true,
                                  "Hash Cond": "(supplier.s_nationkey = nation.n_nationkey)",
                                  "Plans": [
                                    {
                                      "Node Type": "Hash Join",
                                      "Parent Relationship": "Outer",
                                      "Parallel Aware": false,
                                      "Async Capable": false,
                                      "Join Type": "Inner",
                                      "Startup Cost": 448.43,
                                      "Total Cost": 14585.97,
                                      "Plan Rows": 17368,
                                      "Plan Width": 26,
                                      "Output": [
                                        "part.p_partkey",
                                        "partsupp.ps_supplycost",
                                        "partsupp.ps_suppkey",
                                        "partsupp.ps_partkey",
                                        "supplier.s_suppkey",
                                        "supplier.s_nationkey"
                                      ],
                                      "Inner Unique": true,
                                      "Hash Cond": "(partsupp.ps_suppkey = supplier.s_suppkey)",
                                      "Plans": [
                                        {
                                          "Node Type": "Nested Loop",
                                          "Parent Relationship": "Outer",
                                          "Parallel Aware": false,
                                          "Async Capable": false,
                                          "Join Type": "Inner",
                                          "Startup Cost": 0.42,
                                          "Total Cost": 14092.36,
                                          "Plan Rows": 17368,
                                          "Plan Width": 18,
                                          "Output": [
                                            "part.p_partkey",
                                            "partsupp.ps_supplycost",
                                            "partsupp.ps_suppkey",
                                            "partsupp.ps_partkey"
                                          ],
                                          "Inner Unique": false,
                                          "Plans": [
                                            {
                                              "Node Type": "Seq Scan",
                                              "Parent Relationship": "Outer",
                                              "Parallel Aware": true,
                                              "Async Capable": false,
                                              "Relation Name": "part",
                                              "Schema": "public",
                                              "Alias": "part",
                                              "Startup Cost": 0.0,
                                              "Total Cost": 5169.67,
                                              "Plan Rows": 4342,
                                              "Plan Width": 4,
                                              "Output": [
                                                "part.p_partkey",
                                                "part.p_name",
                                                "part.p_mfgr",
                                                "part.p_brand",
                                                "part.p_type",
                                                "part.p_size",
                                                "part.p_container",
                                                "part.p_retailprice",
                                                "part.p_comment"
                                              ],
                                              "Filter": "((part.p_name)::text ~~ '%burnished%'::text)"
                                            },
                                            {
                                              "Node Type": "Index Scan",
                                              "Parent Relationship": "Inner",
                                              "Parallel Aware": false,
                                              "Async Capable": false,
                                              "Scan Direction": "Forward",
                                              "Index Name": "partsupp_pkey",
                                              "Relation Name": "partsupp",
                                              "Schema": "public",
                                              "Alias": "partsupp",
                                              "Startup Cost": 0.42,
                                              "Total Cost": 2.01,
                                              "Plan Rows": 4,
                                              "Plan Width": 14,
                                              "Output": [
                                                "partsupp.ps_partkey",
                                                "partsupp.ps_suppkey",
                                                "partsupp.ps_availqty",
                                                "partsupp.ps_supplycost",
                                                "partsupp.ps_comment"
                                              ],
                                              "Index Cond": "(partsupp.ps_partkey = part.p_partkey)"
                                            }
                                          ]
                                        },
                                        {
                                          "Node Type": "Hash",
                                          "Parent Relationship": "Inner",
                                          "Parallel Aware": false,
                                          "Async Capable": false,
                                          "Startup Cost": 323.0,
                                          "Total Cost": 323.0,
                                          "Plan Rows": 10000,
                                          "Plan Width": 8,
                                          "Output": [
                                            "supplier.s_suppkey",
                                            "supplier.s_nationkey"
                                          ],
                                          "Plans": [
                                            {
                                              "Node Type": "Seq Scan",
                                              "Parent Relationship": "Outer",
                                              "Parallel Aware": false,
                                              "Async Capable": false,
                                              "Relation Name": "supplier",
                                              "Schema": "public",
                                              "Alias": "supplier",
                                              "Startup Cost": 0.0,
                                              "Total Cost": 323.0,
                                              "Plan Rows": 10000,
                                              "Plan Width": 8,
                                              "Output": [
                                                "supplier.s_suppkey",
                                                "supplier.s_nationkey"
                                              ]
                                            }
                                          ]
                                        }
                                      ]
                                    },
                                    {
                                      "Node Type": "Hash",
                                      "Parent Relationship": "Inner",
                                      "Parallel Aware": false,
                                      "Async Capable": false,
                                      "Startup Cost": 1.25,
                                      "Total Cost": 1.25,
                                      "Plan Rows": 25,
                                      "Plan Width": 108,
                                      "Output": [
                                        "nation.n_name",
                                        "nation.n_nationkey"
                                      ],
                                      "Plans": [
                                        {
                                          "Node Type": "Seq Scan",
                                          "Parent Relationship": "Outer",
                                          "Parallel Aware": false,
                                          "Async Capable": false,
                                          "Relation Name": "nation",
                                          "Schema": "public",
                                          "Alias": "nation",
                                          "Startup Cost": 0.0,
                                          "Total Cost": 1.25,
                                          "Plan Rows": 25,
                                          "Plan Width": 108,
                                          "Output": [
                                            "nation.n_name",
                                            "nation.n_nationkey"
                                          ]
                                        }
                                      ]
                                    }
                                  ]
                                }
                              ]
                            }
                          ]
                        },
                        {
                          "Node Type": "Index Scan",
                          "Parent Relationship": "Inner",
                          "Parallel Aware": false,
                          "Async Capable": false,
                          "Scan Direction": "Forward",
                          "Index Name": "orders_pkey",
                          "Relation Name": "orders",
                          "Schema": "public",
                          "Alias": "orders",
                          "Startup Cost": 0.43,
                          "Total Cost": 0.45,
                          "Plan Rows": 1,
                          "Plan Width": 8,
                          "Output": [
                            "orders.o_orderkey",
                            "orders.o_custkey",
                            "orders.o_orderstatus",
                            "orders.o_totalprice",
                            "orders.o_orderdate",
                            "orders.o_orderpriority",
                            "orders.o_clerk",
                            "orders.o_shippriority",
                            "orders.o_comment"
                          ],
                          "Index Cond": "(orders.o_orderkey = lineitem.l_orderkey)"
                        }
                      ]
                    }
                  ]
                }
              ]
            }
          ]
        }
      ]
    },
    "JIT": {
      "Functions": 43,
      "Options": {
        "Inlining": false,
        "Optimization": false,
        "Expressions": true,
        "Deforming": true
      }
    }
  }
]
```

---

## 108. Q9_61_seed_492241860.sql

**File Path:** `/Users/brunowinter2000/Documents/Thesis/2025_2026/Plan-Level/Generated_Queries/Q9/Q9_61_seed_492241860.sql`

### EXPLAIN JSON

```json
[
  {
    "Plan": {
      "Node Type": "Sort",
      "Parallel Aware": false,
      "Async Capable": false,
      "Startup Cost": 221184.19,
      "Total Cost": 221334.56,
      "Plan Rows": 60150,
      "Plan Width": 168,
      "Output": [
        "nation.n_name",
        "(EXTRACT(year FROM orders.o_orderdate))",
        "(sum(((lineitem.l_extendedprice * ('1'::numeric - lineitem.l_discount)) - (partsupp.ps_supplycost * lineitem.l_quantity))))"
      ],
      "Sort Key": [
        "nation.n_name",
        "(EXTRACT(year FROM orders.o_orderdate)) DESC"
      ],
      "Plans": [
        {
          "Node Type": "Aggregate",
          "Strategy": "Hashed",
          "Partial Mode": "Finalize",
          "Parent Relationship": "Outer",
          "Parallel Aware": false,
          "Async Capable": false,
          "Startup Cost": 215507.15,
          "Total Cost": 216409.4,
          "Plan Rows": 60150,
          "Plan Width": 168,
          "Output": [
            "nation.n_name",
            "(EXTRACT(year FROM orders.o_orderdate))",
            "sum(((lineitem.l_extendedprice * ('1'::numeric - lineitem.l_discount)) - (partsupp.ps_supplycost * lineitem.l_quantity)))"
          ],
          "Group Key": [
            "nation.n_name",
            "(EXTRACT(year FROM orders.o_orderdate))"
          ],
          "Planned Partitions": 0,
          "Plans": [
            {
              "Node Type": "Gather",
              "Parent Relationship": "Outer",
              "Parallel Aware": false,
              "Async Capable": false,
              "Startup Cost": 181522.4,
              "Total Cost": 212499.65,
              "Plan Rows": 300750,
              "Plan Width": 168,
              "Output": [
                "nation.n_name",
                "(EXTRACT(year FROM orders.o_orderdate))",
                "(PARTIAL sum(((lineitem.l_extendedprice * ('1'::numeric - lineitem.l_discount)) - (partsupp.ps_supplycost * lineitem.l_quantity))))"
              ],
              "Workers Planned": 5,
              "Single Copy": false,
              "Plans": [
                {
                  "Node Type": "Aggregate",
                  "Strategy": "Hashed",
                  "Partial Mode": "Partial",
                  "Parent Relationship": "Outer",
                  "Parallel Aware": false,
                  "Async Capable": false,
                  "Startup Cost": 180522.4,
                  "Total Cost": 181424.65,
                  "Plan Rows": 60150,
                  "Plan Width": 168,
                  "Output": [
                    "nation.n_name",
                    "(EXTRACT(year FROM orders.o_orderdate))",
                    "PARTIAL sum(((lineitem.l_extendedprice * ('1'::numeric - lineitem.l_discount)) - (partsupp.ps_supplycost * lineitem.l_quantity)))"
                  ],
                  "Group Key": [
                    "nation.n_name",
                    "EXTRACT(year FROM orders.o_orderdate)"
                  ],
                  "Planned Partitions": 0,
                  "Plans": [
                    {
                      "Node Type": "Nested Loop",
                      "Parent Relationship": "Outer",
                      "Parallel Aware": false,
                      "Async Capable": false,
                      "Join Type": "Inner",
                      "Startup Cost": 15229.13,
                      "Total Cost": 179343.84,
                      "Plan Rows": 67346,
                      "Plan Width": 159,
                      "Output": [
                        "nation.n_name",
                        "EXTRACT(year FROM orders.o_orderdate)",
                        "lineitem.l_extendedprice",
                        "lineitem.l_discount",
                        "partsupp.ps_supplycost",
                        "lineitem.l_quantity"
                      ],
                      "Inner Unique": true,
                      "Plans": [
                        {
                          "Node Type": "Hash Join",
                          "Parent Relationship": "Outer",
                          "Parallel Aware": true,
                          "Async Capable": false,
                          "Join Type": "Inner",
                          "Startup Cost": 15228.71,
                          "Total Cost": 148833.07,
                          "Plan Rows": 67346,
                          "Plan Width": 131,
                          "Output": [
                            "lineitem.l_extendedprice",
                            "lineitem.l_discount",
                            "lineitem.l_quantity",
                            "lineitem.l_orderkey",
                            "partsupp.ps_supplycost",
                            "nation.n_name"
                          ],
                          "Inner Unique": false,
                          "Hash Cond": "((lineitem.l_suppkey = supplier.s_suppkey) AND (lineitem.l_partkey = partsupp.ps_partkey))",
                          "Plans": [
                            {
                              "Node Type": "Seq Scan",
                              "Parent Relationship": "Outer",
                              "Parallel Aware": true,
                              "Async Capable": false,
                              "Relation Name": "lineitem",
                              "Schema": "public",
                              "Alias": "lineitem",
                              "Startup Cost": 0.0,
                              "Total Cost": 124602.43,
                              "Plan Rows": 1200243,
                              "Plan Width": 29,
                              "Output": [
                                "lineitem.l_orderkey",
                                "lineitem.l_partkey",
                                "lineitem.l_suppkey",
                                "lineitem.l_linenumber",
                                "lineitem.l_quantity",
                                "lineitem.l_extendedprice",
                                "lineitem.l_discount",
                                "lineitem.l_tax",
                                "lineitem.l_returnflag",
                                "lineitem.l_linestatus",
                                "lineitem.l_shipdate",
                                "lineitem.l_commitdate",
                                "lineitem.l_receiptdate",
                                "lineitem.l_shipinstruct",
                                "lineitem.l_shipmode",
                                "lineitem.l_comment"
                              ]
                            },
                            {
                              "Node Type": "Hash",
                              "Parent Relationship": "Inner",
                              "Parallel Aware": true,
                              "Async Capable": false,
                              "Startup Cost": 14948.16,
                              "Total Cost": 14948.16,
                              "Plan Rows": 18703,
                              "Plan Width": 126,
                              "Output": [
                                "part.p_partkey",
                                "partsupp.ps_supplycost",
                                "partsupp.ps_suppkey",
                                "partsupp.ps_partkey",
                                "supplier.s_suppkey",
                                "nation.n_name"
                              ],
                              "Plans": [
                                {
                                  "Node Type": "Hash Join",
                                  "Parent Relationship": "Outer",
                                  "Parallel Aware": false,
                                  "Async Capable": false,
                                  "Join Type": "Inner",
                                  "Startup Cost": 449.99,
                                  "Total Cost": 14948.16,
                                  "Plan Rows": 18703,
                                  "Plan Width": 126,
                                  "Output": [
                                    "part.p_partkey",
                                    "partsupp.ps_supplycost",
                                    "partsupp.ps_suppkey",
                                    "partsupp.ps_partkey",
                                    "supplier.s_suppkey",
                                    "nation.n_name"
                                  ],
                                  "Inner Unique": true,
                                  "Hash Cond": "(supplier.s_nationkey = nation.n_nationkey)",
                                  "Plans": [
                                    {
                                      "Node Type": "Hash Join",
                                      "Parent Relationship": "Outer",
                                      "Parallel Aware": false,
                                      "Async Capable": false,
                                      "Join Type": "Inner",
                                      "Startup Cost": 448.43,
                                      "Total Cost": 14889.18,
                                      "Plan Rows": 18703,
                                      "Plan Width": 26,
                                      "Output": [
                                        "part.p_partkey",
                                        "partsupp.ps_supplycost",
                                        "partsupp.ps_suppkey",
                                        "partsupp.ps_partkey",
                                        "supplier.s_suppkey",
                                        "supplier.s_nationkey"
                                      ],
                                      "Inner Unique": true,
                                      "Hash Cond": "(partsupp.ps_suppkey = supplier.s_suppkey)",
                                      "Plans": [
                                        {
                                          "Node Type": "Nested Loop",
                                          "Parent Relationship": "Outer",
                                          "Parallel Aware": false,
                                          "Async Capable": false,
                                          "Join Type": "Inner",
                                          "Startup Cost": 0.42,
                                          "Total Cost": 14392.06,
                                          "Plan Rows": 18703,
                                          "Plan Width": 18,
                                          "Output": [
                                            "part.p_partkey",
                                            "partsupp.ps_supplycost",
                                            "partsupp.ps_suppkey",
                                            "partsupp.ps_partkey"
                                          ],
                                          "Inner Unique": false,
                                          "Plans": [
                                            {
                                              "Node Type": "Seq Scan",
                                              "Parent Relationship": "Outer",
                                              "Parallel Aware": true,
                                              "Async Capable": false,
                                              "Relation Name": "part",
                                              "Schema": "public",
                                              "Alias": "part",
                                              "Startup Cost": 0.0,
                                              "Total Cost": 5169.67,
                                              "Plan Rows": 4676,
                                              "Plan Width": 4,
                                              "Output": [
                                                "part.p_partkey",
                                                "part.p_name",
                                                "part.p_mfgr",
                                                "part.p_brand",
                                                "part.p_type",
                                                "part.p_size",
                                                "part.p_container",
                                                "part.p_retailprice",
                                                "part.p_comment"
                                              ],
                                              "Filter": "((part.p_name)::text ~~ '%olive%'::text)"
                                            },
                                            {
                                              "Node Type": "Index Scan",
                                              "Parent Relationship": "Inner",
                                              "Parallel Aware": false,
                                              "Async Capable": false,
                                              "Scan Direction": "Forward",
                                              "Index Name": "partsupp_pkey",
                                              "Relation Name": "partsupp",
                                              "Schema": "public",
                                              "Alias": "partsupp",
                                              "Startup Cost": 0.42,
                                              "Total Cost": 1.93,
                                              "Plan Rows": 4,
                                              "Plan Width": 14,
                                              "Output": [
                                                "partsupp.ps_partkey",
                                                "partsupp.ps_suppkey",
                                                "partsupp.ps_availqty",
                                                "partsupp.ps_supplycost",
                                                "partsupp.ps_comment"
                                              ],
                                              "Index Cond": "(partsupp.ps_partkey = part.p_partkey)"
                                            }
                                          ]
                                        },
                                        {
                                          "Node Type": "Hash",
                                          "Parent Relationship": "Inner",
                                          "Parallel Aware": false,
                                          "Async Capable": false,
                                          "Startup Cost": 323.0,
                                          "Total Cost": 323.0,
                                          "Plan Rows": 10000,
                                          "Plan Width": 8,
                                          "Output": [
                                            "supplier.s_suppkey",
                                            "supplier.s_nationkey"
                                          ],
                                          "Plans": [
                                            {
                                              "Node Type": "Seq Scan",
                                              "Parent Relationship": "Outer",
                                              "Parallel Aware": false,
                                              "Async Capable": false,
                                              "Relation Name": "supplier",
                                              "Schema": "public",
                                              "Alias": "supplier",
                                              "Startup Cost": 0.0,
                                              "Total Cost": 323.0,
                                              "Plan Rows": 10000,
                                              "Plan Width": 8,
                                              "Output": [
                                                "supplier.s_suppkey",
                                                "supplier.s_nationkey"
                                              ]
                                            }
                                          ]
                                        }
                                      ]
                                    },
                                    {
                                      "Node Type": "Hash",
                                      "Parent Relationship": "Inner",
                                      "Parallel Aware": false,
                                      "Async Capable": false,
                                      "Startup Cost": 1.25,
                                      "Total Cost": 1.25,
                                      "Plan Rows": 25,
                                      "Plan Width": 108,
                                      "Output": [
                                        "nation.n_name",
                                        "nation.n_nationkey"
                                      ],
                                      "Plans": [
                                        {
                                          "Node Type": "Seq Scan",
                                          "Parent Relationship": "Outer",
                                          "Parallel Aware": false,
                                          "Async Capable": false,
                                          "Relation Name": "nation",
                                          "Schema": "public",
                                          "Alias": "nation",
                                          "Startup Cost": 0.0,
                                          "Total Cost": 1.25,
                                          "Plan Rows": 25,
                                          "Plan Width": 108,
                                          "Output": [
                                            "nation.n_name",
                                            "nation.n_nationkey"
                                          ]
                                        }
                                      ]
                                    }
                                  ]
                                }
                              ]
                            }
                          ]
                        },
                        {
                          "Node Type": "Index Scan",
                          "Parent Relationship": "Inner",
                          "Parallel Aware": false,
                          "Async Capable": false,
                          "Scan Direction": "Forward",
                          "Index Name": "orders_pkey",
                          "Relation Name": "orders",
                          "Schema": "public",
                          "Alias": "orders",
                          "Startup Cost": 0.43,
                          "Total Cost": 0.45,
                          "Plan Rows": 1,
                          "Plan Width": 8,
                          "Output": [
                            "orders.o_orderkey",
                            "orders.o_custkey",
                            "orders.o_orderstatus",
                            "orders.o_totalprice",
                            "orders.o_orderdate",
                            "orders.o_orderpriority",
                            "orders.o_clerk",
                            "orders.o_shippriority",
                            "orders.o_comment"
                          ],
                          "Index Cond": "(orders.o_orderkey = lineitem.l_orderkey)"
                        }
                      ]
                    }
                  ]
                }
              ]
            }
          ]
        }
      ]
    },
    "JIT": {
      "Functions": 43,
      "Options": {
        "Inlining": false,
        "Optimization": false,
        "Expressions": true,
        "Deforming": true
      }
    }
  }
]
```

---

## 109. Q9_62_seed_500445891.sql

**File Path:** `/Users/brunowinter2000/Documents/Thesis/2025_2026/Plan-Level/Generated_Queries/Q9/Q9_62_seed_500445891.sql`

### EXPLAIN JSON

```json
[
  {
    "Plan": {
      "Node Type": "Sort",
      "Parallel Aware": false,
      "Async Capable": false,
      "Startup Cost": 213659.85,
      "Total Cost": 213810.22,
      "Plan Rows": 60150,
      "Plan Width": 168,
      "Output": [
        "nation.n_name",
        "(EXTRACT(year FROM orders.o_orderdate))",
        "(sum(((lineitem.l_extendedprice * ('1'::numeric - lineitem.l_discount)) - (partsupp.ps_supplycost * lineitem.l_quantity))))"
      ],
      "Sort Key": [
        "nation.n_name",
        "(EXTRACT(year FROM orders.o_orderdate)) DESC"
      ],
      "Plans": [
        {
          "Node Type": "Aggregate",
          "Strategy": "Hashed",
          "Partial Mode": "Finalize",
          "Parent Relationship": "Outer",
          "Parallel Aware": false,
          "Async Capable": false,
          "Startup Cost": 207982.81,
          "Total Cost": 208885.06,
          "Plan Rows": 60150,
          "Plan Width": 168,
          "Output": [
            "nation.n_name",
            "(EXTRACT(year FROM orders.o_orderdate))",
            "sum(((lineitem.l_extendedprice * ('1'::numeric - lineitem.l_discount)) - (partsupp.ps_supplycost * lineitem.l_quantity)))"
          ],
          "Group Key": [
            "nation.n_name",
            "(EXTRACT(year FROM orders.o_orderdate))"
          ],
          "Planned Partitions": 0,
          "Plans": [
            {
              "Node Type": "Gather",
              "Parent Relationship": "Outer",
              "Parallel Aware": false,
              "Async Capable": false,
              "Startup Cost": 187231.06,
              "Total Cost": 206178.31,
              "Plan Rows": 180450,
              "Plan Width": 168,
              "Output": [
                "nation.n_name",
                "(EXTRACT(year FROM orders.o_orderdate))",
                "(PARTIAL sum(((lineitem.l_extendedprice * ('1'::numeric - lineitem.l_discount)) - (partsupp.ps_supplycost * lineitem.l_quantity))))"
              ],
              "Workers Planned": 3,
              "Single Copy": false,
              "Plans": [
                {
                  "Node Type": "Aggregate",
                  "Strategy": "Hashed",
                  "Partial Mode": "Partial",
                  "Parent Relationship": "Outer",
                  "Parallel Aware": false,
                  "Async Capable": false,
                  "Startup Cost": 186231.06,
                  "Total Cost": 187133.31,
                  "Plan Rows": 60150,
                  "Plan Width": 168,
                  "Output": [
                    "nation.n_name",
                    "(EXTRACT(year FROM orders.o_orderdate))",
                    "PARTIAL sum(((lineitem.l_extendedprice * ('1'::numeric - lineitem.l_discount)) - (partsupp.ps_supplycost * lineitem.l_quantity)))"
                  ],
                  "Group Key": [
                    "nation.n_name",
                    "EXTRACT(year FROM orders.o_orderdate)"
                  ],
                  "Planned Partitions": 0,
                  "Plans": [
                    {
                      "Node Type": "Hash Join",
                      "Parent Relationship": "Outer",
                      "Parallel Aware": true,
                      "Async Capable": false,
                      "Join Type": "Inner",
                      "Startup Cost": 150625.41,
                      "Total Cost": 183990.72,
                      "Plan Rows": 128019,
                      "Plan Width": 159,
                      "Output": [
                        "nation.n_name",
                        "EXTRACT(year FROM orders.o_orderdate)",
                        "lineitem.l_extendedprice",
                        "lineitem.l_discount",
                        "partsupp.ps_supplycost",
                        "lineitem.l_quantity"
                      ],
                      "Inner Unique": false,
                      "Hash Cond": "(orders.o_orderkey = lineitem.l_orderkey)",
                      "Plans": [
                        {
                          "Node Type": "Seq Scan",
                          "Parent Relationship": "Outer",
                          "Parallel Aware": true,
                          "Async Capable": false,
                          "Relation Name": "orders",
                          "Schema": "public",
                          "Alias": "orders",
                          "Startup Cost": 0.0,
                          "Total Cost": 30974.71,
                          "Plan Rows": 483871,
                          "Plan Width": 8,
                          "Output": [
                            "orders.o_orderkey",
                            "orders.o_custkey",
                            "orders.o_orderstatus",
                            "orders.o_totalprice",
                            "orders.o_orderdate",
                            "orders.o_orderpriority",
                            "orders.o_clerk",
                            "orders.o_shippriority",
                            "orders.o_comment"
                          ]
                        },
                        {
                          "Node Type": "Hash",
                          "Parent Relationship": "Inner",
                          "Parallel Aware": true,
                          "Async Capable": false,
                          "Startup Cost": 149633.26,
                          "Total Cost": 149633.26,
                          "Plan Rows": 79372,
                          "Plan Width": 131,
                          "Output": [
                            "lineitem.l_extendedprice",
                            "lineitem.l_discount",
                            "lineitem.l_quantity",
                            "lineitem.l_orderkey",
                            "partsupp.ps_supplycost",
                            "nation.n_name"
                          ],
                          "Plans": [
                            {
                              "Node Type": "Hash Join",
                              "Parent Relationship": "Outer",
                              "Parallel Aware": true,
                              "Async Capable": false,
                              "Join Type": "Inner",
                              "Startup Cost": 16028.88,
                              "Total Cost": 149633.26,
                              "Plan Rows": 79372,
                              "Plan Width": 131,
                              "Output": [
                                "lineitem.l_extendedprice",
                                "lineitem.l_discount",
                                "lineitem.l_quantity",
                                "lineitem.l_orderkey",
                                "partsupp.ps_supplycost",
                                "nation.n_name"
                              ],
                              "Inner Unique": false,
                              "Hash Cond": "((lineitem.l_suppkey = supplier.s_suppkey) AND (lineitem.l_partkey = partsupp.ps_partkey))",
                              "Plans": [
                                {
                                  "Node Type": "Seq Scan",
                                  "Parent Relationship": "Outer",
                                  "Parallel Aware": true,
                                  "Async Capable": false,
                                  "Relation Name": "lineitem",
                                  "Schema": "public",
                                  "Alias": "lineitem",
                                  "Startup Cost": 0.0,
                                  "Total Cost": 124602.43,
                                  "Plan Rows": 1200243,
                                  "Plan Width": 29,
                                  "Output": [
                                    "lineitem.l_orderkey",
                                    "lineitem.l_partkey",
                                    "lineitem.l_suppkey",
                                    "lineitem.l_linenumber",
                                    "lineitem.l_quantity",
                                    "lineitem.l_extendedprice",
                                    "lineitem.l_discount",
                                    "lineitem.l_tax",
                                    "lineitem.l_returnflag",
                                    "lineitem.l_linestatus",
                                    "lineitem.l_shipdate",
                                    "lineitem.l_commitdate",
                                    "lineitem.l_receiptdate",
                                    "lineitem.l_shipinstruct",
                                    "lineitem.l_shipmode",
                                    "lineitem.l_comment"
                                  ]
                                },
                                {
                                  "Node Type": "Hash",
                                  "Parent Relationship": "Inner",
                                  "Parallel Aware": true,
                                  "Async Capable": false,
                                  "Startup Cost": 15698.23,
                                  "Total Cost": 15698.23,
                                  "Plan Rows": 22043,
                                  "Plan Width": 126,
                                  "Output": [
                                    "part.p_partkey",
                                    "partsupp.ps_supplycost",
                                    "partsupp.ps_suppkey",
                                    "partsupp.ps_partkey",
                                    "supplier.s_suppkey",
                                    "nation.n_name"
                                  ],
                                  "Plans": [
                                    {
                                      "Node Type": "Hash Join",
                                      "Parent Relationship": "Outer",
                                      "Parallel Aware": false,
                                      "Async Capable": false,
                                      "Join Type": "Inner",
                                      "Startup Cost": 449.99,
                                      "Total Cost": 15698.23,
                                      "Plan Rows": 22043,
                                      "Plan Width": 126,
                                      "Output": [
                                        "part.p_partkey",
                                        "partsupp.ps_supplycost",
                                        "partsupp.ps_suppkey",
                                        "partsupp.ps_partkey",
                                        "supplier.s_suppkey",
                                        "nation.n_name"
                                      ],
                                      "Inner Unique": true,
                                      "Hash Cond": "(supplier.s_nationkey = nation.n_nationkey)",
                                      "Plans": [
                                        {
                                          "Node Type": "Hash Join",
                                          "Parent Relationship": "Outer",
                                          "Parallel Aware": false,
                                          "Async Capable": false,
                                          "Join Type": "Inner",
                                          "Startup Cost": 448.43,
                                          "Total Cost": 15628.99,
                                          "Plan Rows": 22043,
                                          "Plan Width": 26,
                                          "Output": [
                                            "part.p_partkey",
                                            "partsupp.ps_supplycost",
                                            "partsupp.ps_suppkey",
                                            "partsupp.ps_partkey",
                                            "supplier.s_suppkey",
                                            "supplier.s_nationkey"
                                          ],
                                          "Inner Unique": true,
                                          "Hash Cond": "(partsupp.ps_suppkey = supplier.s_suppkey)",
                                          "Plans": [
                                            {
                                              "Node Type": "Nested Loop",
                                              "Parent Relationship": "Outer",
                                              "Parallel Aware": false,
                                              "Async Capable": false,
                                              "Join Type": "Inner",
                                              "Startup Cost": 0.42,
                                              "Total Cost": 15123.11,
                                              "Plan Rows": 22043,
                                              "Plan Width": 18,
                                              "Output": [
                                                "part.p_partkey",
                                                "partsupp.ps_supplycost",
                                                "partsupp.ps_suppkey",
                                                "partsupp.ps_partkey"
                                              ],
                                              "Inner Unique": false,
                                              "Plans": [
                                                {
                                                  "Node Type": "Seq Scan",
                                                  "Parent Relationship": "Outer",
                                                  "Parallel Aware": true,
                                                  "Async Capable": false,
                                                  "Relation Name": "part",
                                                  "Schema": "public",
                                                  "Alias": "part",
                                                  "Startup Cost": 0.0,
                                                  "Total Cost": 5169.67,
                                                  "Plan Rows": 5511,
                                                  "Plan Width": 4,
                                                  "Output": [
                                                    "part.p_partkey",
                                                    "part.p_name",
                                                    "part.p_mfgr",
                                                    "part.p_brand",
                                                    "part.p_type",
                                                    "part.p_size",
                                                    "part.p_container",
                                                    "part.p_retailprice",
                                                    "part.p_comment"
                                                  ],
                                                  "Filter": "((part.p_name)::text ~~ '%burlywood%'::text)"
                                                },
                                                {
                                                  "Node Type": "Index Scan",
                                                  "Parent Relationship": "Inner",
                                                  "Parallel Aware": false,
                                                  "Async Capable": false,
                                                  "Scan Direction": "Forward",
                                                  "Index Name": "partsupp_pkey",
                                                  "Relation Name": "partsupp",
                                                  "Schema": "public",
                                                  "Alias": "partsupp",
                                                  "Startup Cost": 0.42,
                                                  "Total Cost": 1.77,
                                                  "Plan Rows": 4,
                                                  "Plan Width": 14,
                                                  "Output": [
                                                    "partsupp.ps_partkey",
                                                    "partsupp.ps_suppkey",
                                                    "partsupp.ps_availqty",
                                                    "partsupp.ps_supplycost",
                                                    "partsupp.ps_comment"
                                                  ],
                                                  "Index Cond": "(partsupp.ps_partkey = part.p_partkey)"
                                                }
                                              ]
                                            },
                                            {
                                              "Node Type": "Hash",
                                              "Parent Relationship": "Inner",
                                              "Parallel Aware": false,
                                              "Async Capable": false,
                                              "Startup Cost": 323.0,
                                              "Total Cost": 323.0,
                                              "Plan Rows": 10000,
                                              "Plan Width": 8,
                                              "Output": [
                                                "supplier.s_suppkey",
                                                "supplier.s_nationkey"
                                              ],
                                              "Plans": [
                                                {
                                                  "Node Type": "Seq Scan",
                                                  "Parent Relationship": "Outer",
                                                  "Parallel Aware": false,
                                                  "Async Capable": false,
                                                  "Relation Name": "supplier",
                                                  "Schema": "public",
                                                  "Alias": "supplier",
                                                  "Startup Cost": 0.0,
                                                  "Total Cost": 323.0,
                                                  "Plan Rows": 10000,
                                                  "Plan Width": 8,
                                                  "Output": [
                                                    "supplier.s_suppkey",
                                                    "supplier.s_nationkey"
                                                  ]
                                                }
                                              ]
                                            }
                                          ]
                                        },
                                        {
                                          "Node Type": "Hash",
                                          "Parent Relationship": "Inner",
                                          "Parallel Aware": false,
                                          "Async Capable": false,
                                          "Startup Cost": 1.25,
                                          "Total Cost": 1.25,
                                          "Plan Rows": 25,
                                          "Plan Width": 108,
                                          "Output": [
                                            "nation.n_name",
                                            "nation.n_nationkey"
                                          ],
                                          "Plans": [
                                            {
                                              "Node Type": "Seq Scan",
                                              "Parent Relationship": "Outer",
                                              "Parallel Aware": false,
                                              "Async Capable": false,
                                              "Relation Name": "nation",
                                              "Schema": "public",
                                              "Alias": "nation",
                                              "Startup Cost": 0.0,
                                              "Total Cost": 1.25,
                                              "Plan Rows": 25,
                                              "Plan Width": 108,
                                              "Output": [
                                                "nation.n_name",
                                                "nation.n_nationkey"
                                              ]
                                            }
                                          ]
                                        }
                                      ]
                                    }
                                  ]
                                }
                              ]
                            }
                          ]
                        }
                      ]
                    }
                  ]
                }
              ]
            }
          ]
        }
      ]
    },
    "JIT": {
      "Functions": 48,
      "Options": {
        "Inlining": false,
        "Optimization": false,
        "Expressions": true,
        "Deforming": true
      }
    }
  }
]
```

---

## 110. Q9_63_seed_508649922.sql

**File Path:** `/Users/brunowinter2000/Documents/Thesis/2025_2026/Plan-Level/Generated_Queries/Q9/Q9_63_seed_508649922.sql`

### EXPLAIN JSON

```json
[
  {
    "Plan": {
      "Node Type": "Sort",
      "Parallel Aware": false,
      "Async Capable": false,
      "Startup Cost": 222478.18,
      "Total Cost": 222628.55,
      "Plan Rows": 60150,
      "Plan Width": 168,
      "Output": [
        "nation.n_name",
        "(EXTRACT(year FROM orders.o_orderdate))",
        "(sum(((lineitem.l_extendedprice * ('1'::numeric - lineitem.l_discount)) - (partsupp.ps_supplycost * lineitem.l_quantity))))"
      ],
      "Sort Key": [
        "nation.n_name",
        "(EXTRACT(year FROM orders.o_orderdate)) DESC"
      ],
      "Plans": [
        {
          "Node Type": "Aggregate",
          "Strategy": "Hashed",
          "Partial Mode": "Finalize",
          "Parent Relationship": "Outer",
          "Parallel Aware": false,
          "Async Capable": false,
          "Startup Cost": 216801.14,
          "Total Cost": 217703.39,
          "Plan Rows": 60150,
          "Plan Width": 168,
          "Output": [
            "nation.n_name",
            "(EXTRACT(year FROM orders.o_orderdate))",
            "sum(((lineitem.l_extendedprice * ('1'::numeric - lineitem.l_discount)) - (partsupp.ps_supplycost * lineitem.l_quantity)))"
          ],
          "Group Key": [
            "nation.n_name",
            "(EXTRACT(year FROM orders.o_orderdate))"
          ],
          "Planned Partitions": 0,
          "Plans": [
            {
              "Node Type": "Gather",
              "Parent Relationship": "Outer",
              "Parallel Aware": false,
              "Async Capable": false,
              "Startup Cost": 182816.39,
              "Total Cost": 213793.64,
              "Plan Rows": 300750,
              "Plan Width": 168,
              "Output": [
                "nation.n_name",
                "(EXTRACT(year FROM orders.o_orderdate))",
                "(PARTIAL sum(((lineitem.l_extendedprice * ('1'::numeric - lineitem.l_discount)) - (partsupp.ps_supplycost * lineitem.l_quantity))))"
              ],
              "Workers Planned": 5,
              "Single Copy": false,
              "Plans": [
                {
                  "Node Type": "Aggregate",
                  "Strategy": "Hashed",
                  "Partial Mode": "Partial",
                  "Parent Relationship": "Outer",
                  "Parallel Aware": false,
                  "Async Capable": false,
                  "Startup Cost": 181816.39,
                  "Total Cost": 182718.64,
                  "Plan Rows": 60150,
                  "Plan Width": 168,
                  "Output": [
                    "nation.n_name",
                    "(EXTRACT(year FROM orders.o_orderdate))",
                    "PARTIAL sum(((lineitem.l_extendedprice * ('1'::numeric - lineitem.l_discount)) - (partsupp.ps_supplycost * lineitem.l_quantity)))"
                  ],
                  "Group Key": [
                    "nation.n_name",
                    "EXTRACT(year FROM orders.o_orderdate)"
                  ],
                  "Planned Partitions": 0,
                  "Plans": [
                    {
                      "Node Type": "Nested Loop",
                      "Parent Relationship": "Outer",
                      "Parallel Aware": false,
                      "Async Capable": false,
                      "Join Type": "Inner",
                      "Startup Cost": 15390.98,
                      "Total Cost": 180595.73,
                      "Plan Rows": 69752,
                      "Plan Width": 159,
                      "Output": [
                        "nation.n_name",
                        "EXTRACT(year FROM orders.o_orderdate)",
                        "lineitem.l_extendedprice",
                        "lineitem.l_discount",
                        "partsupp.ps_supplycost",
                        "lineitem.l_quantity"
                      ],
                      "Inner Unique": true,
                      "Plans": [
                        {
                          "Node Type": "Hash Join",
                          "Parent Relationship": "Outer",
                          "Parallel Aware": true,
                          "Async Capable": false,
                          "Join Type": "Inner",
                          "Startup Cost": 15390.55,
                          "Total Cost": 148994.93,
                          "Plan Rows": 69752,
                          "Plan Width": 131,
                          "Output": [
                            "lineitem.l_extendedprice",
                            "lineitem.l_discount",
                            "lineitem.l_quantity",
                            "lineitem.l_orderkey",
                            "partsupp.ps_supplycost",
                            "nation.n_name"
                          ],
                          "Inner Unique": false,
                          "Hash Cond": "((lineitem.l_suppkey = supplier.s_suppkey) AND (lineitem.l_partkey = partsupp.ps_partkey))",
                          "Plans": [
                            {
                              "Node Type": "Seq Scan",
                              "Parent Relationship": "Outer",
                              "Parallel Aware": true,
                              "Async Capable": false,
                              "Relation Name": "lineitem",
                              "Schema": "public",
                              "Alias": "lineitem",
                              "Startup Cost": 0.0,
                              "Total Cost": 124602.43,
                              "Plan Rows": 1200243,
                              "Plan Width": 29,
                              "Output": [
                                "lineitem.l_orderkey",
                                "lineitem.l_partkey",
                                "lineitem.l_suppkey",
                                "lineitem.l_linenumber",
                                "lineitem.l_quantity",
                                "lineitem.l_extendedprice",
                                "lineitem.l_discount",
                                "lineitem.l_tax",
                                "lineitem.l_returnflag",
                                "lineitem.l_linestatus",
                                "lineitem.l_shipdate",
                                "lineitem.l_commitdate",
                                "lineitem.l_receiptdate",
                                "lineitem.l_shipinstruct",
                                "lineitem.l_shipmode",
                                "lineitem.l_comment"
                              ]
                            },
                            {
                              "Node Type": "Hash",
                              "Parent Relationship": "Inner",
                              "Parallel Aware": true,
                              "Async Capable": false,
                              "Startup Cost": 15099.97,
                              "Total Cost": 15099.97,
                              "Plan Rows": 19372,
                              "Plan Width": 126,
                              "Output": [
                                "part.p_partkey",
                                "partsupp.ps_supplycost",
                                "partsupp.ps_suppkey",
                                "partsupp.ps_partkey",
                                "supplier.s_suppkey",
                                "nation.n_name"
                              ],
                              "Plans": [
                                {
                                  "Node Type": "Hash Join",
                                  "Parent Relationship": "Outer",
                                  "Parallel Aware": false,
                                  "Async Capable": false,
                                  "Join Type": "Inner",
                                  "Startup Cost": 449.99,
                                  "Total Cost": 15099.97,
                                  "Plan Rows": 19372,
                                  "Plan Width": 126,
                                  "Output": [
                                    "part.p_partkey",
                                    "partsupp.ps_supplycost",
                                    "partsupp.ps_suppkey",
                                    "partsupp.ps_partkey",
                                    "supplier.s_suppkey",
                                    "nation.n_name"
                                  ],
                                  "Inner Unique": true,
                                  "Hash Cond": "(supplier.s_nationkey = nation.n_nationkey)",
                                  "Plans": [
                                    {
                                      "Node Type": "Hash Join",
                                      "Parent Relationship": "Outer",
                                      "Parallel Aware": false,
                                      "Async Capable": false,
                                      "Join Type": "Inner",
                                      "Startup Cost": 448.43,
                                      "Total Cost": 15038.94,
                                      "Plan Rows": 19372,
                                      "Plan Width": 26,
                                      "Output": [
                                        "part.p_partkey",
                                        "partsupp.ps_supplycost",
                                        "partsupp.ps_suppkey",
                                        "partsupp.ps_partkey",
                                        "supplier.s_suppkey",
                                        "supplier.s_nationkey"
                                      ],
                                      "Inner Unique": true,
                                      "Hash Cond": "(partsupp.ps_suppkey = supplier.s_suppkey)",
                                      "Plans": [
                                        {
                                          "Node Type": "Nested Loop",
                                          "Parent Relationship": "Outer",
                                          "Parallel Aware": false,
                                          "Async Capable": false,
                                          "Join Type": "Inner",
                                          "Startup Cost": 0.42,
                                          "Total Cost": 14540.06,
                                          "Plan Rows": 19372,
                                          "Plan Width": 18,
                                          "Output": [
                                            "part.p_partkey",
                                            "partsupp.ps_supplycost",
                                            "partsupp.ps_suppkey",
                                            "partsupp.ps_partkey"
                                          ],
                                          "Inner Unique": false,
                                          "Plans": [
                                            {
                                              "Node Type": "Seq Scan",
                                              "Parent Relationship": "Outer",
                                              "Parallel Aware": true,
                                              "Async Capable": false,
                                              "Relation Name": "part",
                                              "Schema": "public",
                                              "Alias": "part",
                                              "Startup Cost": 0.0,
                                              "Total Cost": 5169.67,
                                              "Plan Rows": 4843,
                                              "Plan Width": 4,
                                              "Output": [
                                                "part.p_partkey",
                                                "part.p_name",
                                                "part.p_mfgr",
                                                "part.p_brand",
                                                "part.p_type",
                                                "part.p_size",
                                                "part.p_container",
                                                "part.p_retailprice",
                                                "part.p_comment"
                                              ],
                                              "Filter": "((part.p_name)::text ~~ '%navy%'::text)"
                                            },
                                            {
                                              "Node Type": "Index Scan",
                                              "Parent Relationship": "Inner",
                                              "Parallel Aware": false,
                                              "Async Capable": false,
                                              "Scan Direction": "Forward",
                                              "Index Name": "partsupp_pkey",
                                              "Relation Name": "partsupp",
                                              "Schema": "public",
                                              "Alias": "partsupp",
                                              "Startup Cost": 0.42,
                                              "Total Cost": 1.89,
                                              "Plan Rows": 4,
                                              "Plan Width": 14,
                                              "Output": [
                                                "partsupp.ps_partkey",
                                                "partsupp.ps_suppkey",
                                                "partsupp.ps_availqty",
                                                "partsupp.ps_supplycost",
                                                "partsupp.ps_comment"
                                              ],
                                              "Index Cond": "(partsupp.ps_partkey = part.p_partkey)"
                                            }
                                          ]
                                        },
                                        {
                                          "Node Type": "Hash",
                                          "Parent Relationship": "Inner",
                                          "Parallel Aware": false,
                                          "Async Capable": false,
                                          "Startup Cost": 323.0,
                                          "Total Cost": 323.0,
                                          "Plan Rows": 10000,
                                          "Plan Width": 8,
                                          "Output": [
                                            "supplier.s_suppkey",
                                            "supplier.s_nationkey"
                                          ],
                                          "Plans": [
                                            {
                                              "Node Type": "Seq Scan",
                                              "Parent Relationship": "Outer",
                                              "Parallel Aware": false,
                                              "Async Capable": false,
                                              "Relation Name": "supplier",
                                              "Schema": "public",
                                              "Alias": "supplier",
                                              "Startup Cost": 0.0,
                                              "Total Cost": 323.0,
                                              "Plan Rows": 10000,
                                              "Plan Width": 8,
                                              "Output": [
                                                "supplier.s_suppkey",
                                                "supplier.s_nationkey"
                                              ]
                                            }
                                          ]
                                        }
                                      ]
                                    },
                                    {
                                      "Node Type": "Hash",
                                      "Parent Relationship": "Inner",
                                      "Parallel Aware": false,
                                      "Async Capable": false,
                                      "Startup Cost": 1.25,
                                      "Total Cost": 1.25,
                                      "Plan Rows": 25,
                                      "Plan Width": 108,
                                      "Output": [
                                        "nation.n_name",
                                        "nation.n_nationkey"
                                      ],
                                      "Plans": [
                                        {
                                          "Node Type": "Seq Scan",
                                          "Parent Relationship": "Outer",
                                          "Parallel Aware": false,
                                          "Async Capable": false,
                                          "Relation Name": "nation",
                                          "Schema": "public",
                                          "Alias": "nation",
                                          "Startup Cost": 0.0,
                                          "Total Cost": 1.25,
                                          "Plan Rows": 25,
                                          "Plan Width": 108,
                                          "Output": [
                                            "nation.n_name",
                                            "nation.n_nationkey"
                                          ]
                                        }
                                      ]
                                    }
                                  ]
                                }
                              ]
                            }
                          ]
                        },
                        {
                          "Node Type": "Index Scan",
                          "Parent Relationship": "Inner",
                          "Parallel Aware": false,
                          "Async Capable": false,
                          "Scan Direction": "Forward",
                          "Index Name": "orders_pkey",
                          "Relation Name": "orders",
                          "Schema": "public",
                          "Alias": "orders",
                          "Startup Cost": 0.43,
                          "Total Cost": 0.45,
                          "Plan Rows": 1,
                          "Plan Width": 8,
                          "Output": [
                            "orders.o_orderkey",
                            "orders.o_custkey",
                            "orders.o_orderstatus",
                            "orders.o_totalprice",
                            "orders.o_orderdate",
                            "orders.o_orderpriority",
                            "orders.o_clerk",
                            "orders.o_shippriority",
                            "orders.o_comment"
                          ],
                          "Index Cond": "(orders.o_orderkey = lineitem.l_orderkey)"
                        }
                      ]
                    }
                  ]
                }
              ]
            }
          ]
        }
      ]
    },
    "JIT": {
      "Functions": 43,
      "Options": {
        "Inlining": false,
        "Optimization": false,
        "Expressions": true,
        "Deforming": true
      }
    }
  }
]
```

---

## 111. Q9_64_seed_516853953.sql

**File Path:** `/Users/brunowinter2000/Documents/Thesis/2025_2026/Plan-Level/Generated_Queries/Q9/Q9_64_seed_516853953.sql`

### EXPLAIN JSON

```json
[
  {
    "Plan": {
      "Node Type": "Sort",
      "Parallel Aware": false,
      "Async Capable": false,
      "Startup Cost": 217286.99,
      "Total Cost": 217437.37,
      "Plan Rows": 60150,
      "Plan Width": 168,
      "Output": [
        "nation.n_name",
        "(EXTRACT(year FROM orders.o_orderdate))",
        "(sum(((lineitem.l_extendedprice * ('1'::numeric - lineitem.l_discount)) - (partsupp.ps_supplycost * lineitem.l_quantity))))"
      ],
      "Sort Key": [
        "nation.n_name",
        "(EXTRACT(year FROM orders.o_orderdate)) DESC"
      ],
      "Plans": [
        {
          "Node Type": "Aggregate",
          "Strategy": "Hashed",
          "Partial Mode": "Finalize",
          "Parent Relationship": "Outer",
          "Parallel Aware": false,
          "Async Capable": false,
          "Startup Cost": 211609.95,
          "Total Cost": 212512.2,
          "Plan Rows": 60150,
          "Plan Width": 168,
          "Output": [
            "nation.n_name",
            "(EXTRACT(year FROM orders.o_orderdate))",
            "sum(((lineitem.l_extendedprice * ('1'::numeric - lineitem.l_discount)) - (partsupp.ps_supplycost * lineitem.l_quantity)))"
          ],
          "Group Key": [
            "nation.n_name",
            "(EXTRACT(year FROM orders.o_orderdate))"
          ],
          "Planned Partitions": 0,
          "Plans": [
            {
              "Node Type": "Gather",
              "Parent Relationship": "Outer",
              "Parallel Aware": false,
              "Async Capable": false,
              "Startup Cost": 177635.37,
              "Total Cost": 208603.35,
              "Plan Rows": 300660,
              "Plan Width": 168,
              "Output": [
                "nation.n_name",
                "(EXTRACT(year FROM orders.o_orderdate))",
                "(PARTIAL sum(((lineitem.l_extendedprice * ('1'::numeric - lineitem.l_discount)) - (partsupp.ps_supplycost * lineitem.l_quantity))))"
              ],
              "Workers Planned": 5,
              "Single Copy": false,
              "Plans": [
                {
                  "Node Type": "Aggregate",
                  "Strategy": "Hashed",
                  "Partial Mode": "Partial",
                  "Parent Relationship": "Outer",
                  "Parallel Aware": false,
                  "Async Capable": false,
                  "Startup Cost": 176635.37,
                  "Total Cost": 177537.35,
                  "Plan Rows": 60132,
                  "Plan Width": 168,
                  "Output": [
                    "nation.n_name",
                    "(EXTRACT(year FROM orders.o_orderdate))",
                    "PARTIAL sum(((lineitem.l_extendedprice * ('1'::numeric - lineitem.l_discount)) - (partsupp.ps_supplycost * lineitem.l_quantity)))"
                  ],
                  "Group Key": [
                    "nation.n_name",
                    "EXTRACT(year FROM orders.o_orderdate)"
                  ],
                  "Planned Partitions": 0,
                  "Plans": [
                    {
                      "Node Type": "Nested Loop",
                      "Parent Relationship": "Outer",
                      "Parallel Aware": false,
                      "Async Capable": false,
                      "Join Type": "Inner",
                      "Startup Cost": 14736.63,
                      "Total Cost": 175583.06,
                      "Plan Rows": 60132,
                      "Plan Width": 159,
                      "Output": [
                        "nation.n_name",
                        "EXTRACT(year FROM orders.o_orderdate)",
                        "lineitem.l_extendedprice",
                        "lineitem.l_discount",
                        "partsupp.ps_supplycost",
                        "lineitem.l_quantity"
                      ],
                      "Inner Unique": true,
                      "Plans": [
                        {
                          "Node Type": "Hash Join",
                          "Parent Relationship": "Outer",
                          "Parallel Aware": true,
                          "Async Capable": false,
                          "Join Type": "Inner",
                          "Startup Cost": 14736.2,
                          "Total Cost": 148340.56,
                          "Plan Rows": 60132,
                          "Plan Width": 131,
                          "Output": [
                            "lineitem.l_extendedprice",
                            "lineitem.l_discount",
                            "lineitem.l_quantity",
                            "lineitem.l_orderkey",
                            "partsupp.ps_supplycost",
                            "nation.n_name"
                          ],
                          "Inner Unique": false,
                          "Hash Cond": "((lineitem.l_suppkey = supplier.s_suppkey) AND (lineitem.l_partkey = partsupp.ps_partkey))",
                          "Plans": [
                            {
                              "Node Type": "Seq Scan",
                              "Parent Relationship": "Outer",
                              "Parallel Aware": true,
                              "Async Capable": false,
                              "Relation Name": "lineitem",
                              "Schema": "public",
                              "Alias": "lineitem",
                              "Startup Cost": 0.0,
                              "Total Cost": 124602.43,
                              "Plan Rows": 1200243,
                              "Plan Width": 29,
                              "Output": [
                                "lineitem.l_orderkey",
                                "lineitem.l_partkey",
                                "lineitem.l_suppkey",
                                "lineitem.l_linenumber",
                                "lineitem.l_quantity",
                                "lineitem.l_extendedprice",
                                "lineitem.l_discount",
                                "lineitem.l_tax",
                                "lineitem.l_returnflag",
                                "lineitem.l_linestatus",
                                "lineitem.l_shipdate",
                                "lineitem.l_commitdate",
                                "lineitem.l_receiptdate",
                                "lineitem.l_shipinstruct",
                                "lineitem.l_shipmode",
                                "lineitem.l_comment"
                              ]
                            },
                            {
                              "Node Type": "Hash",
                              "Parent Relationship": "Inner",
                              "Parallel Aware": true,
                              "Async Capable": false,
                              "Startup Cost": 14485.7,
                              "Total Cost": 14485.7,
                              "Plan Rows": 16700,
                              "Plan Width": 126,
                              "Output": [
                                "part.p_partkey",
                                "partsupp.ps_supplycost",
                                "partsupp.ps_suppkey",
                                "partsupp.ps_partkey",
                                "supplier.s_suppkey",
                                "nation.n_name"
                              ],
                              "Plans": [
                                {
                                  "Node Type": "Hash Join",
                                  "Parent Relationship": "Outer",
                                  "Parallel Aware": false,
                                  "Async Capable": false,
                                  "Join Type": "Inner",
                                  "Startup Cost": 449.99,
                                  "Total Cost": 14485.7,
                                  "Plan Rows": 16700,
                                  "Plan Width": 126,
                                  "Output": [
                                    "part.p_partkey",
                                    "partsupp.ps_supplycost",
                                    "partsupp.ps_suppkey",
                                    "partsupp.ps_partkey",
                                    "supplier.s_suppkey",
                                    "nation.n_name"
                                  ],
                                  "Inner Unique": true,
                                  "Hash Cond": "(supplier.s_nationkey = nation.n_nationkey)",
                                  "Plans": [
                                    {
                                      "Node Type": "Hash Join",
                                      "Parent Relationship": "Outer",
                                      "Parallel Aware": false,
                                      "Async Capable": false,
                                      "Join Type": "Inner",
                                      "Startup Cost": 448.43,
                                      "Total Cost": 14432.87,
                                      "Plan Rows": 16700,
                                      "Plan Width": 26,
                                      "Output": [
                                        "part.p_partkey",
                                        "partsupp.ps_supplycost",
                                        "partsupp.ps_suppkey",
                                        "partsupp.ps_partkey",
                                        "supplier.s_suppkey",
                                        "supplier.s_nationkey"
                                      ],
                                      "Inner Unique": true,
                                      "Hash Cond": "(partsupp.ps_suppkey = supplier.s_suppkey)",
                                      "Plans": [
                                        {
                                          "Node Type": "Nested Loop",
                                          "Parent Relationship": "Outer",
                                          "Parallel Aware": false,
                                          "Async Capable": false,
                                          "Join Type": "Inner",
                                          "Startup Cost": 0.42,
                                          "Total Cost": 13941.01,
                                          "Plan Rows": 16700,
                                          "Plan Width": 18,
                                          "Output": [
                                            "part.p_partkey",
                                            "partsupp.ps_supplycost",
                                            "partsupp.ps_suppkey",
                                            "partsupp.ps_partkey"
                                          ],
                                          "Inner Unique": false,
                                          "Plans": [
                                            {
                                              "Node Type": "Seq Scan",
                                              "Parent Relationship": "Outer",
                                              "Parallel Aware": true,
                                              "Async Capable": false,
                                              "Relation Name": "part",
                                              "Schema": "public",
                                              "Alias": "part",
                                              "Startup Cost": 0.0,
                                              "Total Cost": 5169.67,
                                              "Plan Rows": 4175,
                                              "Plan Width": 4,
                                              "Output": [
                                                "part.p_partkey",
                                                "part.p_name",
                                                "part.p_mfgr",
                                                "part.p_brand",
                                                "part.p_type",
                                                "part.p_size",
                                                "part.p_container",
                                                "part.p_retailprice",
                                                "part.p_comment"
                                              ],
                                              "Filter": "((part.p_name)::text ~~ '%blush%'::text)"
                                            },
                                            {
                                              "Node Type": "Index Scan",
                                              "Parent Relationship": "Inner",
                                              "Parallel Aware": false,
                                              "Async Capable": false,
                                              "Scan Direction": "Forward",
                                              "Index Name": "partsupp_pkey",
                                              "Relation Name": "partsupp",
                                              "Schema": "public",
                                              "Alias": "partsupp",
                                              "Startup Cost": 0.42,
                                              "Total Cost": 2.06,
                                              "Plan Rows": 4,
                                              "Plan Width": 14,
                                              "Output": [
                                                "partsupp.ps_partkey",
                                                "partsupp.ps_suppkey",
                                                "partsupp.ps_availqty",
                                                "partsupp.ps_supplycost",
                                                "partsupp.ps_comment"
                                              ],
                                              "Index Cond": "(partsupp.ps_partkey = part.p_partkey)"
                                            }
                                          ]
                                        },
                                        {
                                          "Node Type": "Hash",
                                          "Parent Relationship": "Inner",
                                          "Parallel Aware": false,
                                          "Async Capable": false,
                                          "Startup Cost": 323.0,
                                          "Total Cost": 323.0,
                                          "Plan Rows": 10000,
                                          "Plan Width": 8,
                                          "Output": [
                                            "supplier.s_suppkey",
                                            "supplier.s_nationkey"
                                          ],
                                          "Plans": [
                                            {
                                              "Node Type": "Seq Scan",
                                              "Parent Relationship": "Outer",
                                              "Parallel Aware": false,
                                              "Async Capable": false,
                                              "Relation Name": "supplier",
                                              "Schema": "public",
                                              "Alias": "supplier",
                                              "Startup Cost": 0.0,
                                              "Total Cost": 323.0,
                                              "Plan Rows": 10000,
                                              "Plan Width": 8,
                                              "Output": [
                                                "supplier.s_suppkey",
                                                "supplier.s_nationkey"
                                              ]
                                            }
                                          ]
                                        }
                                      ]
                                    },
                                    {
                                      "Node Type": "Hash",
                                      "Parent Relationship": "Inner",
                                      "Parallel Aware": false,
                                      "Async Capable": false,
                                      "Startup Cost": 1.25,
                                      "Total Cost": 1.25,
                                      "Plan Rows": 25,
                                      "Plan Width": 108,
                                      "Output": [
                                        "nation.n_name",
                                        "nation.n_nationkey"
                                      ],
                                      "Plans": [
                                        {
                                          "Node Type": "Seq Scan",
                                          "Parent Relationship": "Outer",
                                          "Parallel Aware": false,
                                          "Async Capable": false,
                                          "Relation Name": "nation",
                                          "Schema": "public",
                                          "Alias": "nation",
                                          "Startup Cost": 0.0,
                                          "Total Cost": 1.25,
                                          "Plan Rows": 25,
                                          "Plan Width": 108,
                                          "Output": [
                                            "nation.n_name",
                                            "nation.n_nationkey"
                                          ]
                                        }
                                      ]
                                    }
                                  ]
                                }
                              ]
                            }
                          ]
                        },
                        {
                          "Node Type": "Index Scan",
                          "Parent Relationship": "Inner",
                          "Parallel Aware": false,
                          "Async Capable": false,
                          "Scan Direction": "Forward",
                          "Index Name": "orders_pkey",
                          "Relation Name": "orders",
                          "Schema": "public",
                          "Alias": "orders",
                          "Startup Cost": 0.43,
                          "Total Cost": 0.45,
                          "Plan Rows": 1,
                          "Plan Width": 8,
                          "Output": [
                            "orders.o_orderkey",
                            "orders.o_custkey",
                            "orders.o_orderstatus",
                            "orders.o_totalprice",
                            "orders.o_orderdate",
                            "orders.o_orderpriority",
                            "orders.o_clerk",
                            "orders.o_shippriority",
                            "orders.o_comment"
                          ],
                          "Index Cond": "(orders.o_orderkey = lineitem.l_orderkey)"
                        }
                      ]
                    }
                  ]
                }
              ]
            }
          ]
        }
      ]
    },
    "JIT": {
      "Functions": 43,
      "Options": {
        "Inlining": false,
        "Optimization": false,
        "Expressions": true,
        "Deforming": true
      }
    }
  }
]
```

---

## 112. Q9_65_seed_525057984.sql

**File Path:** `/Users/brunowinter2000/Documents/Thesis/2025_2026/Plan-Level/Generated_Queries/Q9/Q9_65_seed_525057984.sql`

### EXPLAIN JSON

```json
[
  {
    "Plan": {
      "Node Type": "Sort",
      "Parallel Aware": false,
      "Async Capable": false,
      "Startup Cost": 211969.48,
      "Total Cost": 212119.85,
      "Plan Rows": 60150,
      "Plan Width": 168,
      "Output": [
        "nation.n_name",
        "(EXTRACT(year FROM orders.o_orderdate))",
        "(sum(((lineitem.l_extendedprice * ('1'::numeric - lineitem.l_discount)) - (partsupp.ps_supplycost * lineitem.l_quantity))))"
      ],
      "Sort Key": [
        "nation.n_name",
        "(EXTRACT(year FROM orders.o_orderdate)) DESC"
      ],
      "Plans": [
        {
          "Node Type": "Aggregate",
          "Strategy": "Hashed",
          "Partial Mode": "Finalize",
          "Parent Relationship": "Outer",
          "Parallel Aware": false,
          "Async Capable": false,
          "Startup Cost": 206292.44,
          "Total Cost": 207194.69,
          "Plan Rows": 60150,
          "Plan Width": 168,
          "Output": [
            "nation.n_name",
            "(EXTRACT(year FROM orders.o_orderdate))",
            "sum(((lineitem.l_extendedprice * ('1'::numeric - lineitem.l_discount)) - (partsupp.ps_supplycost * lineitem.l_quantity)))"
          ],
          "Group Key": [
            "nation.n_name",
            "(EXTRACT(year FROM orders.o_orderdate))"
          ],
          "Planned Partitions": 0,
          "Plans": [
            {
              "Node Type": "Gather",
              "Parent Relationship": "Outer",
              "Parallel Aware": false,
              "Async Capable": false,
              "Startup Cost": 175037.2,
              "Total Cost": 203526.49,
              "Plan Rows": 276595,
              "Plan Width": 168,
              "Output": [
                "nation.n_name",
                "(EXTRACT(year FROM orders.o_orderdate))",
                "(PARTIAL sum(((lineitem.l_extendedprice * ('1'::numeric - lineitem.l_discount)) - (partsupp.ps_supplycost * lineitem.l_quantity))))"
              ],
              "Workers Planned": 5,
              "Single Copy": false,
              "Plans": [
                {
                  "Node Type": "Aggregate",
                  "Strategy": "Hashed",
                  "Partial Mode": "Partial",
                  "Parent Relationship": "Outer",
                  "Parallel Aware": false,
                  "Async Capable": false,
                  "Startup Cost": 174037.2,
                  "Total Cost": 174866.99,
                  "Plan Rows": 55319,
                  "Plan Width": 168,
                  "Output": [
                    "nation.n_name",
                    "(EXTRACT(year FROM orders.o_orderdate))",
                    "PARTIAL sum(((lineitem.l_extendedprice * ('1'::numeric - lineitem.l_discount)) - (partsupp.ps_supplycost * lineitem.l_quantity)))"
                  ],
                  "Group Key": [
                    "nation.n_name",
                    "EXTRACT(year FROM orders.o_orderdate)"
                  ],
                  "Planned Partitions": 0,
                  "Plans": [
                    {
                      "Node Type": "Nested Loop",
                      "Parent Relationship": "Outer",
                      "Parallel Aware": false,
                      "Async Capable": false,
                      "Join Type": "Inner",
                      "Startup Cost": 14403.2,
                      "Total Cost": 173069.12,
                      "Plan Rows": 55319,
                      "Plan Width": 159,
                      "Output": [
                        "nation.n_name",
                        "EXTRACT(year FROM orders.o_orderdate)",
                        "lineitem.l_extendedprice",
                        "lineitem.l_discount",
                        "partsupp.ps_supplycost",
                        "lineitem.l_quantity"
                      ],
                      "Inner Unique": true,
                      "Plans": [
                        {
                          "Node Type": "Hash Join",
                          "Parent Relationship": "Outer",
                          "Parallel Aware": true,
                          "Async Capable": false,
                          "Join Type": "Inner",
                          "Startup Cost": 14402.78,
                          "Total Cost": 148007.12,
                          "Plan Rows": 55319,
                          "Plan Width": 131,
                          "Output": [
                            "lineitem.l_extendedprice",
                            "lineitem.l_discount",
                            "lineitem.l_quantity",
                            "lineitem.l_orderkey",
                            "partsupp.ps_supplycost",
                            "nation.n_name"
                          ],
                          "Inner Unique": false,
                          "Hash Cond": "((lineitem.l_suppkey = supplier.s_suppkey) AND (lineitem.l_partkey = partsupp.ps_partkey))",
                          "Plans": [
                            {
                              "Node Type": "Seq Scan",
                              "Parent Relationship": "Outer",
                              "Parallel Aware": true,
                              "Async Capable": false,
                              "Relation Name": "lineitem",
                              "Schema": "public",
                              "Alias": "lineitem",
                              "Startup Cost": 0.0,
                              "Total Cost": 124602.43,
                              "Plan Rows": 1200243,
                              "Plan Width": 29,
                              "Output": [
                                "lineitem.l_orderkey",
                                "lineitem.l_partkey",
                                "lineitem.l_suppkey",
                                "lineitem.l_linenumber",
                                "lineitem.l_quantity",
                                "lineitem.l_extendedprice",
                                "lineitem.l_discount",
                                "lineitem.l_tax",
                                "lineitem.l_returnflag",
                                "lineitem.l_linestatus",
                                "lineitem.l_shipdate",
                                "lineitem.l_commitdate",
                                "lineitem.l_receiptdate",
                                "lineitem.l_shipinstruct",
                                "lineitem.l_shipmode",
                                "lineitem.l_comment"
                              ]
                            },
                            {
                              "Node Type": "Hash",
                              "Parent Relationship": "Inner",
                              "Parallel Aware": true,
                              "Async Capable": false,
                              "Startup Cost": 14172.33,
                              "Total Cost": 14172.33,
                              "Plan Rows": 15363,
                              "Plan Width": 126,
                              "Output": [
                                "part.p_partkey",
                                "partsupp.ps_supplycost",
                                "partsupp.ps_suppkey",
                                "partsupp.ps_partkey",
                                "supplier.s_suppkey",
                                "nation.n_name"
                              ],
                              "Plans": [
                                {
                                  "Node Type": "Hash Join",
                                  "Parent Relationship": "Outer",
                                  "Parallel Aware": false,
                                  "Async Capable": false,
                                  "Join Type": "Inner",
                                  "Startup Cost": 449.99,
                                  "Total Cost": 14172.33,
                                  "Plan Rows": 15363,
                                  "Plan Width": 126,
                                  "Output": [
                                    "part.p_partkey",
                                    "partsupp.ps_supplycost",
                                    "partsupp.ps_suppkey",
                                    "partsupp.ps_partkey",
                                    "supplier.s_suppkey",
                                    "nation.n_name"
                                  ],
                                  "Inner Unique": true,
                                  "Hash Cond": "(supplier.s_nationkey = nation.n_nationkey)",
                                  "Plans": [
                                    {
                                      "Node Type": "Hash Join",
                                      "Parent Relationship": "Outer",
                                      "Parallel Aware": false,
                                      "Async Capable": false,
                                      "Join Type": "Inner",
                                      "Startup Cost": 448.43,
                                      "Total Cost": 14123.6,
                                      "Plan Rows": 15363,
                                      "Plan Width": 26,
                                      "Output": [
                                        "part.p_partkey",
                                        "partsupp.ps_supplycost",
                                        "partsupp.ps_suppkey",
                                        "partsupp.ps_partkey",
                                        "supplier.s_suppkey",
                                        "supplier.s_nationkey"
                                      ],
                                      "Inner Unique": true,
                                      "Hash Cond": "(partsupp.ps_suppkey = supplier.s_suppkey)",
                                      "Plans": [
                                        {
                                          "Node Type": "Nested Loop",
                                          "Parent Relationship": "Outer",
                                          "Parallel Aware": false,
                                          "Async Capable": false,
                                          "Join Type": "Inner",
                                          "Startup Cost": 0.42,
                                          "Total Cost": 13635.25,
                                          "Plan Rows": 15363,
                                          "Plan Width": 18,
                                          "Output": [
                                            "part.p_partkey",
                                            "partsupp.ps_supplycost",
                                            "partsupp.ps_suppkey",
                                            "partsupp.ps_partkey"
                                          ],
                                          "Inner Unique": false,
                                          "Plans": [
                                            {
                                              "Node Type": "Seq Scan",
                                              "Parent Relationship": "Outer",
                                              "Parallel Aware": true,
                                              "Async Capable": false,
                                              "Relation Name": "part",
                                              "Schema": "public",
                                              "Alias": "part",
                                              "Startup Cost": 0.0,
                                              "Total Cost": 5169.67,
                                              "Plan Rows": 3841,
                                              "Plan Width": 4,
                                              "Output": [
                                                "part.p_partkey",
                                                "part.p_name",
                                                "part.p_mfgr",
                                                "part.p_brand",
                                                "part.p_type",
                                                "part.p_size",
                                                "part.p_container",
                                                "part.p_retailprice",
                                                "part.p_comment"
                                              ],
                                              "Filter": "((part.p_name)::text ~~ '%navajo%'::text)"
                                            },
                                            {
                                              "Node Type": "Index Scan",
                                              "Parent Relationship": "Inner",
                                              "Parallel Aware": false,
                                              "Async Capable": false,
                                              "Scan Direction": "Forward",
                                              "Index Name": "partsupp_pkey",
                                              "Relation Name": "partsupp",
                                              "Schema": "public",
                                              "Alias": "partsupp",
                                              "Startup Cost": 0.42,
                                              "Total Cost": 2.16,
                                              "Plan Rows": 4,
                                              "Plan Width": 14,
                                              "Output": [
                                                "partsupp.ps_partkey",
                                                "partsupp.ps_suppkey",
                                                "partsupp.ps_availqty",
                                                "partsupp.ps_supplycost",
                                                "partsupp.ps_comment"
                                              ],
                                              "Index Cond": "(partsupp.ps_partkey = part.p_partkey)"
                                            }
                                          ]
                                        },
                                        {
                                          "Node Type": "Hash",
                                          "Parent Relationship": "Inner",
                                          "Parallel Aware": false,
                                          "Async Capable": false,
                                          "Startup Cost": 323.0,
                                          "Total Cost": 323.0,
                                          "Plan Rows": 10000,
                                          "Plan Width": 8,
                                          "Output": [
                                            "supplier.s_suppkey",
                                            "supplier.s_nationkey"
                                          ],
                                          "Plans": [
                                            {
                                              "Node Type": "Seq Scan",
                                              "Parent Relationship": "Outer",
                                              "Parallel Aware": false,
                                              "Async Capable": false,
                                              "Relation Name": "supplier",
                                              "Schema": "public",
                                              "Alias": "supplier",
                                              "Startup Cost": 0.0,
                                              "Total Cost": 323.0,
                                              "Plan Rows": 10000,
                                              "Plan Width": 8,
                                              "Output": [
                                                "supplier.s_suppkey",
                                                "supplier.s_nationkey"
                                              ]
                                            }
                                          ]
                                        }
                                      ]
                                    },
                                    {
                                      "Node Type": "Hash",
                                      "Parent Relationship": "Inner",
                                      "Parallel Aware": false,
                                      "Async Capable": false,
                                      "Startup Cost": 1.25,
                                      "Total Cost": 1.25,
                                      "Plan Rows": 25,
                                      "Plan Width": 108,
                                      "Output": [
                                        "nation.n_name",
                                        "nation.n_nationkey"
                                      ],
                                      "Plans": [
                                        {
                                          "Node Type": "Seq Scan",
                                          "Parent Relationship": "Outer",
                                          "Parallel Aware": false,
                                          "Async Capable": false,
                                          "Relation Name": "nation",
                                          "Schema": "public",
                                          "Alias": "nation",
                                          "Startup Cost": 0.0,
                                          "Total Cost": 1.25,
                                          "Plan Rows": 25,
                                          "Plan Width": 108,
                                          "Output": [
                                            "nation.n_name",
                                            "nation.n_nationkey"
                                          ]
                                        }
                                      ]
                                    }
                                  ]
                                }
                              ]
                            }
                          ]
                        },
                        {
                          "Node Type": "Index Scan",
                          "Parent Relationship": "Inner",
                          "Parallel Aware": false,
                          "Async Capable": false,
                          "Scan Direction": "Forward",
                          "Index Name": "orders_pkey",
                          "Relation Name": "orders",
                          "Schema": "public",
                          "Alias": "orders",
                          "Startup Cost": 0.43,
                          "Total Cost": 0.45,
                          "Plan Rows": 1,
                          "Plan Width": 8,
                          "Output": [
                            "orders.o_orderkey",
                            "orders.o_custkey",
                            "orders.o_orderstatus",
                            "orders.o_totalprice",
                            "orders.o_orderdate",
                            "orders.o_orderpriority",
                            "orders.o_clerk",
                            "orders.o_shippriority",
                            "orders.o_comment"
                          ],
                          "Index Cond": "(orders.o_orderkey = lineitem.l_orderkey)"
                        }
                      ]
                    }
                  ]
                }
              ]
            }
          ]
        }
      ]
    },
    "JIT": {
      "Functions": 43,
      "Options": {
        "Inlining": false,
        "Optimization": false,
        "Expressions": true,
        "Deforming": true
      }
    }
  }
]
```

---

## 113. Q9_66_seed_533262015.sql

**File Path:** `/Users/brunowinter2000/Documents/Thesis/2025_2026/Plan-Level/Generated_Queries/Q9/Q9_66_seed_533262015.sql`

### EXPLAIN JSON

```json
[
  {
    "Plan": {
      "Node Type": "Sort",
      "Parallel Aware": false,
      "Async Capable": false,
      "Startup Cost": 198315.93,
      "Total Cost": 198466.3,
      "Plan Rows": 60150,
      "Plan Width": 168,
      "Output": [
        "nation.n_name",
        "(EXTRACT(year FROM orders.o_orderdate))",
        "(sum(((lineitem.l_extendedprice * ('1'::numeric - lineitem.l_discount)) - (partsupp.ps_supplycost * lineitem.l_quantity))))"
      ],
      "Sort Key": [
        "nation.n_name",
        "(EXTRACT(year FROM orders.o_orderdate)) DESC"
      ],
      "Plans": [
        {
          "Node Type": "Aggregate",
          "Strategy": "Hashed",
          "Partial Mode": "Finalize",
          "Parent Relationship": "Outer",
          "Parallel Aware": false,
          "Async Capable": false,
          "Startup Cost": 192638.89,
          "Total Cost": 193541.14,
          "Plan Rows": 60150,
          "Plan Width": 168,
          "Output": [
            "nation.n_name",
            "(EXTRACT(year FROM orders.o_orderdate))",
            "sum(((lineitem.l_extendedprice * ('1'::numeric - lineitem.l_discount)) - (partsupp.ps_supplycost * lineitem.l_quantity)))"
          ],
          "Group Key": [
            "nation.n_name",
            "(EXTRACT(year FROM orders.o_orderdate))"
          ],
          "Planned Partitions": 0,
          "Plans": [
            {
              "Node Type": "Gather",
              "Parent Relationship": "Outer",
              "Parallel Aware": false,
              "Async Capable": false,
              "Startup Cost": 168178.34,
              "Total Cost": 190474.24,
              "Plan Rows": 216465,
              "Plan Width": 168,
              "Output": [
                "nation.n_name",
                "(EXTRACT(year FROM orders.o_orderdate))",
                "(PARTIAL sum(((lineitem.l_extendedprice * ('1'::numeric - lineitem.l_discount)) - (partsupp.ps_supplycost * lineitem.l_quantity))))"
              ],
              "Workers Planned": 5,
              "Single Copy": false,
              "Plans": [
                {
                  "Node Type": "Aggregate",
                  "Strategy": "Hashed",
                  "Partial Mode": "Partial",
                  "Parent Relationship": "Outer",
                  "Parallel Aware": false,
                  "Async Capable": false,
                  "Startup Cost": 167178.34,
                  "Total Cost": 167827.74,
                  "Plan Rows": 43293,
                  "Plan Width": 168,
                  "Output": [
                    "nation.n_name",
                    "(EXTRACT(year FROM orders.o_orderdate))",
                    "PARTIAL sum(((lineitem.l_extendedprice * ('1'::numeric - lineitem.l_discount)) - (partsupp.ps_supplycost * lineitem.l_quantity)))"
                  ],
                  "Group Key": [
                    "nation.n_name",
                    "EXTRACT(year FROM orders.o_orderdate)"
                  ],
                  "Planned Partitions": 0,
                  "Plans": [
                    {
                      "Node Type": "Nested Loop",
                      "Parent Relationship": "Outer",
                      "Parallel Aware": false,
                      "Async Capable": false,
                      "Join Type": "Inner",
                      "Startup Cost": 13203.14,
                      "Total Cost": 166420.72,
                      "Plan Rows": 43293,
                      "Plan Width": 159,
                      "Output": [
                        "nation.n_name",
                        "EXTRACT(year FROM orders.o_orderdate)",
                        "lineitem.l_extendedprice",
                        "lineitem.l_discount",
                        "partsupp.ps_supplycost",
                        "lineitem.l_quantity"
                      ],
                      "Inner Unique": true,
                      "Plans": [
                        {
                          "Node Type": "Hash Join",
                          "Parent Relationship": "Outer",
                          "Parallel Aware": true,
                          "Async Capable": false,
                          "Join Type": "Inner",
                          "Startup Cost": 13202.71,
                          "Total Cost": 146807.04,
                          "Plan Rows": 43293,
                          "Plan Width": 131,
                          "Output": [
                            "lineitem.l_extendedprice",
                            "lineitem.l_discount",
                            "lineitem.l_quantity",
                            "lineitem.l_orderkey",
                            "partsupp.ps_supplycost",
                            "nation.n_name"
                          ],
                          "Inner Unique": false,
                          "Hash Cond": "((lineitem.l_suppkey = supplier.s_suppkey) AND (lineitem.l_partkey = partsupp.ps_partkey))",
                          "Plans": [
                            {
                              "Node Type": "Seq Scan",
                              "Parent Relationship": "Outer",
                              "Parallel Aware": true,
                              "Async Capable": false,
                              "Relation Name": "lineitem",
                              "Schema": "public",
                              "Alias": "lineitem",
                              "Startup Cost": 0.0,
                              "Total Cost": 124602.43,
                              "Plan Rows": 1200243,
                              "Plan Width": 29,
                              "Output": [
                                "lineitem.l_orderkey",
                                "lineitem.l_partkey",
                                "lineitem.l_suppkey",
                                "lineitem.l_linenumber",
                                "lineitem.l_quantity",
                                "lineitem.l_extendedprice",
                                "lineitem.l_discount",
                                "lineitem.l_tax",
                                "lineitem.l_returnflag",
                                "lineitem.l_linestatus",
                                "lineitem.l_shipdate",
                                "lineitem.l_commitdate",
                                "lineitem.l_receiptdate",
                                "lineitem.l_shipinstruct",
                                "lineitem.l_shipmode",
                                "lineitem.l_comment"
                              ]
                            },
                            {
                              "Node Type": "Hash",
                              "Parent Relationship": "Inner",
                              "Parallel Aware": true,
                              "Async Capable": false,
                              "Startup Cost": 13022.37,
                              "Total Cost": 13022.37,
                              "Plan Rows": 12023,
                              "Plan Width": 126,
                              "Output": [
                                "part.p_partkey",
                                "partsupp.ps_supplycost",
                                "partsupp.ps_suppkey",
                                "partsupp.ps_partkey",
                                "supplier.s_suppkey",
                                "nation.n_name"
                              ],
                              "Plans": [
                                {
                                  "Node Type": "Hash Join",
                                  "Parent Relationship": "Outer",
                                  "Parallel Aware": false,
                                  "Async Capable": false,
                                  "Join Type": "Inner",
                                  "Startup Cost": 449.99,
                                  "Total Cost": 13022.37,
                                  "Plan Rows": 12023,
                                  "Plan Width": 126,
                                  "Output": [
                                    "part.p_partkey",
                                    "partsupp.ps_supplycost",
                                    "partsupp.ps_suppkey",
                                    "partsupp.ps_partkey",
                                    "supplier.s_suppkey",
                                    "nation.n_name"
                                  ],
                                  "Inner Unique": true,
                                  "Hash Cond": "(supplier.s_nationkey = nation.n_nationkey)",
                                  "Plans": [
                                    {
                                      "Node Type": "Hash Join",
                                      "Parent Relationship": "Outer",
                                      "Parallel Aware": false,
                                      "Async Capable": false,
                                      "Join Type": "Inner",
                                      "Startup Cost": 448.43,
                                      "Total Cost": 12983.89,
                                      "Plan Rows": 12023,
                                      "Plan Width": 26,
                                      "Output": [
                                        "part.p_partkey",
                                        "partsupp.ps_supplycost",
                                        "partsupp.ps_suppkey",
                                        "partsupp.ps_partkey",
                                        "supplier.s_suppkey",
                                        "supplier.s_nationkey"
                                      ],
                                      "Inner Unique": true,
                                      "Hash Cond": "(partsupp.ps_suppkey = supplier.s_suppkey)",
                                      "Plans": [
                                        {
                                          "Node Type": "Nested Loop",
                                          "Parent Relationship": "Outer",
                                          "Parallel Aware": false,
                                          "Async Capable": false,
                                          "Join Type": "Inner",
                                          "Startup Cost": 0.42,
                                          "Total Cost": 12504.32,
                                          "Plan Rows": 12023,
                                          "Plan Width": 18,
                                          "Output": [
                                            "part.p_partkey",
                                            "partsupp.ps_supplycost",
                                            "partsupp.ps_suppkey",
                                            "partsupp.ps_partkey"
                                          ],
                                          "Inner Unique": false,
                                          "Plans": [
                                            {
                                              "Node Type": "Seq Scan",
                                              "Parent Relationship": "Outer",
                                              "Parallel Aware": true,
                                              "Async Capable": false,
                                              "Relation Name": "part",
                                              "Schema": "public",
                                              "Alias": "part",
                                              "Startup Cost": 0.0,
                                              "Total Cost": 5169.67,
                                              "Plan Rows": 3006,
                                              "Plan Width": 4,
                                              "Output": [
                                                "part.p_partkey",
                                                "part.p_name",
                                                "part.p_mfgr",
                                                "part.p_brand",
                                                "part.p_type",
                                                "part.p_size",
                                                "part.p_container",
                                                "part.p_retailprice",
                                                "part.p_comment"
                                              ],
                                              "Filter": "((part.p_name)::text ~~ '%blue%'::text)"
                                            },
                                            {
                                              "Node Type": "Index Scan",
                                              "Parent Relationship": "Inner",
                                              "Parallel Aware": false,
                                              "Async Capable": false,
                                              "Scan Direction": "Forward",
                                              "Index Name": "partsupp_pkey",
                                              "Relation Name": "partsupp",
                                              "Schema": "public",
                                              "Alias": "partsupp",
                                              "Startup Cost": 0.42,
                                              "Total Cost": 2.4,
                                              "Plan Rows": 4,
                                              "Plan Width": 14,
                                              "Output": [
                                                "partsupp.ps_partkey",
                                                "partsupp.ps_suppkey",
                                                "partsupp.ps_availqty",
                                                "partsupp.ps_supplycost",
                                                "partsupp.ps_comment"
                                              ],
                                              "Index Cond": "(partsupp.ps_partkey = part.p_partkey)"
                                            }
                                          ]
                                        },
                                        {
                                          "Node Type": "Hash",
                                          "Parent Relationship": "Inner",
                                          "Parallel Aware": false,
                                          "Async Capable": false,
                                          "Startup Cost": 323.0,
                                          "Total Cost": 323.0,
                                          "Plan Rows": 10000,
                                          "Plan Width": 8,
                                          "Output": [
                                            "supplier.s_suppkey",
                                            "supplier.s_nationkey"
                                          ],
                                          "Plans": [
                                            {
                                              "Node Type": "Seq Scan",
                                              "Parent Relationship": "Outer",
                                              "Parallel Aware": false,
                                              "Async Capable": false,
                                              "Relation Name": "supplier",
                                              "Schema": "public",
                                              "Alias": "supplier",
                                              "Startup Cost": 0.0,
                                              "Total Cost": 323.0,
                                              "Plan Rows": 10000,
                                              "Plan Width": 8,
                                              "Output": [
                                                "supplier.s_suppkey",
                                                "supplier.s_nationkey"
                                              ]
                                            }
                                          ]
                                        }
                                      ]
                                    },
                                    {
                                      "Node Type": "Hash",
                                      "Parent Relationship": "Inner",
                                      "Parallel Aware": false,
                                      "Async Capable": false,
                                      "Startup Cost": 1.25,
                                      "Total Cost": 1.25,
                                      "Plan Rows": 25,
                                      "Plan Width": 108,
                                      "Output": [
                                        "nation.n_name",
                                        "nation.n_nationkey"
                                      ],
                                      "Plans": [
                                        {
                                          "Node Type": "Seq Scan",
                                          "Parent Relationship": "Outer",
                                          "Parallel Aware": false,
                                          "Async Capable": false,
                                          "Relation Name": "nation",
                                          "Schema": "public",
                                          "Alias": "nation",
                                          "Startup Cost": 0.0,
                                          "Total Cost": 1.25,
                                          "Plan Rows": 25,
                                          "Plan Width": 108,
                                          "Output": [
                                            "nation.n_name",
                                            "nation.n_nationkey"
                                          ]
                                        }
                                      ]
                                    }
                                  ]
                                }
                              ]
                            }
                          ]
                        },
                        {
                          "Node Type": "Index Scan",
                          "Parent Relationship": "Inner",
                          "Parallel Aware": false,
                          "Async Capable": false,
                          "Scan Direction": "Forward",
                          "Index Name": "orders_pkey",
                          "Relation Name": "orders",
                          "Schema": "public",
                          "Alias": "orders",
                          "Startup Cost": 0.43,
                          "Total Cost": 0.45,
                          "Plan Rows": 1,
                          "Plan Width": 8,
                          "Output": [
                            "orders.o_orderkey",
                            "orders.o_custkey",
                            "orders.o_orderstatus",
                            "orders.o_totalprice",
                            "orders.o_orderdate",
                            "orders.o_orderpriority",
                            "orders.o_clerk",
                            "orders.o_shippriority",
                            "orders.o_comment"
                          ],
                          "Index Cond": "(orders.o_orderkey = lineitem.l_orderkey)"
                        }
                      ]
                    }
                  ]
                }
              ]
            }
          ]
        }
      ]
    },
    "JIT": {
      "Functions": 43,
      "Options": {
        "Inlining": false,
        "Optimization": false,
        "Expressions": true,
        "Deforming": true
      }
    }
  }
]
```

---

## 114. Q9_67_seed_541466046.sql

**File Path:** `/Users/brunowinter2000/Documents/Thesis/2025_2026/Plan-Level/Generated_Queries/Q9/Q9_67_seed_541466046.sql`

### EXPLAIN JSON

```json
[
  {
    "Plan": {
      "Node Type": "Sort",
      "Parallel Aware": false,
      "Async Capable": false,
      "Startup Cost": 217286.99,
      "Total Cost": 217437.37,
      "Plan Rows": 60150,
      "Plan Width": 168,
      "Output": [
        "nation.n_name",
        "(EXTRACT(year FROM orders.o_orderdate))",
        "(sum(((lineitem.l_extendedprice * ('1'::numeric - lineitem.l_discount)) - (partsupp.ps_supplycost * lineitem.l_quantity))))"
      ],
      "Sort Key": [
        "nation.n_name",
        "(EXTRACT(year FROM orders.o_orderdate)) DESC"
      ],
      "Plans": [
        {
          "Node Type": "Aggregate",
          "Strategy": "Hashed",
          "Partial Mode": "Finalize",
          "Parent Relationship": "Outer",
          "Parallel Aware": false,
          "Async Capable": false,
          "Startup Cost": 211609.95,
          "Total Cost": 212512.2,
          "Plan Rows": 60150,
          "Plan Width": 168,
          "Output": [
            "nation.n_name",
            "(EXTRACT(year FROM orders.o_orderdate))",
            "sum(((lineitem.l_extendedprice * ('1'::numeric - lineitem.l_discount)) - (partsupp.ps_supplycost * lineitem.l_quantity)))"
          ],
          "Group Key": [
            "nation.n_name",
            "(EXTRACT(year FROM orders.o_orderdate))"
          ],
          "Planned Partitions": 0,
          "Plans": [
            {
              "Node Type": "Gather",
              "Parent Relationship": "Outer",
              "Parallel Aware": false,
              "Async Capable": false,
              "Startup Cost": 177635.37,
              "Total Cost": 208603.35,
              "Plan Rows": 300660,
              "Plan Width": 168,
              "Output": [
                "nation.n_name",
                "(EXTRACT(year FROM orders.o_orderdate))",
                "(PARTIAL sum(((lineitem.l_extendedprice * ('1'::numeric - lineitem.l_discount)) - (partsupp.ps_supplycost * lineitem.l_quantity))))"
              ],
              "Workers Planned": 5,
              "Single Copy": false,
              "Plans": [
                {
                  "Node Type": "Aggregate",
                  "Strategy": "Hashed",
                  "Partial Mode": "Partial",
                  "Parent Relationship": "Outer",
                  "Parallel Aware": false,
                  "Async Capable": false,
                  "Startup Cost": 176635.37,
                  "Total Cost": 177537.35,
                  "Plan Rows": 60132,
                  "Plan Width": 168,
                  "Output": [
                    "nation.n_name",
                    "(EXTRACT(year FROM orders.o_orderdate))",
                    "PARTIAL sum(((lineitem.l_extendedprice * ('1'::numeric - lineitem.l_discount)) - (partsupp.ps_supplycost * lineitem.l_quantity)))"
                  ],
                  "Group Key": [
                    "nation.n_name",
                    "EXTRACT(year FROM orders.o_orderdate)"
                  ],
                  "Planned Partitions": 0,
                  "Plans": [
                    {
                      "Node Type": "Nested Loop",
                      "Parent Relationship": "Outer",
                      "Parallel Aware": false,
                      "Async Capable": false,
                      "Join Type": "Inner",
                      "Startup Cost": 14736.63,
                      "Total Cost": 175583.06,
                      "Plan Rows": 60132,
                      "Plan Width": 159,
                      "Output": [
                        "nation.n_name",
                        "EXTRACT(year FROM orders.o_orderdate)",
                        "lineitem.l_extendedprice",
                        "lineitem.l_discount",
                        "partsupp.ps_supplycost",
                        "lineitem.l_quantity"
                      ],
                      "Inner Unique": true,
                      "Plans": [
                        {
                          "Node Type": "Hash Join",
                          "Parent Relationship": "Outer",
                          "Parallel Aware": true,
                          "Async Capable": false,
                          "Join Type": "Inner",
                          "Startup Cost": 14736.2,
                          "Total Cost": 148340.56,
                          "Plan Rows": 60132,
                          "Plan Width": 131,
                          "Output": [
                            "lineitem.l_extendedprice",
                            "lineitem.l_discount",
                            "lineitem.l_quantity",
                            "lineitem.l_orderkey",
                            "partsupp.ps_supplycost",
                            "nation.n_name"
                          ],
                          "Inner Unique": false,
                          "Hash Cond": "((lineitem.l_suppkey = supplier.s_suppkey) AND (lineitem.l_partkey = partsupp.ps_partkey))",
                          "Plans": [
                            {
                              "Node Type": "Seq Scan",
                              "Parent Relationship": "Outer",
                              "Parallel Aware": true,
                              "Async Capable": false,
                              "Relation Name": "lineitem",
                              "Schema": "public",
                              "Alias": "lineitem",
                              "Startup Cost": 0.0,
                              "Total Cost": 124602.43,
                              "Plan Rows": 1200243,
                              "Plan Width": 29,
                              "Output": [
                                "lineitem.l_orderkey",
                                "lineitem.l_partkey",
                                "lineitem.l_suppkey",
                                "lineitem.l_linenumber",
                                "lineitem.l_quantity",
                                "lineitem.l_extendedprice",
                                "lineitem.l_discount",
                                "lineitem.l_tax",
                                "lineitem.l_returnflag",
                                "lineitem.l_linestatus",
                                "lineitem.l_shipdate",
                                "lineitem.l_commitdate",
                                "lineitem.l_receiptdate",
                                "lineitem.l_shipinstruct",
                                "lineitem.l_shipmode",
                                "lineitem.l_comment"
                              ]
                            },
                            {
                              "Node Type": "Hash",
                              "Parent Relationship": "Inner",
                              "Parallel Aware": true,
                              "Async Capable": false,
                              "Startup Cost": 14485.7,
                              "Total Cost": 14485.7,
                              "Plan Rows": 16700,
                              "Plan Width": 126,
                              "Output": [
                                "part.p_partkey",
                                "partsupp.ps_supplycost",
                                "partsupp.ps_suppkey",
                                "partsupp.ps_partkey",
                                "supplier.s_suppkey",
                                "nation.n_name"
                              ],
                              "Plans": [
                                {
                                  "Node Type": "Hash Join",
                                  "Parent Relationship": "Outer",
                                  "Parallel Aware": false,
                                  "Async Capable": false,
                                  "Join Type": "Inner",
                                  "Startup Cost": 449.99,
                                  "Total Cost": 14485.7,
                                  "Plan Rows": 16700,
                                  "Plan Width": 126,
                                  "Output": [
                                    "part.p_partkey",
                                    "partsupp.ps_supplycost",
                                    "partsupp.ps_suppkey",
                                    "partsupp.ps_partkey",
                                    "supplier.s_suppkey",
                                    "nation.n_name"
                                  ],
                                  "Inner Unique": true,
                                  "Hash Cond": "(supplier.s_nationkey = nation.n_nationkey)",
                                  "Plans": [
                                    {
                                      "Node Type": "Hash Join",
                                      "Parent Relationship": "Outer",
                                      "Parallel Aware": false,
                                      "Async Capable": false,
                                      "Join Type": "Inner",
                                      "Startup Cost": 448.43,
                                      "Total Cost": 14432.87,
                                      "Plan Rows": 16700,
                                      "Plan Width": 26,
                                      "Output": [
                                        "part.p_partkey",
                                        "partsupp.ps_supplycost",
                                        "partsupp.ps_suppkey",
                                        "partsupp.ps_partkey",
                                        "supplier.s_suppkey",
                                        "supplier.s_nationkey"
                                      ],
                                      "Inner Unique": true,
                                      "Hash Cond": "(partsupp.ps_suppkey = supplier.s_suppkey)",
                                      "Plans": [
                                        {
                                          "Node Type": "Nested Loop",
                                          "Parent Relationship": "Outer",
                                          "Parallel Aware": false,
                                          "Async Capable": false,
                                          "Join Type": "Inner",
                                          "Startup Cost": 0.42,
                                          "Total Cost": 13941.01,
                                          "Plan Rows": 16700,
                                          "Plan Width": 18,
                                          "Output": [
                                            "part.p_partkey",
                                            "partsupp.ps_supplycost",
                                            "partsupp.ps_suppkey",
                                            "partsupp.ps_partkey"
                                          ],
                                          "Inner Unique": false,
                                          "Plans": [
                                            {
                                              "Node Type": "Seq Scan",
                                              "Parent Relationship": "Outer",
                                              "Parallel Aware": true,
                                              "Async Capable": false,
                                              "Relation Name": "part",
                                              "Schema": "public",
                                              "Alias": "part",
                                              "Startup Cost": 0.0,
                                              "Total Cost": 5169.67,
                                              "Plan Rows": 4175,
                                              "Plan Width": 4,
                                              "Output": [
                                                "part.p_partkey",
                                                "part.p_name",
                                                "part.p_mfgr",
                                                "part.p_brand",
                                                "part.p_type",
                                                "part.p_size",
                                                "part.p_container",
                                                "part.p_retailprice",
                                                "part.p_comment"
                                              ],
                                              "Filter": "((part.p_name)::text ~~ '%moccasin%'::text)"
                                            },
                                            {
                                              "Node Type": "Index Scan",
                                              "Parent Relationship": "Inner",
                                              "Parallel Aware": false,
                                              "Async Capable": false,
                                              "Scan Direction": "Forward",
                                              "Index Name": "partsupp_pkey",
                                              "Relation Name": "partsupp",
                                              "Schema": "public",
                                              "Alias": "partsupp",
                                              "Startup Cost": 0.42,
                                              "Total Cost": 2.06,
                                              "Plan Rows": 4,
                                              "Plan Width": 14,
                                              "Output": [
                                                "partsupp.ps_partkey",
                                                "partsupp.ps_suppkey",
                                                "partsupp.ps_availqty",
                                                "partsupp.ps_supplycost",
                                                "partsupp.ps_comment"
                                              ],
                                              "Index Cond": "(partsupp.ps_partkey = part.p_partkey)"
                                            }
                                          ]
                                        },
                                        {
                                          "Node Type": "Hash",
                                          "Parent Relationship": "Inner",
                                          "Parallel Aware": false,
                                          "Async Capable": false,
                                          "Startup Cost": 323.0,
                                          "Total Cost": 323.0,
                                          "Plan Rows": 10000,
                                          "Plan Width": 8,
                                          "Output": [
                                            "supplier.s_suppkey",
                                            "supplier.s_nationkey"
                                          ],
                                          "Plans": [
                                            {
                                              "Node Type": "Seq Scan",
                                              "Parent Relationship": "Outer",
                                              "Parallel Aware": false,
                                              "Async Capable": false,
                                              "Relation Name": "supplier",
                                              "Schema": "public",
                                              "Alias": "supplier",
                                              "Startup Cost": 0.0,
                                              "Total Cost": 323.0,
                                              "Plan Rows": 10000,
                                              "Plan Width": 8,
                                              "Output": [
                                                "supplier.s_suppkey",
                                                "supplier.s_nationkey"
                                              ]
                                            }
                                          ]
                                        }
                                      ]
                                    },
                                    {
                                      "Node Type": "Hash",
                                      "Parent Relationship": "Inner",
                                      "Parallel Aware": false,
                                      "Async Capable": false,
                                      "Startup Cost": 1.25,
                                      "Total Cost": 1.25,
                                      "Plan Rows": 25,
                                      "Plan Width": 108,
                                      "Output": [
                                        "nation.n_name",
                                        "nation.n_nationkey"
                                      ],
                                      "Plans": [
                                        {
                                          "Node Type": "Seq Scan",
                                          "Parent Relationship": "Outer",
                                          "Parallel Aware": false,
                                          "Async Capable": false,
                                          "Relation Name": "nation",
                                          "Schema": "public",
                                          "Alias": "nation",
                                          "Startup Cost": 0.0,
                                          "Total Cost": 1.25,
                                          "Plan Rows": 25,
                                          "Plan Width": 108,
                                          "Output": [
                                            "nation.n_name",
                                            "nation.n_nationkey"
                                          ]
                                        }
                                      ]
                                    }
                                  ]
                                }
                              ]
                            }
                          ]
                        },
                        {
                          "Node Type": "Index Scan",
                          "Parent Relationship": "Inner",
                          "Parallel Aware": false,
                          "Async Capable": false,
                          "Scan Direction": "Forward",
                          "Index Name": "orders_pkey",
                          "Relation Name": "orders",
                          "Schema": "public",
                          "Alias": "orders",
                          "Startup Cost": 0.43,
                          "Total Cost": 0.45,
                          "Plan Rows": 1,
                          "Plan Width": 8,
                          "Output": [
                            "orders.o_orderkey",
                            "orders.o_custkey",
                            "orders.o_orderstatus",
                            "orders.o_totalprice",
                            "orders.o_orderdate",
                            "orders.o_orderpriority",
                            "orders.o_clerk",
                            "orders.o_shippriority",
                            "orders.o_comment"
                          ],
                          "Index Cond": "(orders.o_orderkey = lineitem.l_orderkey)"
                        }
                      ]
                    }
                  ]
                }
              ]
            }
          ]
        }
      ]
    },
    "JIT": {
      "Functions": 43,
      "Options": {
        "Inlining": false,
        "Optimization": false,
        "Expressions": true,
        "Deforming": true
      }
    }
  }
]
```

---

## 115. Q9_68_seed_549670077.sql

**File Path:** `/Users/brunowinter2000/Documents/Thesis/2025_2026/Plan-Level/Generated_Queries/Q9/Q9_68_seed_549670077.sql`

### EXPLAIN JSON

```json
[
  {
    "Plan": {
      "Node Type": "Sort",
      "Parallel Aware": false,
      "Async Capable": false,
      "Startup Cost": 217286.99,
      "Total Cost": 217437.37,
      "Plan Rows": 60150,
      "Plan Width": 168,
      "Output": [
        "nation.n_name",
        "(EXTRACT(year FROM orders.o_orderdate))",
        "(sum(((lineitem.l_extendedprice * ('1'::numeric - lineitem.l_discount)) - (partsupp.ps_supplycost * lineitem.l_quantity))))"
      ],
      "Sort Key": [
        "nation.n_name",
        "(EXTRACT(year FROM orders.o_orderdate)) DESC"
      ],
      "Plans": [
        {
          "Node Type": "Aggregate",
          "Strategy": "Hashed",
          "Partial Mode": "Finalize",
          "Parent Relationship": "Outer",
          "Parallel Aware": false,
          "Async Capable": false,
          "Startup Cost": 211609.95,
          "Total Cost": 212512.2,
          "Plan Rows": 60150,
          "Plan Width": 168,
          "Output": [
            "nation.n_name",
            "(EXTRACT(year FROM orders.o_orderdate))",
            "sum(((lineitem.l_extendedprice * ('1'::numeric - lineitem.l_discount)) - (partsupp.ps_supplycost * lineitem.l_quantity)))"
          ],
          "Group Key": [
            "nation.n_name",
            "(EXTRACT(year FROM orders.o_orderdate))"
          ],
          "Planned Partitions": 0,
          "Plans": [
            {
              "Node Type": "Gather",
              "Parent Relationship": "Outer",
              "Parallel Aware": false,
              "Async Capable": false,
              "Startup Cost": 177635.37,
              "Total Cost": 208603.35,
              "Plan Rows": 300660,
              "Plan Width": 168,
              "Output": [
                "nation.n_name",
                "(EXTRACT(year FROM orders.o_orderdate))",
                "(PARTIAL sum(((lineitem.l_extendedprice * ('1'::numeric - lineitem.l_discount)) - (partsupp.ps_supplycost * lineitem.l_quantity))))"
              ],
              "Workers Planned": 5,
              "Single Copy": false,
              "Plans": [
                {
                  "Node Type": "Aggregate",
                  "Strategy": "Hashed",
                  "Partial Mode": "Partial",
                  "Parent Relationship": "Outer",
                  "Parallel Aware": false,
                  "Async Capable": false,
                  "Startup Cost": 176635.37,
                  "Total Cost": 177537.35,
                  "Plan Rows": 60132,
                  "Plan Width": 168,
                  "Output": [
                    "nation.n_name",
                    "(EXTRACT(year FROM orders.o_orderdate))",
                    "PARTIAL sum(((lineitem.l_extendedprice * ('1'::numeric - lineitem.l_discount)) - (partsupp.ps_supplycost * lineitem.l_quantity)))"
                  ],
                  "Group Key": [
                    "nation.n_name",
                    "EXTRACT(year FROM orders.o_orderdate)"
                  ],
                  "Planned Partitions": 0,
                  "Plans": [
                    {
                      "Node Type": "Nested Loop",
                      "Parent Relationship": "Outer",
                      "Parallel Aware": false,
                      "Async Capable": false,
                      "Join Type": "Inner",
                      "Startup Cost": 14736.63,
                      "Total Cost": 175583.06,
                      "Plan Rows": 60132,
                      "Plan Width": 159,
                      "Output": [
                        "nation.n_name",
                        "EXTRACT(year FROM orders.o_orderdate)",
                        "lineitem.l_extendedprice",
                        "lineitem.l_discount",
                        "partsupp.ps_supplycost",
                        "lineitem.l_quantity"
                      ],
                      "Inner Unique": true,
                      "Plans": [
                        {
                          "Node Type": "Hash Join",
                          "Parent Relationship": "Outer",
                          "Parallel Aware": true,
                          "Async Capable": false,
                          "Join Type": "Inner",
                          "Startup Cost": 14736.2,
                          "Total Cost": 148340.56,
                          "Plan Rows": 60132,
                          "Plan Width": 131,
                          "Output": [
                            "lineitem.l_extendedprice",
                            "lineitem.l_discount",
                            "lineitem.l_quantity",
                            "lineitem.l_orderkey",
                            "partsupp.ps_supplycost",
                            "nation.n_name"
                          ],
                          "Inner Unique": false,
                          "Hash Cond": "((lineitem.l_suppkey = supplier.s_suppkey) AND (lineitem.l_partkey = partsupp.ps_partkey))",
                          "Plans": [
                            {
                              "Node Type": "Seq Scan",
                              "Parent Relationship": "Outer",
                              "Parallel Aware": true,
                              "Async Capable": false,
                              "Relation Name": "lineitem",
                              "Schema": "public",
                              "Alias": "lineitem",
                              "Startup Cost": 0.0,
                              "Total Cost": 124602.43,
                              "Plan Rows": 1200243,
                              "Plan Width": 29,
                              "Output": [
                                "lineitem.l_orderkey",
                                "lineitem.l_partkey",
                                "lineitem.l_suppkey",
                                "lineitem.l_linenumber",
                                "lineitem.l_quantity",
                                "lineitem.l_extendedprice",
                                "lineitem.l_discount",
                                "lineitem.l_tax",
                                "lineitem.l_returnflag",
                                "lineitem.l_linestatus",
                                "lineitem.l_shipdate",
                                "lineitem.l_commitdate",
                                "lineitem.l_receiptdate",
                                "lineitem.l_shipinstruct",
                                "lineitem.l_shipmode",
                                "lineitem.l_comment"
                              ]
                            },
                            {
                              "Node Type": "Hash",
                              "Parent Relationship": "Inner",
                              "Parallel Aware": true,
                              "Async Capable": false,
                              "Startup Cost": 14485.7,
                              "Total Cost": 14485.7,
                              "Plan Rows": 16700,
                              "Plan Width": 126,
                              "Output": [
                                "part.p_partkey",
                                "partsupp.ps_supplycost",
                                "partsupp.ps_suppkey",
                                "partsupp.ps_partkey",
                                "supplier.s_suppkey",
                                "nation.n_name"
                              ],
                              "Plans": [
                                {
                                  "Node Type": "Hash Join",
                                  "Parent Relationship": "Outer",
                                  "Parallel Aware": false,
                                  "Async Capable": false,
                                  "Join Type": "Inner",
                                  "Startup Cost": 449.99,
                                  "Total Cost": 14485.7,
                                  "Plan Rows": 16700,
                                  "Plan Width": 126,
                                  "Output": [
                                    "part.p_partkey",
                                    "partsupp.ps_supplycost",
                                    "partsupp.ps_suppkey",
                                    "partsupp.ps_partkey",
                                    "supplier.s_suppkey",
                                    "nation.n_name"
                                  ],
                                  "Inner Unique": true,
                                  "Hash Cond": "(supplier.s_nationkey = nation.n_nationkey)",
                                  "Plans": [
                                    {
                                      "Node Type": "Hash Join",
                                      "Parent Relationship": "Outer",
                                      "Parallel Aware": false,
                                      "Async Capable": false,
                                      "Join Type": "Inner",
                                      "Startup Cost": 448.43,
                                      "Total Cost": 14432.87,
                                      "Plan Rows": 16700,
                                      "Plan Width": 26,
                                      "Output": [
                                        "part.p_partkey",
                                        "partsupp.ps_supplycost",
                                        "partsupp.ps_suppkey",
                                        "partsupp.ps_partkey",
                                        "supplier.s_suppkey",
                                        "supplier.s_nationkey"
                                      ],
                                      "Inner Unique": true,
                                      "Hash Cond": "(partsupp.ps_suppkey = supplier.s_suppkey)",
                                      "Plans": [
                                        {
                                          "Node Type": "Nested Loop",
                                          "Parent Relationship": "Outer",
                                          "Parallel Aware": false,
                                          "Async Capable": false,
                                          "Join Type": "Inner",
                                          "Startup Cost": 0.42,
                                          "Total Cost": 13941.01,
                                          "Plan Rows": 16700,
                                          "Plan Width": 18,
                                          "Output": [
                                            "part.p_partkey",
                                            "partsupp.ps_supplycost",
                                            "partsupp.ps_suppkey",
                                            "partsupp.ps_partkey"
                                          ],
                                          "Inner Unique": false,
                                          "Plans": [
                                            {
                                              "Node Type": "Seq Scan",
                                              "Parent Relationship": "Outer",
                                              "Parallel Aware": true,
                                              "Async Capable": false,
                                              "Relation Name": "part",
                                              "Schema": "public",
                                              "Alias": "part",
                                              "Startup Cost": 0.0,
                                              "Total Cost": 5169.67,
                                              "Plan Rows": 4175,
                                              "Plan Width": 4,
                                              "Output": [
                                                "part.p_partkey",
                                                "part.p_name",
                                                "part.p_mfgr",
                                                "part.p_brand",
                                                "part.p_type",
                                                "part.p_size",
                                                "part.p_container",
                                                "part.p_retailprice",
                                                "part.p_comment"
                                              ],
                                              "Filter": "((part.p_name)::text ~~ '%blanched%'::text)"
                                            },
                                            {
                                              "Node Type": "Index Scan",
                                              "Parent Relationship": "Inner",
                                              "Parallel Aware": false,
                                              "Async Capable": false,
                                              "Scan Direction": "Forward",
                                              "Index Name": "partsupp_pkey",
                                              "Relation Name": "partsupp",
                                              "Schema": "public",
                                              "Alias": "partsupp",
                                              "Startup Cost": 0.42,
                                              "Total Cost": 2.06,
                                              "Plan Rows": 4,
                                              "Plan Width": 14,
                                              "Output": [
                                                "partsupp.ps_partkey",
                                                "partsupp.ps_suppkey",
                                                "partsupp.ps_availqty",
                                                "partsupp.ps_supplycost",
                                                "partsupp.ps_comment"
                                              ],
                                              "Index Cond": "(partsupp.ps_partkey = part.p_partkey)"
                                            }
                                          ]
                                        },
                                        {
                                          "Node Type": "Hash",
                                          "Parent Relationship": "Inner",
                                          "Parallel Aware": false,
                                          "Async Capable": false,
                                          "Startup Cost": 323.0,
                                          "Total Cost": 323.0,
                                          "Plan Rows": 10000,
                                          "Plan Width": 8,
                                          "Output": [
                                            "supplier.s_suppkey",
                                            "supplier.s_nationkey"
                                          ],
                                          "Plans": [
                                            {
                                              "Node Type": "Seq Scan",
                                              "Parent Relationship": "Outer",
                                              "Parallel Aware": false,
                                              "Async Capable": false,
                                              "Relation Name": "supplier",
                                              "Schema": "public",
                                              "Alias": "supplier",
                                              "Startup Cost": 0.0,
                                              "Total Cost": 323.0,
                                              "Plan Rows": 10000,
                                              "Plan Width": 8,
                                              "Output": [
                                                "supplier.s_suppkey",
                                                "supplier.s_nationkey"
                                              ]
                                            }
                                          ]
                                        }
                                      ]
                                    },
                                    {
                                      "Node Type": "Hash",
                                      "Parent Relationship": "Inner",
                                      "Parallel Aware": false,
                                      "Async Capable": false,
                                      "Startup Cost": 1.25,
                                      "Total Cost": 1.25,
                                      "Plan Rows": 25,
                                      "Plan Width": 108,
                                      "Output": [
                                        "nation.n_name",
                                        "nation.n_nationkey"
                                      ],
                                      "Plans": [
                                        {
                                          "Node Type": "Seq Scan",
                                          "Parent Relationship": "Outer",
                                          "Parallel Aware": false,
                                          "Async Capable": false,
                                          "Relation Name": "nation",
                                          "Schema": "public",
                                          "Alias": "nation",
                                          "Startup Cost": 0.0,
                                          "Total Cost": 1.25,
                                          "Plan Rows": 25,
                                          "Plan Width": 108,
                                          "Output": [
                                            "nation.n_name",
                                            "nation.n_nationkey"
                                          ]
                                        }
                                      ]
                                    }
                                  ]
                                }
                              ]
                            }
                          ]
                        },
                        {
                          "Node Type": "Index Scan",
                          "Parent Relationship": "Inner",
                          "Parallel Aware": false,
                          "Async Capable": false,
                          "Scan Direction": "Forward",
                          "Index Name": "orders_pkey",
                          "Relation Name": "orders",
                          "Schema": "public",
                          "Alias": "orders",
                          "Startup Cost": 0.43,
                          "Total Cost": 0.45,
                          "Plan Rows": 1,
                          "Plan Width": 8,
                          "Output": [
                            "orders.o_orderkey",
                            "orders.o_custkey",
                            "orders.o_orderstatus",
                            "orders.o_totalprice",
                            "orders.o_orderdate",
                            "orders.o_orderpriority",
                            "orders.o_clerk",
                            "orders.o_shippriority",
                            "orders.o_comment"
                          ],
                          "Index Cond": "(orders.o_orderkey = lineitem.l_orderkey)"
                        }
                      ]
                    }
                  ]
                }
              ]
            }
          ]
        }
      ]
    },
    "JIT": {
      "Functions": 43,
      "Options": {
        "Inlining": false,
        "Optimization": false,
        "Expressions": true,
        "Deforming": true
      }
    }
  }
]
```

---

## 116. Q9_69_seed_557874108.sql

**File Path:** `/Users/brunowinter2000/Documents/Thesis/2025_2026/Plan-Level/Generated_Queries/Q9/Q9_69_seed_557874108.sql`

### EXPLAIN JSON

```json
[
  {
    "Plan": {
      "Node Type": "Sort",
      "Parallel Aware": false,
      "Async Capable": false,
      "Startup Cost": 213386.21,
      "Total Cost": 213536.59,
      "Plan Rows": 60150,
      "Plan Width": 168,
      "Output": [
        "nation.n_name",
        "(EXTRACT(year FROM orders.o_orderdate))",
        "(sum(((lineitem.l_extendedprice * ('1'::numeric - lineitem.l_discount)) - (partsupp.ps_supplycost * lineitem.l_quantity))))"
      ],
      "Sort Key": [
        "nation.n_name",
        "(EXTRACT(year FROM orders.o_orderdate)) DESC"
      ],
      "Plans": [
        {
          "Node Type": "Aggregate",
          "Strategy": "Hashed",
          "Partial Mode": "Finalize",
          "Parent Relationship": "Outer",
          "Parallel Aware": false,
          "Async Capable": false,
          "Startup Cost": 207709.17,
          "Total Cost": 208611.42,
          "Plan Rows": 60150,
          "Plan Width": 168,
          "Output": [
            "nation.n_name",
            "(EXTRACT(year FROM orders.o_orderdate))",
            "sum(((lineitem.l_extendedprice * ('1'::numeric - lineitem.l_discount)) - (partsupp.ps_supplycost * lineitem.l_quantity)))"
          ],
          "Group Key": [
            "nation.n_name",
            "(EXTRACT(year FROM orders.o_orderdate))"
          ],
          "Planned Partitions": 0,
          "Plans": [
            {
              "Node Type": "Gather",
              "Parent Relationship": "Outer",
              "Parallel Aware": false,
              "Async Capable": false,
              "Startup Cost": 186957.42,
              "Total Cost": 205904.67,
              "Plan Rows": 180450,
              "Plan Width": 168,
              "Output": [
                "nation.n_name",
                "(EXTRACT(year FROM orders.o_orderdate))",
                "(PARTIAL sum(((lineitem.l_extendedprice * ('1'::numeric - lineitem.l_discount)) - (partsupp.ps_supplycost * lineitem.l_quantity))))"
              ],
              "Workers Planned": 3,
              "Single Copy": false,
              "Plans": [
                {
                  "Node Type": "Aggregate",
                  "Strategy": "Hashed",
                  "Partial Mode": "Partial",
                  "Parent Relationship": "Outer",
                  "Parallel Aware": false,
                  "Async Capable": false,
                  "Startup Cost": 185957.42,
                  "Total Cost": 186859.67,
                  "Plan Rows": 60150,
                  "Plan Width": 168,
                  "Output": [
                    "nation.n_name",
                    "(EXTRACT(year FROM orders.o_orderdate))",
                    "PARTIAL sum(((lineitem.l_extendedprice * ('1'::numeric - lineitem.l_discount)) - (partsupp.ps_supplycost * lineitem.l_quantity)))"
                  ],
                  "Group Key": [
                    "nation.n_name",
                    "EXTRACT(year FROM orders.o_orderdate)"
                  ],
                  "Planned Partitions": 0,
                  "Plans": [
                    {
                      "Node Type": "Hash Join",
                      "Parent Relationship": "Outer",
                      "Parallel Aware": true,
                      "Async Capable": false,
                      "Join Type": "Inner",
                      "Startup Cost": 150436.94,
                      "Total Cost": 183784.83,
                      "Plan Rows": 124148,
                      "Plan Width": 159,
                      "Output": [
                        "nation.n_name",
                        "EXTRACT(year FROM orders.o_orderdate)",
                        "lineitem.l_extendedprice",
                        "lineitem.l_discount",
                        "partsupp.ps_supplycost",
                        "lineitem.l_quantity"
                      ],
                      "Inner Unique": false,
                      "Hash Cond": "(orders.o_orderkey = lineitem.l_orderkey)",
                      "Plans": [
                        {
                          "Node Type": "Seq Scan",
                          "Parent Relationship": "Outer",
                          "Parallel Aware": true,
                          "Async Capable": false,
                          "Relation Name": "orders",
                          "Schema": "public",
                          "Alias": "orders",
                          "Startup Cost": 0.0,
                          "Total Cost": 30974.71,
                          "Plan Rows": 483871,
                          "Plan Width": 8,
                          "Output": [
                            "orders.o_orderkey",
                            "orders.o_custkey",
                            "orders.o_orderstatus",
                            "orders.o_totalprice",
                            "orders.o_orderdate",
                            "orders.o_orderpriority",
                            "orders.o_clerk",
                            "orders.o_shippriority",
                            "orders.o_comment"
                          ]
                        },
                        {
                          "Node Type": "Hash",
                          "Parent Relationship": "Inner",
                          "Parallel Aware": true,
                          "Async Capable": false,
                          "Startup Cost": 149474.79,
                          "Total Cost": 149474.79,
                          "Plan Rows": 76972,
                          "Plan Width": 131,
                          "Output": [
                            "lineitem.l_extendedprice",
                            "lineitem.l_discount",
                            "lineitem.l_quantity",
                            "lineitem.l_orderkey",
                            "partsupp.ps_supplycost",
                            "nation.n_name"
                          ],
                          "Plans": [
                            {
                              "Node Type": "Hash Join",
                              "Parent Relationship": "Outer",
                              "Parallel Aware": true,
                              "Async Capable": false,
                              "Join Type": "Inner",
                              "Startup Cost": 15870.41,
                              "Total Cost": 149474.79,
                              "Plan Rows": 76972,
                              "Plan Width": 131,
                              "Output": [
                                "lineitem.l_extendedprice",
                                "lineitem.l_discount",
                                "lineitem.l_quantity",
                                "lineitem.l_orderkey",
                                "partsupp.ps_supplycost",
                                "nation.n_name"
                              ],
                              "Inner Unique": false,
                              "Hash Cond": "((lineitem.l_suppkey = supplier.s_suppkey) AND (lineitem.l_partkey = partsupp.ps_partkey))",
                              "Plans": [
                                {
                                  "Node Type": "Seq Scan",
                                  "Parent Relationship": "Outer",
                                  "Parallel Aware": true,
                                  "Async Capable": false,
                                  "Relation Name": "lineitem",
                                  "Schema": "public",
                                  "Alias": "lineitem",
                                  "Startup Cost": 0.0,
                                  "Total Cost": 124602.43,
                                  "Plan Rows": 1200243,
                                  "Plan Width": 29,
                                  "Output": [
                                    "lineitem.l_orderkey",
                                    "lineitem.l_partkey",
                                    "lineitem.l_suppkey",
                                    "lineitem.l_linenumber",
                                    "lineitem.l_quantity",
                                    "lineitem.l_extendedprice",
                                    "lineitem.l_discount",
                                    "lineitem.l_tax",
                                    "lineitem.l_returnflag",
                                    "lineitem.l_linestatus",
                                    "lineitem.l_shipdate",
                                    "lineitem.l_commitdate",
                                    "lineitem.l_receiptdate",
                                    "lineitem.l_shipinstruct",
                                    "lineitem.l_shipmode",
                                    "lineitem.l_comment"
                                  ]
                                },
                                {
                                  "Node Type": "Hash",
                                  "Parent Relationship": "Inner",
                                  "Parallel Aware": true,
                                  "Async Capable": false,
                                  "Startup Cost": 15549.75,
                                  "Total Cost": 15549.75,
                                  "Plan Rows": 21377,
                                  "Plan Width": 126,
                                  "Output": [
                                    "part.p_partkey",
                                    "partsupp.ps_supplycost",
                                    "partsupp.ps_suppkey",
                                    "partsupp.ps_partkey",
                                    "supplier.s_suppkey",
                                    "nation.n_name"
                                  ],
                                  "Plans": [
                                    {
                                      "Node Type": "Hash Join",
                                      "Parent Relationship": "Outer",
                                      "Parallel Aware": false,
                                      "Async Capable": false,
                                      "Join Type": "Inner",
                                      "Startup Cost": 449.99,
                                      "Total Cost": 15549.75,
                                      "Plan Rows": 21377,
                                      "Plan Width": 126,
                                      "Output": [
                                        "part.p_partkey",
                                        "partsupp.ps_supplycost",
                                        "partsupp.ps_suppkey",
                                        "partsupp.ps_partkey",
                                        "supplier.s_suppkey",
                                        "nation.n_name"
                                      ],
                                      "Inner Unique": true,
                                      "Hash Cond": "(supplier.s_nationkey = nation.n_nationkey)",
                                      "Plans": [
                                        {
                                          "Node Type": "Hash Join",
                                          "Parent Relationship": "Outer",
                                          "Parallel Aware": false,
                                          "Async Capable": false,
                                          "Join Type": "Inner",
                                          "Startup Cost": 448.43,
                                          "Total Cost": 15482.56,
                                          "Plan Rows": 21377,
                                          "Plan Width": 26,
                                          "Output": [
                                            "part.p_partkey",
                                            "partsupp.ps_supplycost",
                                            "partsupp.ps_suppkey",
                                            "partsupp.ps_partkey",
                                            "supplier.s_suppkey",
                                            "supplier.s_nationkey"
                                          ],
                                          "Inner Unique": true,
                                          "Hash Cond": "(partsupp.ps_suppkey = supplier.s_suppkey)",
                                          "Plans": [
                                            {
                                              "Node Type": "Nested Loop",
                                              "Parent Relationship": "Outer",
                                              "Parallel Aware": false,
                                              "Async Capable": false,
                                              "Join Type": "Inner",
                                              "Startup Cost": 0.42,
                                              "Total Cost": 14978.42,
                                              "Plan Rows": 21377,
                                              "Plan Width": 18,
                                              "Output": [
                                                "part.p_partkey",
                                                "partsupp.ps_supplycost",
                                                "partsupp.ps_suppkey",
                                                "partsupp.ps_partkey"
                                              ],
                                              "Inner Unique": false,
                                              "Plans": [
                                                {
                                                  "Node Type": "Seq Scan",
                                                  "Parent Relationship": "Outer",
                                                  "Parallel Aware": true,
                                                  "Async Capable": false,
                                                  "Relation Name": "part",
                                                  "Schema": "public",
                                                  "Alias": "part",
                                                  "Startup Cost": 0.0,
                                                  "Total Cost": 5169.67,
                                                  "Plan Rows": 5344,
                                                  "Plan Width": 4,
                                                  "Output": [
                                                    "part.p_partkey",
                                                    "part.p_name",
                                                    "part.p_mfgr",
                                                    "part.p_brand",
                                                    "part.p_type",
                                                    "part.p_size",
                                                    "part.p_container",
                                                    "part.p_retailprice",
                                                    "part.p_comment"
                                                  ],
                                                  "Filter": "((part.p_name)::text ~~ '%misty%'::text)"
                                                },
                                                {
                                                  "Node Type": "Index Scan",
                                                  "Parent Relationship": "Inner",
                                                  "Parallel Aware": false,
                                                  "Async Capable": false,
                                                  "Scan Direction": "Forward",
                                                  "Index Name": "partsupp_pkey",
                                                  "Relation Name": "partsupp",
                                                  "Schema": "public",
                                                  "Alias": "partsupp",
                                                  "Startup Cost": 0.42,
                                                  "Total Cost": 1.8,
                                                  "Plan Rows": 4,
                                                  "Plan Width": 14,
                                                  "Output": [
                                                    "partsupp.ps_partkey",
                                                    "partsupp.ps_suppkey",
                                                    "partsupp.ps_availqty",
                                                    "partsupp.ps_supplycost",
                                                    "partsupp.ps_comment"
                                                  ],
                                                  "Index Cond": "(partsupp.ps_partkey = part.p_partkey)"
                                                }
                                              ]
                                            },
                                            {
                                              "Node Type": "Hash",
                                              "Parent Relationship": "Inner",
                                              "Parallel Aware": false,
                                              "Async Capable": false,
                                              "Startup Cost": 323.0,
                                              "Total Cost": 323.0,
                                              "Plan Rows": 10000,
                                              "Plan Width": 8,
                                              "Output": [
                                                "supplier.s_suppkey",
                                                "supplier.s_nationkey"
                                              ],
                                              "Plans": [
                                                {
                                                  "Node Type": "Seq Scan",
                                                  "Parent Relationship": "Outer",
                                                  "Parallel Aware": false,
                                                  "Async Capable": false,
                                                  "Relation Name": "supplier",
                                                  "Schema": "public",
                                                  "Alias": "supplier",
                                                  "Startup Cost": 0.0,
                                                  "Total Cost": 323.0,
                                                  "Plan Rows": 10000,
                                                  "Plan Width": 8,
                                                  "Output": [
                                                    "supplier.s_suppkey",
                                                    "supplier.s_nationkey"
                                                  ]
                                                }
                                              ]
                                            }
                                          ]
                                        },
                                        {
                                          "Node Type": "Hash",
                                          "Parent Relationship": "Inner",
                                          "Parallel Aware": false,
                                          "Async Capable": false,
                                          "Startup Cost": 1.25,
                                          "Total Cost": 1.25,
                                          "Plan Rows": 25,
                                          "Plan Width": 108,
                                          "Output": [
                                            "nation.n_name",
                                            "nation.n_nationkey"
                                          ],
                                          "Plans": [
                                            {
                                              "Node Type": "Seq Scan",
                                              "Parent Relationship": "Outer",
                                              "Parallel Aware": false,
                                              "Async Capable": false,
                                              "Relation Name": "nation",
                                              "Schema": "public",
                                              "Alias": "nation",
                                              "Startup Cost": 0.0,
                                              "Total Cost": 1.25,
                                              "Plan Rows": 25,
                                              "Plan Width": 108,
                                              "Output": [
                                                "nation.n_name",
                                                "nation.n_nationkey"
                                              ]
                                            }
                                          ]
                                        }
                                      ]
                                    }
                                  ]
                                }
                              ]
                            }
                          ]
                        }
                      ]
                    }
                  ]
                }
              ]
            }
          ]
        }
      ]
    },
    "JIT": {
      "Functions": 48,
      "Options": {
        "Inlining": false,
        "Optimization": false,
        "Expressions": true,
        "Deforming": true
      }
    }
  }
]
```

---

## 117. Q9_6_seed_41020155.sql

**File Path:** `/Users/brunowinter2000/Documents/Thesis/2025_2026/Plan-Level/Generated_Queries/Q9/Q9_6_seed_41020155.sql`

### EXPLAIN JSON

```json
[
  {
    "Plan": {
      "Node Type": "Sort",
      "Parallel Aware": false,
      "Async Capable": false,
      "Startup Cost": 222478.18,
      "Total Cost": 222628.55,
      "Plan Rows": 60150,
      "Plan Width": 168,
      "Output": [
        "nation.n_name",
        "(EXTRACT(year FROM orders.o_orderdate))",
        "(sum(((lineitem.l_extendedprice * ('1'::numeric - lineitem.l_discount)) - (partsupp.ps_supplycost * lineitem.l_quantity))))"
      ],
      "Sort Key": [
        "nation.n_name",
        "(EXTRACT(year FROM orders.o_orderdate)) DESC"
      ],
      "Plans": [
        {
          "Node Type": "Aggregate",
          "Strategy": "Hashed",
          "Partial Mode": "Finalize",
          "Parent Relationship": "Outer",
          "Parallel Aware": false,
          "Async Capable": false,
          "Startup Cost": 216801.14,
          "Total Cost": 217703.39,
          "Plan Rows": 60150,
          "Plan Width": 168,
          "Output": [
            "nation.n_name",
            "(EXTRACT(year FROM orders.o_orderdate))",
            "sum(((lineitem.l_extendedprice * ('1'::numeric - lineitem.l_discount)) - (partsupp.ps_supplycost * lineitem.l_quantity)))"
          ],
          "Group Key": [
            "nation.n_name",
            "(EXTRACT(year FROM orders.o_orderdate))"
          ],
          "Planned Partitions": 0,
          "Plans": [
            {
              "Node Type": "Gather",
              "Parent Relationship": "Outer",
              "Parallel Aware": false,
              "Async Capable": false,
              "Startup Cost": 182816.39,
              "Total Cost": 213793.64,
              "Plan Rows": 300750,
              "Plan Width": 168,
              "Output": [
                "nation.n_name",
                "(EXTRACT(year FROM orders.o_orderdate))",
                "(PARTIAL sum(((lineitem.l_extendedprice * ('1'::numeric - lineitem.l_discount)) - (partsupp.ps_supplycost * lineitem.l_quantity))))"
              ],
              "Workers Planned": 5,
              "Single Copy": false,
              "Plans": [
                {
                  "Node Type": "Aggregate",
                  "Strategy": "Hashed",
                  "Partial Mode": "Partial",
                  "Parent Relationship": "Outer",
                  "Parallel Aware": false,
                  "Async Capable": false,
                  "Startup Cost": 181816.39,
                  "Total Cost": 182718.64,
                  "Plan Rows": 60150,
                  "Plan Width": 168,
                  "Output": [
                    "nation.n_name",
                    "(EXTRACT(year FROM orders.o_orderdate))",
                    "PARTIAL sum(((lineitem.l_extendedprice * ('1'::numeric - lineitem.l_discount)) - (partsupp.ps_supplycost * lineitem.l_quantity)))"
                  ],
                  "Group Key": [
                    "nation.n_name",
                    "EXTRACT(year FROM orders.o_orderdate)"
                  ],
                  "Planned Partitions": 0,
                  "Plans": [
                    {
                      "Node Type": "Nested Loop",
                      "Parent Relationship": "Outer",
                      "Parallel Aware": false,
                      "Async Capable": false,
                      "Join Type": "Inner",
                      "Startup Cost": 15390.98,
                      "Total Cost": 180595.73,
                      "Plan Rows": 69752,
                      "Plan Width": 159,
                      "Output": [
                        "nation.n_name",
                        "EXTRACT(year FROM orders.o_orderdate)",
                        "lineitem.l_extendedprice",
                        "lineitem.l_discount",
                        "partsupp.ps_supplycost",
                        "lineitem.l_quantity"
                      ],
                      "Inner Unique": true,
                      "Plans": [
                        {
                          "Node Type": "Hash Join",
                          "Parent Relationship": "Outer",
                          "Parallel Aware": true,
                          "Async Capable": false,
                          "Join Type": "Inner",
                          "Startup Cost": 15390.55,
                          "Total Cost": 148994.93,
                          "Plan Rows": 69752,
                          "Plan Width": 131,
                          "Output": [
                            "lineitem.l_extendedprice",
                            "lineitem.l_discount",
                            "lineitem.l_quantity",
                            "lineitem.l_orderkey",
                            "partsupp.ps_supplycost",
                            "nation.n_name"
                          ],
                          "Inner Unique": false,
                          "Hash Cond": "((lineitem.l_suppkey = supplier.s_suppkey) AND (lineitem.l_partkey = partsupp.ps_partkey))",
                          "Plans": [
                            {
                              "Node Type": "Seq Scan",
                              "Parent Relationship": "Outer",
                              "Parallel Aware": true,
                              "Async Capable": false,
                              "Relation Name": "lineitem",
                              "Schema": "public",
                              "Alias": "lineitem",
                              "Startup Cost": 0.0,
                              "Total Cost": 124602.43,
                              "Plan Rows": 1200243,
                              "Plan Width": 29,
                              "Output": [
                                "lineitem.l_orderkey",
                                "lineitem.l_partkey",
                                "lineitem.l_suppkey",
                                "lineitem.l_linenumber",
                                "lineitem.l_quantity",
                                "lineitem.l_extendedprice",
                                "lineitem.l_discount",
                                "lineitem.l_tax",
                                "lineitem.l_returnflag",
                                "lineitem.l_linestatus",
                                "lineitem.l_shipdate",
                                "lineitem.l_commitdate",
                                "lineitem.l_receiptdate",
                                "lineitem.l_shipinstruct",
                                "lineitem.l_shipmode",
                                "lineitem.l_comment"
                              ]
                            },
                            {
                              "Node Type": "Hash",
                              "Parent Relationship": "Inner",
                              "Parallel Aware": true,
                              "Async Capable": false,
                              "Startup Cost": 15099.97,
                              "Total Cost": 15099.97,
                              "Plan Rows": 19372,
                              "Plan Width": 126,
                              "Output": [
                                "part.p_partkey",
                                "partsupp.ps_supplycost",
                                "partsupp.ps_suppkey",
                                "partsupp.ps_partkey",
                                "supplier.s_suppkey",
                                "nation.n_name"
                              ],
                              "Plans": [
                                {
                                  "Node Type": "Hash Join",
                                  "Parent Relationship": "Outer",
                                  "Parallel Aware": false,
                                  "Async Capable": false,
                                  "Join Type": "Inner",
                                  "Startup Cost": 449.99,
                                  "Total Cost": 15099.97,
                                  "Plan Rows": 19372,
                                  "Plan Width": 126,
                                  "Output": [
                                    "part.p_partkey",
                                    "partsupp.ps_supplycost",
                                    "partsupp.ps_suppkey",
                                    "partsupp.ps_partkey",
                                    "supplier.s_suppkey",
                                    "nation.n_name"
                                  ],
                                  "Inner Unique": true,
                                  "Hash Cond": "(supplier.s_nationkey = nation.n_nationkey)",
                                  "Plans": [
                                    {
                                      "Node Type": "Hash Join",
                                      "Parent Relationship": "Outer",
                                      "Parallel Aware": false,
                                      "Async Capable": false,
                                      "Join Type": "Inner",
                                      "Startup Cost": 448.43,
                                      "Total Cost": 15038.94,
                                      "Plan Rows": 19372,
                                      "Plan Width": 26,
                                      "Output": [
                                        "part.p_partkey",
                                        "partsupp.ps_supplycost",
                                        "partsupp.ps_suppkey",
                                        "partsupp.ps_partkey",
                                        "supplier.s_suppkey",
                                        "supplier.s_nationkey"
                                      ],
                                      "Inner Unique": true,
                                      "Hash Cond": "(partsupp.ps_suppkey = supplier.s_suppkey)",
                                      "Plans": [
                                        {
                                          "Node Type": "Nested Loop",
                                          "Parent Relationship": "Outer",
                                          "Parallel Aware": false,
                                          "Async Capable": false,
                                          "Join Type": "Inner",
                                          "Startup Cost": 0.42,
                                          "Total Cost": 14540.06,
                                          "Plan Rows": 19372,
                                          "Plan Width": 18,
                                          "Output": [
                                            "part.p_partkey",
                                            "partsupp.ps_supplycost",
                                            "partsupp.ps_suppkey",
                                            "partsupp.ps_partkey"
                                          ],
                                          "Inner Unique": false,
                                          "Plans": [
                                            {
                                              "Node Type": "Seq Scan",
                                              "Parent Relationship": "Outer",
                                              "Parallel Aware": true,
                                              "Async Capable": false,
                                              "Relation Name": "part",
                                              "Schema": "public",
                                              "Alias": "part",
                                              "Startup Cost": 0.0,
                                              "Total Cost": 5169.67,
                                              "Plan Rows": 4843,
                                              "Plan Width": 4,
                                              "Output": [
                                                "part.p_partkey",
                                                "part.p_name",
                                                "part.p_mfgr",
                                                "part.p_brand",
                                                "part.p_type",
                                                "part.p_size",
                                                "part.p_container",
                                                "part.p_retailprice",
                                                "part.p_comment"
                                              ],
                                              "Filter": "((part.p_name)::text ~~ '%lemon%'::text)"
                                            },
                                            {
                                              "Node Type": "Index Scan",
                                              "Parent Relationship": "Inner",
                                              "Parallel Aware": false,
                                              "Async Capable": false,
                                              "Scan Direction": "Forward",
                                              "Index Name": "partsupp_pkey",
                                              "Relation Name": "partsupp",
                                              "Schema": "public",
                                              "Alias": "partsupp",
                                              "Startup Cost": 0.42,
                                              "Total Cost": 1.89,
                                              "Plan Rows": 4,
                                              "Plan Width": 14,
                                              "Output": [
                                                "partsupp.ps_partkey",
                                                "partsupp.ps_suppkey",
                                                "partsupp.ps_availqty",
                                                "partsupp.ps_supplycost",
                                                "partsupp.ps_comment"
                                              ],
                                              "Index Cond": "(partsupp.ps_partkey = part.p_partkey)"
                                            }
                                          ]
                                        },
                                        {
                                          "Node Type": "Hash",
                                          "Parent Relationship": "Inner",
                                          "Parallel Aware": false,
                                          "Async Capable": false,
                                          "Startup Cost": 323.0,
                                          "Total Cost": 323.0,
                                          "Plan Rows": 10000,
                                          "Plan Width": 8,
                                          "Output": [
                                            "supplier.s_suppkey",
                                            "supplier.s_nationkey"
                                          ],
                                          "Plans": [
                                            {
                                              "Node Type": "Seq Scan",
                                              "Parent Relationship": "Outer",
                                              "Parallel Aware": false,
                                              "Async Capable": false,
                                              "Relation Name": "supplier",
                                              "Schema": "public",
                                              "Alias": "supplier",
                                              "Startup Cost": 0.0,
                                              "Total Cost": 323.0,
                                              "Plan Rows": 10000,
                                              "Plan Width": 8,
                                              "Output": [
                                                "supplier.s_suppkey",
                                                "supplier.s_nationkey"
                                              ]
                                            }
                                          ]
                                        }
                                      ]
                                    },
                                    {
                                      "Node Type": "Hash",
                                      "Parent Relationship": "Inner",
                                      "Parallel Aware": false,
                                      "Async Capable": false,
                                      "Startup Cost": 1.25,
                                      "Total Cost": 1.25,
                                      "Plan Rows": 25,
                                      "Plan Width": 108,
                                      "Output": [
                                        "nation.n_name",
                                        "nation.n_nationkey"
                                      ],
                                      "Plans": [
                                        {
                                          "Node Type": "Seq Scan",
                                          "Parent Relationship": "Outer",
                                          "Parallel Aware": false,
                                          "Async Capable": false,
                                          "Relation Name": "nation",
                                          "Schema": "public",
                                          "Alias": "nation",
                                          "Startup Cost": 0.0,
                                          "Total Cost": 1.25,
                                          "Plan Rows": 25,
                                          "Plan Width": 108,
                                          "Output": [
                                            "nation.n_name",
                                            "nation.n_nationkey"
                                          ]
                                        }
                                      ]
                                    }
                                  ]
                                }
                              ]
                            }
                          ]
                        },
                        {
                          "Node Type": "Index Scan",
                          "Parent Relationship": "Inner",
                          "Parallel Aware": false,
                          "Async Capable": false,
                          "Scan Direction": "Forward",
                          "Index Name": "orders_pkey",
                          "Relation Name": "orders",
                          "Schema": "public",
                          "Alias": "orders",
                          "Startup Cost": 0.43,
                          "Total Cost": 0.45,
                          "Plan Rows": 1,
                          "Plan Width": 8,
                          "Output": [
                            "orders.o_orderkey",
                            "orders.o_custkey",
                            "orders.o_orderstatus",
                            "orders.o_totalprice",
                            "orders.o_orderdate",
                            "orders.o_orderpriority",
                            "orders.o_clerk",
                            "orders.o_shippriority",
                            "orders.o_comment"
                          ],
                          "Index Cond": "(orders.o_orderkey = lineitem.l_orderkey)"
                        }
                      ]
                    }
                  ]
                }
              ]
            }
          ]
        }
      ]
    },
    "JIT": {
      "Functions": 43,
      "Options": {
        "Inlining": false,
        "Optimization": false,
        "Expressions": true,
        "Deforming": true
      }
    }
  }
]
```

---

## 118. Q9_70_seed_566078139.sql

**File Path:** `/Users/brunowinter2000/Documents/Thesis/2025_2026/Plan-Level/Generated_Queries/Q9/Q9_70_seed_566078139.sql`

### EXPLAIN JSON

```json
[
  {
    "Plan": {
      "Node Type": "Sort",
      "Parallel Aware": false,
      "Async Capable": false,
      "Startup Cost": 222478.18,
      "Total Cost": 222628.55,
      "Plan Rows": 60150,
      "Plan Width": 168,
      "Output": [
        "nation.n_name",
        "(EXTRACT(year FROM orders.o_orderdate))",
        "(sum(((lineitem.l_extendedprice * ('1'::numeric - lineitem.l_discount)) - (partsupp.ps_supplycost * lineitem.l_quantity))))"
      ],
      "Sort Key": [
        "nation.n_name",
        "(EXTRACT(year FROM orders.o_orderdate)) DESC"
      ],
      "Plans": [
        {
          "Node Type": "Aggregate",
          "Strategy": "Hashed",
          "Partial Mode": "Finalize",
          "Parent Relationship": "Outer",
          "Parallel Aware": false,
          "Async Capable": false,
          "Startup Cost": 216801.14,
          "Total Cost": 217703.39,
          "Plan Rows": 60150,
          "Plan Width": 168,
          "Output": [
            "nation.n_name",
            "(EXTRACT(year FROM orders.o_orderdate))",
            "sum(((lineitem.l_extendedprice * ('1'::numeric - lineitem.l_discount)) - (partsupp.ps_supplycost * lineitem.l_quantity)))"
          ],
          "Group Key": [
            "nation.n_name",
            "(EXTRACT(year FROM orders.o_orderdate))"
          ],
          "Planned Partitions": 0,
          "Plans": [
            {
              "Node Type": "Gather",
              "Parent Relationship": "Outer",
              "Parallel Aware": false,
              "Async Capable": false,
              "Startup Cost": 182816.39,
              "Total Cost": 213793.64,
              "Plan Rows": 300750,
              "Plan Width": 168,
              "Output": [
                "nation.n_name",
                "(EXTRACT(year FROM orders.o_orderdate))",
                "(PARTIAL sum(((lineitem.l_extendedprice * ('1'::numeric - lineitem.l_discount)) - (partsupp.ps_supplycost * lineitem.l_quantity))))"
              ],
              "Workers Planned": 5,
              "Single Copy": false,
              "Plans": [
                {
                  "Node Type": "Aggregate",
                  "Strategy": "Hashed",
                  "Partial Mode": "Partial",
                  "Parent Relationship": "Outer",
                  "Parallel Aware": false,
                  "Async Capable": false,
                  "Startup Cost": 181816.39,
                  "Total Cost": 182718.64,
                  "Plan Rows": 60150,
                  "Plan Width": 168,
                  "Output": [
                    "nation.n_name",
                    "(EXTRACT(year FROM orders.o_orderdate))",
                    "PARTIAL sum(((lineitem.l_extendedprice * ('1'::numeric - lineitem.l_discount)) - (partsupp.ps_supplycost * lineitem.l_quantity)))"
                  ],
                  "Group Key": [
                    "nation.n_name",
                    "EXTRACT(year FROM orders.o_orderdate)"
                  ],
                  "Planned Partitions": 0,
                  "Plans": [
                    {
                      "Node Type": "Nested Loop",
                      "Parent Relationship": "Outer",
                      "Parallel Aware": false,
                      "Async Capable": false,
                      "Join Type": "Inner",
                      "Startup Cost": 15390.98,
                      "Total Cost": 180595.73,
                      "Plan Rows": 69752,
                      "Plan Width": 159,
                      "Output": [
                        "nation.n_name",
                        "EXTRACT(year FROM orders.o_orderdate)",
                        "lineitem.l_extendedprice",
                        "lineitem.l_discount",
                        "partsupp.ps_supplycost",
                        "lineitem.l_quantity"
                      ],
                      "Inner Unique": true,
                      "Plans": [
                        {
                          "Node Type": "Hash Join",
                          "Parent Relationship": "Outer",
                          "Parallel Aware": true,
                          "Async Capable": false,
                          "Join Type": "Inner",
                          "Startup Cost": 15390.55,
                          "Total Cost": 148994.93,
                          "Plan Rows": 69752,
                          "Plan Width": 131,
                          "Output": [
                            "lineitem.l_extendedprice",
                            "lineitem.l_discount",
                            "lineitem.l_quantity",
                            "lineitem.l_orderkey",
                            "partsupp.ps_supplycost",
                            "nation.n_name"
                          ],
                          "Inner Unique": false,
                          "Hash Cond": "((lineitem.l_suppkey = supplier.s_suppkey) AND (lineitem.l_partkey = partsupp.ps_partkey))",
                          "Plans": [
                            {
                              "Node Type": "Seq Scan",
                              "Parent Relationship": "Outer",
                              "Parallel Aware": true,
                              "Async Capable": false,
                              "Relation Name": "lineitem",
                              "Schema": "public",
                              "Alias": "lineitem",
                              "Startup Cost": 0.0,
                              "Total Cost": 124602.43,
                              "Plan Rows": 1200243,
                              "Plan Width": 29,
                              "Output": [
                                "lineitem.l_orderkey",
                                "lineitem.l_partkey",
                                "lineitem.l_suppkey",
                                "lineitem.l_linenumber",
                                "lineitem.l_quantity",
                                "lineitem.l_extendedprice",
                                "lineitem.l_discount",
                                "lineitem.l_tax",
                                "lineitem.l_returnflag",
                                "lineitem.l_linestatus",
                                "lineitem.l_shipdate",
                                "lineitem.l_commitdate",
                                "lineitem.l_receiptdate",
                                "lineitem.l_shipinstruct",
                                "lineitem.l_shipmode",
                                "lineitem.l_comment"
                              ]
                            },
                            {
                              "Node Type": "Hash",
                              "Parent Relationship": "Inner",
                              "Parallel Aware": true,
                              "Async Capable": false,
                              "Startup Cost": 15099.97,
                              "Total Cost": 15099.97,
                              "Plan Rows": 19372,
                              "Plan Width": 126,
                              "Output": [
                                "part.p_partkey",
                                "partsupp.ps_supplycost",
                                "partsupp.ps_suppkey",
                                "partsupp.ps_partkey",
                                "supplier.s_suppkey",
                                "nation.n_name"
                              ],
                              "Plans": [
                                {
                                  "Node Type": "Hash Join",
                                  "Parent Relationship": "Outer",
                                  "Parallel Aware": false,
                                  "Async Capable": false,
                                  "Join Type": "Inner",
                                  "Startup Cost": 449.99,
                                  "Total Cost": 15099.97,
                                  "Plan Rows": 19372,
                                  "Plan Width": 126,
                                  "Output": [
                                    "part.p_partkey",
                                    "partsupp.ps_supplycost",
                                    "partsupp.ps_suppkey",
                                    "partsupp.ps_partkey",
                                    "supplier.s_suppkey",
                                    "nation.n_name"
                                  ],
                                  "Inner Unique": true,
                                  "Hash Cond": "(supplier.s_nationkey = nation.n_nationkey)",
                                  "Plans": [
                                    {
                                      "Node Type": "Hash Join",
                                      "Parent Relationship": "Outer",
                                      "Parallel Aware": false,
                                      "Async Capable": false,
                                      "Join Type": "Inner",
                                      "Startup Cost": 448.43,
                                      "Total Cost": 15038.94,
                                      "Plan Rows": 19372,
                                      "Plan Width": 26,
                                      "Output": [
                                        "part.p_partkey",
                                        "partsupp.ps_supplycost",
                                        "partsupp.ps_suppkey",
                                        "partsupp.ps_partkey",
                                        "supplier.s_suppkey",
                                        "supplier.s_nationkey"
                                      ],
                                      "Inner Unique": true,
                                      "Hash Cond": "(partsupp.ps_suppkey = supplier.s_suppkey)",
                                      "Plans": [
                                        {
                                          "Node Type": "Nested Loop",
                                          "Parent Relationship": "Outer",
                                          "Parallel Aware": false,
                                          "Async Capable": false,
                                          "Join Type": "Inner",
                                          "Startup Cost": 0.42,
                                          "Total Cost": 14540.06,
                                          "Plan Rows": 19372,
                                          "Plan Width": 18,
                                          "Output": [
                                            "part.p_partkey",
                                            "partsupp.ps_supplycost",
                                            "partsupp.ps_suppkey",
                                            "partsupp.ps_partkey"
                                          ],
                                          "Inner Unique": false,
                                          "Plans": [
                                            {
                                              "Node Type": "Seq Scan",
                                              "Parent Relationship": "Outer",
                                              "Parallel Aware": true,
                                              "Async Capable": false,
                                              "Relation Name": "part",
                                              "Schema": "public",
                                              "Alias": "part",
                                              "Startup Cost": 0.0,
                                              "Total Cost": 5169.67,
                                              "Plan Rows": 4843,
                                              "Plan Width": 4,
                                              "Output": [
                                                "part.p_partkey",
                                                "part.p_name",
                                                "part.p_mfgr",
                                                "part.p_brand",
                                                "part.p_type",
                                                "part.p_size",
                                                "part.p_container",
                                                "part.p_retailprice",
                                                "part.p_comment"
                                              ],
                                              "Filter": "((part.p_name)::text ~~ '%black%'::text)"
                                            },
                                            {
                                              "Node Type": "Index Scan",
                                              "Parent Relationship": "Inner",
                                              "Parallel Aware": false,
                                              "Async Capable": false,
                                              "Scan Direction": "Forward",
                                              "Index Name": "partsupp_pkey",
                                              "Relation Name": "partsupp",
                                              "Schema": "public",
                                              "Alias": "partsupp",
                                              "Startup Cost": 0.42,
                                              "Total Cost": 1.89,
                                              "Plan Rows": 4,
                                              "Plan Width": 14,
                                              "Output": [
                                                "partsupp.ps_partkey",
                                                "partsupp.ps_suppkey",
                                                "partsupp.ps_availqty",
                                                "partsupp.ps_supplycost",
                                                "partsupp.ps_comment"
                                              ],
                                              "Index Cond": "(partsupp.ps_partkey = part.p_partkey)"
                                            }
                                          ]
                                        },
                                        {
                                          "Node Type": "Hash",
                                          "Parent Relationship": "Inner",
                                          "Parallel Aware": false,
                                          "Async Capable": false,
                                          "Startup Cost": 323.0,
                                          "Total Cost": 323.0,
                                          "Plan Rows": 10000,
                                          "Plan Width": 8,
                                          "Output": [
                                            "supplier.s_suppkey",
                                            "supplier.s_nationkey"
                                          ],
                                          "Plans": [
                                            {
                                              "Node Type": "Seq Scan",
                                              "Parent Relationship": "Outer",
                                              "Parallel Aware": false,
                                              "Async Capable": false,
                                              "Relation Name": "supplier",
                                              "Schema": "public",
                                              "Alias": "supplier",
                                              "Startup Cost": 0.0,
                                              "Total Cost": 323.0,
                                              "Plan Rows": 10000,
                                              "Plan Width": 8,
                                              "Output": [
                                                "supplier.s_suppkey",
                                                "supplier.s_nationkey"
                                              ]
                                            }
                                          ]
                                        }
                                      ]
                                    },
                                    {
                                      "Node Type": "Hash",
                                      "Parent Relationship": "Inner",
                                      "Parallel Aware": false,
                                      "Async Capable": false,
                                      "Startup Cost": 1.25,
                                      "Total Cost": 1.25,
                                      "Plan Rows": 25,
                                      "Plan Width": 108,
                                      "Output": [
                                        "nation.n_name",
                                        "nation.n_nationkey"
                                      ],
                                      "Plans": [
                                        {
                                          "Node Type": "Seq Scan",
                                          "Parent Relationship": "Outer",
                                          "Parallel Aware": false,
                                          "Async Capable": false,
                                          "Relation Name": "nation",
                                          "Schema": "public",
                                          "Alias": "nation",
                                          "Startup Cost": 0.0,
                                          "Total Cost": 1.25,
                                          "Plan Rows": 25,
                                          "Plan Width": 108,
                                          "Output": [
                                            "nation.n_name",
                                            "nation.n_nationkey"
                                          ]
                                        }
                                      ]
                                    }
                                  ]
                                }
                              ]
                            }
                          ]
                        },
                        {
                          "Node Type": "Index Scan",
                          "Parent Relationship": "Inner",
                          "Parallel Aware": false,
                          "Async Capable": false,
                          "Scan Direction": "Forward",
                          "Index Name": "orders_pkey",
                          "Relation Name": "orders",
                          "Schema": "public",
                          "Alias": "orders",
                          "Startup Cost": 0.43,
                          "Total Cost": 0.45,
                          "Plan Rows": 1,
                          "Plan Width": 8,
                          "Output": [
                            "orders.o_orderkey",
                            "orders.o_custkey",
                            "orders.o_orderstatus",
                            "orders.o_totalprice",
                            "orders.o_orderdate",
                            "orders.o_orderpriority",
                            "orders.o_clerk",
                            "orders.o_shippriority",
                            "orders.o_comment"
                          ],
                          "Index Cond": "(orders.o_orderkey = lineitem.l_orderkey)"
                        }
                      ]
                    }
                  ]
                }
              ]
            }
          ]
        }
      ]
    },
    "JIT": {
      "Functions": 43,
      "Options": {
        "Inlining": false,
        "Optimization": false,
        "Expressions": true,
        "Deforming": true
      }
    }
  }
]
```

---

## 119. Q9_71_seed_574282170.sql

**File Path:** `/Users/brunowinter2000/Documents/Thesis/2025_2026/Plan-Level/Generated_Queries/Q9/Q9_71_seed_574282170.sql`

### EXPLAIN JSON

```json
[
  {
    "Plan": {
      "Node Type": "Sort",
      "Parallel Aware": false,
      "Async Capable": false,
      "Startup Cost": 209315.24,
      "Total Cost": 209465.61,
      "Plan Rows": 60150,
      "Plan Width": 168,
      "Output": [
        "nation.n_name",
        "(EXTRACT(year FROM orders.o_orderdate))",
        "(sum(((lineitem.l_extendedprice * ('1'::numeric - lineitem.l_discount)) - (partsupp.ps_supplycost * lineitem.l_quantity))))"
      ],
      "Sort Key": [
        "nation.n_name",
        "(EXTRACT(year FROM orders.o_orderdate)) DESC"
      ],
      "Plans": [
        {
          "Node Type": "Aggregate",
          "Strategy": "Hashed",
          "Partial Mode": "Finalize",
          "Parent Relationship": "Outer",
          "Parallel Aware": false,
          "Async Capable": false,
          "Startup Cost": 203638.2,
          "Total Cost": 204540.45,
          "Plan Rows": 60150,
          "Plan Width": 168,
          "Output": [
            "nation.n_name",
            "(EXTRACT(year FROM orders.o_orderdate))",
            "sum(((lineitem.l_extendedprice * ('1'::numeric - lineitem.l_discount)) - (partsupp.ps_supplycost * lineitem.l_quantity)))"
          ],
          "Group Key": [
            "nation.n_name",
            "(EXTRACT(year FROM orders.o_orderdate))"
          ],
          "Planned Partitions": 0,
          "Plans": [
            {
              "Node Type": "Gather",
              "Parent Relationship": "Outer",
              "Parallel Aware": false,
              "Async Capable": false,
              "Startup Cost": 173738.96,
              "Total Cost": 200992.25,
              "Plan Rows": 264595,
              "Plan Width": 168,
              "Output": [
                "nation.n_name",
                "(EXTRACT(year FROM orders.o_orderdate))",
                "(PARTIAL sum(((lineitem.l_extendedprice * ('1'::numeric - lineitem.l_discount)) - (partsupp.ps_supplycost * lineitem.l_quantity))))"
              ],
              "Workers Planned": 5,
              "Single Copy": false,
              "Plans": [
                {
                  "Node Type": "Aggregate",
                  "Strategy": "Hashed",
                  "Partial Mode": "Partial",
                  "Parent Relationship": "Outer",
                  "Parallel Aware": false,
                  "Async Capable": false,
                  "Startup Cost": 172738.96,
                  "Total Cost": 173532.75,
                  "Plan Rows": 52919,
                  "Plan Width": 168,
                  "Output": [
                    "nation.n_name",
                    "(EXTRACT(year FROM orders.o_orderdate))",
                    "PARTIAL sum(((lineitem.l_extendedprice * ('1'::numeric - lineitem.l_discount)) - (partsupp.ps_supplycost * lineitem.l_quantity)))"
                  ],
                  "Group Key": [
                    "nation.n_name",
                    "EXTRACT(year FROM orders.o_orderdate)"
                  ],
                  "Planned Partitions": 0,
                  "Plans": [
                    {
                      "Node Type": "Nested Loop",
                      "Parent Relationship": "Outer",
                      "Parallel Aware": false,
                      "Async Capable": false,
                      "Join Type": "Inner",
                      "Startup Cost": 14234.27,
                      "Total Cost": 171812.88,
                      "Plan Rows": 52919,
                      "Plan Width": 159,
                      "Output": [
                        "nation.n_name",
                        "EXTRACT(year FROM orders.o_orderdate)",
                        "lineitem.l_extendedprice",
                        "lineitem.l_discount",
                        "partsupp.ps_supplycost",
                        "lineitem.l_quantity"
                      ],
                      "Inner Unique": true,
                      "Plans": [
                        {
                          "Node Type": "Hash Join",
                          "Parent Relationship": "Outer",
                          "Parallel Aware": true,
                          "Async Capable": false,
                          "Join Type": "Inner",
                          "Startup Cost": 14233.85,
                          "Total Cost": 147838.19,
                          "Plan Rows": 52919,
                          "Plan Width": 131,
                          "Output": [
                            "lineitem.l_extendedprice",
                            "lineitem.l_discount",
                            "lineitem.l_quantity",
                            "lineitem.l_orderkey",
                            "partsupp.ps_supplycost",
                            "nation.n_name"
                          ],
                          "Inner Unique": false,
                          "Hash Cond": "((lineitem.l_suppkey = supplier.s_suppkey) AND (lineitem.l_partkey = partsupp.ps_partkey))",
                          "Plans": [
                            {
                              "Node Type": "Seq Scan",
                              "Parent Relationship": "Outer",
                              "Parallel Aware": true,
                              "Async Capable": false,
                              "Relation Name": "lineitem",
                              "Schema": "public",
                              "Alias": "lineitem",
                              "Startup Cost": 0.0,
                              "Total Cost": 124602.43,
                              "Plan Rows": 1200243,
                              "Plan Width": 29,
                              "Output": [
                                "lineitem.l_orderkey",
                                "lineitem.l_partkey",
                                "lineitem.l_suppkey",
                                "lineitem.l_linenumber",
                                "lineitem.l_quantity",
                                "lineitem.l_extendedprice",
                                "lineitem.l_discount",
                                "lineitem.l_tax",
                                "lineitem.l_returnflag",
                                "lineitem.l_linestatus",
                                "lineitem.l_shipdate",
                                "lineitem.l_commitdate",
                                "lineitem.l_receiptdate",
                                "lineitem.l_shipinstruct",
                                "lineitem.l_shipmode",
                                "lineitem.l_comment"
                              ]
                            },
                            {
                              "Node Type": "Hash",
                              "Parent Relationship": "Inner",
                              "Parallel Aware": true,
                              "Async Capable": false,
                              "Startup Cost": 14013.39,
                              "Total Cost": 14013.39,
                              "Plan Rows": 14697,
                              "Plan Width": 126,
                              "Output": [
                                "part.p_partkey",
                                "partsupp.ps_supplycost",
                                "partsupp.ps_suppkey",
                                "partsupp.ps_partkey",
                                "supplier.s_suppkey",
                                "nation.n_name"
                              ],
                              "Plans": [
                                {
                                  "Node Type": "Hash Join",
                                  "Parent Relationship": "Outer",
                                  "Parallel Aware": false,
                                  "Async Capable": false,
                                  "Join Type": "Inner",
                                  "Startup Cost": 449.99,
                                  "Total Cost": 14013.39,
                                  "Plan Rows": 14697,
                                  "Plan Width": 126,
                                  "Output": [
                                    "part.p_partkey",
                                    "partsupp.ps_supplycost",
                                    "partsupp.ps_suppkey",
                                    "partsupp.ps_partkey",
                                    "supplier.s_suppkey",
                                    "nation.n_name"
                                  ],
                                  "Inner Unique": true,
                                  "Hash Cond": "(supplier.s_nationkey = nation.n_nationkey)",
                                  "Plans": [
                                    {
                                      "Node Type": "Hash Join",
                                      "Parent Relationship": "Outer",
                                      "Parallel Aware": false,
                                      "Async Capable": false,
                                      "Join Type": "Inner",
                                      "Startup Cost": 448.43,
                                      "Total Cost": 13966.71,
                                      "Plan Rows": 14697,
                                      "Plan Width": 26,
                                      "Output": [
                                        "part.p_partkey",
                                        "partsupp.ps_supplycost",
                                        "partsupp.ps_suppkey",
                                        "partsupp.ps_partkey",
                                        "supplier.s_suppkey",
                                        "supplier.s_nationkey"
                                      ],
                                      "Inner Unique": true,
                                      "Hash Cond": "(partsupp.ps_suppkey = supplier.s_suppkey)",
                                      "Plans": [
                                        {
                                          "Node Type": "Nested Loop",
                                          "Parent Relationship": "Outer",
                                          "Parallel Aware": false,
                                          "Async Capable": false,
                                          "Join Type": "Inner",
                                          "Startup Cost": 0.42,
                                          "Total Cost": 13480.12,
                                          "Plan Rows": 14697,
                                          "Plan Width": 18,
                                          "Output": [
                                            "part.p_partkey",
                                            "partsupp.ps_supplycost",
                                            "partsupp.ps_suppkey",
                                            "partsupp.ps_partkey"
                                          ],
                                          "Inner Unique": false,
                                          "Plans": [
                                            {
                                              "Node Type": "Seq Scan",
                                              "Parent Relationship": "Outer",
                                              "Parallel Aware": true,
                                              "Async Capable": false,
                                              "Relation Name": "part",
                                              "Schema": "public",
                                              "Alias": "part",
                                              "Startup Cost": 0.0,
                                              "Total Cost": 5169.67,
                                              "Plan Rows": 3674,
                                              "Plan Width": 4,
                                              "Output": [
                                                "part.p_partkey",
                                                "part.p_name",
                                                "part.p_mfgr",
                                                "part.p_brand",
                                                "part.p_type",
                                                "part.p_size",
                                                "part.p_container",
                                                "part.p_retailprice",
                                                "part.p_comment"
                                              ],
                                              "Filter": "((part.p_name)::text ~~ '%midnight%'::text)"
                                            },
                                            {
                                              "Node Type": "Index Scan",
                                              "Parent Relationship": "Inner",
                                              "Parallel Aware": false,
                                              "Async Capable": false,
                                              "Scan Direction": "Forward",
                                              "Index Name": "partsupp_pkey",
                                              "Relation Name": "partsupp",
                                              "Schema": "public",
                                              "Alias": "partsupp",
                                              "Startup Cost": 0.42,
                                              "Total Cost": 2.22,
                                              "Plan Rows": 4,
                                              "Plan Width": 14,
                                              "Output": [
                                                "partsupp.ps_partkey",
                                                "partsupp.ps_suppkey",
                                                "partsupp.ps_availqty",
                                                "partsupp.ps_supplycost",
                                                "partsupp.ps_comment"
                                              ],
                                              "Index Cond": "(partsupp.ps_partkey = part.p_partkey)"
                                            }
                                          ]
                                        },
                                        {
                                          "Node Type": "Hash",
                                          "Parent Relationship": "Inner",
                                          "Parallel Aware": false,
                                          "Async Capable": false,
                                          "Startup Cost": 323.0,
                                          "Total Cost": 323.0,
                                          "Plan Rows": 10000,
                                          "Plan Width": 8,
                                          "Output": [
                                            "supplier.s_suppkey",
                                            "supplier.s_nationkey"
                                          ],
                                          "Plans": [
                                            {
                                              "Node Type": "Seq Scan",
                                              "Parent Relationship": "Outer",
                                              "Parallel Aware": false,
                                              "Async Capable": false,
                                              "Relation Name": "supplier",
                                              "Schema": "public",
                                              "Alias": "supplier",
                                              "Startup Cost": 0.0,
                                              "Total Cost": 323.0,
                                              "Plan Rows": 10000,
                                              "Plan Width": 8,
                                              "Output": [
                                                "supplier.s_suppkey",
                                                "supplier.s_nationkey"
                                              ]
                                            }
                                          ]
                                        }
                                      ]
                                    },
                                    {
                                      "Node Type": "Hash",
                                      "Parent Relationship": "Inner",
                                      "Parallel Aware": false,
                                      "Async Capable": false,
                                      "Startup Cost": 1.25,
                                      "Total Cost": 1.25,
                                      "Plan Rows": 25,
                                      "Plan Width": 108,
                                      "Output": [
                                        "nation.n_name",
                                        "nation.n_nationkey"
                                      ],
                                      "Plans": [
                                        {
                                          "Node Type": "Seq Scan",
                                          "Parent Relationship": "Outer",
                                          "Parallel Aware": false,
                                          "Async Capable": false,
                                          "Relation Name": "nation",
                                          "Schema": "public",
                                          "Alias": "nation",
                                          "Startup Cost": 0.0,
                                          "Total Cost": 1.25,
                                          "Plan Rows": 25,
                                          "Plan Width": 108,
                                          "Output": [
                                            "nation.n_name",
                                            "nation.n_nationkey"
                                          ]
                                        }
                                      ]
                                    }
                                  ]
                                }
                              ]
                            }
                          ]
                        },
                        {
                          "Node Type": "Index Scan",
                          "Parent Relationship": "Inner",
                          "Parallel Aware": false,
                          "Async Capable": false,
                          "Scan Direction": "Forward",
                          "Index Name": "orders_pkey",
                          "Relation Name": "orders",
                          "Schema": "public",
                          "Alias": "orders",
                          "Startup Cost": 0.43,
                          "Total Cost": 0.45,
                          "Plan Rows": 1,
                          "Plan Width": 8,
                          "Output": [
                            "orders.o_orderkey",
                            "orders.o_custkey",
                            "orders.o_orderstatus",
                            "orders.o_totalprice",
                            "orders.o_orderdate",
                            "orders.o_orderpriority",
                            "orders.o_clerk",
                            "orders.o_shippriority",
                            "orders.o_comment"
                          ],
                          "Index Cond": "(orders.o_orderkey = lineitem.l_orderkey)"
                        }
                      ]
                    }
                  ]
                }
              ]
            }
          ]
        }
      ]
    },
    "JIT": {
      "Functions": 43,
      "Options": {
        "Inlining": false,
        "Optimization": false,
        "Expressions": true,
        "Deforming": true
      }
    }
  }
]
```

---

## 120. Q9_72_seed_582486201.sql

**File Path:** `/Users/brunowinter2000/Documents/Thesis/2025_2026/Plan-Level/Generated_Queries/Q9/Q9_72_seed_582486201.sql`

### EXPLAIN JSON

```json
[
  {
    "Plan": {
      "Node Type": "Sort",
      "Parallel Aware": false,
      "Async Capable": false,
      "Startup Cost": 213659.85,
      "Total Cost": 213810.22,
      "Plan Rows": 60150,
      "Plan Width": 168,
      "Output": [
        "nation.n_name",
        "(EXTRACT(year FROM orders.o_orderdate))",
        "(sum(((lineitem.l_extendedprice * ('1'::numeric - lineitem.l_discount)) - (partsupp.ps_supplycost * lineitem.l_quantity))))"
      ],
      "Sort Key": [
        "nation.n_name",
        "(EXTRACT(year FROM orders.o_orderdate)) DESC"
      ],
      "Plans": [
        {
          "Node Type": "Aggregate",
          "Strategy": "Hashed",
          "Partial Mode": "Finalize",
          "Parent Relationship": "Outer",
          "Parallel Aware": false,
          "Async Capable": false,
          "Startup Cost": 207982.81,
          "Total Cost": 208885.06,
          "Plan Rows": 60150,
          "Plan Width": 168,
          "Output": [
            "nation.n_name",
            "(EXTRACT(year FROM orders.o_orderdate))",
            "sum(((lineitem.l_extendedprice * ('1'::numeric - lineitem.l_discount)) - (partsupp.ps_supplycost * lineitem.l_quantity)))"
          ],
          "Group Key": [
            "nation.n_name",
            "(EXTRACT(year FROM orders.o_orderdate))"
          ],
          "Planned Partitions": 0,
          "Plans": [
            {
              "Node Type": "Gather",
              "Parent Relationship": "Outer",
              "Parallel Aware": false,
              "Async Capable": false,
              "Startup Cost": 187231.06,
              "Total Cost": 206178.31,
              "Plan Rows": 180450,
              "Plan Width": 168,
              "Output": [
                "nation.n_name",
                "(EXTRACT(year FROM orders.o_orderdate))",
                "(PARTIAL sum(((lineitem.l_extendedprice * ('1'::numeric - lineitem.l_discount)) - (partsupp.ps_supplycost * lineitem.l_quantity))))"
              ],
              "Workers Planned": 3,
              "Single Copy": false,
              "Plans": [
                {
                  "Node Type": "Aggregate",
                  "Strategy": "Hashed",
                  "Partial Mode": "Partial",
                  "Parent Relationship": "Outer",
                  "Parallel Aware": false,
                  "Async Capable": false,
                  "Startup Cost": 186231.06,
                  "Total Cost": 187133.31,
                  "Plan Rows": 60150,
                  "Plan Width": 168,
                  "Output": [
                    "nation.n_name",
                    "(EXTRACT(year FROM orders.o_orderdate))",
                    "PARTIAL sum(((lineitem.l_extendedprice * ('1'::numeric - lineitem.l_discount)) - (partsupp.ps_supplycost * lineitem.l_quantity)))"
                  ],
                  "Group Key": [
                    "nation.n_name",
                    "EXTRACT(year FROM orders.o_orderdate)"
                  ],
                  "Planned Partitions": 0,
                  "Plans": [
                    {
                      "Node Type": "Hash Join",
                      "Parent Relationship": "Outer",
                      "Parallel Aware": true,
                      "Async Capable": false,
                      "Join Type": "Inner",
                      "Startup Cost": 150625.41,
                      "Total Cost": 183990.72,
                      "Plan Rows": 128019,
                      "Plan Width": 159,
                      "Output": [
                        "nation.n_name",
                        "EXTRACT(year FROM orders.o_orderdate)",
                        "lineitem.l_extendedprice",
                        "lineitem.l_discount",
                        "partsupp.ps_supplycost",
                        "lineitem.l_quantity"
                      ],
                      "Inner Unique": false,
                      "Hash Cond": "(orders.o_orderkey = lineitem.l_orderkey)",
                      "Plans": [
                        {
                          "Node Type": "Seq Scan",
                          "Parent Relationship": "Outer",
                          "Parallel Aware": true,
                          "Async Capable": false,
                          "Relation Name": "orders",
                          "Schema": "public",
                          "Alias": "orders",
                          "Startup Cost": 0.0,
                          "Total Cost": 30974.71,
                          "Plan Rows": 483871,
                          "Plan Width": 8,
                          "Output": [
                            "orders.o_orderkey",
                            "orders.o_custkey",
                            "orders.o_orderstatus",
                            "orders.o_totalprice",
                            "orders.o_orderdate",
                            "orders.o_orderpriority",
                            "orders.o_clerk",
                            "orders.o_shippriority",
                            "orders.o_comment"
                          ]
                        },
                        {
                          "Node Type": "Hash",
                          "Parent Relationship": "Inner",
                          "Parallel Aware": true,
                          "Async Capable": false,
                          "Startup Cost": 149633.26,
                          "Total Cost": 149633.26,
                          "Plan Rows": 79372,
                          "Plan Width": 131,
                          "Output": [
                            "lineitem.l_extendedprice",
                            "lineitem.l_discount",
                            "lineitem.l_quantity",
                            "lineitem.l_orderkey",
                            "partsupp.ps_supplycost",
                            "nation.n_name"
                          ],
                          "Plans": [
                            {
                              "Node Type": "Hash Join",
                              "Parent Relationship": "Outer",
                              "Parallel Aware": true,
                              "Async Capable": false,
                              "Join Type": "Inner",
                              "Startup Cost": 16028.88,
                              "Total Cost": 149633.26,
                              "Plan Rows": 79372,
                              "Plan Width": 131,
                              "Output": [
                                "lineitem.l_extendedprice",
                                "lineitem.l_discount",
                                "lineitem.l_quantity",
                                "lineitem.l_orderkey",
                                "partsupp.ps_supplycost",
                                "nation.n_name"
                              ],
                              "Inner Unique": false,
                              "Hash Cond": "((lineitem.l_suppkey = supplier.s_suppkey) AND (lineitem.l_partkey = partsupp.ps_partkey))",
                              "Plans": [
                                {
                                  "Node Type": "Seq Scan",
                                  "Parent Relationship": "Outer",
                                  "Parallel Aware": true,
                                  "Async Capable": false,
                                  "Relation Name": "lineitem",
                                  "Schema": "public",
                                  "Alias": "lineitem",
                                  "Startup Cost": 0.0,
                                  "Total Cost": 124602.43,
                                  "Plan Rows": 1200243,
                                  "Plan Width": 29,
                                  "Output": [
                                    "lineitem.l_orderkey",
                                    "lineitem.l_partkey",
                                    "lineitem.l_suppkey",
                                    "lineitem.l_linenumber",
                                    "lineitem.l_quantity",
                                    "lineitem.l_extendedprice",
                                    "lineitem.l_discount",
                                    "lineitem.l_tax",
                                    "lineitem.l_returnflag",
                                    "lineitem.l_linestatus",
                                    "lineitem.l_shipdate",
                                    "lineitem.l_commitdate",
                                    "lineitem.l_receiptdate",
                                    "lineitem.l_shipinstruct",
                                    "lineitem.l_shipmode",
                                    "lineitem.l_comment"
                                  ]
                                },
                                {
                                  "Node Type": "Hash",
                                  "Parent Relationship": "Inner",
                                  "Parallel Aware": true,
                                  "Async Capable": false,
                                  "Startup Cost": 15698.23,
                                  "Total Cost": 15698.23,
                                  "Plan Rows": 22043,
                                  "Plan Width": 126,
                                  "Output": [
                                    "part.p_partkey",
                                    "partsupp.ps_supplycost",
                                    "partsupp.ps_suppkey",
                                    "partsupp.ps_partkey",
                                    "supplier.s_suppkey",
                                    "nation.n_name"
                                  ],
                                  "Plans": [
                                    {
                                      "Node Type": "Hash Join",
                                      "Parent Relationship": "Outer",
                                      "Parallel Aware": false,
                                      "Async Capable": false,
                                      "Join Type": "Inner",
                                      "Startup Cost": 449.99,
                                      "Total Cost": 15698.23,
                                      "Plan Rows": 22043,
                                      "Plan Width": 126,
                                      "Output": [
                                        "part.p_partkey",
                                        "partsupp.ps_supplycost",
                                        "partsupp.ps_suppkey",
                                        "partsupp.ps_partkey",
                                        "supplier.s_suppkey",
                                        "nation.n_name"
                                      ],
                                      "Inner Unique": true,
                                      "Hash Cond": "(supplier.s_nationkey = nation.n_nationkey)",
                                      "Plans": [
                                        {
                                          "Node Type": "Hash Join",
                                          "Parent Relationship": "Outer",
                                          "Parallel Aware": false,
                                          "Async Capable": false,
                                          "Join Type": "Inner",
                                          "Startup Cost": 448.43,
                                          "Total Cost": 15628.99,
                                          "Plan Rows": 22043,
                                          "Plan Width": 26,
                                          "Output": [
                                            "part.p_partkey",
                                            "partsupp.ps_supplycost",
                                            "partsupp.ps_suppkey",
                                            "partsupp.ps_partkey",
                                            "supplier.s_suppkey",
                                            "supplier.s_nationkey"
                                          ],
                                          "Inner Unique": true,
                                          "Hash Cond": "(partsupp.ps_suppkey = supplier.s_suppkey)",
                                          "Plans": [
                                            {
                                              "Node Type": "Nested Loop",
                                              "Parent Relationship": "Outer",
                                              "Parallel Aware": false,
                                              "Async Capable": false,
                                              "Join Type": "Inner",
                                              "Startup Cost": 0.42,
                                              "Total Cost": 15123.11,
                                              "Plan Rows": 22043,
                                              "Plan Width": 18,
                                              "Output": [
                                                "part.p_partkey",
                                                "partsupp.ps_supplycost",
                                                "partsupp.ps_suppkey",
                                                "partsupp.ps_partkey"
                                              ],
                                              "Inner Unique": false,
                                              "Plans": [
                                                {
                                                  "Node Type": "Seq Scan",
                                                  "Parent Relationship": "Outer",
                                                  "Parallel Aware": true,
                                                  "Async Capable": false,
                                                  "Relation Name": "part",
                                                  "Schema": "public",
                                                  "Alias": "part",
                                                  "Startup Cost": 0.0,
                                                  "Total Cost": 5169.67,
                                                  "Plan Rows": 5511,
                                                  "Plan Width": 4,
                                                  "Output": [
                                                    "part.p_partkey",
                                                    "part.p_name",
                                                    "part.p_mfgr",
                                                    "part.p_brand",
                                                    "part.p_type",
                                                    "part.p_size",
                                                    "part.p_container",
                                                    "part.p_retailprice",
                                                    "part.p_comment"
                                                  ],
                                                  "Filter": "((part.p_name)::text ~~ '%bisque%'::text)"
                                                },
                                                {
                                                  "Node Type": "Index Scan",
                                                  "Parent Relationship": "Inner",
                                                  "Parallel Aware": false,
                                                  "Async Capable": false,
                                                  "Scan Direction": "Forward",
                                                  "Index Name": "partsupp_pkey",
                                                  "Relation Name": "partsupp",
                                                  "Schema": "public",
                                                  "Alias": "partsupp",
                                                  "Startup Cost": 0.42,
                                                  "Total Cost": 1.77,
                                                  "Plan Rows": 4,
                                                  "Plan Width": 14,
                                                  "Output": [
                                                    "partsupp.ps_partkey",
                                                    "partsupp.ps_suppkey",
                                                    "partsupp.ps_availqty",
                                                    "partsupp.ps_supplycost",
                                                    "partsupp.ps_comment"
                                                  ],
                                                  "Index Cond": "(partsupp.ps_partkey = part.p_partkey)"
                                                }
                                              ]
                                            },
                                            {
                                              "Node Type": "Hash",
                                              "Parent Relationship": "Inner",
                                              "Parallel Aware": false,
                                              "Async Capable": false,
                                              "Startup Cost": 323.0,
                                              "Total Cost": 323.0,
                                              "Plan Rows": 10000,
                                              "Plan Width": 8,
                                              "Output": [
                                                "supplier.s_suppkey",
                                                "supplier.s_nationkey"
                                              ],
                                              "Plans": [
                                                {
                                                  "Node Type": "Seq Scan",
                                                  "Parent Relationship": "Outer",
                                                  "Parallel Aware": false,
                                                  "Async Capable": false,
                                                  "Relation Name": "supplier",
                                                  "Schema": "public",
                                                  "Alias": "supplier",
                                                  "Startup Cost": 0.0,
                                                  "Total Cost": 323.0,
                                                  "Plan Rows": 10000,
                                                  "Plan Width": 8,
                                                  "Output": [
                                                    "supplier.s_suppkey",
                                                    "supplier.s_nationkey"
                                                  ]
                                                }
                                              ]
                                            }
                                          ]
                                        },
                                        {
                                          "Node Type": "Hash",
                                          "Parent Relationship": "Inner",
                                          "Parallel Aware": false,
                                          "Async Capable": false,
                                          "Startup Cost": 1.25,
                                          "Total Cost": 1.25,
                                          "Plan Rows": 25,
                                          "Plan Width": 108,
                                          "Output": [
                                            "nation.n_name",
                                            "nation.n_nationkey"
                                          ],
                                          "Plans": [
                                            {
                                              "Node Type": "Seq Scan",
                                              "Parent Relationship": "Outer",
                                              "Parallel Aware": false,
                                              "Async Capable": false,
                                              "Relation Name": "nation",
                                              "Schema": "public",
                                              "Alias": "nation",
                                              "Startup Cost": 0.0,
                                              "Total Cost": 1.25,
                                              "Plan Rows": 25,
                                              "Plan Width": 108,
                                              "Output": [
                                                "nation.n_name",
                                                "nation.n_nationkey"
                                              ]
                                            }
                                          ]
                                        }
                                      ]
                                    }
                                  ]
                                }
                              ]
                            }
                          ]
                        }
                      ]
                    }
                  ]
                }
              ]
            }
          ]
        }
      ]
    },
    "JIT": {
      "Functions": 48,
      "Options": {
        "Inlining": false,
        "Optimization": false,
        "Expressions": true,
        "Deforming": true
      }
    }
  }
]
```

---

## 121. Q9_73_seed_590690232.sql

**File Path:** `/Users/brunowinter2000/Documents/Thesis/2025_2026/Plan-Level/Generated_Queries/Q9/Q9_73_seed_590690232.sql`

### EXPLAIN JSON

```json
[
  {
    "Plan": {
      "Node Type": "Sort",
      "Parallel Aware": false,
      "Async Capable": false,
      "Startup Cost": 223771.84,
      "Total Cost": 223922.21,
      "Plan Rows": 60150,
      "Plan Width": 168,
      "Output": [
        "nation.n_name",
        "(EXTRACT(year FROM orders.o_orderdate))",
        "(sum(((lineitem.l_extendedprice * ('1'::numeric - lineitem.l_discount)) - (partsupp.ps_supplycost * lineitem.l_quantity))))"
      ],
      "Sort Key": [
        "nation.n_name",
        "(EXTRACT(year FROM orders.o_orderdate)) DESC"
      ],
      "Plans": [
        {
          "Node Type": "Aggregate",
          "Strategy": "Hashed",
          "Partial Mode": "Finalize",
          "Parent Relationship": "Outer",
          "Parallel Aware": false,
          "Async Capable": false,
          "Startup Cost": 218094.8,
          "Total Cost": 218997.05,
          "Plan Rows": 60150,
          "Plan Width": 168,
          "Output": [
            "nation.n_name",
            "(EXTRACT(year FROM orders.o_orderdate))",
            "sum(((lineitem.l_extendedprice * ('1'::numeric - lineitem.l_discount)) - (partsupp.ps_supplycost * lineitem.l_quantity)))"
          ],
          "Group Key": [
            "nation.n_name",
            "(EXTRACT(year FROM orders.o_orderdate))"
          ],
          "Planned Partitions": 0,
          "Plans": [
            {
              "Node Type": "Gather",
              "Parent Relationship": "Outer",
              "Parallel Aware": false,
              "Async Capable": false,
              "Startup Cost": 184110.05,
              "Total Cost": 215087.3,
              "Plan Rows": 300750,
              "Plan Width": 168,
              "Output": [
                "nation.n_name",
                "(EXTRACT(year FROM orders.o_orderdate))",
                "(PARTIAL sum(((lineitem.l_extendedprice * ('1'::numeric - lineitem.l_discount)) - (partsupp.ps_supplycost * lineitem.l_quantity))))"
              ],
              "Workers Planned": 5,
              "Single Copy": false,
              "Plans": [
                {
                  "Node Type": "Aggregate",
                  "Strategy": "Hashed",
                  "Partial Mode": "Partial",
                  "Parent Relationship": "Outer",
                  "Parallel Aware": false,
                  "Async Capable": false,
                  "Startup Cost": 183110.05,
                  "Total Cost": 184012.3,
                  "Plan Rows": 60150,
                  "Plan Width": 168,
                  "Output": [
                    "nation.n_name",
                    "(EXTRACT(year FROM orders.o_orderdate))",
                    "PARTIAL sum(((lineitem.l_extendedprice * ('1'::numeric - lineitem.l_discount)) - (partsupp.ps_supplycost * lineitem.l_quantity)))"
                  ],
                  "Group Key": [
                    "nation.n_name",
                    "EXTRACT(year FROM orders.o_orderdate)"
                  ],
                  "Planned Partitions": 0,
                  "Plans": [
                    {
                      "Node Type": "Nested Loop",
                      "Parent Relationship": "Outer",
                      "Parallel Aware": false,
                      "Async Capable": false,
                      "Join Type": "Inner",
                      "Startup Cost": 15552.04,
                      "Total Cost": 181847.26,
                      "Plan Rows": 72159,
                      "Plan Width": 159,
                      "Output": [
                        "nation.n_name",
                        "EXTRACT(year FROM orders.o_orderdate)",
                        "lineitem.l_extendedprice",
                        "lineitem.l_discount",
                        "partsupp.ps_supplycost",
                        "lineitem.l_quantity"
                      ],
                      "Inner Unique": true,
                      "Plans": [
                        {
                          "Node Type": "Hash Join",
                          "Parent Relationship": "Outer",
                          "Parallel Aware": true,
                          "Async Capable": false,
                          "Join Type": "Inner",
                          "Startup Cost": 15551.61,
                          "Total Cost": 149155.98,
                          "Plan Rows": 72159,
                          "Plan Width": 131,
                          "Output": [
                            "lineitem.l_extendedprice",
                            "lineitem.l_discount",
                            "lineitem.l_quantity",
                            "lineitem.l_orderkey",
                            "partsupp.ps_supplycost",
                            "nation.n_name"
                          ],
                          "Inner Unique": false,
                          "Hash Cond": "((lineitem.l_suppkey = supplier.s_suppkey) AND (lineitem.l_partkey = partsupp.ps_partkey))",
                          "Plans": [
                            {
                              "Node Type": "Seq Scan",
                              "Parent Relationship": "Outer",
                              "Parallel Aware": true,
                              "Async Capable": false,
                              "Relation Name": "lineitem",
                              "Schema": "public",
                              "Alias": "lineitem",
                              "Startup Cost": 0.0,
                              "Total Cost": 124602.43,
                              "Plan Rows": 1200243,
                              "Plan Width": 29,
                              "Output": [
                                "lineitem.l_orderkey",
                                "lineitem.l_partkey",
                                "lineitem.l_suppkey",
                                "lineitem.l_linenumber",
                                "lineitem.l_quantity",
                                "lineitem.l_extendedprice",
                                "lineitem.l_discount",
                                "lineitem.l_tax",
                                "lineitem.l_returnflag",
                                "lineitem.l_linestatus",
                                "lineitem.l_shipdate",
                                "lineitem.l_commitdate",
                                "lineitem.l_receiptdate",
                                "lineitem.l_shipinstruct",
                                "lineitem.l_shipmode",
                                "lineitem.l_comment"
                              ]
                            },
                            {
                              "Node Type": "Hash",
                              "Parent Relationship": "Inner",
                              "Parallel Aware": true,
                              "Async Capable": false,
                              "Startup Cost": 15251.01,
                              "Total Cost": 15251.01,
                              "Plan Rows": 20040,
                              "Plan Width": 126,
                              "Output": [
                                "part.p_partkey",
                                "partsupp.ps_supplycost",
                                "partsupp.ps_suppkey",
                                "partsupp.ps_partkey",
                                "supplier.s_suppkey",
                                "nation.n_name"
                              ],
                              "Plans": [
                                {
                                  "Node Type": "Hash Join",
                                  "Parent Relationship": "Outer",
                                  "Parallel Aware": false,
                                  "Async Capable": false,
                                  "Join Type": "Inner",
                                  "Startup Cost": 449.99,
                                  "Total Cost": 15251.01,
                                  "Plan Rows": 20040,
                                  "Plan Width": 126,
                                  "Output": [
                                    "part.p_partkey",
                                    "partsupp.ps_supplycost",
                                    "partsupp.ps_suppkey",
                                    "partsupp.ps_partkey",
                                    "supplier.s_suppkey",
                                    "nation.n_name"
                                  ],
                                  "Inner Unique": true,
                                  "Hash Cond": "(supplier.s_nationkey = nation.n_nationkey)",
                                  "Plans": [
                                    {
                                      "Node Type": "Hash Join",
                                      "Parent Relationship": "Outer",
                                      "Parallel Aware": false,
                                      "Async Capable": false,
                                      "Join Type": "Inner",
                                      "Startup Cost": 448.43,
                                      "Total Cost": 15187.92,
                                      "Plan Rows": 20040,
                                      "Plan Width": 26,
                                      "Output": [
                                        "part.p_partkey",
                                        "partsupp.ps_supplycost",
                                        "partsupp.ps_suppkey",
                                        "partsupp.ps_partkey",
                                        "supplier.s_suppkey",
                                        "supplier.s_nationkey"
                                      ],
                                      "Inner Unique": true,
                                      "Hash Cond": "(partsupp.ps_suppkey = supplier.s_suppkey)",
                                      "Plans": [
                                        {
                                          "Node Type": "Nested Loop",
                                          "Parent Relationship": "Outer",
                                          "Parallel Aware": false,
                                          "Async Capable": false,
                                          "Join Type": "Inner",
                                          "Startup Cost": 0.42,
                                          "Total Cost": 14687.3,
                                          "Plan Rows": 20040,
                                          "Plan Width": 18,
                                          "Output": [
                                            "part.p_partkey",
                                            "partsupp.ps_supplycost",
                                            "partsupp.ps_suppkey",
                                            "partsupp.ps_partkey"
                                          ],
                                          "Inner Unique": false,
                                          "Plans": [
                                            {
                                              "Node Type": "Seq Scan",
                                              "Parent Relationship": "Outer",
                                              "Parallel Aware": true,
                                              "Async Capable": false,
                                              "Relation Name": "part",
                                              "Schema": "public",
                                              "Alias": "part",
                                              "Startup Cost": 0.0,
                                              "Total Cost": 5169.67,
                                              "Plan Rows": 5010,
                                              "Plan Width": 4,
                                              "Output": [
                                                "part.p_partkey",
                                                "part.p_name",
                                                "part.p_mfgr",
                                                "part.p_brand",
                                                "part.p_type",
                                                "part.p_size",
                                                "part.p_container",
                                                "part.p_retailprice",
                                                "part.p_comment"
                                              ],
                                              "Filter": "((part.p_name)::text ~~ '%metallic%'::text)"
                                            },
                                            {
                                              "Node Type": "Index Scan",
                                              "Parent Relationship": "Inner",
                                              "Parallel Aware": false,
                                              "Async Capable": false,
                                              "Scan Direction": "Forward",
                                              "Index Name": "partsupp_pkey",
                                              "Relation Name": "partsupp",
                                              "Schema": "public",
                                              "Alias": "partsupp",
                                              "Startup Cost": 0.42,
                                              "Total Cost": 1.86,
                                              "Plan Rows": 4,
                                              "Plan Width": 14,
                                              "Output": [
                                                "partsupp.ps_partkey",
                                                "partsupp.ps_suppkey",
                                                "partsupp.ps_availqty",
                                                "partsupp.ps_supplycost",
                                                "partsupp.ps_comment"
                                              ],
                                              "Index Cond": "(partsupp.ps_partkey = part.p_partkey)"
                                            }
                                          ]
                                        },
                                        {
                                          "Node Type": "Hash",
                                          "Parent Relationship": "Inner",
                                          "Parallel Aware": false,
                                          "Async Capable": false,
                                          "Startup Cost": 323.0,
                                          "Total Cost": 323.0,
                                          "Plan Rows": 10000,
                                          "Plan Width": 8,
                                          "Output": [
                                            "supplier.s_suppkey",
                                            "supplier.s_nationkey"
                                          ],
                                          "Plans": [
                                            {
                                              "Node Type": "Seq Scan",
                                              "Parent Relationship": "Outer",
                                              "Parallel Aware": false,
                                              "Async Capable": false,
                                              "Relation Name": "supplier",
                                              "Schema": "public",
                                              "Alias": "supplier",
                                              "Startup Cost": 0.0,
                                              "Total Cost": 323.0,
                                              "Plan Rows": 10000,
                                              "Plan Width": 8,
                                              "Output": [
                                                "supplier.s_suppkey",
                                                "supplier.s_nationkey"
                                              ]
                                            }
                                          ]
                                        }
                                      ]
                                    },
                                    {
                                      "Node Type": "Hash",
                                      "Parent Relationship": "Inner",
                                      "Parallel Aware": false,
                                      "Async Capable": false,
                                      "Startup Cost": 1.25,
                                      "Total Cost": 1.25,
                                      "Plan Rows": 25,
                                      "Plan Width": 108,
                                      "Output": [
                                        "nation.n_name",
                                        "nation.n_nationkey"
                                      ],
                                      "Plans": [
                                        {
                                          "Node Type": "Seq Scan",
                                          "Parent Relationship": "Outer",
                                          "Parallel Aware": false,
                                          "Async Capable": false,
                                          "Relation Name": "nation",
                                          "Schema": "public",
                                          "Alias": "nation",
                                          "Startup Cost": 0.0,
                                          "Total Cost": 1.25,
                                          "Plan Rows": 25,
                                          "Plan Width": 108,
                                          "Output": [
                                            "nation.n_name",
                                            "nation.n_nationkey"
                                          ]
                                        }
                                      ]
                                    }
                                  ]
                                }
                              ]
                            }
                          ]
                        },
                        {
                          "Node Type": "Index Scan",
                          "Parent Relationship": "Inner",
                          "Parallel Aware": false,
                          "Async Capable": false,
                          "Scan Direction": "Forward",
                          "Index Name": "orders_pkey",
                          "Relation Name": "orders",
                          "Schema": "public",
                          "Alias": "orders",
                          "Startup Cost": 0.43,
                          "Total Cost": 0.45,
                          "Plan Rows": 1,
                          "Plan Width": 8,
                          "Output": [
                            "orders.o_orderkey",
                            "orders.o_custkey",
                            "orders.o_orderstatus",
                            "orders.o_totalprice",
                            "orders.o_orderdate",
                            "orders.o_orderpriority",
                            "orders.o_clerk",
                            "orders.o_shippriority",
                            "orders.o_comment"
                          ],
                          "Index Cond": "(orders.o_orderkey = lineitem.l_orderkey)"
                        }
                      ]
                    }
                  ]
                }
              ]
            }
          ]
        }
      ]
    },
    "JIT": {
      "Functions": 43,
      "Options": {
        "Inlining": false,
        "Optimization": false,
        "Expressions": true,
        "Deforming": true
      }
    }
  }
]
```

---

## 122. Q9_74_seed_598894263.sql

**File Path:** `/Users/brunowinter2000/Documents/Thesis/2025_2026/Plan-Level/Generated_Queries/Q9/Q9_74_seed_598894263.sql`

### EXPLAIN JSON

```json
[
  {
    "Plan": {
      "Node Type": "Sort",
      "Parallel Aware": false,
      "Async Capable": false,
      "Startup Cost": 213932.55,
      "Total Cost": 214082.93,
      "Plan Rows": 60150,
      "Plan Width": 168,
      "Output": [
        "nation.n_name",
        "(EXTRACT(year FROM orders.o_orderdate))",
        "(sum(((lineitem.l_extendedprice * ('1'::numeric - lineitem.l_discount)) - (partsupp.ps_supplycost * lineitem.l_quantity))))"
      ],
      "Sort Key": [
        "nation.n_name",
        "(EXTRACT(year FROM orders.o_orderdate)) DESC"
      ],
      "Plans": [
        {
          "Node Type": "Aggregate",
          "Strategy": "Hashed",
          "Partial Mode": "Finalize",
          "Parent Relationship": "Outer",
          "Parallel Aware": false,
          "Async Capable": false,
          "Startup Cost": 208255.51,
          "Total Cost": 209157.76,
          "Plan Rows": 60150,
          "Plan Width": 168,
          "Output": [
            "nation.n_name",
            "(EXTRACT(year FROM orders.o_orderdate))",
            "sum(((lineitem.l_extendedprice * ('1'::numeric - lineitem.l_discount)) - (partsupp.ps_supplycost * lineitem.l_quantity)))"
          ],
          "Group Key": [
            "nation.n_name",
            "(EXTRACT(year FROM orders.o_orderdate))"
          ],
          "Planned Partitions": 0,
          "Plans": [
            {
              "Node Type": "Gather",
              "Parent Relationship": "Outer",
              "Parallel Aware": false,
              "Async Capable": false,
              "Startup Cost": 187503.76,
              "Total Cost": 206451.01,
              "Plan Rows": 180450,
              "Plan Width": 168,
              "Output": [
                "nation.n_name",
                "(EXTRACT(year FROM orders.o_orderdate))",
                "(PARTIAL sum(((lineitem.l_extendedprice * ('1'::numeric - lineitem.l_discount)) - (partsupp.ps_supplycost * lineitem.l_quantity))))"
              ],
              "Workers Planned": 3,
              "Single Copy": false,
              "Plans": [
                {
                  "Node Type": "Aggregate",
                  "Strategy": "Hashed",
                  "Partial Mode": "Partial",
                  "Parent Relationship": "Outer",
                  "Parallel Aware": false,
                  "Async Capable": false,
                  "Startup Cost": 186503.76,
                  "Total Cost": 187406.01,
                  "Plan Rows": 60150,
                  "Plan Width": 168,
                  "Output": [
                    "nation.n_name",
                    "(EXTRACT(year FROM orders.o_orderdate))",
                    "PARTIAL sum(((lineitem.l_extendedprice * ('1'::numeric - lineitem.l_discount)) - (partsupp.ps_supplycost * lineitem.l_quantity)))"
                  ],
                  "Group Key": [
                    "nation.n_name",
                    "EXTRACT(year FROM orders.o_orderdate)"
                  ],
                  "Planned Partitions": 0,
                  "Plans": [
                    {
                      "Node Type": "Hash Join",
                      "Parent Relationship": "Outer",
                      "Parallel Aware": true,
                      "Async Capable": false,
                      "Join Type": "Inner",
                      "Startup Cost": 150812.72,
                      "Total Cost": 184195.5,
                      "Plan Rows": 131901,
                      "Plan Width": 159,
                      "Output": [
                        "nation.n_name",
                        "EXTRACT(year FROM orders.o_orderdate)",
                        "lineitem.l_extendedprice",
                        "lineitem.l_discount",
                        "partsupp.ps_supplycost",
                        "lineitem.l_quantity"
                      ],
                      "Inner Unique": false,
                      "Hash Cond": "(orders.o_orderkey = lineitem.l_orderkey)",
                      "Plans": [
                        {
                          "Node Type": "Seq Scan",
                          "Parent Relationship": "Outer",
                          "Parallel Aware": true,
                          "Async Capable": false,
                          "Relation Name": "orders",
                          "Schema": "public",
                          "Alias": "orders",
                          "Startup Cost": 0.0,
                          "Total Cost": 30974.71,
                          "Plan Rows": 483871,
                          "Plan Width": 8,
                          "Output": [
                            "orders.o_orderkey",
                            "orders.o_custkey",
                            "orders.o_orderstatus",
                            "orders.o_totalprice",
                            "orders.o_orderdate",
                            "orders.o_orderpriority",
                            "orders.o_clerk",
                            "orders.o_shippriority",
                            "orders.o_comment"
                          ]
                        },
                        {
                          "Node Type": "Hash",
                          "Parent Relationship": "Inner",
                          "Parallel Aware": true,
                          "Async Capable": false,
                          "Startup Cost": 149790.48,
                          "Total Cost": 149790.48,
                          "Plan Rows": 81779,
                          "Plan Width": 131,
                          "Output": [
                            "lineitem.l_extendedprice",
                            "lineitem.l_discount",
                            "lineitem.l_quantity",
                            "lineitem.l_orderkey",
                            "partsupp.ps_supplycost",
                            "nation.n_name"
                          ],
                          "Plans": [
                            {
                              "Node Type": "Hash Join",
                              "Parent Relationship": "Outer",
                              "Parallel Aware": true,
                              "Async Capable": false,
                              "Join Type": "Inner",
                              "Startup Cost": 16186.09,
                              "Total Cost": 149790.48,
                              "Plan Rows": 81779,
                              "Plan Width": 131,
                              "Output": [
                                "lineitem.l_extendedprice",
                                "lineitem.l_discount",
                                "lineitem.l_quantity",
                                "lineitem.l_orderkey",
                                "partsupp.ps_supplycost",
                                "nation.n_name"
                              ],
                              "Inner Unique": false,
                              "Hash Cond": "((lineitem.l_suppkey = supplier.s_suppkey) AND (lineitem.l_partkey = partsupp.ps_partkey))",
                              "Plans": [
                                {
                                  "Node Type": "Seq Scan",
                                  "Parent Relationship": "Outer",
                                  "Parallel Aware": true,
                                  "Async Capable": false,
                                  "Relation Name": "lineitem",
                                  "Schema": "public",
                                  "Alias": "lineitem",
                                  "Startup Cost": 0.0,
                                  "Total Cost": 124602.43,
                                  "Plan Rows": 1200243,
                                  "Plan Width": 29,
                                  "Output": [
                                    "lineitem.l_orderkey",
                                    "lineitem.l_partkey",
                                    "lineitem.l_suppkey",
                                    "lineitem.l_linenumber",
                                    "lineitem.l_quantity",
                                    "lineitem.l_extendedprice",
                                    "lineitem.l_discount",
                                    "lineitem.l_tax",
                                    "lineitem.l_returnflag",
                                    "lineitem.l_linestatus",
                                    "lineitem.l_shipdate",
                                    "lineitem.l_commitdate",
                                    "lineitem.l_receiptdate",
                                    "lineitem.l_shipinstruct",
                                    "lineitem.l_shipmode",
                                    "lineitem.l_comment"
                                  ]
                                },
                                {
                                  "Node Type": "Hash",
                                  "Parent Relationship": "Inner",
                                  "Parallel Aware": true,
                                  "Async Capable": false,
                                  "Startup Cost": 15845.41,
                                  "Total Cost": 15845.41,
                                  "Plan Rows": 22712,
                                  "Plan Width": 126,
                                  "Output": [
                                    "part.p_partkey",
                                    "partsupp.ps_supplycost",
                                    "partsupp.ps_suppkey",
                                    "partsupp.ps_partkey",
                                    "supplier.s_suppkey",
                                    "nation.n_name"
                                  ],
                                  "Plans": [
                                    {
                                      "Node Type": "Hash Join",
                                      "Parent Relationship": "Outer",
                                      "Parallel Aware": false,
                                      "Async Capable": false,
                                      "Join Type": "Inner",
                                      "Startup Cost": 449.99,
                                      "Total Cost": 15845.41,
                                      "Plan Rows": 22712,
                                      "Plan Width": 126,
                                      "Output": [
                                        "part.p_partkey",
                                        "partsupp.ps_supplycost",
                                        "partsupp.ps_suppkey",
                                        "partsupp.ps_partkey",
                                        "supplier.s_suppkey",
                                        "nation.n_name"
                                      ],
                                      "Inner Unique": true,
                                      "Hash Cond": "(supplier.s_nationkey = nation.n_nationkey)",
                                      "Plans": [
                                        {
                                          "Node Type": "Hash Join",
                                          "Parent Relationship": "Outer",
                                          "Parallel Aware": false,
                                          "Async Capable": false,
                                          "Join Type": "Inner",
                                          "Startup Cost": 448.43,
                                          "Total Cost": 15774.12,
                                          "Plan Rows": 22712,
                                          "Plan Width": 26,
                                          "Output": [
                                            "part.p_partkey",
                                            "partsupp.ps_supplycost",
                                            "partsupp.ps_suppkey",
                                            "partsupp.ps_partkey",
                                            "supplier.s_suppkey",
                                            "supplier.s_nationkey"
                                          ],
                                          "Inner Unique": true,
                                          "Hash Cond": "(partsupp.ps_suppkey = supplier.s_suppkey)",
                                          "Plans": [
                                            {
                                              "Node Type": "Nested Loop",
                                              "Parent Relationship": "Outer",
                                              "Parallel Aware": false,
                                              "Async Capable": false,
                                              "Join Type": "Inner",
                                              "Startup Cost": 0.42,
                                              "Total Cost": 15266.48,
                                              "Plan Rows": 22712,
                                              "Plan Width": 18,
                                              "Output": [
                                                "part.p_partkey",
                                                "partsupp.ps_supplycost",
                                                "partsupp.ps_suppkey",
                                                "partsupp.ps_partkey"
                                              ],
                                              "Inner Unique": false,
                                              "Plans": [
                                                {
                                                  "Node Type": "Seq Scan",
                                                  "Parent Relationship": "Outer",
                                                  "Parallel Aware": true,
                                                  "Async Capable": false,
                                                  "Relation Name": "part",
                                                  "Schema": "public",
                                                  "Alias": "part",
                                                  "Startup Cost": 0.0,
                                                  "Total Cost": 5169.67,
                                                  "Plan Rows": 5678,
                                                  "Plan Width": 4,
                                                  "Output": [
                                                    "part.p_partkey",
                                                    "part.p_name",
                                                    "part.p_mfgr",
                                                    "part.p_brand",
                                                    "part.p_type",
                                                    "part.p_size",
                                                    "part.p_container",
                                                    "part.p_retailprice",
                                                    "part.p_comment"
                                                  ],
                                                  "Filter": "((part.p_name)::text ~~ '%beige%'::text)"
                                                },
                                                {
                                                  "Node Type": "Index Scan",
                                                  "Parent Relationship": "Inner",
                                                  "Parallel Aware": false,
                                                  "Async Capable": false,
                                                  "Scan Direction": "Forward",
                                                  "Index Name": "partsupp_pkey",
                                                  "Relation Name": "partsupp",
                                                  "Schema": "public",
                                                  "Alias": "partsupp",
                                                  "Startup Cost": 0.42,
                                                  "Total Cost": 1.74,
                                                  "Plan Rows": 4,
                                                  "Plan Width": 14,
                                                  "Output": [
                                                    "partsupp.ps_partkey",
                                                    "partsupp.ps_suppkey",
                                                    "partsupp.ps_availqty",
                                                    "partsupp.ps_supplycost",
                                                    "partsupp.ps_comment"
                                                  ],
                                                  "Index Cond": "(partsupp.ps_partkey = part.p_partkey)"
                                                }
                                              ]
                                            },
                                            {
                                              "Node Type": "Hash",
                                              "Parent Relationship": "Inner",
                                              "Parallel Aware": false,
                                              "Async Capable": false,
                                              "Startup Cost": 323.0,
                                              "Total Cost": 323.0,
                                              "Plan Rows": 10000,
                                              "Plan Width": 8,
                                              "Output": [
                                                "supplier.s_suppkey",
                                                "supplier.s_nationkey"
                                              ],
                                              "Plans": [
                                                {
                                                  "Node Type": "Seq Scan",
                                                  "Parent Relationship": "Outer",
                                                  "Parallel Aware": false,
                                                  "Async Capable": false,
                                                  "Relation Name": "supplier",
                                                  "Schema": "public",
                                                  "Alias": "supplier",
                                                  "Startup Cost": 0.0,
                                                  "Total Cost": 323.0,
                                                  "Plan Rows": 10000,
                                                  "Plan Width": 8,
                                                  "Output": [
                                                    "supplier.s_suppkey",
                                                    "supplier.s_nationkey"
                                                  ]
                                                }
                                              ]
                                            }
                                          ]
                                        },
                                        {
                                          "Node Type": "Hash",
                                          "Parent Relationship": "Inner",
                                          "Parallel Aware": false,
                                          "Async Capable": false,
                                          "Startup Cost": 1.25,
                                          "Total Cost": 1.25,
                                          "Plan Rows": 25,
                                          "Plan Width": 108,
                                          "Output": [
                                            "nation.n_name",
                                            "nation.n_nationkey"
                                          ],
                                          "Plans": [
                                            {
                                              "Node Type": "Seq Scan",
                                              "Parent Relationship": "Outer",
                                              "Parallel Aware": false,
                                              "Async Capable": false,
                                              "Relation Name": "nation",
                                              "Schema": "public",
                                              "Alias": "nation",
                                              "Startup Cost": 0.0,
                                              "Total Cost": 1.25,
                                              "Plan Rows": 25,
                                              "Plan Width": 108,
                                              "Output": [
                                                "nation.n_name",
                                                "nation.n_nationkey"
                                              ]
                                            }
                                          ]
                                        }
                                      ]
                                    }
                                  ]
                                }
                              ]
                            }
                          ]
                        }
                      ]
                    }
                  ]
                }
              ]
            }
          ]
        }
      ]
    },
    "JIT": {
      "Functions": 48,
      "Options": {
        "Inlining": false,
        "Optimization": false,
        "Expressions": true,
        "Deforming": true
      }
    }
  }
]
```

---

## 123. Q9_75_seed_607098294.sql

**File Path:** `/Users/brunowinter2000/Documents/Thesis/2025_2026/Plan-Level/Generated_Queries/Q9/Q9_75_seed_607098294.sql`

### EXPLAIN JSON

```json
[
  {
    "Plan": {
      "Node Type": "Sort",
      "Parallel Aware": false,
      "Async Capable": false,
      "Startup Cost": 214629.27,
      "Total Cost": 214779.65,
      "Plan Rows": 60150,
      "Plan Width": 168,
      "Output": [
        "nation.n_name",
        "(EXTRACT(year FROM orders.o_orderdate))",
        "(sum(((lineitem.l_extendedprice * ('1'::numeric - lineitem.l_discount)) - (partsupp.ps_supplycost * lineitem.l_quantity))))"
      ],
      "Sort Key": [
        "nation.n_name",
        "(EXTRACT(year FROM orders.o_orderdate)) DESC"
      ],
      "Plans": [
        {
          "Node Type": "Aggregate",
          "Strategy": "Hashed",
          "Partial Mode": "Finalize",
          "Parent Relationship": "Outer",
          "Parallel Aware": false,
          "Async Capable": false,
          "Startup Cost": 208952.23,
          "Total Cost": 209854.48,
          "Plan Rows": 60150,
          "Plan Width": 168,
          "Output": [
            "nation.n_name",
            "(EXTRACT(year FROM orders.o_orderdate))",
            "sum(((lineitem.l_extendedprice * ('1'::numeric - lineitem.l_discount)) - (partsupp.ps_supplycost * lineitem.l_quantity)))"
          ],
          "Group Key": [
            "nation.n_name",
            "(EXTRACT(year FROM orders.o_orderdate))"
          ],
          "Planned Partitions": 0,
          "Plans": [
            {
              "Node Type": "Gather",
              "Parent Relationship": "Outer",
              "Parallel Aware": false,
              "Async Capable": false,
              "Startup Cost": 176337.04,
              "Total Cost": 206065.93,
              "Plan Rows": 288630,
              "Plan Width": 168,
              "Output": [
                "nation.n_name",
                "(EXTRACT(year FROM orders.o_orderdate))",
                "(PARTIAL sum(((lineitem.l_extendedprice * ('1'::numeric - lineitem.l_discount)) - (partsupp.ps_supplycost * lineitem.l_quantity))))"
              ],
              "Workers Planned": 5,
              "Single Copy": false,
              "Plans": [
                {
                  "Node Type": "Aggregate",
                  "Strategy": "Hashed",
                  "Partial Mode": "Partial",
                  "Parent Relationship": "Outer",
                  "Parallel Aware": false,
                  "Async Capable": false,
                  "Startup Cost": 175337.04,
                  "Total Cost": 176202.93,
                  "Plan Rows": 57726,
                  "Plan Width": 168,
                  "Output": [
                    "nation.n_name",
                    "(EXTRACT(year FROM orders.o_orderdate))",
                    "PARTIAL sum(((lineitem.l_extendedprice * ('1'::numeric - lineitem.l_discount)) - (partsupp.ps_supplycost * lineitem.l_quantity)))"
                  ],
                  "Group Key": [
                    "nation.n_name",
                    "EXTRACT(year FROM orders.o_orderdate)"
                  ],
                  "Planned Partitions": 0,
                  "Plans": [
                    {
                      "Node Type": "Nested Loop",
                      "Parent Relationship": "Outer",
                      "Parallel Aware": false,
                      "Async Capable": false,
                      "Join Type": "Inner",
                      "Startup Cost": 14570.43,
                      "Total Cost": 174326.84,
                      "Plan Rows": 57726,
                      "Plan Width": 159,
                      "Output": [
                        "nation.n_name",
                        "EXTRACT(year FROM orders.o_orderdate)",
                        "lineitem.l_extendedprice",
                        "lineitem.l_discount",
                        "partsupp.ps_supplycost",
                        "lineitem.l_quantity"
                      ],
                      "Inner Unique": true,
                      "Plans": [
                        {
                          "Node Type": "Hash Join",
                          "Parent Relationship": "Outer",
                          "Parallel Aware": true,
                          "Async Capable": false,
                          "Join Type": "Inner",
                          "Startup Cost": 14570.01,
                          "Total Cost": 148174.36,
                          "Plan Rows": 57726,
                          "Plan Width": 131,
                          "Output": [
                            "lineitem.l_extendedprice",
                            "lineitem.l_discount",
                            "lineitem.l_quantity",
                            "lineitem.l_orderkey",
                            "partsupp.ps_supplycost",
                            "nation.n_name"
                          ],
                          "Inner Unique": false,
                          "Hash Cond": "((lineitem.l_suppkey = supplier.s_suppkey) AND (lineitem.l_partkey = partsupp.ps_partkey))",
                          "Plans": [
                            {
                              "Node Type": "Seq Scan",
                              "Parent Relationship": "Outer",
                              "Parallel Aware": true,
                              "Async Capable": false,
                              "Relation Name": "lineitem",
                              "Schema": "public",
                              "Alias": "lineitem",
                              "Startup Cost": 0.0,
                              "Total Cost": 124602.43,
                              "Plan Rows": 1200243,
                              "Plan Width": 29,
                              "Output": [
                                "lineitem.l_orderkey",
                                "lineitem.l_partkey",
                                "lineitem.l_suppkey",
                                "lineitem.l_linenumber",
                                "lineitem.l_quantity",
                                "lineitem.l_extendedprice",
                                "lineitem.l_discount",
                                "lineitem.l_tax",
                                "lineitem.l_returnflag",
                                "lineitem.l_linestatus",
                                "lineitem.l_shipdate",
                                "lineitem.l_commitdate",
                                "lineitem.l_receiptdate",
                                "lineitem.l_shipinstruct",
                                "lineitem.l_shipmode",
                                "lineitem.l_comment"
                              ]
                            },
                            {
                              "Node Type": "Hash",
                              "Parent Relationship": "Inner",
                              "Parallel Aware": true,
                              "Async Capable": false,
                              "Startup Cost": 14329.53,
                              "Total Cost": 14329.53,
                              "Plan Rows": 16032,
                              "Plan Width": 126,
                              "Output": [
                                "part.p_partkey",
                                "partsupp.ps_supplycost",
                                "partsupp.ps_suppkey",
                                "partsupp.ps_partkey",
                                "supplier.s_suppkey",
                                "nation.n_name"
                              ],
                              "Plans": [
                                {
                                  "Node Type": "Hash Join",
                                  "Parent Relationship": "Outer",
                                  "Parallel Aware": false,
                                  "Async Capable": false,
                                  "Join Type": "Inner",
                                  "Startup Cost": 449.99,
                                  "Total Cost": 14329.53,
                                  "Plan Rows": 16032,
                                  "Plan Width": 126,
                                  "Output": [
                                    "part.p_partkey",
                                    "partsupp.ps_supplycost",
                                    "partsupp.ps_suppkey",
                                    "partsupp.ps_partkey",
                                    "supplier.s_suppkey",
                                    "nation.n_name"
                                  ],
                                  "Inner Unique": true,
                                  "Hash Cond": "(supplier.s_nationkey = nation.n_nationkey)",
                                  "Plans": [
                                    {
                                      "Node Type": "Hash Join",
                                      "Parent Relationship": "Outer",
                                      "Parallel Aware": false,
                                      "Async Capable": false,
                                      "Join Type": "Inner",
                                      "Startup Cost": 448.43,
                                      "Total Cost": 14278.75,
                                      "Plan Rows": 16032,
                                      "Plan Width": 26,
                                      "Output": [
                                        "part.p_partkey",
                                        "partsupp.ps_supplycost",
                                        "partsupp.ps_suppkey",
                                        "partsupp.ps_partkey",
                                        "supplier.s_suppkey",
                                        "supplier.s_nationkey"
                                      ],
                                      "Inner Unique": true,
                                      "Hash Cond": "(partsupp.ps_suppkey = supplier.s_suppkey)",
                                      "Plans": [
                                        {
                                          "Node Type": "Nested Loop",
                                          "Parent Relationship": "Outer",
                                          "Parallel Aware": false,
                                          "Async Capable": false,
                                          "Join Type": "Inner",
                                          "Startup Cost": 0.42,
                                          "Total Cost": 13788.64,
                                          "Plan Rows": 16032,
                                          "Plan Width": 18,
                                          "Output": [
                                            "part.p_partkey",
                                            "partsupp.ps_supplycost",
                                            "partsupp.ps_suppkey",
                                            "partsupp.ps_partkey"
                                          ],
                                          "Inner Unique": false,
                                          "Plans": [
                                            {
                                              "Node Type": "Seq Scan",
                                              "Parent Relationship": "Outer",
                                              "Parallel Aware": true,
                                              "Async Capable": false,
                                              "Relation Name": "part",
                                              "Schema": "public",
                                              "Alias": "part",
                                              "Startup Cost": 0.0,
                                              "Total Cost": 5169.67,
                                              "Plan Rows": 4008,
                                              "Plan Width": 4,
                                              "Output": [
                                                "part.p_partkey",
                                                "part.p_name",
                                                "part.p_mfgr",
                                                "part.p_brand",
                                                "part.p_type",
                                                "part.p_size",
                                                "part.p_container",
                                                "part.p_retailprice",
                                                "part.p_comment"
                                              ],
                                              "Filter": "((part.p_name)::text ~~ '%medium%'::text)"
                                            },
                                            {
                                              "Node Type": "Index Scan",
                                              "Parent Relationship": "Inner",
                                              "Parallel Aware": false,
                                              "Async Capable": false,
                                              "Scan Direction": "Forward",
                                              "Index Name": "partsupp_pkey",
                                              "Relation Name": "partsupp",
                                              "Schema": "public",
                                              "Alias": "partsupp",
                                              "Startup Cost": 0.42,
                                              "Total Cost": 2.11,
                                              "Plan Rows": 4,
                                              "Plan Width": 14,
                                              "Output": [
                                                "partsupp.ps_partkey",
                                                "partsupp.ps_suppkey",
                                                "partsupp.ps_availqty",
                                                "partsupp.ps_supplycost",
                                                "partsupp.ps_comment"
                                              ],
                                              "Index Cond": "(partsupp.ps_partkey = part.p_partkey)"
                                            }
                                          ]
                                        },
                                        {
                                          "Node Type": "Hash",
                                          "Parent Relationship": "Inner",
                                          "Parallel Aware": false,
                                          "Async Capable": false,
                                          "Startup Cost": 323.0,
                                          "Total Cost": 323.0,
                                          "Plan Rows": 10000,
                                          "Plan Width": 8,
                                          "Output": [
                                            "supplier.s_suppkey",
                                            "supplier.s_nationkey"
                                          ],
                                          "Plans": [
                                            {
                                              "Node Type": "Seq Scan",
                                              "Parent Relationship": "Outer",
                                              "Parallel Aware": false,
                                              "Async Capable": false,
                                              "Relation Name": "supplier",
                                              "Schema": "public",
                                              "Alias": "supplier",
                                              "Startup Cost": 0.0,
                                              "Total Cost": 323.0,
                                              "Plan Rows": 10000,
                                              "Plan Width": 8,
                                              "Output": [
                                                "supplier.s_suppkey",
                                                "supplier.s_nationkey"
                                              ]
                                            }
                                          ]
                                        }
                                      ]
                                    },
                                    {
                                      "Node Type": "Hash",
                                      "Parent Relationship": "Inner",
                                      "Parallel Aware": false,
                                      "Async Capable": false,
                                      "Startup Cost": 1.25,
                                      "Total Cost": 1.25,
                                      "Plan Rows": 25,
                                      "Plan Width": 108,
                                      "Output": [
                                        "nation.n_name",
                                        "nation.n_nationkey"
                                      ],
                                      "Plans": [
                                        {
                                          "Node Type": "Seq Scan",
                                          "Parent Relationship": "Outer",
                                          "Parallel Aware": false,
                                          "Async Capable": false,
                                          "Relation Name": "nation",
                                          "Schema": "public",
                                          "Alias": "nation",
                                          "Startup Cost": 0.0,
                                          "Total Cost": 1.25,
                                          "Plan Rows": 25,
                                          "Plan Width": 108,
                                          "Output": [
                                            "nation.n_name",
                                            "nation.n_nationkey"
                                          ]
                                        }
                                      ]
                                    }
                                  ]
                                }
                              ]
                            }
                          ]
                        },
                        {
                          "Node Type": "Index Scan",
                          "Parent Relationship": "Inner",
                          "Parallel Aware": false,
                          "Async Capable": false,
                          "Scan Direction": "Forward",
                          "Index Name": "orders_pkey",
                          "Relation Name": "orders",
                          "Schema": "public",
                          "Alias": "orders",
                          "Startup Cost": 0.43,
                          "Total Cost": 0.45,
                          "Plan Rows": 1,
                          "Plan Width": 8,
                          "Output": [
                            "orders.o_orderkey",
                            "orders.o_custkey",
                            "orders.o_orderstatus",
                            "orders.o_totalprice",
                            "orders.o_orderdate",
                            "orders.o_orderpriority",
                            "orders.o_clerk",
                            "orders.o_shippriority",
                            "orders.o_comment"
                          ],
                          "Index Cond": "(orders.o_orderkey = lineitem.l_orderkey)"
                        }
                      ]
                    }
                  ]
                }
              ]
            }
          ]
        }
      ]
    },
    "JIT": {
      "Functions": 43,
      "Options": {
        "Inlining": false,
        "Optimization": false,
        "Expressions": true,
        "Deforming": true
      }
    }
  }
]
```

---

## 124. Q9_76_seed_615302325.sql

**File Path:** `/Users/brunowinter2000/Documents/Thesis/2025_2026/Plan-Level/Generated_Queries/Q9/Q9_76_seed_615302325.sql`

### EXPLAIN JSON

```json
[
  {
    "Plan": {
      "Node Type": "Sort",
      "Parallel Aware": false,
      "Async Capable": false,
      "Startup Cost": 209315.24,
      "Total Cost": 209465.61,
      "Plan Rows": 60150,
      "Plan Width": 168,
      "Output": [
        "nation.n_name",
        "(EXTRACT(year FROM orders.o_orderdate))",
        "(sum(((lineitem.l_extendedprice * ('1'::numeric - lineitem.l_discount)) - (partsupp.ps_supplycost * lineitem.l_quantity))))"
      ],
      "Sort Key": [
        "nation.n_name",
        "(EXTRACT(year FROM orders.o_orderdate)) DESC"
      ],
      "Plans": [
        {
          "Node Type": "Aggregate",
          "Strategy": "Hashed",
          "Partial Mode": "Finalize",
          "Parent Relationship": "Outer",
          "Parallel Aware": false,
          "Async Capable": false,
          "Startup Cost": 203638.2,
          "Total Cost": 204540.45,
          "Plan Rows": 60150,
          "Plan Width": 168,
          "Output": [
            "nation.n_name",
            "(EXTRACT(year FROM orders.o_orderdate))",
            "sum(((lineitem.l_extendedprice * ('1'::numeric - lineitem.l_discount)) - (partsupp.ps_supplycost * lineitem.l_quantity)))"
          ],
          "Group Key": [
            "nation.n_name",
            "(EXTRACT(year FROM orders.o_orderdate))"
          ],
          "Planned Partitions": 0,
          "Plans": [
            {
              "Node Type": "Gather",
              "Parent Relationship": "Outer",
              "Parallel Aware": false,
              "Async Capable": false,
              "Startup Cost": 173738.96,
              "Total Cost": 200992.25,
              "Plan Rows": 264595,
              "Plan Width": 168,
              "Output": [
                "nation.n_name",
                "(EXTRACT(year FROM orders.o_orderdate))",
                "(PARTIAL sum(((lineitem.l_extendedprice * ('1'::numeric - lineitem.l_discount)) - (partsupp.ps_supplycost * lineitem.l_quantity))))"
              ],
              "Workers Planned": 5,
              "Single Copy": false,
              "Plans": [
                {
                  "Node Type": "Aggregate",
                  "Strategy": "Hashed",
                  "Partial Mode": "Partial",
                  "Parent Relationship": "Outer",
                  "Parallel Aware": false,
                  "Async Capable": false,
                  "Startup Cost": 172738.96,
                  "Total Cost": 173532.75,
                  "Plan Rows": 52919,
                  "Plan Width": 168,
                  "Output": [
                    "nation.n_name",
                    "(EXTRACT(year FROM orders.o_orderdate))",
                    "PARTIAL sum(((lineitem.l_extendedprice * ('1'::numeric - lineitem.l_discount)) - (partsupp.ps_supplycost * lineitem.l_quantity)))"
                  ],
                  "Group Key": [
                    "nation.n_name",
                    "EXTRACT(year FROM orders.o_orderdate)"
                  ],
                  "Planned Partitions": 0,
                  "Plans": [
                    {
                      "Node Type": "Nested Loop",
                      "Parent Relationship": "Outer",
                      "Parallel Aware": false,
                      "Async Capable": false,
                      "Join Type": "Inner",
                      "Startup Cost": 14234.27,
                      "Total Cost": 171812.88,
                      "Plan Rows": 52919,
                      "Plan Width": 159,
                      "Output": [
                        "nation.n_name",
                        "EXTRACT(year FROM orders.o_orderdate)",
                        "lineitem.l_extendedprice",
                        "lineitem.l_discount",
                        "partsupp.ps_supplycost",
                        "lineitem.l_quantity"
                      ],
                      "Inner Unique": true,
                      "Plans": [
                        {
                          "Node Type": "Hash Join",
                          "Parent Relationship": "Outer",
                          "Parallel Aware": true,
                          "Async Capable": false,
                          "Join Type": "Inner",
                          "Startup Cost": 14233.85,
                          "Total Cost": 147838.19,
                          "Plan Rows": 52919,
                          "Plan Width": 131,
                          "Output": [
                            "lineitem.l_extendedprice",
                            "lineitem.l_discount",
                            "lineitem.l_quantity",
                            "lineitem.l_orderkey",
                            "partsupp.ps_supplycost",
                            "nation.n_name"
                          ],
                          "Inner Unique": false,
                          "Hash Cond": "((lineitem.l_suppkey = supplier.s_suppkey) AND (lineitem.l_partkey = partsupp.ps_partkey))",
                          "Plans": [
                            {
                              "Node Type": "Seq Scan",
                              "Parent Relationship": "Outer",
                              "Parallel Aware": true,
                              "Async Capable": false,
                              "Relation Name": "lineitem",
                              "Schema": "public",
                              "Alias": "lineitem",
                              "Startup Cost": 0.0,
                              "Total Cost": 124602.43,
                              "Plan Rows": 1200243,
                              "Plan Width": 29,
                              "Output": [
                                "lineitem.l_orderkey",
                                "lineitem.l_partkey",
                                "lineitem.l_suppkey",
                                "lineitem.l_linenumber",
                                "lineitem.l_quantity",
                                "lineitem.l_extendedprice",
                                "lineitem.l_discount",
                                "lineitem.l_tax",
                                "lineitem.l_returnflag",
                                "lineitem.l_linestatus",
                                "lineitem.l_shipdate",
                                "lineitem.l_commitdate",
                                "lineitem.l_receiptdate",
                                "lineitem.l_shipinstruct",
                                "lineitem.l_shipmode",
                                "lineitem.l_comment"
                              ]
                            },
                            {
                              "Node Type": "Hash",
                              "Parent Relationship": "Inner",
                              "Parallel Aware": true,
                              "Async Capable": false,
                              "Startup Cost": 14013.39,
                              "Total Cost": 14013.39,
                              "Plan Rows": 14697,
                              "Plan Width": 126,
                              "Output": [
                                "part.p_partkey",
                                "partsupp.ps_supplycost",
                                "partsupp.ps_suppkey",
                                "partsupp.ps_partkey",
                                "supplier.s_suppkey",
                                "nation.n_name"
                              ],
                              "Plans": [
                                {
                                  "Node Type": "Hash Join",
                                  "Parent Relationship": "Outer",
                                  "Parallel Aware": false,
                                  "Async Capable": false,
                                  "Join Type": "Inner",
                                  "Startup Cost": 449.99,
                                  "Total Cost": 14013.39,
                                  "Plan Rows": 14697,
                                  "Plan Width": 126,
                                  "Output": [
                                    "part.p_partkey",
                                    "partsupp.ps_supplycost",
                                    "partsupp.ps_suppkey",
                                    "partsupp.ps_partkey",
                                    "supplier.s_suppkey",
                                    "nation.n_name"
                                  ],
                                  "Inner Unique": true,
                                  "Hash Cond": "(supplier.s_nationkey = nation.n_nationkey)",
                                  "Plans": [
                                    {
                                      "Node Type": "Hash Join",
                                      "Parent Relationship": "Outer",
                                      "Parallel Aware": false,
                                      "Async Capable": false,
                                      "Join Type": "Inner",
                                      "Startup Cost": 448.43,
                                      "Total Cost": 13966.71,
                                      "Plan Rows": 14697,
                                      "Plan Width": 26,
                                      "Output": [
                                        "part.p_partkey",
                                        "partsupp.ps_supplycost",
                                        "partsupp.ps_suppkey",
                                        "partsupp.ps_partkey",
                                        "supplier.s_suppkey",
                                        "supplier.s_nationkey"
                                      ],
                                      "Inner Unique": true,
                                      "Hash Cond": "(partsupp.ps_suppkey = supplier.s_suppkey)",
                                      "Plans": [
                                        {
                                          "Node Type": "Nested Loop",
                                          "Parent Relationship": "Outer",
                                          "Parallel Aware": false,
                                          "Async Capable": false,
                                          "Join Type": "Inner",
                                          "Startup Cost": 0.42,
                                          "Total Cost": 13480.12,
                                          "Plan Rows": 14697,
                                          "Plan Width": 18,
                                          "Output": [
                                            "part.p_partkey",
                                            "partsupp.ps_supplycost",
                                            "partsupp.ps_suppkey",
                                            "partsupp.ps_partkey"
                                          ],
                                          "Inner Unique": false,
                                          "Plans": [
                                            {
                                              "Node Type": "Seq Scan",
                                              "Parent Relationship": "Outer",
                                              "Parallel Aware": true,
                                              "Async Capable": false,
                                              "Relation Name": "part",
                                              "Schema": "public",
                                              "Alias": "part",
                                              "Startup Cost": 0.0,
                                              "Total Cost": 5169.67,
                                              "Plan Rows": 3674,
                                              "Plan Width": 4,
                                              "Output": [
                                                "part.p_partkey",
                                                "part.p_name",
                                                "part.p_mfgr",
                                                "part.p_brand",
                                                "part.p_type",
                                                "part.p_size",
                                                "part.p_container",
                                                "part.p_retailprice",
                                                "part.p_comment"
                                              ],
                                              "Filter": "((part.p_name)::text ~~ '%azure%'::text)"
                                            },
                                            {
                                              "Node Type": "Index Scan",
                                              "Parent Relationship": "Inner",
                                              "Parallel Aware": false,
                                              "Async Capable": false,
                                              "Scan Direction": "Forward",
                                              "Index Name": "partsupp_pkey",
                                              "Relation Name": "partsupp",
                                              "Schema": "public",
                                              "Alias": "partsupp",
                                              "Startup Cost": 0.42,
                                              "Total Cost": 2.22,
                                              "Plan Rows": 4,
                                              "Plan Width": 14,
                                              "Output": [
                                                "partsupp.ps_partkey",
                                                "partsupp.ps_suppkey",
                                                "partsupp.ps_availqty",
                                                "partsupp.ps_supplycost",
                                                "partsupp.ps_comment"
                                              ],
                                              "Index Cond": "(partsupp.ps_partkey = part.p_partkey)"
                                            }
                                          ]
                                        },
                                        {
                                          "Node Type": "Hash",
                                          "Parent Relationship": "Inner",
                                          "Parallel Aware": false,
                                          "Async Capable": false,
                                          "Startup Cost": 323.0,
                                          "Total Cost": 323.0,
                                          "Plan Rows": 10000,
                                          "Plan Width": 8,
                                          "Output": [
                                            "supplier.s_suppkey",
                                            "supplier.s_nationkey"
                                          ],
                                          "Plans": [
                                            {
                                              "Node Type": "Seq Scan",
                                              "Parent Relationship": "Outer",
                                              "Parallel Aware": false,
                                              "Async Capable": false,
                                              "Relation Name": "supplier",
                                              "Schema": "public",
                                              "Alias": "supplier",
                                              "Startup Cost": 0.0,
                                              "Total Cost": 323.0,
                                              "Plan Rows": 10000,
                                              "Plan Width": 8,
                                              "Output": [
                                                "supplier.s_suppkey",
                                                "supplier.s_nationkey"
                                              ]
                                            }
                                          ]
                                        }
                                      ]
                                    },
                                    {
                                      "Node Type": "Hash",
                                      "Parent Relationship": "Inner",
                                      "Parallel Aware": false,
                                      "Async Capable": false,
                                      "Startup Cost": 1.25,
                                      "Total Cost": 1.25,
                                      "Plan Rows": 25,
                                      "Plan Width": 108,
                                      "Output": [
                                        "nation.n_name",
                                        "nation.n_nationkey"
                                      ],
                                      "Plans": [
                                        {
                                          "Node Type": "Seq Scan",
                                          "Parent Relationship": "Outer",
                                          "Parallel Aware": false,
                                          "Async Capable": false,
                                          "Relation Name": "nation",
                                          "Schema": "public",
                                          "Alias": "nation",
                                          "Startup Cost": 0.0,
                                          "Total Cost": 1.25,
                                          "Plan Rows": 25,
                                          "Plan Width": 108,
                                          "Output": [
                                            "nation.n_name",
                                            "nation.n_nationkey"
                                          ]
                                        }
                                      ]
                                    }
                                  ]
                                }
                              ]
                            }
                          ]
                        },
                        {
                          "Node Type": "Index Scan",
                          "Parent Relationship": "Inner",
                          "Parallel Aware": false,
                          "Async Capable": false,
                          "Scan Direction": "Forward",
                          "Index Name": "orders_pkey",
                          "Relation Name": "orders",
                          "Schema": "public",
                          "Alias": "orders",
                          "Startup Cost": 0.43,
                          "Total Cost": 0.45,
                          "Plan Rows": 1,
                          "Plan Width": 8,
                          "Output": [
                            "orders.o_orderkey",
                            "orders.o_custkey",
                            "orders.o_orderstatus",
                            "orders.o_totalprice",
                            "orders.o_orderdate",
                            "orders.o_orderpriority",
                            "orders.o_clerk",
                            "orders.o_shippriority",
                            "orders.o_comment"
                          ],
                          "Index Cond": "(orders.o_orderkey = lineitem.l_orderkey)"
                        }
                      ]
                    }
                  ]
                }
              ]
            }
          ]
        }
      ]
    },
    "JIT": {
      "Functions": 43,
      "Options": {
        "Inlining": false,
        "Optimization": false,
        "Expressions": true,
        "Deforming": true
      }
    }
  }
]
```

---

## 125. Q9_77_seed_623506356.sql

**File Path:** `/Users/brunowinter2000/Documents/Thesis/2025_2026/Plan-Level/Generated_Queries/Q9/Q9_77_seed_623506356.sql`

### EXPLAIN JSON

```json
[
  {
    "Plan": {
      "Node Type": "Sort",
      "Parallel Aware": false,
      "Async Capable": false,
      "Startup Cost": 211969.48,
      "Total Cost": 212119.85,
      "Plan Rows": 60150,
      "Plan Width": 168,
      "Output": [
        "nation.n_name",
        "(EXTRACT(year FROM orders.o_orderdate))",
        "(sum(((lineitem.l_extendedprice * ('1'::numeric - lineitem.l_discount)) - (partsupp.ps_supplycost * lineitem.l_quantity))))"
      ],
      "Sort Key": [
        "nation.n_name",
        "(EXTRACT(year FROM orders.o_orderdate)) DESC"
      ],
      "Plans": [
        {
          "Node Type": "Aggregate",
          "Strategy": "Hashed",
          "Partial Mode": "Finalize",
          "Parent Relationship": "Outer",
          "Parallel Aware": false,
          "Async Capable": false,
          "Startup Cost": 206292.44,
          "Total Cost": 207194.69,
          "Plan Rows": 60150,
          "Plan Width": 168,
          "Output": [
            "nation.n_name",
            "(EXTRACT(year FROM orders.o_orderdate))",
            "sum(((lineitem.l_extendedprice * ('1'::numeric - lineitem.l_discount)) - (partsupp.ps_supplycost * lineitem.l_quantity)))"
          ],
          "Group Key": [
            "nation.n_name",
            "(EXTRACT(year FROM orders.o_orderdate))"
          ],
          "Planned Partitions": 0,
          "Plans": [
            {
              "Node Type": "Gather",
              "Parent Relationship": "Outer",
              "Parallel Aware": false,
              "Async Capable": false,
              "Startup Cost": 175037.2,
              "Total Cost": 203526.49,
              "Plan Rows": 276595,
              "Plan Width": 168,
              "Output": [
                "nation.n_name",
                "(EXTRACT(year FROM orders.o_orderdate))",
                "(PARTIAL sum(((lineitem.l_extendedprice * ('1'::numeric - lineitem.l_discount)) - (partsupp.ps_supplycost * lineitem.l_quantity))))"
              ],
              "Workers Planned": 5,
              "Single Copy": false,
              "Plans": [
                {
                  "Node Type": "Aggregate",
                  "Strategy": "Hashed",
                  "Partial Mode": "Partial",
                  "Parent Relationship": "Outer",
                  "Parallel Aware": false,
                  "Async Capable": false,
                  "Startup Cost": 174037.2,
                  "Total Cost": 174866.99,
                  "Plan Rows": 55319,
                  "Plan Width": 168,
                  "Output": [
                    "nation.n_name",
                    "(EXTRACT(year FROM orders.o_orderdate))",
                    "PARTIAL sum(((lineitem.l_extendedprice * ('1'::numeric - lineitem.l_discount)) - (partsupp.ps_supplycost * lineitem.l_quantity)))"
                  ],
                  "Group Key": [
                    "nation.n_name",
                    "EXTRACT(year FROM orders.o_orderdate)"
                  ],
                  "Planned Partitions": 0,
                  "Plans": [
                    {
                      "Node Type": "Nested Loop",
                      "Parent Relationship": "Outer",
                      "Parallel Aware": false,
                      "Async Capable": false,
                      "Join Type": "Inner",
                      "Startup Cost": 14403.2,
                      "Total Cost": 173069.12,
                      "Plan Rows": 55319,
                      "Plan Width": 159,
                      "Output": [
                        "nation.n_name",
                        "EXTRACT(year FROM orders.o_orderdate)",
                        "lineitem.l_extendedprice",
                        "lineitem.l_discount",
                        "partsupp.ps_supplycost",
                        "lineitem.l_quantity"
                      ],
                      "Inner Unique": true,
                      "Plans": [
                        {
                          "Node Type": "Hash Join",
                          "Parent Relationship": "Outer",
                          "Parallel Aware": true,
                          "Async Capable": false,
                          "Join Type": "Inner",
                          "Startup Cost": 14402.78,
                          "Total Cost": 148007.12,
                          "Plan Rows": 55319,
                          "Plan Width": 131,
                          "Output": [
                            "lineitem.l_extendedprice",
                            "lineitem.l_discount",
                            "lineitem.l_quantity",
                            "lineitem.l_orderkey",
                            "partsupp.ps_supplycost",
                            "nation.n_name"
                          ],
                          "Inner Unique": false,
                          "Hash Cond": "((lineitem.l_suppkey = supplier.s_suppkey) AND (lineitem.l_partkey = partsupp.ps_partkey))",
                          "Plans": [
                            {
                              "Node Type": "Seq Scan",
                              "Parent Relationship": "Outer",
                              "Parallel Aware": true,
                              "Async Capable": false,
                              "Relation Name": "lineitem",
                              "Schema": "public",
                              "Alias": "lineitem",
                              "Startup Cost": 0.0,
                              "Total Cost": 124602.43,
                              "Plan Rows": 1200243,
                              "Plan Width": 29,
                              "Output": [
                                "lineitem.l_orderkey",
                                "lineitem.l_partkey",
                                "lineitem.l_suppkey",
                                "lineitem.l_linenumber",
                                "lineitem.l_quantity",
                                "lineitem.l_extendedprice",
                                "lineitem.l_discount",
                                "lineitem.l_tax",
                                "lineitem.l_returnflag",
                                "lineitem.l_linestatus",
                                "lineitem.l_shipdate",
                                "lineitem.l_commitdate",
                                "lineitem.l_receiptdate",
                                "lineitem.l_shipinstruct",
                                "lineitem.l_shipmode",
                                "lineitem.l_comment"
                              ]
                            },
                            {
                              "Node Type": "Hash",
                              "Parent Relationship": "Inner",
                              "Parallel Aware": true,
                              "Async Capable": false,
                              "Startup Cost": 14172.33,
                              "Total Cost": 14172.33,
                              "Plan Rows": 15363,
                              "Plan Width": 126,
                              "Output": [
                                "part.p_partkey",
                                "partsupp.ps_supplycost",
                                "partsupp.ps_suppkey",
                                "partsupp.ps_partkey",
                                "supplier.s_suppkey",
                                "nation.n_name"
                              ],
                              "Plans": [
                                {
                                  "Node Type": "Hash Join",
                                  "Parent Relationship": "Outer",
                                  "Parallel Aware": false,
                                  "Async Capable": false,
                                  "Join Type": "Inner",
                                  "Startup Cost": 449.99,
                                  "Total Cost": 14172.33,
                                  "Plan Rows": 15363,
                                  "Plan Width": 126,
                                  "Output": [
                                    "part.p_partkey",
                                    "partsupp.ps_supplycost",
                                    "partsupp.ps_suppkey",
                                    "partsupp.ps_partkey",
                                    "supplier.s_suppkey",
                                    "nation.n_name"
                                  ],
                                  "Inner Unique": true,
                                  "Hash Cond": "(supplier.s_nationkey = nation.n_nationkey)",
                                  "Plans": [
                                    {
                                      "Node Type": "Hash Join",
                                      "Parent Relationship": "Outer",
                                      "Parallel Aware": false,
                                      "Async Capable": false,
                                      "Join Type": "Inner",
                                      "Startup Cost": 448.43,
                                      "Total Cost": 14123.6,
                                      "Plan Rows": 15363,
                                      "Plan Width": 26,
                                      "Output": [
                                        "part.p_partkey",
                                        "partsupp.ps_supplycost",
                                        "partsupp.ps_suppkey",
                                        "partsupp.ps_partkey",
                                        "supplier.s_suppkey",
                                        "supplier.s_nationkey"
                                      ],
                                      "Inner Unique": true,
                                      "Hash Cond": "(partsupp.ps_suppkey = supplier.s_suppkey)",
                                      "Plans": [
                                        {
                                          "Node Type": "Nested Loop",
                                          "Parent Relationship": "Outer",
                                          "Parallel Aware": false,
                                          "Async Capable": false,
                                          "Join Type": "Inner",
                                          "Startup Cost": 0.42,
                                          "Total Cost": 13635.25,
                                          "Plan Rows": 15363,
                                          "Plan Width": 18,
                                          "Output": [
                                            "part.p_partkey",
                                            "partsupp.ps_supplycost",
                                            "partsupp.ps_suppkey",
                                            "partsupp.ps_partkey"
                                          ],
                                          "Inner Unique": false,
                                          "Plans": [
                                            {
                                              "Node Type": "Seq Scan",
                                              "Parent Relationship": "Outer",
                                              "Parallel Aware": true,
                                              "Async Capable": false,
                                              "Relation Name": "part",
                                              "Schema": "public",
                                              "Alias": "part",
                                              "Startup Cost": 0.0,
                                              "Total Cost": 5169.67,
                                              "Plan Rows": 3841,
                                              "Plan Width": 4,
                                              "Output": [
                                                "part.p_partkey",
                                                "part.p_name",
                                                "part.p_mfgr",
                                                "part.p_brand",
                                                "part.p_type",
                                                "part.p_size",
                                                "part.p_container",
                                                "part.p_retailprice",
                                                "part.p_comment"
                                              ],
                                              "Filter": "((part.p_name)::text ~~ '%maroon%'::text)"
                                            },
                                            {
                                              "Node Type": "Index Scan",
                                              "Parent Relationship": "Inner",
                                              "Parallel Aware": false,
                                              "Async Capable": false,
                                              "Scan Direction": "Forward",
                                              "Index Name": "partsupp_pkey",
                                              "Relation Name": "partsupp",
                                              "Schema": "public",
                                              "Alias": "partsupp",
                                              "Startup Cost": 0.42,
                                              "Total Cost": 2.16,
                                              "Plan Rows": 4,
                                              "Plan Width": 14,
                                              "Output": [
                                                "partsupp.ps_partkey",
                                                "partsupp.ps_suppkey",
                                                "partsupp.ps_availqty",
                                                "partsupp.ps_supplycost",
                                                "partsupp.ps_comment"
                                              ],
                                              "Index Cond": "(partsupp.ps_partkey = part.p_partkey)"
                                            }
                                          ]
                                        },
                                        {
                                          "Node Type": "Hash",
                                          "Parent Relationship": "Inner",
                                          "Parallel Aware": false,
                                          "Async Capable": false,
                                          "Startup Cost": 323.0,
                                          "Total Cost": 323.0,
                                          "Plan Rows": 10000,
                                          "Plan Width": 8,
                                          "Output": [
                                            "supplier.s_suppkey",
                                            "supplier.s_nationkey"
                                          ],
                                          "Plans": [
                                            {
                                              "Node Type": "Seq Scan",
                                              "Parent Relationship": "Outer",
                                              "Parallel Aware": false,
                                              "Async Capable": false,
                                              "Relation Name": "supplier",
                                              "Schema": "public",
                                              "Alias": "supplier",
                                              "Startup Cost": 0.0,
                                              "Total Cost": 323.0,
                                              "Plan Rows": 10000,
                                              "Plan Width": 8,
                                              "Output": [
                                                "supplier.s_suppkey",
                                                "supplier.s_nationkey"
                                              ]
                                            }
                                          ]
                                        }
                                      ]
                                    },
                                    {
                                      "Node Type": "Hash",
                                      "Parent Relationship": "Inner",
                                      "Parallel Aware": false,
                                      "Async Capable": false,
                                      "Startup Cost": 1.25,
                                      "Total Cost": 1.25,
                                      "Plan Rows": 25,
                                      "Plan Width": 108,
                                      "Output": [
                                        "nation.n_name",
                                        "nation.n_nationkey"
                                      ],
                                      "Plans": [
                                        {
                                          "Node Type": "Seq Scan",
                                          "Parent Relationship": "Outer",
                                          "Parallel Aware": false,
                                          "Async Capable": false,
                                          "Relation Name": "nation",
                                          "Schema": "public",
                                          "Alias": "nation",
                                          "Startup Cost": 0.0,
                                          "Total Cost": 1.25,
                                          "Plan Rows": 25,
                                          "Plan Width": 108,
                                          "Output": [
                                            "nation.n_name",
                                            "nation.n_nationkey"
                                          ]
                                        }
                                      ]
                                    }
                                  ]
                                }
                              ]
                            }
                          ]
                        },
                        {
                          "Node Type": "Index Scan",
                          "Parent Relationship": "Inner",
                          "Parallel Aware": false,
                          "Async Capable": false,
                          "Scan Direction": "Forward",
                          "Index Name": "orders_pkey",
                          "Relation Name": "orders",
                          "Schema": "public",
                          "Alias": "orders",
                          "Startup Cost": 0.43,
                          "Total Cost": 0.45,
                          "Plan Rows": 1,
                          "Plan Width": 8,
                          "Output": [
                            "orders.o_orderkey",
                            "orders.o_custkey",
                            "orders.o_orderstatus",
                            "orders.o_totalprice",
                            "orders.o_orderdate",
                            "orders.o_orderpriority",
                            "orders.o_clerk",
                            "orders.o_shippriority",
                            "orders.o_comment"
                          ],
                          "Index Cond": "(orders.o_orderkey = lineitem.l_orderkey)"
                        }
                      ]
                    }
                  ]
                }
              ]
            }
          ]
        }
      ]
    },
    "JIT": {
      "Functions": 43,
      "Options": {
        "Inlining": false,
        "Optimization": false,
        "Expressions": true,
        "Deforming": true
      }
    }
  }
]
```

---

## 126. Q9_78_seed_631710387.sql

**File Path:** `/Users/brunowinter2000/Documents/Thesis/2025_2026/Plan-Level/Generated_Queries/Q9/Q9_78_seed_631710387.sql`

### EXPLAIN JSON

```json
[
  {
    "Plan": {
      "Node Type": "Sort",
      "Parallel Aware": false,
      "Async Capable": false,
      "Startup Cost": 218594.94,
      "Total Cost": 218745.31,
      "Plan Rows": 60150,
      "Plan Width": 168,
      "Output": [
        "nation.n_name",
        "(EXTRACT(year FROM orders.o_orderdate))",
        "(sum(((lineitem.l_extendedprice * ('1'::numeric - lineitem.l_discount)) - (partsupp.ps_supplycost * lineitem.l_quantity))))"
      ],
      "Sort Key": [
        "nation.n_name",
        "(EXTRACT(year FROM orders.o_orderdate)) DESC"
      ],
      "Plans": [
        {
          "Node Type": "Aggregate",
          "Strategy": "Hashed",
          "Partial Mode": "Finalize",
          "Parent Relationship": "Outer",
          "Parallel Aware": false,
          "Async Capable": false,
          "Startup Cost": 212917.9,
          "Total Cost": 213820.15,
          "Plan Rows": 60150,
          "Plan Width": 168,
          "Output": [
            "nation.n_name",
            "(EXTRACT(year FROM orders.o_orderdate))",
            "sum(((lineitem.l_extendedprice * ('1'::numeric - lineitem.l_discount)) - (partsupp.ps_supplycost * lineitem.l_quantity)))"
          ],
          "Group Key": [
            "nation.n_name",
            "(EXTRACT(year FROM orders.o_orderdate))"
          ],
          "Planned Partitions": 0,
          "Plans": [
            {
              "Node Type": "Gather",
              "Parent Relationship": "Outer",
              "Parallel Aware": false,
              "Async Capable": false,
              "Startup Cost": 178933.15,
              "Total Cost": 209910.4,
              "Plan Rows": 300750,
              "Plan Width": 168,
              "Output": [
                "nation.n_name",
                "(EXTRACT(year FROM orders.o_orderdate))",
                "(PARTIAL sum(((lineitem.l_extendedprice * ('1'::numeric - lineitem.l_discount)) - (partsupp.ps_supplycost * lineitem.l_quantity))))"
              ],
              "Workers Planned": 5,
              "Single Copy": false,
              "Plans": [
                {
                  "Node Type": "Aggregate",
                  "Strategy": "Hashed",
                  "Partial Mode": "Partial",
                  "Parent Relationship": "Outer",
                  "Parallel Aware": false,
                  "Async Capable": false,
                  "Startup Cost": 177933.15,
                  "Total Cost": 178835.4,
                  "Plan Rows": 60150,
                  "Plan Width": 168,
                  "Output": [
                    "nation.n_name",
                    "(EXTRACT(year FROM orders.o_orderdate))",
                    "PARTIAL sum(((lineitem.l_extendedprice * ('1'::numeric - lineitem.l_discount)) - (partsupp.ps_supplycost * lineitem.l_quantity)))"
                  ],
                  "Group Key": [
                    "nation.n_name",
                    "EXTRACT(year FROM orders.o_orderdate)"
                  ],
                  "Planned Partitions": 0,
                  "Plans": [
                    {
                      "Node Type": "Nested Loop",
                      "Parent Relationship": "Outer",
                      "Parallel Aware": false,
                      "Async Capable": false,
                      "Join Type": "Inner",
                      "Startup Cost": 14901.81,
                      "Total Cost": 176838.72,
                      "Plan Rows": 62539,
                      "Plan Width": 159,
                      "Output": [
                        "nation.n_name",
                        "EXTRACT(year FROM orders.o_orderdate)",
                        "lineitem.l_extendedprice",
                        "lineitem.l_discount",
                        "partsupp.ps_supplycost",
                        "lineitem.l_quantity"
                      ],
                      "Inner Unique": true,
                      "Plans": [
                        {
                          "Node Type": "Hash Join",
                          "Parent Relationship": "Outer",
                          "Parallel Aware": true,
                          "Async Capable": false,
                          "Join Type": "Inner",
                          "Startup Cost": 14901.38,
                          "Total Cost": 148505.73,
                          "Plan Rows": 62539,
                          "Plan Width": 131,
                          "Output": [
                            "lineitem.l_extendedprice",
                            "lineitem.l_discount",
                            "lineitem.l_quantity",
                            "lineitem.l_orderkey",
                            "partsupp.ps_supplycost",
                            "nation.n_name"
                          ],
                          "Inner Unique": false,
                          "Hash Cond": "((lineitem.l_suppkey = supplier.s_suppkey) AND (lineitem.l_partkey = partsupp.ps_partkey))",
                          "Plans": [
                            {
                              "Node Type": "Seq Scan",
                              "Parent Relationship": "Outer",
                              "Parallel Aware": true,
                              "Async Capable": false,
                              "Relation Name": "lineitem",
                              "Schema": "public",
                              "Alias": "lineitem",
                              "Startup Cost": 0.0,
                              "Total Cost": 124602.43,
                              "Plan Rows": 1200243,
                              "Plan Width": 29,
                              "Output": [
                                "lineitem.l_orderkey",
                                "lineitem.l_partkey",
                                "lineitem.l_suppkey",
                                "lineitem.l_linenumber",
                                "lineitem.l_quantity",
                                "lineitem.l_extendedprice",
                                "lineitem.l_discount",
                                "lineitem.l_tax",
                                "lineitem.l_returnflag",
                                "lineitem.l_linestatus",
                                "lineitem.l_shipdate",
                                "lineitem.l_commitdate",
                                "lineitem.l_receiptdate",
                                "lineitem.l_shipinstruct",
                                "lineitem.l_shipmode",
                                "lineitem.l_comment"
                              ]
                            },
                            {
                              "Node Type": "Hash",
                              "Parent Relationship": "Inner",
                              "Parallel Aware": true,
                              "Async Capable": false,
                              "Startup Cost": 14640.86,
                              "Total Cost": 14640.86,
                              "Plan Rows": 17368,
                              "Plan Width": 126,
                              "Output": [
                                "part.p_partkey",
                                "partsupp.ps_supplycost",
                                "partsupp.ps_suppkey",
                                "partsupp.ps_partkey",
                                "supplier.s_suppkey",
                                "nation.n_name"
                              ],
                              "Plans": [
                                {
                                  "Node Type": "Hash Join",
                                  "Parent Relationship": "Outer",
                                  "Parallel Aware": false,
                                  "Async Capable": false,
                                  "Join Type": "Inner",
                                  "Startup Cost": 449.99,
                                  "Total Cost": 14640.86,
                                  "Plan Rows": 17368,
                                  "Plan Width": 126,
                                  "Output": [
                                    "part.p_partkey",
                                    "partsupp.ps_supplycost",
                                    "partsupp.ps_suppkey",
                                    "partsupp.ps_partkey",
                                    "supplier.s_suppkey",
                                    "nation.n_name"
                                  ],
                                  "Inner Unique": true,
                                  "Hash Cond": "(supplier.s_nationkey = nation.n_nationkey)",
                                  "Plans": [
                                    {
                                      "Node Type": "Hash Join",
                                      "Parent Relationship": "Outer",
                                      "Parallel Aware": false,
                                      "Async Capable": false,
                                      "Join Type": "Inner",
                                      "Startup Cost": 448.43,
                                      "Total Cost": 14585.97,
                                      "Plan Rows": 17368,
                                      "Plan Width": 26,
                                      "Output": [
                                        "part.p_partkey",
                                        "partsupp.ps_supplycost",
                                        "partsupp.ps_suppkey",
                                        "partsupp.ps_partkey",
                                        "supplier.s_suppkey",
                                        "supplier.s_nationkey"
                                      ],
                                      "Inner Unique": true,
                                      "Hash Cond": "(partsupp.ps_suppkey = supplier.s_suppkey)",
                                      "Plans": [
                                        {
                                          "Node Type": "Nested Loop",
                                          "Parent Relationship": "Outer",
                                          "Parallel Aware": false,
                                          "Async Capable": false,
                                          "Join Type": "Inner",
                                          "Startup Cost": 0.42,
                                          "Total Cost": 14092.36,
                                          "Plan Rows": 17368,
                                          "Plan Width": 18,
                                          "Output": [
                                            "part.p_partkey",
                                            "partsupp.ps_supplycost",
                                            "partsupp.ps_suppkey",
                                            "partsupp.ps_partkey"
                                          ],
                                          "Inner Unique": false,
                                          "Plans": [
                                            {
                                              "Node Type": "Seq Scan",
                                              "Parent Relationship": "Outer",
                                              "Parallel Aware": true,
                                              "Async Capable": false,
                                              "Relation Name": "part",
                                              "Schema": "public",
                                              "Alias": "part",
                                              "Startup Cost": 0.0,
                                              "Total Cost": 5169.67,
                                              "Plan Rows": 4342,
                                              "Plan Width": 4,
                                              "Output": [
                                                "part.p_partkey",
                                                "part.p_name",
                                                "part.p_mfgr",
                                                "part.p_brand",
                                                "part.p_type",
                                                "part.p_size",
                                                "part.p_container",
                                                "part.p_retailprice",
                                                "part.p_comment"
                                              ],
                                              "Filter": "((part.p_name)::text ~~ '%antique%'::text)"
                                            },
                                            {
                                              "Node Type": "Index Scan",
                                              "Parent Relationship": "Inner",
                                              "Parallel Aware": false,
                                              "Async Capable": false,
                                              "Scan Direction": "Forward",
                                              "Index Name": "partsupp_pkey",
                                              "Relation Name": "partsupp",
                                              "Schema": "public",
                                              "Alias": "partsupp",
                                              "Startup Cost": 0.42,
                                              "Total Cost": 2.01,
                                              "Plan Rows": 4,
                                              "Plan Width": 14,
                                              "Output": [
                                                "partsupp.ps_partkey",
                                                "partsupp.ps_suppkey",
                                                "partsupp.ps_availqty",
                                                "partsupp.ps_supplycost",
                                                "partsupp.ps_comment"
                                              ],
                                              "Index Cond": "(partsupp.ps_partkey = part.p_partkey)"
                                            }
                                          ]
                                        },
                                        {
                                          "Node Type": "Hash",
                                          "Parent Relationship": "Inner",
                                          "Parallel Aware": false,
                                          "Async Capable": false,
                                          "Startup Cost": 323.0,
                                          "Total Cost": 323.0,
                                          "Plan Rows": 10000,
                                          "Plan Width": 8,
                                          "Output": [
                                            "supplier.s_suppkey",
                                            "supplier.s_nationkey"
                                          ],
                                          "Plans": [
                                            {
                                              "Node Type": "Seq Scan",
                                              "Parent Relationship": "Outer",
                                              "Parallel Aware": false,
                                              "Async Capable": false,
                                              "Relation Name": "supplier",
                                              "Schema": "public",
                                              "Alias": "supplier",
                                              "Startup Cost": 0.0,
                                              "Total Cost": 323.0,
                                              "Plan Rows": 10000,
                                              "Plan Width": 8,
                                              "Output": [
                                                "supplier.s_suppkey",
                                                "supplier.s_nationkey"
                                              ]
                                            }
                                          ]
                                        }
                                      ]
                                    },
                                    {
                                      "Node Type": "Hash",
                                      "Parent Relationship": "Inner",
                                      "Parallel Aware": false,
                                      "Async Capable": false,
                                      "Startup Cost": 1.25,
                                      "Total Cost": 1.25,
                                      "Plan Rows": 25,
                                      "Plan Width": 108,
                                      "Output": [
                                        "nation.n_name",
                                        "nation.n_nationkey"
                                      ],
                                      "Plans": [
                                        {
                                          "Node Type": "Seq Scan",
                                          "Parent Relationship": "Outer",
                                          "Parallel Aware": false,
                                          "Async Capable": false,
                                          "Relation Name": "nation",
                                          "Schema": "public",
                                          "Alias": "nation",
                                          "Startup Cost": 0.0,
                                          "Total Cost": 1.25,
                                          "Plan Rows": 25,
                                          "Plan Width": 108,
                                          "Output": [
                                            "nation.n_name",
                                            "nation.n_nationkey"
                                          ]
                                        }
                                      ]
                                    }
                                  ]
                                }
                              ]
                            }
                          ]
                        },
                        {
                          "Node Type": "Index Scan",
                          "Parent Relationship": "Inner",
                          "Parallel Aware": false,
                          "Async Capable": false,
                          "Scan Direction": "Forward",
                          "Index Name": "orders_pkey",
                          "Relation Name": "orders",
                          "Schema": "public",
                          "Alias": "orders",
                          "Startup Cost": 0.43,
                          "Total Cost": 0.45,
                          "Plan Rows": 1,
                          "Plan Width": 8,
                          "Output": [
                            "orders.o_orderkey",
                            "orders.o_custkey",
                            "orders.o_orderstatus",
                            "orders.o_totalprice",
                            "orders.o_orderdate",
                            "orders.o_orderpriority",
                            "orders.o_clerk",
                            "orders.o_shippriority",
                            "orders.o_comment"
                          ],
                          "Index Cond": "(orders.o_orderkey = lineitem.l_orderkey)"
                        }
                      ]
                    }
                  ]
                }
              ]
            }
          ]
        }
      ]
    },
    "JIT": {
      "Functions": 43,
      "Options": {
        "Inlining": false,
        "Optimization": false,
        "Expressions": true,
        "Deforming": true
      }
    }
  }
]
```

---

## 127. Q9_79_seed_639914418.sql

**File Path:** `/Users/brunowinter2000/Documents/Thesis/2025_2026/Plan-Level/Generated_Queries/Q9/Q9_79_seed_639914418.sql`

### EXPLAIN JSON

```json
[
  {
    "Plan": {
      "Node Type": "Sort",
      "Parallel Aware": false,
      "Async Capable": false,
      "Startup Cost": 203830.47,
      "Total Cost": 203980.85,
      "Plan Rows": 60150,
      "Plan Width": 168,
      "Output": [
        "nation.n_name",
        "(EXTRACT(year FROM orders.o_orderdate))",
        "(sum(((lineitem.l_extendedprice * ('1'::numeric - lineitem.l_discount)) - (partsupp.ps_supplycost * lineitem.l_quantity))))"
      ],
      "Sort Key": [
        "nation.n_name",
        "(EXTRACT(year FROM orders.o_orderdate)) DESC"
      ],
      "Plans": [
        {
          "Node Type": "Aggregate",
          "Strategy": "Hashed",
          "Partial Mode": "Finalize",
          "Parent Relationship": "Outer",
          "Parallel Aware": false,
          "Async Capable": false,
          "Startup Cost": 198153.43,
          "Total Cost": 199055.68,
          "Plan Rows": 60150,
          "Plan Width": 168,
          "Output": [
            "nation.n_name",
            "(EXTRACT(year FROM orders.o_orderdate))",
            "sum(((lineitem.l_extendedprice * ('1'::numeric - lineitem.l_discount)) - (partsupp.ps_supplycost * lineitem.l_quantity)))"
          ],
          "Group Key": [
            "nation.n_name",
            "(EXTRACT(year FROM orders.o_orderdate))"
          ],
          "Planned Partitions": 0,
          "Plans": [
            {
              "Node Type": "Gather",
              "Parent Relationship": "Outer",
              "Parallel Aware": false,
              "Async Capable": false,
              "Startup Cost": 170973.54,
              "Total Cost": 195748.13,
              "Plan Rows": 240530,
              "Plan Width": 168,
              "Output": [
                "nation.n_name",
                "(EXTRACT(year FROM orders.o_orderdate))",
                "(PARTIAL sum(((lineitem.l_extendedprice * ('1'::numeric - lineitem.l_discount)) - (partsupp.ps_supplycost * lineitem.l_quantity))))"
              ],
              "Workers Planned": 5,
              "Single Copy": false,
              "Plans": [
                {
                  "Node Type": "Aggregate",
                  "Strategy": "Hashed",
                  "Partial Mode": "Partial",
                  "Parent Relationship": "Outer",
                  "Parallel Aware": false,
                  "Async Capable": false,
                  "Startup Cost": 169973.54,
                  "Total Cost": 170695.13,
                  "Plan Rows": 48106,
                  "Plan Width": 168,
                  "Output": [
                    "nation.n_name",
                    "(EXTRACT(year FROM orders.o_orderdate))",
                    "PARTIAL sum(((lineitem.l_extendedprice * ('1'::numeric - lineitem.l_discount)) - (partsupp.ps_supplycost * lineitem.l_quantity)))"
                  ],
                  "Group Key": [
                    "nation.n_name",
                    "EXTRACT(year FROM orders.o_orderdate)"
                  ],
                  "Planned Partitions": 0,
                  "Plans": [
                    {
                      "Node Type": "Nested Loop",
                      "Parent Relationship": "Outer",
                      "Parallel Aware": false,
                      "Async Capable": false,
                      "Join Type": "Inner",
                      "Startup Cost": 13733.6,
                      "Total Cost": 169131.69,
                      "Plan Rows": 48106,
                      "Plan Width": 159,
                      "Output": [
                        "nation.n_name",
                        "EXTRACT(year FROM orders.o_orderdate)",
                        "lineitem.l_extendedprice",
                        "lineitem.l_discount",
                        "partsupp.ps_supplycost",
                        "lineitem.l_quantity"
                      ],
                      "Inner Unique": true,
                      "Plans": [
                        {
                          "Node Type": "Hash Join",
                          "Parent Relationship": "Outer",
                          "Parallel Aware": true,
                          "Async Capable": false,
                          "Join Type": "Inner",
                          "Startup Cost": 13733.17,
                          "Total Cost": 147337.5,
                          "Plan Rows": 48106,
                          "Plan Width": 131,
                          "Output": [
                            "lineitem.l_extendedprice",
                            "lineitem.l_discount",
                            "lineitem.l_quantity",
                            "lineitem.l_orderkey",
                            "partsupp.ps_supplycost",
                            "nation.n_name"
                          ],
                          "Inner Unique": false,
                          "Hash Cond": "((lineitem.l_suppkey = supplier.s_suppkey) AND (lineitem.l_partkey = partsupp.ps_partkey))",
                          "Plans": [
                            {
                              "Node Type": "Seq Scan",
                              "Parent Relationship": "Outer",
                              "Parallel Aware": true,
                              "Async Capable": false,
                              "Relation Name": "lineitem",
                              "Schema": "public",
                              "Alias": "lineitem",
                              "Startup Cost": 0.0,
                              "Total Cost": 124602.43,
                              "Plan Rows": 1200243,
                              "Plan Width": 29,
                              "Output": [
                                "lineitem.l_orderkey",
                                "lineitem.l_partkey",
                                "lineitem.l_suppkey",
                                "lineitem.l_linenumber",
                                "lineitem.l_quantity",
                                "lineitem.l_extendedprice",
                                "lineitem.l_discount",
                                "lineitem.l_tax",
                                "lineitem.l_returnflag",
                                "lineitem.l_linestatus",
                                "lineitem.l_shipdate",
                                "lineitem.l_commitdate",
                                "lineitem.l_receiptdate",
                                "lineitem.l_shipinstruct",
                                "lineitem.l_shipmode",
                                "lineitem.l_comment"
                              ]
                            },
                            {
                              "Node Type": "Hash",
                              "Parent Relationship": "Inner",
                              "Parallel Aware": true,
                              "Async Capable": false,
                              "Startup Cost": 13532.77,
                              "Total Cost": 13532.77,
                              "Plan Rows": 13360,
                              "Plan Width": 126,
                              "Output": [
                                "part.p_partkey",
                                "partsupp.ps_supplycost",
                                "partsupp.ps_suppkey",
                                "partsupp.ps_partkey",
                                "supplier.s_suppkey",
                                "nation.n_name"
                              ],
                              "Plans": [
                                {
                                  "Node Type": "Hash Join",
                                  "Parent Relationship": "Outer",
                                  "Parallel Aware": false,
                                  "Async Capable": false,
                                  "Join Type": "Inner",
                                  "Startup Cost": 449.99,
                                  "Total Cost": 13532.77,
                                  "Plan Rows": 13360,
                                  "Plan Width": 126,
                                  "Output": [
                                    "part.p_partkey",
                                    "partsupp.ps_supplycost",
                                    "partsupp.ps_suppkey",
                                    "partsupp.ps_partkey",
                                    "supplier.s_suppkey",
                                    "nation.n_name"
                                  ],
                                  "Inner Unique": true,
                                  "Hash Cond": "(supplier.s_nationkey = nation.n_nationkey)",
                                  "Plans": [
                                    {
                                      "Node Type": "Hash Join",
                                      "Parent Relationship": "Outer",
                                      "Parallel Aware": false,
                                      "Async Capable": false,
                                      "Join Type": "Inner",
                                      "Startup Cost": 448.43,
                                      "Total Cost": 13490.2,
                                      "Plan Rows": 13360,
                                      "Plan Width": 26,
                                      "Output": [
                                        "part.p_partkey",
                                        "partsupp.ps_supplycost",
                                        "partsupp.ps_suppkey",
                                        "partsupp.ps_partkey",
                                        "supplier.s_suppkey",
                                        "supplier.s_nationkey"
                                      ],
                                      "Inner Unique": true,
                                      "Hash Cond": "(partsupp.ps_suppkey = supplier.s_suppkey)",
                                      "Plans": [
                                        {
                                          "Node Type": "Nested Loop",
                                          "Parent Relationship": "Outer",
                                          "Parallel Aware": false,
                                          "Async Capable": false,
                                          "Join Type": "Inner",
                                          "Startup Cost": 0.42,
                                          "Total Cost": 13007.12,
                                          "Plan Rows": 13360,
                                          "Plan Width": 18,
                                          "Output": [
                                            "part.p_partkey",
                                            "partsupp.ps_supplycost",
                                            "partsupp.ps_suppkey",
                                            "partsupp.ps_partkey"
                                          ],
                                          "Inner Unique": false,
                                          "Plans": [
                                            {
                                              "Node Type": "Seq Scan",
                                              "Parent Relationship": "Outer",
                                              "Parallel Aware": true,
                                              "Async Capable": false,
                                              "Relation Name": "part",
                                              "Schema": "public",
                                              "Alias": "part",
                                              "Startup Cost": 0.0,
                                              "Total Cost": 5169.67,
                                              "Plan Rows": 3340,
                                              "Plan Width": 4,
                                              "Output": [
                                                "part.p_partkey",
                                                "part.p_name",
                                                "part.p_mfgr",
                                                "part.p_brand",
                                                "part.p_type",
                                                "part.p_size",
                                                "part.p_container",
                                                "part.p_retailprice",
                                                "part.p_comment"
                                              ],
                                              "Filter": "((part.p_name)::text ~~ '%magenta%'::text)"
                                            },
                                            {
                                              "Node Type": "Index Scan",
                                              "Parent Relationship": "Inner",
                                              "Parallel Aware": false,
                                              "Async Capable": false,
                                              "Scan Direction": "Forward",
                                              "Index Name": "partsupp_pkey",
                                              "Relation Name": "partsupp",
                                              "Schema": "public",
                                              "Alias": "partsupp",
                                              "Startup Cost": 0.42,
                                              "Total Cost": 2.31,
                                              "Plan Rows": 4,
                                              "Plan Width": 14,
                                              "Output": [
                                                "partsupp.ps_partkey",
                                                "partsupp.ps_suppkey",
                                                "partsupp.ps_availqty",
                                                "partsupp.ps_supplycost",
                                                "partsupp.ps_comment"
                                              ],
                                              "Index Cond": "(partsupp.ps_partkey = part.p_partkey)"
                                            }
                                          ]
                                        },
                                        {
                                          "Node Type": "Hash",
                                          "Parent Relationship": "Inner",
                                          "Parallel Aware": false,
                                          "Async Capable": false,
                                          "Startup Cost": 323.0,
                                          "Total Cost": 323.0,
                                          "Plan Rows": 10000,
                                          "Plan Width": 8,
                                          "Output": [
                                            "supplier.s_suppkey",
                                            "supplier.s_nationkey"
                                          ],
                                          "Plans": [
                                            {
                                              "Node Type": "Seq Scan",
                                              "Parent Relationship": "Outer",
                                              "Parallel Aware": false,
                                              "Async Capable": false,
                                              "Relation Name": "supplier",
                                              "Schema": "public",
                                              "Alias": "supplier",
                                              "Startup Cost": 0.0,
                                              "Total Cost": 323.0,
                                              "Plan Rows": 10000,
                                              "Plan Width": 8,
                                              "Output": [
                                                "supplier.s_suppkey",
                                                "supplier.s_nationkey"
                                              ]
                                            }
                                          ]
                                        }
                                      ]
                                    },
                                    {
                                      "Node Type": "Hash",
                                      "Parent Relationship": "Inner",
                                      "Parallel Aware": false,
                                      "Async Capable": false,
                                      "Startup Cost": 1.25,
                                      "Total Cost": 1.25,
                                      "Plan Rows": 25,
                                      "Plan Width": 108,
                                      "Output": [
                                        "nation.n_name",
                                        "nation.n_nationkey"
                                      ],
                                      "Plans": [
                                        {
                                          "Node Type": "Seq Scan",
                                          "Parent Relationship": "Outer",
                                          "Parallel Aware": false,
                                          "Async Capable": false,
                                          "Relation Name": "nation",
                                          "Schema": "public",
                                          "Alias": "nation",
                                          "Startup Cost": 0.0,
                                          "Total Cost": 1.25,
                                          "Plan Rows": 25,
                                          "Plan Width": 108,
                                          "Output": [
                                            "nation.n_name",
                                            "nation.n_nationkey"
                                          ]
                                        }
                                      ]
                                    }
                                  ]
                                }
                              ]
                            }
                          ]
                        },
                        {
                          "Node Type": "Index Scan",
                          "Parent Relationship": "Inner",
                          "Parallel Aware": false,
                          "Async Capable": false,
                          "Scan Direction": "Forward",
                          "Index Name": "orders_pkey",
                          "Relation Name": "orders",
                          "Schema": "public",
                          "Alias": "orders",
                          "Startup Cost": 0.43,
                          "Total Cost": 0.45,
                          "Plan Rows": 1,
                          "Plan Width": 8,
                          "Output": [
                            "orders.o_orderkey",
                            "orders.o_custkey",
                            "orders.o_orderstatus",
                            "orders.o_totalprice",
                            "orders.o_orderdate",
                            "orders.o_orderpriority",
                            "orders.o_clerk",
                            "orders.o_shippriority",
                            "orders.o_comment"
                          ],
                          "Index Cond": "(orders.o_orderkey = lineitem.l_orderkey)"
                        }
                      ]
                    }
                  ]
                }
              ]
            }
          ]
        }
      ]
    },
    "JIT": {
      "Functions": 43,
      "Options": {
        "Inlining": false,
        "Optimization": false,
        "Expressions": true,
        "Deforming": true
      }
    }
  }
]
```

---

## 128. Q9_7_seed_49224186.sql

**File Path:** `/Users/brunowinter2000/Documents/Thesis/2025_2026/Plan-Level/Generated_Queries/Q9/Q9_7_seed_49224186.sql`

### EXPLAIN JSON

```json
[
  {
    "Plan": {
      "Node Type": "Sort",
      "Parallel Aware": false,
      "Async Capable": false,
      "Startup Cost": 213932.55,
      "Total Cost": 214082.93,
      "Plan Rows": 60150,
      "Plan Width": 168,
      "Output": [
        "nation.n_name",
        "(EXTRACT(year FROM orders.o_orderdate))",
        "(sum(((lineitem.l_extendedprice * ('1'::numeric - lineitem.l_discount)) - (partsupp.ps_supplycost * lineitem.l_quantity))))"
      ],
      "Sort Key": [
        "nation.n_name",
        "(EXTRACT(year FROM orders.o_orderdate)) DESC"
      ],
      "Plans": [
        {
          "Node Type": "Aggregate",
          "Strategy": "Hashed",
          "Partial Mode": "Finalize",
          "Parent Relationship": "Outer",
          "Parallel Aware": false,
          "Async Capable": false,
          "Startup Cost": 208255.51,
          "Total Cost": 209157.76,
          "Plan Rows": 60150,
          "Plan Width": 168,
          "Output": [
            "nation.n_name",
            "(EXTRACT(year FROM orders.o_orderdate))",
            "sum(((lineitem.l_extendedprice * ('1'::numeric - lineitem.l_discount)) - (partsupp.ps_supplycost * lineitem.l_quantity)))"
          ],
          "Group Key": [
            "nation.n_name",
            "(EXTRACT(year FROM orders.o_orderdate))"
          ],
          "Planned Partitions": 0,
          "Plans": [
            {
              "Node Type": "Gather",
              "Parent Relationship": "Outer",
              "Parallel Aware": false,
              "Async Capable": false,
              "Startup Cost": 187503.76,
              "Total Cost": 206451.01,
              "Plan Rows": 180450,
              "Plan Width": 168,
              "Output": [
                "nation.n_name",
                "(EXTRACT(year FROM orders.o_orderdate))",
                "(PARTIAL sum(((lineitem.l_extendedprice * ('1'::numeric - lineitem.l_discount)) - (partsupp.ps_supplycost * lineitem.l_quantity))))"
              ],
              "Workers Planned": 3,
              "Single Copy": false,
              "Plans": [
                {
                  "Node Type": "Aggregate",
                  "Strategy": "Hashed",
                  "Partial Mode": "Partial",
                  "Parent Relationship": "Outer",
                  "Parallel Aware": false,
                  "Async Capable": false,
                  "Startup Cost": 186503.76,
                  "Total Cost": 187406.01,
                  "Plan Rows": 60150,
                  "Plan Width": 168,
                  "Output": [
                    "nation.n_name",
                    "(EXTRACT(year FROM orders.o_orderdate))",
                    "PARTIAL sum(((lineitem.l_extendedprice * ('1'::numeric - lineitem.l_discount)) - (partsupp.ps_supplycost * lineitem.l_quantity)))"
                  ],
                  "Group Key": [
                    "nation.n_name",
                    "EXTRACT(year FROM orders.o_orderdate)"
                  ],
                  "Planned Partitions": 0,
                  "Plans": [
                    {
                      "Node Type": "Hash Join",
                      "Parent Relationship": "Outer",
                      "Parallel Aware": true,
                      "Async Capable": false,
                      "Join Type": "Inner",
                      "Startup Cost": 150812.72,
                      "Total Cost": 184195.5,
                      "Plan Rows": 131901,
                      "Plan Width": 159,
                      "Output": [
                        "nation.n_name",
                        "EXTRACT(year FROM orders.o_orderdate)",
                        "lineitem.l_extendedprice",
                        "lineitem.l_discount",
                        "partsupp.ps_supplycost",
                        "lineitem.l_quantity"
                      ],
                      "Inner Unique": false,
                      "Hash Cond": "(orders.o_orderkey = lineitem.l_orderkey)",
                      "Plans": [
                        {
                          "Node Type": "Seq Scan",
                          "Parent Relationship": "Outer",
                          "Parallel Aware": true,
                          "Async Capable": false,
                          "Relation Name": "orders",
                          "Schema": "public",
                          "Alias": "orders",
                          "Startup Cost": 0.0,
                          "Total Cost": 30974.71,
                          "Plan Rows": 483871,
                          "Plan Width": 8,
                          "Output": [
                            "orders.o_orderkey",
                            "orders.o_custkey",
                            "orders.o_orderstatus",
                            "orders.o_totalprice",
                            "orders.o_orderdate",
                            "orders.o_orderpriority",
                            "orders.o_clerk",
                            "orders.o_shippriority",
                            "orders.o_comment"
                          ]
                        },
                        {
                          "Node Type": "Hash",
                          "Parent Relationship": "Inner",
                          "Parallel Aware": true,
                          "Async Capable": false,
                          "Startup Cost": 149790.48,
                          "Total Cost": 149790.48,
                          "Plan Rows": 81779,
                          "Plan Width": 131,
                          "Output": [
                            "lineitem.l_extendedprice",
                            "lineitem.l_discount",
                            "lineitem.l_quantity",
                            "lineitem.l_orderkey",
                            "partsupp.ps_supplycost",
                            "nation.n_name"
                          ],
                          "Plans": [
                            {
                              "Node Type": "Hash Join",
                              "Parent Relationship": "Outer",
                              "Parallel Aware": true,
                              "Async Capable": false,
                              "Join Type": "Inner",
                              "Startup Cost": 16186.09,
                              "Total Cost": 149790.48,
                              "Plan Rows": 81779,
                              "Plan Width": 131,
                              "Output": [
                                "lineitem.l_extendedprice",
                                "lineitem.l_discount",
                                "lineitem.l_quantity",
                                "lineitem.l_orderkey",
                                "partsupp.ps_supplycost",
                                "nation.n_name"
                              ],
                              "Inner Unique": false,
                              "Hash Cond": "((lineitem.l_suppkey = supplier.s_suppkey) AND (lineitem.l_partkey = partsupp.ps_partkey))",
                              "Plans": [
                                {
                                  "Node Type": "Seq Scan",
                                  "Parent Relationship": "Outer",
                                  "Parallel Aware": true,
                                  "Async Capable": false,
                                  "Relation Name": "lineitem",
                                  "Schema": "public",
                                  "Alias": "lineitem",
                                  "Startup Cost": 0.0,
                                  "Total Cost": 124602.43,
                                  "Plan Rows": 1200243,
                                  "Plan Width": 29,
                                  "Output": [
                                    "lineitem.l_orderkey",
                                    "lineitem.l_partkey",
                                    "lineitem.l_suppkey",
                                    "lineitem.l_linenumber",
                                    "lineitem.l_quantity",
                                    "lineitem.l_extendedprice",
                                    "lineitem.l_discount",
                                    "lineitem.l_tax",
                                    "lineitem.l_returnflag",
                                    "lineitem.l_linestatus",
                                    "lineitem.l_shipdate",
                                    "lineitem.l_commitdate",
                                    "lineitem.l_receiptdate",
                                    "lineitem.l_shipinstruct",
                                    "lineitem.l_shipmode",
                                    "lineitem.l_comment"
                                  ]
                                },
                                {
                                  "Node Type": "Hash",
                                  "Parent Relationship": "Inner",
                                  "Parallel Aware": true,
                                  "Async Capable": false,
                                  "Startup Cost": 15845.41,
                                  "Total Cost": 15845.41,
                                  "Plan Rows": 22712,
                                  "Plan Width": 126,
                                  "Output": [
                                    "part.p_partkey",
                                    "partsupp.ps_supplycost",
                                    "partsupp.ps_suppkey",
                                    "partsupp.ps_partkey",
                                    "supplier.s_suppkey",
                                    "nation.n_name"
                                  ],
                                  "Plans": [
                                    {
                                      "Node Type": "Hash Join",
                                      "Parent Relationship": "Outer",
                                      "Parallel Aware": false,
                                      "Async Capable": false,
                                      "Join Type": "Inner",
                                      "Startup Cost": 449.99,
                                      "Total Cost": 15845.41,
                                      "Plan Rows": 22712,
                                      "Plan Width": 126,
                                      "Output": [
                                        "part.p_partkey",
                                        "partsupp.ps_supplycost",
                                        "partsupp.ps_suppkey",
                                        "partsupp.ps_partkey",
                                        "supplier.s_suppkey",
                                        "nation.n_name"
                                      ],
                                      "Inner Unique": true,
                                      "Hash Cond": "(supplier.s_nationkey = nation.n_nationkey)",
                                      "Plans": [
                                        {
                                          "Node Type": "Hash Join",
                                          "Parent Relationship": "Outer",
                                          "Parallel Aware": false,
                                          "Async Capable": false,
                                          "Join Type": "Inner",
                                          "Startup Cost": 448.43,
                                          "Total Cost": 15774.12,
                                          "Plan Rows": 22712,
                                          "Plan Width": 26,
                                          "Output": [
                                            "part.p_partkey",
                                            "partsupp.ps_supplycost",
                                            "partsupp.ps_suppkey",
                                            "partsupp.ps_partkey",
                                            "supplier.s_suppkey",
                                            "supplier.s_nationkey"
                                          ],
                                          "Inner Unique": true,
                                          "Hash Cond": "(partsupp.ps_suppkey = supplier.s_suppkey)",
                                          "Plans": [
                                            {
                                              "Node Type": "Nested Loop",
                                              "Parent Relationship": "Outer",
                                              "Parallel Aware": false,
                                              "Async Capable": false,
                                              "Join Type": "Inner",
                                              "Startup Cost": 0.42,
                                              "Total Cost": 15266.48,
                                              "Plan Rows": 22712,
                                              "Plan Width": 18,
                                              "Output": [
                                                "part.p_partkey",
                                                "partsupp.ps_supplycost",
                                                "partsupp.ps_suppkey",
                                                "partsupp.ps_partkey"
                                              ],
                                              "Inner Unique": false,
                                              "Plans": [
                                                {
                                                  "Node Type": "Seq Scan",
                                                  "Parent Relationship": "Outer",
                                                  "Parallel Aware": true,
                                                  "Async Capable": false,
                                                  "Relation Name": "part",
                                                  "Schema": "public",
                                                  "Alias": "part",
                                                  "Startup Cost": 0.0,
                                                  "Total Cost": 5169.67,
                                                  "Plan Rows": 5678,
                                                  "Plan Width": 4,
                                                  "Output": [
                                                    "part.p_partkey",
                                                    "part.p_name",
                                                    "part.p_mfgr",
                                                    "part.p_brand",
                                                    "part.p_type",
                                                    "part.p_size",
                                                    "part.p_container",
                                                    "part.p_retailprice",
                                                    "part.p_comment"
                                                  ],
                                                  "Filter": "((part.p_name)::text ~~ '%violet%'::text)"
                                                },
                                                {
                                                  "Node Type": "Index Scan",
                                                  "Parent Relationship": "Inner",
                                                  "Parallel Aware": false,
                                                  "Async Capable": false,
                                                  "Scan Direction": "Forward",
                                                  "Index Name": "partsupp_pkey",
                                                  "Relation Name": "partsupp",
                                                  "Schema": "public",
                                                  "Alias": "partsupp",
                                                  "Startup Cost": 0.42,
                                                  "Total Cost": 1.74,
                                                  "Plan Rows": 4,
                                                  "Plan Width": 14,
                                                  "Output": [
                                                    "partsupp.ps_partkey",
                                                    "partsupp.ps_suppkey",
                                                    "partsupp.ps_availqty",
                                                    "partsupp.ps_supplycost",
                                                    "partsupp.ps_comment"
                                                  ],
                                                  "Index Cond": "(partsupp.ps_partkey = part.p_partkey)"
                                                }
                                              ]
                                            },
                                            {
                                              "Node Type": "Hash",
                                              "Parent Relationship": "Inner",
                                              "Parallel Aware": false,
                                              "Async Capable": false,
                                              "Startup Cost": 323.0,
                                              "Total Cost": 323.0,
                                              "Plan Rows": 10000,
                                              "Plan Width": 8,
                                              "Output": [
                                                "supplier.s_suppkey",
                                                "supplier.s_nationkey"
                                              ],
                                              "Plans": [
                                                {
                                                  "Node Type": "Seq Scan",
                                                  "Parent Relationship": "Outer",
                                                  "Parallel Aware": false,
                                                  "Async Capable": false,
                                                  "Relation Name": "supplier",
                                                  "Schema": "public",
                                                  "Alias": "supplier",
                                                  "Startup Cost": 0.0,
                                                  "Total Cost": 323.0,
                                                  "Plan Rows": 10000,
                                                  "Plan Width": 8,
                                                  "Output": [
                                                    "supplier.s_suppkey",
                                                    "supplier.s_nationkey"
                                                  ]
                                                }
                                              ]
                                            }
                                          ]
                                        },
                                        {
                                          "Node Type": "Hash",
                                          "Parent Relationship": "Inner",
                                          "Parallel Aware": false,
                                          "Async Capable": false,
                                          "Startup Cost": 1.25,
                                          "Total Cost": 1.25,
                                          "Plan Rows": 25,
                                          "Plan Width": 108,
                                          "Output": [
                                            "nation.n_name",
                                            "nation.n_nationkey"
                                          ],
                                          "Plans": [
                                            {
                                              "Node Type": "Seq Scan",
                                              "Parent Relationship": "Outer",
                                              "Parallel Aware": false,
                                              "Async Capable": false,
                                              "Relation Name": "nation",
                                              "Schema": "public",
                                              "Alias": "nation",
                                              "Startup Cost": 0.0,
                                              "Total Cost": 1.25,
                                              "Plan Rows": 25,
                                              "Plan Width": 108,
                                              "Output": [
                                                "nation.n_name",
                                                "nation.n_nationkey"
                                              ]
                                            }
                                          ]
                                        }
                                      ]
                                    }
                                  ]
                                }
                              ]
                            }
                          ]
                        }
                      ]
                    }
                  ]
                }
              ]
            }
          ]
        }
      ]
    },
    "JIT": {
      "Functions": 48,
      "Options": {
        "Inlining": false,
        "Optimization": false,
        "Expressions": true,
        "Deforming": true
      }
    }
  }
]
```

---

## 129. Q9_80_seed_648118449.sql

**File Path:** `/Users/brunowinter2000/Documents/Thesis/2025_2026/Plan-Level/Generated_Queries/Q9/Q9_80_seed_648118449.sql`

### EXPLAIN JSON

```json
[
  {
    "Plan": {
      "Node Type": "Sort",
      "Parallel Aware": false,
      "Async Capable": false,
      "Startup Cost": 214629.27,
      "Total Cost": 214779.65,
      "Plan Rows": 60150,
      "Plan Width": 168,
      "Output": [
        "nation.n_name",
        "(EXTRACT(year FROM orders.o_orderdate))",
        "(sum(((lineitem.l_extendedprice * ('1'::numeric - lineitem.l_discount)) - (partsupp.ps_supplycost * lineitem.l_quantity))))"
      ],
      "Sort Key": [
        "nation.n_name",
        "(EXTRACT(year FROM orders.o_orderdate)) DESC"
      ],
      "Plans": [
        {
          "Node Type": "Aggregate",
          "Strategy": "Hashed",
          "Partial Mode": "Finalize",
          "Parent Relationship": "Outer",
          "Parallel Aware": false,
          "Async Capable": false,
          "Startup Cost": 208952.23,
          "Total Cost": 209854.48,
          "Plan Rows": 60150,
          "Plan Width": 168,
          "Output": [
            "nation.n_name",
            "(EXTRACT(year FROM orders.o_orderdate))",
            "sum(((lineitem.l_extendedprice * ('1'::numeric - lineitem.l_discount)) - (partsupp.ps_supplycost * lineitem.l_quantity)))"
          ],
          "Group Key": [
            "nation.n_name",
            "(EXTRACT(year FROM orders.o_orderdate))"
          ],
          "Planned Partitions": 0,
          "Plans": [
            {
              "Node Type": "Gather",
              "Parent Relationship": "Outer",
              "Parallel Aware": false,
              "Async Capable": false,
              "Startup Cost": 176337.04,
              "Total Cost": 206065.93,
              "Plan Rows": 288630,
              "Plan Width": 168,
              "Output": [
                "nation.n_name",
                "(EXTRACT(year FROM orders.o_orderdate))",
                "(PARTIAL sum(((lineitem.l_extendedprice * ('1'::numeric - lineitem.l_discount)) - (partsupp.ps_supplycost * lineitem.l_quantity))))"
              ],
              "Workers Planned": 5,
              "Single Copy": false,
              "Plans": [
                {
                  "Node Type": "Aggregate",
                  "Strategy": "Hashed",
                  "Partial Mode": "Partial",
                  "Parent Relationship": "Outer",
                  "Parallel Aware": false,
                  "Async Capable": false,
                  "Startup Cost": 175337.04,
                  "Total Cost": 176202.93,
                  "Plan Rows": 57726,
                  "Plan Width": 168,
                  "Output": [
                    "nation.n_name",
                    "(EXTRACT(year FROM orders.o_orderdate))",
                    "PARTIAL sum(((lineitem.l_extendedprice * ('1'::numeric - lineitem.l_discount)) - (partsupp.ps_supplycost * lineitem.l_quantity)))"
                  ],
                  "Group Key": [
                    "nation.n_name",
                    "EXTRACT(year FROM orders.o_orderdate)"
                  ],
                  "Planned Partitions": 0,
                  "Plans": [
                    {
                      "Node Type": "Nested Loop",
                      "Parent Relationship": "Outer",
                      "Parallel Aware": false,
                      "Async Capable": false,
                      "Join Type": "Inner",
                      "Startup Cost": 14570.43,
                      "Total Cost": 174326.84,
                      "Plan Rows": 57726,
                      "Plan Width": 159,
                      "Output": [
                        "nation.n_name",
                        "EXTRACT(year FROM orders.o_orderdate)",
                        "lineitem.l_extendedprice",
                        "lineitem.l_discount",
                        "partsupp.ps_supplycost",
                        "lineitem.l_quantity"
                      ],
                      "Inner Unique": true,
                      "Plans": [
                        {
                          "Node Type": "Hash Join",
                          "Parent Relationship": "Outer",
                          "Parallel Aware": true,
                          "Async Capable": false,
                          "Join Type": "Inner",
                          "Startup Cost": 14570.01,
                          "Total Cost": 148174.36,
                          "Plan Rows": 57726,
                          "Plan Width": 131,
                          "Output": [
                            "lineitem.l_extendedprice",
                            "lineitem.l_discount",
                            "lineitem.l_quantity",
                            "lineitem.l_orderkey",
                            "partsupp.ps_supplycost",
                            "nation.n_name"
                          ],
                          "Inner Unique": false,
                          "Hash Cond": "((lineitem.l_suppkey = supplier.s_suppkey) AND (lineitem.l_partkey = partsupp.ps_partkey))",
                          "Plans": [
                            {
                              "Node Type": "Seq Scan",
                              "Parent Relationship": "Outer",
                              "Parallel Aware": true,
                              "Async Capable": false,
                              "Relation Name": "lineitem",
                              "Schema": "public",
                              "Alias": "lineitem",
                              "Startup Cost": 0.0,
                              "Total Cost": 124602.43,
                              "Plan Rows": 1200243,
                              "Plan Width": 29,
                              "Output": [
                                "lineitem.l_orderkey",
                                "lineitem.l_partkey",
                                "lineitem.l_suppkey",
                                "lineitem.l_linenumber",
                                "lineitem.l_quantity",
                                "lineitem.l_extendedprice",
                                "lineitem.l_discount",
                                "lineitem.l_tax",
                                "lineitem.l_returnflag",
                                "lineitem.l_linestatus",
                                "lineitem.l_shipdate",
                                "lineitem.l_commitdate",
                                "lineitem.l_receiptdate",
                                "lineitem.l_shipinstruct",
                                "lineitem.l_shipmode",
                                "lineitem.l_comment"
                              ]
                            },
                            {
                              "Node Type": "Hash",
                              "Parent Relationship": "Inner",
                              "Parallel Aware": true,
                              "Async Capable": false,
                              "Startup Cost": 14329.53,
                              "Total Cost": 14329.53,
                              "Plan Rows": 16032,
                              "Plan Width": 126,
                              "Output": [
                                "part.p_partkey",
                                "partsupp.ps_supplycost",
                                "partsupp.ps_suppkey",
                                "partsupp.ps_partkey",
                                "supplier.s_suppkey",
                                "nation.n_name"
                              ],
                              "Plans": [
                                {
                                  "Node Type": "Hash Join",
                                  "Parent Relationship": "Outer",
                                  "Parallel Aware": false,
                                  "Async Capable": false,
                                  "Join Type": "Inner",
                                  "Startup Cost": 449.99,
                                  "Total Cost": 14329.53,
                                  "Plan Rows": 16032,
                                  "Plan Width": 126,
                                  "Output": [
                                    "part.p_partkey",
                                    "partsupp.ps_supplycost",
                                    "partsupp.ps_suppkey",
                                    "partsupp.ps_partkey",
                                    "supplier.s_suppkey",
                                    "nation.n_name"
                                  ],
                                  "Inner Unique": true,
                                  "Hash Cond": "(supplier.s_nationkey = nation.n_nationkey)",
                                  "Plans": [
                                    {
                                      "Node Type": "Hash Join",
                                      "Parent Relationship": "Outer",
                                      "Parallel Aware": false,
                                      "Async Capable": false,
                                      "Join Type": "Inner",
                                      "Startup Cost": 448.43,
                                      "Total Cost": 14278.75,
                                      "Plan Rows": 16032,
                                      "Plan Width": 26,
                                      "Output": [
                                        "part.p_partkey",
                                        "partsupp.ps_supplycost",
                                        "partsupp.ps_suppkey",
                                        "partsupp.ps_partkey",
                                        "supplier.s_suppkey",
                                        "supplier.s_nationkey"
                                      ],
                                      "Inner Unique": true,
                                      "Hash Cond": "(partsupp.ps_suppkey = supplier.s_suppkey)",
                                      "Plans": [
                                        {
                                          "Node Type": "Nested Loop",
                                          "Parent Relationship": "Outer",
                                          "Parallel Aware": false,
                                          "Async Capable": false,
                                          "Join Type": "Inner",
                                          "Startup Cost": 0.42,
                                          "Total Cost": 13788.64,
                                          "Plan Rows": 16032,
                                          "Plan Width": 18,
                                          "Output": [
                                            "part.p_partkey",
                                            "partsupp.ps_supplycost",
                                            "partsupp.ps_suppkey",
                                            "partsupp.ps_partkey"
                                          ],
                                          "Inner Unique": false,
                                          "Plans": [
                                            {
                                              "Node Type": "Seq Scan",
                                              "Parent Relationship": "Outer",
                                              "Parallel Aware": true,
                                              "Async Capable": false,
                                              "Relation Name": "part",
                                              "Schema": "public",
                                              "Alias": "part",
                                              "Startup Cost": 0.0,
                                              "Total Cost": 5169.67,
                                              "Plan Rows": 4008,
                                              "Plan Width": 4,
                                              "Output": [
                                                "part.p_partkey",
                                                "part.p_name",
                                                "part.p_mfgr",
                                                "part.p_brand",
                                                "part.p_type",
                                                "part.p_size",
                                                "part.p_container",
                                                "part.p_retailprice",
                                                "part.p_comment"
                                              ],
                                              "Filter": "((part.p_name)::text ~~ '%almond%'::text)"
                                            },
                                            {
                                              "Node Type": "Index Scan",
                                              "Parent Relationship": "Inner",
                                              "Parallel Aware": false,
                                              "Async Capable": false,
                                              "Scan Direction": "Forward",
                                              "Index Name": "partsupp_pkey",
                                              "Relation Name": "partsupp",
                                              "Schema": "public",
                                              "Alias": "partsupp",
                                              "Startup Cost": 0.42,
                                              "Total Cost": 2.11,
                                              "Plan Rows": 4,
                                              "Plan Width": 14,
                                              "Output": [
                                                "partsupp.ps_partkey",
                                                "partsupp.ps_suppkey",
                                                "partsupp.ps_availqty",
                                                "partsupp.ps_supplycost",
                                                "partsupp.ps_comment"
                                              ],
                                              "Index Cond": "(partsupp.ps_partkey = part.p_partkey)"
                                            }
                                          ]
                                        },
                                        {
                                          "Node Type": "Hash",
                                          "Parent Relationship": "Inner",
                                          "Parallel Aware": false,
                                          "Async Capable": false,
                                          "Startup Cost": 323.0,
                                          "Total Cost": 323.0,
                                          "Plan Rows": 10000,
                                          "Plan Width": 8,
                                          "Output": [
                                            "supplier.s_suppkey",
                                            "supplier.s_nationkey"
                                          ],
                                          "Plans": [
                                            {
                                              "Node Type": "Seq Scan",
                                              "Parent Relationship": "Outer",
                                              "Parallel Aware": false,
                                              "Async Capable": false,
                                              "Relation Name": "supplier",
                                              "Schema": "public",
                                              "Alias": "supplier",
                                              "Startup Cost": 0.0,
                                              "Total Cost": 323.0,
                                              "Plan Rows": 10000,
                                              "Plan Width": 8,
                                              "Output": [
                                                "supplier.s_suppkey",
                                                "supplier.s_nationkey"
                                              ]
                                            }
                                          ]
                                        }
                                      ]
                                    },
                                    {
                                      "Node Type": "Hash",
                                      "Parent Relationship": "Inner",
                                      "Parallel Aware": false,
                                      "Async Capable": false,
                                      "Startup Cost": 1.25,
                                      "Total Cost": 1.25,
                                      "Plan Rows": 25,
                                      "Plan Width": 108,
                                      "Output": [
                                        "nation.n_name",
                                        "nation.n_nationkey"
                                      ],
                                      "Plans": [
                                        {
                                          "Node Type": "Seq Scan",
                                          "Parent Relationship": "Outer",
                                          "Parallel Aware": false,
                                          "Async Capable": false,
                                          "Relation Name": "nation",
                                          "Schema": "public",
                                          "Alias": "nation",
                                          "Startup Cost": 0.0,
                                          "Total Cost": 1.25,
                                          "Plan Rows": 25,
                                          "Plan Width": 108,
                                          "Output": [
                                            "nation.n_name",
                                            "nation.n_nationkey"
                                          ]
                                        }
                                      ]
                                    }
                                  ]
                                }
                              ]
                            }
                          ]
                        },
                        {
                          "Node Type": "Index Scan",
                          "Parent Relationship": "Inner",
                          "Parallel Aware": false,
                          "Async Capable": false,
                          "Scan Direction": "Forward",
                          "Index Name": "orders_pkey",
                          "Relation Name": "orders",
                          "Schema": "public",
                          "Alias": "orders",
                          "Startup Cost": 0.43,
                          "Total Cost": 0.45,
                          "Plan Rows": 1,
                          "Plan Width": 8,
                          "Output": [
                            "orders.o_orderkey",
                            "orders.o_custkey",
                            "orders.o_orderstatus",
                            "orders.o_totalprice",
                            "orders.o_orderdate",
                            "orders.o_orderpriority",
                            "orders.o_clerk",
                            "orders.o_shippriority",
                            "orders.o_comment"
                          ],
                          "Index Cond": "(orders.o_orderkey = lineitem.l_orderkey)"
                        }
                      ]
                    }
                  ]
                }
              ]
            }
          ]
        }
      ]
    },
    "JIT": {
      "Functions": 43,
      "Options": {
        "Inlining": false,
        "Optimization": false,
        "Expressions": true,
        "Deforming": true
      }
    }
  }
]
```

---

## 130. Q9_81_seed_656322480.sql

**File Path:** `/Users/brunowinter2000/Documents/Thesis/2025_2026/Plan-Level/Generated_Queries/Q9/Q9_81_seed_656322480.sql`

### EXPLAIN JSON

```json
[
  {
    "Plan": {
      "Node Type": "Sort",
      "Parallel Aware": false,
      "Async Capable": false,
      "Startup Cost": 209315.24,
      "Total Cost": 209465.61,
      "Plan Rows": 60150,
      "Plan Width": 168,
      "Output": [
        "nation.n_name",
        "(EXTRACT(year FROM orders.o_orderdate))",
        "(sum(((lineitem.l_extendedprice * ('1'::numeric - lineitem.l_discount)) - (partsupp.ps_supplycost * lineitem.l_quantity))))"
      ],
      "Sort Key": [
        "nation.n_name",
        "(EXTRACT(year FROM orders.o_orderdate)) DESC"
      ],
      "Plans": [
        {
          "Node Type": "Aggregate",
          "Strategy": "Hashed",
          "Partial Mode": "Finalize",
          "Parent Relationship": "Outer",
          "Parallel Aware": false,
          "Async Capable": false,
          "Startup Cost": 203638.2,
          "Total Cost": 204540.45,
          "Plan Rows": 60150,
          "Plan Width": 168,
          "Output": [
            "nation.n_name",
            "(EXTRACT(year FROM orders.o_orderdate))",
            "sum(((lineitem.l_extendedprice * ('1'::numeric - lineitem.l_discount)) - (partsupp.ps_supplycost * lineitem.l_quantity)))"
          ],
          "Group Key": [
            "nation.n_name",
            "(EXTRACT(year FROM orders.o_orderdate))"
          ],
          "Planned Partitions": 0,
          "Plans": [
            {
              "Node Type": "Gather",
              "Parent Relationship": "Outer",
              "Parallel Aware": false,
              "Async Capable": false,
              "Startup Cost": 173738.96,
              "Total Cost": 200992.25,
              "Plan Rows": 264595,
              "Plan Width": 168,
              "Output": [
                "nation.n_name",
                "(EXTRACT(year FROM orders.o_orderdate))",
                "(PARTIAL sum(((lineitem.l_extendedprice * ('1'::numeric - lineitem.l_discount)) - (partsupp.ps_supplycost * lineitem.l_quantity))))"
              ],
              "Workers Planned": 5,
              "Single Copy": false,
              "Plans": [
                {
                  "Node Type": "Aggregate",
                  "Strategy": "Hashed",
                  "Partial Mode": "Partial",
                  "Parent Relationship": "Outer",
                  "Parallel Aware": false,
                  "Async Capable": false,
                  "Startup Cost": 172738.96,
                  "Total Cost": 173532.75,
                  "Plan Rows": 52919,
                  "Plan Width": 168,
                  "Output": [
                    "nation.n_name",
                    "(EXTRACT(year FROM orders.o_orderdate))",
                    "PARTIAL sum(((lineitem.l_extendedprice * ('1'::numeric - lineitem.l_discount)) - (partsupp.ps_supplycost * lineitem.l_quantity)))"
                  ],
                  "Group Key": [
                    "nation.n_name",
                    "EXTRACT(year FROM orders.o_orderdate)"
                  ],
                  "Planned Partitions": 0,
                  "Plans": [
                    {
                      "Node Type": "Nested Loop",
                      "Parent Relationship": "Outer",
                      "Parallel Aware": false,
                      "Async Capable": false,
                      "Join Type": "Inner",
                      "Startup Cost": 14234.27,
                      "Total Cost": 171812.88,
                      "Plan Rows": 52919,
                      "Plan Width": 159,
                      "Output": [
                        "nation.n_name",
                        "EXTRACT(year FROM orders.o_orderdate)",
                        "lineitem.l_extendedprice",
                        "lineitem.l_discount",
                        "partsupp.ps_supplycost",
                        "lineitem.l_quantity"
                      ],
                      "Inner Unique": true,
                      "Plans": [
                        {
                          "Node Type": "Hash Join",
                          "Parent Relationship": "Outer",
                          "Parallel Aware": true,
                          "Async Capable": false,
                          "Join Type": "Inner",
                          "Startup Cost": 14233.85,
                          "Total Cost": 147838.19,
                          "Plan Rows": 52919,
                          "Plan Width": 131,
                          "Output": [
                            "lineitem.l_extendedprice",
                            "lineitem.l_discount",
                            "lineitem.l_quantity",
                            "lineitem.l_orderkey",
                            "partsupp.ps_supplycost",
                            "nation.n_name"
                          ],
                          "Inner Unique": false,
                          "Hash Cond": "((lineitem.l_suppkey = supplier.s_suppkey) AND (lineitem.l_partkey = partsupp.ps_partkey))",
                          "Plans": [
                            {
                              "Node Type": "Seq Scan",
                              "Parent Relationship": "Outer",
                              "Parallel Aware": true,
                              "Async Capable": false,
                              "Relation Name": "lineitem",
                              "Schema": "public",
                              "Alias": "lineitem",
                              "Startup Cost": 0.0,
                              "Total Cost": 124602.43,
                              "Plan Rows": 1200243,
                              "Plan Width": 29,
                              "Output": [
                                "lineitem.l_orderkey",
                                "lineitem.l_partkey",
                                "lineitem.l_suppkey",
                                "lineitem.l_linenumber",
                                "lineitem.l_quantity",
                                "lineitem.l_extendedprice",
                                "lineitem.l_discount",
                                "lineitem.l_tax",
                                "lineitem.l_returnflag",
                                "lineitem.l_linestatus",
                                "lineitem.l_shipdate",
                                "lineitem.l_commitdate",
                                "lineitem.l_receiptdate",
                                "lineitem.l_shipinstruct",
                                "lineitem.l_shipmode",
                                "lineitem.l_comment"
                              ]
                            },
                            {
                              "Node Type": "Hash",
                              "Parent Relationship": "Inner",
                              "Parallel Aware": true,
                              "Async Capable": false,
                              "Startup Cost": 14013.39,
                              "Total Cost": 14013.39,
                              "Plan Rows": 14697,
                              "Plan Width": 126,
                              "Output": [
                                "part.p_partkey",
                                "partsupp.ps_supplycost",
                                "partsupp.ps_suppkey",
                                "partsupp.ps_partkey",
                                "supplier.s_suppkey",
                                "nation.n_name"
                              ],
                              "Plans": [
                                {
                                  "Node Type": "Hash Join",
                                  "Parent Relationship": "Outer",
                                  "Parallel Aware": false,
                                  "Async Capable": false,
                                  "Join Type": "Inner",
                                  "Startup Cost": 449.99,
                                  "Total Cost": 14013.39,
                                  "Plan Rows": 14697,
                                  "Plan Width": 126,
                                  "Output": [
                                    "part.p_partkey",
                                    "partsupp.ps_supplycost",
                                    "partsupp.ps_suppkey",
                                    "partsupp.ps_partkey",
                                    "supplier.s_suppkey",
                                    "nation.n_name"
                                  ],
                                  "Inner Unique": true,
                                  "Hash Cond": "(supplier.s_nationkey = nation.n_nationkey)",
                                  "Plans": [
                                    {
                                      "Node Type": "Hash Join",
                                      "Parent Relationship": "Outer",
                                      "Parallel Aware": false,
                                      "Async Capable": false,
                                      "Join Type": "Inner",
                                      "Startup Cost": 448.43,
                                      "Total Cost": 13966.71,
                                      "Plan Rows": 14697,
                                      "Plan Width": 26,
                                      "Output": [
                                        "part.p_partkey",
                                        "partsupp.ps_supplycost",
                                        "partsupp.ps_suppkey",
                                        "partsupp.ps_partkey",
                                        "supplier.s_suppkey",
                                        "supplier.s_nationkey"
                                      ],
                                      "Inner Unique": true,
                                      "Hash Cond": "(partsupp.ps_suppkey = supplier.s_suppkey)",
                                      "Plans": [
                                        {
                                          "Node Type": "Nested Loop",
                                          "Parent Relationship": "Outer",
                                          "Parallel Aware": false,
                                          "Async Capable": false,
                                          "Join Type": "Inner",
                                          "Startup Cost": 0.42,
                                          "Total Cost": 13480.12,
                                          "Plan Rows": 14697,
                                          "Plan Width": 18,
                                          "Output": [
                                            "part.p_partkey",
                                            "partsupp.ps_supplycost",
                                            "partsupp.ps_suppkey",
                                            "partsupp.ps_partkey"
                                          ],
                                          "Inner Unique": false,
                                          "Plans": [
                                            {
                                              "Node Type": "Seq Scan",
                                              "Parent Relationship": "Outer",
                                              "Parallel Aware": true,
                                              "Async Capable": false,
                                              "Relation Name": "part",
                                              "Schema": "public",
                                              "Alias": "part",
                                              "Startup Cost": 0.0,
                                              "Total Cost": 5169.67,
                                              "Plan Rows": 3674,
                                              "Plan Width": 4,
                                              "Output": [
                                                "part.p_partkey",
                                                "part.p_name",
                                                "part.p_mfgr",
                                                "part.p_brand",
                                                "part.p_type",
                                                "part.p_size",
                                                "part.p_container",
                                                "part.p_retailprice",
                                                "part.p_comment"
                                              ],
                                              "Filter": "((part.p_name)::text ~~ '%linen%'::text)"
                                            },
                                            {
                                              "Node Type": "Index Scan",
                                              "Parent Relationship": "Inner",
                                              "Parallel Aware": false,
                                              "Async Capable": false,
                                              "Scan Direction": "Forward",
                                              "Index Name": "partsupp_pkey",
                                              "Relation Name": "partsupp",
                                              "Schema": "public",
                                              "Alias": "partsupp",
                                              "Startup Cost": 0.42,
                                              "Total Cost": 2.22,
                                              "Plan Rows": 4,
                                              "Plan Width": 14,
                                              "Output": [
                                                "partsupp.ps_partkey",
                                                "partsupp.ps_suppkey",
                                                "partsupp.ps_availqty",
                                                "partsupp.ps_supplycost",
                                                "partsupp.ps_comment"
                                              ],
                                              "Index Cond": "(partsupp.ps_partkey = part.p_partkey)"
                                            }
                                          ]
                                        },
                                        {
                                          "Node Type": "Hash",
                                          "Parent Relationship": "Inner",
                                          "Parallel Aware": false,
                                          "Async Capable": false,
                                          "Startup Cost": 323.0,
                                          "Total Cost": 323.0,
                                          "Plan Rows": 10000,
                                          "Plan Width": 8,
                                          "Output": [
                                            "supplier.s_suppkey",
                                            "supplier.s_nationkey"
                                          ],
                                          "Plans": [
                                            {
                                              "Node Type": "Seq Scan",
                                              "Parent Relationship": "Outer",
                                              "Parallel Aware": false,
                                              "Async Capable": false,
                                              "Relation Name": "supplier",
                                              "Schema": "public",
                                              "Alias": "supplier",
                                              "Startup Cost": 0.0,
                                              "Total Cost": 323.0,
                                              "Plan Rows": 10000,
                                              "Plan Width": 8,
                                              "Output": [
                                                "supplier.s_suppkey",
                                                "supplier.s_nationkey"
                                              ]
                                            }
                                          ]
                                        }
                                      ]
                                    },
                                    {
                                      "Node Type": "Hash",
                                      "Parent Relationship": "Inner",
                                      "Parallel Aware": false,
                                      "Async Capable": false,
                                      "Startup Cost": 1.25,
                                      "Total Cost": 1.25,
                                      "Plan Rows": 25,
                                      "Plan Width": 108,
                                      "Output": [
                                        "nation.n_name",
                                        "nation.n_nationkey"
                                      ],
                                      "Plans": [
                                        {
                                          "Node Type": "Seq Scan",
                                          "Parent Relationship": "Outer",
                                          "Parallel Aware": false,
                                          "Async Capable": false,
                                          "Relation Name": "nation",
                                          "Schema": "public",
                                          "Alias": "nation",
                                          "Startup Cost": 0.0,
                                          "Total Cost": 1.25,
                                          "Plan Rows": 25,
                                          "Plan Width": 108,
                                          "Output": [
                                            "nation.n_name",
                                            "nation.n_nationkey"
                                          ]
                                        }
                                      ]
                                    }
                                  ]
                                }
                              ]
                            }
                          ]
                        },
                        {
                          "Node Type": "Index Scan",
                          "Parent Relationship": "Inner",
                          "Parallel Aware": false,
                          "Async Capable": false,
                          "Scan Direction": "Forward",
                          "Index Name": "orders_pkey",
                          "Relation Name": "orders",
                          "Schema": "public",
                          "Alias": "orders",
                          "Startup Cost": 0.43,
                          "Total Cost": 0.45,
                          "Plan Rows": 1,
                          "Plan Width": 8,
                          "Output": [
                            "orders.o_orderkey",
                            "orders.o_custkey",
                            "orders.o_orderstatus",
                            "orders.o_totalprice",
                            "orders.o_orderdate",
                            "orders.o_orderpriority",
                            "orders.o_clerk",
                            "orders.o_shippriority",
                            "orders.o_comment"
                          ],
                          "Index Cond": "(orders.o_orderkey = lineitem.l_orderkey)"
                        }
                      ]
                    }
                  ]
                }
              ]
            }
          ]
        }
      ]
    },
    "JIT": {
      "Functions": 43,
      "Options": {
        "Inlining": false,
        "Optimization": false,
        "Expressions": true,
        "Deforming": true
      }
    }
  }
]
```

---

## 131. Q9_82_seed_664526511.sql

**File Path:** `/Users/brunowinter2000/Documents/Thesis/2025_2026/Plan-Level/Generated_Queries/Q9/Q9_82_seed_664526511.sql`

### EXPLAIN JSON

```json
[
  {
    "Plan": {
      "Node Type": "Sort",
      "Parallel Aware": false,
      "Async Capable": false,
      "Startup Cost": 218594.94,
      "Total Cost": 218745.31,
      "Plan Rows": 60150,
      "Plan Width": 168,
      "Output": [
        "nation.n_name",
        "(EXTRACT(year FROM orders.o_orderdate))",
        "(sum(((lineitem.l_extendedprice * ('1'::numeric - lineitem.l_discount)) - (partsupp.ps_supplycost * lineitem.l_quantity))))"
      ],
      "Sort Key": [
        "nation.n_name",
        "(EXTRACT(year FROM orders.o_orderdate)) DESC"
      ],
      "Plans": [
        {
          "Node Type": "Aggregate",
          "Strategy": "Hashed",
          "Partial Mode": "Finalize",
          "Parent Relationship": "Outer",
          "Parallel Aware": false,
          "Async Capable": false,
          "Startup Cost": 212917.9,
          "Total Cost": 213820.15,
          "Plan Rows": 60150,
          "Plan Width": 168,
          "Output": [
            "nation.n_name",
            "(EXTRACT(year FROM orders.o_orderdate))",
            "sum(((lineitem.l_extendedprice * ('1'::numeric - lineitem.l_discount)) - (partsupp.ps_supplycost * lineitem.l_quantity)))"
          ],
          "Group Key": [
            "nation.n_name",
            "(EXTRACT(year FROM orders.o_orderdate))"
          ],
          "Planned Partitions": 0,
          "Plans": [
            {
              "Node Type": "Gather",
              "Parent Relationship": "Outer",
              "Parallel Aware": false,
              "Async Capable": false,
              "Startup Cost": 178933.15,
              "Total Cost": 209910.4,
              "Plan Rows": 300750,
              "Plan Width": 168,
              "Output": [
                "nation.n_name",
                "(EXTRACT(year FROM orders.o_orderdate))",
                "(PARTIAL sum(((lineitem.l_extendedprice * ('1'::numeric - lineitem.l_discount)) - (partsupp.ps_supplycost * lineitem.l_quantity))))"
              ],
              "Workers Planned": 5,
              "Single Copy": false,
              "Plans": [
                {
                  "Node Type": "Aggregate",
                  "Strategy": "Hashed",
                  "Partial Mode": "Partial",
                  "Parent Relationship": "Outer",
                  "Parallel Aware": false,
                  "Async Capable": false,
                  "Startup Cost": 177933.15,
                  "Total Cost": 178835.4,
                  "Plan Rows": 60150,
                  "Plan Width": 168,
                  "Output": [
                    "nation.n_name",
                    "(EXTRACT(year FROM orders.o_orderdate))",
                    "PARTIAL sum(((lineitem.l_extendedprice * ('1'::numeric - lineitem.l_discount)) - (partsupp.ps_supplycost * lineitem.l_quantity)))"
                  ],
                  "Group Key": [
                    "nation.n_name",
                    "EXTRACT(year FROM orders.o_orderdate)"
                  ],
                  "Planned Partitions": 0,
                  "Plans": [
                    {
                      "Node Type": "Nested Loop",
                      "Parent Relationship": "Outer",
                      "Parallel Aware": false,
                      "Async Capable": false,
                      "Join Type": "Inner",
                      "Startup Cost": 14901.81,
                      "Total Cost": 176838.72,
                      "Plan Rows": 62539,
                      "Plan Width": 159,
                      "Output": [
                        "nation.n_name",
                        "EXTRACT(year FROM orders.o_orderdate)",
                        "lineitem.l_extendedprice",
                        "lineitem.l_discount",
                        "partsupp.ps_supplycost",
                        "lineitem.l_quantity"
                      ],
                      "Inner Unique": true,
                      "Plans": [
                        {
                          "Node Type": "Hash Join",
                          "Parent Relationship": "Outer",
                          "Parallel Aware": true,
                          "Async Capable": false,
                          "Join Type": "Inner",
                          "Startup Cost": 14901.38,
                          "Total Cost": 148505.73,
                          "Plan Rows": 62539,
                          "Plan Width": 131,
                          "Output": [
                            "lineitem.l_extendedprice",
                            "lineitem.l_discount",
                            "lineitem.l_quantity",
                            "lineitem.l_orderkey",
                            "partsupp.ps_supplycost",
                            "nation.n_name"
                          ],
                          "Inner Unique": false,
                          "Hash Cond": "((lineitem.l_suppkey = supplier.s_suppkey) AND (lineitem.l_partkey = partsupp.ps_partkey))",
                          "Plans": [
                            {
                              "Node Type": "Seq Scan",
                              "Parent Relationship": "Outer",
                              "Parallel Aware": true,
                              "Async Capable": false,
                              "Relation Name": "lineitem",
                              "Schema": "public",
                              "Alias": "lineitem",
                              "Startup Cost": 0.0,
                              "Total Cost": 124602.43,
                              "Plan Rows": 1200243,
                              "Plan Width": 29,
                              "Output": [
                                "lineitem.l_orderkey",
                                "lineitem.l_partkey",
                                "lineitem.l_suppkey",
                                "lineitem.l_linenumber",
                                "lineitem.l_quantity",
                                "lineitem.l_extendedprice",
                                "lineitem.l_discount",
                                "lineitem.l_tax",
                                "lineitem.l_returnflag",
                                "lineitem.l_linestatus",
                                "lineitem.l_shipdate",
                                "lineitem.l_commitdate",
                                "lineitem.l_receiptdate",
                                "lineitem.l_shipinstruct",
                                "lineitem.l_shipmode",
                                "lineitem.l_comment"
                              ]
                            },
                            {
                              "Node Type": "Hash",
                              "Parent Relationship": "Inner",
                              "Parallel Aware": true,
                              "Async Capable": false,
                              "Startup Cost": 14640.86,
                              "Total Cost": 14640.86,
                              "Plan Rows": 17368,
                              "Plan Width": 126,
                              "Output": [
                                "part.p_partkey",
                                "partsupp.ps_supplycost",
                                "partsupp.ps_suppkey",
                                "partsupp.ps_partkey",
                                "supplier.s_suppkey",
                                "nation.n_name"
                              ],
                              "Plans": [
                                {
                                  "Node Type": "Hash Join",
                                  "Parent Relationship": "Outer",
                                  "Parallel Aware": false,
                                  "Async Capable": false,
                                  "Join Type": "Inner",
                                  "Startup Cost": 449.99,
                                  "Total Cost": 14640.86,
                                  "Plan Rows": 17368,
                                  "Plan Width": 126,
                                  "Output": [
                                    "part.p_partkey",
                                    "partsupp.ps_supplycost",
                                    "partsupp.ps_suppkey",
                                    "partsupp.ps_partkey",
                                    "supplier.s_suppkey",
                                    "nation.n_name"
                                  ],
                                  "Inner Unique": true,
                                  "Hash Cond": "(supplier.s_nationkey = nation.n_nationkey)",
                                  "Plans": [
                                    {
                                      "Node Type": "Hash Join",
                                      "Parent Relationship": "Outer",
                                      "Parallel Aware": false,
                                      "Async Capable": false,
                                      "Join Type": "Inner",
                                      "Startup Cost": 448.43,
                                      "Total Cost": 14585.97,
                                      "Plan Rows": 17368,
                                      "Plan Width": 26,
                                      "Output": [
                                        "part.p_partkey",
                                        "partsupp.ps_supplycost",
                                        "partsupp.ps_suppkey",
                                        "partsupp.ps_partkey",
                                        "supplier.s_suppkey",
                                        "supplier.s_nationkey"
                                      ],
                                      "Inner Unique": true,
                                      "Hash Cond": "(partsupp.ps_suppkey = supplier.s_suppkey)",
                                      "Plans": [
                                        {
                                          "Node Type": "Nested Loop",
                                          "Parent Relationship": "Outer",
                                          "Parallel Aware": false,
                                          "Async Capable": false,
                                          "Join Type": "Inner",
                                          "Startup Cost": 0.42,
                                          "Total Cost": 14092.36,
                                          "Plan Rows": 17368,
                                          "Plan Width": 18,
                                          "Output": [
                                            "part.p_partkey",
                                            "partsupp.ps_supplycost",
                                            "partsupp.ps_suppkey",
                                            "partsupp.ps_partkey"
                                          ],
                                          "Inner Unique": false,
                                          "Plans": [
                                            {
                                              "Node Type": "Seq Scan",
                                              "Parent Relationship": "Outer",
                                              "Parallel Aware": true,
                                              "Async Capable": false,
                                              "Relation Name": "part",
                                              "Schema": "public",
                                              "Alias": "part",
                                              "Startup Cost": 0.0,
                                              "Total Cost": 5169.67,
                                              "Plan Rows": 4342,
                                              "Plan Width": 4,
                                              "Output": [
                                                "part.p_partkey",
                                                "part.p_name",
                                                "part.p_mfgr",
                                                "part.p_brand",
                                                "part.p_type",
                                                "part.p_size",
                                                "part.p_container",
                                                "part.p_retailprice",
                                                "part.p_comment"
                                              ],
                                              "Filter": "((part.p_name)::text ~~ '%yellow%'::text)"
                                            },
                                            {
                                              "Node Type": "Index Scan",
                                              "Parent Relationship": "Inner",
                                              "Parallel Aware": false,
                                              "Async Capable": false,
                                              "Scan Direction": "Forward",
                                              "Index Name": "partsupp_pkey",
                                              "Relation Name": "partsupp",
                                              "Schema": "public",
                                              "Alias": "partsupp",
                                              "Startup Cost": 0.42,
                                              "Total Cost": 2.01,
                                              "Plan Rows": 4,
                                              "Plan Width": 14,
                                              "Output": [
                                                "partsupp.ps_partkey",
                                                "partsupp.ps_suppkey",
                                                "partsupp.ps_availqty",
                                                "partsupp.ps_supplycost",
                                                "partsupp.ps_comment"
                                              ],
                                              "Index Cond": "(partsupp.ps_partkey = part.p_partkey)"
                                            }
                                          ]
                                        },
                                        {
                                          "Node Type": "Hash",
                                          "Parent Relationship": "Inner",
                                          "Parallel Aware": false,
                                          "Async Capable": false,
                                          "Startup Cost": 323.0,
                                          "Total Cost": 323.0,
                                          "Plan Rows": 10000,
                                          "Plan Width": 8,
                                          "Output": [
                                            "supplier.s_suppkey",
                                            "supplier.s_nationkey"
                                          ],
                                          "Plans": [
                                            {
                                              "Node Type": "Seq Scan",
                                              "Parent Relationship": "Outer",
                                              "Parallel Aware": false,
                                              "Async Capable": false,
                                              "Relation Name": "supplier",
                                              "Schema": "public",
                                              "Alias": "supplier",
                                              "Startup Cost": 0.0,
                                              "Total Cost": 323.0,
                                              "Plan Rows": 10000,
                                              "Plan Width": 8,
                                              "Output": [
                                                "supplier.s_suppkey",
                                                "supplier.s_nationkey"
                                              ]
                                            }
                                          ]
                                        }
                                      ]
                                    },
                                    {
                                      "Node Type": "Hash",
                                      "Parent Relationship": "Inner",
                                      "Parallel Aware": false,
                                      "Async Capable": false,
                                      "Startup Cost": 1.25,
                                      "Total Cost": 1.25,
                                      "Plan Rows": 25,
                                      "Plan Width": 108,
                                      "Output": [
                                        "nation.n_name",
                                        "nation.n_nationkey"
                                      ],
                                      "Plans": [
                                        {
                                          "Node Type": "Seq Scan",
                                          "Parent Relationship": "Outer",
                                          "Parallel Aware": false,
                                          "Async Capable": false,
                                          "Relation Name": "nation",
                                          "Schema": "public",
                                          "Alias": "nation",
                                          "Startup Cost": 0.0,
                                          "Total Cost": 1.25,
                                          "Plan Rows": 25,
                                          "Plan Width": 108,
                                          "Output": [
                                            "nation.n_name",
                                            "nation.n_nationkey"
                                          ]
                                        }
                                      ]
                                    }
                                  ]
                                }
                              ]
                            }
                          ]
                        },
                        {
                          "Node Type": "Index Scan",
                          "Parent Relationship": "Inner",
                          "Parallel Aware": false,
                          "Async Capable": false,
                          "Scan Direction": "Forward",
                          "Index Name": "orders_pkey",
                          "Relation Name": "orders",
                          "Schema": "public",
                          "Alias": "orders",
                          "Startup Cost": 0.43,
                          "Total Cost": 0.45,
                          "Plan Rows": 1,
                          "Plan Width": 8,
                          "Output": [
                            "orders.o_orderkey",
                            "orders.o_custkey",
                            "orders.o_orderstatus",
                            "orders.o_totalprice",
                            "orders.o_orderdate",
                            "orders.o_orderpriority",
                            "orders.o_clerk",
                            "orders.o_shippriority",
                            "orders.o_comment"
                          ],
                          "Index Cond": "(orders.o_orderkey = lineitem.l_orderkey)"
                        }
                      ]
                    }
                  ]
                }
              ]
            }
          ]
        }
      ]
    },
    "JIT": {
      "Functions": 43,
      "Options": {
        "Inlining": false,
        "Optimization": false,
        "Expressions": true,
        "Deforming": true
      }
    }
  }
]
```

---

## 132. Q9_83_seed_672730542.sql

**File Path:** `/Users/brunowinter2000/Documents/Thesis/2025_2026/Plan-Level/Generated_Queries/Q9/Q9_83_seed_672730542.sql`

### EXPLAIN JSON

```json
[
  {
    "Plan": {
      "Node Type": "Sort",
      "Parallel Aware": false,
      "Async Capable": false,
      "Startup Cost": 221184.19,
      "Total Cost": 221334.56,
      "Plan Rows": 60150,
      "Plan Width": 168,
      "Output": [
        "nation.n_name",
        "(EXTRACT(year FROM orders.o_orderdate))",
        "(sum(((lineitem.l_extendedprice * ('1'::numeric - lineitem.l_discount)) - (partsupp.ps_supplycost * lineitem.l_quantity))))"
      ],
      "Sort Key": [
        "nation.n_name",
        "(EXTRACT(year FROM orders.o_orderdate)) DESC"
      ],
      "Plans": [
        {
          "Node Type": "Aggregate",
          "Strategy": "Hashed",
          "Partial Mode": "Finalize",
          "Parent Relationship": "Outer",
          "Parallel Aware": false,
          "Async Capable": false,
          "Startup Cost": 215507.15,
          "Total Cost": 216409.4,
          "Plan Rows": 60150,
          "Plan Width": 168,
          "Output": [
            "nation.n_name",
            "(EXTRACT(year FROM orders.o_orderdate))",
            "sum(((lineitem.l_extendedprice * ('1'::numeric - lineitem.l_discount)) - (partsupp.ps_supplycost * lineitem.l_quantity)))"
          ],
          "Group Key": [
            "nation.n_name",
            "(EXTRACT(year FROM orders.o_orderdate))"
          ],
          "Planned Partitions": 0,
          "Plans": [
            {
              "Node Type": "Gather",
              "Parent Relationship": "Outer",
              "Parallel Aware": false,
              "Async Capable": false,
              "Startup Cost": 181522.4,
              "Total Cost": 212499.65,
              "Plan Rows": 300750,
              "Plan Width": 168,
              "Output": [
                "nation.n_name",
                "(EXTRACT(year FROM orders.o_orderdate))",
                "(PARTIAL sum(((lineitem.l_extendedprice * ('1'::numeric - lineitem.l_discount)) - (partsupp.ps_supplycost * lineitem.l_quantity))))"
              ],
              "Workers Planned": 5,
              "Single Copy": false,
              "Plans": [
                {
                  "Node Type": "Aggregate",
                  "Strategy": "Hashed",
                  "Partial Mode": "Partial",
                  "Parent Relationship": "Outer",
                  "Parallel Aware": false,
                  "Async Capable": false,
                  "Startup Cost": 180522.4,
                  "Total Cost": 181424.65,
                  "Plan Rows": 60150,
                  "Plan Width": 168,
                  "Output": [
                    "nation.n_name",
                    "(EXTRACT(year FROM orders.o_orderdate))",
                    "PARTIAL sum(((lineitem.l_extendedprice * ('1'::numeric - lineitem.l_discount)) - (partsupp.ps_supplycost * lineitem.l_quantity)))"
                  ],
                  "Group Key": [
                    "nation.n_name",
                    "EXTRACT(year FROM orders.o_orderdate)"
                  ],
                  "Planned Partitions": 0,
                  "Plans": [
                    {
                      "Node Type": "Nested Loop",
                      "Parent Relationship": "Outer",
                      "Parallel Aware": false,
                      "Async Capable": false,
                      "Join Type": "Inner",
                      "Startup Cost": 15229.13,
                      "Total Cost": 179343.84,
                      "Plan Rows": 67346,
                      "Plan Width": 159,
                      "Output": [
                        "nation.n_name",
                        "EXTRACT(year FROM orders.o_orderdate)",
                        "lineitem.l_extendedprice",
                        "lineitem.l_discount",
                        "partsupp.ps_supplycost",
                        "lineitem.l_quantity"
                      ],
                      "Inner Unique": true,
                      "Plans": [
                        {
                          "Node Type": "Hash Join",
                          "Parent Relationship": "Outer",
                          "Parallel Aware": true,
                          "Async Capable": false,
                          "Join Type": "Inner",
                          "Startup Cost": 15228.71,
                          "Total Cost": 148833.07,
                          "Plan Rows": 67346,
                          "Plan Width": 131,
                          "Output": [
                            "lineitem.l_extendedprice",
                            "lineitem.l_discount",
                            "lineitem.l_quantity",
                            "lineitem.l_orderkey",
                            "partsupp.ps_supplycost",
                            "nation.n_name"
                          ],
                          "Inner Unique": false,
                          "Hash Cond": "((lineitem.l_suppkey = supplier.s_suppkey) AND (lineitem.l_partkey = partsupp.ps_partkey))",
                          "Plans": [
                            {
                              "Node Type": "Seq Scan",
                              "Parent Relationship": "Outer",
                              "Parallel Aware": true,
                              "Async Capable": false,
                              "Relation Name": "lineitem",
                              "Schema": "public",
                              "Alias": "lineitem",
                              "Startup Cost": 0.0,
                              "Total Cost": 124602.43,
                              "Plan Rows": 1200243,
                              "Plan Width": 29,
                              "Output": [
                                "lineitem.l_orderkey",
                                "lineitem.l_partkey",
                                "lineitem.l_suppkey",
                                "lineitem.l_linenumber",
                                "lineitem.l_quantity",
                                "lineitem.l_extendedprice",
                                "lineitem.l_discount",
                                "lineitem.l_tax",
                                "lineitem.l_returnflag",
                                "lineitem.l_linestatus",
                                "lineitem.l_shipdate",
                                "lineitem.l_commitdate",
                                "lineitem.l_receiptdate",
                                "lineitem.l_shipinstruct",
                                "lineitem.l_shipmode",
                                "lineitem.l_comment"
                              ]
                            },
                            {
                              "Node Type": "Hash",
                              "Parent Relationship": "Inner",
                              "Parallel Aware": true,
                              "Async Capable": false,
                              "Startup Cost": 14948.16,
                              "Total Cost": 14948.16,
                              "Plan Rows": 18703,
                              "Plan Width": 126,
                              "Output": [
                                "part.p_partkey",
                                "partsupp.ps_supplycost",
                                "partsupp.ps_suppkey",
                                "partsupp.ps_partkey",
                                "supplier.s_suppkey",
                                "nation.n_name"
                              ],
                              "Plans": [
                                {
                                  "Node Type": "Hash Join",
                                  "Parent Relationship": "Outer",
                                  "Parallel Aware": false,
                                  "Async Capable": false,
                                  "Join Type": "Inner",
                                  "Startup Cost": 449.99,
                                  "Total Cost": 14948.16,
                                  "Plan Rows": 18703,
                                  "Plan Width": 126,
                                  "Output": [
                                    "part.p_partkey",
                                    "partsupp.ps_supplycost",
                                    "partsupp.ps_suppkey",
                                    "partsupp.ps_partkey",
                                    "supplier.s_suppkey",
                                    "nation.n_name"
                                  ],
                                  "Inner Unique": true,
                                  "Hash Cond": "(supplier.s_nationkey = nation.n_nationkey)",
                                  "Plans": [
                                    {
                                      "Node Type": "Hash Join",
                                      "Parent Relationship": "Outer",
                                      "Parallel Aware": false,
                                      "Async Capable": false,
                                      "Join Type": "Inner",
                                      "Startup Cost": 448.43,
                                      "Total Cost": 14889.18,
                                      "Plan Rows": 18703,
                                      "Plan Width": 26,
                                      "Output": [
                                        "part.p_partkey",
                                        "partsupp.ps_supplycost",
                                        "partsupp.ps_suppkey",
                                        "partsupp.ps_partkey",
                                        "supplier.s_suppkey",
                                        "supplier.s_nationkey"
                                      ],
                                      "Inner Unique": true,
                                      "Hash Cond": "(partsupp.ps_suppkey = supplier.s_suppkey)",
                                      "Plans": [
                                        {
                                          "Node Type": "Nested Loop",
                                          "Parent Relationship": "Outer",
                                          "Parallel Aware": false,
                                          "Async Capable": false,
                                          "Join Type": "Inner",
                                          "Startup Cost": 0.42,
                                          "Total Cost": 14392.06,
                                          "Plan Rows": 18703,
                                          "Plan Width": 18,
                                          "Output": [
                                            "part.p_partkey",
                                            "partsupp.ps_supplycost",
                                            "partsupp.ps_suppkey",
                                            "partsupp.ps_partkey"
                                          ],
                                          "Inner Unique": false,
                                          "Plans": [
                                            {
                                              "Node Type": "Seq Scan",
                                              "Parent Relationship": "Outer",
                                              "Parallel Aware": true,
                                              "Async Capable": false,
                                              "Relation Name": "part",
                                              "Schema": "public",
                                              "Alias": "part",
                                              "Startup Cost": 0.0,
                                              "Total Cost": 5169.67,
                                              "Plan Rows": 4676,
                                              "Plan Width": 4,
                                              "Output": [
                                                "part.p_partkey",
                                                "part.p_name",
                                                "part.p_mfgr",
                                                "part.p_brand",
                                                "part.p_type",
                                                "part.p_size",
                                                "part.p_container",
                                                "part.p_retailprice",
                                                "part.p_comment"
                                              ],
                                              "Filter": "((part.p_name)::text ~~ '%lime%'::text)"
                                            },
                                            {
                                              "Node Type": "Index Scan",
                                              "Parent Relationship": "Inner",
                                              "Parallel Aware": false,
                                              "Async Capable": false,
                                              "Scan Direction": "Forward",
                                              "Index Name": "partsupp_pkey",
                                              "Relation Name": "partsupp",
                                              "Schema": "public",
                                              "Alias": "partsupp",
                                              "Startup Cost": 0.42,
                                              "Total Cost": 1.93,
                                              "Plan Rows": 4,
                                              "Plan Width": 14,
                                              "Output": [
                                                "partsupp.ps_partkey",
                                                "partsupp.ps_suppkey",
                                                "partsupp.ps_availqty",
                                                "partsupp.ps_supplycost",
                                                "partsupp.ps_comment"
                                              ],
                                              "Index Cond": "(partsupp.ps_partkey = part.p_partkey)"
                                            }
                                          ]
                                        },
                                        {
                                          "Node Type": "Hash",
                                          "Parent Relationship": "Inner",
                                          "Parallel Aware": false,
                                          "Async Capable": false,
                                          "Startup Cost": 323.0,
                                          "Total Cost": 323.0,
                                          "Plan Rows": 10000,
                                          "Plan Width": 8,
                                          "Output": [
                                            "supplier.s_suppkey",
                                            "supplier.s_nationkey"
                                          ],
                                          "Plans": [
                                            {
                                              "Node Type": "Seq Scan",
                                              "Parent Relationship": "Outer",
                                              "Parallel Aware": false,
                                              "Async Capable": false,
                                              "Relation Name": "supplier",
                                              "Schema": "public",
                                              "Alias": "supplier",
                                              "Startup Cost": 0.0,
                                              "Total Cost": 323.0,
                                              "Plan Rows": 10000,
                                              "Plan Width": 8,
                                              "Output": [
                                                "supplier.s_suppkey",
                                                "supplier.s_nationkey"
                                              ]
                                            }
                                          ]
                                        }
                                      ]
                                    },
                                    {
                                      "Node Type": "Hash",
                                      "Parent Relationship": "Inner",
                                      "Parallel Aware": false,
                                      "Async Capable": false,
                                      "Startup Cost": 1.25,
                                      "Total Cost": 1.25,
                                      "Plan Rows": 25,
                                      "Plan Width": 108,
                                      "Output": [
                                        "nation.n_name",
                                        "nation.n_nationkey"
                                      ],
                                      "Plans": [
                                        {
                                          "Node Type": "Seq Scan",
                                          "Parent Relationship": "Outer",
                                          "Parallel Aware": false,
                                          "Async Capable": false,
                                          "Relation Name": "nation",
                                          "Schema": "public",
                                          "Alias": "nation",
                                          "Startup Cost": 0.0,
                                          "Total Cost": 1.25,
                                          "Plan Rows": 25,
                                          "Plan Width": 108,
                                          "Output": [
                                            "nation.n_name",
                                            "nation.n_nationkey"
                                          ]
                                        }
                                      ]
                                    }
                                  ]
                                }
                              ]
                            }
                          ]
                        },
                        {
                          "Node Type": "Index Scan",
                          "Parent Relationship": "Inner",
                          "Parallel Aware": false,
                          "Async Capable": false,
                          "Scan Direction": "Forward",
                          "Index Name": "orders_pkey",
                          "Relation Name": "orders",
                          "Schema": "public",
                          "Alias": "orders",
                          "Startup Cost": 0.43,
                          "Total Cost": 0.45,
                          "Plan Rows": 1,
                          "Plan Width": 8,
                          "Output": [
                            "orders.o_orderkey",
                            "orders.o_custkey",
                            "orders.o_orderstatus",
                            "orders.o_totalprice",
                            "orders.o_orderdate",
                            "orders.o_orderpriority",
                            "orders.o_clerk",
                            "orders.o_shippriority",
                            "orders.o_comment"
                          ],
                          "Index Cond": "(orders.o_orderkey = lineitem.l_orderkey)"
                        }
                      ]
                    }
                  ]
                }
              ]
            }
          ]
        }
      ]
    },
    "JIT": {
      "Functions": 43,
      "Options": {
        "Inlining": false,
        "Optimization": false,
        "Expressions": true,
        "Deforming": true
      }
    }
  }
]
```

---

## 133. Q9_84_seed_680934573.sql

**File Path:** `/Users/brunowinter2000/Documents/Thesis/2025_2026/Plan-Level/Generated_Queries/Q9/Q9_84_seed_680934573.sql`

### EXPLAIN JSON

```json
[
  {
    "Plan": {
      "Node Type": "Sort",
      "Parallel Aware": false,
      "Async Capable": false,
      "Startup Cost": 213932.55,
      "Total Cost": 214082.93,
      "Plan Rows": 60150,
      "Plan Width": 168,
      "Output": [
        "nation.n_name",
        "(EXTRACT(year FROM orders.o_orderdate))",
        "(sum(((lineitem.l_extendedprice * ('1'::numeric - lineitem.l_discount)) - (partsupp.ps_supplycost * lineitem.l_quantity))))"
      ],
      "Sort Key": [
        "nation.n_name",
        "(EXTRACT(year FROM orders.o_orderdate)) DESC"
      ],
      "Plans": [
        {
          "Node Type": "Aggregate",
          "Strategy": "Hashed",
          "Partial Mode": "Finalize",
          "Parent Relationship": "Outer",
          "Parallel Aware": false,
          "Async Capable": false,
          "Startup Cost": 208255.51,
          "Total Cost": 209157.76,
          "Plan Rows": 60150,
          "Plan Width": 168,
          "Output": [
            "nation.n_name",
            "(EXTRACT(year FROM orders.o_orderdate))",
            "sum(((lineitem.l_extendedprice * ('1'::numeric - lineitem.l_discount)) - (partsupp.ps_supplycost * lineitem.l_quantity)))"
          ],
          "Group Key": [
            "nation.n_name",
            "(EXTRACT(year FROM orders.o_orderdate))"
          ],
          "Planned Partitions": 0,
          "Plans": [
            {
              "Node Type": "Gather",
              "Parent Relationship": "Outer",
              "Parallel Aware": false,
              "Async Capable": false,
              "Startup Cost": 187503.76,
              "Total Cost": 206451.01,
              "Plan Rows": 180450,
              "Plan Width": 168,
              "Output": [
                "nation.n_name",
                "(EXTRACT(year FROM orders.o_orderdate))",
                "(PARTIAL sum(((lineitem.l_extendedprice * ('1'::numeric - lineitem.l_discount)) - (partsupp.ps_supplycost * lineitem.l_quantity))))"
              ],
              "Workers Planned": 3,
              "Single Copy": false,
              "Plans": [
                {
                  "Node Type": "Aggregate",
                  "Strategy": "Hashed",
                  "Partial Mode": "Partial",
                  "Parent Relationship": "Outer",
                  "Parallel Aware": false,
                  "Async Capable": false,
                  "Startup Cost": 186503.76,
                  "Total Cost": 187406.01,
                  "Plan Rows": 60150,
                  "Plan Width": 168,
                  "Output": [
                    "nation.n_name",
                    "(EXTRACT(year FROM orders.o_orderdate))",
                    "PARTIAL sum(((lineitem.l_extendedprice * ('1'::numeric - lineitem.l_discount)) - (partsupp.ps_supplycost * lineitem.l_quantity)))"
                  ],
                  "Group Key": [
                    "nation.n_name",
                    "EXTRACT(year FROM orders.o_orderdate)"
                  ],
                  "Planned Partitions": 0,
                  "Plans": [
                    {
                      "Node Type": "Hash Join",
                      "Parent Relationship": "Outer",
                      "Parallel Aware": true,
                      "Async Capable": false,
                      "Join Type": "Inner",
                      "Startup Cost": 150812.72,
                      "Total Cost": 184195.5,
                      "Plan Rows": 131901,
                      "Plan Width": 159,
                      "Output": [
                        "nation.n_name",
                        "EXTRACT(year FROM orders.o_orderdate)",
                        "lineitem.l_extendedprice",
                        "lineitem.l_discount",
                        "partsupp.ps_supplycost",
                        "lineitem.l_quantity"
                      ],
                      "Inner Unique": false,
                      "Hash Cond": "(orders.o_orderkey = lineitem.l_orderkey)",
                      "Plans": [
                        {
                          "Node Type": "Seq Scan",
                          "Parent Relationship": "Outer",
                          "Parallel Aware": true,
                          "Async Capable": false,
                          "Relation Name": "orders",
                          "Schema": "public",
                          "Alias": "orders",
                          "Startup Cost": 0.0,
                          "Total Cost": 30974.71,
                          "Plan Rows": 483871,
                          "Plan Width": 8,
                          "Output": [
                            "orders.o_orderkey",
                            "orders.o_custkey",
                            "orders.o_orderstatus",
                            "orders.o_totalprice",
                            "orders.o_orderdate",
                            "orders.o_orderpriority",
                            "orders.o_clerk",
                            "orders.o_shippriority",
                            "orders.o_comment"
                          ]
                        },
                        {
                          "Node Type": "Hash",
                          "Parent Relationship": "Inner",
                          "Parallel Aware": true,
                          "Async Capable": false,
                          "Startup Cost": 149790.48,
                          "Total Cost": 149790.48,
                          "Plan Rows": 81779,
                          "Plan Width": 131,
                          "Output": [
                            "lineitem.l_extendedprice",
                            "lineitem.l_discount",
                            "lineitem.l_quantity",
                            "lineitem.l_orderkey",
                            "partsupp.ps_supplycost",
                            "nation.n_name"
                          ],
                          "Plans": [
                            {
                              "Node Type": "Hash Join",
                              "Parent Relationship": "Outer",
                              "Parallel Aware": true,
                              "Async Capable": false,
                              "Join Type": "Inner",
                              "Startup Cost": 16186.09,
                              "Total Cost": 149790.48,
                              "Plan Rows": 81779,
                              "Plan Width": 131,
                              "Output": [
                                "lineitem.l_extendedprice",
                                "lineitem.l_discount",
                                "lineitem.l_quantity",
                                "lineitem.l_orderkey",
                                "partsupp.ps_supplycost",
                                "nation.n_name"
                              ],
                              "Inner Unique": false,
                              "Hash Cond": "((lineitem.l_suppkey = supplier.s_suppkey) AND (lineitem.l_partkey = partsupp.ps_partkey))",
                              "Plans": [
                                {
                                  "Node Type": "Seq Scan",
                                  "Parent Relationship": "Outer",
                                  "Parallel Aware": true,
                                  "Async Capable": false,
                                  "Relation Name": "lineitem",
                                  "Schema": "public",
                                  "Alias": "lineitem",
                                  "Startup Cost": 0.0,
                                  "Total Cost": 124602.43,
                                  "Plan Rows": 1200243,
                                  "Plan Width": 29,
                                  "Output": [
                                    "lineitem.l_orderkey",
                                    "lineitem.l_partkey",
                                    "lineitem.l_suppkey",
                                    "lineitem.l_linenumber",
                                    "lineitem.l_quantity",
                                    "lineitem.l_extendedprice",
                                    "lineitem.l_discount",
                                    "lineitem.l_tax",
                                    "lineitem.l_returnflag",
                                    "lineitem.l_linestatus",
                                    "lineitem.l_shipdate",
                                    "lineitem.l_commitdate",
                                    "lineitem.l_receiptdate",
                                    "lineitem.l_shipinstruct",
                                    "lineitem.l_shipmode",
                                    "lineitem.l_comment"
                                  ]
                                },
                                {
                                  "Node Type": "Hash",
                                  "Parent Relationship": "Inner",
                                  "Parallel Aware": true,
                                  "Async Capable": false,
                                  "Startup Cost": 15845.41,
                                  "Total Cost": 15845.41,
                                  "Plan Rows": 22712,
                                  "Plan Width": 126,
                                  "Output": [
                                    "part.p_partkey",
                                    "partsupp.ps_supplycost",
                                    "partsupp.ps_suppkey",
                                    "partsupp.ps_partkey",
                                    "supplier.s_suppkey",
                                    "nation.n_name"
                                  ],
                                  "Plans": [
                                    {
                                      "Node Type": "Hash Join",
                                      "Parent Relationship": "Outer",
                                      "Parallel Aware": false,
                                      "Async Capable": false,
                                      "Join Type": "Inner",
                                      "Startup Cost": 449.99,
                                      "Total Cost": 15845.41,
                                      "Plan Rows": 22712,
                                      "Plan Width": 126,
                                      "Output": [
                                        "part.p_partkey",
                                        "partsupp.ps_supplycost",
                                        "partsupp.ps_suppkey",
                                        "partsupp.ps_partkey",
                                        "supplier.s_suppkey",
                                        "nation.n_name"
                                      ],
                                      "Inner Unique": true,
                                      "Hash Cond": "(supplier.s_nationkey = nation.n_nationkey)",
                                      "Plans": [
                                        {
                                          "Node Type": "Hash Join",
                                          "Parent Relationship": "Outer",
                                          "Parallel Aware": false,
                                          "Async Capable": false,
                                          "Join Type": "Inner",
                                          "Startup Cost": 448.43,
                                          "Total Cost": 15774.12,
                                          "Plan Rows": 22712,
                                          "Plan Width": 26,
                                          "Output": [
                                            "part.p_partkey",
                                            "partsupp.ps_supplycost",
                                            "partsupp.ps_suppkey",
                                            "partsupp.ps_partkey",
                                            "supplier.s_suppkey",
                                            "supplier.s_nationkey"
                                          ],
                                          "Inner Unique": true,
                                          "Hash Cond": "(partsupp.ps_suppkey = supplier.s_suppkey)",
                                          "Plans": [
                                            {
                                              "Node Type": "Nested Loop",
                                              "Parent Relationship": "Outer",
                                              "Parallel Aware": false,
                                              "Async Capable": false,
                                              "Join Type": "Inner",
                                              "Startup Cost": 0.42,
                                              "Total Cost": 15266.48,
                                              "Plan Rows": 22712,
                                              "Plan Width": 18,
                                              "Output": [
                                                "part.p_partkey",
                                                "partsupp.ps_supplycost",
                                                "partsupp.ps_suppkey",
                                                "partsupp.ps_partkey"
                                              ],
                                              "Inner Unique": false,
                                              "Plans": [
                                                {
                                                  "Node Type": "Seq Scan",
                                                  "Parent Relationship": "Outer",
                                                  "Parallel Aware": true,
                                                  "Async Capable": false,
                                                  "Relation Name": "part",
                                                  "Schema": "public",
                                                  "Alias": "part",
                                                  "Startup Cost": 0.0,
                                                  "Total Cost": 5169.67,
                                                  "Plan Rows": 5678,
                                                  "Plan Width": 4,
                                                  "Output": [
                                                    "part.p_partkey",
                                                    "part.p_name",
                                                    "part.p_mfgr",
                                                    "part.p_brand",
                                                    "part.p_type",
                                                    "part.p_size",
                                                    "part.p_container",
                                                    "part.p_retailprice",
                                                    "part.p_comment"
                                                  ],
                                                  "Filter": "((part.p_name)::text ~~ '%white%'::text)"
                                                },
                                                {
                                                  "Node Type": "Index Scan",
                                                  "Parent Relationship": "Inner",
                                                  "Parallel Aware": false,
                                                  "Async Capable": false,
                                                  "Scan Direction": "Forward",
                                                  "Index Name": "partsupp_pkey",
                                                  "Relation Name": "partsupp",
                                                  "Schema": "public",
                                                  "Alias": "partsupp",
                                                  "Startup Cost": 0.42,
                                                  "Total Cost": 1.74,
                                                  "Plan Rows": 4,
                                                  "Plan Width": 14,
                                                  "Output": [
                                                    "partsupp.ps_partkey",
                                                    "partsupp.ps_suppkey",
                                                    "partsupp.ps_availqty",
                                                    "partsupp.ps_supplycost",
                                                    "partsupp.ps_comment"
                                                  ],
                                                  "Index Cond": "(partsupp.ps_partkey = part.p_partkey)"
                                                }
                                              ]
                                            },
                                            {
                                              "Node Type": "Hash",
                                              "Parent Relationship": "Inner",
                                              "Parallel Aware": false,
                                              "Async Capable": false,
                                              "Startup Cost": 323.0,
                                              "Total Cost": 323.0,
                                              "Plan Rows": 10000,
                                              "Plan Width": 8,
                                              "Output": [
                                                "supplier.s_suppkey",
                                                "supplier.s_nationkey"
                                              ],
                                              "Plans": [
                                                {
                                                  "Node Type": "Seq Scan",
                                                  "Parent Relationship": "Outer",
                                                  "Parallel Aware": false,
                                                  "Async Capable": false,
                                                  "Relation Name": "supplier",
                                                  "Schema": "public",
                                                  "Alias": "supplier",
                                                  "Startup Cost": 0.0,
                                                  "Total Cost": 323.0,
                                                  "Plan Rows": 10000,
                                                  "Plan Width": 8,
                                                  "Output": [
                                                    "supplier.s_suppkey",
                                                    "supplier.s_nationkey"
                                                  ]
                                                }
                                              ]
                                            }
                                          ]
                                        },
                                        {
                                          "Node Type": "Hash",
                                          "Parent Relationship": "Inner",
                                          "Parallel Aware": false,
                                          "Async Capable": false,
                                          "Startup Cost": 1.25,
                                          "Total Cost": 1.25,
                                          "Plan Rows": 25,
                                          "Plan Width": 108,
                                          "Output": [
                                            "nation.n_name",
                                            "nation.n_nationkey"
                                          ],
                                          "Plans": [
                                            {
                                              "Node Type": "Seq Scan",
                                              "Parent Relationship": "Outer",
                                              "Parallel Aware": false,
                                              "Async Capable": false,
                                              "Relation Name": "nation",
                                              "Schema": "public",
                                              "Alias": "nation",
                                              "Startup Cost": 0.0,
                                              "Total Cost": 1.25,
                                              "Plan Rows": 25,
                                              "Plan Width": 108,
                                              "Output": [
                                                "nation.n_name",
                                                "nation.n_nationkey"
                                              ]
                                            }
                                          ]
                                        }
                                      ]
                                    }
                                  ]
                                }
                              ]
                            }
                          ]
                        }
                      ]
                    }
                  ]
                }
              ]
            }
          ]
        }
      ]
    },
    "JIT": {
      "Functions": 48,
      "Options": {
        "Inlining": false,
        "Optimization": false,
        "Expressions": true,
        "Deforming": true
      }
    }
  }
]
```

---

## 134. Q9_85_seed_689138604.sql

**File Path:** `/Users/brunowinter2000/Documents/Thesis/2025_2026/Plan-Level/Generated_Queries/Q9/Q9_85_seed_689138604.sql`

### EXPLAIN JSON

```json
[
  {
    "Plan": {
      "Node Type": "Sort",
      "Parallel Aware": false,
      "Async Capable": false,
      "Startup Cost": 222478.18,
      "Total Cost": 222628.55,
      "Plan Rows": 60150,
      "Plan Width": 168,
      "Output": [
        "nation.n_name",
        "(EXTRACT(year FROM orders.o_orderdate))",
        "(sum(((lineitem.l_extendedprice * ('1'::numeric - lineitem.l_discount)) - (partsupp.ps_supplycost * lineitem.l_quantity))))"
      ],
      "Sort Key": [
        "nation.n_name",
        "(EXTRACT(year FROM orders.o_orderdate)) DESC"
      ],
      "Plans": [
        {
          "Node Type": "Aggregate",
          "Strategy": "Hashed",
          "Partial Mode": "Finalize",
          "Parent Relationship": "Outer",
          "Parallel Aware": false,
          "Async Capable": false,
          "Startup Cost": 216801.14,
          "Total Cost": 217703.39,
          "Plan Rows": 60150,
          "Plan Width": 168,
          "Output": [
            "nation.n_name",
            "(EXTRACT(year FROM orders.o_orderdate))",
            "sum(((lineitem.l_extendedprice * ('1'::numeric - lineitem.l_discount)) - (partsupp.ps_supplycost * lineitem.l_quantity)))"
          ],
          "Group Key": [
            "nation.n_name",
            "(EXTRACT(year FROM orders.o_orderdate))"
          ],
          "Planned Partitions": 0,
          "Plans": [
            {
              "Node Type": "Gather",
              "Parent Relationship": "Outer",
              "Parallel Aware": false,
              "Async Capable": false,
              "Startup Cost": 182816.39,
              "Total Cost": 213793.64,
              "Plan Rows": 300750,
              "Plan Width": 168,
              "Output": [
                "nation.n_name",
                "(EXTRACT(year FROM orders.o_orderdate))",
                "(PARTIAL sum(((lineitem.l_extendedprice * ('1'::numeric - lineitem.l_discount)) - (partsupp.ps_supplycost * lineitem.l_quantity))))"
              ],
              "Workers Planned": 5,
              "Single Copy": false,
              "Plans": [
                {
                  "Node Type": "Aggregate",
                  "Strategy": "Hashed",
                  "Partial Mode": "Partial",
                  "Parent Relationship": "Outer",
                  "Parallel Aware": false,
                  "Async Capable": false,
                  "Startup Cost": 181816.39,
                  "Total Cost": 182718.64,
                  "Plan Rows": 60150,
                  "Plan Width": 168,
                  "Output": [
                    "nation.n_name",
                    "(EXTRACT(year FROM orders.o_orderdate))",
                    "PARTIAL sum(((lineitem.l_extendedprice * ('1'::numeric - lineitem.l_discount)) - (partsupp.ps_supplycost * lineitem.l_quantity)))"
                  ],
                  "Group Key": [
                    "nation.n_name",
                    "EXTRACT(year FROM orders.o_orderdate)"
                  ],
                  "Planned Partitions": 0,
                  "Plans": [
                    {
                      "Node Type": "Nested Loop",
                      "Parent Relationship": "Outer",
                      "Parallel Aware": false,
                      "Async Capable": false,
                      "Join Type": "Inner",
                      "Startup Cost": 15390.98,
                      "Total Cost": 180595.73,
                      "Plan Rows": 69752,
                      "Plan Width": 159,
                      "Output": [
                        "nation.n_name",
                        "EXTRACT(year FROM orders.o_orderdate)",
                        "lineitem.l_extendedprice",
                        "lineitem.l_discount",
                        "partsupp.ps_supplycost",
                        "lineitem.l_quantity"
                      ],
                      "Inner Unique": true,
                      "Plans": [
                        {
                          "Node Type": "Hash Join",
                          "Parent Relationship": "Outer",
                          "Parallel Aware": true,
                          "Async Capable": false,
                          "Join Type": "Inner",
                          "Startup Cost": 15390.55,
                          "Total Cost": 148994.93,
                          "Plan Rows": 69752,
                          "Plan Width": 131,
                          "Output": [
                            "lineitem.l_extendedprice",
                            "lineitem.l_discount",
                            "lineitem.l_quantity",
                            "lineitem.l_orderkey",
                            "partsupp.ps_supplycost",
                            "nation.n_name"
                          ],
                          "Inner Unique": false,
                          "Hash Cond": "((lineitem.l_suppkey = supplier.s_suppkey) AND (lineitem.l_partkey = partsupp.ps_partkey))",
                          "Plans": [
                            {
                              "Node Type": "Seq Scan",
                              "Parent Relationship": "Outer",
                              "Parallel Aware": true,
                              "Async Capable": false,
                              "Relation Name": "lineitem",
                              "Schema": "public",
                              "Alias": "lineitem",
                              "Startup Cost": 0.0,
                              "Total Cost": 124602.43,
                              "Plan Rows": 1200243,
                              "Plan Width": 29,
                              "Output": [
                                "lineitem.l_orderkey",
                                "lineitem.l_partkey",
                                "lineitem.l_suppkey",
                                "lineitem.l_linenumber",
                                "lineitem.l_quantity",
                                "lineitem.l_extendedprice",
                                "lineitem.l_discount",
                                "lineitem.l_tax",
                                "lineitem.l_returnflag",
                                "lineitem.l_linestatus",
                                "lineitem.l_shipdate",
                                "lineitem.l_commitdate",
                                "lineitem.l_receiptdate",
                                "lineitem.l_shipinstruct",
                                "lineitem.l_shipmode",
                                "lineitem.l_comment"
                              ]
                            },
                            {
                              "Node Type": "Hash",
                              "Parent Relationship": "Inner",
                              "Parallel Aware": true,
                              "Async Capable": false,
                              "Startup Cost": 15099.97,
                              "Total Cost": 15099.97,
                              "Plan Rows": 19372,
                              "Plan Width": 126,
                              "Output": [
                                "part.p_partkey",
                                "partsupp.ps_supplycost",
                                "partsupp.ps_suppkey",
                                "partsupp.ps_partkey",
                                "supplier.s_suppkey",
                                "nation.n_name"
                              ],
                              "Plans": [
                                {
                                  "Node Type": "Hash Join",
                                  "Parent Relationship": "Outer",
                                  "Parallel Aware": false,
                                  "Async Capable": false,
                                  "Join Type": "Inner",
                                  "Startup Cost": 449.99,
                                  "Total Cost": 15099.97,
                                  "Plan Rows": 19372,
                                  "Plan Width": 126,
                                  "Output": [
                                    "part.p_partkey",
                                    "partsupp.ps_supplycost",
                                    "partsupp.ps_suppkey",
                                    "partsupp.ps_partkey",
                                    "supplier.s_suppkey",
                                    "nation.n_name"
                                  ],
                                  "Inner Unique": true,
                                  "Hash Cond": "(supplier.s_nationkey = nation.n_nationkey)",
                                  "Plans": [
                                    {
                                      "Node Type": "Hash Join",
                                      "Parent Relationship": "Outer",
                                      "Parallel Aware": false,
                                      "Async Capable": false,
                                      "Join Type": "Inner",
                                      "Startup Cost": 448.43,
                                      "Total Cost": 15038.94,
                                      "Plan Rows": 19372,
                                      "Plan Width": 26,
                                      "Output": [
                                        "part.p_partkey",
                                        "partsupp.ps_supplycost",
                                        "partsupp.ps_suppkey",
                                        "partsupp.ps_partkey",
                                        "supplier.s_suppkey",
                                        "supplier.s_nationkey"
                                      ],
                                      "Inner Unique": true,
                                      "Hash Cond": "(partsupp.ps_suppkey = supplier.s_suppkey)",
                                      "Plans": [
                                        {
                                          "Node Type": "Nested Loop",
                                          "Parent Relationship": "Outer",
                                          "Parallel Aware": false,
                                          "Async Capable": false,
                                          "Join Type": "Inner",
                                          "Startup Cost": 0.42,
                                          "Total Cost": 14540.06,
                                          "Plan Rows": 19372,
                                          "Plan Width": 18,
                                          "Output": [
                                            "part.p_partkey",
                                            "partsupp.ps_supplycost",
                                            "partsupp.ps_suppkey",
                                            "partsupp.ps_partkey"
                                          ],
                                          "Inner Unique": false,
                                          "Plans": [
                                            {
                                              "Node Type": "Seq Scan",
                                              "Parent Relationship": "Outer",
                                              "Parallel Aware": true,
                                              "Async Capable": false,
                                              "Relation Name": "part",
                                              "Schema": "public",
                                              "Alias": "part",
                                              "Startup Cost": 0.0,
                                              "Total Cost": 5169.67,
                                              "Plan Rows": 4843,
                                              "Plan Width": 4,
                                              "Output": [
                                                "part.p_partkey",
                                                "part.p_name",
                                                "part.p_mfgr",
                                                "part.p_brand",
                                                "part.p_type",
                                                "part.p_size",
                                                "part.p_container",
                                                "part.p_retailprice",
                                                "part.p_comment"
                                              ],
                                              "Filter": "((part.p_name)::text ~~ '%lemon%'::text)"
                                            },
                                            {
                                              "Node Type": "Index Scan",
                                              "Parent Relationship": "Inner",
                                              "Parallel Aware": false,
                                              "Async Capable": false,
                                              "Scan Direction": "Forward",
                                              "Index Name": "partsupp_pkey",
                                              "Relation Name": "partsupp",
                                              "Schema": "public",
                                              "Alias": "partsupp",
                                              "Startup Cost": 0.42,
                                              "Total Cost": 1.89,
                                              "Plan Rows": 4,
                                              "Plan Width": 14,
                                              "Output": [
                                                "partsupp.ps_partkey",
                                                "partsupp.ps_suppkey",
                                                "partsupp.ps_availqty",
                                                "partsupp.ps_supplycost",
                                                "partsupp.ps_comment"
                                              ],
                                              "Index Cond": "(partsupp.ps_partkey = part.p_partkey)"
                                            }
                                          ]
                                        },
                                        {
                                          "Node Type": "Hash",
                                          "Parent Relationship": "Inner",
                                          "Parallel Aware": false,
                                          "Async Capable": false,
                                          "Startup Cost": 323.0,
                                          "Total Cost": 323.0,
                                          "Plan Rows": 10000,
                                          "Plan Width": 8,
                                          "Output": [
                                            "supplier.s_suppkey",
                                            "supplier.s_nationkey"
                                          ],
                                          "Plans": [
                                            {
                                              "Node Type": "Seq Scan",
                                              "Parent Relationship": "Outer",
                                              "Parallel Aware": false,
                                              "Async Capable": false,
                                              "Relation Name": "supplier",
                                              "Schema": "public",
                                              "Alias": "supplier",
                                              "Startup Cost": 0.0,
                                              "Total Cost": 323.0,
                                              "Plan Rows": 10000,
                                              "Plan Width": 8,
                                              "Output": [
                                                "supplier.s_suppkey",
                                                "supplier.s_nationkey"
                                              ]
                                            }
                                          ]
                                        }
                                      ]
                                    },
                                    {
                                      "Node Type": "Hash",
                                      "Parent Relationship": "Inner",
                                      "Parallel Aware": false,
                                      "Async Capable": false,
                                      "Startup Cost": 1.25,
                                      "Total Cost": 1.25,
                                      "Plan Rows": 25,
                                      "Plan Width": 108,
                                      "Output": [
                                        "nation.n_name",
                                        "nation.n_nationkey"
                                      ],
                                      "Plans": [
                                        {
                                          "Node Type": "Seq Scan",
                                          "Parent Relationship": "Outer",
                                          "Parallel Aware": false,
                                          "Async Capable": false,
                                          "Relation Name": "nation",
                                          "Schema": "public",
                                          "Alias": "nation",
                                          "Startup Cost": 0.0,
                                          "Total Cost": 1.25,
                                          "Plan Rows": 25,
                                          "Plan Width": 108,
                                          "Output": [
                                            "nation.n_name",
                                            "nation.n_nationkey"
                                          ]
                                        }
                                      ]
                                    }
                                  ]
                                }
                              ]
                            }
                          ]
                        },
                        {
                          "Node Type": "Index Scan",
                          "Parent Relationship": "Inner",
                          "Parallel Aware": false,
                          "Async Capable": false,
                          "Scan Direction": "Forward",
                          "Index Name": "orders_pkey",
                          "Relation Name": "orders",
                          "Schema": "public",
                          "Alias": "orders",
                          "Startup Cost": 0.43,
                          "Total Cost": 0.45,
                          "Plan Rows": 1,
                          "Plan Width": 8,
                          "Output": [
                            "orders.o_orderkey",
                            "orders.o_custkey",
                            "orders.o_orderstatus",
                            "orders.o_totalprice",
                            "orders.o_orderdate",
                            "orders.o_orderpriority",
                            "orders.o_clerk",
                            "orders.o_shippriority",
                            "orders.o_comment"
                          ],
                          "Index Cond": "(orders.o_orderkey = lineitem.l_orderkey)"
                        }
                      ]
                    }
                  ]
                }
              ]
            }
          ]
        }
      ]
    },
    "JIT": {
      "Functions": 43,
      "Options": {
        "Inlining": false,
        "Optimization": false,
        "Expressions": true,
        "Deforming": true
      }
    }
  }
]
```

---

## 135. Q9_86_seed_697342635.sql

**File Path:** `/Users/brunowinter2000/Documents/Thesis/2025_2026/Plan-Level/Generated_Queries/Q9/Q9_86_seed_697342635.sql`

### EXPLAIN JSON

```json
[
  {
    "Plan": {
      "Node Type": "Sort",
      "Parallel Aware": false,
      "Async Capable": false,
      "Startup Cost": 206578.65,
      "Total Cost": 206729.03,
      "Plan Rows": 60150,
      "Plan Width": 168,
      "Output": [
        "nation.n_name",
        "(EXTRACT(year FROM orders.o_orderdate))",
        "(sum(((lineitem.l_extendedprice * ('1'::numeric - lineitem.l_discount)) - (partsupp.ps_supplycost * lineitem.l_quantity))))"
      ],
      "Sort Key": [
        "nation.n_name",
        "(EXTRACT(year FROM orders.o_orderdate)) DESC"
      ],
      "Plans": [
        {
          "Node Type": "Aggregate",
          "Strategy": "Hashed",
          "Partial Mode": "Finalize",
          "Parent Relationship": "Outer",
          "Parallel Aware": false,
          "Async Capable": false,
          "Startup Cost": 200901.61,
          "Total Cost": 201803.86,
          "Plan Rows": 60150,
          "Plan Width": 168,
          "Output": [
            "nation.n_name",
            "(EXTRACT(year FROM orders.o_orderdate))",
            "sum(((lineitem.l_extendedprice * ('1'::numeric - lineitem.l_discount)) - (partsupp.ps_supplycost * lineitem.l_quantity)))"
          ],
          "Group Key": [
            "nation.n_name",
            "(EXTRACT(year FROM orders.o_orderdate))"
          ],
          "Planned Partitions": 0,
          "Plans": [
            {
              "Node Type": "Gather",
              "Parent Relationship": "Outer",
              "Parallel Aware": false,
              "Async Capable": false,
              "Startup Cost": 172362.33,
              "Total Cost": 198376.01,
              "Plan Rows": 252560,
              "Plan Width": 168,
              "Output": [
                "nation.n_name",
                "(EXTRACT(year FROM orders.o_orderdate))",
                "(PARTIAL sum(((lineitem.l_extendedprice * ('1'::numeric - lineitem.l_discount)) - (partsupp.ps_supplycost * lineitem.l_quantity))))"
              ],
              "Workers Planned": 5,
              "Single Copy": false,
              "Plans": [
                {
                  "Node Type": "Aggregate",
                  "Strategy": "Hashed",
                  "Partial Mode": "Partial",
                  "Parent Relationship": "Outer",
                  "Parallel Aware": false,
                  "Async Capable": false,
                  "Startup Cost": 171362.33,
                  "Total Cost": 172120.01,
                  "Plan Rows": 50512,
                  "Plan Width": 168,
                  "Output": [
                    "nation.n_name",
                    "(EXTRACT(year FROM orders.o_orderdate))",
                    "PARTIAL sum(((lineitem.l_extendedprice * ('1'::numeric - lineitem.l_discount)) - (partsupp.ps_supplycost * lineitem.l_quantity)))"
                  ],
                  "Group Key": [
                    "nation.n_name",
                    "EXTRACT(year FROM orders.o_orderdate)"
                  ],
                  "Planned Partitions": 0,
                  "Plans": [
                    {
                      "Node Type": "Nested Loop",
                      "Parent Relationship": "Outer",
                      "Parallel Aware": false,
                      "Async Capable": false,
                      "Join Type": "Inner",
                      "Startup Cost": 13990.25,
                      "Total Cost": 170478.37,
                      "Plan Rows": 50512,
                      "Plan Width": 159,
                      "Output": [
                        "nation.n_name",
                        "EXTRACT(year FROM orders.o_orderdate)",
                        "lineitem.l_extendedprice",
                        "lineitem.l_discount",
                        "partsupp.ps_supplycost",
                        "lineitem.l_quantity"
                      ],
                      "Inner Unique": true,
                      "Plans": [
                        {
                          "Node Type": "Hash Join",
                          "Parent Relationship": "Outer",
                          "Parallel Aware": true,
                          "Async Capable": false,
                          "Join Type": "Inner",
                          "Startup Cost": 13989.83,
                          "Total Cost": 147594.16,
                          "Plan Rows": 50512,
                          "Plan Width": 131,
                          "Output": [
                            "lineitem.l_extendedprice",
                            "lineitem.l_discount",
                            "lineitem.l_quantity",
                            "lineitem.l_orderkey",
                            "partsupp.ps_supplycost",
                            "nation.n_name"
                          ],
                          "Inner Unique": false,
                          "Hash Cond": "((lineitem.l_suppkey = supplier.s_suppkey) AND (lineitem.l_partkey = partsupp.ps_partkey))",
                          "Plans": [
                            {
                              "Node Type": "Seq Scan",
                              "Parent Relationship": "Outer",
                              "Parallel Aware": true,
                              "Async Capable": false,
                              "Relation Name": "lineitem",
                              "Schema": "public",
                              "Alias": "lineitem",
                              "Startup Cost": 0.0,
                              "Total Cost": 124602.43,
                              "Plan Rows": 1200243,
                              "Plan Width": 29,
                              "Output": [
                                "lineitem.l_orderkey",
                                "lineitem.l_partkey",
                                "lineitem.l_suppkey",
                                "lineitem.l_linenumber",
                                "lineitem.l_quantity",
                                "lineitem.l_extendedprice",
                                "lineitem.l_discount",
                                "lineitem.l_tax",
                                "lineitem.l_returnflag",
                                "lineitem.l_linestatus",
                                "lineitem.l_shipdate",
                                "lineitem.l_commitdate",
                                "lineitem.l_receiptdate",
                                "lineitem.l_shipinstruct",
                                "lineitem.l_shipmode",
                                "lineitem.l_comment"
                              ]
                            },
                            {
                              "Node Type": "Hash",
                              "Parent Relationship": "Inner",
                              "Parallel Aware": true,
                              "Async Capable": false,
                              "Startup Cost": 13779.41,
                              "Total Cost": 13779.41,
                              "Plan Rows": 14028,
                              "Plan Width": 126,
                              "Output": [
                                "part.p_partkey",
                                "partsupp.ps_supplycost",
                                "partsupp.ps_suppkey",
                                "partsupp.ps_partkey",
                                "supplier.s_suppkey",
                                "nation.n_name"
                              ],
                              "Plans": [
                                {
                                  "Node Type": "Hash Join",
                                  "Parent Relationship": "Outer",
                                  "Parallel Aware": false,
                                  "Async Capable": false,
                                  "Join Type": "Inner",
                                  "Startup Cost": 449.99,
                                  "Total Cost": 13779.41,
                                  "Plan Rows": 14028,
                                  "Plan Width": 126,
                                  "Output": [
                                    "part.p_partkey",
                                    "partsupp.ps_supplycost",
                                    "partsupp.ps_suppkey",
                                    "partsupp.ps_partkey",
                                    "supplier.s_suppkey",
                                    "nation.n_name"
                                  ],
                                  "Inner Unique": true,
                                  "Hash Cond": "(supplier.s_nationkey = nation.n_nationkey)",
                                  "Plans": [
                                    {
                                      "Node Type": "Hash Join",
                                      "Parent Relationship": "Outer",
                                      "Parallel Aware": false,
                                      "Async Capable": false,
                                      "Join Type": "Inner",
                                      "Startup Cost": 448.43,
                                      "Total Cost": 13734.78,
                                      "Plan Rows": 14028,
                                      "Plan Width": 26,
                                      "Output": [
                                        "part.p_partkey",
                                        "partsupp.ps_supplycost",
                                        "partsupp.ps_suppkey",
                                        "partsupp.ps_partkey",
                                        "supplier.s_suppkey",
                                        "supplier.s_nationkey"
                                      ],
                                      "Inner Unique": true,
                                      "Hash Cond": "(partsupp.ps_suppkey = supplier.s_suppkey)",
                                      "Plans": [
                                        {
                                          "Node Type": "Nested Loop",
                                          "Parent Relationship": "Outer",
                                          "Parallel Aware": false,
                                          "Async Capable": false,
                                          "Join Type": "Inner",
                                          "Startup Cost": 0.42,
                                          "Total Cost": 13249.94,
                                          "Plan Rows": 14028,
                                          "Plan Width": 18,
                                          "Output": [
                                            "part.p_partkey",
                                            "partsupp.ps_supplycost",
                                            "partsupp.ps_suppkey",
                                            "partsupp.ps_partkey"
                                          ],
                                          "Inner Unique": false,
                                          "Plans": [
                                            {
                                              "Node Type": "Seq Scan",
                                              "Parent Relationship": "Outer",
                                              "Parallel Aware": true,
                                              "Async Capable": false,
                                              "Relation Name": "part",
                                              "Schema": "public",
                                              "Alias": "part",
                                              "Startup Cost": 0.0,
                                              "Total Cost": 5169.67,
                                              "Plan Rows": 3507,
                                              "Plan Width": 4,
                                              "Output": [
                                                "part.p_partkey",
                                                "part.p_name",
                                                "part.p_mfgr",
                                                "part.p_brand",
                                                "part.p_type",
                                                "part.p_size",
                                                "part.p_container",
                                                "part.p_retailprice",
                                                "part.p_comment"
                                              ],
                                              "Filter": "((part.p_name)::text ~~ '%wheat%'::text)"
                                            },
                                            {
                                              "Node Type": "Index Scan",
                                              "Parent Relationship": "Inner",
                                              "Parallel Aware": false,
                                              "Async Capable": false,
                                              "Scan Direction": "Forward",
                                              "Index Name": "partsupp_pkey",
                                              "Relation Name": "partsupp",
                                              "Schema": "public",
                                              "Alias": "partsupp",
                                              "Startup Cost": 0.42,
                                              "Total Cost": 2.26,
                                              "Plan Rows": 4,
                                              "Plan Width": 14,
                                              "Output": [
                                                "partsupp.ps_partkey",
                                                "partsupp.ps_suppkey",
                                                "partsupp.ps_availqty",
                                                "partsupp.ps_supplycost",
                                                "partsupp.ps_comment"
                                              ],
                                              "Index Cond": "(partsupp.ps_partkey = part.p_partkey)"
                                            }
                                          ]
                                        },
                                        {
                                          "Node Type": "Hash",
                                          "Parent Relationship": "Inner",
                                          "Parallel Aware": false,
                                          "Async Capable": false,
                                          "Startup Cost": 323.0,
                                          "Total Cost": 323.0,
                                          "Plan Rows": 10000,
                                          "Plan Width": 8,
                                          "Output": [
                                            "supplier.s_suppkey",
                                            "supplier.s_nationkey"
                                          ],
                                          "Plans": [
                                            {
                                              "Node Type": "Seq Scan",
                                              "Parent Relationship": "Outer",
                                              "Parallel Aware": false,
                                              "Async Capable": false,
                                              "Relation Name": "supplier",
                                              "Schema": "public",
                                              "Alias": "supplier",
                                              "Startup Cost": 0.0,
                                              "Total Cost": 323.0,
                                              "Plan Rows": 10000,
                                              "Plan Width": 8,
                                              "Output": [
                                                "supplier.s_suppkey",
                                                "supplier.s_nationkey"
                                              ]
                                            }
                                          ]
                                        }
                                      ]
                                    },
                                    {
                                      "Node Type": "Hash",
                                      "Parent Relationship": "Inner",
                                      "Parallel Aware": false,
                                      "Async Capable": false,
                                      "Startup Cost": 1.25,
                                      "Total Cost": 1.25,
                                      "Plan Rows": 25,
                                      "Plan Width": 108,
                                      "Output": [
                                        "nation.n_name",
                                        "nation.n_nationkey"
                                      ],
                                      "Plans": [
                                        {
                                          "Node Type": "Seq Scan",
                                          "Parent Relationship": "Outer",
                                          "Parallel Aware": false,
                                          "Async Capable": false,
                                          "Relation Name": "nation",
                                          "Schema": "public",
                                          "Alias": "nation",
                                          "Startup Cost": 0.0,
                                          "Total Cost": 1.25,
                                          "Plan Rows": 25,
                                          "Plan Width": 108,
                                          "Output": [
                                            "nation.n_name",
                                            "nation.n_nationkey"
                                          ]
                                        }
                                      ]
                                    }
                                  ]
                                }
                              ]
                            }
                          ]
                        },
                        {
                          "Node Type": "Index Scan",
                          "Parent Relationship": "Inner",
                          "Parallel Aware": false,
                          "Async Capable": false,
                          "Scan Direction": "Forward",
                          "Index Name": "orders_pkey",
                          "Relation Name": "orders",
                          "Schema": "public",
                          "Alias": "orders",
                          "Startup Cost": 0.43,
                          "Total Cost": 0.45,
                          "Plan Rows": 1,
                          "Plan Width": 8,
                          "Output": [
                            "orders.o_orderkey",
                            "orders.o_custkey",
                            "orders.o_orderstatus",
                            "orders.o_totalprice",
                            "orders.o_orderdate",
                            "orders.o_orderpriority",
                            "orders.o_clerk",
                            "orders.o_shippriority",
                            "orders.o_comment"
                          ],
                          "Index Cond": "(orders.o_orderkey = lineitem.l_orderkey)"
                        }
                      ]
                    }
                  ]
                }
              ]
            }
          ]
        }
      ]
    },
    "JIT": {
      "Functions": 43,
      "Options": {
        "Inlining": false,
        "Optimization": false,
        "Expressions": true,
        "Deforming": true
      }
    }
  }
]
```

---

## 136. Q9_87_seed_705546666.sql

**File Path:** `/Users/brunowinter2000/Documents/Thesis/2025_2026/Plan-Level/Generated_Queries/Q9/Q9_87_seed_705546666.sql`

### EXPLAIN JSON

```json
[
  {
    "Plan": {
      "Node Type": "Sort",
      "Parallel Aware": false,
      "Async Capable": false,
      "Startup Cost": 209315.24,
      "Total Cost": 209465.61,
      "Plan Rows": 60150,
      "Plan Width": 168,
      "Output": [
        "nation.n_name",
        "(EXTRACT(year FROM orders.o_orderdate))",
        "(sum(((lineitem.l_extendedprice * ('1'::numeric - lineitem.l_discount)) - (partsupp.ps_supplycost * lineitem.l_quantity))))"
      ],
      "Sort Key": [
        "nation.n_name",
        "(EXTRACT(year FROM orders.o_orderdate)) DESC"
      ],
      "Plans": [
        {
          "Node Type": "Aggregate",
          "Strategy": "Hashed",
          "Partial Mode": "Finalize",
          "Parent Relationship": "Outer",
          "Parallel Aware": false,
          "Async Capable": false,
          "Startup Cost": 203638.2,
          "Total Cost": 204540.45,
          "Plan Rows": 60150,
          "Plan Width": 168,
          "Output": [
            "nation.n_name",
            "(EXTRACT(year FROM orders.o_orderdate))",
            "sum(((lineitem.l_extendedprice * ('1'::numeric - lineitem.l_discount)) - (partsupp.ps_supplycost * lineitem.l_quantity)))"
          ],
          "Group Key": [
            "nation.n_name",
            "(EXTRACT(year FROM orders.o_orderdate))"
          ],
          "Planned Partitions": 0,
          "Plans": [
            {
              "Node Type": "Gather",
              "Parent Relationship": "Outer",
              "Parallel Aware": false,
              "Async Capable": false,
              "Startup Cost": 173738.96,
              "Total Cost": 200992.25,
              "Plan Rows": 264595,
              "Plan Width": 168,
              "Output": [
                "nation.n_name",
                "(EXTRACT(year FROM orders.o_orderdate))",
                "(PARTIAL sum(((lineitem.l_extendedprice * ('1'::numeric - lineitem.l_discount)) - (partsupp.ps_supplycost * lineitem.l_quantity))))"
              ],
              "Workers Planned": 5,
              "Single Copy": false,
              "Plans": [
                {
                  "Node Type": "Aggregate",
                  "Strategy": "Hashed",
                  "Partial Mode": "Partial",
                  "Parent Relationship": "Outer",
                  "Parallel Aware": false,
                  "Async Capable": false,
                  "Startup Cost": 172738.96,
                  "Total Cost": 173532.75,
                  "Plan Rows": 52919,
                  "Plan Width": 168,
                  "Output": [
                    "nation.n_name",
                    "(EXTRACT(year FROM orders.o_orderdate))",
                    "PARTIAL sum(((lineitem.l_extendedprice * ('1'::numeric - lineitem.l_discount)) - (partsupp.ps_supplycost * lineitem.l_quantity)))"
                  ],
                  "Group Key": [
                    "nation.n_name",
                    "EXTRACT(year FROM orders.o_orderdate)"
                  ],
                  "Planned Partitions": 0,
                  "Plans": [
                    {
                      "Node Type": "Nested Loop",
                      "Parent Relationship": "Outer",
                      "Parallel Aware": false,
                      "Async Capable": false,
                      "Join Type": "Inner",
                      "Startup Cost": 14234.27,
                      "Total Cost": 171812.88,
                      "Plan Rows": 52919,
                      "Plan Width": 159,
                      "Output": [
                        "nation.n_name",
                        "EXTRACT(year FROM orders.o_orderdate)",
                        "lineitem.l_extendedprice",
                        "lineitem.l_discount",
                        "partsupp.ps_supplycost",
                        "lineitem.l_quantity"
                      ],
                      "Inner Unique": true,
                      "Plans": [
                        {
                          "Node Type": "Hash Join",
                          "Parent Relationship": "Outer",
                          "Parallel Aware": true,
                          "Async Capable": false,
                          "Join Type": "Inner",
                          "Startup Cost": 14233.85,
                          "Total Cost": 147838.19,
                          "Plan Rows": 52919,
                          "Plan Width": 131,
                          "Output": [
                            "lineitem.l_extendedprice",
                            "lineitem.l_discount",
                            "lineitem.l_quantity",
                            "lineitem.l_orderkey",
                            "partsupp.ps_supplycost",
                            "nation.n_name"
                          ],
                          "Inner Unique": false,
                          "Hash Cond": "((lineitem.l_suppkey = supplier.s_suppkey) AND (lineitem.l_partkey = partsupp.ps_partkey))",
                          "Plans": [
                            {
                              "Node Type": "Seq Scan",
                              "Parent Relationship": "Outer",
                              "Parallel Aware": true,
                              "Async Capable": false,
                              "Relation Name": "lineitem",
                              "Schema": "public",
                              "Alias": "lineitem",
                              "Startup Cost": 0.0,
                              "Total Cost": 124602.43,
                              "Plan Rows": 1200243,
                              "Plan Width": 29,
                              "Output": [
                                "lineitem.l_orderkey",
                                "lineitem.l_partkey",
                                "lineitem.l_suppkey",
                                "lineitem.l_linenumber",
                                "lineitem.l_quantity",
                                "lineitem.l_extendedprice",
                                "lineitem.l_discount",
                                "lineitem.l_tax",
                                "lineitem.l_returnflag",
                                "lineitem.l_linestatus",
                                "lineitem.l_shipdate",
                                "lineitem.l_commitdate",
                                "lineitem.l_receiptdate",
                                "lineitem.l_shipinstruct",
                                "lineitem.l_shipmode",
                                "lineitem.l_comment"
                              ]
                            },
                            {
                              "Node Type": "Hash",
                              "Parent Relationship": "Inner",
                              "Parallel Aware": true,
                              "Async Capable": false,
                              "Startup Cost": 14013.39,
                              "Total Cost": 14013.39,
                              "Plan Rows": 14697,
                              "Plan Width": 126,
                              "Output": [
                                "part.p_partkey",
                                "partsupp.ps_supplycost",
                                "partsupp.ps_suppkey",
                                "partsupp.ps_partkey",
                                "supplier.s_suppkey",
                                "nation.n_name"
                              ],
                              "Plans": [
                                {
                                  "Node Type": "Hash Join",
                                  "Parent Relationship": "Outer",
                                  "Parallel Aware": false,
                                  "Async Capable": false,
                                  "Join Type": "Inner",
                                  "Startup Cost": 449.99,
                                  "Total Cost": 14013.39,
                                  "Plan Rows": 14697,
                                  "Plan Width": 126,
                                  "Output": [
                                    "part.p_partkey",
                                    "partsupp.ps_supplycost",
                                    "partsupp.ps_suppkey",
                                    "partsupp.ps_partkey",
                                    "supplier.s_suppkey",
                                    "nation.n_name"
                                  ],
                                  "Inner Unique": true,
                                  "Hash Cond": "(supplier.s_nationkey = nation.n_nationkey)",
                                  "Plans": [
                                    {
                                      "Node Type": "Hash Join",
                                      "Parent Relationship": "Outer",
                                      "Parallel Aware": false,
                                      "Async Capable": false,
                                      "Join Type": "Inner",
                                      "Startup Cost": 448.43,
                                      "Total Cost": 13966.71,
                                      "Plan Rows": 14697,
                                      "Plan Width": 26,
                                      "Output": [
                                        "part.p_partkey",
                                        "partsupp.ps_supplycost",
                                        "partsupp.ps_suppkey",
                                        "partsupp.ps_partkey",
                                        "supplier.s_suppkey",
                                        "supplier.s_nationkey"
                                      ],
                                      "Inner Unique": true,
                                      "Hash Cond": "(partsupp.ps_suppkey = supplier.s_suppkey)",
                                      "Plans": [
                                        {
                                          "Node Type": "Nested Loop",
                                          "Parent Relationship": "Outer",
                                          "Parallel Aware": false,
                                          "Async Capable": false,
                                          "Join Type": "Inner",
                                          "Startup Cost": 0.42,
                                          "Total Cost": 13480.12,
                                          "Plan Rows": 14697,
                                          "Plan Width": 18,
                                          "Output": [
                                            "part.p_partkey",
                                            "partsupp.ps_supplycost",
                                            "partsupp.ps_suppkey",
                                            "partsupp.ps_partkey"
                                          ],
                                          "Inner Unique": false,
                                          "Plans": [
                                            {
                                              "Node Type": "Seq Scan",
                                              "Parent Relationship": "Outer",
                                              "Parallel Aware": true,
                                              "Async Capable": false,
                                              "Relation Name": "part",
                                              "Schema": "public",
                                              "Alias": "part",
                                              "Startup Cost": 0.0,
                                              "Total Cost": 5169.67,
                                              "Plan Rows": 3674,
                                              "Plan Width": 4,
                                              "Output": [
                                                "part.p_partkey",
                                                "part.p_name",
                                                "part.p_mfgr",
                                                "part.p_brand",
                                                "part.p_type",
                                                "part.p_size",
                                                "part.p_container",
                                                "part.p_retailprice",
                                                "part.p_comment"
                                              ],
                                              "Filter": "((part.p_name)::text ~~ '%lawn%'::text)"
                                            },
                                            {
                                              "Node Type": "Index Scan",
                                              "Parent Relationship": "Inner",
                                              "Parallel Aware": false,
                                              "Async Capable": false,
                                              "Scan Direction": "Forward",
                                              "Index Name": "partsupp_pkey",
                                              "Relation Name": "partsupp",
                                              "Schema": "public",
                                              "Alias": "partsupp",
                                              "Startup Cost": 0.42,
                                              "Total Cost": 2.22,
                                              "Plan Rows": 4,
                                              "Plan Width": 14,
                                              "Output": [
                                                "partsupp.ps_partkey",
                                                "partsupp.ps_suppkey",
                                                "partsupp.ps_availqty",
                                                "partsupp.ps_supplycost",
                                                "partsupp.ps_comment"
                                              ],
                                              "Index Cond": "(partsupp.ps_partkey = part.p_partkey)"
                                            }
                                          ]
                                        },
                                        {
                                          "Node Type": "Hash",
                                          "Parent Relationship": "Inner",
                                          "Parallel Aware": false,
                                          "Async Capable": false,
                                          "Startup Cost": 323.0,
                                          "Total Cost": 323.0,
                                          "Plan Rows": 10000,
                                          "Plan Width": 8,
                                          "Output": [
                                            "supplier.s_suppkey",
                                            "supplier.s_nationkey"
                                          ],
                                          "Plans": [
                                            {
                                              "Node Type": "Seq Scan",
                                              "Parent Relationship": "Outer",
                                              "Parallel Aware": false,
                                              "Async Capable": false,
                                              "Relation Name": "supplier",
                                              "Schema": "public",
                                              "Alias": "supplier",
                                              "Startup Cost": 0.0,
                                              "Total Cost": 323.0,
                                              "Plan Rows": 10000,
                                              "Plan Width": 8,
                                              "Output": [
                                                "supplier.s_suppkey",
                                                "supplier.s_nationkey"
                                              ]
                                            }
                                          ]
                                        }
                                      ]
                                    },
                                    {
                                      "Node Type": "Hash",
                                      "Parent Relationship": "Inner",
                                      "Parallel Aware": false,
                                      "Async Capable": false,
                                      "Startup Cost": 1.25,
                                      "Total Cost": 1.25,
                                      "Plan Rows": 25,
                                      "Plan Width": 108,
                                      "Output": [
                                        "nation.n_name",
                                        "nation.n_nationkey"
                                      ],
                                      "Plans": [
                                        {
                                          "Node Type": "Seq Scan",
                                          "Parent Relationship": "Outer",
                                          "Parallel Aware": false,
                                          "Async Capable": false,
                                          "Relation Name": "nation",
                                          "Schema": "public",
                                          "Alias": "nation",
                                          "Startup Cost": 0.0,
                                          "Total Cost": 1.25,
                                          "Plan Rows": 25,
                                          "Plan Width": 108,
                                          "Output": [
                                            "nation.n_name",
                                            "nation.n_nationkey"
                                          ]
                                        }
                                      ]
                                    }
                                  ]
                                }
                              ]
                            }
                          ]
                        },
                        {
                          "Node Type": "Index Scan",
                          "Parent Relationship": "Inner",
                          "Parallel Aware": false,
                          "Async Capable": false,
                          "Scan Direction": "Forward",
                          "Index Name": "orders_pkey",
                          "Relation Name": "orders",
                          "Schema": "public",
                          "Alias": "orders",
                          "Startup Cost": 0.43,
                          "Total Cost": 0.45,
                          "Plan Rows": 1,
                          "Plan Width": 8,
                          "Output": [
                            "orders.o_orderkey",
                            "orders.o_custkey",
                            "orders.o_orderstatus",
                            "orders.o_totalprice",
                            "orders.o_orderdate",
                            "orders.o_orderpriority",
                            "orders.o_clerk",
                            "orders.o_shippriority",
                            "orders.o_comment"
                          ],
                          "Index Cond": "(orders.o_orderkey = lineitem.l_orderkey)"
                        }
                      ]
                    }
                  ]
                }
              ]
            }
          ]
        }
      ]
    },
    "JIT": {
      "Functions": 43,
      "Options": {
        "Inlining": false,
        "Optimization": false,
        "Expressions": true,
        "Deforming": true
      }
    }
  }
]
```

---

## 137. Q9_88_seed_713750697.sql

**File Path:** `/Users/brunowinter2000/Documents/Thesis/2025_2026/Plan-Level/Generated_Queries/Q9/Q9_88_seed_713750697.sql`

### EXPLAIN JSON

```json
[
  {
    "Plan": {
      "Node Type": "Sort",
      "Parallel Aware": false,
      "Async Capable": false,
      "Startup Cost": 213932.55,
      "Total Cost": 214082.93,
      "Plan Rows": 60150,
      "Plan Width": 168,
      "Output": [
        "nation.n_name",
        "(EXTRACT(year FROM orders.o_orderdate))",
        "(sum(((lineitem.l_extendedprice * ('1'::numeric - lineitem.l_discount)) - (partsupp.ps_supplycost * lineitem.l_quantity))))"
      ],
      "Sort Key": [
        "nation.n_name",
        "(EXTRACT(year FROM orders.o_orderdate)) DESC"
      ],
      "Plans": [
        {
          "Node Type": "Aggregate",
          "Strategy": "Hashed",
          "Partial Mode": "Finalize",
          "Parent Relationship": "Outer",
          "Parallel Aware": false,
          "Async Capable": false,
          "Startup Cost": 208255.51,
          "Total Cost": 209157.76,
          "Plan Rows": 60150,
          "Plan Width": 168,
          "Output": [
            "nation.n_name",
            "(EXTRACT(year FROM orders.o_orderdate))",
            "sum(((lineitem.l_extendedprice * ('1'::numeric - lineitem.l_discount)) - (partsupp.ps_supplycost * lineitem.l_quantity)))"
          ],
          "Group Key": [
            "nation.n_name",
            "(EXTRACT(year FROM orders.o_orderdate))"
          ],
          "Planned Partitions": 0,
          "Plans": [
            {
              "Node Type": "Gather",
              "Parent Relationship": "Outer",
              "Parallel Aware": false,
              "Async Capable": false,
              "Startup Cost": 187503.76,
              "Total Cost": 206451.01,
              "Plan Rows": 180450,
              "Plan Width": 168,
              "Output": [
                "nation.n_name",
                "(EXTRACT(year FROM orders.o_orderdate))",
                "(PARTIAL sum(((lineitem.l_extendedprice * ('1'::numeric - lineitem.l_discount)) - (partsupp.ps_supplycost * lineitem.l_quantity))))"
              ],
              "Workers Planned": 3,
              "Single Copy": false,
              "Plans": [
                {
                  "Node Type": "Aggregate",
                  "Strategy": "Hashed",
                  "Partial Mode": "Partial",
                  "Parent Relationship": "Outer",
                  "Parallel Aware": false,
                  "Async Capable": false,
                  "Startup Cost": 186503.76,
                  "Total Cost": 187406.01,
                  "Plan Rows": 60150,
                  "Plan Width": 168,
                  "Output": [
                    "nation.n_name",
                    "(EXTRACT(year FROM orders.o_orderdate))",
                    "PARTIAL sum(((lineitem.l_extendedprice * ('1'::numeric - lineitem.l_discount)) - (partsupp.ps_supplycost * lineitem.l_quantity)))"
                  ],
                  "Group Key": [
                    "nation.n_name",
                    "EXTRACT(year FROM orders.o_orderdate)"
                  ],
                  "Planned Partitions": 0,
                  "Plans": [
                    {
                      "Node Type": "Hash Join",
                      "Parent Relationship": "Outer",
                      "Parallel Aware": true,
                      "Async Capable": false,
                      "Join Type": "Inner",
                      "Startup Cost": 150812.72,
                      "Total Cost": 184195.5,
                      "Plan Rows": 131901,
                      "Plan Width": 159,
                      "Output": [
                        "nation.n_name",
                        "EXTRACT(year FROM orders.o_orderdate)",
                        "lineitem.l_extendedprice",
                        "lineitem.l_discount",
                        "partsupp.ps_supplycost",
                        "lineitem.l_quantity"
                      ],
                      "Inner Unique": false,
                      "Hash Cond": "(orders.o_orderkey = lineitem.l_orderkey)",
                      "Plans": [
                        {
                          "Node Type": "Seq Scan",
                          "Parent Relationship": "Outer",
                          "Parallel Aware": true,
                          "Async Capable": false,
                          "Relation Name": "orders",
                          "Schema": "public",
                          "Alias": "orders",
                          "Startup Cost": 0.0,
                          "Total Cost": 30974.71,
                          "Plan Rows": 483871,
                          "Plan Width": 8,
                          "Output": [
                            "orders.o_orderkey",
                            "orders.o_custkey",
                            "orders.o_orderstatus",
                            "orders.o_totalprice",
                            "orders.o_orderdate",
                            "orders.o_orderpriority",
                            "orders.o_clerk",
                            "orders.o_shippriority",
                            "orders.o_comment"
                          ]
                        },
                        {
                          "Node Type": "Hash",
                          "Parent Relationship": "Inner",
                          "Parallel Aware": true,
                          "Async Capable": false,
                          "Startup Cost": 149790.48,
                          "Total Cost": 149790.48,
                          "Plan Rows": 81779,
                          "Plan Width": 131,
                          "Output": [
                            "lineitem.l_extendedprice",
                            "lineitem.l_discount",
                            "lineitem.l_quantity",
                            "lineitem.l_orderkey",
                            "partsupp.ps_supplycost",
                            "nation.n_name"
                          ],
                          "Plans": [
                            {
                              "Node Type": "Hash Join",
                              "Parent Relationship": "Outer",
                              "Parallel Aware": true,
                              "Async Capable": false,
                              "Join Type": "Inner",
                              "Startup Cost": 16186.09,
                              "Total Cost": 149790.48,
                              "Plan Rows": 81779,
                              "Plan Width": 131,
                              "Output": [
                                "lineitem.l_extendedprice",
                                "lineitem.l_discount",
                                "lineitem.l_quantity",
                                "lineitem.l_orderkey",
                                "partsupp.ps_supplycost",
                                "nation.n_name"
                              ],
                              "Inner Unique": false,
                              "Hash Cond": "((lineitem.l_suppkey = supplier.s_suppkey) AND (lineitem.l_partkey = partsupp.ps_partkey))",
                              "Plans": [
                                {
                                  "Node Type": "Seq Scan",
                                  "Parent Relationship": "Outer",
                                  "Parallel Aware": true,
                                  "Async Capable": false,
                                  "Relation Name": "lineitem",
                                  "Schema": "public",
                                  "Alias": "lineitem",
                                  "Startup Cost": 0.0,
                                  "Total Cost": 124602.43,
                                  "Plan Rows": 1200243,
                                  "Plan Width": 29,
                                  "Output": [
                                    "lineitem.l_orderkey",
                                    "lineitem.l_partkey",
                                    "lineitem.l_suppkey",
                                    "lineitem.l_linenumber",
                                    "lineitem.l_quantity",
                                    "lineitem.l_extendedprice",
                                    "lineitem.l_discount",
                                    "lineitem.l_tax",
                                    "lineitem.l_returnflag",
                                    "lineitem.l_linestatus",
                                    "lineitem.l_shipdate",
                                    "lineitem.l_commitdate",
                                    "lineitem.l_receiptdate",
                                    "lineitem.l_shipinstruct",
                                    "lineitem.l_shipmode",
                                    "lineitem.l_comment"
                                  ]
                                },
                                {
                                  "Node Type": "Hash",
                                  "Parent Relationship": "Inner",
                                  "Parallel Aware": true,
                                  "Async Capable": false,
                                  "Startup Cost": 15845.41,
                                  "Total Cost": 15845.41,
                                  "Plan Rows": 22712,
                                  "Plan Width": 126,
                                  "Output": [
                                    "part.p_partkey",
                                    "partsupp.ps_supplycost",
                                    "partsupp.ps_suppkey",
                                    "partsupp.ps_partkey",
                                    "supplier.s_suppkey",
                                    "nation.n_name"
                                  ],
                                  "Plans": [
                                    {
                                      "Node Type": "Hash Join",
                                      "Parent Relationship": "Outer",
                                      "Parallel Aware": false,
                                      "Async Capable": false,
                                      "Join Type": "Inner",
                                      "Startup Cost": 449.99,
                                      "Total Cost": 15845.41,
                                      "Plan Rows": 22712,
                                      "Plan Width": 126,
                                      "Output": [
                                        "part.p_partkey",
                                        "partsupp.ps_supplycost",
                                        "partsupp.ps_suppkey",
                                        "partsupp.ps_partkey",
                                        "supplier.s_suppkey",
                                        "nation.n_name"
                                      ],
                                      "Inner Unique": true,
                                      "Hash Cond": "(supplier.s_nationkey = nation.n_nationkey)",
                                      "Plans": [
                                        {
                                          "Node Type": "Hash Join",
                                          "Parent Relationship": "Outer",
                                          "Parallel Aware": false,
                                          "Async Capable": false,
                                          "Join Type": "Inner",
                                          "Startup Cost": 448.43,
                                          "Total Cost": 15774.12,
                                          "Plan Rows": 22712,
                                          "Plan Width": 26,
                                          "Output": [
                                            "part.p_partkey",
                                            "partsupp.ps_supplycost",
                                            "partsupp.ps_suppkey",
                                            "partsupp.ps_partkey",
                                            "supplier.s_suppkey",
                                            "supplier.s_nationkey"
                                          ],
                                          "Inner Unique": true,
                                          "Hash Cond": "(partsupp.ps_suppkey = supplier.s_suppkey)",
                                          "Plans": [
                                            {
                                              "Node Type": "Nested Loop",
                                              "Parent Relationship": "Outer",
                                              "Parallel Aware": false,
                                              "Async Capable": false,
                                              "Join Type": "Inner",
                                              "Startup Cost": 0.42,
                                              "Total Cost": 15266.48,
                                              "Plan Rows": 22712,
                                              "Plan Width": 18,
                                              "Output": [
                                                "part.p_partkey",
                                                "partsupp.ps_supplycost",
                                                "partsupp.ps_suppkey",
                                                "partsupp.ps_partkey"
                                              ],
                                              "Inner Unique": false,
                                              "Plans": [
                                                {
                                                  "Node Type": "Seq Scan",
                                                  "Parent Relationship": "Outer",
                                                  "Parallel Aware": true,
                                                  "Async Capable": false,
                                                  "Relation Name": "part",
                                                  "Schema": "public",
                                                  "Alias": "part",
                                                  "Startup Cost": 0.0,
                                                  "Total Cost": 5169.67,
                                                  "Plan Rows": 5678,
                                                  "Plan Width": 4,
                                                  "Output": [
                                                    "part.p_partkey",
                                                    "part.p_name",
                                                    "part.p_mfgr",
                                                    "part.p_brand",
                                                    "part.p_type",
                                                    "part.p_size",
                                                    "part.p_container",
                                                    "part.p_retailprice",
                                                    "part.p_comment"
                                                  ],
                                                  "Filter": "((part.p_name)::text ~~ '%violet%'::text)"
                                                },
                                                {
                                                  "Node Type": "Index Scan",
                                                  "Parent Relationship": "Inner",
                                                  "Parallel Aware": false,
                                                  "Async Capable": false,
                                                  "Scan Direction": "Forward",
                                                  "Index Name": "partsupp_pkey",
                                                  "Relation Name": "partsupp",
                                                  "Schema": "public",
                                                  "Alias": "partsupp",
                                                  "Startup Cost": 0.42,
                                                  "Total Cost": 1.74,
                                                  "Plan Rows": 4,
                                                  "Plan Width": 14,
                                                  "Output": [
                                                    "partsupp.ps_partkey",
                                                    "partsupp.ps_suppkey",
                                                    "partsupp.ps_availqty",
                                                    "partsupp.ps_supplycost",
                                                    "partsupp.ps_comment"
                                                  ],
                                                  "Index Cond": "(partsupp.ps_partkey = part.p_partkey)"
                                                }
                                              ]
                                            },
                                            {
                                              "Node Type": "Hash",
                                              "Parent Relationship": "Inner",
                                              "Parallel Aware": false,
                                              "Async Capable": false,
                                              "Startup Cost": 323.0,
                                              "Total Cost": 323.0,
                                              "Plan Rows": 10000,
                                              "Plan Width": 8,
                                              "Output": [
                                                "supplier.s_suppkey",
                                                "supplier.s_nationkey"
                                              ],
                                              "Plans": [
                                                {
                                                  "Node Type": "Seq Scan",
                                                  "Parent Relationship": "Outer",
                                                  "Parallel Aware": false,
                                                  "Async Capable": false,
                                                  "Relation Name": "supplier",
                                                  "Schema": "public",
                                                  "Alias": "supplier",
                                                  "Startup Cost": 0.0,
                                                  "Total Cost": 323.0,
                                                  "Plan Rows": 10000,
                                                  "Plan Width": 8,
                                                  "Output": [
                                                    "supplier.s_suppkey",
                                                    "supplier.s_nationkey"
                                                  ]
                                                }
                                              ]
                                            }
                                          ]
                                        },
                                        {
                                          "Node Type": "Hash",
                                          "Parent Relationship": "Inner",
                                          "Parallel Aware": false,
                                          "Async Capable": false,
                                          "Startup Cost": 1.25,
                                          "Total Cost": 1.25,
                                          "Plan Rows": 25,
                                          "Plan Width": 108,
                                          "Output": [
                                            "nation.n_name",
                                            "nation.n_nationkey"
                                          ],
                                          "Plans": [
                                            {
                                              "Node Type": "Seq Scan",
                                              "Parent Relationship": "Outer",
                                              "Parallel Aware": false,
                                              "Async Capable": false,
                                              "Relation Name": "nation",
                                              "Schema": "public",
                                              "Alias": "nation",
                                              "Startup Cost": 0.0,
                                              "Total Cost": 1.25,
                                              "Plan Rows": 25,
                                              "Plan Width": 108,
                                              "Output": [
                                                "nation.n_name",
                                                "nation.n_nationkey"
                                              ]
                                            }
                                          ]
                                        }
                                      ]
                                    }
                                  ]
                                }
                              ]
                            }
                          ]
                        }
                      ]
                    }
                  ]
                }
              ]
            }
          ]
        }
      ]
    },
    "JIT": {
      "Functions": 48,
      "Options": {
        "Inlining": false,
        "Optimization": false,
        "Expressions": true,
        "Deforming": true
      }
    }
  }
]
```

---

## 138. Q9_89_seed_721954728.sql

**File Path:** `/Users/brunowinter2000/Documents/Thesis/2025_2026/Plan-Level/Generated_Queries/Q9/Q9_89_seed_721954728.sql`

### EXPLAIN JSON

```json
[
  {
    "Plan": {
      "Node Type": "Sort",
      "Parallel Aware": false,
      "Async Capable": false,
      "Startup Cost": 219890.98,
      "Total Cost": 220041.36,
      "Plan Rows": 60150,
      "Plan Width": 168,
      "Output": [
        "nation.n_name",
        "(EXTRACT(year FROM orders.o_orderdate))",
        "(sum(((lineitem.l_extendedprice * ('1'::numeric - lineitem.l_discount)) - (partsupp.ps_supplycost * lineitem.l_quantity))))"
      ],
      "Sort Key": [
        "nation.n_name",
        "(EXTRACT(year FROM orders.o_orderdate)) DESC"
      ],
      "Plans": [
        {
          "Node Type": "Aggregate",
          "Strategy": "Hashed",
          "Partial Mode": "Finalize",
          "Parent Relationship": "Outer",
          "Parallel Aware": false,
          "Async Capable": false,
          "Startup Cost": 214213.94,
          "Total Cost": 215116.19,
          "Plan Rows": 60150,
          "Plan Width": 168,
          "Output": [
            "nation.n_name",
            "(EXTRACT(year FROM orders.o_orderdate))",
            "sum(((lineitem.l_extendedprice * ('1'::numeric - lineitem.l_discount)) - (partsupp.ps_supplycost * lineitem.l_quantity)))"
          ],
          "Group Key": [
            "nation.n_name",
            "(EXTRACT(year FROM orders.o_orderdate))"
          ],
          "Planned Partitions": 0,
          "Plans": [
            {
              "Node Type": "Gather",
              "Parent Relationship": "Outer",
              "Parallel Aware": false,
              "Async Capable": false,
              "Startup Cost": 180229.19,
              "Total Cost": 211206.44,
              "Plan Rows": 300750,
              "Plan Width": 168,
              "Output": [
                "nation.n_name",
                "(EXTRACT(year FROM orders.o_orderdate))",
                "(PARTIAL sum(((lineitem.l_extendedprice * ('1'::numeric - lineitem.l_discount)) - (partsupp.ps_supplycost * lineitem.l_quantity))))"
              ],
              "Workers Planned": 5,
              "Single Copy": false,
              "Plans": [
                {
                  "Node Type": "Aggregate",
                  "Strategy": "Hashed",
                  "Partial Mode": "Partial",
                  "Parent Relationship": "Outer",
                  "Parallel Aware": false,
                  "Async Capable": false,
                  "Startup Cost": 179229.19,
                  "Total Cost": 180131.44,
                  "Plan Rows": 60150,
                  "Plan Width": 168,
                  "Output": [
                    "nation.n_name",
                    "(EXTRACT(year FROM orders.o_orderdate))",
                    "PARTIAL sum(((lineitem.l_extendedprice * ('1'::numeric - lineitem.l_discount)) - (partsupp.ps_supplycost * lineitem.l_quantity)))"
                  ],
                  "Group Key": [
                    "nation.n_name",
                    "EXTRACT(year FROM orders.o_orderdate)"
                  ],
                  "Planned Partitions": 0,
                  "Plans": [
                    {
                      "Node Type": "Nested Loop",
                      "Parent Relationship": "Outer",
                      "Parallel Aware": false,
                      "Async Capable": false,
                      "Join Type": "Inner",
                      "Startup Cost": 15065.71,
                      "Total Cost": 178092.65,
                      "Plan Rows": 64945,
                      "Plan Width": 159,
                      "Output": [
                        "nation.n_name",
                        "EXTRACT(year FROM orders.o_orderdate)",
                        "lineitem.l_extendedprice",
                        "lineitem.l_discount",
                        "partsupp.ps_supplycost",
                        "lineitem.l_quantity"
                      ],
                      "Inner Unique": true,
                      "Plans": [
                        {
                          "Node Type": "Hash Join",
                          "Parent Relationship": "Outer",
                          "Parallel Aware": true,
                          "Async Capable": false,
                          "Join Type": "Inner",
                          "Startup Cost": 15065.28,
                          "Total Cost": 148669.64,
                          "Plan Rows": 64945,
                          "Plan Width": 131,
                          "Output": [
                            "lineitem.l_extendedprice",
                            "lineitem.l_discount",
                            "lineitem.l_quantity",
                            "lineitem.l_orderkey",
                            "partsupp.ps_supplycost",
                            "nation.n_name"
                          ],
                          "Inner Unique": false,
                          "Hash Cond": "((lineitem.l_suppkey = supplier.s_suppkey) AND (lineitem.l_partkey = partsupp.ps_partkey))",
                          "Plans": [
                            {
                              "Node Type": "Seq Scan",
                              "Parent Relationship": "Outer",
                              "Parallel Aware": true,
                              "Async Capable": false,
                              "Relation Name": "lineitem",
                              "Schema": "public",
                              "Alias": "lineitem",
                              "Startup Cost": 0.0,
                              "Total Cost": 124602.43,
                              "Plan Rows": 1200243,
                              "Plan Width": 29,
                              "Output": [
                                "lineitem.l_orderkey",
                                "lineitem.l_partkey",
                                "lineitem.l_suppkey",
                                "lineitem.l_linenumber",
                                "lineitem.l_quantity",
                                "lineitem.l_extendedprice",
                                "lineitem.l_discount",
                                "lineitem.l_tax",
                                "lineitem.l_returnflag",
                                "lineitem.l_linestatus",
                                "lineitem.l_shipdate",
                                "lineitem.l_commitdate",
                                "lineitem.l_receiptdate",
                                "lineitem.l_shipinstruct",
                                "lineitem.l_shipmode",
                                "lineitem.l_comment"
                              ]
                            },
                            {
                              "Node Type": "Hash",
                              "Parent Relationship": "Inner",
                              "Parallel Aware": true,
                              "Async Capable": false,
                              "Startup Cost": 14794.72,
                              "Total Cost": 14794.72,
                              "Plan Rows": 18037,
                              "Plan Width": 126,
                              "Output": [
                                "part.p_partkey",
                                "partsupp.ps_supplycost",
                                "partsupp.ps_suppkey",
                                "partsupp.ps_partkey",
                                "supplier.s_suppkey",
                                "nation.n_name"
                              ],
                              "Plans": [
                                {
                                  "Node Type": "Hash Join",
                                  "Parent Relationship": "Outer",
                                  "Parallel Aware": false,
                                  "Async Capable": false,
                                  "Join Type": "Inner",
                                  "Startup Cost": 449.99,
                                  "Total Cost": 14794.72,
                                  "Plan Rows": 18037,
                                  "Plan Width": 126,
                                  "Output": [
                                    "part.p_partkey",
                                    "partsupp.ps_supplycost",
                                    "partsupp.ps_suppkey",
                                    "partsupp.ps_partkey",
                                    "supplier.s_suppkey",
                                    "nation.n_name"
                                  ],
                                  "Inner Unique": true,
                                  "Hash Cond": "(supplier.s_nationkey = nation.n_nationkey)",
                                  "Plans": [
                                    {
                                      "Node Type": "Hash Join",
                                      "Parent Relationship": "Outer",
                                      "Parallel Aware": false,
                                      "Async Capable": false,
                                      "Join Type": "Inner",
                                      "Startup Cost": 448.43,
                                      "Total Cost": 14737.79,
                                      "Plan Rows": 18037,
                                      "Plan Width": 26,
                                      "Output": [
                                        "part.p_partkey",
                                        "partsupp.ps_supplycost",
                                        "partsupp.ps_suppkey",
                                        "partsupp.ps_partkey",
                                        "supplier.s_suppkey",
                                        "supplier.s_nationkey"
                                      ],
                                      "Inner Unique": true,
                                      "Hash Cond": "(partsupp.ps_suppkey = supplier.s_suppkey)",
                                      "Plans": [
                                        {
                                          "Node Type": "Nested Loop",
                                          "Parent Relationship": "Outer",
                                          "Parallel Aware": false,
                                          "Async Capable": false,
                                          "Join Type": "Inner",
                                          "Startup Cost": 0.42,
                                          "Total Cost": 14242.42,
                                          "Plan Rows": 18037,
                                          "Plan Width": 18,
                                          "Output": [
                                            "part.p_partkey",
                                            "partsupp.ps_supplycost",
                                            "partsupp.ps_suppkey",
                                            "partsupp.ps_partkey"
                                          ],
                                          "Inner Unique": false,
                                          "Plans": [
                                            {
                                              "Node Type": "Seq Scan",
                                              "Parent Relationship": "Outer",
                                              "Parallel Aware": true,
                                              "Async Capable": false,
                                              "Relation Name": "part",
                                              "Schema": "public",
                                              "Alias": "part",
                                              "Startup Cost": 0.0,
                                              "Total Cost": 5169.67,
                                              "Plan Rows": 4509,
                                              "Plan Width": 4,
                                              "Output": [
                                                "part.p_partkey",
                                                "part.p_name",
                                                "part.p_mfgr",
                                                "part.p_brand",
                                                "part.p_type",
                                                "part.p_size",
                                                "part.p_container",
                                                "part.p_retailprice",
                                                "part.p_comment"
                                              ],
                                              "Filter": "((part.p_name)::text ~~ '%lavender%'::text)"
                                            },
                                            {
                                              "Node Type": "Index Scan",
                                              "Parent Relationship": "Inner",
                                              "Parallel Aware": false,
                                              "Async Capable": false,
                                              "Scan Direction": "Forward",
                                              "Index Name": "partsupp_pkey",
                                              "Relation Name": "partsupp",
                                              "Schema": "public",
                                              "Alias": "partsupp",
                                              "Startup Cost": 0.42,
                                              "Total Cost": 1.97,
                                              "Plan Rows": 4,
                                              "Plan Width": 14,
                                              "Output": [
                                                "partsupp.ps_partkey",
                                                "partsupp.ps_suppkey",
                                                "partsupp.ps_availqty",
                                                "partsupp.ps_supplycost",
                                                "partsupp.ps_comment"
                                              ],
                                              "Index Cond": "(partsupp.ps_partkey = part.p_partkey)"
                                            }
                                          ]
                                        },
                                        {
                                          "Node Type": "Hash",
                                          "Parent Relationship": "Inner",
                                          "Parallel Aware": false,
                                          "Async Capable": false,
                                          "Startup Cost": 323.0,
                                          "Total Cost": 323.0,
                                          "Plan Rows": 10000,
                                          "Plan Width": 8,
                                          "Output": [
                                            "supplier.s_suppkey",
                                            "supplier.s_nationkey"
                                          ],
                                          "Plans": [
                                            {
                                              "Node Type": "Seq Scan",
                                              "Parent Relationship": "Outer",
                                              "Parallel Aware": false,
                                              "Async Capable": false,
                                              "Relation Name": "supplier",
                                              "Schema": "public",
                                              "Alias": "supplier",
                                              "Startup Cost": 0.0,
                                              "Total Cost": 323.0,
                                              "Plan Rows": 10000,
                                              "Plan Width": 8,
                                              "Output": [
                                                "supplier.s_suppkey",
                                                "supplier.s_nationkey"
                                              ]
                                            }
                                          ]
                                        }
                                      ]
                                    },
                                    {
                                      "Node Type": "Hash",
                                      "Parent Relationship": "Inner",
                                      "Parallel Aware": false,
                                      "Async Capable": false,
                                      "Startup Cost": 1.25,
                                      "Total Cost": 1.25,
                                      "Plan Rows": 25,
                                      "Plan Width": 108,
                                      "Output": [
                                        "nation.n_name",
                                        "nation.n_nationkey"
                                      ],
                                      "Plans": [
                                        {
                                          "Node Type": "Seq Scan",
                                          "Parent Relationship": "Outer",
                                          "Parallel Aware": false,
                                          "Async Capable": false,
                                          "Relation Name": "nation",
                                          "Schema": "public",
                                          "Alias": "nation",
                                          "Startup Cost": 0.0,
                                          "Total Cost": 1.25,
                                          "Plan Rows": 25,
                                          "Plan Width": 108,
                                          "Output": [
                                            "nation.n_name",
                                            "nation.n_nationkey"
                                          ]
                                        }
                                      ]
                                    }
                                  ]
                                }
                              ]
                            }
                          ]
                        },
                        {
                          "Node Type": "Index Scan",
                          "Parent Relationship": "Inner",
                          "Parallel Aware": false,
                          "Async Capable": false,
                          "Scan Direction": "Forward",
                          "Index Name": "orders_pkey",
                          "Relation Name": "orders",
                          "Schema": "public",
                          "Alias": "orders",
                          "Startup Cost": 0.43,
                          "Total Cost": 0.45,
                          "Plan Rows": 1,
                          "Plan Width": 8,
                          "Output": [
                            "orders.o_orderkey",
                            "orders.o_custkey",
                            "orders.o_orderstatus",
                            "orders.o_totalprice",
                            "orders.o_orderdate",
                            "orders.o_orderpriority",
                            "orders.o_clerk",
                            "orders.o_shippriority",
                            "orders.o_comment"
                          ],
                          "Index Cond": "(orders.o_orderkey = lineitem.l_orderkey)"
                        }
                      ]
                    }
                  ]
                }
              ]
            }
          ]
        }
      ]
    },
    "JIT": {
      "Functions": 43,
      "Options": {
        "Inlining": false,
        "Optimization": false,
        "Expressions": true,
        "Deforming": true
      }
    }
  }
]
```

---

## 139. Q9_8_seed_57428217.sql

**File Path:** `/Users/brunowinter2000/Documents/Thesis/2025_2026/Plan-Level/Generated_Queries/Q9/Q9_8_seed_57428217.sql`

### EXPLAIN JSON

```json
[
  {
    "Plan": {
      "Node Type": "Sort",
      "Parallel Aware": false,
      "Async Capable": false,
      "Startup Cost": 219890.98,
      "Total Cost": 220041.36,
      "Plan Rows": 60150,
      "Plan Width": 168,
      "Output": [
        "nation.n_name",
        "(EXTRACT(year FROM orders.o_orderdate))",
        "(sum(((lineitem.l_extendedprice * ('1'::numeric - lineitem.l_discount)) - (partsupp.ps_supplycost * lineitem.l_quantity))))"
      ],
      "Sort Key": [
        "nation.n_name",
        "(EXTRACT(year FROM orders.o_orderdate)) DESC"
      ],
      "Plans": [
        {
          "Node Type": "Aggregate",
          "Strategy": "Hashed",
          "Partial Mode": "Finalize",
          "Parent Relationship": "Outer",
          "Parallel Aware": false,
          "Async Capable": false,
          "Startup Cost": 214213.94,
          "Total Cost": 215116.19,
          "Plan Rows": 60150,
          "Plan Width": 168,
          "Output": [
            "nation.n_name",
            "(EXTRACT(year FROM orders.o_orderdate))",
            "sum(((lineitem.l_extendedprice * ('1'::numeric - lineitem.l_discount)) - (partsupp.ps_supplycost * lineitem.l_quantity)))"
          ],
          "Group Key": [
            "nation.n_name",
            "(EXTRACT(year FROM orders.o_orderdate))"
          ],
          "Planned Partitions": 0,
          "Plans": [
            {
              "Node Type": "Gather",
              "Parent Relationship": "Outer",
              "Parallel Aware": false,
              "Async Capable": false,
              "Startup Cost": 180229.19,
              "Total Cost": 211206.44,
              "Plan Rows": 300750,
              "Plan Width": 168,
              "Output": [
                "nation.n_name",
                "(EXTRACT(year FROM orders.o_orderdate))",
                "(PARTIAL sum(((lineitem.l_extendedprice * ('1'::numeric - lineitem.l_discount)) - (partsupp.ps_supplycost * lineitem.l_quantity))))"
              ],
              "Workers Planned": 5,
              "Single Copy": false,
              "Plans": [
                {
                  "Node Type": "Aggregate",
                  "Strategy": "Hashed",
                  "Partial Mode": "Partial",
                  "Parent Relationship": "Outer",
                  "Parallel Aware": false,
                  "Async Capable": false,
                  "Startup Cost": 179229.19,
                  "Total Cost": 180131.44,
                  "Plan Rows": 60150,
                  "Plan Width": 168,
                  "Output": [
                    "nation.n_name",
                    "(EXTRACT(year FROM orders.o_orderdate))",
                    "PARTIAL sum(((lineitem.l_extendedprice * ('1'::numeric - lineitem.l_discount)) - (partsupp.ps_supplycost * lineitem.l_quantity)))"
                  ],
                  "Group Key": [
                    "nation.n_name",
                    "EXTRACT(year FROM orders.o_orderdate)"
                  ],
                  "Planned Partitions": 0,
                  "Plans": [
                    {
                      "Node Type": "Nested Loop",
                      "Parent Relationship": "Outer",
                      "Parallel Aware": false,
                      "Async Capable": false,
                      "Join Type": "Inner",
                      "Startup Cost": 15065.71,
                      "Total Cost": 178092.65,
                      "Plan Rows": 64945,
                      "Plan Width": 159,
                      "Output": [
                        "nation.n_name",
                        "EXTRACT(year FROM orders.o_orderdate)",
                        "lineitem.l_extendedprice",
                        "lineitem.l_discount",
                        "partsupp.ps_supplycost",
                        "lineitem.l_quantity"
                      ],
                      "Inner Unique": true,
                      "Plans": [
                        {
                          "Node Type": "Hash Join",
                          "Parent Relationship": "Outer",
                          "Parallel Aware": true,
                          "Async Capable": false,
                          "Join Type": "Inner",
                          "Startup Cost": 15065.28,
                          "Total Cost": 148669.64,
                          "Plan Rows": 64945,
                          "Plan Width": 131,
                          "Output": [
                            "lineitem.l_extendedprice",
                            "lineitem.l_discount",
                            "lineitem.l_quantity",
                            "lineitem.l_orderkey",
                            "partsupp.ps_supplycost",
                            "nation.n_name"
                          ],
                          "Inner Unique": false,
                          "Hash Cond": "((lineitem.l_suppkey = supplier.s_suppkey) AND (lineitem.l_partkey = partsupp.ps_partkey))",
                          "Plans": [
                            {
                              "Node Type": "Seq Scan",
                              "Parent Relationship": "Outer",
                              "Parallel Aware": true,
                              "Async Capable": false,
                              "Relation Name": "lineitem",
                              "Schema": "public",
                              "Alias": "lineitem",
                              "Startup Cost": 0.0,
                              "Total Cost": 124602.43,
                              "Plan Rows": 1200243,
                              "Plan Width": 29,
                              "Output": [
                                "lineitem.l_orderkey",
                                "lineitem.l_partkey",
                                "lineitem.l_suppkey",
                                "lineitem.l_linenumber",
                                "lineitem.l_quantity",
                                "lineitem.l_extendedprice",
                                "lineitem.l_discount",
                                "lineitem.l_tax",
                                "lineitem.l_returnflag",
                                "lineitem.l_linestatus",
                                "lineitem.l_shipdate",
                                "lineitem.l_commitdate",
                                "lineitem.l_receiptdate",
                                "lineitem.l_shipinstruct",
                                "lineitem.l_shipmode",
                                "lineitem.l_comment"
                              ]
                            },
                            {
                              "Node Type": "Hash",
                              "Parent Relationship": "Inner",
                              "Parallel Aware": true,
                              "Async Capable": false,
                              "Startup Cost": 14794.72,
                              "Total Cost": 14794.72,
                              "Plan Rows": 18037,
                              "Plan Width": 126,
                              "Output": [
                                "part.p_partkey",
                                "partsupp.ps_supplycost",
                                "partsupp.ps_suppkey",
                                "partsupp.ps_partkey",
                                "supplier.s_suppkey",
                                "nation.n_name"
                              ],
                              "Plans": [
                                {
                                  "Node Type": "Hash Join",
                                  "Parent Relationship": "Outer",
                                  "Parallel Aware": false,
                                  "Async Capable": false,
                                  "Join Type": "Inner",
                                  "Startup Cost": 449.99,
                                  "Total Cost": 14794.72,
                                  "Plan Rows": 18037,
                                  "Plan Width": 126,
                                  "Output": [
                                    "part.p_partkey",
                                    "partsupp.ps_supplycost",
                                    "partsupp.ps_suppkey",
                                    "partsupp.ps_partkey",
                                    "supplier.s_suppkey",
                                    "nation.n_name"
                                  ],
                                  "Inner Unique": true,
                                  "Hash Cond": "(supplier.s_nationkey = nation.n_nationkey)",
                                  "Plans": [
                                    {
                                      "Node Type": "Hash Join",
                                      "Parent Relationship": "Outer",
                                      "Parallel Aware": false,
                                      "Async Capable": false,
                                      "Join Type": "Inner",
                                      "Startup Cost": 448.43,
                                      "Total Cost": 14737.79,
                                      "Plan Rows": 18037,
                                      "Plan Width": 26,
                                      "Output": [
                                        "part.p_partkey",
                                        "partsupp.ps_supplycost",
                                        "partsupp.ps_suppkey",
                                        "partsupp.ps_partkey",
                                        "supplier.s_suppkey",
                                        "supplier.s_nationkey"
                                      ],
                                      "Inner Unique": true,
                                      "Hash Cond": "(partsupp.ps_suppkey = supplier.s_suppkey)",
                                      "Plans": [
                                        {
                                          "Node Type": "Nested Loop",
                                          "Parent Relationship": "Outer",
                                          "Parallel Aware": false,
                                          "Async Capable": false,
                                          "Join Type": "Inner",
                                          "Startup Cost": 0.42,
                                          "Total Cost": 14242.42,
                                          "Plan Rows": 18037,
                                          "Plan Width": 18,
                                          "Output": [
                                            "part.p_partkey",
                                            "partsupp.ps_supplycost",
                                            "partsupp.ps_suppkey",
                                            "partsupp.ps_partkey"
                                          ],
                                          "Inner Unique": false,
                                          "Plans": [
                                            {
                                              "Node Type": "Seq Scan",
                                              "Parent Relationship": "Outer",
                                              "Parallel Aware": true,
                                              "Async Capable": false,
                                              "Relation Name": "part",
                                              "Schema": "public",
                                              "Alias": "part",
                                              "Startup Cost": 0.0,
                                              "Total Cost": 5169.67,
                                              "Plan Rows": 4509,
                                              "Plan Width": 4,
                                              "Output": [
                                                "part.p_partkey",
                                                "part.p_name",
                                                "part.p_mfgr",
                                                "part.p_brand",
                                                "part.p_type",
                                                "part.p_size",
                                                "part.p_container",
                                                "part.p_retailprice",
                                                "part.p_comment"
                                              ],
                                              "Filter": "((part.p_name)::text ~~ '%lavender%'::text)"
                                            },
                                            {
                                              "Node Type": "Index Scan",
                                              "Parent Relationship": "Inner",
                                              "Parallel Aware": false,
                                              "Async Capable": false,
                                              "Scan Direction": "Forward",
                                              "Index Name": "partsupp_pkey",
                                              "Relation Name": "partsupp",
                                              "Schema": "public",
                                              "Alias": "partsupp",
                                              "Startup Cost": 0.42,
                                              "Total Cost": 1.97,
                                              "Plan Rows": 4,
                                              "Plan Width": 14,
                                              "Output": [
                                                "partsupp.ps_partkey",
                                                "partsupp.ps_suppkey",
                                                "partsupp.ps_availqty",
                                                "partsupp.ps_supplycost",
                                                "partsupp.ps_comment"
                                              ],
                                              "Index Cond": "(partsupp.ps_partkey = part.p_partkey)"
                                            }
                                          ]
                                        },
                                        {
                                          "Node Type": "Hash",
                                          "Parent Relationship": "Inner",
                                          "Parallel Aware": false,
                                          "Async Capable": false,
                                          "Startup Cost": 323.0,
                                          "Total Cost": 323.0,
                                          "Plan Rows": 10000,
                                          "Plan Width": 8,
                                          "Output": [
                                            "supplier.s_suppkey",
                                            "supplier.s_nationkey"
                                          ],
                                          "Plans": [
                                            {
                                              "Node Type": "Seq Scan",
                                              "Parent Relationship": "Outer",
                                              "Parallel Aware": false,
                                              "Async Capable": false,
                                              "Relation Name": "supplier",
                                              "Schema": "public",
                                              "Alias": "supplier",
                                              "Startup Cost": 0.0,
                                              "Total Cost": 323.0,
                                              "Plan Rows": 10000,
                                              "Plan Width": 8,
                                              "Output": [
                                                "supplier.s_suppkey",
                                                "supplier.s_nationkey"
                                              ]
                                            }
                                          ]
                                        }
                                      ]
                                    },
                                    {
                                      "Node Type": "Hash",
                                      "Parent Relationship": "Inner",
                                      "Parallel Aware": false,
                                      "Async Capable": false,
                                      "Startup Cost": 1.25,
                                      "Total Cost": 1.25,
                                      "Plan Rows": 25,
                                      "Plan Width": 108,
                                      "Output": [
                                        "nation.n_name",
                                        "nation.n_nationkey"
                                      ],
                                      "Plans": [
                                        {
                                          "Node Type": "Seq Scan",
                                          "Parent Relationship": "Outer",
                                          "Parallel Aware": false,
                                          "Async Capable": false,
                                          "Relation Name": "nation",
                                          "Schema": "public",
                                          "Alias": "nation",
                                          "Startup Cost": 0.0,
                                          "Total Cost": 1.25,
                                          "Plan Rows": 25,
                                          "Plan Width": 108,
                                          "Output": [
                                            "nation.n_name",
                                            "nation.n_nationkey"
                                          ]
                                        }
                                      ]
                                    }
                                  ]
                                }
                              ]
                            }
                          ]
                        },
                        {
                          "Node Type": "Index Scan",
                          "Parent Relationship": "Inner",
                          "Parallel Aware": false,
                          "Async Capable": false,
                          "Scan Direction": "Forward",
                          "Index Name": "orders_pkey",
                          "Relation Name": "orders",
                          "Schema": "public",
                          "Alias": "orders",
                          "Startup Cost": 0.43,
                          "Total Cost": 0.45,
                          "Plan Rows": 1,
                          "Plan Width": 8,
                          "Output": [
                            "orders.o_orderkey",
                            "orders.o_custkey",
                            "orders.o_orderstatus",
                            "orders.o_totalprice",
                            "orders.o_orderdate",
                            "orders.o_orderpriority",
                            "orders.o_clerk",
                            "orders.o_shippriority",
                            "orders.o_comment"
                          ],
                          "Index Cond": "(orders.o_orderkey = lineitem.l_orderkey)"
                        }
                      ]
                    }
                  ]
                }
              ]
            }
          ]
        }
      ]
    },
    "JIT": {
      "Functions": 43,
      "Options": {
        "Inlining": false,
        "Optimization": false,
        "Expressions": true,
        "Deforming": true
      }
    }
  }
]
```

---

## 140. Q9_90_seed_730158759.sql

**File Path:** `/Users/brunowinter2000/Documents/Thesis/2025_2026/Plan-Level/Generated_Queries/Q9/Q9_90_seed_730158759.sql`

### EXPLAIN JSON

```json
[
  {
    "Plan": {
      "Node Type": "Sort",
      "Parallel Aware": false,
      "Async Capable": false,
      "Startup Cost": 221184.19,
      "Total Cost": 221334.56,
      "Plan Rows": 60150,
      "Plan Width": 168,
      "Output": [
        "nation.n_name",
        "(EXTRACT(year FROM orders.o_orderdate))",
        "(sum(((lineitem.l_extendedprice * ('1'::numeric - lineitem.l_discount)) - (partsupp.ps_supplycost * lineitem.l_quantity))))"
      ],
      "Sort Key": [
        "nation.n_name",
        "(EXTRACT(year FROM orders.o_orderdate)) DESC"
      ],
      "Plans": [
        {
          "Node Type": "Aggregate",
          "Strategy": "Hashed",
          "Partial Mode": "Finalize",
          "Parent Relationship": "Outer",
          "Parallel Aware": false,
          "Async Capable": false,
          "Startup Cost": 215507.15,
          "Total Cost": 216409.4,
          "Plan Rows": 60150,
          "Plan Width": 168,
          "Output": [
            "nation.n_name",
            "(EXTRACT(year FROM orders.o_orderdate))",
            "sum(((lineitem.l_extendedprice * ('1'::numeric - lineitem.l_discount)) - (partsupp.ps_supplycost * lineitem.l_quantity)))"
          ],
          "Group Key": [
            "nation.n_name",
            "(EXTRACT(year FROM orders.o_orderdate))"
          ],
          "Planned Partitions": 0,
          "Plans": [
            {
              "Node Type": "Gather",
              "Parent Relationship": "Outer",
              "Parallel Aware": false,
              "Async Capable": false,
              "Startup Cost": 181522.4,
              "Total Cost": 212499.65,
              "Plan Rows": 300750,
              "Plan Width": 168,
              "Output": [
                "nation.n_name",
                "(EXTRACT(year FROM orders.o_orderdate))",
                "(PARTIAL sum(((lineitem.l_extendedprice * ('1'::numeric - lineitem.l_discount)) - (partsupp.ps_supplycost * lineitem.l_quantity))))"
              ],
              "Workers Planned": 5,
              "Single Copy": false,
              "Plans": [
                {
                  "Node Type": "Aggregate",
                  "Strategy": "Hashed",
                  "Partial Mode": "Partial",
                  "Parent Relationship": "Outer",
                  "Parallel Aware": false,
                  "Async Capable": false,
                  "Startup Cost": 180522.4,
                  "Total Cost": 181424.65,
                  "Plan Rows": 60150,
                  "Plan Width": 168,
                  "Output": [
                    "nation.n_name",
                    "(EXTRACT(year FROM orders.o_orderdate))",
                    "PARTIAL sum(((lineitem.l_extendedprice * ('1'::numeric - lineitem.l_discount)) - (partsupp.ps_supplycost * lineitem.l_quantity)))"
                  ],
                  "Group Key": [
                    "nation.n_name",
                    "EXTRACT(year FROM orders.o_orderdate)"
                  ],
                  "Planned Partitions": 0,
                  "Plans": [
                    {
                      "Node Type": "Nested Loop",
                      "Parent Relationship": "Outer",
                      "Parallel Aware": false,
                      "Async Capable": false,
                      "Join Type": "Inner",
                      "Startup Cost": 15229.13,
                      "Total Cost": 179343.84,
                      "Plan Rows": 67346,
                      "Plan Width": 159,
                      "Output": [
                        "nation.n_name",
                        "EXTRACT(year FROM orders.o_orderdate)",
                        "lineitem.l_extendedprice",
                        "lineitem.l_discount",
                        "partsupp.ps_supplycost",
                        "lineitem.l_quantity"
                      ],
                      "Inner Unique": true,
                      "Plans": [
                        {
                          "Node Type": "Hash Join",
                          "Parent Relationship": "Outer",
                          "Parallel Aware": true,
                          "Async Capable": false,
                          "Join Type": "Inner",
                          "Startup Cost": 15228.71,
                          "Total Cost": 148833.07,
                          "Plan Rows": 67346,
                          "Plan Width": 131,
                          "Output": [
                            "lineitem.l_extendedprice",
                            "lineitem.l_discount",
                            "lineitem.l_quantity",
                            "lineitem.l_orderkey",
                            "partsupp.ps_supplycost",
                            "nation.n_name"
                          ],
                          "Inner Unique": false,
                          "Hash Cond": "((lineitem.l_suppkey = supplier.s_suppkey) AND (lineitem.l_partkey = partsupp.ps_partkey))",
                          "Plans": [
                            {
                              "Node Type": "Seq Scan",
                              "Parent Relationship": "Outer",
                              "Parallel Aware": true,
                              "Async Capable": false,
                              "Relation Name": "lineitem",
                              "Schema": "public",
                              "Alias": "lineitem",
                              "Startup Cost": 0.0,
                              "Total Cost": 124602.43,
                              "Plan Rows": 1200243,
                              "Plan Width": 29,
                              "Output": [
                                "lineitem.l_orderkey",
                                "lineitem.l_partkey",
                                "lineitem.l_suppkey",
                                "lineitem.l_linenumber",
                                "lineitem.l_quantity",
                                "lineitem.l_extendedprice",
                                "lineitem.l_discount",
                                "lineitem.l_tax",
                                "lineitem.l_returnflag",
                                "lineitem.l_linestatus",
                                "lineitem.l_shipdate",
                                "lineitem.l_commitdate",
                                "lineitem.l_receiptdate",
                                "lineitem.l_shipinstruct",
                                "lineitem.l_shipmode",
                                "lineitem.l_comment"
                              ]
                            },
                            {
                              "Node Type": "Hash",
                              "Parent Relationship": "Inner",
                              "Parallel Aware": true,
                              "Async Capable": false,
                              "Startup Cost": 14948.16,
                              "Total Cost": 14948.16,
                              "Plan Rows": 18703,
                              "Plan Width": 126,
                              "Output": [
                                "part.p_partkey",
                                "partsupp.ps_supplycost",
                                "partsupp.ps_suppkey",
                                "partsupp.ps_partkey",
                                "supplier.s_suppkey",
                                "nation.n_name"
                              ],
                              "Plans": [
                                {
                                  "Node Type": "Hash Join",
                                  "Parent Relationship": "Outer",
                                  "Parallel Aware": false,
                                  "Async Capable": false,
                                  "Join Type": "Inner",
                                  "Startup Cost": 449.99,
                                  "Total Cost": 14948.16,
                                  "Plan Rows": 18703,
                                  "Plan Width": 126,
                                  "Output": [
                                    "part.p_partkey",
                                    "partsupp.ps_supplycost",
                                    "partsupp.ps_suppkey",
                                    "partsupp.ps_partkey",
                                    "supplier.s_suppkey",
                                    "nation.n_name"
                                  ],
                                  "Inner Unique": true,
                                  "Hash Cond": "(supplier.s_nationkey = nation.n_nationkey)",
                                  "Plans": [
                                    {
                                      "Node Type": "Hash Join",
                                      "Parent Relationship": "Outer",
                                      "Parallel Aware": false,
                                      "Async Capable": false,
                                      "Join Type": "Inner",
                                      "Startup Cost": 448.43,
                                      "Total Cost": 14889.18,
                                      "Plan Rows": 18703,
                                      "Plan Width": 26,
                                      "Output": [
                                        "part.p_partkey",
                                        "partsupp.ps_supplycost",
                                        "partsupp.ps_suppkey",
                                        "partsupp.ps_partkey",
                                        "supplier.s_suppkey",
                                        "supplier.s_nationkey"
                                      ],
                                      "Inner Unique": true,
                                      "Hash Cond": "(partsupp.ps_suppkey = supplier.s_suppkey)",
                                      "Plans": [
                                        {
                                          "Node Type": "Nested Loop",
                                          "Parent Relationship": "Outer",
                                          "Parallel Aware": false,
                                          "Async Capable": false,
                                          "Join Type": "Inner",
                                          "Startup Cost": 0.42,
                                          "Total Cost": 14392.06,
                                          "Plan Rows": 18703,
                                          "Plan Width": 18,
                                          "Output": [
                                            "part.p_partkey",
                                            "partsupp.ps_supplycost",
                                            "partsupp.ps_suppkey",
                                            "partsupp.ps_partkey"
                                          ],
                                          "Inner Unique": false,
                                          "Plans": [
                                            {
                                              "Node Type": "Seq Scan",
                                              "Parent Relationship": "Outer",
                                              "Parallel Aware": true,
                                              "Async Capable": false,
                                              "Relation Name": "part",
                                              "Schema": "public",
                                              "Alias": "part",
                                              "Startup Cost": 0.0,
                                              "Total Cost": 5169.67,
                                              "Plan Rows": 4676,
                                              "Plan Width": 4,
                                              "Output": [
                                                "part.p_partkey",
                                                "part.p_name",
                                                "part.p_mfgr",
                                                "part.p_brand",
                                                "part.p_type",
                                                "part.p_size",
                                                "part.p_container",
                                                "part.p_retailprice",
                                                "part.p_comment"
                                              ],
                                              "Filter": "((part.p_name)::text ~~ '%turquoise%'::text)"
                                            },
                                            {
                                              "Node Type": "Index Scan",
                                              "Parent Relationship": "Inner",
                                              "Parallel Aware": false,
                                              "Async Capable": false,
                                              "Scan Direction": "Forward",
                                              "Index Name": "partsupp_pkey",
                                              "Relation Name": "partsupp",
                                              "Schema": "public",
                                              "Alias": "partsupp",
                                              "Startup Cost": 0.42,
                                              "Total Cost": 1.93,
                                              "Plan Rows": 4,
                                              "Plan Width": 14,
                                              "Output": [
                                                "partsupp.ps_partkey",
                                                "partsupp.ps_suppkey",
                                                "partsupp.ps_availqty",
                                                "partsupp.ps_supplycost",
                                                "partsupp.ps_comment"
                                              ],
                                              "Index Cond": "(partsupp.ps_partkey = part.p_partkey)"
                                            }
                                          ]
                                        },
                                        {
                                          "Node Type": "Hash",
                                          "Parent Relationship": "Inner",
                                          "Parallel Aware": false,
                                          "Async Capable": false,
                                          "Startup Cost": 323.0,
                                          "Total Cost": 323.0,
                                          "Plan Rows": 10000,
                                          "Plan Width": 8,
                                          "Output": [
                                            "supplier.s_suppkey",
                                            "supplier.s_nationkey"
                                          ],
                                          "Plans": [
                                            {
                                              "Node Type": "Seq Scan",
                                              "Parent Relationship": "Outer",
                                              "Parallel Aware": false,
                                              "Async Capable": false,
                                              "Relation Name": "supplier",
                                              "Schema": "public",
                                              "Alias": "supplier",
                                              "Startup Cost": 0.0,
                                              "Total Cost": 323.0,
                                              "Plan Rows": 10000,
                                              "Plan Width": 8,
                                              "Output": [
                                                "supplier.s_suppkey",
                                                "supplier.s_nationkey"
                                              ]
                                            }
                                          ]
                                        }
                                      ]
                                    },
                                    {
                                      "Node Type": "Hash",
                                      "Parent Relationship": "Inner",
                                      "Parallel Aware": false,
                                      "Async Capable": false,
                                      "Startup Cost": 1.25,
                                      "Total Cost": 1.25,
                                      "Plan Rows": 25,
                                      "Plan Width": 108,
                                      "Output": [
                                        "nation.n_name",
                                        "nation.n_nationkey"
                                      ],
                                      "Plans": [
                                        {
                                          "Node Type": "Seq Scan",
                                          "Parent Relationship": "Outer",
                                          "Parallel Aware": false,
                                          "Async Capable": false,
                                          "Relation Name": "nation",
                                          "Schema": "public",
                                          "Alias": "nation",
                                          "Startup Cost": 0.0,
                                          "Total Cost": 1.25,
                                          "Plan Rows": 25,
                                          "Plan Width": 108,
                                          "Output": [
                                            "nation.n_name",
                                            "nation.n_nationkey"
                                          ]
                                        }
                                      ]
                                    }
                                  ]
                                }
                              ]
                            }
                          ]
                        },
                        {
                          "Node Type": "Index Scan",
                          "Parent Relationship": "Inner",
                          "Parallel Aware": false,
                          "Async Capable": false,
                          "Scan Direction": "Forward",
                          "Index Name": "orders_pkey",
                          "Relation Name": "orders",
                          "Schema": "public",
                          "Alias": "orders",
                          "Startup Cost": 0.43,
                          "Total Cost": 0.45,
                          "Plan Rows": 1,
                          "Plan Width": 8,
                          "Output": [
                            "orders.o_orderkey",
                            "orders.o_custkey",
                            "orders.o_orderstatus",
                            "orders.o_totalprice",
                            "orders.o_orderdate",
                            "orders.o_orderpriority",
                            "orders.o_clerk",
                            "orders.o_shippriority",
                            "orders.o_comment"
                          ],
                          "Index Cond": "(orders.o_orderkey = lineitem.l_orderkey)"
                        }
                      ]
                    }
                  ]
                }
              ]
            }
          ]
        }
      ]
    },
    "JIT": {
      "Functions": 43,
      "Options": {
        "Inlining": false,
        "Optimization": false,
        "Expressions": true,
        "Deforming": true
      }
    }
  }
]
```

---

## 141. Q9_91_seed_738362790.sql

**File Path:** `/Users/brunowinter2000/Documents/Thesis/2025_2026/Plan-Level/Generated_Queries/Q9/Q9_91_seed_738362790.sql`

### EXPLAIN JSON

```json
[
  {
    "Plan": {
      "Node Type": "Sort",
      "Parallel Aware": false,
      "Async Capable": false,
      "Startup Cost": 195555.08,
      "Total Cost": 195705.45,
      "Plan Rows": 60150,
      "Plan Width": 168,
      "Output": [
        "nation.n_name",
        "(EXTRACT(year FROM orders.o_orderdate))",
        "(sum(((lineitem.l_extendedprice * ('1'::numeric - lineitem.l_discount)) - (partsupp.ps_supplycost * lineitem.l_quantity))))"
      ],
      "Sort Key": [
        "nation.n_name",
        "(EXTRACT(year FROM orders.o_orderdate)) DESC"
      ],
      "Plans": [
        {
          "Node Type": "Aggregate",
          "Strategy": "Hashed",
          "Partial Mode": "Finalize",
          "Parent Relationship": "Outer",
          "Parallel Aware": false,
          "Async Capable": false,
          "Startup Cost": 189878.04,
          "Total Cost": 190780.29,
          "Plan Rows": 60150,
          "Plan Width": 168,
          "Output": [
            "nation.n_name",
            "(EXTRACT(year FROM orders.o_orderdate))",
            "sum(((lineitem.l_extendedprice * ('1'::numeric - lineitem.l_discount)) - (partsupp.ps_supplycost * lineitem.l_quantity)))"
          ],
          "Group Key": [
            "nation.n_name",
            "(EXTRACT(year FROM orders.o_orderdate))"
          ],
          "Planned Partitions": 0,
          "Plans": [
            {
              "Node Type": "Gather",
              "Parent Relationship": "Outer",
              "Parallel Aware": false,
              "Async Capable": false,
              "Startup Cost": 166774.06,
              "Total Cost": 187833.44,
              "Plan Rows": 204460,
              "Plan Width": 168,
              "Output": [
                "nation.n_name",
                "(EXTRACT(year FROM orders.o_orderdate))",
                "(PARTIAL sum(((lineitem.l_extendedprice * ('1'::numeric - lineitem.l_discount)) - (partsupp.ps_supplycost * lineitem.l_quantity))))"
              ],
              "Workers Planned": 5,
              "Single Copy": false,
              "Plans": [
                {
                  "Node Type": "Aggregate",
                  "Strategy": "Hashed",
                  "Partial Mode": "Partial",
                  "Parent Relationship": "Outer",
                  "Parallel Aware": false,
                  "Async Capable": false,
                  "Startup Cost": 165774.06,
                  "Total Cost": 166387.44,
                  "Plan Rows": 40892,
                  "Plan Width": 168,
                  "Output": [
                    "nation.n_name",
                    "(EXTRACT(year FROM orders.o_orderdate))",
                    "PARTIAL sum(((lineitem.l_extendedprice * ('1'::numeric - lineitem.l_discount)) - (partsupp.ps_supplycost * lineitem.l_quantity)))"
                  ],
                  "Group Key": [
                    "nation.n_name",
                    "EXTRACT(year FROM orders.o_orderdate)"
                  ],
                  "Planned Partitions": 0,
                  "Plans": [
                    {
                      "Node Type": "Nested Loop",
                      "Parent Relationship": "Outer",
                      "Parallel Aware": false,
                      "Async Capable": false,
                      "Join Type": "Inner",
                      "Startup Cost": 12928.63,
                      "Total Cost": 165058.45,
                      "Plan Rows": 40892,
                      "Plan Width": 159,
                      "Output": [
                        "nation.n_name",
                        "EXTRACT(year FROM orders.o_orderdate)",
                        "lineitem.l_extendedprice",
                        "lineitem.l_discount",
                        "partsupp.ps_supplycost",
                        "lineitem.l_quantity"
                      ],
                      "Inner Unique": true,
                      "Plans": [
                        {
                          "Node Type": "Hash Join",
                          "Parent Relationship": "Outer",
                          "Parallel Aware": true,
                          "Async Capable": false,
                          "Join Type": "Inner",
                          "Startup Cost": 12928.2,
                          "Total Cost": 146532.53,
                          "Plan Rows": 40892,
                          "Plan Width": 131,
                          "Output": [
                            "lineitem.l_extendedprice",
                            "lineitem.l_discount",
                            "lineitem.l_quantity",
                            "lineitem.l_orderkey",
                            "partsupp.ps_supplycost",
                            "nation.n_name"
                          ],
                          "Inner Unique": false,
                          "Hash Cond": "((lineitem.l_suppkey = supplier.s_suppkey) AND (lineitem.l_partkey = partsupp.ps_partkey))",
                          "Plans": [
                            {
                              "Node Type": "Seq Scan",
                              "Parent Relationship": "Outer",
                              "Parallel Aware": true,
                              "Async Capable": false,
                              "Relation Name": "lineitem",
                              "Schema": "public",
                              "Alias": "lineitem",
                              "Startup Cost": 0.0,
                              "Total Cost": 124602.43,
                              "Plan Rows": 1200243,
                              "Plan Width": 29,
                              "Output": [
                                "lineitem.l_orderkey",
                                "lineitem.l_partkey",
                                "lineitem.l_suppkey",
                                "lineitem.l_linenumber",
                                "lineitem.l_quantity",
                                "lineitem.l_extendedprice",
                                "lineitem.l_discount",
                                "lineitem.l_tax",
                                "lineitem.l_returnflag",
                                "lineitem.l_linestatus",
                                "lineitem.l_shipdate",
                                "lineitem.l_commitdate",
                                "lineitem.l_receiptdate",
                                "lineitem.l_shipinstruct",
                                "lineitem.l_shipmode",
                                "lineitem.l_comment"
                              ]
                            },
                            {
                              "Node Type": "Hash",
                              "Parent Relationship": "Inner",
                              "Parallel Aware": true,
                              "Async Capable": false,
                              "Startup Cost": 12757.85,
                              "Total Cost": 12757.85,
                              "Plan Rows": 11357,
                              "Plan Width": 126,
                              "Output": [
                                "part.p_partkey",
                                "partsupp.ps_supplycost",
                                "partsupp.ps_suppkey",
                                "partsupp.ps_partkey",
                                "supplier.s_suppkey",
                                "nation.n_name"
                              ],
                              "Plans": [
                                {
                                  "Node Type": "Hash Join",
                                  "Parent Relationship": "Outer",
                                  "Parallel Aware": false,
                                  "Async Capable": false,
                                  "Join Type": "Inner",
                                  "Startup Cost": 449.99,
                                  "Total Cost": 12757.85,
                                  "Plan Rows": 11357,
                                  "Plan Width": 126,
                                  "Output": [
                                    "part.p_partkey",
                                    "partsupp.ps_supplycost",
                                    "partsupp.ps_suppkey",
                                    "partsupp.ps_partkey",
                                    "supplier.s_suppkey",
                                    "nation.n_name"
                                  ],
                                  "Inner Unique": true,
                                  "Hash Cond": "(supplier.s_nationkey = nation.n_nationkey)",
                                  "Plans": [
                                    {
                                      "Node Type": "Hash Join",
                                      "Parent Relationship": "Outer",
                                      "Parallel Aware": false,
                                      "Async Capable": false,
                                      "Join Type": "Inner",
                                      "Startup Cost": 448.43,
                                      "Total Cost": 12721.42,
                                      "Plan Rows": 11357,
                                      "Plan Width": 26,
                                      "Output": [
                                        "part.p_partkey",
                                        "partsupp.ps_supplycost",
                                        "partsupp.ps_suppkey",
                                        "partsupp.ps_partkey",
                                        "supplier.s_suppkey",
                                        "supplier.s_nationkey"
                                      ],
                                      "Inner Unique": true,
                                      "Hash Cond": "(partsupp.ps_suppkey = supplier.s_suppkey)",
                                      "Plans": [
                                        {
                                          "Node Type": "Nested Loop",
                                          "Parent Relationship": "Outer",
                                          "Parallel Aware": false,
                                          "Async Capable": false,
                                          "Join Type": "Inner",
                                          "Startup Cost": 0.42,
                                          "Total Cost": 12243.6,
                                          "Plan Rows": 11357,
                                          "Plan Width": 18,
                                          "Output": [
                                            "part.p_partkey",
                                            "partsupp.ps_supplycost",
                                            "partsupp.ps_suppkey",
                                            "partsupp.ps_partkey"
                                          ],
                                          "Inner Unique": false,
                                          "Plans": [
                                            {
                                              "Node Type": "Seq Scan",
                                              "Parent Relationship": "Outer",
                                              "Parallel Aware": true,
                                              "Async Capable": false,
                                              "Relation Name": "part",
                                              "Schema": "public",
                                              "Alias": "part",
                                              "Startup Cost": 0.0,
                                              "Total Cost": 5169.67,
                                              "Plan Rows": 2839,
                                              "Plan Width": 4,
                                              "Output": [
                                                "part.p_partkey",
                                                "part.p_name",
                                                "part.p_mfgr",
                                                "part.p_brand",
                                                "part.p_type",
                                                "part.p_size",
                                                "part.p_container",
                                                "part.p_retailprice",
                                                "part.p_comment"
                                              ],
                                              "Filter": "((part.p_name)::text ~~ '%lace%'::text)"
                                            },
                                            {
                                              "Node Type": "Index Scan",
                                              "Parent Relationship": "Inner",
                                              "Parallel Aware": false,
                                              "Async Capable": false,
                                              "Scan Direction": "Forward",
                                              "Index Name": "partsupp_pkey",
                                              "Relation Name": "partsupp",
                                              "Schema": "public",
                                              "Alias": "partsupp",
                                              "Startup Cost": 0.42,
                                              "Total Cost": 2.45,
                                              "Plan Rows": 4,
                                              "Plan Width": 14,
                                              "Output": [
                                                "partsupp.ps_partkey",
                                                "partsupp.ps_suppkey",
                                                "partsupp.ps_availqty",
                                                "partsupp.ps_supplycost",
                                                "partsupp.ps_comment"
                                              ],
                                              "Index Cond": "(partsupp.ps_partkey = part.p_partkey)"
                                            }
                                          ]
                                        },
                                        {
                                          "Node Type": "Hash",
                                          "Parent Relationship": "Inner",
                                          "Parallel Aware": false,
                                          "Async Capable": false,
                                          "Startup Cost": 323.0,
                                          "Total Cost": 323.0,
                                          "Plan Rows": 10000,
                                          "Plan Width": 8,
                                          "Output": [
                                            "supplier.s_suppkey",
                                            "supplier.s_nationkey"
                                          ],
                                          "Plans": [
                                            {
                                              "Node Type": "Seq Scan",
                                              "Parent Relationship": "Outer",
                                              "Parallel Aware": false,
                                              "Async Capable": false,
                                              "Relation Name": "supplier",
                                              "Schema": "public",
                                              "Alias": "supplier",
                                              "Startup Cost": 0.0,
                                              "Total Cost": 323.0,
                                              "Plan Rows": 10000,
                                              "Plan Width": 8,
                                              "Output": [
                                                "supplier.s_suppkey",
                                                "supplier.s_nationkey"
                                              ]
                                            }
                                          ]
                                        }
                                      ]
                                    },
                                    {
                                      "Node Type": "Hash",
                                      "Parent Relationship": "Inner",
                                      "Parallel Aware": false,
                                      "Async Capable": false,
                                      "Startup Cost": 1.25,
                                      "Total Cost": 1.25,
                                      "Plan Rows": 25,
                                      "Plan Width": 108,
                                      "Output": [
                                        "nation.n_name",
                                        "nation.n_nationkey"
                                      ],
                                      "Plans": [
                                        {
                                          "Node Type": "Seq Scan",
                                          "Parent Relationship": "Outer",
                                          "Parallel Aware": false,
                                          "Async Capable": false,
                                          "Relation Name": "nation",
                                          "Schema": "public",
                                          "Alias": "nation",
                                          "Startup Cost": 0.0,
                                          "Total Cost": 1.25,
                                          "Plan Rows": 25,
                                          "Plan Width": 108,
                                          "Output": [
                                            "nation.n_name",
                                            "nation.n_nationkey"
                                          ]
                                        }
                                      ]
                                    }
                                  ]
                                }
                              ]
                            }
                          ]
                        },
                        {
                          "Node Type": "Index Scan",
                          "Parent Relationship": "Inner",
                          "Parallel Aware": false,
                          "Async Capable": false,
                          "Scan Direction": "Forward",
                          "Index Name": "orders_pkey",
                          "Relation Name": "orders",
                          "Schema": "public",
                          "Alias": "orders",
                          "Startup Cost": 0.43,
                          "Total Cost": 0.45,
                          "Plan Rows": 1,
                          "Plan Width": 8,
                          "Output": [
                            "orders.o_orderkey",
                            "orders.o_custkey",
                            "orders.o_orderstatus",
                            "orders.o_totalprice",
                            "orders.o_orderdate",
                            "orders.o_orderpriority",
                            "orders.o_clerk",
                            "orders.o_shippriority",
                            "orders.o_comment"
                          ],
                          "Index Cond": "(orders.o_orderkey = lineitem.l_orderkey)"
                        }
                      ]
                    }
                  ]
                }
              ]
            }
          ]
        }
      ]
    },
    "JIT": {
      "Functions": 43,
      "Options": {
        "Inlining": false,
        "Optimization": false,
        "Expressions": true,
        "Deforming": true
      }
    }
  }
]
```

---

## 142. Q9_92_seed_746566821.sql

**File Path:** `/Users/brunowinter2000/Documents/Thesis/2025_2026/Plan-Level/Generated_Queries/Q9/Q9_92_seed_746566821.sql`

### EXPLAIN JSON

```json
[
  {
    "Plan": {
      "Node Type": "Sort",
      "Parallel Aware": false,
      "Async Capable": false,
      "Startup Cost": 219890.98,
      "Total Cost": 220041.36,
      "Plan Rows": 60150,
      "Plan Width": 168,
      "Output": [
        "nation.n_name",
        "(EXTRACT(year FROM orders.o_orderdate))",
        "(sum(((lineitem.l_extendedprice * ('1'::numeric - lineitem.l_discount)) - (partsupp.ps_supplycost * lineitem.l_quantity))))"
      ],
      "Sort Key": [
        "nation.n_name",
        "(EXTRACT(year FROM orders.o_orderdate)) DESC"
      ],
      "Plans": [
        {
          "Node Type": "Aggregate",
          "Strategy": "Hashed",
          "Partial Mode": "Finalize",
          "Parent Relationship": "Outer",
          "Parallel Aware": false,
          "Async Capable": false,
          "Startup Cost": 214213.94,
          "Total Cost": 215116.19,
          "Plan Rows": 60150,
          "Plan Width": 168,
          "Output": [
            "nation.n_name",
            "(EXTRACT(year FROM orders.o_orderdate))",
            "sum(((lineitem.l_extendedprice * ('1'::numeric - lineitem.l_discount)) - (partsupp.ps_supplycost * lineitem.l_quantity)))"
          ],
          "Group Key": [
            "nation.n_name",
            "(EXTRACT(year FROM orders.o_orderdate))"
          ],
          "Planned Partitions": 0,
          "Plans": [
            {
              "Node Type": "Gather",
              "Parent Relationship": "Outer",
              "Parallel Aware": false,
              "Async Capable": false,
              "Startup Cost": 180229.19,
              "Total Cost": 211206.44,
              "Plan Rows": 300750,
              "Plan Width": 168,
              "Output": [
                "nation.n_name",
                "(EXTRACT(year FROM orders.o_orderdate))",
                "(PARTIAL sum(((lineitem.l_extendedprice * ('1'::numeric - lineitem.l_discount)) - (partsupp.ps_supplycost * lineitem.l_quantity))))"
              ],
              "Workers Planned": 5,
              "Single Copy": false,
              "Plans": [
                {
                  "Node Type": "Aggregate",
                  "Strategy": "Hashed",
                  "Partial Mode": "Partial",
                  "Parent Relationship": "Outer",
                  "Parallel Aware": false,
                  "Async Capable": false,
                  "Startup Cost": 179229.19,
                  "Total Cost": 180131.44,
                  "Plan Rows": 60150,
                  "Plan Width": 168,
                  "Output": [
                    "nation.n_name",
                    "(EXTRACT(year FROM orders.o_orderdate))",
                    "PARTIAL sum(((lineitem.l_extendedprice * ('1'::numeric - lineitem.l_discount)) - (partsupp.ps_supplycost * lineitem.l_quantity)))"
                  ],
                  "Group Key": [
                    "nation.n_name",
                    "EXTRACT(year FROM orders.o_orderdate)"
                  ],
                  "Planned Partitions": 0,
                  "Plans": [
                    {
                      "Node Type": "Nested Loop",
                      "Parent Relationship": "Outer",
                      "Parallel Aware": false,
                      "Async Capable": false,
                      "Join Type": "Inner",
                      "Startup Cost": 15065.71,
                      "Total Cost": 178092.65,
                      "Plan Rows": 64945,
                      "Plan Width": 159,
                      "Output": [
                        "nation.n_name",
                        "EXTRACT(year FROM orders.o_orderdate)",
                        "lineitem.l_extendedprice",
                        "lineitem.l_discount",
                        "partsupp.ps_supplycost",
                        "lineitem.l_quantity"
                      ],
                      "Inner Unique": true,
                      "Plans": [
                        {
                          "Node Type": "Hash Join",
                          "Parent Relationship": "Outer",
                          "Parallel Aware": true,
                          "Async Capable": false,
                          "Join Type": "Inner",
                          "Startup Cost": 15065.28,
                          "Total Cost": 148669.64,
                          "Plan Rows": 64945,
                          "Plan Width": 131,
                          "Output": [
                            "lineitem.l_extendedprice",
                            "lineitem.l_discount",
                            "lineitem.l_quantity",
                            "lineitem.l_orderkey",
                            "partsupp.ps_supplycost",
                            "nation.n_name"
                          ],
                          "Inner Unique": false,
                          "Hash Cond": "((lineitem.l_suppkey = supplier.s_suppkey) AND (lineitem.l_partkey = partsupp.ps_partkey))",
                          "Plans": [
                            {
                              "Node Type": "Seq Scan",
                              "Parent Relationship": "Outer",
                              "Parallel Aware": true,
                              "Async Capable": false,
                              "Relation Name": "lineitem",
                              "Schema": "public",
                              "Alias": "lineitem",
                              "Startup Cost": 0.0,
                              "Total Cost": 124602.43,
                              "Plan Rows": 1200243,
                              "Plan Width": 29,
                              "Output": [
                                "lineitem.l_orderkey",
                                "lineitem.l_partkey",
                                "lineitem.l_suppkey",
                                "lineitem.l_linenumber",
                                "lineitem.l_quantity",
                                "lineitem.l_extendedprice",
                                "lineitem.l_discount",
                                "lineitem.l_tax",
                                "lineitem.l_returnflag",
                                "lineitem.l_linestatus",
                                "lineitem.l_shipdate",
                                "lineitem.l_commitdate",
                                "lineitem.l_receiptdate",
                                "lineitem.l_shipinstruct",
                                "lineitem.l_shipmode",
                                "lineitem.l_comment"
                              ]
                            },
                            {
                              "Node Type": "Hash",
                              "Parent Relationship": "Inner",
                              "Parallel Aware": true,
                              "Async Capable": false,
                              "Startup Cost": 14794.72,
                              "Total Cost": 14794.72,
                              "Plan Rows": 18037,
                              "Plan Width": 126,
                              "Output": [
                                "part.p_partkey",
                                "partsupp.ps_supplycost",
                                "partsupp.ps_suppkey",
                                "partsupp.ps_partkey",
                                "supplier.s_suppkey",
                                "nation.n_name"
                              ],
                              "Plans": [
                                {
                                  "Node Type": "Hash Join",
                                  "Parent Relationship": "Outer",
                                  "Parallel Aware": false,
                                  "Async Capable": false,
                                  "Join Type": "Inner",
                                  "Startup Cost": 449.99,
                                  "Total Cost": 14794.72,
                                  "Plan Rows": 18037,
                                  "Plan Width": 126,
                                  "Output": [
                                    "part.p_partkey",
                                    "partsupp.ps_supplycost",
                                    "partsupp.ps_suppkey",
                                    "partsupp.ps_partkey",
                                    "supplier.s_suppkey",
                                    "nation.n_name"
                                  ],
                                  "Inner Unique": true,
                                  "Hash Cond": "(supplier.s_nationkey = nation.n_nationkey)",
                                  "Plans": [
                                    {
                                      "Node Type": "Hash Join",
                                      "Parent Relationship": "Outer",
                                      "Parallel Aware": false,
                                      "Async Capable": false,
                                      "Join Type": "Inner",
                                      "Startup Cost": 448.43,
                                      "Total Cost": 14737.79,
                                      "Plan Rows": 18037,
                                      "Plan Width": 26,
                                      "Output": [
                                        "part.p_partkey",
                                        "partsupp.ps_supplycost",
                                        "partsupp.ps_suppkey",
                                        "partsupp.ps_partkey",
                                        "supplier.s_suppkey",
                                        "supplier.s_nationkey"
                                      ],
                                      "Inner Unique": true,
                                      "Hash Cond": "(partsupp.ps_suppkey = supplier.s_suppkey)",
                                      "Plans": [
                                        {
                                          "Node Type": "Nested Loop",
                                          "Parent Relationship": "Outer",
                                          "Parallel Aware": false,
                                          "Async Capable": false,
                                          "Join Type": "Inner",
                                          "Startup Cost": 0.42,
                                          "Total Cost": 14242.42,
                                          "Plan Rows": 18037,
                                          "Plan Width": 18,
                                          "Output": [
                                            "part.p_partkey",
                                            "partsupp.ps_supplycost",
                                            "partsupp.ps_suppkey",
                                            "partsupp.ps_partkey"
                                          ],
                                          "Inner Unique": false,
                                          "Plans": [
                                            {
                                              "Node Type": "Seq Scan",
                                              "Parent Relationship": "Outer",
                                              "Parallel Aware": true,
                                              "Async Capable": false,
                                              "Relation Name": "part",
                                              "Schema": "public",
                                              "Alias": "part",
                                              "Startup Cost": 0.0,
                                              "Total Cost": 5169.67,
                                              "Plan Rows": 4509,
                                              "Plan Width": 4,
                                              "Output": [
                                                "part.p_partkey",
                                                "part.p_name",
                                                "part.p_mfgr",
                                                "part.p_brand",
                                                "part.p_type",
                                                "part.p_size",
                                                "part.p_container",
                                                "part.p_retailprice",
                                                "part.p_comment"
                                              ],
                                              "Filter": "((part.p_name)::text ~~ '%thistle%'::text)"
                                            },
                                            {
                                              "Node Type": "Index Scan",
                                              "Parent Relationship": "Inner",
                                              "Parallel Aware": false,
                                              "Async Capable": false,
                                              "Scan Direction": "Forward",
                                              "Index Name": "partsupp_pkey",
                                              "Relation Name": "partsupp",
                                              "Schema": "public",
                                              "Alias": "partsupp",
                                              "Startup Cost": 0.42,
                                              "Total Cost": 1.97,
                                              "Plan Rows": 4,
                                              "Plan Width": 14,
                                              "Output": [
                                                "partsupp.ps_partkey",
                                                "partsupp.ps_suppkey",
                                                "partsupp.ps_availqty",
                                                "partsupp.ps_supplycost",
                                                "partsupp.ps_comment"
                                              ],
                                              "Index Cond": "(partsupp.ps_partkey = part.p_partkey)"
                                            }
                                          ]
                                        },
                                        {
                                          "Node Type": "Hash",
                                          "Parent Relationship": "Inner",
                                          "Parallel Aware": false,
                                          "Async Capable": false,
                                          "Startup Cost": 323.0,
                                          "Total Cost": 323.0,
                                          "Plan Rows": 10000,
                                          "Plan Width": 8,
                                          "Output": [
                                            "supplier.s_suppkey",
                                            "supplier.s_nationkey"
                                          ],
                                          "Plans": [
                                            {
                                              "Node Type": "Seq Scan",
                                              "Parent Relationship": "Outer",
                                              "Parallel Aware": false,
                                              "Async Capable": false,
                                              "Relation Name": "supplier",
                                              "Schema": "public",
                                              "Alias": "supplier",
                                              "Startup Cost": 0.0,
                                              "Total Cost": 323.0,
                                              "Plan Rows": 10000,
                                              "Plan Width": 8,
                                              "Output": [
                                                "supplier.s_suppkey",
                                                "supplier.s_nationkey"
                                              ]
                                            }
                                          ]
                                        }
                                      ]
                                    },
                                    {
                                      "Node Type": "Hash",
                                      "Parent Relationship": "Inner",
                                      "Parallel Aware": false,
                                      "Async Capable": false,
                                      "Startup Cost": 1.25,
                                      "Total Cost": 1.25,
                                      "Plan Rows": 25,
                                      "Plan Width": 108,
                                      "Output": [
                                        "nation.n_name",
                                        "nation.n_nationkey"
                                      ],
                                      "Plans": [
                                        {
                                          "Node Type": "Seq Scan",
                                          "Parent Relationship": "Outer",
                                          "Parallel Aware": false,
                                          "Async Capable": false,
                                          "Relation Name": "nation",
                                          "Schema": "public",
                                          "Alias": "nation",
                                          "Startup Cost": 0.0,
                                          "Total Cost": 1.25,
                                          "Plan Rows": 25,
                                          "Plan Width": 108,
                                          "Output": [
                                            "nation.n_name",
                                            "nation.n_nationkey"
                                          ]
                                        }
                                      ]
                                    }
                                  ]
                                }
                              ]
                            }
                          ]
                        },
                        {
                          "Node Type": "Index Scan",
                          "Parent Relationship": "Inner",
                          "Parallel Aware": false,
                          "Async Capable": false,
                          "Scan Direction": "Forward",
                          "Index Name": "orders_pkey",
                          "Relation Name": "orders",
                          "Schema": "public",
                          "Alias": "orders",
                          "Startup Cost": 0.43,
                          "Total Cost": 0.45,
                          "Plan Rows": 1,
                          "Plan Width": 8,
                          "Output": [
                            "orders.o_orderkey",
                            "orders.o_custkey",
                            "orders.o_orderstatus",
                            "orders.o_totalprice",
                            "orders.o_orderdate",
                            "orders.o_orderpriority",
                            "orders.o_clerk",
                            "orders.o_shippriority",
                            "orders.o_comment"
                          ],
                          "Index Cond": "(orders.o_orderkey = lineitem.l_orderkey)"
                        }
                      ]
                    }
                  ]
                }
              ]
            }
          ]
        }
      ]
    },
    "JIT": {
      "Functions": 43,
      "Options": {
        "Inlining": false,
        "Optimization": false,
        "Expressions": true,
        "Deforming": true
      }
    }
  }
]
```

---

## 143. Q9_93_seed_754770852.sql

**File Path:** `/Users/brunowinter2000/Documents/Thesis/2025_2026/Plan-Level/Generated_Queries/Q9/Q9_93_seed_754770852.sql`

### EXPLAIN JSON

```json
[
  {
    "Plan": {
      "Node Type": "Sort",
      "Parallel Aware": false,
      "Async Capable": false,
      "Startup Cost": 219890.98,
      "Total Cost": 220041.36,
      "Plan Rows": 60150,
      "Plan Width": 168,
      "Output": [
        "nation.n_name",
        "(EXTRACT(year FROM orders.o_orderdate))",
        "(sum(((lineitem.l_extendedprice * ('1'::numeric - lineitem.l_discount)) - (partsupp.ps_supplycost * lineitem.l_quantity))))"
      ],
      "Sort Key": [
        "nation.n_name",
        "(EXTRACT(year FROM orders.o_orderdate)) DESC"
      ],
      "Plans": [
        {
          "Node Type": "Aggregate",
          "Strategy": "Hashed",
          "Partial Mode": "Finalize",
          "Parent Relationship": "Outer",
          "Parallel Aware": false,
          "Async Capable": false,
          "Startup Cost": 214213.94,
          "Total Cost": 215116.19,
          "Plan Rows": 60150,
          "Plan Width": 168,
          "Output": [
            "nation.n_name",
            "(EXTRACT(year FROM orders.o_orderdate))",
            "sum(((lineitem.l_extendedprice * ('1'::numeric - lineitem.l_discount)) - (partsupp.ps_supplycost * lineitem.l_quantity)))"
          ],
          "Group Key": [
            "nation.n_name",
            "(EXTRACT(year FROM orders.o_orderdate))"
          ],
          "Planned Partitions": 0,
          "Plans": [
            {
              "Node Type": "Gather",
              "Parent Relationship": "Outer",
              "Parallel Aware": false,
              "Async Capable": false,
              "Startup Cost": 180229.19,
              "Total Cost": 211206.44,
              "Plan Rows": 300750,
              "Plan Width": 168,
              "Output": [
                "nation.n_name",
                "(EXTRACT(year FROM orders.o_orderdate))",
                "(PARTIAL sum(((lineitem.l_extendedprice * ('1'::numeric - lineitem.l_discount)) - (partsupp.ps_supplycost * lineitem.l_quantity))))"
              ],
              "Workers Planned": 5,
              "Single Copy": false,
              "Plans": [
                {
                  "Node Type": "Aggregate",
                  "Strategy": "Hashed",
                  "Partial Mode": "Partial",
                  "Parent Relationship": "Outer",
                  "Parallel Aware": false,
                  "Async Capable": false,
                  "Startup Cost": 179229.19,
                  "Total Cost": 180131.44,
                  "Plan Rows": 60150,
                  "Plan Width": 168,
                  "Output": [
                    "nation.n_name",
                    "(EXTRACT(year FROM orders.o_orderdate))",
                    "PARTIAL sum(((lineitem.l_extendedprice * ('1'::numeric - lineitem.l_discount)) - (partsupp.ps_supplycost * lineitem.l_quantity)))"
                  ],
                  "Group Key": [
                    "nation.n_name",
                    "EXTRACT(year FROM orders.o_orderdate)"
                  ],
                  "Planned Partitions": 0,
                  "Plans": [
                    {
                      "Node Type": "Nested Loop",
                      "Parent Relationship": "Outer",
                      "Parallel Aware": false,
                      "Async Capable": false,
                      "Join Type": "Inner",
                      "Startup Cost": 15065.71,
                      "Total Cost": 178092.65,
                      "Plan Rows": 64945,
                      "Plan Width": 159,
                      "Output": [
                        "nation.n_name",
                        "EXTRACT(year FROM orders.o_orderdate)",
                        "lineitem.l_extendedprice",
                        "lineitem.l_discount",
                        "partsupp.ps_supplycost",
                        "lineitem.l_quantity"
                      ],
                      "Inner Unique": true,
                      "Plans": [
                        {
                          "Node Type": "Hash Join",
                          "Parent Relationship": "Outer",
                          "Parallel Aware": true,
                          "Async Capable": false,
                          "Join Type": "Inner",
                          "Startup Cost": 15065.28,
                          "Total Cost": 148669.64,
                          "Plan Rows": 64945,
                          "Plan Width": 131,
                          "Output": [
                            "lineitem.l_extendedprice",
                            "lineitem.l_discount",
                            "lineitem.l_quantity",
                            "lineitem.l_orderkey",
                            "partsupp.ps_supplycost",
                            "nation.n_name"
                          ],
                          "Inner Unique": false,
                          "Hash Cond": "((lineitem.l_suppkey = supplier.s_suppkey) AND (lineitem.l_partkey = partsupp.ps_partkey))",
                          "Plans": [
                            {
                              "Node Type": "Seq Scan",
                              "Parent Relationship": "Outer",
                              "Parallel Aware": true,
                              "Async Capable": false,
                              "Relation Name": "lineitem",
                              "Schema": "public",
                              "Alias": "lineitem",
                              "Startup Cost": 0.0,
                              "Total Cost": 124602.43,
                              "Plan Rows": 1200243,
                              "Plan Width": 29,
                              "Output": [
                                "lineitem.l_orderkey",
                                "lineitem.l_partkey",
                                "lineitem.l_suppkey",
                                "lineitem.l_linenumber",
                                "lineitem.l_quantity",
                                "lineitem.l_extendedprice",
                                "lineitem.l_discount",
                                "lineitem.l_tax",
                                "lineitem.l_returnflag",
                                "lineitem.l_linestatus",
                                "lineitem.l_shipdate",
                                "lineitem.l_commitdate",
                                "lineitem.l_receiptdate",
                                "lineitem.l_shipinstruct",
                                "lineitem.l_shipmode",
                                "lineitem.l_comment"
                              ]
                            },
                            {
                              "Node Type": "Hash",
                              "Parent Relationship": "Inner",
                              "Parallel Aware": true,
                              "Async Capable": false,
                              "Startup Cost": 14794.72,
                              "Total Cost": 14794.72,
                              "Plan Rows": 18037,
                              "Plan Width": 126,
                              "Output": [
                                "part.p_partkey",
                                "partsupp.ps_supplycost",
                                "partsupp.ps_suppkey",
                                "partsupp.ps_partkey",
                                "supplier.s_suppkey",
                                "nation.n_name"
                              ],
                              "Plans": [
                                {
                                  "Node Type": "Hash Join",
                                  "Parent Relationship": "Outer",
                                  "Parallel Aware": false,
                                  "Async Capable": false,
                                  "Join Type": "Inner",
                                  "Startup Cost": 449.99,
                                  "Total Cost": 14794.72,
                                  "Plan Rows": 18037,
                                  "Plan Width": 126,
                                  "Output": [
                                    "part.p_partkey",
                                    "partsupp.ps_supplycost",
                                    "partsupp.ps_suppkey",
                                    "partsupp.ps_partkey",
                                    "supplier.s_suppkey",
                                    "nation.n_name"
                                  ],
                                  "Inner Unique": true,
                                  "Hash Cond": "(supplier.s_nationkey = nation.n_nationkey)",
                                  "Plans": [
                                    {
                                      "Node Type": "Hash Join",
                                      "Parent Relationship": "Outer",
                                      "Parallel Aware": false,
                                      "Async Capable": false,
                                      "Join Type": "Inner",
                                      "Startup Cost": 448.43,
                                      "Total Cost": 14737.79,
                                      "Plan Rows": 18037,
                                      "Plan Width": 26,
                                      "Output": [
                                        "part.p_partkey",
                                        "partsupp.ps_supplycost",
                                        "partsupp.ps_suppkey",
                                        "partsupp.ps_partkey",
                                        "supplier.s_suppkey",
                                        "supplier.s_nationkey"
                                      ],
                                      "Inner Unique": true,
                                      "Hash Cond": "(partsupp.ps_suppkey = supplier.s_suppkey)",
                                      "Plans": [
                                        {
                                          "Node Type": "Nested Loop",
                                          "Parent Relationship": "Outer",
                                          "Parallel Aware": false,
                                          "Async Capable": false,
                                          "Join Type": "Inner",
                                          "Startup Cost": 0.42,
                                          "Total Cost": 14242.42,
                                          "Plan Rows": 18037,
                                          "Plan Width": 18,
                                          "Output": [
                                            "part.p_partkey",
                                            "partsupp.ps_supplycost",
                                            "partsupp.ps_suppkey",
                                            "partsupp.ps_partkey"
                                          ],
                                          "Inner Unique": false,
                                          "Plans": [
                                            {
                                              "Node Type": "Seq Scan",
                                              "Parent Relationship": "Outer",
                                              "Parallel Aware": true,
                                              "Async Capable": false,
                                              "Relation Name": "part",
                                              "Schema": "public",
                                              "Alias": "part",
                                              "Startup Cost": 0.0,
                                              "Total Cost": 5169.67,
                                              "Plan Rows": 4509,
                                              "Plan Width": 4,
                                              "Output": [
                                                "part.p_partkey",
                                                "part.p_name",
                                                "part.p_mfgr",
                                                "part.p_brand",
                                                "part.p_type",
                                                "part.p_size",
                                                "part.p_container",
                                                "part.p_retailprice",
                                                "part.p_comment"
                                              ],
                                              "Filter": "((part.p_name)::text ~~ '%khaki%'::text)"
                                            },
                                            {
                                              "Node Type": "Index Scan",
                                              "Parent Relationship": "Inner",
                                              "Parallel Aware": false,
                                              "Async Capable": false,
                                              "Scan Direction": "Forward",
                                              "Index Name": "partsupp_pkey",
                                              "Relation Name": "partsupp",
                                              "Schema": "public",
                                              "Alias": "partsupp",
                                              "Startup Cost": 0.42,
                                              "Total Cost": 1.97,
                                              "Plan Rows": 4,
                                              "Plan Width": 14,
                                              "Output": [
                                                "partsupp.ps_partkey",
                                                "partsupp.ps_suppkey",
                                                "partsupp.ps_availqty",
                                                "partsupp.ps_supplycost",
                                                "partsupp.ps_comment"
                                              ],
                                              "Index Cond": "(partsupp.ps_partkey = part.p_partkey)"
                                            }
                                          ]
                                        },
                                        {
                                          "Node Type": "Hash",
                                          "Parent Relationship": "Inner",
                                          "Parallel Aware": false,
                                          "Async Capable": false,
                                          "Startup Cost": 323.0,
                                          "Total Cost": 323.0,
                                          "Plan Rows": 10000,
                                          "Plan Width": 8,
                                          "Output": [
                                            "supplier.s_suppkey",
                                            "supplier.s_nationkey"
                                          ],
                                          "Plans": [
                                            {
                                              "Node Type": "Seq Scan",
                                              "Parent Relationship": "Outer",
                                              "Parallel Aware": false,
                                              "Async Capable": false,
                                              "Relation Name": "supplier",
                                              "Schema": "public",
                                              "Alias": "supplier",
                                              "Startup Cost": 0.0,
                                              "Total Cost": 323.0,
                                              "Plan Rows": 10000,
                                              "Plan Width": 8,
                                              "Output": [
                                                "supplier.s_suppkey",
                                                "supplier.s_nationkey"
                                              ]
                                            }
                                          ]
                                        }
                                      ]
                                    },
                                    {
                                      "Node Type": "Hash",
                                      "Parent Relationship": "Inner",
                                      "Parallel Aware": false,
                                      "Async Capable": false,
                                      "Startup Cost": 1.25,
                                      "Total Cost": 1.25,
                                      "Plan Rows": 25,
                                      "Plan Width": 108,
                                      "Output": [
                                        "nation.n_name",
                                        "nation.n_nationkey"
                                      ],
                                      "Plans": [
                                        {
                                          "Node Type": "Seq Scan",
                                          "Parent Relationship": "Outer",
                                          "Parallel Aware": false,
                                          "Async Capable": false,
                                          "Relation Name": "nation",
                                          "Schema": "public",
                                          "Alias": "nation",
                                          "Startup Cost": 0.0,
                                          "Total Cost": 1.25,
                                          "Plan Rows": 25,
                                          "Plan Width": 108,
                                          "Output": [
                                            "nation.n_name",
                                            "nation.n_nationkey"
                                          ]
                                        }
                                      ]
                                    }
                                  ]
                                }
                              ]
                            }
                          ]
                        },
                        {
                          "Node Type": "Index Scan",
                          "Parent Relationship": "Inner",
                          "Parallel Aware": false,
                          "Async Capable": false,
                          "Scan Direction": "Forward",
                          "Index Name": "orders_pkey",
                          "Relation Name": "orders",
                          "Schema": "public",
                          "Alias": "orders",
                          "Startup Cost": 0.43,
                          "Total Cost": 0.45,
                          "Plan Rows": 1,
                          "Plan Width": 8,
                          "Output": [
                            "orders.o_orderkey",
                            "orders.o_custkey",
                            "orders.o_orderstatus",
                            "orders.o_totalprice",
                            "orders.o_orderdate",
                            "orders.o_orderpriority",
                            "orders.o_clerk",
                            "orders.o_shippriority",
                            "orders.o_comment"
                          ],
                          "Index Cond": "(orders.o_orderkey = lineitem.l_orderkey)"
                        }
                      ]
                    }
                  ]
                }
              ]
            }
          ]
        }
      ]
    },
    "JIT": {
      "Functions": 43,
      "Options": {
        "Inlining": false,
        "Optimization": false,
        "Expressions": true,
        "Deforming": true
      }
    }
  }
]
```

---

## 144. Q9_94_seed_762974883.sql

**File Path:** `/Users/brunowinter2000/Documents/Thesis/2025_2026/Plan-Level/Generated_Queries/Q9/Q9_94_seed_762974883.sql`

### EXPLAIN JSON

```json
[
  {
    "Plan": {
      "Node Type": "Sort",
      "Parallel Aware": false,
      "Async Capable": false,
      "Startup Cost": 213386.21,
      "Total Cost": 213536.59,
      "Plan Rows": 60150,
      "Plan Width": 168,
      "Output": [
        "nation.n_name",
        "(EXTRACT(year FROM orders.o_orderdate))",
        "(sum(((lineitem.l_extendedprice * ('1'::numeric - lineitem.l_discount)) - (partsupp.ps_supplycost * lineitem.l_quantity))))"
      ],
      "Sort Key": [
        "nation.n_name",
        "(EXTRACT(year FROM orders.o_orderdate)) DESC"
      ],
      "Plans": [
        {
          "Node Type": "Aggregate",
          "Strategy": "Hashed",
          "Partial Mode": "Finalize",
          "Parent Relationship": "Outer",
          "Parallel Aware": false,
          "Async Capable": false,
          "Startup Cost": 207709.17,
          "Total Cost": 208611.42,
          "Plan Rows": 60150,
          "Plan Width": 168,
          "Output": [
            "nation.n_name",
            "(EXTRACT(year FROM orders.o_orderdate))",
            "sum(((lineitem.l_extendedprice * ('1'::numeric - lineitem.l_discount)) - (partsupp.ps_supplycost * lineitem.l_quantity)))"
          ],
          "Group Key": [
            "nation.n_name",
            "(EXTRACT(year FROM orders.o_orderdate))"
          ],
          "Planned Partitions": 0,
          "Plans": [
            {
              "Node Type": "Gather",
              "Parent Relationship": "Outer",
              "Parallel Aware": false,
              "Async Capable": false,
              "Startup Cost": 186957.42,
              "Total Cost": 205904.67,
              "Plan Rows": 180450,
              "Plan Width": 168,
              "Output": [
                "nation.n_name",
                "(EXTRACT(year FROM orders.o_orderdate))",
                "(PARTIAL sum(((lineitem.l_extendedprice * ('1'::numeric - lineitem.l_discount)) - (partsupp.ps_supplycost * lineitem.l_quantity))))"
              ],
              "Workers Planned": 3,
              "Single Copy": false,
              "Plans": [
                {
                  "Node Type": "Aggregate",
                  "Strategy": "Hashed",
                  "Partial Mode": "Partial",
                  "Parent Relationship": "Outer",
                  "Parallel Aware": false,
                  "Async Capable": false,
                  "Startup Cost": 185957.42,
                  "Total Cost": 186859.67,
                  "Plan Rows": 60150,
                  "Plan Width": 168,
                  "Output": [
                    "nation.n_name",
                    "(EXTRACT(year FROM orders.o_orderdate))",
                    "PARTIAL sum(((lineitem.l_extendedprice * ('1'::numeric - lineitem.l_discount)) - (partsupp.ps_supplycost * lineitem.l_quantity)))"
                  ],
                  "Group Key": [
                    "nation.n_name",
                    "EXTRACT(year FROM orders.o_orderdate)"
                  ],
                  "Planned Partitions": 0,
                  "Plans": [
                    {
                      "Node Type": "Hash Join",
                      "Parent Relationship": "Outer",
                      "Parallel Aware": true,
                      "Async Capable": false,
                      "Join Type": "Inner",
                      "Startup Cost": 150436.94,
                      "Total Cost": 183784.83,
                      "Plan Rows": 124148,
                      "Plan Width": 159,
                      "Output": [
                        "nation.n_name",
                        "EXTRACT(year FROM orders.o_orderdate)",
                        "lineitem.l_extendedprice",
                        "lineitem.l_discount",
                        "partsupp.ps_supplycost",
                        "lineitem.l_quantity"
                      ],
                      "Inner Unique": false,
                      "Hash Cond": "(orders.o_orderkey = lineitem.l_orderkey)",
                      "Plans": [
                        {
                          "Node Type": "Seq Scan",
                          "Parent Relationship": "Outer",
                          "Parallel Aware": true,
                          "Async Capable": false,
                          "Relation Name": "orders",
                          "Schema": "public",
                          "Alias": "orders",
                          "Startup Cost": 0.0,
                          "Total Cost": 30974.71,
                          "Plan Rows": 483871,
                          "Plan Width": 8,
                          "Output": [
                            "orders.o_orderkey",
                            "orders.o_custkey",
                            "orders.o_orderstatus",
                            "orders.o_totalprice",
                            "orders.o_orderdate",
                            "orders.o_orderpriority",
                            "orders.o_clerk",
                            "orders.o_shippriority",
                            "orders.o_comment"
                          ]
                        },
                        {
                          "Node Type": "Hash",
                          "Parent Relationship": "Inner",
                          "Parallel Aware": true,
                          "Async Capable": false,
                          "Startup Cost": 149474.79,
                          "Total Cost": 149474.79,
                          "Plan Rows": 76972,
                          "Plan Width": 131,
                          "Output": [
                            "lineitem.l_extendedprice",
                            "lineitem.l_discount",
                            "lineitem.l_quantity",
                            "lineitem.l_orderkey",
                            "partsupp.ps_supplycost",
                            "nation.n_name"
                          ],
                          "Plans": [
                            {
                              "Node Type": "Hash Join",
                              "Parent Relationship": "Outer",
                              "Parallel Aware": true,
                              "Async Capable": false,
                              "Join Type": "Inner",
                              "Startup Cost": 15870.41,
                              "Total Cost": 149474.79,
                              "Plan Rows": 76972,
                              "Plan Width": 131,
                              "Output": [
                                "lineitem.l_extendedprice",
                                "lineitem.l_discount",
                                "lineitem.l_quantity",
                                "lineitem.l_orderkey",
                                "partsupp.ps_supplycost",
                                "nation.n_name"
                              ],
                              "Inner Unique": false,
                              "Hash Cond": "((lineitem.l_suppkey = supplier.s_suppkey) AND (lineitem.l_partkey = partsupp.ps_partkey))",
                              "Plans": [
                                {
                                  "Node Type": "Seq Scan",
                                  "Parent Relationship": "Outer",
                                  "Parallel Aware": true,
                                  "Async Capable": false,
                                  "Relation Name": "lineitem",
                                  "Schema": "public",
                                  "Alias": "lineitem",
                                  "Startup Cost": 0.0,
                                  "Total Cost": 124602.43,
                                  "Plan Rows": 1200243,
                                  "Plan Width": 29,
                                  "Output": [
                                    "lineitem.l_orderkey",
                                    "lineitem.l_partkey",
                                    "lineitem.l_suppkey",
                                    "lineitem.l_linenumber",
                                    "lineitem.l_quantity",
                                    "lineitem.l_extendedprice",
                                    "lineitem.l_discount",
                                    "lineitem.l_tax",
                                    "lineitem.l_returnflag",
                                    "lineitem.l_linestatus",
                                    "lineitem.l_shipdate",
                                    "lineitem.l_commitdate",
                                    "lineitem.l_receiptdate",
                                    "lineitem.l_shipinstruct",
                                    "lineitem.l_shipmode",
                                    "lineitem.l_comment"
                                  ]
                                },
                                {
                                  "Node Type": "Hash",
                                  "Parent Relationship": "Inner",
                                  "Parallel Aware": true,
                                  "Async Capable": false,
                                  "Startup Cost": 15549.75,
                                  "Total Cost": 15549.75,
                                  "Plan Rows": 21377,
                                  "Plan Width": 126,
                                  "Output": [
                                    "part.p_partkey",
                                    "partsupp.ps_supplycost",
                                    "partsupp.ps_suppkey",
                                    "partsupp.ps_partkey",
                                    "supplier.s_suppkey",
                                    "nation.n_name"
                                  ],
                                  "Plans": [
                                    {
                                      "Node Type": "Hash Join",
                                      "Parent Relationship": "Outer",
                                      "Parallel Aware": false,
                                      "Async Capable": false,
                                      "Join Type": "Inner",
                                      "Startup Cost": 449.99,
                                      "Total Cost": 15549.75,
                                      "Plan Rows": 21377,
                                      "Plan Width": 126,
                                      "Output": [
                                        "part.p_partkey",
                                        "partsupp.ps_supplycost",
                                        "partsupp.ps_suppkey",
                                        "partsupp.ps_partkey",
                                        "supplier.s_suppkey",
                                        "nation.n_name"
                                      ],
                                      "Inner Unique": true,
                                      "Hash Cond": "(supplier.s_nationkey = nation.n_nationkey)",
                                      "Plans": [
                                        {
                                          "Node Type": "Hash Join",
                                          "Parent Relationship": "Outer",
                                          "Parallel Aware": false,
                                          "Async Capable": false,
                                          "Join Type": "Inner",
                                          "Startup Cost": 448.43,
                                          "Total Cost": 15482.56,
                                          "Plan Rows": 21377,
                                          "Plan Width": 26,
                                          "Output": [
                                            "part.p_partkey",
                                            "partsupp.ps_supplycost",
                                            "partsupp.ps_suppkey",
                                            "partsupp.ps_partkey",
                                            "supplier.s_suppkey",
                                            "supplier.s_nationkey"
                                          ],
                                          "Inner Unique": true,
                                          "Hash Cond": "(partsupp.ps_suppkey = supplier.s_suppkey)",
                                          "Plans": [
                                            {
                                              "Node Type": "Nested Loop",
                                              "Parent Relationship": "Outer",
                                              "Parallel Aware": false,
                                              "Async Capable": false,
                                              "Join Type": "Inner",
                                              "Startup Cost": 0.42,
                                              "Total Cost": 14978.42,
                                              "Plan Rows": 21377,
                                              "Plan Width": 18,
                                              "Output": [
                                                "part.p_partkey",
                                                "partsupp.ps_supplycost",
                                                "partsupp.ps_suppkey",
                                                "partsupp.ps_partkey"
                                              ],
                                              "Inner Unique": false,
                                              "Plans": [
                                                {
                                                  "Node Type": "Seq Scan",
                                                  "Parent Relationship": "Outer",
                                                  "Parallel Aware": true,
                                                  "Async Capable": false,
                                                  "Relation Name": "part",
                                                  "Schema": "public",
                                                  "Alias": "part",
                                                  "Startup Cost": 0.0,
                                                  "Total Cost": 5169.67,
                                                  "Plan Rows": 5344,
                                                  "Plan Width": 4,
                                                  "Output": [
                                                    "part.p_partkey",
                                                    "part.p_name",
                                                    "part.p_mfgr",
                                                    "part.p_brand",
                                                    "part.p_type",
                                                    "part.p_size",
                                                    "part.p_container",
                                                    "part.p_retailprice",
                                                    "part.p_comment"
                                                  ],
                                                  "Filter": "((part.p_name)::text ~~ '%tan%'::text)"
                                                },
                                                {
                                                  "Node Type": "Index Scan",
                                                  "Parent Relationship": "Inner",
                                                  "Parallel Aware": false,
                                                  "Async Capable": false,
                                                  "Scan Direction": "Forward",
                                                  "Index Name": "partsupp_pkey",
                                                  "Relation Name": "partsupp",
                                                  "Schema": "public",
                                                  "Alias": "partsupp",
                                                  "Startup Cost": 0.42,
                                                  "Total Cost": 1.8,
                                                  "Plan Rows": 4,
                                                  "Plan Width": 14,
                                                  "Output": [
                                                    "partsupp.ps_partkey",
                                                    "partsupp.ps_suppkey",
                                                    "partsupp.ps_availqty",
                                                    "partsupp.ps_supplycost",
                                                    "partsupp.ps_comment"
                                                  ],
                                                  "Index Cond": "(partsupp.ps_partkey = part.p_partkey)"
                                                }
                                              ]
                                            },
                                            {
                                              "Node Type": "Hash",
                                              "Parent Relationship": "Inner",
                                              "Parallel Aware": false,
                                              "Async Capable": false,
                                              "Startup Cost": 323.0,
                                              "Total Cost": 323.0,
                                              "Plan Rows": 10000,
                                              "Plan Width": 8,
                                              "Output": [
                                                "supplier.s_suppkey",
                                                "supplier.s_nationkey"
                                              ],
                                              "Plans": [
                                                {
                                                  "Node Type": "Seq Scan",
                                                  "Parent Relationship": "Outer",
                                                  "Parallel Aware": false,
                                                  "Async Capable": false,
                                                  "Relation Name": "supplier",
                                                  "Schema": "public",
                                                  "Alias": "supplier",
                                                  "Startup Cost": 0.0,
                                                  "Total Cost": 323.0,
                                                  "Plan Rows": 10000,
                                                  "Plan Width": 8,
                                                  "Output": [
                                                    "supplier.s_suppkey",
                                                    "supplier.s_nationkey"
                                                  ]
                                                }
                                              ]
                                            }
                                          ]
                                        },
                                        {
                                          "Node Type": "Hash",
                                          "Parent Relationship": "Inner",
                                          "Parallel Aware": false,
                                          "Async Capable": false,
                                          "Startup Cost": 1.25,
                                          "Total Cost": 1.25,
                                          "Plan Rows": 25,
                                          "Plan Width": 108,
                                          "Output": [
                                            "nation.n_name",
                                            "nation.n_nationkey"
                                          ],
                                          "Plans": [
                                            {
                                              "Node Type": "Seq Scan",
                                              "Parent Relationship": "Outer",
                                              "Parallel Aware": false,
                                              "Async Capable": false,
                                              "Relation Name": "nation",
                                              "Schema": "public",
                                              "Alias": "nation",
                                              "Startup Cost": 0.0,
                                              "Total Cost": 1.25,
                                              "Plan Rows": 25,
                                              "Plan Width": 108,
                                              "Output": [
                                                "nation.n_name",
                                                "nation.n_nationkey"
                                              ]
                                            }
                                          ]
                                        }
                                      ]
                                    }
                                  ]
                                }
                              ]
                            }
                          ]
                        }
                      ]
                    }
                  ]
                }
              ]
            }
          ]
        }
      ]
    },
    "JIT": {
      "Functions": 48,
      "Options": {
        "Inlining": false,
        "Optimization": false,
        "Expressions": true,
        "Deforming": true
      }
    }
  }
]
```

---

## 145. Q9_95_seed_771178914.sql

**File Path:** `/Users/brunowinter2000/Documents/Thesis/2025_2026/Plan-Level/Generated_Queries/Q9/Q9_95_seed_771178914.sql`

### EXPLAIN JSON

```json
[
  {
    "Plan": {
      "Node Type": "Sort",
      "Parallel Aware": false,
      "Async Capable": false,
      "Startup Cost": 203830.47,
      "Total Cost": 203980.85,
      "Plan Rows": 60150,
      "Plan Width": 168,
      "Output": [
        "nation.n_name",
        "(EXTRACT(year FROM orders.o_orderdate))",
        "(sum(((lineitem.l_extendedprice * ('1'::numeric - lineitem.l_discount)) - (partsupp.ps_supplycost * lineitem.l_quantity))))"
      ],
      "Sort Key": [
        "nation.n_name",
        "(EXTRACT(year FROM orders.o_orderdate)) DESC"
      ],
      "Plans": [
        {
          "Node Type": "Aggregate",
          "Strategy": "Hashed",
          "Partial Mode": "Finalize",
          "Parent Relationship": "Outer",
          "Parallel Aware": false,
          "Async Capable": false,
          "Startup Cost": 198153.43,
          "Total Cost": 199055.68,
          "Plan Rows": 60150,
          "Plan Width": 168,
          "Output": [
            "nation.n_name",
            "(EXTRACT(year FROM orders.o_orderdate))",
            "sum(((lineitem.l_extendedprice * ('1'::numeric - lineitem.l_discount)) - (partsupp.ps_supplycost * lineitem.l_quantity)))"
          ],
          "Group Key": [
            "nation.n_name",
            "(EXTRACT(year FROM orders.o_orderdate))"
          ],
          "Planned Partitions": 0,
          "Plans": [
            {
              "Node Type": "Gather",
              "Parent Relationship": "Outer",
              "Parallel Aware": false,
              "Async Capable": false,
              "Startup Cost": 170973.54,
              "Total Cost": 195748.13,
              "Plan Rows": 240530,
              "Plan Width": 168,
              "Output": [
                "nation.n_name",
                "(EXTRACT(year FROM orders.o_orderdate))",
                "(PARTIAL sum(((lineitem.l_extendedprice * ('1'::numeric - lineitem.l_discount)) - (partsupp.ps_supplycost * lineitem.l_quantity))))"
              ],
              "Workers Planned": 5,
              "Single Copy": false,
              "Plans": [
                {
                  "Node Type": "Aggregate",
                  "Strategy": "Hashed",
                  "Partial Mode": "Partial",
                  "Parent Relationship": "Outer",
                  "Parallel Aware": false,
                  "Async Capable": false,
                  "Startup Cost": 169973.54,
                  "Total Cost": 170695.13,
                  "Plan Rows": 48106,
                  "Plan Width": 168,
                  "Output": [
                    "nation.n_name",
                    "(EXTRACT(year FROM orders.o_orderdate))",
                    "PARTIAL sum(((lineitem.l_extendedprice * ('1'::numeric - lineitem.l_discount)) - (partsupp.ps_supplycost * lineitem.l_quantity)))"
                  ],
                  "Group Key": [
                    "nation.n_name",
                    "EXTRACT(year FROM orders.o_orderdate)"
                  ],
                  "Planned Partitions": 0,
                  "Plans": [
                    {
                      "Node Type": "Nested Loop",
                      "Parent Relationship": "Outer",
                      "Parallel Aware": false,
                      "Async Capable": false,
                      "Join Type": "Inner",
                      "Startup Cost": 13733.6,
                      "Total Cost": 169131.69,
                      "Plan Rows": 48106,
                      "Plan Width": 159,
                      "Output": [
                        "nation.n_name",
                        "EXTRACT(year FROM orders.o_orderdate)",
                        "lineitem.l_extendedprice",
                        "lineitem.l_discount",
                        "partsupp.ps_supplycost",
                        "lineitem.l_quantity"
                      ],
                      "Inner Unique": true,
                      "Plans": [
                        {
                          "Node Type": "Hash Join",
                          "Parent Relationship": "Outer",
                          "Parallel Aware": true,
                          "Async Capable": false,
                          "Join Type": "Inner",
                          "Startup Cost": 13733.17,
                          "Total Cost": 147337.5,
                          "Plan Rows": 48106,
                          "Plan Width": 131,
                          "Output": [
                            "lineitem.l_extendedprice",
                            "lineitem.l_discount",
                            "lineitem.l_quantity",
                            "lineitem.l_orderkey",
                            "partsupp.ps_supplycost",
                            "nation.n_name"
                          ],
                          "Inner Unique": false,
                          "Hash Cond": "((lineitem.l_suppkey = supplier.s_suppkey) AND (lineitem.l_partkey = partsupp.ps_partkey))",
                          "Plans": [
                            {
                              "Node Type": "Seq Scan",
                              "Parent Relationship": "Outer",
                              "Parallel Aware": true,
                              "Async Capable": false,
                              "Relation Name": "lineitem",
                              "Schema": "public",
                              "Alias": "lineitem",
                              "Startup Cost": 0.0,
                              "Total Cost": 124602.43,
                              "Plan Rows": 1200243,
                              "Plan Width": 29,
                              "Output": [
                                "lineitem.l_orderkey",
                                "lineitem.l_partkey",
                                "lineitem.l_suppkey",
                                "lineitem.l_linenumber",
                                "lineitem.l_quantity",
                                "lineitem.l_extendedprice",
                                "lineitem.l_discount",
                                "lineitem.l_tax",
                                "lineitem.l_returnflag",
                                "lineitem.l_linestatus",
                                "lineitem.l_shipdate",
                                "lineitem.l_commitdate",
                                "lineitem.l_receiptdate",
                                "lineitem.l_shipinstruct",
                                "lineitem.l_shipmode",
                                "lineitem.l_comment"
                              ]
                            },
                            {
                              "Node Type": "Hash",
                              "Parent Relationship": "Inner",
                              "Parallel Aware": true,
                              "Async Capable": false,
                              "Startup Cost": 13532.77,
                              "Total Cost": 13532.77,
                              "Plan Rows": 13360,
                              "Plan Width": 126,
                              "Output": [
                                "part.p_partkey",
                                "partsupp.ps_supplycost",
                                "partsupp.ps_suppkey",
                                "partsupp.ps_partkey",
                                "supplier.s_suppkey",
                                "nation.n_name"
                              ],
                              "Plans": [
                                {
                                  "Node Type": "Hash Join",
                                  "Parent Relationship": "Outer",
                                  "Parallel Aware": false,
                                  "Async Capable": false,
                                  "Join Type": "Inner",
                                  "Startup Cost": 449.99,
                                  "Total Cost": 13532.77,
                                  "Plan Rows": 13360,
                                  "Plan Width": 126,
                                  "Output": [
                                    "part.p_partkey",
                                    "partsupp.ps_supplycost",
                                    "partsupp.ps_suppkey",
                                    "partsupp.ps_partkey",
                                    "supplier.s_suppkey",
                                    "nation.n_name"
                                  ],
                                  "Inner Unique": true,
                                  "Hash Cond": "(supplier.s_nationkey = nation.n_nationkey)",
                                  "Plans": [
                                    {
                                      "Node Type": "Hash Join",
                                      "Parent Relationship": "Outer",
                                      "Parallel Aware": false,
                                      "Async Capable": false,
                                      "Join Type": "Inner",
                                      "Startup Cost": 448.43,
                                      "Total Cost": 13490.2,
                                      "Plan Rows": 13360,
                                      "Plan Width": 26,
                                      "Output": [
                                        "part.p_partkey",
                                        "partsupp.ps_supplycost",
                                        "partsupp.ps_suppkey",
                                        "partsupp.ps_partkey",
                                        "supplier.s_suppkey",
                                        "supplier.s_nationkey"
                                      ],
                                      "Inner Unique": true,
                                      "Hash Cond": "(partsupp.ps_suppkey = supplier.s_suppkey)",
                                      "Plans": [
                                        {
                                          "Node Type": "Nested Loop",
                                          "Parent Relationship": "Outer",
                                          "Parallel Aware": false,
                                          "Async Capable": false,
                                          "Join Type": "Inner",
                                          "Startup Cost": 0.42,
                                          "Total Cost": 13007.12,
                                          "Plan Rows": 13360,
                                          "Plan Width": 18,
                                          "Output": [
                                            "part.p_partkey",
                                            "partsupp.ps_supplycost",
                                            "partsupp.ps_suppkey",
                                            "partsupp.ps_partkey"
                                          ],
                                          "Inner Unique": false,
                                          "Plans": [
                                            {
                                              "Node Type": "Seq Scan",
                                              "Parent Relationship": "Outer",
                                              "Parallel Aware": true,
                                              "Async Capable": false,
                                              "Relation Name": "part",
                                              "Schema": "public",
                                              "Alias": "part",
                                              "Startup Cost": 0.0,
                                              "Total Cost": 5169.67,
                                              "Plan Rows": 3340,
                                              "Plan Width": 4,
                                              "Output": [
                                                "part.p_partkey",
                                                "part.p_name",
                                                "part.p_mfgr",
                                                "part.p_brand",
                                                "part.p_type",
                                                "part.p_size",
                                                "part.p_container",
                                                "part.p_retailprice",
                                                "part.p_comment"
                                              ],
                                              "Filter": "((part.p_name)::text ~~ '%ivory%'::text)"
                                            },
                                            {
                                              "Node Type": "Index Scan",
                                              "Parent Relationship": "Inner",
                                              "Parallel Aware": false,
                                              "Async Capable": false,
                                              "Scan Direction": "Forward",
                                              "Index Name": "partsupp_pkey",
                                              "Relation Name": "partsupp",
                                              "Schema": "public",
                                              "Alias": "partsupp",
                                              "Startup Cost": 0.42,
                                              "Total Cost": 2.31,
                                              "Plan Rows": 4,
                                              "Plan Width": 14,
                                              "Output": [
                                                "partsupp.ps_partkey",
                                                "partsupp.ps_suppkey",
                                                "partsupp.ps_availqty",
                                                "partsupp.ps_supplycost",
                                                "partsupp.ps_comment"
                                              ],
                                              "Index Cond": "(partsupp.ps_partkey = part.p_partkey)"
                                            }
                                          ]
                                        },
                                        {
                                          "Node Type": "Hash",
                                          "Parent Relationship": "Inner",
                                          "Parallel Aware": false,
                                          "Async Capable": false,
                                          "Startup Cost": 323.0,
                                          "Total Cost": 323.0,
                                          "Plan Rows": 10000,
                                          "Plan Width": 8,
                                          "Output": [
                                            "supplier.s_suppkey",
                                            "supplier.s_nationkey"
                                          ],
                                          "Plans": [
                                            {
                                              "Node Type": "Seq Scan",
                                              "Parent Relationship": "Outer",
                                              "Parallel Aware": false,
                                              "Async Capable": false,
                                              "Relation Name": "supplier",
                                              "Schema": "public",
                                              "Alias": "supplier",
                                              "Startup Cost": 0.0,
                                              "Total Cost": 323.0,
                                              "Plan Rows": 10000,
                                              "Plan Width": 8,
                                              "Output": [
                                                "supplier.s_suppkey",
                                                "supplier.s_nationkey"
                                              ]
                                            }
                                          ]
                                        }
                                      ]
                                    },
                                    {
                                      "Node Type": "Hash",
                                      "Parent Relationship": "Inner",
                                      "Parallel Aware": false,
                                      "Async Capable": false,
                                      "Startup Cost": 1.25,
                                      "Total Cost": 1.25,
                                      "Plan Rows": 25,
                                      "Plan Width": 108,
                                      "Output": [
                                        "nation.n_name",
                                        "nation.n_nationkey"
                                      ],
                                      "Plans": [
                                        {
                                          "Node Type": "Seq Scan",
                                          "Parent Relationship": "Outer",
                                          "Parallel Aware": false,
                                          "Async Capable": false,
                                          "Relation Name": "nation",
                                          "Schema": "public",
                                          "Alias": "nation",
                                          "Startup Cost": 0.0,
                                          "Total Cost": 1.25,
                                          "Plan Rows": 25,
                                          "Plan Width": 108,
                                          "Output": [
                                            "nation.n_name",
                                            "nation.n_nationkey"
                                          ]
                                        }
                                      ]
                                    }
                                  ]
                                }
                              ]
                            }
                          ]
                        },
                        {
                          "Node Type": "Index Scan",
                          "Parent Relationship": "Inner",
                          "Parallel Aware": false,
                          "Async Capable": false,
                          "Scan Direction": "Forward",
                          "Index Name": "orders_pkey",
                          "Relation Name": "orders",
                          "Schema": "public",
                          "Alias": "orders",
                          "Startup Cost": 0.43,
                          "Total Cost": 0.45,
                          "Plan Rows": 1,
                          "Plan Width": 8,
                          "Output": [
                            "orders.o_orderkey",
                            "orders.o_custkey",
                            "orders.o_orderstatus",
                            "orders.o_totalprice",
                            "orders.o_orderdate",
                            "orders.o_orderpriority",
                            "orders.o_clerk",
                            "orders.o_shippriority",
                            "orders.o_comment"
                          ],
                          "Index Cond": "(orders.o_orderkey = lineitem.l_orderkey)"
                        }
                      ]
                    }
                  ]
                }
              ]
            }
          ]
        }
      ]
    },
    "JIT": {
      "Functions": 43,
      "Options": {
        "Inlining": false,
        "Optimization": false,
        "Expressions": true,
        "Deforming": true
      }
    }
  }
]
```

---

## 146. Q9_96_seed_779382945.sql

**File Path:** `/Users/brunowinter2000/Documents/Thesis/2025_2026/Plan-Level/Generated_Queries/Q9/Q9_96_seed_779382945.sql`

### EXPLAIN JSON

```json
[
  {
    "Plan": {
      "Node Type": "Sort",
      "Parallel Aware": false,
      "Async Capable": false,
      "Startup Cost": 222478.18,
      "Total Cost": 222628.55,
      "Plan Rows": 60150,
      "Plan Width": 168,
      "Output": [
        "nation.n_name",
        "(EXTRACT(year FROM orders.o_orderdate))",
        "(sum(((lineitem.l_extendedprice * ('1'::numeric - lineitem.l_discount)) - (partsupp.ps_supplycost * lineitem.l_quantity))))"
      ],
      "Sort Key": [
        "nation.n_name",
        "(EXTRACT(year FROM orders.o_orderdate)) DESC"
      ],
      "Plans": [
        {
          "Node Type": "Aggregate",
          "Strategy": "Hashed",
          "Partial Mode": "Finalize",
          "Parent Relationship": "Outer",
          "Parallel Aware": false,
          "Async Capable": false,
          "Startup Cost": 216801.14,
          "Total Cost": 217703.39,
          "Plan Rows": 60150,
          "Plan Width": 168,
          "Output": [
            "nation.n_name",
            "(EXTRACT(year FROM orders.o_orderdate))",
            "sum(((lineitem.l_extendedprice * ('1'::numeric - lineitem.l_discount)) - (partsupp.ps_supplycost * lineitem.l_quantity)))"
          ],
          "Group Key": [
            "nation.n_name",
            "(EXTRACT(year FROM orders.o_orderdate))"
          ],
          "Planned Partitions": 0,
          "Plans": [
            {
              "Node Type": "Gather",
              "Parent Relationship": "Outer",
              "Parallel Aware": false,
              "Async Capable": false,
              "Startup Cost": 182816.39,
              "Total Cost": 213793.64,
              "Plan Rows": 300750,
              "Plan Width": 168,
              "Output": [
                "nation.n_name",
                "(EXTRACT(year FROM orders.o_orderdate))",
                "(PARTIAL sum(((lineitem.l_extendedprice * ('1'::numeric - lineitem.l_discount)) - (partsupp.ps_supplycost * lineitem.l_quantity))))"
              ],
              "Workers Planned": 5,
              "Single Copy": false,
              "Plans": [
                {
                  "Node Type": "Aggregate",
                  "Strategy": "Hashed",
                  "Partial Mode": "Partial",
                  "Parent Relationship": "Outer",
                  "Parallel Aware": false,
                  "Async Capable": false,
                  "Startup Cost": 181816.39,
                  "Total Cost": 182718.64,
                  "Plan Rows": 60150,
                  "Plan Width": 168,
                  "Output": [
                    "nation.n_name",
                    "(EXTRACT(year FROM orders.o_orderdate))",
                    "PARTIAL sum(((lineitem.l_extendedprice * ('1'::numeric - lineitem.l_discount)) - (partsupp.ps_supplycost * lineitem.l_quantity)))"
                  ],
                  "Group Key": [
                    "nation.n_name",
                    "EXTRACT(year FROM orders.o_orderdate)"
                  ],
                  "Planned Partitions": 0,
                  "Plans": [
                    {
                      "Node Type": "Nested Loop",
                      "Parent Relationship": "Outer",
                      "Parallel Aware": false,
                      "Async Capable": false,
                      "Join Type": "Inner",
                      "Startup Cost": 15390.98,
                      "Total Cost": 180595.73,
                      "Plan Rows": 69752,
                      "Plan Width": 159,
                      "Output": [
                        "nation.n_name",
                        "EXTRACT(year FROM orders.o_orderdate)",
                        "lineitem.l_extendedprice",
                        "lineitem.l_discount",
                        "partsupp.ps_supplycost",
                        "lineitem.l_quantity"
                      ],
                      "Inner Unique": true,
                      "Plans": [
                        {
                          "Node Type": "Hash Join",
                          "Parent Relationship": "Outer",
                          "Parallel Aware": true,
                          "Async Capable": false,
                          "Join Type": "Inner",
                          "Startup Cost": 15390.55,
                          "Total Cost": 148994.93,
                          "Plan Rows": 69752,
                          "Plan Width": 131,
                          "Output": [
                            "lineitem.l_extendedprice",
                            "lineitem.l_discount",
                            "lineitem.l_quantity",
                            "lineitem.l_orderkey",
                            "partsupp.ps_supplycost",
                            "nation.n_name"
                          ],
                          "Inner Unique": false,
                          "Hash Cond": "((lineitem.l_suppkey = supplier.s_suppkey) AND (lineitem.l_partkey = partsupp.ps_partkey))",
                          "Plans": [
                            {
                              "Node Type": "Seq Scan",
                              "Parent Relationship": "Outer",
                              "Parallel Aware": true,
                              "Async Capable": false,
                              "Relation Name": "lineitem",
                              "Schema": "public",
                              "Alias": "lineitem",
                              "Startup Cost": 0.0,
                              "Total Cost": 124602.43,
                              "Plan Rows": 1200243,
                              "Plan Width": 29,
                              "Output": [
                                "lineitem.l_orderkey",
                                "lineitem.l_partkey",
                                "lineitem.l_suppkey",
                                "lineitem.l_linenumber",
                                "lineitem.l_quantity",
                                "lineitem.l_extendedprice",
                                "lineitem.l_discount",
                                "lineitem.l_tax",
                                "lineitem.l_returnflag",
                                "lineitem.l_linestatus",
                                "lineitem.l_shipdate",
                                "lineitem.l_commitdate",
                                "lineitem.l_receiptdate",
                                "lineitem.l_shipinstruct",
                                "lineitem.l_shipmode",
                                "lineitem.l_comment"
                              ]
                            },
                            {
                              "Node Type": "Hash",
                              "Parent Relationship": "Inner",
                              "Parallel Aware": true,
                              "Async Capable": false,
                              "Startup Cost": 15099.97,
                              "Total Cost": 15099.97,
                              "Plan Rows": 19372,
                              "Plan Width": 126,
                              "Output": [
                                "part.p_partkey",
                                "partsupp.ps_supplycost",
                                "partsupp.ps_suppkey",
                                "partsupp.ps_partkey",
                                "supplier.s_suppkey",
                                "nation.n_name"
                              ],
                              "Plans": [
                                {
                                  "Node Type": "Hash Join",
                                  "Parent Relationship": "Outer",
                                  "Parallel Aware": false,
                                  "Async Capable": false,
                                  "Join Type": "Inner",
                                  "Startup Cost": 449.99,
                                  "Total Cost": 15099.97,
                                  "Plan Rows": 19372,
                                  "Plan Width": 126,
                                  "Output": [
                                    "part.p_partkey",
                                    "partsupp.ps_supplycost",
                                    "partsupp.ps_suppkey",
                                    "partsupp.ps_partkey",
                                    "supplier.s_suppkey",
                                    "nation.n_name"
                                  ],
                                  "Inner Unique": true,
                                  "Hash Cond": "(supplier.s_nationkey = nation.n_nationkey)",
                                  "Plans": [
                                    {
                                      "Node Type": "Hash Join",
                                      "Parent Relationship": "Outer",
                                      "Parallel Aware": false,
                                      "Async Capable": false,
                                      "Join Type": "Inner",
                                      "Startup Cost": 448.43,
                                      "Total Cost": 15038.94,
                                      "Plan Rows": 19372,
                                      "Plan Width": 26,
                                      "Output": [
                                        "part.p_partkey",
                                        "partsupp.ps_supplycost",
                                        "partsupp.ps_suppkey",
                                        "partsupp.ps_partkey",
                                        "supplier.s_suppkey",
                                        "supplier.s_nationkey"
                                      ],
                                      "Inner Unique": true,
                                      "Hash Cond": "(partsupp.ps_suppkey = supplier.s_suppkey)",
                                      "Plans": [
                                        {
                                          "Node Type": "Nested Loop",
                                          "Parent Relationship": "Outer",
                                          "Parallel Aware": false,
                                          "Async Capable": false,
                                          "Join Type": "Inner",
                                          "Startup Cost": 0.42,
                                          "Total Cost": 14540.06,
                                          "Plan Rows": 19372,
                                          "Plan Width": 18,
                                          "Output": [
                                            "part.p_partkey",
                                            "partsupp.ps_supplycost",
                                            "partsupp.ps_suppkey",
                                            "partsupp.ps_partkey"
                                          ],
                                          "Inner Unique": false,
                                          "Plans": [
                                            {
                                              "Node Type": "Seq Scan",
                                              "Parent Relationship": "Outer",
                                              "Parallel Aware": true,
                                              "Async Capable": false,
                                              "Relation Name": "part",
                                              "Schema": "public",
                                              "Alias": "part",
                                              "Startup Cost": 0.0,
                                              "Total Cost": 5169.67,
                                              "Plan Rows": 4843,
                                              "Plan Width": 4,
                                              "Output": [
                                                "part.p_partkey",
                                                "part.p_name",
                                                "part.p_mfgr",
                                                "part.p_brand",
                                                "part.p_type",
                                                "part.p_size",
                                                "part.p_container",
                                                "part.p_retailprice",
                                                "part.p_comment"
                                              ],
                                              "Filter": "((part.p_name)::text ~~ '%steel%'::text)"
                                            },
                                            {
                                              "Node Type": "Index Scan",
                                              "Parent Relationship": "Inner",
                                              "Parallel Aware": false,
                                              "Async Capable": false,
                                              "Scan Direction": "Forward",
                                              "Index Name": "partsupp_pkey",
                                              "Relation Name": "partsupp",
                                              "Schema": "public",
                                              "Alias": "partsupp",
                                              "Startup Cost": 0.42,
                                              "Total Cost": 1.89,
                                              "Plan Rows": 4,
                                              "Plan Width": 14,
                                              "Output": [
                                                "partsupp.ps_partkey",
                                                "partsupp.ps_suppkey",
                                                "partsupp.ps_availqty",
                                                "partsupp.ps_supplycost",
                                                "partsupp.ps_comment"
                                              ],
                                              "Index Cond": "(partsupp.ps_partkey = part.p_partkey)"
                                            }
                                          ]
                                        },
                                        {
                                          "Node Type": "Hash",
                                          "Parent Relationship": "Inner",
                                          "Parallel Aware": false,
                                          "Async Capable": false,
                                          "Startup Cost": 323.0,
                                          "Total Cost": 323.0,
                                          "Plan Rows": 10000,
                                          "Plan Width": 8,
                                          "Output": [
                                            "supplier.s_suppkey",
                                            "supplier.s_nationkey"
                                          ],
                                          "Plans": [
                                            {
                                              "Node Type": "Seq Scan",
                                              "Parent Relationship": "Outer",
                                              "Parallel Aware": false,
                                              "Async Capable": false,
                                              "Relation Name": "supplier",
                                              "Schema": "public",
                                              "Alias": "supplier",
                                              "Startup Cost": 0.0,
                                              "Total Cost": 323.0,
                                              "Plan Rows": 10000,
                                              "Plan Width": 8,
                                              "Output": [
                                                "supplier.s_suppkey",
                                                "supplier.s_nationkey"
                                              ]
                                            }
                                          ]
                                        }
                                      ]
                                    },
                                    {
                                      "Node Type": "Hash",
                                      "Parent Relationship": "Inner",
                                      "Parallel Aware": false,
                                      "Async Capable": false,
                                      "Startup Cost": 1.25,
                                      "Total Cost": 1.25,
                                      "Plan Rows": 25,
                                      "Plan Width": 108,
                                      "Output": [
                                        "nation.n_name",
                                        "nation.n_nationkey"
                                      ],
                                      "Plans": [
                                        {
                                          "Node Type": "Seq Scan",
                                          "Parent Relationship": "Outer",
                                          "Parallel Aware": false,
                                          "Async Capable": false,
                                          "Relation Name": "nation",
                                          "Schema": "public",
                                          "Alias": "nation",
                                          "Startup Cost": 0.0,
                                          "Total Cost": 1.25,
                                          "Plan Rows": 25,
                                          "Plan Width": 108,
                                          "Output": [
                                            "nation.n_name",
                                            "nation.n_nationkey"
                                          ]
                                        }
                                      ]
                                    }
                                  ]
                                }
                              ]
                            }
                          ]
                        },
                        {
                          "Node Type": "Index Scan",
                          "Parent Relationship": "Inner",
                          "Parallel Aware": false,
                          "Async Capable": false,
                          "Scan Direction": "Forward",
                          "Index Name": "orders_pkey",
                          "Relation Name": "orders",
                          "Schema": "public",
                          "Alias": "orders",
                          "Startup Cost": 0.43,
                          "Total Cost": 0.45,
                          "Plan Rows": 1,
                          "Plan Width": 8,
                          "Output": [
                            "orders.o_orderkey",
                            "orders.o_custkey",
                            "orders.o_orderstatus",
                            "orders.o_totalprice",
                            "orders.o_orderdate",
                            "orders.o_orderpriority",
                            "orders.o_clerk",
                            "orders.o_shippriority",
                            "orders.o_comment"
                          ],
                          "Index Cond": "(orders.o_orderkey = lineitem.l_orderkey)"
                        }
                      ]
                    }
                  ]
                }
              ]
            }
          ]
        }
      ]
    },
    "JIT": {
      "Functions": 43,
      "Options": {
        "Inlining": false,
        "Optimization": false,
        "Expressions": true,
        "Deforming": true
      }
    }
  }
]
```

---

## 147. Q9_97_seed_787586976.sql

**File Path:** `/Users/brunowinter2000/Documents/Thesis/2025_2026/Plan-Level/Generated_Queries/Q9/Q9_97_seed_787586976.sql`

### EXPLAIN JSON

```json
[
  {
    "Plan": {
      "Node Type": "Sort",
      "Parallel Aware": false,
      "Async Capable": false,
      "Startup Cost": 206578.65,
      "Total Cost": 206729.03,
      "Plan Rows": 60150,
      "Plan Width": 168,
      "Output": [
        "nation.n_name",
        "(EXTRACT(year FROM orders.o_orderdate))",
        "(sum(((lineitem.l_extendedprice * ('1'::numeric - lineitem.l_discount)) - (partsupp.ps_supplycost * lineitem.l_quantity))))"
      ],
      "Sort Key": [
        "nation.n_name",
        "(EXTRACT(year FROM orders.o_orderdate)) DESC"
      ],
      "Plans": [
        {
          "Node Type": "Aggregate",
          "Strategy": "Hashed",
          "Partial Mode": "Finalize",
          "Parent Relationship": "Outer",
          "Parallel Aware": false,
          "Async Capable": false,
          "Startup Cost": 200901.61,
          "Total Cost": 201803.86,
          "Plan Rows": 60150,
          "Plan Width": 168,
          "Output": [
            "nation.n_name",
            "(EXTRACT(year FROM orders.o_orderdate))",
            "sum(((lineitem.l_extendedprice * ('1'::numeric - lineitem.l_discount)) - (partsupp.ps_supplycost * lineitem.l_quantity)))"
          ],
          "Group Key": [
            "nation.n_name",
            "(EXTRACT(year FROM orders.o_orderdate))"
          ],
          "Planned Partitions": 0,
          "Plans": [
            {
              "Node Type": "Gather",
              "Parent Relationship": "Outer",
              "Parallel Aware": false,
              "Async Capable": false,
              "Startup Cost": 172362.33,
              "Total Cost": 198376.01,
              "Plan Rows": 252560,
              "Plan Width": 168,
              "Output": [
                "nation.n_name",
                "(EXTRACT(year FROM orders.o_orderdate))",
                "(PARTIAL sum(((lineitem.l_extendedprice * ('1'::numeric - lineitem.l_discount)) - (partsupp.ps_supplycost * lineitem.l_quantity))))"
              ],
              "Workers Planned": 5,
              "Single Copy": false,
              "Plans": [
                {
                  "Node Type": "Aggregate",
                  "Strategy": "Hashed",
                  "Partial Mode": "Partial",
                  "Parent Relationship": "Outer",
                  "Parallel Aware": false,
                  "Async Capable": false,
                  "Startup Cost": 171362.33,
                  "Total Cost": 172120.01,
                  "Plan Rows": 50512,
                  "Plan Width": 168,
                  "Output": [
                    "nation.n_name",
                    "(EXTRACT(year FROM orders.o_orderdate))",
                    "PARTIAL sum(((lineitem.l_extendedprice * ('1'::numeric - lineitem.l_discount)) - (partsupp.ps_supplycost * lineitem.l_quantity)))"
                  ],
                  "Group Key": [
                    "nation.n_name",
                    "EXTRACT(year FROM orders.o_orderdate)"
                  ],
                  "Planned Partitions": 0,
                  "Plans": [
                    {
                      "Node Type": "Nested Loop",
                      "Parent Relationship": "Outer",
                      "Parallel Aware": false,
                      "Async Capable": false,
                      "Join Type": "Inner",
                      "Startup Cost": 13990.25,
                      "Total Cost": 170478.37,
                      "Plan Rows": 50512,
                      "Plan Width": 159,
                      "Output": [
                        "nation.n_name",
                        "EXTRACT(year FROM orders.o_orderdate)",
                        "lineitem.l_extendedprice",
                        "lineitem.l_discount",
                        "partsupp.ps_supplycost",
                        "lineitem.l_quantity"
                      ],
                      "Inner Unique": true,
                      "Plans": [
                        {
                          "Node Type": "Hash Join",
                          "Parent Relationship": "Outer",
                          "Parallel Aware": true,
                          "Async Capable": false,
                          "Join Type": "Inner",
                          "Startup Cost": 13989.83,
                          "Total Cost": 147594.16,
                          "Plan Rows": 50512,
                          "Plan Width": 131,
                          "Output": [
                            "lineitem.l_extendedprice",
                            "lineitem.l_discount",
                            "lineitem.l_quantity",
                            "lineitem.l_orderkey",
                            "partsupp.ps_supplycost",
                            "nation.n_name"
                          ],
                          "Inner Unique": false,
                          "Hash Cond": "((lineitem.l_suppkey = supplier.s_suppkey) AND (lineitem.l_partkey = partsupp.ps_partkey))",
                          "Plans": [
                            {
                              "Node Type": "Seq Scan",
                              "Parent Relationship": "Outer",
                              "Parallel Aware": true,
                              "Async Capable": false,
                              "Relation Name": "lineitem",
                              "Schema": "public",
                              "Alias": "lineitem",
                              "Startup Cost": 0.0,
                              "Total Cost": 124602.43,
                              "Plan Rows": 1200243,
                              "Plan Width": 29,
                              "Output": [
                                "lineitem.l_orderkey",
                                "lineitem.l_partkey",
                                "lineitem.l_suppkey",
                                "lineitem.l_linenumber",
                                "lineitem.l_quantity",
                                "lineitem.l_extendedprice",
                                "lineitem.l_discount",
                                "lineitem.l_tax",
                                "lineitem.l_returnflag",
                                "lineitem.l_linestatus",
                                "lineitem.l_shipdate",
                                "lineitem.l_commitdate",
                                "lineitem.l_receiptdate",
                                "lineitem.l_shipinstruct",
                                "lineitem.l_shipmode",
                                "lineitem.l_comment"
                              ]
                            },
                            {
                              "Node Type": "Hash",
                              "Parent Relationship": "Inner",
                              "Parallel Aware": true,
                              "Async Capable": false,
                              "Startup Cost": 13779.41,
                              "Total Cost": 13779.41,
                              "Plan Rows": 14028,
                              "Plan Width": 126,
                              "Output": [
                                "part.p_partkey",
                                "partsupp.ps_supplycost",
                                "partsupp.ps_suppkey",
                                "partsupp.ps_partkey",
                                "supplier.s_suppkey",
                                "nation.n_name"
                              ],
                              "Plans": [
                                {
                                  "Node Type": "Hash Join",
                                  "Parent Relationship": "Outer",
                                  "Parallel Aware": false,
                                  "Async Capable": false,
                                  "Join Type": "Inner",
                                  "Startup Cost": 449.99,
                                  "Total Cost": 13779.41,
                                  "Plan Rows": 14028,
                                  "Plan Width": 126,
                                  "Output": [
                                    "part.p_partkey",
                                    "partsupp.ps_supplycost",
                                    "partsupp.ps_suppkey",
                                    "partsupp.ps_partkey",
                                    "supplier.s_suppkey",
                                    "nation.n_name"
                                  ],
                                  "Inner Unique": true,
                                  "Hash Cond": "(supplier.s_nationkey = nation.n_nationkey)",
                                  "Plans": [
                                    {
                                      "Node Type": "Hash Join",
                                      "Parent Relationship": "Outer",
                                      "Parallel Aware": false,
                                      "Async Capable": false,
                                      "Join Type": "Inner",
                                      "Startup Cost": 448.43,
                                      "Total Cost": 13734.78,
                                      "Plan Rows": 14028,
                                      "Plan Width": 26,
                                      "Output": [
                                        "part.p_partkey",
                                        "partsupp.ps_supplycost",
                                        "partsupp.ps_suppkey",
                                        "partsupp.ps_partkey",
                                        "supplier.s_suppkey",
                                        "supplier.s_nationkey"
                                      ],
                                      "Inner Unique": true,
                                      "Hash Cond": "(partsupp.ps_suppkey = supplier.s_suppkey)",
                                      "Plans": [
                                        {
                                          "Node Type": "Nested Loop",
                                          "Parent Relationship": "Outer",
                                          "Parallel Aware": false,
                                          "Async Capable": false,
                                          "Join Type": "Inner",
                                          "Startup Cost": 0.42,
                                          "Total Cost": 13249.94,
                                          "Plan Rows": 14028,
                                          "Plan Width": 18,
                                          "Output": [
                                            "part.p_partkey",
                                            "partsupp.ps_supplycost",
                                            "partsupp.ps_suppkey",
                                            "partsupp.ps_partkey"
                                          ],
                                          "Inner Unique": false,
                                          "Plans": [
                                            {
                                              "Node Type": "Seq Scan",
                                              "Parent Relationship": "Outer",
                                              "Parallel Aware": true,
                                              "Async Capable": false,
                                              "Relation Name": "part",
                                              "Schema": "public",
                                              "Alias": "part",
                                              "Startup Cost": 0.0,
                                              "Total Cost": 5169.67,
                                              "Plan Rows": 3507,
                                              "Plan Width": 4,
                                              "Output": [
                                                "part.p_partkey",
                                                "part.p_name",
                                                "part.p_mfgr",
                                                "part.p_brand",
                                                "part.p_type",
                                                "part.p_size",
                                                "part.p_container",
                                                "part.p_retailprice",
                                                "part.p_comment"
                                              ],
                                              "Filter": "((part.p_name)::text ~~ '%indian%'::text)"
                                            },
                                            {
                                              "Node Type": "Index Scan",
                                              "Parent Relationship": "Inner",
                                              "Parallel Aware": false,
                                              "Async Capable": false,
                                              "Scan Direction": "Forward",
                                              "Index Name": "partsupp_pkey",
                                              "Relation Name": "partsupp",
                                              "Schema": "public",
                                              "Alias": "partsupp",
                                              "Startup Cost": 0.42,
                                              "Total Cost": 2.26,
                                              "Plan Rows": 4,
                                              "Plan Width": 14,
                                              "Output": [
                                                "partsupp.ps_partkey",
                                                "partsupp.ps_suppkey",
                                                "partsupp.ps_availqty",
                                                "partsupp.ps_supplycost",
                                                "partsupp.ps_comment"
                                              ],
                                              "Index Cond": "(partsupp.ps_partkey = part.p_partkey)"
                                            }
                                          ]
                                        },
                                        {
                                          "Node Type": "Hash",
                                          "Parent Relationship": "Inner",
                                          "Parallel Aware": false,
                                          "Async Capable": false,
                                          "Startup Cost": 323.0,
                                          "Total Cost": 323.0,
                                          "Plan Rows": 10000,
                                          "Plan Width": 8,
                                          "Output": [
                                            "supplier.s_suppkey",
                                            "supplier.s_nationkey"
                                          ],
                                          "Plans": [
                                            {
                                              "Node Type": "Seq Scan",
                                              "Parent Relationship": "Outer",
                                              "Parallel Aware": false,
                                              "Async Capable": false,
                                              "Relation Name": "supplier",
                                              "Schema": "public",
                                              "Alias": "supplier",
                                              "Startup Cost": 0.0,
                                              "Total Cost": 323.0,
                                              "Plan Rows": 10000,
                                              "Plan Width": 8,
                                              "Output": [
                                                "supplier.s_suppkey",
                                                "supplier.s_nationkey"
                                              ]
                                            }
                                          ]
                                        }
                                      ]
                                    },
                                    {
                                      "Node Type": "Hash",
                                      "Parent Relationship": "Inner",
                                      "Parallel Aware": false,
                                      "Async Capable": false,
                                      "Startup Cost": 1.25,
                                      "Total Cost": 1.25,
                                      "Plan Rows": 25,
                                      "Plan Width": 108,
                                      "Output": [
                                        "nation.n_name",
                                        "nation.n_nationkey"
                                      ],
                                      "Plans": [
                                        {
                                          "Node Type": "Seq Scan",
                                          "Parent Relationship": "Outer",
                                          "Parallel Aware": false,
                                          "Async Capable": false,
                                          "Relation Name": "nation",
                                          "Schema": "public",
                                          "Alias": "nation",
                                          "Startup Cost": 0.0,
                                          "Total Cost": 1.25,
                                          "Plan Rows": 25,
                                          "Plan Width": 108,
                                          "Output": [
                                            "nation.n_name",
                                            "nation.n_nationkey"
                                          ]
                                        }
                                      ]
                                    }
                                  ]
                                }
                              ]
                            }
                          ]
                        },
                        {
                          "Node Type": "Index Scan",
                          "Parent Relationship": "Inner",
                          "Parallel Aware": false,
                          "Async Capable": false,
                          "Scan Direction": "Forward",
                          "Index Name": "orders_pkey",
                          "Relation Name": "orders",
                          "Schema": "public",
                          "Alias": "orders",
                          "Startup Cost": 0.43,
                          "Total Cost": 0.45,
                          "Plan Rows": 1,
                          "Plan Width": 8,
                          "Output": [
                            "orders.o_orderkey",
                            "orders.o_custkey",
                            "orders.o_orderstatus",
                            "orders.o_totalprice",
                            "orders.o_orderdate",
                            "orders.o_orderpriority",
                            "orders.o_clerk",
                            "orders.o_shippriority",
                            "orders.o_comment"
                          ],
                          "Index Cond": "(orders.o_orderkey = lineitem.l_orderkey)"
                        }
                      ]
                    }
                  ]
                }
              ]
            }
          ]
        }
      ]
    },
    "JIT": {
      "Functions": 43,
      "Options": {
        "Inlining": false,
        "Optimization": false,
        "Expressions": true,
        "Deforming": true
      }
    }
  }
]
```

---

## 148. Q9_98_seed_795791007.sql

**File Path:** `/Users/brunowinter2000/Documents/Thesis/2025_2026/Plan-Level/Generated_Queries/Q9/Q9_98_seed_795791007.sql`

### EXPLAIN JSON

```json
[
  {
    "Plan": {
      "Node Type": "Sort",
      "Parallel Aware": false,
      "Async Capable": false,
      "Startup Cost": 223771.84,
      "Total Cost": 223922.21,
      "Plan Rows": 60150,
      "Plan Width": 168,
      "Output": [
        "nation.n_name",
        "(EXTRACT(year FROM orders.o_orderdate))",
        "(sum(((lineitem.l_extendedprice * ('1'::numeric - lineitem.l_discount)) - (partsupp.ps_supplycost * lineitem.l_quantity))))"
      ],
      "Sort Key": [
        "nation.n_name",
        "(EXTRACT(year FROM orders.o_orderdate)) DESC"
      ],
      "Plans": [
        {
          "Node Type": "Aggregate",
          "Strategy": "Hashed",
          "Partial Mode": "Finalize",
          "Parent Relationship": "Outer",
          "Parallel Aware": false,
          "Async Capable": false,
          "Startup Cost": 218094.8,
          "Total Cost": 218997.05,
          "Plan Rows": 60150,
          "Plan Width": 168,
          "Output": [
            "nation.n_name",
            "(EXTRACT(year FROM orders.o_orderdate))",
            "sum(((lineitem.l_extendedprice * ('1'::numeric - lineitem.l_discount)) - (partsupp.ps_supplycost * lineitem.l_quantity)))"
          ],
          "Group Key": [
            "nation.n_name",
            "(EXTRACT(year FROM orders.o_orderdate))"
          ],
          "Planned Partitions": 0,
          "Plans": [
            {
              "Node Type": "Gather",
              "Parent Relationship": "Outer",
              "Parallel Aware": false,
              "Async Capable": false,
              "Startup Cost": 184110.05,
              "Total Cost": 215087.3,
              "Plan Rows": 300750,
              "Plan Width": 168,
              "Output": [
                "nation.n_name",
                "(EXTRACT(year FROM orders.o_orderdate))",
                "(PARTIAL sum(((lineitem.l_extendedprice * ('1'::numeric - lineitem.l_discount)) - (partsupp.ps_supplycost * lineitem.l_quantity))))"
              ],
              "Workers Planned": 5,
              "Single Copy": false,
              "Plans": [
                {
                  "Node Type": "Aggregate",
                  "Strategy": "Hashed",
                  "Partial Mode": "Partial",
                  "Parent Relationship": "Outer",
                  "Parallel Aware": false,
                  "Async Capable": false,
                  "Startup Cost": 183110.05,
                  "Total Cost": 184012.3,
                  "Plan Rows": 60150,
                  "Plan Width": 168,
                  "Output": [
                    "nation.n_name",
                    "(EXTRACT(year FROM orders.o_orderdate))",
                    "PARTIAL sum(((lineitem.l_extendedprice * ('1'::numeric - lineitem.l_discount)) - (partsupp.ps_supplycost * lineitem.l_quantity)))"
                  ],
                  "Group Key": [
                    "nation.n_name",
                    "EXTRACT(year FROM orders.o_orderdate)"
                  ],
                  "Planned Partitions": 0,
                  "Plans": [
                    {
                      "Node Type": "Nested Loop",
                      "Parent Relationship": "Outer",
                      "Parallel Aware": false,
                      "Async Capable": false,
                      "Join Type": "Inner",
                      "Startup Cost": 15552.04,
                      "Total Cost": 181847.26,
                      "Plan Rows": 72159,
                      "Plan Width": 159,
                      "Output": [
                        "nation.n_name",
                        "EXTRACT(year FROM orders.o_orderdate)",
                        "lineitem.l_extendedprice",
                        "lineitem.l_discount",
                        "partsupp.ps_supplycost",
                        "lineitem.l_quantity"
                      ],
                      "Inner Unique": true,
                      "Plans": [
                        {
                          "Node Type": "Hash Join",
                          "Parent Relationship": "Outer",
                          "Parallel Aware": true,
                          "Async Capable": false,
                          "Join Type": "Inner",
                          "Startup Cost": 15551.61,
                          "Total Cost": 149155.98,
                          "Plan Rows": 72159,
                          "Plan Width": 131,
                          "Output": [
                            "lineitem.l_extendedprice",
                            "lineitem.l_discount",
                            "lineitem.l_quantity",
                            "lineitem.l_orderkey",
                            "partsupp.ps_supplycost",
                            "nation.n_name"
                          ],
                          "Inner Unique": false,
                          "Hash Cond": "((lineitem.l_suppkey = supplier.s_suppkey) AND (lineitem.l_partkey = partsupp.ps_partkey))",
                          "Plans": [
                            {
                              "Node Type": "Seq Scan",
                              "Parent Relationship": "Outer",
                              "Parallel Aware": true,
                              "Async Capable": false,
                              "Relation Name": "lineitem",
                              "Schema": "public",
                              "Alias": "lineitem",
                              "Startup Cost": 0.0,
                              "Total Cost": 124602.43,
                              "Plan Rows": 1200243,
                              "Plan Width": 29,
                              "Output": [
                                "lineitem.l_orderkey",
                                "lineitem.l_partkey",
                                "lineitem.l_suppkey",
                                "lineitem.l_linenumber",
                                "lineitem.l_quantity",
                                "lineitem.l_extendedprice",
                                "lineitem.l_discount",
                                "lineitem.l_tax",
                                "lineitem.l_returnflag",
                                "lineitem.l_linestatus",
                                "lineitem.l_shipdate",
                                "lineitem.l_commitdate",
                                "lineitem.l_receiptdate",
                                "lineitem.l_shipinstruct",
                                "lineitem.l_shipmode",
                                "lineitem.l_comment"
                              ]
                            },
                            {
                              "Node Type": "Hash",
                              "Parent Relationship": "Inner",
                              "Parallel Aware": true,
                              "Async Capable": false,
                              "Startup Cost": 15251.01,
                              "Total Cost": 15251.01,
                              "Plan Rows": 20040,
                              "Plan Width": 126,
                              "Output": [
                                "part.p_partkey",
                                "partsupp.ps_supplycost",
                                "partsupp.ps_suppkey",
                                "partsupp.ps_partkey",
                                "supplier.s_suppkey",
                                "nation.n_name"
                              ],
                              "Plans": [
                                {
                                  "Node Type": "Hash Join",
                                  "Parent Relationship": "Outer",
                                  "Parallel Aware": false,
                                  "Async Capable": false,
                                  "Join Type": "Inner",
                                  "Startup Cost": 449.99,
                                  "Total Cost": 15251.01,
                                  "Plan Rows": 20040,
                                  "Plan Width": 126,
                                  "Output": [
                                    "part.p_partkey",
                                    "partsupp.ps_supplycost",
                                    "partsupp.ps_suppkey",
                                    "partsupp.ps_partkey",
                                    "supplier.s_suppkey",
                                    "nation.n_name"
                                  ],
                                  "Inner Unique": true,
                                  "Hash Cond": "(supplier.s_nationkey = nation.n_nationkey)",
                                  "Plans": [
                                    {
                                      "Node Type": "Hash Join",
                                      "Parent Relationship": "Outer",
                                      "Parallel Aware": false,
                                      "Async Capable": false,
                                      "Join Type": "Inner",
                                      "Startup Cost": 448.43,
                                      "Total Cost": 15187.92,
                                      "Plan Rows": 20040,
                                      "Plan Width": 26,
                                      "Output": [
                                        "part.p_partkey",
                                        "partsupp.ps_supplycost",
                                        "partsupp.ps_suppkey",
                                        "partsupp.ps_partkey",
                                        "supplier.s_suppkey",
                                        "supplier.s_nationkey"
                                      ],
                                      "Inner Unique": true,
                                      "Hash Cond": "(partsupp.ps_suppkey = supplier.s_suppkey)",
                                      "Plans": [
                                        {
                                          "Node Type": "Nested Loop",
                                          "Parent Relationship": "Outer",
                                          "Parallel Aware": false,
                                          "Async Capable": false,
                                          "Join Type": "Inner",
                                          "Startup Cost": 0.42,
                                          "Total Cost": 14687.3,
                                          "Plan Rows": 20040,
                                          "Plan Width": 18,
                                          "Output": [
                                            "part.p_partkey",
                                            "partsupp.ps_supplycost",
                                            "partsupp.ps_suppkey",
                                            "partsupp.ps_partkey"
                                          ],
                                          "Inner Unique": false,
                                          "Plans": [
                                            {
                                              "Node Type": "Seq Scan",
                                              "Parent Relationship": "Outer",
                                              "Parallel Aware": true,
                                              "Async Capable": false,
                                              "Relation Name": "part",
                                              "Schema": "public",
                                              "Alias": "part",
                                              "Startup Cost": 0.0,
                                              "Total Cost": 5169.67,
                                              "Plan Rows": 5010,
                                              "Plan Width": 4,
                                              "Output": [
                                                "part.p_partkey",
                                                "part.p_name",
                                                "part.p_mfgr",
                                                "part.p_brand",
                                                "part.p_type",
                                                "part.p_size",
                                                "part.p_container",
                                                "part.p_retailprice",
                                                "part.p_comment"
                                              ],
                                              "Filter": "((part.p_name)::text ~~ '%spring%'::text)"
                                            },
                                            {
                                              "Node Type": "Index Scan",
                                              "Parent Relationship": "Inner",
                                              "Parallel Aware": false,
                                              "Async Capable": false,
                                              "Scan Direction": "Forward",
                                              "Index Name": "partsupp_pkey",
                                              "Relation Name": "partsupp",
                                              "Schema": "public",
                                              "Alias": "partsupp",
                                              "Startup Cost": 0.42,
                                              "Total Cost": 1.86,
                                              "Plan Rows": 4,
                                              "Plan Width": 14,
                                              "Output": [
                                                "partsupp.ps_partkey",
                                                "partsupp.ps_suppkey",
                                                "partsupp.ps_availqty",
                                                "partsupp.ps_supplycost",
                                                "partsupp.ps_comment"
                                              ],
                                              "Index Cond": "(partsupp.ps_partkey = part.p_partkey)"
                                            }
                                          ]
                                        },
                                        {
                                          "Node Type": "Hash",
                                          "Parent Relationship": "Inner",
                                          "Parallel Aware": false,
                                          "Async Capable": false,
                                          "Startup Cost": 323.0,
                                          "Total Cost": 323.0,
                                          "Plan Rows": 10000,
                                          "Plan Width": 8,
                                          "Output": [
                                            "supplier.s_suppkey",
                                            "supplier.s_nationkey"
                                          ],
                                          "Plans": [
                                            {
                                              "Node Type": "Seq Scan",
                                              "Parent Relationship": "Outer",
                                              "Parallel Aware": false,
                                              "Async Capable": false,
                                              "Relation Name": "supplier",
                                              "Schema": "public",
                                              "Alias": "supplier",
                                              "Startup Cost": 0.0,
                                              "Total Cost": 323.0,
                                              "Plan Rows": 10000,
                                              "Plan Width": 8,
                                              "Output": [
                                                "supplier.s_suppkey",
                                                "supplier.s_nationkey"
                                              ]
                                            }
                                          ]
                                        }
                                      ]
                                    },
                                    {
                                      "Node Type": "Hash",
                                      "Parent Relationship": "Inner",
                                      "Parallel Aware": false,
                                      "Async Capable": false,
                                      "Startup Cost": 1.25,
                                      "Total Cost": 1.25,
                                      "Plan Rows": 25,
                                      "Plan Width": 108,
                                      "Output": [
                                        "nation.n_name",
                                        "nation.n_nationkey"
                                      ],
                                      "Plans": [
                                        {
                                          "Node Type": "Seq Scan",
                                          "Parent Relationship": "Outer",
                                          "Parallel Aware": false,
                                          "Async Capable": false,
                                          "Relation Name": "nation",
                                          "Schema": "public",
                                          "Alias": "nation",
                                          "Startup Cost": 0.0,
                                          "Total Cost": 1.25,
                                          "Plan Rows": 25,
                                          "Plan Width": 108,
                                          "Output": [
                                            "nation.n_name",
                                            "nation.n_nationkey"
                                          ]
                                        }
                                      ]
                                    }
                                  ]
                                }
                              ]
                            }
                          ]
                        },
                        {
                          "Node Type": "Index Scan",
                          "Parent Relationship": "Inner",
                          "Parallel Aware": false,
                          "Async Capable": false,
                          "Scan Direction": "Forward",
                          "Index Name": "orders_pkey",
                          "Relation Name": "orders",
                          "Schema": "public",
                          "Alias": "orders",
                          "Startup Cost": 0.43,
                          "Total Cost": 0.45,
                          "Plan Rows": 1,
                          "Plan Width": 8,
                          "Output": [
                            "orders.o_orderkey",
                            "orders.o_custkey",
                            "orders.o_orderstatus",
                            "orders.o_totalprice",
                            "orders.o_orderdate",
                            "orders.o_orderpriority",
                            "orders.o_clerk",
                            "orders.o_shippriority",
                            "orders.o_comment"
                          ],
                          "Index Cond": "(orders.o_orderkey = lineitem.l_orderkey)"
                        }
                      ]
                    }
                  ]
                }
              ]
            }
          ]
        }
      ]
    },
    "JIT": {
      "Functions": 43,
      "Options": {
        "Inlining": false,
        "Optimization": false,
        "Expressions": true,
        "Deforming": true
      }
    }
  }
]
```

---

## 149. Q9_99_seed_803995038.sql

**File Path:** `/Users/brunowinter2000/Documents/Thesis/2025_2026/Plan-Level/Generated_Queries/Q9/Q9_99_seed_803995038.sql`

### EXPLAIN JSON

```json
[
  {
    "Plan": {
      "Node Type": "Sort",
      "Parallel Aware": false,
      "Async Capable": false,
      "Startup Cost": 217286.99,
      "Total Cost": 217437.37,
      "Plan Rows": 60150,
      "Plan Width": 168,
      "Output": [
        "nation.n_name",
        "(EXTRACT(year FROM orders.o_orderdate))",
        "(sum(((lineitem.l_extendedprice * ('1'::numeric - lineitem.l_discount)) - (partsupp.ps_supplycost * lineitem.l_quantity))))"
      ],
      "Sort Key": [
        "nation.n_name",
        "(EXTRACT(year FROM orders.o_orderdate)) DESC"
      ],
      "Plans": [
        {
          "Node Type": "Aggregate",
          "Strategy": "Hashed",
          "Partial Mode": "Finalize",
          "Parent Relationship": "Outer",
          "Parallel Aware": false,
          "Async Capable": false,
          "Startup Cost": 211609.95,
          "Total Cost": 212512.2,
          "Plan Rows": 60150,
          "Plan Width": 168,
          "Output": [
            "nation.n_name",
            "(EXTRACT(year FROM orders.o_orderdate))",
            "sum(((lineitem.l_extendedprice * ('1'::numeric - lineitem.l_discount)) - (partsupp.ps_supplycost * lineitem.l_quantity)))"
          ],
          "Group Key": [
            "nation.n_name",
            "(EXTRACT(year FROM orders.o_orderdate))"
          ],
          "Planned Partitions": 0,
          "Plans": [
            {
              "Node Type": "Gather",
              "Parent Relationship": "Outer",
              "Parallel Aware": false,
              "Async Capable": false,
              "Startup Cost": 177635.37,
              "Total Cost": 208603.35,
              "Plan Rows": 300660,
              "Plan Width": 168,
              "Output": [
                "nation.n_name",
                "(EXTRACT(year FROM orders.o_orderdate))",
                "(PARTIAL sum(((lineitem.l_extendedprice * ('1'::numeric - lineitem.l_discount)) - (partsupp.ps_supplycost * lineitem.l_quantity))))"
              ],
              "Workers Planned": 5,
              "Single Copy": false,
              "Plans": [
                {
                  "Node Type": "Aggregate",
                  "Strategy": "Hashed",
                  "Partial Mode": "Partial",
                  "Parent Relationship": "Outer",
                  "Parallel Aware": false,
                  "Async Capable": false,
                  "Startup Cost": 176635.37,
                  "Total Cost": 177537.35,
                  "Plan Rows": 60132,
                  "Plan Width": 168,
                  "Output": [
                    "nation.n_name",
                    "(EXTRACT(year FROM orders.o_orderdate))",
                    "PARTIAL sum(((lineitem.l_extendedprice * ('1'::numeric - lineitem.l_discount)) - (partsupp.ps_supplycost * lineitem.l_quantity)))"
                  ],
                  "Group Key": [
                    "nation.n_name",
                    "EXTRACT(year FROM orders.o_orderdate)"
                  ],
                  "Planned Partitions": 0,
                  "Plans": [
                    {
                      "Node Type": "Nested Loop",
                      "Parent Relationship": "Outer",
                      "Parallel Aware": false,
                      "Async Capable": false,
                      "Join Type": "Inner",
                      "Startup Cost": 14736.63,
                      "Total Cost": 175583.06,
                      "Plan Rows": 60132,
                      "Plan Width": 159,
                      "Output": [
                        "nation.n_name",
                        "EXTRACT(year FROM orders.o_orderdate)",
                        "lineitem.l_extendedprice",
                        "lineitem.l_discount",
                        "partsupp.ps_supplycost",
                        "lineitem.l_quantity"
                      ],
                      "Inner Unique": true,
                      "Plans": [
                        {
                          "Node Type": "Hash Join",
                          "Parent Relationship": "Outer",
                          "Parallel Aware": true,
                          "Async Capable": false,
                          "Join Type": "Inner",
                          "Startup Cost": 14736.2,
                          "Total Cost": 148340.56,
                          "Plan Rows": 60132,
                          "Plan Width": 131,
                          "Output": [
                            "lineitem.l_extendedprice",
                            "lineitem.l_discount",
                            "lineitem.l_quantity",
                            "lineitem.l_orderkey",
                            "partsupp.ps_supplycost",
                            "nation.n_name"
                          ],
                          "Inner Unique": false,
                          "Hash Cond": "((lineitem.l_suppkey = supplier.s_suppkey) AND (lineitem.l_partkey = partsupp.ps_partkey))",
                          "Plans": [
                            {
                              "Node Type": "Seq Scan",
                              "Parent Relationship": "Outer",
                              "Parallel Aware": true,
                              "Async Capable": false,
                              "Relation Name": "lineitem",
                              "Schema": "public",
                              "Alias": "lineitem",
                              "Startup Cost": 0.0,
                              "Total Cost": 124602.43,
                              "Plan Rows": 1200243,
                              "Plan Width": 29,
                              "Output": [
                                "lineitem.l_orderkey",
                                "lineitem.l_partkey",
                                "lineitem.l_suppkey",
                                "lineitem.l_linenumber",
                                "lineitem.l_quantity",
                                "lineitem.l_extendedprice",
                                "lineitem.l_discount",
                                "lineitem.l_tax",
                                "lineitem.l_returnflag",
                                "lineitem.l_linestatus",
                                "lineitem.l_shipdate",
                                "lineitem.l_commitdate",
                                "lineitem.l_receiptdate",
                                "lineitem.l_shipinstruct",
                                "lineitem.l_shipmode",
                                "lineitem.l_comment"
                              ]
                            },
                            {
                              "Node Type": "Hash",
                              "Parent Relationship": "Inner",
                              "Parallel Aware": true,
                              "Async Capable": false,
                              "Startup Cost": 14485.7,
                              "Total Cost": 14485.7,
                              "Plan Rows": 16700,
                              "Plan Width": 126,
                              "Output": [
                                "part.p_partkey",
                                "partsupp.ps_supplycost",
                                "partsupp.ps_suppkey",
                                "partsupp.ps_partkey",
                                "supplier.s_suppkey",
                                "nation.n_name"
                              ],
                              "Plans": [
                                {
                                  "Node Type": "Hash Join",
                                  "Parent Relationship": "Outer",
                                  "Parallel Aware": false,
                                  "Async Capable": false,
                                  "Join Type": "Inner",
                                  "Startup Cost": 449.99,
                                  "Total Cost": 14485.7,
                                  "Plan Rows": 16700,
                                  "Plan Width": 126,
                                  "Output": [
                                    "part.p_partkey",
                                    "partsupp.ps_supplycost",
                                    "partsupp.ps_suppkey",
                                    "partsupp.ps_partkey",
                                    "supplier.s_suppkey",
                                    "nation.n_name"
                                  ],
                                  "Inner Unique": true,
                                  "Hash Cond": "(supplier.s_nationkey = nation.n_nationkey)",
                                  "Plans": [
                                    {
                                      "Node Type": "Hash Join",
                                      "Parent Relationship": "Outer",
                                      "Parallel Aware": false,
                                      "Async Capable": false,
                                      "Join Type": "Inner",
                                      "Startup Cost": 448.43,
                                      "Total Cost": 14432.87,
                                      "Plan Rows": 16700,
                                      "Plan Width": 26,
                                      "Output": [
                                        "part.p_partkey",
                                        "partsupp.ps_supplycost",
                                        "partsupp.ps_suppkey",
                                        "partsupp.ps_partkey",
                                        "supplier.s_suppkey",
                                        "supplier.s_nationkey"
                                      ],
                                      "Inner Unique": true,
                                      "Hash Cond": "(partsupp.ps_suppkey = supplier.s_suppkey)",
                                      "Plans": [
                                        {
                                          "Node Type": "Nested Loop",
                                          "Parent Relationship": "Outer",
                                          "Parallel Aware": false,
                                          "Async Capable": false,
                                          "Join Type": "Inner",
                                          "Startup Cost": 0.42,
                                          "Total Cost": 13941.01,
                                          "Plan Rows": 16700,
                                          "Plan Width": 18,
                                          "Output": [
                                            "part.p_partkey",
                                            "partsupp.ps_supplycost",
                                            "partsupp.ps_suppkey",
                                            "partsupp.ps_partkey"
                                          ],
                                          "Inner Unique": false,
                                          "Plans": [
                                            {
                                              "Node Type": "Seq Scan",
                                              "Parent Relationship": "Outer",
                                              "Parallel Aware": true,
                                              "Async Capable": false,
                                              "Relation Name": "part",
                                              "Schema": "public",
                                              "Alias": "part",
                                              "Startup Cost": 0.0,
                                              "Total Cost": 5169.67,
                                              "Plan Rows": 4175,
                                              "Plan Width": 4,
                                              "Output": [
                                                "part.p_partkey",
                                                "part.p_name",
                                                "part.p_mfgr",
                                                "part.p_brand",
                                                "part.p_type",
                                                "part.p_size",
                                                "part.p_container",
                                                "part.p_retailprice",
                                                "part.p_comment"
                                              ],
                                              "Filter": "((part.p_name)::text ~~ '%honeydew%'::text)"
                                            },
                                            {
                                              "Node Type": "Index Scan",
                                              "Parent Relationship": "Inner",
                                              "Parallel Aware": false,
                                              "Async Capable": false,
                                              "Scan Direction": "Forward",
                                              "Index Name": "partsupp_pkey",
                                              "Relation Name": "partsupp",
                                              "Schema": "public",
                                              "Alias": "partsupp",
                                              "Startup Cost": 0.42,
                                              "Total Cost": 2.06,
                                              "Plan Rows": 4,
                                              "Plan Width": 14,
                                              "Output": [
                                                "partsupp.ps_partkey",
                                                "partsupp.ps_suppkey",
                                                "partsupp.ps_availqty",
                                                "partsupp.ps_supplycost",
                                                "partsupp.ps_comment"
                                              ],
                                              "Index Cond": "(partsupp.ps_partkey = part.p_partkey)"
                                            }
                                          ]
                                        },
                                        {
                                          "Node Type": "Hash",
                                          "Parent Relationship": "Inner",
                                          "Parallel Aware": false,
                                          "Async Capable": false,
                                          "Startup Cost": 323.0,
                                          "Total Cost": 323.0,
                                          "Plan Rows": 10000,
                                          "Plan Width": 8,
                                          "Output": [
                                            "supplier.s_suppkey",
                                            "supplier.s_nationkey"
                                          ],
                                          "Plans": [
                                            {
                                              "Node Type": "Seq Scan",
                                              "Parent Relationship": "Outer",
                                              "Parallel Aware": false,
                                              "Async Capable": false,
                                              "Relation Name": "supplier",
                                              "Schema": "public",
                                              "Alias": "supplier",
                                              "Startup Cost": 0.0,
                                              "Total Cost": 323.0,
                                              "Plan Rows": 10000,
                                              "Plan Width": 8,
                                              "Output": [
                                                "supplier.s_suppkey",
                                                "supplier.s_nationkey"
                                              ]
                                            }
                                          ]
                                        }
                                      ]
                                    },
                                    {
                                      "Node Type": "Hash",
                                      "Parent Relationship": "Inner",
                                      "Parallel Aware": false,
                                      "Async Capable": false,
                                      "Startup Cost": 1.25,
                                      "Total Cost": 1.25,
                                      "Plan Rows": 25,
                                      "Plan Width": 108,
                                      "Output": [
                                        "nation.n_name",
                                        "nation.n_nationkey"
                                      ],
                                      "Plans": [
                                        {
                                          "Node Type": "Seq Scan",
                                          "Parent Relationship": "Outer",
                                          "Parallel Aware": false,
                                          "Async Capable": false,
                                          "Relation Name": "nation",
                                          "Schema": "public",
                                          "Alias": "nation",
                                          "Startup Cost": 0.0,
                                          "Total Cost": 1.25,
                                          "Plan Rows": 25,
                                          "Plan Width": 108,
                                          "Output": [
                                            "nation.n_name",
                                            "nation.n_nationkey"
                                          ]
                                        }
                                      ]
                                    }
                                  ]
                                }
                              ]
                            }
                          ]
                        },
                        {
                          "Node Type": "Index Scan",
                          "Parent Relationship": "Inner",
                          "Parallel Aware": false,
                          "Async Capable": false,
                          "Scan Direction": "Forward",
                          "Index Name": "orders_pkey",
                          "Relation Name": "orders",
                          "Schema": "public",
                          "Alias": "orders",
                          "Startup Cost": 0.43,
                          "Total Cost": 0.45,
                          "Plan Rows": 1,
                          "Plan Width": 8,
                          "Output": [
                            "orders.o_orderkey",
                            "orders.o_custkey",
                            "orders.o_orderstatus",
                            "orders.o_totalprice",
                            "orders.o_orderdate",
                            "orders.o_orderpriority",
                            "orders.o_clerk",
                            "orders.o_shippriority",
                            "orders.o_comment"
                          ],
                          "Index Cond": "(orders.o_orderkey = lineitem.l_orderkey)"
                        }
                      ]
                    }
                  ]
                }
              ]
            }
          ]
        }
      ]
    },
    "JIT": {
      "Functions": 43,
      "Options": {
        "Inlining": false,
        "Optimization": false,
        "Expressions": true,
        "Deforming": true
      }
    }
  }
]
```

---

## 150. Q9_9_seed_65632248.sql

**File Path:** `/Users/brunowinter2000/Documents/Thesis/2025_2026/Plan-Level/Generated_Queries/Q9/Q9_9_seed_65632248.sql`

### EXPLAIN JSON

```json
[
  {
    "Plan": {
      "Node Type": "Sort",
      "Parallel Aware": false,
      "Async Capable": false,
      "Startup Cost": 221184.19,
      "Total Cost": 221334.56,
      "Plan Rows": 60150,
      "Plan Width": 168,
      "Output": [
        "nation.n_name",
        "(EXTRACT(year FROM orders.o_orderdate))",
        "(sum(((lineitem.l_extendedprice * ('1'::numeric - lineitem.l_discount)) - (partsupp.ps_supplycost * lineitem.l_quantity))))"
      ],
      "Sort Key": [
        "nation.n_name",
        "(EXTRACT(year FROM orders.o_orderdate)) DESC"
      ],
      "Plans": [
        {
          "Node Type": "Aggregate",
          "Strategy": "Hashed",
          "Partial Mode": "Finalize",
          "Parent Relationship": "Outer",
          "Parallel Aware": false,
          "Async Capable": false,
          "Startup Cost": 215507.15,
          "Total Cost": 216409.4,
          "Plan Rows": 60150,
          "Plan Width": 168,
          "Output": [
            "nation.n_name",
            "(EXTRACT(year FROM orders.o_orderdate))",
            "sum(((lineitem.l_extendedprice * ('1'::numeric - lineitem.l_discount)) - (partsupp.ps_supplycost * lineitem.l_quantity)))"
          ],
          "Group Key": [
            "nation.n_name",
            "(EXTRACT(year FROM orders.o_orderdate))"
          ],
          "Planned Partitions": 0,
          "Plans": [
            {
              "Node Type": "Gather",
              "Parent Relationship": "Outer",
              "Parallel Aware": false,
              "Async Capable": false,
              "Startup Cost": 181522.4,
              "Total Cost": 212499.65,
              "Plan Rows": 300750,
              "Plan Width": 168,
              "Output": [
                "nation.n_name",
                "(EXTRACT(year FROM orders.o_orderdate))",
                "(PARTIAL sum(((lineitem.l_extendedprice * ('1'::numeric - lineitem.l_discount)) - (partsupp.ps_supplycost * lineitem.l_quantity))))"
              ],
              "Workers Planned": 5,
              "Single Copy": false,
              "Plans": [
                {
                  "Node Type": "Aggregate",
                  "Strategy": "Hashed",
                  "Partial Mode": "Partial",
                  "Parent Relationship": "Outer",
                  "Parallel Aware": false,
                  "Async Capable": false,
                  "Startup Cost": 180522.4,
                  "Total Cost": 181424.65,
                  "Plan Rows": 60150,
                  "Plan Width": 168,
                  "Output": [
                    "nation.n_name",
                    "(EXTRACT(year FROM orders.o_orderdate))",
                    "PARTIAL sum(((lineitem.l_extendedprice * ('1'::numeric - lineitem.l_discount)) - (partsupp.ps_supplycost * lineitem.l_quantity)))"
                  ],
                  "Group Key": [
                    "nation.n_name",
                    "EXTRACT(year FROM orders.o_orderdate)"
                  ],
                  "Planned Partitions": 0,
                  "Plans": [
                    {
                      "Node Type": "Nested Loop",
                      "Parent Relationship": "Outer",
                      "Parallel Aware": false,
                      "Async Capable": false,
                      "Join Type": "Inner",
                      "Startup Cost": 15229.13,
                      "Total Cost": 179343.84,
                      "Plan Rows": 67346,
                      "Plan Width": 159,
                      "Output": [
                        "nation.n_name",
                        "EXTRACT(year FROM orders.o_orderdate)",
                        "lineitem.l_extendedprice",
                        "lineitem.l_discount",
                        "partsupp.ps_supplycost",
                        "lineitem.l_quantity"
                      ],
                      "Inner Unique": true,
                      "Plans": [
                        {
                          "Node Type": "Hash Join",
                          "Parent Relationship": "Outer",
                          "Parallel Aware": true,
                          "Async Capable": false,
                          "Join Type": "Inner",
                          "Startup Cost": 15228.71,
                          "Total Cost": 148833.07,
                          "Plan Rows": 67346,
                          "Plan Width": 131,
                          "Output": [
                            "lineitem.l_extendedprice",
                            "lineitem.l_discount",
                            "lineitem.l_quantity",
                            "lineitem.l_orderkey",
                            "partsupp.ps_supplycost",
                            "nation.n_name"
                          ],
                          "Inner Unique": false,
                          "Hash Cond": "((lineitem.l_suppkey = supplier.s_suppkey) AND (lineitem.l_partkey = partsupp.ps_partkey))",
                          "Plans": [
                            {
                              "Node Type": "Seq Scan",
                              "Parent Relationship": "Outer",
                              "Parallel Aware": true,
                              "Async Capable": false,
                              "Relation Name": "lineitem",
                              "Schema": "public",
                              "Alias": "lineitem",
                              "Startup Cost": 0.0,
                              "Total Cost": 124602.43,
                              "Plan Rows": 1200243,
                              "Plan Width": 29,
                              "Output": [
                                "lineitem.l_orderkey",
                                "lineitem.l_partkey",
                                "lineitem.l_suppkey",
                                "lineitem.l_linenumber",
                                "lineitem.l_quantity",
                                "lineitem.l_extendedprice",
                                "lineitem.l_discount",
                                "lineitem.l_tax",
                                "lineitem.l_returnflag",
                                "lineitem.l_linestatus",
                                "lineitem.l_shipdate",
                                "lineitem.l_commitdate",
                                "lineitem.l_receiptdate",
                                "lineitem.l_shipinstruct",
                                "lineitem.l_shipmode",
                                "lineitem.l_comment"
                              ]
                            },
                            {
                              "Node Type": "Hash",
                              "Parent Relationship": "Inner",
                              "Parallel Aware": true,
                              "Async Capable": false,
                              "Startup Cost": 14948.16,
                              "Total Cost": 14948.16,
                              "Plan Rows": 18703,
                              "Plan Width": 126,
                              "Output": [
                                "part.p_partkey",
                                "partsupp.ps_supplycost",
                                "partsupp.ps_suppkey",
                                "partsupp.ps_partkey",
                                "supplier.s_suppkey",
                                "nation.n_name"
                              ],
                              "Plans": [
                                {
                                  "Node Type": "Hash Join",
                                  "Parent Relationship": "Outer",
                                  "Parallel Aware": false,
                                  "Async Capable": false,
                                  "Join Type": "Inner",
                                  "Startup Cost": 449.99,
                                  "Total Cost": 14948.16,
                                  "Plan Rows": 18703,
                                  "Plan Width": 126,
                                  "Output": [
                                    "part.p_partkey",
                                    "partsupp.ps_supplycost",
                                    "partsupp.ps_suppkey",
                                    "partsupp.ps_partkey",
                                    "supplier.s_suppkey",
                                    "nation.n_name"
                                  ],
                                  "Inner Unique": true,
                                  "Hash Cond": "(supplier.s_nationkey = nation.n_nationkey)",
                                  "Plans": [
                                    {
                                      "Node Type": "Hash Join",
                                      "Parent Relationship": "Outer",
                                      "Parallel Aware": false,
                                      "Async Capable": false,
                                      "Join Type": "Inner",
                                      "Startup Cost": 448.43,
                                      "Total Cost": 14889.18,
                                      "Plan Rows": 18703,
                                      "Plan Width": 26,
                                      "Output": [
                                        "part.p_partkey",
                                        "partsupp.ps_supplycost",
                                        "partsupp.ps_suppkey",
                                        "partsupp.ps_partkey",
                                        "supplier.s_suppkey",
                                        "supplier.s_nationkey"
                                      ],
                                      "Inner Unique": true,
                                      "Hash Cond": "(partsupp.ps_suppkey = supplier.s_suppkey)",
                                      "Plans": [
                                        {
                                          "Node Type": "Nested Loop",
                                          "Parent Relationship": "Outer",
                                          "Parallel Aware": false,
                                          "Async Capable": false,
                                          "Join Type": "Inner",
                                          "Startup Cost": 0.42,
                                          "Total Cost": 14392.06,
                                          "Plan Rows": 18703,
                                          "Plan Width": 18,
                                          "Output": [
                                            "part.p_partkey",
                                            "partsupp.ps_supplycost",
                                            "partsupp.ps_suppkey",
                                            "partsupp.ps_partkey"
                                          ],
                                          "Inner Unique": false,
                                          "Plans": [
                                            {
                                              "Node Type": "Seq Scan",
                                              "Parent Relationship": "Outer",
                                              "Parallel Aware": true,
                                              "Async Capable": false,
                                              "Relation Name": "part",
                                              "Schema": "public",
                                              "Alias": "part",
                                              "Startup Cost": 0.0,
                                              "Total Cost": 5169.67,
                                              "Plan Rows": 4676,
                                              "Plan Width": 4,
                                              "Output": [
                                                "part.p_partkey",
                                                "part.p_name",
                                                "part.p_mfgr",
                                                "part.p_brand",
                                                "part.p_type",
                                                "part.p_size",
                                                "part.p_container",
                                                "part.p_retailprice",
                                                "part.p_comment"
                                              ],
                                              "Filter": "((part.p_name)::text ~~ '%turquoise%'::text)"
                                            },
                                            {
                                              "Node Type": "Index Scan",
                                              "Parent Relationship": "Inner",
                                              "Parallel Aware": false,
                                              "Async Capable": false,
                                              "Scan Direction": "Forward",
                                              "Index Name": "partsupp_pkey",
                                              "Relation Name": "partsupp",
                                              "Schema": "public",
                                              "Alias": "partsupp",
                                              "Startup Cost": 0.42,
                                              "Total Cost": 1.93,
                                              "Plan Rows": 4,
                                              "Plan Width": 14,
                                              "Output": [
                                                "partsupp.ps_partkey",
                                                "partsupp.ps_suppkey",
                                                "partsupp.ps_availqty",
                                                "partsupp.ps_supplycost",
                                                "partsupp.ps_comment"
                                              ],
                                              "Index Cond": "(partsupp.ps_partkey = part.p_partkey)"
                                            }
                                          ]
                                        },
                                        {
                                          "Node Type": "Hash",
                                          "Parent Relationship": "Inner",
                                          "Parallel Aware": false,
                                          "Async Capable": false,
                                          "Startup Cost": 323.0,
                                          "Total Cost": 323.0,
                                          "Plan Rows": 10000,
                                          "Plan Width": 8,
                                          "Output": [
                                            "supplier.s_suppkey",
                                            "supplier.s_nationkey"
                                          ],
                                          "Plans": [
                                            {
                                              "Node Type": "Seq Scan",
                                              "Parent Relationship": "Outer",
                                              "Parallel Aware": false,
                                              "Async Capable": false,
                                              "Relation Name": "supplier",
                                              "Schema": "public",
                                              "Alias": "supplier",
                                              "Startup Cost": 0.0,
                                              "Total Cost": 323.0,
                                              "Plan Rows": 10000,
                                              "Plan Width": 8,
                                              "Output": [
                                                "supplier.s_suppkey",
                                                "supplier.s_nationkey"
                                              ]
                                            }
                                          ]
                                        }
                                      ]
                                    },
                                    {
                                      "Node Type": "Hash",
                                      "Parent Relationship": "Inner",
                                      "Parallel Aware": false,
                                      "Async Capable": false,
                                      "Startup Cost": 1.25,
                                      "Total Cost": 1.25,
                                      "Plan Rows": 25,
                                      "Plan Width": 108,
                                      "Output": [
                                        "nation.n_name",
                                        "nation.n_nationkey"
                                      ],
                                      "Plans": [
                                        {
                                          "Node Type": "Seq Scan",
                                          "Parent Relationship": "Outer",
                                          "Parallel Aware": false,
                                          "Async Capable": false,
                                          "Relation Name": "nation",
                                          "Schema": "public",
                                          "Alias": "nation",
                                          "Startup Cost": 0.0,
                                          "Total Cost": 1.25,
                                          "Plan Rows": 25,
                                          "Plan Width": 108,
                                          "Output": [
                                            "nation.n_name",
                                            "nation.n_nationkey"
                                          ]
                                        }
                                      ]
                                    }
                                  ]
                                }
                              ]
                            }
                          ]
                        },
                        {
                          "Node Type": "Index Scan",
                          "Parent Relationship": "Inner",
                          "Parallel Aware": false,
                          "Async Capable": false,
                          "Scan Direction": "Forward",
                          "Index Name": "orders_pkey",
                          "Relation Name": "orders",
                          "Schema": "public",
                          "Alias": "orders",
                          "Startup Cost": 0.43,
                          "Total Cost": 0.45,
                          "Plan Rows": 1,
                          "Plan Width": 8,
                          "Output": [
                            "orders.o_orderkey",
                            "orders.o_custkey",
                            "orders.o_orderstatus",
                            "orders.o_totalprice",
                            "orders.o_orderdate",
                            "orders.o_orderpriority",
                            "orders.o_clerk",
                            "orders.o_shippriority",
                            "orders.o_comment"
                          ],
                          "Index Cond": "(orders.o_orderkey = lineitem.l_orderkey)"
                        }
                      ]
                    }
                  ]
                }
              ]
            }
          ]
        }
      ]
    },
    "JIT": {
      "Functions": 43,
      "Options": {
        "Inlining": false,
        "Optimization": false,
        "Expressions": true,
        "Deforming": true
      }
    }
  }
]
```

---

